[2023-12-07T16:49:44.868+0000] {processor.py:157} INFO - Started process (PID=4996) to work on /home/ubuntu/ec2_customer_chum_venv/lib/python3.10/site-packages/airflow/example_dags/example_branch_operator_decorator.py
[2023-12-07T16:49:44.869+0000] {processor.py:829} INFO - Processing file /home/ubuntu/ec2_customer_chum_venv/lib/python3.10/site-packages/airflow/example_dags/example_branch_operator_decorator.py for tasks to queue
[2023-12-07T16:49:44.870+0000] {logging_mixin.py:154} INFO - [2023-12-07T16:49:44.870+0000] {dagbag.py:536} INFO - Filling up the DagBag from /home/ubuntu/ec2_customer_chum_venv/lib/python3.10/site-packages/airflow/example_dags/example_branch_operator_decorator.py
[2023-12-07T16:49:44.881+0000] {processor.py:839} INFO - DAG(s) dict_keys(['example_branch_python_operator_decorator']) retrieved from /home/ubuntu/ec2_customer_chum_venv/lib/python3.10/site-packages/airflow/example_dags/example_branch_operator_decorator.py
[2023-12-07T16:49:44.999+0000] {logging_mixin.py:154} INFO - [2023-12-07T16:49:44.999+0000] {manager.py:499} INFO - Created Permission View: %s
[2023-12-07T16:49:45.024+0000] {logging_mixin.py:154} INFO - [2023-12-07T16:49:45.024+0000] {manager.py:499} INFO - Created Permission View: %s
[2023-12-07T16:49:45.040+0000] {logging_mixin.py:154} INFO - [2023-12-07T16:49:45.040+0000] {manager.py:499} INFO - Created Permission View: %s
[2023-12-07T16:49:45.041+0000] {logging_mixin.py:154} INFO - [2023-12-07T16:49:45.040+0000] {dag.py:2941} INFO - Sync 1 DAGs
[2023-12-07T16:49:45.053+0000] {logging_mixin.py:154} INFO - [2023-12-07T16:49:45.052+0000] {dag.py:2963} INFO - Creating ORM DAG for example_branch_python_operator_decorator
[2023-12-07T16:49:45.064+0000] {logging_mixin.py:154} INFO - [2023-12-07T16:49:45.064+0000] {dag.py:3722} INFO - Setting next_dagrun for example_branch_python_operator_decorator to 2023-12-06T00:00:00+00:00, run_after=2023-12-07T00:00:00+00:00
[2023-12-07T16:49:45.091+0000] {processor.py:179} INFO - Processing /home/ubuntu/ec2_customer_chum_venv/lib/python3.10/site-packages/airflow/example_dags/example_branch_operator_decorator.py took 0.226 seconds
[2023-12-07T16:50:38.830+0000] {processor.py:157} INFO - Started process (PID=5049) to work on /home/ubuntu/ec2_customer_chum_venv/lib/python3.10/site-packages/airflow/example_dags/example_branch_operator_decorator.py
[2023-12-07T16:50:38.832+0000] {processor.py:829} INFO - Processing file /home/ubuntu/ec2_customer_chum_venv/lib/python3.10/site-packages/airflow/example_dags/example_branch_operator_decorator.py for tasks to queue
[2023-12-07T16:50:38.833+0000] {logging_mixin.py:154} INFO - [2023-12-07T16:50:38.832+0000] {dagbag.py:536} INFO - Filling up the DagBag from /home/ubuntu/ec2_customer_chum_venv/lib/python3.10/site-packages/airflow/example_dags/example_branch_operator_decorator.py
[2023-12-07T16:50:38.844+0000] {processor.py:839} INFO - DAG(s) dict_keys(['example_branch_python_operator_decorator']) retrieved from /home/ubuntu/ec2_customer_chum_venv/lib/python3.10/site-packages/airflow/example_dags/example_branch_operator_decorator.py
[2023-12-07T16:50:38.863+0000] {logging_mixin.py:154} INFO - [2023-12-07T16:50:38.863+0000] {dag.py:2941} INFO - Sync 1 DAGs
[2023-12-07T16:50:38.885+0000] {logging_mixin.py:154} INFO - [2023-12-07T16:50:38.885+0000] {dag.py:3722} INFO - Setting next_dagrun for example_branch_python_operator_decorator to 2023-12-06T00:00:00+00:00, run_after=2023-12-07T00:00:00+00:00
[2023-12-07T16:50:38.909+0000] {processor.py:179} INFO - Processing /home/ubuntu/ec2_customer_chum_venv/lib/python3.10/site-packages/airflow/example_dags/example_branch_operator_decorator.py took 0.082 seconds
[2023-12-07T16:51:27.118+0000] {processor.py:157} INFO - Started process (PID=5099) to work on /home/ubuntu/ec2_customer_chum_venv/lib/python3.10/site-packages/airflow/example_dags/example_branch_operator_decorator.py
[2023-12-07T16:51:27.119+0000] {processor.py:829} INFO - Processing file /home/ubuntu/ec2_customer_chum_venv/lib/python3.10/site-packages/airflow/example_dags/example_branch_operator_decorator.py for tasks to queue
[2023-12-07T16:51:27.120+0000] {logging_mixin.py:154} INFO - [2023-12-07T16:51:27.119+0000] {dagbag.py:536} INFO - Filling up the DagBag from /home/ubuntu/ec2_customer_chum_venv/lib/python3.10/site-packages/airflow/example_dags/example_branch_operator_decorator.py
[2023-12-07T16:51:27.131+0000] {processor.py:839} INFO - DAG(s) dict_keys(['example_branch_python_operator_decorator']) retrieved from /home/ubuntu/ec2_customer_chum_venv/lib/python3.10/site-packages/airflow/example_dags/example_branch_operator_decorator.py
[2023-12-07T16:51:27.152+0000] {logging_mixin.py:154} INFO - [2023-12-07T16:51:27.152+0000] {dag.py:2941} INFO - Sync 1 DAGs
[2023-12-07T16:51:27.175+0000] {logging_mixin.py:154} INFO - [2023-12-07T16:51:27.174+0000] {dag.py:3722} INFO - Setting next_dagrun for example_branch_python_operator_decorator to 2023-12-06T00:00:00+00:00, run_after=2023-12-07T00:00:00+00:00
[2023-12-07T16:51:27.198+0000] {processor.py:179} INFO - Processing /home/ubuntu/ec2_customer_chum_venv/lib/python3.10/site-packages/airflow/example_dags/example_branch_operator_decorator.py took 0.084 seconds
[2023-12-07T16:52:16.820+0000] {processor.py:157} INFO - Started process (PID=5152) to work on /home/ubuntu/ec2_customer_chum_venv/lib/python3.10/site-packages/airflow/example_dags/example_branch_operator_decorator.py
[2023-12-07T16:52:16.822+0000] {processor.py:829} INFO - Processing file /home/ubuntu/ec2_customer_chum_venv/lib/python3.10/site-packages/airflow/example_dags/example_branch_operator_decorator.py for tasks to queue
[2023-12-07T16:52:16.822+0000] {logging_mixin.py:154} INFO - [2023-12-07T16:52:16.822+0000] {dagbag.py:536} INFO - Filling up the DagBag from /home/ubuntu/ec2_customer_chum_venv/lib/python3.10/site-packages/airflow/example_dags/example_branch_operator_decorator.py
[2023-12-07T16:52:16.834+0000] {processor.py:839} INFO - DAG(s) dict_keys(['example_branch_python_operator_decorator']) retrieved from /home/ubuntu/ec2_customer_chum_venv/lib/python3.10/site-packages/airflow/example_dags/example_branch_operator_decorator.py
[2023-12-07T16:52:16.854+0000] {logging_mixin.py:154} INFO - [2023-12-07T16:52:16.854+0000] {dag.py:2941} INFO - Sync 1 DAGs
[2023-12-07T16:52:16.876+0000] {logging_mixin.py:154} INFO - [2023-12-07T16:52:16.876+0000] {dag.py:3722} INFO - Setting next_dagrun for example_branch_python_operator_decorator to 2023-12-06T00:00:00+00:00, run_after=2023-12-07T00:00:00+00:00
[2023-12-07T16:52:16.900+0000] {processor.py:179} INFO - Processing /home/ubuntu/ec2_customer_chum_venv/lib/python3.10/site-packages/airflow/example_dags/example_branch_operator_decorator.py took 0.083 seconds
[2023-12-07T16:54:12.512+0000] {processor.py:157} INFO - Started process (PID=5258) to work on /home/ubuntu/ec2_customer_chum_venv/lib/python3.10/site-packages/airflow/example_dags/example_branch_operator_decorator.py
[2023-12-07T16:54:12.513+0000] {processor.py:829} INFO - Processing file /home/ubuntu/ec2_customer_chum_venv/lib/python3.10/site-packages/airflow/example_dags/example_branch_operator_decorator.py for tasks to queue
[2023-12-07T16:54:12.514+0000] {logging_mixin.py:154} INFO - [2023-12-07T16:54:12.514+0000] {dagbag.py:536} INFO - Filling up the DagBag from /home/ubuntu/ec2_customer_chum_venv/lib/python3.10/site-packages/airflow/example_dags/example_branch_operator_decorator.py
[2023-12-07T16:54:12.526+0000] {processor.py:839} INFO - DAG(s) dict_keys(['example_branch_python_operator_decorator']) retrieved from /home/ubuntu/ec2_customer_chum_venv/lib/python3.10/site-packages/airflow/example_dags/example_branch_operator_decorator.py
[2023-12-07T16:54:12.546+0000] {logging_mixin.py:154} INFO - [2023-12-07T16:54:12.546+0000] {dag.py:2941} INFO - Sync 1 DAGs
[2023-12-07T16:54:12.571+0000] {logging_mixin.py:154} INFO - [2023-12-07T16:54:12.570+0000] {dag.py:3722} INFO - Setting next_dagrun for example_branch_python_operator_decorator to 2023-12-06T00:00:00+00:00, run_after=2023-12-07T00:00:00+00:00
[2023-12-07T16:54:12.593+0000] {processor.py:179} INFO - Processing /home/ubuntu/ec2_customer_chum_venv/lib/python3.10/site-packages/airflow/example_dags/example_branch_operator_decorator.py took 0.085 seconds
[2023-12-07T16:54:58.408+0000] {processor.py:157} INFO - Started process (PID=5307) to work on /home/ubuntu/ec2_customer_chum_venv/lib/python3.10/site-packages/airflow/example_dags/example_branch_operator_decorator.py
[2023-12-07T16:54:58.409+0000] {processor.py:829} INFO - Processing file /home/ubuntu/ec2_customer_chum_venv/lib/python3.10/site-packages/airflow/example_dags/example_branch_operator_decorator.py for tasks to queue
[2023-12-07T16:54:58.410+0000] {logging_mixin.py:154} INFO - [2023-12-07T16:54:58.410+0000] {dagbag.py:536} INFO - Filling up the DagBag from /home/ubuntu/ec2_customer_chum_venv/lib/python3.10/site-packages/airflow/example_dags/example_branch_operator_decorator.py
[2023-12-07T16:54:58.422+0000] {processor.py:839} INFO - DAG(s) dict_keys(['example_branch_python_operator_decorator']) retrieved from /home/ubuntu/ec2_customer_chum_venv/lib/python3.10/site-packages/airflow/example_dags/example_branch_operator_decorator.py
[2023-12-07T16:54:58.442+0000] {logging_mixin.py:154} INFO - [2023-12-07T16:54:58.441+0000] {dag.py:2941} INFO - Sync 1 DAGs
[2023-12-07T16:54:58.464+0000] {logging_mixin.py:154} INFO - [2023-12-07T16:54:58.463+0000] {dag.py:3722} INFO - Setting next_dagrun for example_branch_python_operator_decorator to 2023-12-06T00:00:00+00:00, run_after=2023-12-07T00:00:00+00:00
[2023-12-07T16:54:58.487+0000] {processor.py:179} INFO - Processing /home/ubuntu/ec2_customer_chum_venv/lib/python3.10/site-packages/airflow/example_dags/example_branch_operator_decorator.py took 0.083 seconds
[2023-12-07T16:55:43.254+0000] {processor.py:157} INFO - Started process (PID=5355) to work on /home/ubuntu/ec2_customer_chum_venv/lib/python3.10/site-packages/airflow/example_dags/example_branch_operator_decorator.py
[2023-12-07T16:55:43.256+0000] {processor.py:829} INFO - Processing file /home/ubuntu/ec2_customer_chum_venv/lib/python3.10/site-packages/airflow/example_dags/example_branch_operator_decorator.py for tasks to queue
[2023-12-07T16:55:43.256+0000] {logging_mixin.py:154} INFO - [2023-12-07T16:55:43.256+0000] {dagbag.py:536} INFO - Filling up the DagBag from /home/ubuntu/ec2_customer_chum_venv/lib/python3.10/site-packages/airflow/example_dags/example_branch_operator_decorator.py
[2023-12-07T16:55:43.268+0000] {processor.py:839} INFO - DAG(s) dict_keys(['example_branch_python_operator_decorator']) retrieved from /home/ubuntu/ec2_customer_chum_venv/lib/python3.10/site-packages/airflow/example_dags/example_branch_operator_decorator.py
[2023-12-07T16:55:43.288+0000] {logging_mixin.py:154} INFO - [2023-12-07T16:55:43.288+0000] {dag.py:2941} INFO - Sync 1 DAGs
[2023-12-07T16:55:43.311+0000] {logging_mixin.py:154} INFO - [2023-12-07T16:55:43.311+0000] {dag.py:3722} INFO - Setting next_dagrun for example_branch_python_operator_decorator to 2023-12-06T00:00:00+00:00, run_after=2023-12-07T00:00:00+00:00
[2023-12-07T16:55:43.335+0000] {processor.py:179} INFO - Processing /home/ubuntu/ec2_customer_chum_venv/lib/python3.10/site-packages/airflow/example_dags/example_branch_operator_decorator.py took 0.085 seconds
[2023-12-07T16:56:28.457+0000] {processor.py:157} INFO - Started process (PID=5401) to work on /home/ubuntu/ec2_customer_chum_venv/lib/python3.10/site-packages/airflow/example_dags/example_branch_operator_decorator.py
[2023-12-07T16:56:28.459+0000] {processor.py:829} INFO - Processing file /home/ubuntu/ec2_customer_chum_venv/lib/python3.10/site-packages/airflow/example_dags/example_branch_operator_decorator.py for tasks to queue
[2023-12-07T16:56:28.460+0000] {logging_mixin.py:154} INFO - [2023-12-07T16:56:28.459+0000] {dagbag.py:536} INFO - Filling up the DagBag from /home/ubuntu/ec2_customer_chum_venv/lib/python3.10/site-packages/airflow/example_dags/example_branch_operator_decorator.py
[2023-12-07T16:56:28.471+0000] {processor.py:839} INFO - DAG(s) dict_keys(['example_branch_python_operator_decorator']) retrieved from /home/ubuntu/ec2_customer_chum_venv/lib/python3.10/site-packages/airflow/example_dags/example_branch_operator_decorator.py
[2023-12-07T16:56:28.490+0000] {logging_mixin.py:154} INFO - [2023-12-07T16:56:28.489+0000] {dag.py:2941} INFO - Sync 1 DAGs
[2023-12-07T16:56:28.511+0000] {logging_mixin.py:154} INFO - [2023-12-07T16:56:28.511+0000] {dag.py:3722} INFO - Setting next_dagrun for example_branch_python_operator_decorator to 2023-12-06T00:00:00+00:00, run_after=2023-12-07T00:00:00+00:00
[2023-12-07T16:56:28.533+0000] {processor.py:179} INFO - Processing /home/ubuntu/ec2_customer_chum_venv/lib/python3.10/site-packages/airflow/example_dags/example_branch_operator_decorator.py took 0.079 seconds
[2023-12-07T16:57:11.628+0000] {processor.py:157} INFO - Started process (PID=5447) to work on /home/ubuntu/ec2_customer_chum_venv/lib/python3.10/site-packages/airflow/example_dags/example_branch_operator_decorator.py
[2023-12-07T16:57:11.629+0000] {processor.py:829} INFO - Processing file /home/ubuntu/ec2_customer_chum_venv/lib/python3.10/site-packages/airflow/example_dags/example_branch_operator_decorator.py for tasks to queue
[2023-12-07T16:57:11.630+0000] {logging_mixin.py:154} INFO - [2023-12-07T16:57:11.629+0000] {dagbag.py:536} INFO - Filling up the DagBag from /home/ubuntu/ec2_customer_chum_venv/lib/python3.10/site-packages/airflow/example_dags/example_branch_operator_decorator.py
[2023-12-07T16:57:11.641+0000] {processor.py:839} INFO - DAG(s) dict_keys(['example_branch_python_operator_decorator']) retrieved from /home/ubuntu/ec2_customer_chum_venv/lib/python3.10/site-packages/airflow/example_dags/example_branch_operator_decorator.py
[2023-12-07T16:57:11.661+0000] {logging_mixin.py:154} INFO - [2023-12-07T16:57:11.660+0000] {dag.py:2941} INFO - Sync 1 DAGs
[2023-12-07T16:57:11.683+0000] {logging_mixin.py:154} INFO - [2023-12-07T16:57:11.683+0000] {dag.py:3722} INFO - Setting next_dagrun for example_branch_python_operator_decorator to 2023-12-06T00:00:00+00:00, run_after=2023-12-07T00:00:00+00:00
[2023-12-07T16:57:11.704+0000] {processor.py:179} INFO - Processing /home/ubuntu/ec2_customer_chum_venv/lib/python3.10/site-packages/airflow/example_dags/example_branch_operator_decorator.py took 0.080 seconds
[2023-12-07T16:57:55.031+0000] {processor.py:157} INFO - Started process (PID=5493) to work on /home/ubuntu/ec2_customer_chum_venv/lib/python3.10/site-packages/airflow/example_dags/example_branch_operator_decorator.py
[2023-12-07T16:57:55.032+0000] {processor.py:829} INFO - Processing file /home/ubuntu/ec2_customer_chum_venv/lib/python3.10/site-packages/airflow/example_dags/example_branch_operator_decorator.py for tasks to queue
[2023-12-07T16:57:55.033+0000] {logging_mixin.py:154} INFO - [2023-12-07T16:57:55.032+0000] {dagbag.py:536} INFO - Filling up the DagBag from /home/ubuntu/ec2_customer_chum_venv/lib/python3.10/site-packages/airflow/example_dags/example_branch_operator_decorator.py
[2023-12-07T16:57:55.044+0000] {processor.py:839} INFO - DAG(s) dict_keys(['example_branch_python_operator_decorator']) retrieved from /home/ubuntu/ec2_customer_chum_venv/lib/python3.10/site-packages/airflow/example_dags/example_branch_operator_decorator.py
[2023-12-07T16:57:55.063+0000] {logging_mixin.py:154} INFO - [2023-12-07T16:57:55.063+0000] {dag.py:2941} INFO - Sync 1 DAGs
[2023-12-07T16:57:55.085+0000] {logging_mixin.py:154} INFO - [2023-12-07T16:57:55.085+0000] {dag.py:3722} INFO - Setting next_dagrun for example_branch_python_operator_decorator to 2023-12-06T00:00:00+00:00, run_after=2023-12-07T00:00:00+00:00
[2023-12-07T16:57:55.110+0000] {processor.py:179} INFO - Processing /home/ubuntu/ec2_customer_chum_venv/lib/python3.10/site-packages/airflow/example_dags/example_branch_operator_decorator.py took 0.083 seconds
[2023-12-07T16:58:39.768+0000] {processor.py:157} INFO - Started process (PID=5541) to work on /home/ubuntu/ec2_customer_chum_venv/lib/python3.10/site-packages/airflow/example_dags/example_branch_operator_decorator.py
[2023-12-07T16:58:39.770+0000] {processor.py:829} INFO - Processing file /home/ubuntu/ec2_customer_chum_venv/lib/python3.10/site-packages/airflow/example_dags/example_branch_operator_decorator.py for tasks to queue
[2023-12-07T16:58:39.770+0000] {logging_mixin.py:154} INFO - [2023-12-07T16:58:39.770+0000] {dagbag.py:536} INFO - Filling up the DagBag from /home/ubuntu/ec2_customer_chum_venv/lib/python3.10/site-packages/airflow/example_dags/example_branch_operator_decorator.py
[2023-12-07T16:58:39.782+0000] {processor.py:839} INFO - DAG(s) dict_keys(['example_branch_python_operator_decorator']) retrieved from /home/ubuntu/ec2_customer_chum_venv/lib/python3.10/site-packages/airflow/example_dags/example_branch_operator_decorator.py
[2023-12-07T16:58:39.801+0000] {logging_mixin.py:154} INFO - [2023-12-07T16:58:39.801+0000] {dag.py:2941} INFO - Sync 1 DAGs
[2023-12-07T16:58:39.824+0000] {logging_mixin.py:154} INFO - [2023-12-07T16:58:39.823+0000] {dag.py:3722} INFO - Setting next_dagrun for example_branch_python_operator_decorator to 2023-12-06T00:00:00+00:00, run_after=2023-12-07T00:00:00+00:00
[2023-12-07T16:58:39.846+0000] {processor.py:179} INFO - Processing /home/ubuntu/ec2_customer_chum_venv/lib/python3.10/site-packages/airflow/example_dags/example_branch_operator_decorator.py took 0.081 seconds
[2023-12-07T16:59:22.909+0000] {processor.py:157} INFO - Started process (PID=5585) to work on /home/ubuntu/ec2_customer_chum_venv/lib/python3.10/site-packages/airflow/example_dags/example_branch_operator_decorator.py
[2023-12-07T16:59:22.911+0000] {processor.py:829} INFO - Processing file /home/ubuntu/ec2_customer_chum_venv/lib/python3.10/site-packages/airflow/example_dags/example_branch_operator_decorator.py for tasks to queue
[2023-12-07T16:59:22.911+0000] {logging_mixin.py:154} INFO - [2023-12-07T16:59:22.911+0000] {dagbag.py:536} INFO - Filling up the DagBag from /home/ubuntu/ec2_customer_chum_venv/lib/python3.10/site-packages/airflow/example_dags/example_branch_operator_decorator.py
[2023-12-07T16:59:22.923+0000] {processor.py:839} INFO - DAG(s) dict_keys(['example_branch_python_operator_decorator']) retrieved from /home/ubuntu/ec2_customer_chum_venv/lib/python3.10/site-packages/airflow/example_dags/example_branch_operator_decorator.py
[2023-12-07T16:59:22.943+0000] {logging_mixin.py:154} INFO - [2023-12-07T16:59:22.943+0000] {dag.py:2941} INFO - Sync 1 DAGs
[2023-12-07T16:59:22.967+0000] {logging_mixin.py:154} INFO - [2023-12-07T16:59:22.967+0000] {dag.py:3722} INFO - Setting next_dagrun for example_branch_python_operator_decorator to 2023-12-06T00:00:00+00:00, run_after=2023-12-07T00:00:00+00:00
[2023-12-07T16:59:22.989+0000] {processor.py:179} INFO - Processing /home/ubuntu/ec2_customer_chum_venv/lib/python3.10/site-packages/airflow/example_dags/example_branch_operator_decorator.py took 0.084 seconds
[2023-12-07T17:00:07.516+0000] {processor.py:157} INFO - Started process (PID=5631) to work on /home/ubuntu/ec2_customer_chum_venv/lib/python3.10/site-packages/airflow/example_dags/example_branch_operator_decorator.py
[2023-12-07T17:00:07.518+0000] {processor.py:829} INFO - Processing file /home/ubuntu/ec2_customer_chum_venv/lib/python3.10/site-packages/airflow/example_dags/example_branch_operator_decorator.py for tasks to queue
[2023-12-07T17:00:07.518+0000] {logging_mixin.py:154} INFO - [2023-12-07T17:00:07.518+0000] {dagbag.py:536} INFO - Filling up the DagBag from /home/ubuntu/ec2_customer_chum_venv/lib/python3.10/site-packages/airflow/example_dags/example_branch_operator_decorator.py
[2023-12-07T17:00:07.530+0000] {processor.py:839} INFO - DAG(s) dict_keys(['example_branch_python_operator_decorator']) retrieved from /home/ubuntu/ec2_customer_chum_venv/lib/python3.10/site-packages/airflow/example_dags/example_branch_operator_decorator.py
[2023-12-07T17:00:07.551+0000] {logging_mixin.py:154} INFO - [2023-12-07T17:00:07.550+0000] {dag.py:2941} INFO - Sync 1 DAGs
[2023-12-07T17:00:07.574+0000] {logging_mixin.py:154} INFO - [2023-12-07T17:00:07.574+0000] {dag.py:3722} INFO - Setting next_dagrun for example_branch_python_operator_decorator to 2023-12-06T00:00:00+00:00, run_after=2023-12-07T00:00:00+00:00
[2023-12-07T17:00:07.597+0000] {processor.py:179} INFO - Processing /home/ubuntu/ec2_customer_chum_venv/lib/python3.10/site-packages/airflow/example_dags/example_branch_operator_decorator.py took 0.084 seconds
[2023-12-07T17:00:56.022+0000] {processor.py:157} INFO - Started process (PID=5681) to work on /home/ubuntu/ec2_customer_chum_venv/lib/python3.10/site-packages/airflow/example_dags/example_branch_operator_decorator.py
[2023-12-07T17:00:56.024+0000] {processor.py:829} INFO - Processing file /home/ubuntu/ec2_customer_chum_venv/lib/python3.10/site-packages/airflow/example_dags/example_branch_operator_decorator.py for tasks to queue
[2023-12-07T17:00:56.025+0000] {logging_mixin.py:154} INFO - [2023-12-07T17:00:56.024+0000] {dagbag.py:536} INFO - Filling up the DagBag from /home/ubuntu/ec2_customer_chum_venv/lib/python3.10/site-packages/airflow/example_dags/example_branch_operator_decorator.py
[2023-12-07T17:00:56.036+0000] {processor.py:839} INFO - DAG(s) dict_keys(['example_branch_python_operator_decorator']) retrieved from /home/ubuntu/ec2_customer_chum_venv/lib/python3.10/site-packages/airflow/example_dags/example_branch_operator_decorator.py
[2023-12-07T17:00:56.057+0000] {logging_mixin.py:154} INFO - [2023-12-07T17:00:56.057+0000] {dag.py:2941} INFO - Sync 1 DAGs
[2023-12-07T17:00:56.080+0000] {logging_mixin.py:154} INFO - [2023-12-07T17:00:56.080+0000] {dag.py:3722} INFO - Setting next_dagrun for example_branch_python_operator_decorator to 2023-12-06T00:00:00+00:00, run_after=2023-12-07T00:00:00+00:00
[2023-12-07T17:00:56.103+0000] {processor.py:179} INFO - Processing /home/ubuntu/ec2_customer_chum_venv/lib/python3.10/site-packages/airflow/example_dags/example_branch_operator_decorator.py took 0.084 seconds
[2023-12-07T17:01:41.984+0000] {processor.py:157} INFO - Started process (PID=5728) to work on /home/ubuntu/ec2_customer_chum_venv/lib/python3.10/site-packages/airflow/example_dags/example_branch_operator_decorator.py
[2023-12-07T17:01:41.985+0000] {processor.py:829} INFO - Processing file /home/ubuntu/ec2_customer_chum_venv/lib/python3.10/site-packages/airflow/example_dags/example_branch_operator_decorator.py for tasks to queue
[2023-12-07T17:01:41.986+0000] {logging_mixin.py:154} INFO - [2023-12-07T17:01:41.986+0000] {dagbag.py:536} INFO - Filling up the DagBag from /home/ubuntu/ec2_customer_chum_venv/lib/python3.10/site-packages/airflow/example_dags/example_branch_operator_decorator.py
[2023-12-07T17:01:41.997+0000] {processor.py:839} INFO - DAG(s) dict_keys(['example_branch_python_operator_decorator']) retrieved from /home/ubuntu/ec2_customer_chum_venv/lib/python3.10/site-packages/airflow/example_dags/example_branch_operator_decorator.py
[2023-12-07T17:01:42.018+0000] {logging_mixin.py:154} INFO - [2023-12-07T17:01:42.018+0000] {dag.py:2941} INFO - Sync 1 DAGs
[2023-12-07T17:01:42.042+0000] {logging_mixin.py:154} INFO - [2023-12-07T17:01:42.041+0000] {dag.py:3722} INFO - Setting next_dagrun for example_branch_python_operator_decorator to 2023-12-06T00:00:00+00:00, run_after=2023-12-07T00:00:00+00:00
[2023-12-07T17:01:42.064+0000] {processor.py:179} INFO - Processing /home/ubuntu/ec2_customer_chum_venv/lib/python3.10/site-packages/airflow/example_dags/example_branch_operator_decorator.py took 0.084 seconds
[2023-12-07T17:02:30.544+0000] {processor.py:157} INFO - Started process (PID=5776) to work on /home/ubuntu/ec2_customer_chum_venv/lib/python3.10/site-packages/airflow/example_dags/example_branch_operator_decorator.py
[2023-12-07T17:02:30.545+0000] {processor.py:829} INFO - Processing file /home/ubuntu/ec2_customer_chum_venv/lib/python3.10/site-packages/airflow/example_dags/example_branch_operator_decorator.py for tasks to queue
[2023-12-07T17:02:30.546+0000] {logging_mixin.py:154} INFO - [2023-12-07T17:02:30.546+0000] {dagbag.py:536} INFO - Filling up the DagBag from /home/ubuntu/ec2_customer_chum_venv/lib/python3.10/site-packages/airflow/example_dags/example_branch_operator_decorator.py
[2023-12-07T17:02:30.557+0000] {processor.py:839} INFO - DAG(s) dict_keys(['example_branch_python_operator_decorator']) retrieved from /home/ubuntu/ec2_customer_chum_venv/lib/python3.10/site-packages/airflow/example_dags/example_branch_operator_decorator.py
[2023-12-07T17:02:30.577+0000] {logging_mixin.py:154} INFO - [2023-12-07T17:02:30.577+0000] {dag.py:2941} INFO - Sync 1 DAGs
[2023-12-07T17:02:30.599+0000] {logging_mixin.py:154} INFO - [2023-12-07T17:02:30.599+0000] {dag.py:3722} INFO - Setting next_dagrun for example_branch_python_operator_decorator to 2023-12-06T00:00:00+00:00, run_after=2023-12-07T00:00:00+00:00
[2023-12-07T17:02:30.623+0000] {processor.py:179} INFO - Processing /home/ubuntu/ec2_customer_chum_venv/lib/python3.10/site-packages/airflow/example_dags/example_branch_operator_decorator.py took 0.082 seconds
[2023-12-07T17:03:18.812+0000] {processor.py:157} INFO - Started process (PID=5824) to work on /home/ubuntu/ec2_customer_chum_venv/lib/python3.10/site-packages/airflow/example_dags/example_branch_operator_decorator.py
[2023-12-07T17:03:18.814+0000] {processor.py:829} INFO - Processing file /home/ubuntu/ec2_customer_chum_venv/lib/python3.10/site-packages/airflow/example_dags/example_branch_operator_decorator.py for tasks to queue
[2023-12-07T17:03:18.815+0000] {logging_mixin.py:154} INFO - [2023-12-07T17:03:18.814+0000] {dagbag.py:536} INFO - Filling up the DagBag from /home/ubuntu/ec2_customer_chum_venv/lib/python3.10/site-packages/airflow/example_dags/example_branch_operator_decorator.py
[2023-12-07T17:03:18.826+0000] {processor.py:839} INFO - DAG(s) dict_keys(['example_branch_python_operator_decorator']) retrieved from /home/ubuntu/ec2_customer_chum_venv/lib/python3.10/site-packages/airflow/example_dags/example_branch_operator_decorator.py
[2023-12-07T17:03:18.846+0000] {logging_mixin.py:154} INFO - [2023-12-07T17:03:18.845+0000] {dag.py:2941} INFO - Sync 1 DAGs
[2023-12-07T17:03:18.868+0000] {logging_mixin.py:154} INFO - [2023-12-07T17:03:18.867+0000] {dag.py:3722} INFO - Setting next_dagrun for example_branch_python_operator_decorator to 2023-12-06T00:00:00+00:00, run_after=2023-12-07T00:00:00+00:00
[2023-12-07T17:03:18.891+0000] {processor.py:179} INFO - Processing /home/ubuntu/ec2_customer_chum_venv/lib/python3.10/site-packages/airflow/example_dags/example_branch_operator_decorator.py took 0.082 seconds
[2023-12-07T17:04:02.230+0000] {processor.py:157} INFO - Started process (PID=5870) to work on /home/ubuntu/ec2_customer_chum_venv/lib/python3.10/site-packages/airflow/example_dags/example_branch_operator_decorator.py
[2023-12-07T17:04:02.231+0000] {processor.py:829} INFO - Processing file /home/ubuntu/ec2_customer_chum_venv/lib/python3.10/site-packages/airflow/example_dags/example_branch_operator_decorator.py for tasks to queue
[2023-12-07T17:04:02.232+0000] {logging_mixin.py:154} INFO - [2023-12-07T17:04:02.232+0000] {dagbag.py:536} INFO - Filling up the DagBag from /home/ubuntu/ec2_customer_chum_venv/lib/python3.10/site-packages/airflow/example_dags/example_branch_operator_decorator.py
[2023-12-07T17:04:02.244+0000] {processor.py:839} INFO - DAG(s) dict_keys(['example_branch_python_operator_decorator']) retrieved from /home/ubuntu/ec2_customer_chum_venv/lib/python3.10/site-packages/airflow/example_dags/example_branch_operator_decorator.py
[2023-12-07T17:04:02.265+0000] {logging_mixin.py:154} INFO - [2023-12-07T17:04:02.264+0000] {dag.py:2941} INFO - Sync 1 DAGs
[2023-12-07T17:04:02.289+0000] {logging_mixin.py:154} INFO - [2023-12-07T17:04:02.288+0000] {dag.py:3722} INFO - Setting next_dagrun for example_branch_python_operator_decorator to 2023-12-06T00:00:00+00:00, run_after=2023-12-07T00:00:00+00:00
[2023-12-07T17:04:02.312+0000] {processor.py:179} INFO - Processing /home/ubuntu/ec2_customer_chum_venv/lib/python3.10/site-packages/airflow/example_dags/example_branch_operator_decorator.py took 0.086 seconds
[2023-12-07T17:04:49.822+0000] {processor.py:157} INFO - Started process (PID=5921) to work on /home/ubuntu/ec2_customer_chum_venv/lib/python3.10/site-packages/airflow/example_dags/example_branch_operator_decorator.py
[2023-12-07T17:04:49.824+0000] {processor.py:829} INFO - Processing file /home/ubuntu/ec2_customer_chum_venv/lib/python3.10/site-packages/airflow/example_dags/example_branch_operator_decorator.py for tasks to queue
[2023-12-07T17:04:49.824+0000] {logging_mixin.py:154} INFO - [2023-12-07T17:04:49.824+0000] {dagbag.py:536} INFO - Filling up the DagBag from /home/ubuntu/ec2_customer_chum_venv/lib/python3.10/site-packages/airflow/example_dags/example_branch_operator_decorator.py
[2023-12-07T17:04:49.836+0000] {processor.py:839} INFO - DAG(s) dict_keys(['example_branch_python_operator_decorator']) retrieved from /home/ubuntu/ec2_customer_chum_venv/lib/python3.10/site-packages/airflow/example_dags/example_branch_operator_decorator.py
[2023-12-07T17:04:49.856+0000] {logging_mixin.py:154} INFO - [2023-12-07T17:04:49.856+0000] {dag.py:2941} INFO - Sync 1 DAGs
[2023-12-07T17:04:49.878+0000] {logging_mixin.py:154} INFO - [2023-12-07T17:04:49.878+0000] {dag.py:3722} INFO - Setting next_dagrun for example_branch_python_operator_decorator to 2023-12-06T00:00:00+00:00, run_after=2023-12-07T00:00:00+00:00
[2023-12-07T17:04:49.902+0000] {processor.py:179} INFO - Processing /home/ubuntu/ec2_customer_chum_venv/lib/python3.10/site-packages/airflow/example_dags/example_branch_operator_decorator.py took 0.083 seconds
[2023-12-07T17:05:33.292+0000] {processor.py:157} INFO - Started process (PID=5967) to work on /home/ubuntu/ec2_customer_chum_venv/lib/python3.10/site-packages/airflow/example_dags/example_branch_operator_decorator.py
[2023-12-07T17:05:33.293+0000] {processor.py:829} INFO - Processing file /home/ubuntu/ec2_customer_chum_venv/lib/python3.10/site-packages/airflow/example_dags/example_branch_operator_decorator.py for tasks to queue
[2023-12-07T17:05:33.294+0000] {logging_mixin.py:154} INFO - [2023-12-07T17:05:33.293+0000] {dagbag.py:536} INFO - Filling up the DagBag from /home/ubuntu/ec2_customer_chum_venv/lib/python3.10/site-packages/airflow/example_dags/example_branch_operator_decorator.py
[2023-12-07T17:05:33.305+0000] {processor.py:839} INFO - DAG(s) dict_keys(['example_branch_python_operator_decorator']) retrieved from /home/ubuntu/ec2_customer_chum_venv/lib/python3.10/site-packages/airflow/example_dags/example_branch_operator_decorator.py
[2023-12-07T17:05:33.324+0000] {logging_mixin.py:154} INFO - [2023-12-07T17:05:33.324+0000] {dag.py:2941} INFO - Sync 1 DAGs
[2023-12-07T17:05:33.346+0000] {logging_mixin.py:154} INFO - [2023-12-07T17:05:33.345+0000] {dag.py:3722} INFO - Setting next_dagrun for example_branch_python_operator_decorator to 2023-12-06T00:00:00+00:00, run_after=2023-12-07T00:00:00+00:00
[2023-12-07T17:05:33.369+0000] {processor.py:179} INFO - Processing /home/ubuntu/ec2_customer_chum_venv/lib/python3.10/site-packages/airflow/example_dags/example_branch_operator_decorator.py took 0.081 seconds
[2023-12-07T17:06:15.273+0000] {processor.py:157} INFO - Started process (PID=6011) to work on /home/ubuntu/ec2_customer_chum_venv/lib/python3.10/site-packages/airflow/example_dags/example_branch_operator_decorator.py
[2023-12-07T17:06:15.275+0000] {processor.py:829} INFO - Processing file /home/ubuntu/ec2_customer_chum_venv/lib/python3.10/site-packages/airflow/example_dags/example_branch_operator_decorator.py for tasks to queue
[2023-12-07T17:06:15.276+0000] {logging_mixin.py:154} INFO - [2023-12-07T17:06:15.275+0000] {dagbag.py:536} INFO - Filling up the DagBag from /home/ubuntu/ec2_customer_chum_venv/lib/python3.10/site-packages/airflow/example_dags/example_branch_operator_decorator.py
[2023-12-07T17:06:15.287+0000] {processor.py:839} INFO - DAG(s) dict_keys(['example_branch_python_operator_decorator']) retrieved from /home/ubuntu/ec2_customer_chum_venv/lib/python3.10/site-packages/airflow/example_dags/example_branch_operator_decorator.py
[2023-12-07T17:06:15.307+0000] {logging_mixin.py:154} INFO - [2023-12-07T17:06:15.307+0000] {dag.py:2941} INFO - Sync 1 DAGs
[2023-12-07T17:06:15.330+0000] {logging_mixin.py:154} INFO - [2023-12-07T17:06:15.330+0000] {dag.py:3722} INFO - Setting next_dagrun for example_branch_python_operator_decorator to 2023-12-06T00:00:00+00:00, run_after=2023-12-07T00:00:00+00:00
[2023-12-07T17:06:15.353+0000] {processor.py:179} INFO - Processing /home/ubuntu/ec2_customer_chum_venv/lib/python3.10/site-packages/airflow/example_dags/example_branch_operator_decorator.py took 0.083 seconds
[2023-12-07T17:07:00.391+0000] {processor.py:157} INFO - Started process (PID=6056) to work on /home/ubuntu/ec2_customer_chum_venv/lib/python3.10/site-packages/airflow/example_dags/example_branch_operator_decorator.py
[2023-12-07T17:07:00.392+0000] {processor.py:829} INFO - Processing file /home/ubuntu/ec2_customer_chum_venv/lib/python3.10/site-packages/airflow/example_dags/example_branch_operator_decorator.py for tasks to queue
[2023-12-07T17:07:00.393+0000] {logging_mixin.py:154} INFO - [2023-12-07T17:07:00.393+0000] {dagbag.py:536} INFO - Filling up the DagBag from /home/ubuntu/ec2_customer_chum_venv/lib/python3.10/site-packages/airflow/example_dags/example_branch_operator_decorator.py
[2023-12-07T17:07:00.405+0000] {processor.py:839} INFO - DAG(s) dict_keys(['example_branch_python_operator_decorator']) retrieved from /home/ubuntu/ec2_customer_chum_venv/lib/python3.10/site-packages/airflow/example_dags/example_branch_operator_decorator.py
[2023-12-07T17:07:00.425+0000] {logging_mixin.py:154} INFO - [2023-12-07T17:07:00.425+0000] {dag.py:2941} INFO - Sync 1 DAGs
[2023-12-07T17:07:00.449+0000] {logging_mixin.py:154} INFO - [2023-12-07T17:07:00.449+0000] {dag.py:3722} INFO - Setting next_dagrun for example_branch_python_operator_decorator to 2023-12-06T00:00:00+00:00, run_after=2023-12-07T00:00:00+00:00
[2023-12-07T17:07:00.472+0000] {processor.py:179} INFO - Processing /home/ubuntu/ec2_customer_chum_venv/lib/python3.10/site-packages/airflow/example_dags/example_branch_operator_decorator.py took 0.084 seconds
[2023-12-07T17:07:47.847+0000] {processor.py:157} INFO - Started process (PID=6105) to work on /home/ubuntu/ec2_customer_chum_venv/lib/python3.10/site-packages/airflow/example_dags/example_branch_operator_decorator.py
[2023-12-07T17:07:47.848+0000] {processor.py:829} INFO - Processing file /home/ubuntu/ec2_customer_chum_venv/lib/python3.10/site-packages/airflow/example_dags/example_branch_operator_decorator.py for tasks to queue
[2023-12-07T17:07:47.849+0000] {logging_mixin.py:154} INFO - [2023-12-07T17:07:47.849+0000] {dagbag.py:536} INFO - Filling up the DagBag from /home/ubuntu/ec2_customer_chum_venv/lib/python3.10/site-packages/airflow/example_dags/example_branch_operator_decorator.py
[2023-12-07T17:07:47.860+0000] {processor.py:839} INFO - DAG(s) dict_keys(['example_branch_python_operator_decorator']) retrieved from /home/ubuntu/ec2_customer_chum_venv/lib/python3.10/site-packages/airflow/example_dags/example_branch_operator_decorator.py
[2023-12-07T17:07:47.880+0000] {logging_mixin.py:154} INFO - [2023-12-07T17:07:47.880+0000] {dag.py:2941} INFO - Sync 1 DAGs
[2023-12-07T17:07:47.902+0000] {logging_mixin.py:154} INFO - [2023-12-07T17:07:47.902+0000] {dag.py:3722} INFO - Setting next_dagrun for example_branch_python_operator_decorator to 2023-12-06T00:00:00+00:00, run_after=2023-12-07T00:00:00+00:00
[2023-12-07T17:07:47.927+0000] {processor.py:179} INFO - Processing /home/ubuntu/ec2_customer_chum_venv/lib/python3.10/site-packages/airflow/example_dags/example_branch_operator_decorator.py took 0.084 seconds
[2023-12-07T17:08:34.140+0000] {processor.py:157} INFO - Started process (PID=6152) to work on /home/ubuntu/ec2_customer_chum_venv/lib/python3.10/site-packages/airflow/example_dags/example_branch_operator_decorator.py
[2023-12-07T17:08:34.141+0000] {processor.py:829} INFO - Processing file /home/ubuntu/ec2_customer_chum_venv/lib/python3.10/site-packages/airflow/example_dags/example_branch_operator_decorator.py for tasks to queue
[2023-12-07T17:08:34.142+0000] {logging_mixin.py:154} INFO - [2023-12-07T17:08:34.142+0000] {dagbag.py:536} INFO - Filling up the DagBag from /home/ubuntu/ec2_customer_chum_venv/lib/python3.10/site-packages/airflow/example_dags/example_branch_operator_decorator.py
[2023-12-07T17:08:34.154+0000] {processor.py:839} INFO - DAG(s) dict_keys(['example_branch_python_operator_decorator']) retrieved from /home/ubuntu/ec2_customer_chum_venv/lib/python3.10/site-packages/airflow/example_dags/example_branch_operator_decorator.py
[2023-12-07T17:08:34.173+0000] {logging_mixin.py:154} INFO - [2023-12-07T17:08:34.173+0000] {dag.py:2941} INFO - Sync 1 DAGs
[2023-12-07T17:08:34.195+0000] {logging_mixin.py:154} INFO - [2023-12-07T17:08:34.195+0000] {dag.py:3722} INFO - Setting next_dagrun for example_branch_python_operator_decorator to 2023-12-06T00:00:00+00:00, run_after=2023-12-07T00:00:00+00:00
[2023-12-07T17:08:34.218+0000] {processor.py:179} INFO - Processing /home/ubuntu/ec2_customer_chum_venv/lib/python3.10/site-packages/airflow/example_dags/example_branch_operator_decorator.py took 0.081 seconds
[2023-12-07T17:09:20.444+0000] {processor.py:157} INFO - Started process (PID=6200) to work on /home/ubuntu/ec2_customer_chum_venv/lib/python3.10/site-packages/airflow/example_dags/example_branch_operator_decorator.py
[2023-12-07T17:09:20.446+0000] {processor.py:829} INFO - Processing file /home/ubuntu/ec2_customer_chum_venv/lib/python3.10/site-packages/airflow/example_dags/example_branch_operator_decorator.py for tasks to queue
[2023-12-07T17:09:20.446+0000] {logging_mixin.py:154} INFO - [2023-12-07T17:09:20.446+0000] {dagbag.py:536} INFO - Filling up the DagBag from /home/ubuntu/ec2_customer_chum_venv/lib/python3.10/site-packages/airflow/example_dags/example_branch_operator_decorator.py
[2023-12-07T17:09:20.457+0000] {processor.py:839} INFO - DAG(s) dict_keys(['example_branch_python_operator_decorator']) retrieved from /home/ubuntu/ec2_customer_chum_venv/lib/python3.10/site-packages/airflow/example_dags/example_branch_operator_decorator.py
[2023-12-07T17:09:20.477+0000] {logging_mixin.py:154} INFO - [2023-12-07T17:09:20.476+0000] {dag.py:2941} INFO - Sync 1 DAGs
[2023-12-07T17:09:20.498+0000] {logging_mixin.py:154} INFO - [2023-12-07T17:09:20.498+0000] {dag.py:3722} INFO - Setting next_dagrun for example_branch_python_operator_decorator to 2023-12-06T00:00:00+00:00, run_after=2023-12-07T00:00:00+00:00
[2023-12-07T17:09:20.520+0000] {processor.py:179} INFO - Processing /home/ubuntu/ec2_customer_chum_venv/lib/python3.10/site-packages/airflow/example_dags/example_branch_operator_decorator.py took 0.079 seconds
[2023-12-07T17:10:03.947+0000] {processor.py:157} INFO - Started process (PID=6245) to work on /home/ubuntu/ec2_customer_chum_venv/lib/python3.10/site-packages/airflow/example_dags/example_branch_operator_decorator.py
[2023-12-07T17:10:03.948+0000] {processor.py:829} INFO - Processing file /home/ubuntu/ec2_customer_chum_venv/lib/python3.10/site-packages/airflow/example_dags/example_branch_operator_decorator.py for tasks to queue
[2023-12-07T17:10:03.950+0000] {logging_mixin.py:154} INFO - [2023-12-07T17:10:03.949+0000] {dagbag.py:536} INFO - Filling up the DagBag from /home/ubuntu/ec2_customer_chum_venv/lib/python3.10/site-packages/airflow/example_dags/example_branch_operator_decorator.py
[2023-12-07T17:10:03.962+0000] {processor.py:839} INFO - DAG(s) dict_keys(['example_branch_python_operator_decorator']) retrieved from /home/ubuntu/ec2_customer_chum_venv/lib/python3.10/site-packages/airflow/example_dags/example_branch_operator_decorator.py
[2023-12-07T17:10:03.983+0000] {logging_mixin.py:154} INFO - [2023-12-07T17:10:03.983+0000] {dag.py:2941} INFO - Sync 1 DAGs
[2023-12-07T17:10:04.008+0000] {logging_mixin.py:154} INFO - [2023-12-07T17:10:04.008+0000] {dag.py:3722} INFO - Setting next_dagrun for example_branch_python_operator_decorator to 2023-12-06T00:00:00+00:00, run_after=2023-12-07T00:00:00+00:00
[2023-12-07T17:10:04.038+0000] {processor.py:179} INFO - Processing /home/ubuntu/ec2_customer_chum_venv/lib/python3.10/site-packages/airflow/example_dags/example_branch_operator_decorator.py took 0.095 seconds
[2023-12-07T17:10:52.734+0000] {processor.py:157} INFO - Started process (PID=6295) to work on /home/ubuntu/ec2_customer_chum_venv/lib/python3.10/site-packages/airflow/example_dags/example_branch_operator_decorator.py
[2023-12-07T17:10:52.736+0000] {processor.py:829} INFO - Processing file /home/ubuntu/ec2_customer_chum_venv/lib/python3.10/site-packages/airflow/example_dags/example_branch_operator_decorator.py for tasks to queue
[2023-12-07T17:10:52.737+0000] {logging_mixin.py:154} INFO - [2023-12-07T17:10:52.736+0000] {dagbag.py:536} INFO - Filling up the DagBag from /home/ubuntu/ec2_customer_chum_venv/lib/python3.10/site-packages/airflow/example_dags/example_branch_operator_decorator.py
[2023-12-07T17:10:52.748+0000] {processor.py:839} INFO - DAG(s) dict_keys(['example_branch_python_operator_decorator']) retrieved from /home/ubuntu/ec2_customer_chum_venv/lib/python3.10/site-packages/airflow/example_dags/example_branch_operator_decorator.py
[2023-12-07T17:10:52.768+0000] {logging_mixin.py:154} INFO - [2023-12-07T17:10:52.768+0000] {dag.py:2941} INFO - Sync 1 DAGs
[2023-12-07T17:10:52.791+0000] {logging_mixin.py:154} INFO - [2023-12-07T17:10:52.790+0000] {dag.py:3722} INFO - Setting next_dagrun for example_branch_python_operator_decorator to 2023-12-06T00:00:00+00:00, run_after=2023-12-07T00:00:00+00:00
[2023-12-07T17:10:52.818+0000] {processor.py:179} INFO - Processing /home/ubuntu/ec2_customer_chum_venv/lib/python3.10/site-packages/airflow/example_dags/example_branch_operator_decorator.py took 0.087 seconds
[2023-12-07T17:11:37.892+0000] {processor.py:157} INFO - Started process (PID=6344) to work on /home/ubuntu/ec2_customer_chum_venv/lib/python3.10/site-packages/airflow/example_dags/example_branch_operator_decorator.py
[2023-12-07T17:11:37.894+0000] {processor.py:829} INFO - Processing file /home/ubuntu/ec2_customer_chum_venv/lib/python3.10/site-packages/airflow/example_dags/example_branch_operator_decorator.py for tasks to queue
[2023-12-07T17:11:37.895+0000] {logging_mixin.py:154} INFO - [2023-12-07T17:11:37.894+0000] {dagbag.py:536} INFO - Filling up the DagBag from /home/ubuntu/ec2_customer_chum_venv/lib/python3.10/site-packages/airflow/example_dags/example_branch_operator_decorator.py
[2023-12-07T17:11:37.906+0000] {processor.py:839} INFO - DAG(s) dict_keys(['example_branch_python_operator_decorator']) retrieved from /home/ubuntu/ec2_customer_chum_venv/lib/python3.10/site-packages/airflow/example_dags/example_branch_operator_decorator.py
[2023-12-07T17:11:37.925+0000] {logging_mixin.py:154} INFO - [2023-12-07T17:11:37.925+0000] {dag.py:2941} INFO - Sync 1 DAGs
[2023-12-07T17:11:37.948+0000] {logging_mixin.py:154} INFO - [2023-12-07T17:11:37.947+0000] {dag.py:3722} INFO - Setting next_dagrun for example_branch_python_operator_decorator to 2023-12-06T00:00:00+00:00, run_after=2023-12-07T00:00:00+00:00
[2023-12-07T17:11:37.971+0000] {processor.py:179} INFO - Processing /home/ubuntu/ec2_customer_chum_venv/lib/python3.10/site-packages/airflow/example_dags/example_branch_operator_decorator.py took 0.082 seconds
[2023-12-07T17:12:21.982+0000] {processor.py:157} INFO - Started process (PID=6391) to work on /home/ubuntu/ec2_customer_chum_venv/lib/python3.10/site-packages/airflow/example_dags/example_branch_operator_decorator.py
[2023-12-07T17:12:21.984+0000] {processor.py:829} INFO - Processing file /home/ubuntu/ec2_customer_chum_venv/lib/python3.10/site-packages/airflow/example_dags/example_branch_operator_decorator.py for tasks to queue
[2023-12-07T17:12:21.985+0000] {logging_mixin.py:154} INFO - [2023-12-07T17:12:21.984+0000] {dagbag.py:536} INFO - Filling up the DagBag from /home/ubuntu/ec2_customer_chum_venv/lib/python3.10/site-packages/airflow/example_dags/example_branch_operator_decorator.py
[2023-12-07T17:12:21.996+0000] {processor.py:839} INFO - DAG(s) dict_keys(['example_branch_python_operator_decorator']) retrieved from /home/ubuntu/ec2_customer_chum_venv/lib/python3.10/site-packages/airflow/example_dags/example_branch_operator_decorator.py
[2023-12-07T17:12:22.016+0000] {logging_mixin.py:154} INFO - [2023-12-07T17:12:22.016+0000] {dag.py:2941} INFO - Sync 1 DAGs
[2023-12-07T17:12:22.039+0000] {logging_mixin.py:154} INFO - [2023-12-07T17:12:22.039+0000] {dag.py:3722} INFO - Setting next_dagrun for example_branch_python_operator_decorator to 2023-12-06T00:00:00+00:00, run_after=2023-12-07T00:00:00+00:00
[2023-12-07T17:12:22.063+0000] {processor.py:179} INFO - Processing /home/ubuntu/ec2_customer_chum_venv/lib/python3.10/site-packages/airflow/example_dags/example_branch_operator_decorator.py took 0.084 seconds
[2023-12-07T17:13:10.679+0000] {processor.py:157} INFO - Started process (PID=6526) to work on /home/ubuntu/ec2_customer_chum_venv/lib/python3.10/site-packages/airflow/example_dags/example_branch_operator_decorator.py
[2023-12-07T17:13:10.680+0000] {processor.py:829} INFO - Processing file /home/ubuntu/ec2_customer_chum_venv/lib/python3.10/site-packages/airflow/example_dags/example_branch_operator_decorator.py for tasks to queue
[2023-12-07T17:13:10.681+0000] {logging_mixin.py:154} INFO - [2023-12-07T17:13:10.681+0000] {dagbag.py:536} INFO - Filling up the DagBag from /home/ubuntu/ec2_customer_chum_venv/lib/python3.10/site-packages/airflow/example_dags/example_branch_operator_decorator.py
[2023-12-07T17:13:10.693+0000] {processor.py:839} INFO - DAG(s) dict_keys(['example_branch_python_operator_decorator']) retrieved from /home/ubuntu/ec2_customer_chum_venv/lib/python3.10/site-packages/airflow/example_dags/example_branch_operator_decorator.py
[2023-12-07T17:13:10.712+0000] {logging_mixin.py:154} INFO - [2023-12-07T17:13:10.712+0000] {dag.py:2941} INFO - Sync 1 DAGs
[2023-12-07T17:13:10.735+0000] {logging_mixin.py:154} INFO - [2023-12-07T17:13:10.734+0000] {dag.py:3722} INFO - Setting next_dagrun for example_branch_python_operator_decorator to 2023-12-06T00:00:00+00:00, run_after=2023-12-07T00:00:00+00:00
[2023-12-07T17:13:10.757+0000] {processor.py:179} INFO - Processing /home/ubuntu/ec2_customer_chum_venv/lib/python3.10/site-packages/airflow/example_dags/example_branch_operator_decorator.py took 0.082 seconds
[2023-12-07T17:13:53.024+0000] {processor.py:157} INFO - Started process (PID=6573) to work on /home/ubuntu/ec2_customer_chum_venv/lib/python3.10/site-packages/airflow/example_dags/example_branch_operator_decorator.py
[2023-12-07T17:13:53.026+0000] {processor.py:829} INFO - Processing file /home/ubuntu/ec2_customer_chum_venv/lib/python3.10/site-packages/airflow/example_dags/example_branch_operator_decorator.py for tasks to queue
[2023-12-07T17:13:53.027+0000] {logging_mixin.py:154} INFO - [2023-12-07T17:13:53.026+0000] {dagbag.py:536} INFO - Filling up the DagBag from /home/ubuntu/ec2_customer_chum_venv/lib/python3.10/site-packages/airflow/example_dags/example_branch_operator_decorator.py
[2023-12-07T17:13:53.038+0000] {processor.py:839} INFO - DAG(s) dict_keys(['example_branch_python_operator_decorator']) retrieved from /home/ubuntu/ec2_customer_chum_venv/lib/python3.10/site-packages/airflow/example_dags/example_branch_operator_decorator.py
[2023-12-07T17:13:53.058+0000] {logging_mixin.py:154} INFO - [2023-12-07T17:13:53.058+0000] {dag.py:2941} INFO - Sync 1 DAGs
[2023-12-07T17:13:53.082+0000] {logging_mixin.py:154} INFO - [2023-12-07T17:13:53.081+0000] {dag.py:3722} INFO - Setting next_dagrun for example_branch_python_operator_decorator to 2023-12-06T00:00:00+00:00, run_after=2023-12-07T00:00:00+00:00
[2023-12-07T17:13:53.105+0000] {processor.py:179} INFO - Processing /home/ubuntu/ec2_customer_chum_venv/lib/python3.10/site-packages/airflow/example_dags/example_branch_operator_decorator.py took 0.084 seconds
[2023-12-07T17:14:36.148+0000] {processor.py:157} INFO - Started process (PID=6618) to work on /home/ubuntu/ec2_customer_chum_venv/lib/python3.10/site-packages/airflow/example_dags/example_branch_operator_decorator.py
[2023-12-07T17:14:36.150+0000] {processor.py:829} INFO - Processing file /home/ubuntu/ec2_customer_chum_venv/lib/python3.10/site-packages/airflow/example_dags/example_branch_operator_decorator.py for tasks to queue
[2023-12-07T17:14:36.151+0000] {logging_mixin.py:154} INFO - [2023-12-07T17:14:36.150+0000] {dagbag.py:536} INFO - Filling up the DagBag from /home/ubuntu/ec2_customer_chum_venv/lib/python3.10/site-packages/airflow/example_dags/example_branch_operator_decorator.py
[2023-12-07T17:14:36.162+0000] {processor.py:839} INFO - DAG(s) dict_keys(['example_branch_python_operator_decorator']) retrieved from /home/ubuntu/ec2_customer_chum_venv/lib/python3.10/site-packages/airflow/example_dags/example_branch_operator_decorator.py
[2023-12-07T17:14:36.181+0000] {logging_mixin.py:154} INFO - [2023-12-07T17:14:36.181+0000] {dag.py:2941} INFO - Sync 1 DAGs
[2023-12-07T17:14:36.203+0000] {logging_mixin.py:154} INFO - [2023-12-07T17:14:36.203+0000] {dag.py:3722} INFO - Setting next_dagrun for example_branch_python_operator_decorator to 2023-12-06T00:00:00+00:00, run_after=2023-12-07T00:00:00+00:00
[2023-12-07T17:14:36.225+0000] {processor.py:179} INFO - Processing /home/ubuntu/ec2_customer_chum_venv/lib/python3.10/site-packages/airflow/example_dags/example_branch_operator_decorator.py took 0.080 seconds
[2023-12-07T17:15:20.247+0000] {processor.py:157} INFO - Started process (PID=6730) to work on /home/ubuntu/ec2_customer_chum_venv/lib/python3.10/site-packages/airflow/example_dags/example_branch_operator_decorator.py
[2023-12-07T17:15:20.249+0000] {processor.py:829} INFO - Processing file /home/ubuntu/ec2_customer_chum_venv/lib/python3.10/site-packages/airflow/example_dags/example_branch_operator_decorator.py for tasks to queue
[2023-12-07T17:15:20.250+0000] {logging_mixin.py:154} INFO - [2023-12-07T17:15:20.249+0000] {dagbag.py:536} INFO - Filling up the DagBag from /home/ubuntu/ec2_customer_chum_venv/lib/python3.10/site-packages/airflow/example_dags/example_branch_operator_decorator.py
[2023-12-07T17:15:20.261+0000] {processor.py:839} INFO - DAG(s) dict_keys(['example_branch_python_operator_decorator']) retrieved from /home/ubuntu/ec2_customer_chum_venv/lib/python3.10/site-packages/airflow/example_dags/example_branch_operator_decorator.py
[2023-12-07T17:15:20.280+0000] {logging_mixin.py:154} INFO - [2023-12-07T17:15:20.280+0000] {dag.py:2941} INFO - Sync 1 DAGs
[2023-12-07T17:15:20.302+0000] {logging_mixin.py:154} INFO - [2023-12-07T17:15:20.301+0000] {dag.py:3722} INFO - Setting next_dagrun for example_branch_python_operator_decorator to 2023-12-06T00:00:00+00:00, run_after=2023-12-07T00:00:00+00:00
[2023-12-07T17:15:20.325+0000] {processor.py:179} INFO - Processing /home/ubuntu/ec2_customer_chum_venv/lib/python3.10/site-packages/airflow/example_dags/example_branch_operator_decorator.py took 0.081 seconds
