[2023-12-07T16:49:17.289+0000] {processor.py:157} INFO - Started process (PID=4973) to work on /home/ubuntu/ec2_customer_chum_venv/lib/python3.10/site-packages/airflow/example_dags/example_short_circuit_operator.py
[2023-12-07T16:49:17.290+0000] {processor.py:829} INFO - Processing file /home/ubuntu/ec2_customer_chum_venv/lib/python3.10/site-packages/airflow/example_dags/example_short_circuit_operator.py for tasks to queue
[2023-12-07T16:49:17.291+0000] {logging_mixin.py:154} INFO - [2023-12-07T16:49:17.290+0000] {dagbag.py:536} INFO - Filling up the DagBag from /home/ubuntu/ec2_customer_chum_venv/lib/python3.10/site-packages/airflow/example_dags/example_short_circuit_operator.py
[2023-12-07T16:49:17.301+0000] {processor.py:839} INFO - DAG(s) dict_keys(['example_short_circuit_operator']) retrieved from /home/ubuntu/ec2_customer_chum_venv/lib/python3.10/site-packages/airflow/example_dags/example_short_circuit_operator.py
[2023-12-07T16:49:17.415+0000] {logging_mixin.py:154} INFO - [2023-12-07T16:49:17.415+0000] {manager.py:499} INFO - Created Permission View: %s
[2023-12-07T16:49:17.429+0000] {logging_mixin.py:154} INFO - [2023-12-07T16:49:17.428+0000] {manager.py:499} INFO - Created Permission View: %s
[2023-12-07T16:49:17.439+0000] {logging_mixin.py:154} INFO - [2023-12-07T16:49:17.438+0000] {manager.py:499} INFO - Created Permission View: %s
[2023-12-07T16:49:17.439+0000] {logging_mixin.py:154} INFO - [2023-12-07T16:49:17.439+0000] {dag.py:2941} INFO - Sync 1 DAGs
[2023-12-07T16:49:17.451+0000] {logging_mixin.py:154} INFO - [2023-12-07T16:49:17.451+0000] {dag.py:2963} INFO - Creating ORM DAG for example_short_circuit_operator
[2023-12-07T16:49:17.460+0000] {logging_mixin.py:154} INFO - [2023-12-07T16:49:17.460+0000] {dag.py:3722} INFO - Setting next_dagrun for example_short_circuit_operator to 2023-12-06T16:49:17.460139+00:00, run_after=2023-12-07T16:49:17.460139+00:00
[2023-12-07T16:49:17.483+0000] {processor.py:179} INFO - Processing /home/ubuntu/ec2_customer_chum_venv/lib/python3.10/site-packages/airflow/example_dags/example_short_circuit_operator.py took 0.197 seconds
[2023-12-07T16:50:07.959+0000] {processor.py:157} INFO - Started process (PID=5019) to work on /home/ubuntu/ec2_customer_chum_venv/lib/python3.10/site-packages/airflow/example_dags/example_short_circuit_operator.py
[2023-12-07T16:50:07.961+0000] {processor.py:829} INFO - Processing file /home/ubuntu/ec2_customer_chum_venv/lib/python3.10/site-packages/airflow/example_dags/example_short_circuit_operator.py for tasks to queue
[2023-12-07T16:50:07.962+0000] {logging_mixin.py:154} INFO - [2023-12-07T16:50:07.961+0000] {dagbag.py:536} INFO - Filling up the DagBag from /home/ubuntu/ec2_customer_chum_venv/lib/python3.10/site-packages/airflow/example_dags/example_short_circuit_operator.py
[2023-12-07T16:50:07.970+0000] {processor.py:839} INFO - DAG(s) dict_keys(['example_short_circuit_operator']) retrieved from /home/ubuntu/ec2_customer_chum_venv/lib/python3.10/site-packages/airflow/example_dags/example_short_circuit_operator.py
[2023-12-07T16:50:07.990+0000] {logging_mixin.py:154} INFO - [2023-12-07T16:50:07.990+0000] {dag.py:2941} INFO - Sync 1 DAGs
[2023-12-07T16:50:08.013+0000] {logging_mixin.py:154} INFO - [2023-12-07T16:50:08.012+0000] {dag.py:3722} INFO - Setting next_dagrun for example_short_circuit_operator to 2023-12-06T16:50:08.012506+00:00, run_after=2023-12-07T16:50:08.012506+00:00
[2023-12-07T16:50:08.038+0000] {processor.py:179} INFO - Processing /home/ubuntu/ec2_customer_chum_venv/lib/python3.10/site-packages/airflow/example_dags/example_short_circuit_operator.py took 0.083 seconds
[2023-12-07T16:50:54.541+0000] {processor.py:157} INFO - Started process (PID=5065) to work on /home/ubuntu/ec2_customer_chum_venv/lib/python3.10/site-packages/airflow/example_dags/example_short_circuit_operator.py
[2023-12-07T16:50:54.543+0000] {processor.py:829} INFO - Processing file /home/ubuntu/ec2_customer_chum_venv/lib/python3.10/site-packages/airflow/example_dags/example_short_circuit_operator.py for tasks to queue
[2023-12-07T16:50:54.544+0000] {logging_mixin.py:154} INFO - [2023-12-07T16:50:54.543+0000] {dagbag.py:536} INFO - Filling up the DagBag from /home/ubuntu/ec2_customer_chum_venv/lib/python3.10/site-packages/airflow/example_dags/example_short_circuit_operator.py
[2023-12-07T16:50:54.553+0000] {processor.py:839} INFO - DAG(s) dict_keys(['example_short_circuit_operator']) retrieved from /home/ubuntu/ec2_customer_chum_venv/lib/python3.10/site-packages/airflow/example_dags/example_short_circuit_operator.py
[2023-12-07T16:50:54.572+0000] {logging_mixin.py:154} INFO - [2023-12-07T16:50:54.572+0000] {dag.py:2941} INFO - Sync 1 DAGs
[2023-12-07T16:50:54.593+0000] {logging_mixin.py:154} INFO - [2023-12-07T16:50:54.593+0000] {dag.py:3722} INFO - Setting next_dagrun for example_short_circuit_operator to 2023-12-06T16:50:54.593361+00:00, run_after=2023-12-07T16:50:54.593361+00:00
[2023-12-07T16:50:54.616+0000] {processor.py:179} INFO - Processing /home/ubuntu/ec2_customer_chum_venv/lib/python3.10/site-packages/airflow/example_dags/example_short_circuit_operator.py took 0.078 seconds
[2023-12-07T16:51:43.085+0000] {processor.py:157} INFO - Started process (PID=5115) to work on /home/ubuntu/ec2_customer_chum_venv/lib/python3.10/site-packages/airflow/example_dags/example_short_circuit_operator.py
[2023-12-07T16:51:43.087+0000] {processor.py:829} INFO - Processing file /home/ubuntu/ec2_customer_chum_venv/lib/python3.10/site-packages/airflow/example_dags/example_short_circuit_operator.py for tasks to queue
[2023-12-07T16:51:43.088+0000] {logging_mixin.py:154} INFO - [2023-12-07T16:51:43.087+0000] {dagbag.py:536} INFO - Filling up the DagBag from /home/ubuntu/ec2_customer_chum_venv/lib/python3.10/site-packages/airflow/example_dags/example_short_circuit_operator.py
[2023-12-07T16:51:43.096+0000] {processor.py:839} INFO - DAG(s) dict_keys(['example_short_circuit_operator']) retrieved from /home/ubuntu/ec2_customer_chum_venv/lib/python3.10/site-packages/airflow/example_dags/example_short_circuit_operator.py
[2023-12-07T16:51:43.117+0000] {logging_mixin.py:154} INFO - [2023-12-07T16:51:43.117+0000] {dag.py:2941} INFO - Sync 1 DAGs
[2023-12-07T16:51:43.139+0000] {logging_mixin.py:154} INFO - [2023-12-07T16:51:43.138+0000] {dag.py:3722} INFO - Setting next_dagrun for example_short_circuit_operator to 2023-12-06T16:51:43.138592+00:00, run_after=2023-12-07T16:51:43.138592+00:00
[2023-12-07T16:51:43.162+0000] {processor.py:179} INFO - Processing /home/ubuntu/ec2_customer_chum_venv/lib/python3.10/site-packages/airflow/example_dags/example_short_circuit_operator.py took 0.080 seconds
[2023-12-07T16:52:32.267+0000] {processor.py:157} INFO - Started process (PID=5167) to work on /home/ubuntu/ec2_customer_chum_venv/lib/python3.10/site-packages/airflow/example_dags/example_short_circuit_operator.py
[2023-12-07T16:52:32.269+0000] {processor.py:829} INFO - Processing file /home/ubuntu/ec2_customer_chum_venv/lib/python3.10/site-packages/airflow/example_dags/example_short_circuit_operator.py for tasks to queue
[2023-12-07T16:52:32.270+0000] {logging_mixin.py:154} INFO - [2023-12-07T16:52:32.269+0000] {dagbag.py:536} INFO - Filling up the DagBag from /home/ubuntu/ec2_customer_chum_venv/lib/python3.10/site-packages/airflow/example_dags/example_short_circuit_operator.py
[2023-12-07T16:52:32.279+0000] {processor.py:839} INFO - DAG(s) dict_keys(['example_short_circuit_operator']) retrieved from /home/ubuntu/ec2_customer_chum_venv/lib/python3.10/site-packages/airflow/example_dags/example_short_circuit_operator.py
[2023-12-07T16:52:32.299+0000] {logging_mixin.py:154} INFO - [2023-12-07T16:52:32.298+0000] {dag.py:2941} INFO - Sync 1 DAGs
[2023-12-07T16:52:32.319+0000] {logging_mixin.py:154} INFO - [2023-12-07T16:52:32.319+0000] {dag.py:3722} INFO - Setting next_dagrun for example_short_circuit_operator to 2023-12-06T16:52:32.318823+00:00, run_after=2023-12-07T16:52:32.318823+00:00
[2023-12-07T16:52:32.343+0000] {processor.py:179} INFO - Processing /home/ubuntu/ec2_customer_chum_venv/lib/python3.10/site-packages/airflow/example_dags/example_short_circuit_operator.py took 0.079 seconds
[2023-12-07T16:53:51.878+0000] {processor.py:157} INFO - Started process (PID=5235) to work on /home/ubuntu/ec2_customer_chum_venv/lib/python3.10/site-packages/airflow/example_dags/example_short_circuit_operator.py
[2023-12-07T16:53:51.879+0000] {processor.py:829} INFO - Processing file /home/ubuntu/ec2_customer_chum_venv/lib/python3.10/site-packages/airflow/example_dags/example_short_circuit_operator.py for tasks to queue
[2023-12-07T16:53:51.880+0000] {logging_mixin.py:154} INFO - [2023-12-07T16:53:51.880+0000] {dagbag.py:536} INFO - Filling up the DagBag from /home/ubuntu/ec2_customer_chum_venv/lib/python3.10/site-packages/airflow/example_dags/example_short_circuit_operator.py
[2023-12-07T16:53:51.891+0000] {processor.py:839} INFO - DAG(s) dict_keys(['example_short_circuit_operator']) retrieved from /home/ubuntu/ec2_customer_chum_venv/lib/python3.10/site-packages/airflow/example_dags/example_short_circuit_operator.py
[2023-12-07T16:53:51.899+0000] {logging_mixin.py:154} INFO - [2023-12-07T16:53:51.899+0000] {dag.py:2941} INFO - Sync 1 DAGs
[2023-12-07T16:53:51.921+0000] {logging_mixin.py:154} INFO - [2023-12-07T16:53:51.921+0000] {dag.py:3722} INFO - Setting next_dagrun for example_short_circuit_operator to 2023-12-06T16:53:51.920860+00:00, run_after=2023-12-07T16:53:51.920860+00:00
[2023-12-07T16:53:51.945+0000] {processor.py:179} INFO - Processing /home/ubuntu/ec2_customer_chum_venv/lib/python3.10/site-packages/airflow/example_dags/example_short_circuit_operator.py took 0.071 seconds
[2023-12-07T16:54:36.218+0000] {processor.py:157} INFO - Started process (PID=5284) to work on /home/ubuntu/ec2_customer_chum_venv/lib/python3.10/site-packages/airflow/example_dags/example_short_circuit_operator.py
[2023-12-07T16:54:36.219+0000] {processor.py:829} INFO - Processing file /home/ubuntu/ec2_customer_chum_venv/lib/python3.10/site-packages/airflow/example_dags/example_short_circuit_operator.py for tasks to queue
[2023-12-07T16:54:36.220+0000] {logging_mixin.py:154} INFO - [2023-12-07T16:54:36.220+0000] {dagbag.py:536} INFO - Filling up the DagBag from /home/ubuntu/ec2_customer_chum_venv/lib/python3.10/site-packages/airflow/example_dags/example_short_circuit_operator.py
[2023-12-07T16:54:36.229+0000] {processor.py:839} INFO - DAG(s) dict_keys(['example_short_circuit_operator']) retrieved from /home/ubuntu/ec2_customer_chum_venv/lib/python3.10/site-packages/airflow/example_dags/example_short_circuit_operator.py
[2023-12-07T16:54:36.249+0000] {logging_mixin.py:154} INFO - [2023-12-07T16:54:36.249+0000] {dag.py:2941} INFO - Sync 1 DAGs
[2023-12-07T16:54:36.269+0000] {logging_mixin.py:154} INFO - [2023-12-07T16:54:36.269+0000] {dag.py:3722} INFO - Setting next_dagrun for example_short_circuit_operator to 2023-12-06T16:54:36.269082+00:00, run_after=2023-12-07T16:54:36.269082+00:00
[2023-12-07T16:54:36.292+0000] {processor.py:179} INFO - Processing /home/ubuntu/ec2_customer_chum_venv/lib/python3.10/site-packages/airflow/example_dags/example_short_circuit_operator.py took 0.078 seconds
[2023-12-07T16:55:21.507+0000] {processor.py:157} INFO - Started process (PID=5331) to work on /home/ubuntu/ec2_customer_chum_venv/lib/python3.10/site-packages/airflow/example_dags/example_short_circuit_operator.py
[2023-12-07T16:55:21.508+0000] {processor.py:829} INFO - Processing file /home/ubuntu/ec2_customer_chum_venv/lib/python3.10/site-packages/airflow/example_dags/example_short_circuit_operator.py for tasks to queue
[2023-12-07T16:55:21.509+0000] {logging_mixin.py:154} INFO - [2023-12-07T16:55:21.509+0000] {dagbag.py:536} INFO - Filling up the DagBag from /home/ubuntu/ec2_customer_chum_venv/lib/python3.10/site-packages/airflow/example_dags/example_short_circuit_operator.py
[2023-12-07T16:55:21.518+0000] {processor.py:839} INFO - DAG(s) dict_keys(['example_short_circuit_operator']) retrieved from /home/ubuntu/ec2_customer_chum_venv/lib/python3.10/site-packages/airflow/example_dags/example_short_circuit_operator.py
[2023-12-07T16:55:21.538+0000] {logging_mixin.py:154} INFO - [2023-12-07T16:55:21.538+0000] {dag.py:2941} INFO - Sync 1 DAGs
[2023-12-07T16:55:21.559+0000] {logging_mixin.py:154} INFO - [2023-12-07T16:55:21.559+0000] {dag.py:3722} INFO - Setting next_dagrun for example_short_circuit_operator to 2023-12-06T16:55:21.559401+00:00, run_after=2023-12-07T16:55:21.559401+00:00
[2023-12-07T16:55:21.583+0000] {processor.py:179} INFO - Processing /home/ubuntu/ec2_customer_chum_venv/lib/python3.10/site-packages/airflow/example_dags/example_short_circuit_operator.py took 0.080 seconds
[2023-12-07T16:56:06.177+0000] {processor.py:157} INFO - Started process (PID=5377) to work on /home/ubuntu/ec2_customer_chum_venv/lib/python3.10/site-packages/airflow/example_dags/example_short_circuit_operator.py
[2023-12-07T16:56:06.178+0000] {processor.py:829} INFO - Processing file /home/ubuntu/ec2_customer_chum_venv/lib/python3.10/site-packages/airflow/example_dags/example_short_circuit_operator.py for tasks to queue
[2023-12-07T16:56:06.179+0000] {logging_mixin.py:154} INFO - [2023-12-07T16:56:06.179+0000] {dagbag.py:536} INFO - Filling up the DagBag from /home/ubuntu/ec2_customer_chum_venv/lib/python3.10/site-packages/airflow/example_dags/example_short_circuit_operator.py
[2023-12-07T16:56:06.188+0000] {processor.py:839} INFO - DAG(s) dict_keys(['example_short_circuit_operator']) retrieved from /home/ubuntu/ec2_customer_chum_venv/lib/python3.10/site-packages/airflow/example_dags/example_short_circuit_operator.py
[2023-12-07T16:56:06.208+0000] {logging_mixin.py:154} INFO - [2023-12-07T16:56:06.208+0000] {dag.py:2941} INFO - Sync 1 DAGs
[2023-12-07T16:56:06.229+0000] {logging_mixin.py:154} INFO - [2023-12-07T16:56:06.229+0000] {dag.py:3722} INFO - Setting next_dagrun for example_short_circuit_operator to 2023-12-06T16:56:06.228745+00:00, run_after=2023-12-07T16:56:06.228745+00:00
[2023-12-07T16:56:06.250+0000] {processor.py:179} INFO - Processing /home/ubuntu/ec2_customer_chum_venv/lib/python3.10/site-packages/airflow/example_dags/example_short_circuit_operator.py took 0.077 seconds
[2023-12-07T16:56:47.905+0000] {processor.py:157} INFO - Started process (PID=5423) to work on /home/ubuntu/ec2_customer_chum_venv/lib/python3.10/site-packages/airflow/example_dags/example_short_circuit_operator.py
[2023-12-07T16:56:47.907+0000] {processor.py:829} INFO - Processing file /home/ubuntu/ec2_customer_chum_venv/lib/python3.10/site-packages/airflow/example_dags/example_short_circuit_operator.py for tasks to queue
[2023-12-07T16:56:47.908+0000] {logging_mixin.py:154} INFO - [2023-12-07T16:56:47.907+0000] {dagbag.py:536} INFO - Filling up the DagBag from /home/ubuntu/ec2_customer_chum_venv/lib/python3.10/site-packages/airflow/example_dags/example_short_circuit_operator.py
[2023-12-07T16:56:47.917+0000] {processor.py:839} INFO - DAG(s) dict_keys(['example_short_circuit_operator']) retrieved from /home/ubuntu/ec2_customer_chum_venv/lib/python3.10/site-packages/airflow/example_dags/example_short_circuit_operator.py
[2023-12-07T16:56:47.936+0000] {logging_mixin.py:154} INFO - [2023-12-07T16:56:47.936+0000] {dag.py:2941} INFO - Sync 1 DAGs
[2023-12-07T16:56:47.957+0000] {logging_mixin.py:154} INFO - [2023-12-07T16:56:47.957+0000] {dag.py:3722} INFO - Setting next_dagrun for example_short_circuit_operator to 2023-12-06T16:56:47.956984+00:00, run_after=2023-12-07T16:56:47.956984+00:00
[2023-12-07T16:56:47.981+0000] {processor.py:179} INFO - Processing /home/ubuntu/ec2_customer_chum_venv/lib/python3.10/site-packages/airflow/example_dags/example_short_circuit_operator.py took 0.079 seconds
[2023-12-07T16:57:30.768+0000] {processor.py:157} INFO - Started process (PID=5466) to work on /home/ubuntu/ec2_customer_chum_venv/lib/python3.10/site-packages/airflow/example_dags/example_short_circuit_operator.py
[2023-12-07T16:57:30.770+0000] {processor.py:829} INFO - Processing file /home/ubuntu/ec2_customer_chum_venv/lib/python3.10/site-packages/airflow/example_dags/example_short_circuit_operator.py for tasks to queue
[2023-12-07T16:57:30.771+0000] {logging_mixin.py:154} INFO - [2023-12-07T16:57:30.770+0000] {dagbag.py:536} INFO - Filling up the DagBag from /home/ubuntu/ec2_customer_chum_venv/lib/python3.10/site-packages/airflow/example_dags/example_short_circuit_operator.py
[2023-12-07T16:57:30.779+0000] {processor.py:839} INFO - DAG(s) dict_keys(['example_short_circuit_operator']) retrieved from /home/ubuntu/ec2_customer_chum_venv/lib/python3.10/site-packages/airflow/example_dags/example_short_circuit_operator.py
[2023-12-07T16:57:30.799+0000] {logging_mixin.py:154} INFO - [2023-12-07T16:57:30.799+0000] {dag.py:2941} INFO - Sync 1 DAGs
[2023-12-07T16:57:30.820+0000] {logging_mixin.py:154} INFO - [2023-12-07T16:57:30.820+0000] {dag.py:3722} INFO - Setting next_dagrun for example_short_circuit_operator to 2023-12-06T16:57:30.820227+00:00, run_after=2023-12-07T16:57:30.820227+00:00
[2023-12-07T16:57:30.845+0000] {processor.py:179} INFO - Processing /home/ubuntu/ec2_customer_chum_venv/lib/python3.10/site-packages/airflow/example_dags/example_short_circuit_operator.py took 0.080 seconds
[2023-12-07T16:58:14.746+0000] {processor.py:157} INFO - Started process (PID=5513) to work on /home/ubuntu/ec2_customer_chum_venv/lib/python3.10/site-packages/airflow/example_dags/example_short_circuit_operator.py
[2023-12-07T16:58:14.747+0000] {processor.py:829} INFO - Processing file /home/ubuntu/ec2_customer_chum_venv/lib/python3.10/site-packages/airflow/example_dags/example_short_circuit_operator.py for tasks to queue
[2023-12-07T16:58:14.748+0000] {logging_mixin.py:154} INFO - [2023-12-07T16:58:14.748+0000] {dagbag.py:536} INFO - Filling up the DagBag from /home/ubuntu/ec2_customer_chum_venv/lib/python3.10/site-packages/airflow/example_dags/example_short_circuit_operator.py
[2023-12-07T16:58:14.757+0000] {processor.py:839} INFO - DAG(s) dict_keys(['example_short_circuit_operator']) retrieved from /home/ubuntu/ec2_customer_chum_venv/lib/python3.10/site-packages/airflow/example_dags/example_short_circuit_operator.py
[2023-12-07T16:58:14.776+0000] {logging_mixin.py:154} INFO - [2023-12-07T16:58:14.776+0000] {dag.py:2941} INFO - Sync 1 DAGs
[2023-12-07T16:58:14.797+0000] {logging_mixin.py:154} INFO - [2023-12-07T16:58:14.797+0000] {dag.py:3722} INFO - Setting next_dagrun for example_short_circuit_operator to 2023-12-06T16:58:14.796943+00:00, run_after=2023-12-07T16:58:14.796943+00:00
[2023-12-07T16:58:14.820+0000] {processor.py:179} INFO - Processing /home/ubuntu/ec2_customer_chum_venv/lib/python3.10/site-packages/airflow/example_dags/example_short_circuit_operator.py took 0.077 seconds
[2023-12-07T16:58:59.304+0000] {processor.py:157} INFO - Started process (PID=5560) to work on /home/ubuntu/ec2_customer_chum_venv/lib/python3.10/site-packages/airflow/example_dags/example_short_circuit_operator.py
[2023-12-07T16:58:59.305+0000] {processor.py:829} INFO - Processing file /home/ubuntu/ec2_customer_chum_venv/lib/python3.10/site-packages/airflow/example_dags/example_short_circuit_operator.py for tasks to queue
[2023-12-07T16:58:59.306+0000] {logging_mixin.py:154} INFO - [2023-12-07T16:58:59.306+0000] {dagbag.py:536} INFO - Filling up the DagBag from /home/ubuntu/ec2_customer_chum_venv/lib/python3.10/site-packages/airflow/example_dags/example_short_circuit_operator.py
[2023-12-07T16:58:59.315+0000] {processor.py:839} INFO - DAG(s) dict_keys(['example_short_circuit_operator']) retrieved from /home/ubuntu/ec2_customer_chum_venv/lib/python3.10/site-packages/airflow/example_dags/example_short_circuit_operator.py
[2023-12-07T16:58:59.334+0000] {logging_mixin.py:154} INFO - [2023-12-07T16:58:59.334+0000] {dag.py:2941} INFO - Sync 1 DAGs
[2023-12-07T16:58:59.355+0000] {logging_mixin.py:154} INFO - [2023-12-07T16:58:59.354+0000] {dag.py:3722} INFO - Setting next_dagrun for example_short_circuit_operator to 2023-12-06T16:58:59.354699+00:00, run_after=2023-12-07T16:58:59.354699+00:00
[2023-12-07T16:58:59.378+0000] {processor.py:179} INFO - Processing /home/ubuntu/ec2_customer_chum_venv/lib/python3.10/site-packages/airflow/example_dags/example_short_circuit_operator.py took 0.077 seconds
[2023-12-07T16:59:42.615+0000] {processor.py:157} INFO - Started process (PID=5606) to work on /home/ubuntu/ec2_customer_chum_venv/lib/python3.10/site-packages/airflow/example_dags/example_short_circuit_operator.py
[2023-12-07T16:59:42.617+0000] {processor.py:829} INFO - Processing file /home/ubuntu/ec2_customer_chum_venv/lib/python3.10/site-packages/airflow/example_dags/example_short_circuit_operator.py for tasks to queue
[2023-12-07T16:59:42.618+0000] {logging_mixin.py:154} INFO - [2023-12-07T16:59:42.617+0000] {dagbag.py:536} INFO - Filling up the DagBag from /home/ubuntu/ec2_customer_chum_venv/lib/python3.10/site-packages/airflow/example_dags/example_short_circuit_operator.py
[2023-12-07T16:59:42.626+0000] {processor.py:839} INFO - DAG(s) dict_keys(['example_short_circuit_operator']) retrieved from /home/ubuntu/ec2_customer_chum_venv/lib/python3.10/site-packages/airflow/example_dags/example_short_circuit_operator.py
[2023-12-07T16:59:42.646+0000] {logging_mixin.py:154} INFO - [2023-12-07T16:59:42.646+0000] {dag.py:2941} INFO - Sync 1 DAGs
[2023-12-07T16:59:42.666+0000] {logging_mixin.py:154} INFO - [2023-12-07T16:59:42.666+0000] {dag.py:3722} INFO - Setting next_dagrun for example_short_circuit_operator to 2023-12-06T16:59:42.665875+00:00, run_after=2023-12-07T16:59:42.665875+00:00
[2023-12-07T16:59:42.688+0000] {processor.py:179} INFO - Processing /home/ubuntu/ec2_customer_chum_venv/lib/python3.10/site-packages/airflow/example_dags/example_short_circuit_operator.py took 0.076 seconds
[2023-12-07T17:00:24.786+0000] {processor.py:157} INFO - Started process (PID=5649) to work on /home/ubuntu/ec2_customer_chum_venv/lib/python3.10/site-packages/airflow/example_dags/example_short_circuit_operator.py
[2023-12-07T17:00:24.787+0000] {processor.py:829} INFO - Processing file /home/ubuntu/ec2_customer_chum_venv/lib/python3.10/site-packages/airflow/example_dags/example_short_circuit_operator.py for tasks to queue
[2023-12-07T17:00:24.788+0000] {logging_mixin.py:154} INFO - [2023-12-07T17:00:24.788+0000] {dagbag.py:536} INFO - Filling up the DagBag from /home/ubuntu/ec2_customer_chum_venv/lib/python3.10/site-packages/airflow/example_dags/example_short_circuit_operator.py
[2023-12-07T17:00:24.797+0000] {processor.py:839} INFO - DAG(s) dict_keys(['example_short_circuit_operator']) retrieved from /home/ubuntu/ec2_customer_chum_venv/lib/python3.10/site-packages/airflow/example_dags/example_short_circuit_operator.py
[2023-12-07T17:00:24.818+0000] {logging_mixin.py:154} INFO - [2023-12-07T17:00:24.818+0000] {dag.py:2941} INFO - Sync 1 DAGs
[2023-12-07T17:00:24.839+0000] {logging_mixin.py:154} INFO - [2023-12-07T17:00:24.839+0000] {dag.py:3722} INFO - Setting next_dagrun for example_short_circuit_operator to 2023-12-06T17:00:24.839130+00:00, run_after=2023-12-07T17:00:24.839130+00:00
[2023-12-07T17:00:24.863+0000] {processor.py:179} INFO - Processing /home/ubuntu/ec2_customer_chum_venv/lib/python3.10/site-packages/airflow/example_dags/example_short_circuit_operator.py took 0.080 seconds
[2023-12-07T17:01:12.237+0000] {processor.py:157} INFO - Started process (PID=5696) to work on /home/ubuntu/ec2_customer_chum_venv/lib/python3.10/site-packages/airflow/example_dags/example_short_circuit_operator.py
[2023-12-07T17:01:12.238+0000] {processor.py:829} INFO - Processing file /home/ubuntu/ec2_customer_chum_venv/lib/python3.10/site-packages/airflow/example_dags/example_short_circuit_operator.py for tasks to queue
[2023-12-07T17:01:12.239+0000] {logging_mixin.py:154} INFO - [2023-12-07T17:01:12.239+0000] {dagbag.py:536} INFO - Filling up the DagBag from /home/ubuntu/ec2_customer_chum_venv/lib/python3.10/site-packages/airflow/example_dags/example_short_circuit_operator.py
[2023-12-07T17:01:12.248+0000] {processor.py:839} INFO - DAG(s) dict_keys(['example_short_circuit_operator']) retrieved from /home/ubuntu/ec2_customer_chum_venv/lib/python3.10/site-packages/airflow/example_dags/example_short_circuit_operator.py
[2023-12-07T17:01:12.268+0000] {logging_mixin.py:154} INFO - [2023-12-07T17:01:12.268+0000] {dag.py:2941} INFO - Sync 1 DAGs
[2023-12-07T17:01:12.288+0000] {logging_mixin.py:154} INFO - [2023-12-07T17:01:12.288+0000] {dag.py:3722} INFO - Setting next_dagrun for example_short_circuit_operator to 2023-12-06T17:01:12.288120+00:00, run_after=2023-12-07T17:01:12.288120+00:00
[2023-12-07T17:01:12.311+0000] {processor.py:179} INFO - Processing /home/ubuntu/ec2_customer_chum_venv/lib/python3.10/site-packages/airflow/example_dags/example_short_circuit_operator.py took 0.078 seconds
[2023-12-07T17:01:56.521+0000] {processor.py:157} INFO - Started process (PID=5742) to work on /home/ubuntu/ec2_customer_chum_venv/lib/python3.10/site-packages/airflow/example_dags/example_short_circuit_operator.py
[2023-12-07T17:01:56.522+0000] {processor.py:829} INFO - Processing file /home/ubuntu/ec2_customer_chum_venv/lib/python3.10/site-packages/airflow/example_dags/example_short_circuit_operator.py for tasks to queue
[2023-12-07T17:01:56.523+0000] {logging_mixin.py:154} INFO - [2023-12-07T17:01:56.523+0000] {dagbag.py:536} INFO - Filling up the DagBag from /home/ubuntu/ec2_customer_chum_venv/lib/python3.10/site-packages/airflow/example_dags/example_short_circuit_operator.py
[2023-12-07T17:01:56.532+0000] {processor.py:839} INFO - DAG(s) dict_keys(['example_short_circuit_operator']) retrieved from /home/ubuntu/ec2_customer_chum_venv/lib/python3.10/site-packages/airflow/example_dags/example_short_circuit_operator.py
[2023-12-07T17:01:56.552+0000] {logging_mixin.py:154} INFO - [2023-12-07T17:01:56.552+0000] {dag.py:2941} INFO - Sync 1 DAGs
[2023-12-07T17:01:56.572+0000] {logging_mixin.py:154} INFO - [2023-12-07T17:01:56.572+0000] {dag.py:3722} INFO - Setting next_dagrun for example_short_circuit_operator to 2023-12-06T17:01:56.572154+00:00, run_after=2023-12-07T17:01:56.572154+00:00
[2023-12-07T17:01:56.595+0000] {processor.py:179} INFO - Processing /home/ubuntu/ec2_customer_chum_venv/lib/python3.10/site-packages/airflow/example_dags/example_short_circuit_operator.py took 0.077 seconds
[2023-12-07T17:02:43.802+0000] {processor.py:157} INFO - Started process (PID=5790) to work on /home/ubuntu/ec2_customer_chum_venv/lib/python3.10/site-packages/airflow/example_dags/example_short_circuit_operator.py
[2023-12-07T17:02:43.803+0000] {processor.py:829} INFO - Processing file /home/ubuntu/ec2_customer_chum_venv/lib/python3.10/site-packages/airflow/example_dags/example_short_circuit_operator.py for tasks to queue
[2023-12-07T17:02:43.804+0000] {logging_mixin.py:154} INFO - [2023-12-07T17:02:43.804+0000] {dagbag.py:536} INFO - Filling up the DagBag from /home/ubuntu/ec2_customer_chum_venv/lib/python3.10/site-packages/airflow/example_dags/example_short_circuit_operator.py
[2023-12-07T17:02:43.813+0000] {processor.py:839} INFO - DAG(s) dict_keys(['example_short_circuit_operator']) retrieved from /home/ubuntu/ec2_customer_chum_venv/lib/python3.10/site-packages/airflow/example_dags/example_short_circuit_operator.py
[2023-12-07T17:02:43.834+0000] {logging_mixin.py:154} INFO - [2023-12-07T17:02:43.833+0000] {dag.py:2941} INFO - Sync 1 DAGs
[2023-12-07T17:02:43.855+0000] {logging_mixin.py:154} INFO - [2023-12-07T17:02:43.854+0000] {dag.py:3722} INFO - Setting next_dagrun for example_short_circuit_operator to 2023-12-06T17:02:43.854622+00:00, run_after=2023-12-07T17:02:43.854622+00:00
[2023-12-07T17:02:43.878+0000] {processor.py:179} INFO - Processing /home/ubuntu/ec2_customer_chum_venv/lib/python3.10/site-packages/airflow/example_dags/example_short_circuit_operator.py took 0.080 seconds
[2023-12-07T17:03:32.360+0000] {processor.py:157} INFO - Started process (PID=5838) to work on /home/ubuntu/ec2_customer_chum_venv/lib/python3.10/site-packages/airflow/example_dags/example_short_circuit_operator.py
[2023-12-07T17:03:32.361+0000] {processor.py:829} INFO - Processing file /home/ubuntu/ec2_customer_chum_venv/lib/python3.10/site-packages/airflow/example_dags/example_short_circuit_operator.py for tasks to queue
[2023-12-07T17:03:32.362+0000] {logging_mixin.py:154} INFO - [2023-12-07T17:03:32.361+0000] {dagbag.py:536} INFO - Filling up the DagBag from /home/ubuntu/ec2_customer_chum_venv/lib/python3.10/site-packages/airflow/example_dags/example_short_circuit_operator.py
[2023-12-07T17:03:32.371+0000] {processor.py:839} INFO - DAG(s) dict_keys(['example_short_circuit_operator']) retrieved from /home/ubuntu/ec2_customer_chum_venv/lib/python3.10/site-packages/airflow/example_dags/example_short_circuit_operator.py
[2023-12-07T17:03:32.391+0000] {logging_mixin.py:154} INFO - [2023-12-07T17:03:32.391+0000] {dag.py:2941} INFO - Sync 1 DAGs
[2023-12-07T17:03:32.412+0000] {logging_mixin.py:154} INFO - [2023-12-07T17:03:32.411+0000] {dag.py:3722} INFO - Setting next_dagrun for example_short_circuit_operator to 2023-12-06T17:03:32.411665+00:00, run_after=2023-12-07T17:03:32.411665+00:00
[2023-12-07T17:03:32.436+0000] {processor.py:179} INFO - Processing /home/ubuntu/ec2_customer_chum_venv/lib/python3.10/site-packages/airflow/example_dags/example_short_circuit_operator.py took 0.080 seconds
[2023-12-07T17:04:15.080+0000] {processor.py:157} INFO - Started process (PID=5883) to work on /home/ubuntu/ec2_customer_chum_venv/lib/python3.10/site-packages/airflow/example_dags/example_short_circuit_operator.py
[2023-12-07T17:04:15.082+0000] {processor.py:829} INFO - Processing file /home/ubuntu/ec2_customer_chum_venv/lib/python3.10/site-packages/airflow/example_dags/example_short_circuit_operator.py for tasks to queue
[2023-12-07T17:04:15.083+0000] {logging_mixin.py:154} INFO - [2023-12-07T17:04:15.082+0000] {dagbag.py:536} INFO - Filling up the DagBag from /home/ubuntu/ec2_customer_chum_venv/lib/python3.10/site-packages/airflow/example_dags/example_short_circuit_operator.py
[2023-12-07T17:04:15.092+0000] {processor.py:839} INFO - DAG(s) dict_keys(['example_short_circuit_operator']) retrieved from /home/ubuntu/ec2_customer_chum_venv/lib/python3.10/site-packages/airflow/example_dags/example_short_circuit_operator.py
[2023-12-07T17:04:15.113+0000] {logging_mixin.py:154} INFO - [2023-12-07T17:04:15.113+0000] {dag.py:2941} INFO - Sync 1 DAGs
[2023-12-07T17:04:15.134+0000] {logging_mixin.py:154} INFO - [2023-12-07T17:04:15.133+0000] {dag.py:3722} INFO - Setting next_dagrun for example_short_circuit_operator to 2023-12-06T17:04:15.133715+00:00, run_after=2023-12-07T17:04:15.133715+00:00
[2023-12-07T17:04:15.156+0000] {processor.py:179} INFO - Processing /home/ubuntu/ec2_customer_chum_venv/lib/python3.10/site-packages/airflow/example_dags/example_short_circuit_operator.py took 0.080 seconds
[2023-12-07T17:05:02.967+0000] {processor.py:157} INFO - Started process (PID=5935) to work on /home/ubuntu/ec2_customer_chum_venv/lib/python3.10/site-packages/airflow/example_dags/example_short_circuit_operator.py
[2023-12-07T17:05:02.969+0000] {processor.py:829} INFO - Processing file /home/ubuntu/ec2_customer_chum_venv/lib/python3.10/site-packages/airflow/example_dags/example_short_circuit_operator.py for tasks to queue
[2023-12-07T17:05:02.970+0000] {logging_mixin.py:154} INFO - [2023-12-07T17:05:02.969+0000] {dagbag.py:536} INFO - Filling up the DagBag from /home/ubuntu/ec2_customer_chum_venv/lib/python3.10/site-packages/airflow/example_dags/example_short_circuit_operator.py
[2023-12-07T17:05:02.979+0000] {processor.py:839} INFO - DAG(s) dict_keys(['example_short_circuit_operator']) retrieved from /home/ubuntu/ec2_customer_chum_venv/lib/python3.10/site-packages/airflow/example_dags/example_short_circuit_operator.py
[2023-12-07T17:05:03.000+0000] {logging_mixin.py:154} INFO - [2023-12-07T17:05:02.999+0000] {dag.py:2941} INFO - Sync 1 DAGs
[2023-12-07T17:05:03.022+0000] {logging_mixin.py:154} INFO - [2023-12-07T17:05:03.022+0000] {dag.py:3722} INFO - Setting next_dagrun for example_short_circuit_operator to 2023-12-06T17:05:03.021833+00:00, run_after=2023-12-07T17:05:03.021833+00:00
[2023-12-07T17:05:03.050+0000] {processor.py:179} INFO - Processing /home/ubuntu/ec2_customer_chum_venv/lib/python3.10/site-packages/airflow/example_dags/example_short_circuit_operator.py took 0.086 seconds
[2023-12-07T17:05:44.171+0000] {processor.py:157} INFO - Started process (PID=5979) to work on /home/ubuntu/ec2_customer_chum_venv/lib/python3.10/site-packages/airflow/example_dags/example_short_circuit_operator.py
[2023-12-07T17:05:44.172+0000] {processor.py:829} INFO - Processing file /home/ubuntu/ec2_customer_chum_venv/lib/python3.10/site-packages/airflow/example_dags/example_short_circuit_operator.py for tasks to queue
[2023-12-07T17:05:44.173+0000] {logging_mixin.py:154} INFO - [2023-12-07T17:05:44.173+0000] {dagbag.py:536} INFO - Filling up the DagBag from /home/ubuntu/ec2_customer_chum_venv/lib/python3.10/site-packages/airflow/example_dags/example_short_circuit_operator.py
[2023-12-07T17:05:44.182+0000] {processor.py:839} INFO - DAG(s) dict_keys(['example_short_circuit_operator']) retrieved from /home/ubuntu/ec2_customer_chum_venv/lib/python3.10/site-packages/airflow/example_dags/example_short_circuit_operator.py
[2023-12-07T17:05:44.203+0000] {logging_mixin.py:154} INFO - [2023-12-07T17:05:44.202+0000] {dag.py:2941} INFO - Sync 1 DAGs
[2023-12-07T17:05:44.223+0000] {logging_mixin.py:154} INFO - [2023-12-07T17:05:44.222+0000] {dag.py:3722} INFO - Setting next_dagrun for example_short_circuit_operator to 2023-12-06T17:05:44.222614+00:00, run_after=2023-12-07T17:05:44.222614+00:00
[2023-12-07T17:05:44.299+0000] {processor.py:179} INFO - Processing /home/ubuntu/ec2_customer_chum_venv/lib/python3.10/site-packages/airflow/example_dags/example_short_circuit_operator.py took 0.132 seconds
[2023-12-07T17:06:28.964+0000] {processor.py:157} INFO - Started process (PID=6025) to work on /home/ubuntu/ec2_customer_chum_venv/lib/python3.10/site-packages/airflow/example_dags/example_short_circuit_operator.py
[2023-12-07T17:06:28.966+0000] {processor.py:829} INFO - Processing file /home/ubuntu/ec2_customer_chum_venv/lib/python3.10/site-packages/airflow/example_dags/example_short_circuit_operator.py for tasks to queue
[2023-12-07T17:06:28.966+0000] {logging_mixin.py:154} INFO - [2023-12-07T17:06:28.966+0000] {dagbag.py:536} INFO - Filling up the DagBag from /home/ubuntu/ec2_customer_chum_venv/lib/python3.10/site-packages/airflow/example_dags/example_short_circuit_operator.py
[2023-12-07T17:06:28.975+0000] {processor.py:839} INFO - DAG(s) dict_keys(['example_short_circuit_operator']) retrieved from /home/ubuntu/ec2_customer_chum_venv/lib/python3.10/site-packages/airflow/example_dags/example_short_circuit_operator.py
[2023-12-07T17:06:28.995+0000] {logging_mixin.py:154} INFO - [2023-12-07T17:06:28.995+0000] {dag.py:2941} INFO - Sync 1 DAGs
[2023-12-07T17:06:29.016+0000] {logging_mixin.py:154} INFO - [2023-12-07T17:06:29.016+0000] {dag.py:3722} INFO - Setting next_dagrun for example_short_circuit_operator to 2023-12-06T17:06:29.015972+00:00, run_after=2023-12-07T17:06:29.015972+00:00
[2023-12-07T17:06:29.039+0000] {processor.py:179} INFO - Processing /home/ubuntu/ec2_customer_chum_venv/lib/python3.10/site-packages/airflow/example_dags/example_short_circuit_operator.py took 0.078 seconds
[2023-12-07T17:07:15.531+0000] {processor.py:157} INFO - Started process (PID=6071) to work on /home/ubuntu/ec2_customer_chum_venv/lib/python3.10/site-packages/airflow/example_dags/example_short_circuit_operator.py
[2023-12-07T17:07:15.533+0000] {processor.py:829} INFO - Processing file /home/ubuntu/ec2_customer_chum_venv/lib/python3.10/site-packages/airflow/example_dags/example_short_circuit_operator.py for tasks to queue
[2023-12-07T17:07:15.534+0000] {logging_mixin.py:154} INFO - [2023-12-07T17:07:15.533+0000] {dagbag.py:536} INFO - Filling up the DagBag from /home/ubuntu/ec2_customer_chum_venv/lib/python3.10/site-packages/airflow/example_dags/example_short_circuit_operator.py
[2023-12-07T17:07:15.542+0000] {processor.py:839} INFO - DAG(s) dict_keys(['example_short_circuit_operator']) retrieved from /home/ubuntu/ec2_customer_chum_venv/lib/python3.10/site-packages/airflow/example_dags/example_short_circuit_operator.py
[2023-12-07T17:07:15.562+0000] {logging_mixin.py:154} INFO - [2023-12-07T17:07:15.562+0000] {dag.py:2941} INFO - Sync 1 DAGs
[2023-12-07T17:07:15.582+0000] {logging_mixin.py:154} INFO - [2023-12-07T17:07:15.582+0000] {dag.py:3722} INFO - Setting next_dagrun for example_short_circuit_operator to 2023-12-06T17:07:15.582339+00:00, run_after=2023-12-07T17:07:15.582339+00:00
[2023-12-07T17:07:15.605+0000] {processor.py:179} INFO - Processing /home/ubuntu/ec2_customer_chum_venv/lib/python3.10/site-packages/airflow/example_dags/example_short_circuit_operator.py took 0.076 seconds
[2023-12-07T17:07:59.815+0000] {processor.py:157} INFO - Started process (PID=6117) to work on /home/ubuntu/ec2_customer_chum_venv/lib/python3.10/site-packages/airflow/example_dags/example_short_circuit_operator.py
[2023-12-07T17:07:59.816+0000] {processor.py:829} INFO - Processing file /home/ubuntu/ec2_customer_chum_venv/lib/python3.10/site-packages/airflow/example_dags/example_short_circuit_operator.py for tasks to queue
[2023-12-07T17:07:59.817+0000] {logging_mixin.py:154} INFO - [2023-12-07T17:07:59.817+0000] {dagbag.py:536} INFO - Filling up the DagBag from /home/ubuntu/ec2_customer_chum_venv/lib/python3.10/site-packages/airflow/example_dags/example_short_circuit_operator.py
[2023-12-07T17:07:59.826+0000] {processor.py:839} INFO - DAG(s) dict_keys(['example_short_circuit_operator']) retrieved from /home/ubuntu/ec2_customer_chum_venv/lib/python3.10/site-packages/airflow/example_dags/example_short_circuit_operator.py
[2023-12-07T17:07:59.846+0000] {logging_mixin.py:154} INFO - [2023-12-07T17:07:59.846+0000] {dag.py:2941} INFO - Sync 1 DAGs
[2023-12-07T17:07:59.866+0000] {logging_mixin.py:154} INFO - [2023-12-07T17:07:59.866+0000] {dag.py:3722} INFO - Setting next_dagrun for example_short_circuit_operator to 2023-12-06T17:07:59.866347+00:00, run_after=2023-12-07T17:07:59.866347+00:00
[2023-12-07T17:07:59.888+0000] {processor.py:179} INFO - Processing /home/ubuntu/ec2_customer_chum_venv/lib/python3.10/site-packages/airflow/example_dags/example_short_circuit_operator.py took 0.076 seconds
[2023-12-07T17:08:46.389+0000] {processor.py:157} INFO - Started process (PID=6164) to work on /home/ubuntu/ec2_customer_chum_venv/lib/python3.10/site-packages/airflow/example_dags/example_short_circuit_operator.py
[2023-12-07T17:08:46.390+0000] {processor.py:829} INFO - Processing file /home/ubuntu/ec2_customer_chum_venv/lib/python3.10/site-packages/airflow/example_dags/example_short_circuit_operator.py for tasks to queue
[2023-12-07T17:08:46.391+0000] {logging_mixin.py:154} INFO - [2023-12-07T17:08:46.390+0000] {dagbag.py:536} INFO - Filling up the DagBag from /home/ubuntu/ec2_customer_chum_venv/lib/python3.10/site-packages/airflow/example_dags/example_short_circuit_operator.py
[2023-12-07T17:08:46.400+0000] {processor.py:839} INFO - DAG(s) dict_keys(['example_short_circuit_operator']) retrieved from /home/ubuntu/ec2_customer_chum_venv/lib/python3.10/site-packages/airflow/example_dags/example_short_circuit_operator.py
[2023-12-07T17:08:46.420+0000] {logging_mixin.py:154} INFO - [2023-12-07T17:08:46.420+0000] {dag.py:2941} INFO - Sync 1 DAGs
[2023-12-07T17:08:46.442+0000] {logging_mixin.py:154} INFO - [2023-12-07T17:08:46.442+0000] {dag.py:3722} INFO - Setting next_dagrun for example_short_circuit_operator to 2023-12-06T17:08:46.441778+00:00, run_after=2023-12-07T17:08:46.441778+00:00
[2023-12-07T17:08:46.465+0000] {processor.py:179} INFO - Processing /home/ubuntu/ec2_customer_chum_venv/lib/python3.10/site-packages/airflow/example_dags/example_short_circuit_operator.py took 0.080 seconds
[2023-12-07T17:09:30.742+0000] {processor.py:157} INFO - Started process (PID=6211) to work on /home/ubuntu/ec2_customer_chum_venv/lib/python3.10/site-packages/airflow/example_dags/example_short_circuit_operator.py
[2023-12-07T17:09:30.744+0000] {processor.py:829} INFO - Processing file /home/ubuntu/ec2_customer_chum_venv/lib/python3.10/site-packages/airflow/example_dags/example_short_circuit_operator.py for tasks to queue
[2023-12-07T17:09:30.745+0000] {logging_mixin.py:154} INFO - [2023-12-07T17:09:30.744+0000] {dagbag.py:536} INFO - Filling up the DagBag from /home/ubuntu/ec2_customer_chum_venv/lib/python3.10/site-packages/airflow/example_dags/example_short_circuit_operator.py
[2023-12-07T17:09:30.754+0000] {processor.py:839} INFO - DAG(s) dict_keys(['example_short_circuit_operator']) retrieved from /home/ubuntu/ec2_customer_chum_venv/lib/python3.10/site-packages/airflow/example_dags/example_short_circuit_operator.py
[2023-12-07T17:09:30.774+0000] {logging_mixin.py:154} INFO - [2023-12-07T17:09:30.774+0000] {dag.py:2941} INFO - Sync 1 DAGs
[2023-12-07T17:09:30.795+0000] {logging_mixin.py:154} INFO - [2023-12-07T17:09:30.794+0000] {dag.py:3722} INFO - Setting next_dagrun for example_short_circuit_operator to 2023-12-06T17:09:30.794587+00:00, run_after=2023-12-07T17:09:30.794587+00:00
[2023-12-07T17:09:30.822+0000] {processor.py:179} INFO - Processing /home/ubuntu/ec2_customer_chum_venv/lib/python3.10/site-packages/airflow/example_dags/example_short_circuit_operator.py took 0.083 seconds
[2023-12-07T17:10:11.958+0000] {processor.py:157} INFO - Started process (PID=6253) to work on /home/ubuntu/ec2_customer_chum_venv/lib/python3.10/site-packages/airflow/example_dags/example_short_circuit_operator.py
[2023-12-07T17:10:11.960+0000] {processor.py:829} INFO - Processing file /home/ubuntu/ec2_customer_chum_venv/lib/python3.10/site-packages/airflow/example_dags/example_short_circuit_operator.py for tasks to queue
[2023-12-07T17:10:11.961+0000] {logging_mixin.py:154} INFO - [2023-12-07T17:10:11.960+0000] {dagbag.py:536} INFO - Filling up the DagBag from /home/ubuntu/ec2_customer_chum_venv/lib/python3.10/site-packages/airflow/example_dags/example_short_circuit_operator.py
[2023-12-07T17:10:11.970+0000] {processor.py:839} INFO - DAG(s) dict_keys(['example_short_circuit_operator']) retrieved from /home/ubuntu/ec2_customer_chum_venv/lib/python3.10/site-packages/airflow/example_dags/example_short_circuit_operator.py
[2023-12-07T17:10:11.991+0000] {logging_mixin.py:154} INFO - [2023-12-07T17:10:11.991+0000] {dag.py:2941} INFO - Sync 1 DAGs
[2023-12-07T17:10:12.015+0000] {logging_mixin.py:154} INFO - [2023-12-07T17:10:12.015+0000] {dag.py:3722} INFO - Setting next_dagrun for example_short_circuit_operator to 2023-12-06T17:10:12.014803+00:00, run_after=2023-12-07T17:10:12.014803+00:00
[2023-12-07T17:10:12.042+0000] {processor.py:179} INFO - Processing /home/ubuntu/ec2_customer_chum_venv/lib/python3.10/site-packages/airflow/example_dags/example_short_circuit_operator.py took 0.087 seconds
[2023-12-07T17:10:58.305+0000] {processor.py:157} INFO - Started process (PID=6301) to work on /home/ubuntu/ec2_customer_chum_venv/lib/python3.10/site-packages/airflow/example_dags/example_short_circuit_operator.py
[2023-12-07T17:10:58.306+0000] {processor.py:829} INFO - Processing file /home/ubuntu/ec2_customer_chum_venv/lib/python3.10/site-packages/airflow/example_dags/example_short_circuit_operator.py for tasks to queue
[2023-12-07T17:10:58.307+0000] {logging_mixin.py:154} INFO - [2023-12-07T17:10:58.307+0000] {dagbag.py:536} INFO - Filling up the DagBag from /home/ubuntu/ec2_customer_chum_venv/lib/python3.10/site-packages/airflow/example_dags/example_short_circuit_operator.py
[2023-12-07T17:10:58.316+0000] {processor.py:839} INFO - DAG(s) dict_keys(['example_short_circuit_operator']) retrieved from /home/ubuntu/ec2_customer_chum_venv/lib/python3.10/site-packages/airflow/example_dags/example_short_circuit_operator.py
[2023-12-07T17:10:58.336+0000] {logging_mixin.py:154} INFO - [2023-12-07T17:10:58.336+0000] {dag.py:2941} INFO - Sync 1 DAGs
[2023-12-07T17:10:58.357+0000] {logging_mixin.py:154} INFO - [2023-12-07T17:10:58.356+0000] {dag.py:3722} INFO - Setting next_dagrun for example_short_circuit_operator to 2023-12-06T17:10:58.356564+00:00, run_after=2023-12-07T17:10:58.356564+00:00
[2023-12-07T17:10:58.380+0000] {processor.py:179} INFO - Processing /home/ubuntu/ec2_customer_chum_venv/lib/python3.10/site-packages/airflow/example_dags/example_short_circuit_operator.py took 0.079 seconds
[2023-12-07T17:11:44.657+0000] {processor.py:157} INFO - Started process (PID=6352) to work on /home/ubuntu/ec2_customer_chum_venv/lib/python3.10/site-packages/airflow/example_dags/example_short_circuit_operator.py
[2023-12-07T17:11:44.658+0000] {processor.py:829} INFO - Processing file /home/ubuntu/ec2_customer_chum_venv/lib/python3.10/site-packages/airflow/example_dags/example_short_circuit_operator.py for tasks to queue
[2023-12-07T17:11:44.659+0000] {logging_mixin.py:154} INFO - [2023-12-07T17:11:44.659+0000] {dagbag.py:536} INFO - Filling up the DagBag from /home/ubuntu/ec2_customer_chum_venv/lib/python3.10/site-packages/airflow/example_dags/example_short_circuit_operator.py
[2023-12-07T17:11:44.668+0000] {processor.py:839} INFO - DAG(s) dict_keys(['example_short_circuit_operator']) retrieved from /home/ubuntu/ec2_customer_chum_venv/lib/python3.10/site-packages/airflow/example_dags/example_short_circuit_operator.py
[2023-12-07T17:11:44.688+0000] {logging_mixin.py:154} INFO - [2023-12-07T17:11:44.688+0000] {dag.py:2941} INFO - Sync 1 DAGs
[2023-12-07T17:11:44.708+0000] {logging_mixin.py:154} INFO - [2023-12-07T17:11:44.708+0000] {dag.py:3722} INFO - Setting next_dagrun for example_short_circuit_operator to 2023-12-06T17:11:44.708289+00:00, run_after=2023-12-07T17:11:44.708289+00:00
[2023-12-07T17:11:44.730+0000] {processor.py:179} INFO - Processing /home/ubuntu/ec2_customer_chum_venv/lib/python3.10/site-packages/airflow/example_dags/example_short_circuit_operator.py took 0.077 seconds
[2023-12-07T17:12:29.414+0000] {processor.py:157} INFO - Started process (PID=6398) to work on /home/ubuntu/ec2_customer_chum_venv/lib/python3.10/site-packages/airflow/example_dags/example_short_circuit_operator.py
[2023-12-07T17:12:29.416+0000] {processor.py:829} INFO - Processing file /home/ubuntu/ec2_customer_chum_venv/lib/python3.10/site-packages/airflow/example_dags/example_short_circuit_operator.py for tasks to queue
[2023-12-07T17:12:29.416+0000] {logging_mixin.py:154} INFO - [2023-12-07T17:12:29.416+0000] {dagbag.py:536} INFO - Filling up the DagBag from /home/ubuntu/ec2_customer_chum_venv/lib/python3.10/site-packages/airflow/example_dags/example_short_circuit_operator.py
[2023-12-07T17:12:29.425+0000] {processor.py:839} INFO - DAG(s) dict_keys(['example_short_circuit_operator']) retrieved from /home/ubuntu/ec2_customer_chum_venv/lib/python3.10/site-packages/airflow/example_dags/example_short_circuit_operator.py
[2023-12-07T17:12:29.445+0000] {logging_mixin.py:154} INFO - [2023-12-07T17:12:29.445+0000] {dag.py:2941} INFO - Sync 1 DAGs
[2023-12-07T17:12:29.465+0000] {logging_mixin.py:154} INFO - [2023-12-07T17:12:29.465+0000] {dag.py:3722} INFO - Setting next_dagrun for example_short_circuit_operator to 2023-12-06T17:12:29.464850+00:00, run_after=2023-12-07T17:12:29.464850+00:00
[2023-12-07T17:12:29.488+0000] {processor.py:179} INFO - Processing /home/ubuntu/ec2_customer_chum_venv/lib/python3.10/site-packages/airflow/example_dags/example_short_circuit_operator.py took 0.077 seconds
[2023-12-07T17:13:17.550+0000] {processor.py:157} INFO - Started process (PID=6534) to work on /home/ubuntu/ec2_customer_chum_venv/lib/python3.10/site-packages/airflow/example_dags/example_short_circuit_operator.py
[2023-12-07T17:13:17.552+0000] {processor.py:829} INFO - Processing file /home/ubuntu/ec2_customer_chum_venv/lib/python3.10/site-packages/airflow/example_dags/example_short_circuit_operator.py for tasks to queue
[2023-12-07T17:13:17.552+0000] {logging_mixin.py:154} INFO - [2023-12-07T17:13:17.552+0000] {dagbag.py:536} INFO - Filling up the DagBag from /home/ubuntu/ec2_customer_chum_venv/lib/python3.10/site-packages/airflow/example_dags/example_short_circuit_operator.py
[2023-12-07T17:13:17.561+0000] {processor.py:839} INFO - DAG(s) dict_keys(['example_short_circuit_operator']) retrieved from /home/ubuntu/ec2_customer_chum_venv/lib/python3.10/site-packages/airflow/example_dags/example_short_circuit_operator.py
[2023-12-07T17:13:17.582+0000] {logging_mixin.py:154} INFO - [2023-12-07T17:13:17.581+0000] {dag.py:2941} INFO - Sync 1 DAGs
[2023-12-07T17:13:17.602+0000] {logging_mixin.py:154} INFO - [2023-12-07T17:13:17.602+0000] {dag.py:3722} INFO - Setting next_dagrun for example_short_circuit_operator to 2023-12-06T17:13:17.601749+00:00, run_after=2023-12-07T17:13:17.601749+00:00
[2023-12-07T17:13:17.626+0000] {processor.py:179} INFO - Processing /home/ubuntu/ec2_customer_chum_venv/lib/python3.10/site-packages/airflow/example_dags/example_short_circuit_operator.py took 0.080 seconds
[2023-12-07T17:13:59.900+0000] {processor.py:157} INFO - Started process (PID=6580) to work on /home/ubuntu/ec2_customer_chum_venv/lib/python3.10/site-packages/airflow/example_dags/example_short_circuit_operator.py
[2023-12-07T17:13:59.901+0000] {processor.py:829} INFO - Processing file /home/ubuntu/ec2_customer_chum_venv/lib/python3.10/site-packages/airflow/example_dags/example_short_circuit_operator.py for tasks to queue
[2023-12-07T17:13:59.902+0000] {logging_mixin.py:154} INFO - [2023-12-07T17:13:59.902+0000] {dagbag.py:536} INFO - Filling up the DagBag from /home/ubuntu/ec2_customer_chum_venv/lib/python3.10/site-packages/airflow/example_dags/example_short_circuit_operator.py
[2023-12-07T17:13:59.911+0000] {processor.py:839} INFO - DAG(s) dict_keys(['example_short_circuit_operator']) retrieved from /home/ubuntu/ec2_customer_chum_venv/lib/python3.10/site-packages/airflow/example_dags/example_short_circuit_operator.py
[2023-12-07T17:13:59.930+0000] {logging_mixin.py:154} INFO - [2023-12-07T17:13:59.930+0000] {dag.py:2941} INFO - Sync 1 DAGs
[2023-12-07T17:13:59.951+0000] {logging_mixin.py:154} INFO - [2023-12-07T17:13:59.951+0000] {dag.py:3722} INFO - Setting next_dagrun for example_short_circuit_operator to 2023-12-06T17:13:59.951005+00:00, run_after=2023-12-07T17:13:59.951005+00:00
[2023-12-07T17:13:59.974+0000] {processor.py:179} INFO - Processing /home/ubuntu/ec2_customer_chum_venv/lib/python3.10/site-packages/airflow/example_dags/example_short_circuit_operator.py took 0.077 seconds
[2023-12-07T17:14:46.262+0000] {processor.py:157} INFO - Started process (PID=6684) to work on /home/ubuntu/ec2_customer_chum_venv/lib/python3.10/site-packages/airflow/example_dags/example_short_circuit_operator.py
[2023-12-07T17:14:46.263+0000] {processor.py:829} INFO - Processing file /home/ubuntu/ec2_customer_chum_venv/lib/python3.10/site-packages/airflow/example_dags/example_short_circuit_operator.py for tasks to queue
[2023-12-07T17:14:46.264+0000] {logging_mixin.py:154} INFO - [2023-12-07T17:14:46.264+0000] {dagbag.py:536} INFO - Filling up the DagBag from /home/ubuntu/ec2_customer_chum_venv/lib/python3.10/site-packages/airflow/example_dags/example_short_circuit_operator.py
[2023-12-07T17:14:46.273+0000] {processor.py:839} INFO - DAG(s) dict_keys(['example_short_circuit_operator']) retrieved from /home/ubuntu/ec2_customer_chum_venv/lib/python3.10/site-packages/airflow/example_dags/example_short_circuit_operator.py
[2023-12-07T17:14:46.293+0000] {logging_mixin.py:154} INFO - [2023-12-07T17:14:46.292+0000] {dag.py:2941} INFO - Sync 1 DAGs
[2023-12-07T17:14:46.313+0000] {logging_mixin.py:154} INFO - [2023-12-07T17:14:46.313+0000] {dag.py:3722} INFO - Setting next_dagrun for example_short_circuit_operator to 2023-12-06T17:14:46.313235+00:00, run_after=2023-12-07T17:14:46.313235+00:00
[2023-12-07T17:14:46.337+0000] {processor.py:179} INFO - Processing /home/ubuntu/ec2_customer_chum_venv/lib/python3.10/site-packages/airflow/example_dags/example_short_circuit_operator.py took 0.078 seconds
[2023-12-07T17:15:28.565+0000] {processor.py:157} INFO - Started process (PID=6738) to work on /home/ubuntu/ec2_customer_chum_venv/lib/python3.10/site-packages/airflow/example_dags/example_short_circuit_operator.py
[2023-12-07T17:15:28.566+0000] {processor.py:829} INFO - Processing file /home/ubuntu/ec2_customer_chum_venv/lib/python3.10/site-packages/airflow/example_dags/example_short_circuit_operator.py for tasks to queue
[2023-12-07T17:15:28.567+0000] {logging_mixin.py:154} INFO - [2023-12-07T17:15:28.567+0000] {dagbag.py:536} INFO - Filling up the DagBag from /home/ubuntu/ec2_customer_chum_venv/lib/python3.10/site-packages/airflow/example_dags/example_short_circuit_operator.py
[2023-12-07T17:15:28.576+0000] {processor.py:839} INFO - DAG(s) dict_keys(['example_short_circuit_operator']) retrieved from /home/ubuntu/ec2_customer_chum_venv/lib/python3.10/site-packages/airflow/example_dags/example_short_circuit_operator.py
[2023-12-07T17:15:28.597+0000] {logging_mixin.py:154} INFO - [2023-12-07T17:15:28.596+0000] {dag.py:2941} INFO - Sync 1 DAGs
[2023-12-07T17:15:28.617+0000] {logging_mixin.py:154} INFO - [2023-12-07T17:15:28.617+0000] {dag.py:3722} INFO - Setting next_dagrun for example_short_circuit_operator to 2023-12-06T17:15:28.617397+00:00, run_after=2023-12-07T17:15:28.617397+00:00
[2023-12-07T17:15:28.642+0000] {processor.py:179} INFO - Processing /home/ubuntu/ec2_customer_chum_venv/lib/python3.10/site-packages/airflow/example_dags/example_short_circuit_operator.py took 0.081 seconds
