[2023-12-07T16:49:45.415+0000] {processor.py:157} INFO - Started process (PID=4997) to work on /home/ubuntu/ec2_customer_chum_venv/lib/python3.10/site-packages/airflow/example_dags/example_branch_datetime_operator.py
[2023-12-07T16:49:45.415+0000] {processor.py:829} INFO - Processing file /home/ubuntu/ec2_customer_chum_venv/lib/python3.10/site-packages/airflow/example_dags/example_branch_datetime_operator.py for tasks to queue
[2023-12-07T16:49:45.416+0000] {logging_mixin.py:154} INFO - [2023-12-07T16:49:45.416+0000] {dagbag.py:536} INFO - Filling up the DagBag from /home/ubuntu/ec2_customer_chum_venv/lib/python3.10/site-packages/airflow/example_dags/example_branch_datetime_operator.py
[2023-12-07T16:49:45.427+0000] {processor.py:839} INFO - DAG(s) dict_keys(['example_branch_datetime_operator', 'example_branch_datetime_operator_2', 'example_branch_datetime_operator_3']) retrieved from /home/ubuntu/ec2_customer_chum_venv/lib/python3.10/site-packages/airflow/example_dags/example_branch_datetime_operator.py
[2023-12-07T16:49:45.545+0000] {logging_mixin.py:154} INFO - [2023-12-07T16:49:45.545+0000] {manager.py:499} INFO - Created Permission View: %s
[2023-12-07T16:49:45.558+0000] {logging_mixin.py:154} INFO - [2023-12-07T16:49:45.558+0000] {manager.py:499} INFO - Created Permission View: %s
[2023-12-07T16:49:45.569+0000] {logging_mixin.py:154} INFO - [2023-12-07T16:49:45.569+0000] {manager.py:499} INFO - Created Permission View: %s
[2023-12-07T16:49:45.592+0000] {logging_mixin.py:154} INFO - [2023-12-07T16:49:45.592+0000] {manager.py:499} INFO - Created Permission View: %s
[2023-12-07T16:49:45.603+0000] {logging_mixin.py:154} INFO - [2023-12-07T16:49:45.603+0000] {manager.py:499} INFO - Created Permission View: %s
[2023-12-07T16:49:45.613+0000] {logging_mixin.py:154} INFO - [2023-12-07T16:49:45.613+0000] {manager.py:499} INFO - Created Permission View: %s
[2023-12-07T16:49:45.636+0000] {logging_mixin.py:154} INFO - [2023-12-07T16:49:45.635+0000] {manager.py:499} INFO - Created Permission View: %s
[2023-12-07T16:49:45.646+0000] {logging_mixin.py:154} INFO - [2023-12-07T16:49:45.646+0000] {manager.py:499} INFO - Created Permission View: %s
[2023-12-07T16:49:45.657+0000] {logging_mixin.py:154} INFO - [2023-12-07T16:49:45.656+0000] {manager.py:499} INFO - Created Permission View: %s
[2023-12-07T16:49:45.657+0000] {logging_mixin.py:154} INFO - [2023-12-07T16:49:45.657+0000] {dag.py:2941} INFO - Sync 3 DAGs
[2023-12-07T16:49:45.668+0000] {logging_mixin.py:154} INFO - [2023-12-07T16:49:45.668+0000] {dag.py:2963} INFO - Creating ORM DAG for example_branch_datetime_operator_3
[2023-12-07T16:49:45.669+0000] {logging_mixin.py:154} INFO - [2023-12-07T16:49:45.669+0000] {dag.py:2963} INFO - Creating ORM DAG for example_branch_datetime_operator
[2023-12-07T16:49:45.669+0000] {logging_mixin.py:154} INFO - [2023-12-07T16:49:45.669+0000] {dag.py:2963} INFO - Creating ORM DAG for example_branch_datetime_operator_2
[2023-12-07T16:49:45.680+0000] {logging_mixin.py:154} INFO - [2023-12-07T16:49:45.680+0000] {dag.py:3722} INFO - Setting next_dagrun for example_branch_datetime_operator to 2023-12-06T00:00:00+00:00, run_after=2023-12-07T00:00:00+00:00
[2023-12-07T16:49:45.682+0000] {logging_mixin.py:154} INFO - [2023-12-07T16:49:45.682+0000] {dag.py:3722} INFO - Setting next_dagrun for example_branch_datetime_operator_2 to 2023-12-06T00:00:00+00:00, run_after=2023-12-07T00:00:00+00:00
[2023-12-07T16:49:45.684+0000] {logging_mixin.py:154} INFO - [2023-12-07T16:49:45.684+0000] {dag.py:3722} INFO - Setting next_dagrun for example_branch_datetime_operator_3 to 2023-12-06T00:00:00+00:00, run_after=2023-12-07T00:00:00+00:00
[2023-12-07T16:49:45.708+0000] {processor.py:179} INFO - Processing /home/ubuntu/ec2_customer_chum_venv/lib/python3.10/site-packages/airflow/example_dags/example_branch_datetime_operator.py took 0.297 seconds
[2023-12-07T16:50:39.411+0000] {processor.py:157} INFO - Started process (PID=5050) to work on /home/ubuntu/ec2_customer_chum_venv/lib/python3.10/site-packages/airflow/example_dags/example_branch_datetime_operator.py
[2023-12-07T16:50:39.413+0000] {processor.py:829} INFO - Processing file /home/ubuntu/ec2_customer_chum_venv/lib/python3.10/site-packages/airflow/example_dags/example_branch_datetime_operator.py for tasks to queue
[2023-12-07T16:50:39.414+0000] {logging_mixin.py:154} INFO - [2023-12-07T16:50:39.413+0000] {dagbag.py:536} INFO - Filling up the DagBag from /home/ubuntu/ec2_customer_chum_venv/lib/python3.10/site-packages/airflow/example_dags/example_branch_datetime_operator.py
[2023-12-07T16:50:39.424+0000] {processor.py:839} INFO - DAG(s) dict_keys(['example_branch_datetime_operator', 'example_branch_datetime_operator_2', 'example_branch_datetime_operator_3']) retrieved from /home/ubuntu/ec2_customer_chum_venv/lib/python3.10/site-packages/airflow/example_dags/example_branch_datetime_operator.py
[2023-12-07T16:50:39.447+0000] {logging_mixin.py:154} INFO - [2023-12-07T16:50:39.447+0000] {dag.py:2941} INFO - Sync 3 DAGs
[2023-12-07T16:50:39.469+0000] {logging_mixin.py:154} INFO - [2023-12-07T16:50:39.469+0000] {dag.py:3722} INFO - Setting next_dagrun for example_branch_datetime_operator to 2023-12-06T00:00:00+00:00, run_after=2023-12-07T00:00:00+00:00
[2023-12-07T16:50:39.474+0000] {logging_mixin.py:154} INFO - [2023-12-07T16:50:39.473+0000] {dag.py:3722} INFO - Setting next_dagrun for example_branch_datetime_operator_2 to 2023-12-06T00:00:00+00:00, run_after=2023-12-07T00:00:00+00:00
[2023-12-07T16:50:39.476+0000] {logging_mixin.py:154} INFO - [2023-12-07T16:50:39.476+0000] {dag.py:3722} INFO - Setting next_dagrun for example_branch_datetime_operator_3 to 2023-12-06T00:00:00+00:00, run_after=2023-12-07T00:00:00+00:00
[2023-12-07T16:50:39.497+0000] {processor.py:179} INFO - Processing /home/ubuntu/ec2_customer_chum_venv/lib/python3.10/site-packages/airflow/example_dags/example_branch_datetime_operator.py took 0.089 seconds
[2023-12-07T16:51:28.257+0000] {processor.py:157} INFO - Started process (PID=5100) to work on /home/ubuntu/ec2_customer_chum_venv/lib/python3.10/site-packages/airflow/example_dags/example_branch_datetime_operator.py
[2023-12-07T16:51:28.259+0000] {processor.py:829} INFO - Processing file /home/ubuntu/ec2_customer_chum_venv/lib/python3.10/site-packages/airflow/example_dags/example_branch_datetime_operator.py for tasks to queue
[2023-12-07T16:51:28.260+0000] {logging_mixin.py:154} INFO - [2023-12-07T16:51:28.260+0000] {dagbag.py:536} INFO - Filling up the DagBag from /home/ubuntu/ec2_customer_chum_venv/lib/python3.10/site-packages/airflow/example_dags/example_branch_datetime_operator.py
[2023-12-07T16:51:28.271+0000] {processor.py:839} INFO - DAG(s) dict_keys(['example_branch_datetime_operator_2', 'example_branch_datetime_operator_3', 'example_branch_datetime_operator']) retrieved from /home/ubuntu/ec2_customer_chum_venv/lib/python3.10/site-packages/airflow/example_dags/example_branch_datetime_operator.py
[2023-12-07T16:51:28.295+0000] {logging_mixin.py:154} INFO - [2023-12-07T16:51:28.295+0000] {dag.py:2941} INFO - Sync 3 DAGs
[2023-12-07T16:51:28.317+0000] {logging_mixin.py:154} INFO - [2023-12-07T16:51:28.317+0000] {dag.py:3722} INFO - Setting next_dagrun for example_branch_datetime_operator to 2023-12-06T00:00:00+00:00, run_after=2023-12-07T00:00:00+00:00
[2023-12-07T16:51:28.322+0000] {logging_mixin.py:154} INFO - [2023-12-07T16:51:28.322+0000] {dag.py:3722} INFO - Setting next_dagrun for example_branch_datetime_operator_2 to 2023-12-06T00:00:00+00:00, run_after=2023-12-07T00:00:00+00:00
[2023-12-07T16:51:28.324+0000] {logging_mixin.py:154} INFO - [2023-12-07T16:51:28.324+0000] {dag.py:3722} INFO - Setting next_dagrun for example_branch_datetime_operator_3 to 2023-12-06T00:00:00+00:00, run_after=2023-12-07T00:00:00+00:00
[2023-12-07T16:51:28.345+0000] {processor.py:179} INFO - Processing /home/ubuntu/ec2_customer_chum_venv/lib/python3.10/site-packages/airflow/example_dags/example_branch_datetime_operator.py took 0.091 seconds
[2023-12-07T16:52:17.253+0000] {processor.py:157} INFO - Started process (PID=5153) to work on /home/ubuntu/ec2_customer_chum_venv/lib/python3.10/site-packages/airflow/example_dags/example_branch_datetime_operator.py
[2023-12-07T16:52:17.254+0000] {processor.py:829} INFO - Processing file /home/ubuntu/ec2_customer_chum_venv/lib/python3.10/site-packages/airflow/example_dags/example_branch_datetime_operator.py for tasks to queue
[2023-12-07T16:52:17.255+0000] {logging_mixin.py:154} INFO - [2023-12-07T16:52:17.255+0000] {dagbag.py:536} INFO - Filling up the DagBag from /home/ubuntu/ec2_customer_chum_venv/lib/python3.10/site-packages/airflow/example_dags/example_branch_datetime_operator.py
[2023-12-07T16:52:17.266+0000] {processor.py:839} INFO - DAG(s) dict_keys(['example_branch_datetime_operator_3', 'example_branch_datetime_operator', 'example_branch_datetime_operator_2']) retrieved from /home/ubuntu/ec2_customer_chum_venv/lib/python3.10/site-packages/airflow/example_dags/example_branch_datetime_operator.py
[2023-12-07T16:52:17.289+0000] {logging_mixin.py:154} INFO - [2023-12-07T16:52:17.289+0000] {dag.py:2941} INFO - Sync 3 DAGs
[2023-12-07T16:52:17.313+0000] {logging_mixin.py:154} INFO - [2023-12-07T16:52:17.313+0000] {dag.py:3722} INFO - Setting next_dagrun for example_branch_datetime_operator to 2023-12-06T00:00:00+00:00, run_after=2023-12-07T00:00:00+00:00
[2023-12-07T16:52:17.318+0000] {logging_mixin.py:154} INFO - [2023-12-07T16:52:17.318+0000] {dag.py:3722} INFO - Setting next_dagrun for example_branch_datetime_operator_2 to 2023-12-06T00:00:00+00:00, run_after=2023-12-07T00:00:00+00:00
[2023-12-07T16:52:17.320+0000] {logging_mixin.py:154} INFO - [2023-12-07T16:52:17.320+0000] {dag.py:3722} INFO - Setting next_dagrun for example_branch_datetime_operator_3 to 2023-12-06T00:00:00+00:00, run_after=2023-12-07T00:00:00+00:00
[2023-12-07T16:52:17.341+0000] {processor.py:179} INFO - Processing /home/ubuntu/ec2_customer_chum_venv/lib/python3.10/site-packages/airflow/example_dags/example_branch_datetime_operator.py took 0.091 seconds
[2023-12-07T16:54:13.106+0000] {processor.py:157} INFO - Started process (PID=5260) to work on /home/ubuntu/ec2_customer_chum_venv/lib/python3.10/site-packages/airflow/example_dags/example_branch_datetime_operator.py
[2023-12-07T16:54:13.110+0000] {processor.py:829} INFO - Processing file /home/ubuntu/ec2_customer_chum_venv/lib/python3.10/site-packages/airflow/example_dags/example_branch_datetime_operator.py for tasks to queue
[2023-12-07T16:54:13.111+0000] {logging_mixin.py:154} INFO - [2023-12-07T16:54:13.111+0000] {dagbag.py:536} INFO - Filling up the DagBag from /home/ubuntu/ec2_customer_chum_venv/lib/python3.10/site-packages/airflow/example_dags/example_branch_datetime_operator.py
[2023-12-07T16:54:13.122+0000] {processor.py:839} INFO - DAG(s) dict_keys(['example_branch_datetime_operator_2', 'example_branch_datetime_operator_3', 'example_branch_datetime_operator']) retrieved from /home/ubuntu/ec2_customer_chum_venv/lib/python3.10/site-packages/airflow/example_dags/example_branch_datetime_operator.py
[2023-12-07T16:54:13.147+0000] {logging_mixin.py:154} INFO - [2023-12-07T16:54:13.147+0000] {dag.py:2941} INFO - Sync 3 DAGs
[2023-12-07T16:54:13.169+0000] {logging_mixin.py:154} INFO - [2023-12-07T16:54:13.169+0000] {dag.py:3722} INFO - Setting next_dagrun for example_branch_datetime_operator to 2023-12-06T00:00:00+00:00, run_after=2023-12-07T00:00:00+00:00
[2023-12-07T16:54:13.174+0000] {logging_mixin.py:154} INFO - [2023-12-07T16:54:13.174+0000] {dag.py:3722} INFO - Setting next_dagrun for example_branch_datetime_operator_2 to 2023-12-06T00:00:00+00:00, run_after=2023-12-07T00:00:00+00:00
[2023-12-07T16:54:13.177+0000] {logging_mixin.py:154} INFO - [2023-12-07T16:54:13.176+0000] {dag.py:3722} INFO - Setting next_dagrun for example_branch_datetime_operator_3 to 2023-12-06T00:00:00+00:00, run_after=2023-12-07T00:00:00+00:00
[2023-12-07T16:54:13.197+0000] {processor.py:179} INFO - Processing /home/ubuntu/ec2_customer_chum_venv/lib/python3.10/site-packages/airflow/example_dags/example_branch_datetime_operator.py took 0.103 seconds
[2023-12-07T16:54:59.550+0000] {processor.py:157} INFO - Started process (PID=5308) to work on /home/ubuntu/ec2_customer_chum_venv/lib/python3.10/site-packages/airflow/example_dags/example_branch_datetime_operator.py
[2023-12-07T16:54:59.552+0000] {processor.py:829} INFO - Processing file /home/ubuntu/ec2_customer_chum_venv/lib/python3.10/site-packages/airflow/example_dags/example_branch_datetime_operator.py for tasks to queue
[2023-12-07T16:54:59.553+0000] {logging_mixin.py:154} INFO - [2023-12-07T16:54:59.552+0000] {dagbag.py:536} INFO - Filling up the DagBag from /home/ubuntu/ec2_customer_chum_venv/lib/python3.10/site-packages/airflow/example_dags/example_branch_datetime_operator.py
[2023-12-07T16:54:59.564+0000] {processor.py:839} INFO - DAG(s) dict_keys(['example_branch_datetime_operator_3', 'example_branch_datetime_operator', 'example_branch_datetime_operator_2']) retrieved from /home/ubuntu/ec2_customer_chum_venv/lib/python3.10/site-packages/airflow/example_dags/example_branch_datetime_operator.py
[2023-12-07T16:54:59.587+0000] {logging_mixin.py:154} INFO - [2023-12-07T16:54:59.586+0000] {dag.py:2941} INFO - Sync 3 DAGs
[2023-12-07T16:54:59.609+0000] {logging_mixin.py:154} INFO - [2023-12-07T16:54:59.608+0000] {dag.py:3722} INFO - Setting next_dagrun for example_branch_datetime_operator to 2023-12-06T00:00:00+00:00, run_after=2023-12-07T00:00:00+00:00
[2023-12-07T16:54:59.613+0000] {logging_mixin.py:154} INFO - [2023-12-07T16:54:59.613+0000] {dag.py:3722} INFO - Setting next_dagrun for example_branch_datetime_operator_2 to 2023-12-06T00:00:00+00:00, run_after=2023-12-07T00:00:00+00:00
[2023-12-07T16:54:59.616+0000] {logging_mixin.py:154} INFO - [2023-12-07T16:54:59.615+0000] {dag.py:3722} INFO - Setting next_dagrun for example_branch_datetime_operator_3 to 2023-12-06T00:00:00+00:00, run_after=2023-12-07T00:00:00+00:00
[2023-12-07T16:54:59.637+0000] {processor.py:179} INFO - Processing /home/ubuntu/ec2_customer_chum_venv/lib/python3.10/site-packages/airflow/example_dags/example_branch_datetime_operator.py took 0.090 seconds
[2023-12-07T16:55:44.395+0000] {processor.py:157} INFO - Started process (PID=5356) to work on /home/ubuntu/ec2_customer_chum_venv/lib/python3.10/site-packages/airflow/example_dags/example_branch_datetime_operator.py
[2023-12-07T16:55:44.396+0000] {processor.py:829} INFO - Processing file /home/ubuntu/ec2_customer_chum_venv/lib/python3.10/site-packages/airflow/example_dags/example_branch_datetime_operator.py for tasks to queue
[2023-12-07T16:55:44.397+0000] {logging_mixin.py:154} INFO - [2023-12-07T16:55:44.397+0000] {dagbag.py:536} INFO - Filling up the DagBag from /home/ubuntu/ec2_customer_chum_venv/lib/python3.10/site-packages/airflow/example_dags/example_branch_datetime_operator.py
[2023-12-07T16:55:44.408+0000] {processor.py:839} INFO - DAG(s) dict_keys(['example_branch_datetime_operator', 'example_branch_datetime_operator_2', 'example_branch_datetime_operator_3']) retrieved from /home/ubuntu/ec2_customer_chum_venv/lib/python3.10/site-packages/airflow/example_dags/example_branch_datetime_operator.py
[2023-12-07T16:55:44.432+0000] {logging_mixin.py:154} INFO - [2023-12-07T16:55:44.431+0000] {dag.py:2941} INFO - Sync 3 DAGs
[2023-12-07T16:55:44.455+0000] {logging_mixin.py:154} INFO - [2023-12-07T16:55:44.454+0000] {dag.py:3722} INFO - Setting next_dagrun for example_branch_datetime_operator to 2023-12-06T00:00:00+00:00, run_after=2023-12-07T00:00:00+00:00
[2023-12-07T16:55:44.459+0000] {logging_mixin.py:154} INFO - [2023-12-07T16:55:44.459+0000] {dag.py:3722} INFO - Setting next_dagrun for example_branch_datetime_operator_2 to 2023-12-06T00:00:00+00:00, run_after=2023-12-07T00:00:00+00:00
[2023-12-07T16:55:44.470+0000] {logging_mixin.py:154} INFO - [2023-12-07T16:55:44.470+0000] {dag.py:3722} INFO - Setting next_dagrun for example_branch_datetime_operator_3 to 2023-12-06T00:00:00+00:00, run_after=2023-12-07T00:00:00+00:00
[2023-12-07T16:55:44.492+0000] {processor.py:179} INFO - Processing /home/ubuntu/ec2_customer_chum_venv/lib/python3.10/site-packages/airflow/example_dags/example_branch_datetime_operator.py took 0.100 seconds
[2023-12-07T16:56:29.597+0000] {processor.py:157} INFO - Started process (PID=5402) to work on /home/ubuntu/ec2_customer_chum_venv/lib/python3.10/site-packages/airflow/example_dags/example_branch_datetime_operator.py
[2023-12-07T16:56:29.598+0000] {processor.py:829} INFO - Processing file /home/ubuntu/ec2_customer_chum_venv/lib/python3.10/site-packages/airflow/example_dags/example_branch_datetime_operator.py for tasks to queue
[2023-12-07T16:56:29.599+0000] {logging_mixin.py:154} INFO - [2023-12-07T16:56:29.598+0000] {dagbag.py:536} INFO - Filling up the DagBag from /home/ubuntu/ec2_customer_chum_venv/lib/python3.10/site-packages/airflow/example_dags/example_branch_datetime_operator.py
[2023-12-07T16:56:29.610+0000] {processor.py:839} INFO - DAG(s) dict_keys(['example_branch_datetime_operator_3', 'example_branch_datetime_operator', 'example_branch_datetime_operator_2']) retrieved from /home/ubuntu/ec2_customer_chum_venv/lib/python3.10/site-packages/airflow/example_dags/example_branch_datetime_operator.py
[2023-12-07T16:56:29.633+0000] {logging_mixin.py:154} INFO - [2023-12-07T16:56:29.633+0000] {dag.py:2941} INFO - Sync 3 DAGs
[2023-12-07T16:56:29.655+0000] {logging_mixin.py:154} INFO - [2023-12-07T16:56:29.655+0000] {dag.py:3722} INFO - Setting next_dagrun for example_branch_datetime_operator to 2023-12-06T00:00:00+00:00, run_after=2023-12-07T00:00:00+00:00
[2023-12-07T16:56:29.660+0000] {logging_mixin.py:154} INFO - [2023-12-07T16:56:29.659+0000] {dag.py:3722} INFO - Setting next_dagrun for example_branch_datetime_operator_2 to 2023-12-06T00:00:00+00:00, run_after=2023-12-07T00:00:00+00:00
[2023-12-07T16:56:29.662+0000] {logging_mixin.py:154} INFO - [2023-12-07T16:56:29.662+0000] {dag.py:3722} INFO - Setting next_dagrun for example_branch_datetime_operator_3 to 2023-12-06T00:00:00+00:00, run_after=2023-12-07T00:00:00+00:00
[2023-12-07T16:56:29.682+0000] {processor.py:179} INFO - Processing /home/ubuntu/ec2_customer_chum_venv/lib/python3.10/site-packages/airflow/example_dags/example_branch_datetime_operator.py took 0.088 seconds
[2023-12-07T16:57:12.766+0000] {processor.py:157} INFO - Started process (PID=5448) to work on /home/ubuntu/ec2_customer_chum_venv/lib/python3.10/site-packages/airflow/example_dags/example_branch_datetime_operator.py
[2023-12-07T16:57:12.767+0000] {processor.py:829} INFO - Processing file /home/ubuntu/ec2_customer_chum_venv/lib/python3.10/site-packages/airflow/example_dags/example_branch_datetime_operator.py for tasks to queue
[2023-12-07T16:57:12.768+0000] {logging_mixin.py:154} INFO - [2023-12-07T16:57:12.768+0000] {dagbag.py:536} INFO - Filling up the DagBag from /home/ubuntu/ec2_customer_chum_venv/lib/python3.10/site-packages/airflow/example_dags/example_branch_datetime_operator.py
[2023-12-07T16:57:12.779+0000] {processor.py:839} INFO - DAG(s) dict_keys(['example_branch_datetime_operator_2', 'example_branch_datetime_operator', 'example_branch_datetime_operator_3']) retrieved from /home/ubuntu/ec2_customer_chum_venv/lib/python3.10/site-packages/airflow/example_dags/example_branch_datetime_operator.py
[2023-12-07T16:57:12.802+0000] {logging_mixin.py:154} INFO - [2023-12-07T16:57:12.802+0000] {dag.py:2941} INFO - Sync 3 DAGs
[2023-12-07T16:57:12.825+0000] {logging_mixin.py:154} INFO - [2023-12-07T16:57:12.825+0000] {dag.py:3722} INFO - Setting next_dagrun for example_branch_datetime_operator to 2023-12-06T00:00:00+00:00, run_after=2023-12-07T00:00:00+00:00
[2023-12-07T16:57:12.830+0000] {logging_mixin.py:154} INFO - [2023-12-07T16:57:12.830+0000] {dag.py:3722} INFO - Setting next_dagrun for example_branch_datetime_operator_2 to 2023-12-06T00:00:00+00:00, run_after=2023-12-07T00:00:00+00:00
[2023-12-07T16:57:12.832+0000] {logging_mixin.py:154} INFO - [2023-12-07T16:57:12.832+0000] {dag.py:3722} INFO - Setting next_dagrun for example_branch_datetime_operator_3 to 2023-12-06T00:00:00+00:00, run_after=2023-12-07T00:00:00+00:00
[2023-12-07T16:57:12.852+0000] {processor.py:179} INFO - Processing /home/ubuntu/ec2_customer_chum_venv/lib/python3.10/site-packages/airflow/example_dags/example_branch_datetime_operator.py took 0.090 seconds
[2023-12-07T16:57:56.181+0000] {processor.py:157} INFO - Started process (PID=5494) to work on /home/ubuntu/ec2_customer_chum_venv/lib/python3.10/site-packages/airflow/example_dags/example_branch_datetime_operator.py
[2023-12-07T16:57:56.182+0000] {processor.py:829} INFO - Processing file /home/ubuntu/ec2_customer_chum_venv/lib/python3.10/site-packages/airflow/example_dags/example_branch_datetime_operator.py for tasks to queue
[2023-12-07T16:57:56.183+0000] {logging_mixin.py:154} INFO - [2023-12-07T16:57:56.183+0000] {dagbag.py:536} INFO - Filling up the DagBag from /home/ubuntu/ec2_customer_chum_venv/lib/python3.10/site-packages/airflow/example_dags/example_branch_datetime_operator.py
[2023-12-07T16:57:56.195+0000] {processor.py:839} INFO - DAG(s) dict_keys(['example_branch_datetime_operator_2', 'example_branch_datetime_operator', 'example_branch_datetime_operator_3']) retrieved from /home/ubuntu/ec2_customer_chum_venv/lib/python3.10/site-packages/airflow/example_dags/example_branch_datetime_operator.py
[2023-12-07T16:57:56.219+0000] {logging_mixin.py:154} INFO - [2023-12-07T16:57:56.218+0000] {dag.py:2941} INFO - Sync 3 DAGs
[2023-12-07T16:57:56.242+0000] {logging_mixin.py:154} INFO - [2023-12-07T16:57:56.241+0000] {dag.py:3722} INFO - Setting next_dagrun for example_branch_datetime_operator to 2023-12-06T00:00:00+00:00, run_after=2023-12-07T00:00:00+00:00
[2023-12-07T16:57:56.246+0000] {logging_mixin.py:154} INFO - [2023-12-07T16:57:56.246+0000] {dag.py:3722} INFO - Setting next_dagrun for example_branch_datetime_operator_2 to 2023-12-06T00:00:00+00:00, run_after=2023-12-07T00:00:00+00:00
[2023-12-07T16:57:56.249+0000] {logging_mixin.py:154} INFO - [2023-12-07T16:57:56.249+0000] {dag.py:3722} INFO - Setting next_dagrun for example_branch_datetime_operator_3 to 2023-12-06T00:00:00+00:00, run_after=2023-12-07T00:00:00+00:00
[2023-12-07T16:57:56.270+0000] {processor.py:179} INFO - Processing /home/ubuntu/ec2_customer_chum_venv/lib/python3.10/site-packages/airflow/example_dags/example_branch_datetime_operator.py took 0.093 seconds
[2023-12-07T16:58:40.910+0000] {processor.py:157} INFO - Started process (PID=5542) to work on /home/ubuntu/ec2_customer_chum_venv/lib/python3.10/site-packages/airflow/example_dags/example_branch_datetime_operator.py
[2023-12-07T16:58:40.911+0000] {processor.py:829} INFO - Processing file /home/ubuntu/ec2_customer_chum_venv/lib/python3.10/site-packages/airflow/example_dags/example_branch_datetime_operator.py for tasks to queue
[2023-12-07T16:58:40.912+0000] {logging_mixin.py:154} INFO - [2023-12-07T16:58:40.912+0000] {dagbag.py:536} INFO - Filling up the DagBag from /home/ubuntu/ec2_customer_chum_venv/lib/python3.10/site-packages/airflow/example_dags/example_branch_datetime_operator.py
[2023-12-07T16:58:40.924+0000] {processor.py:839} INFO - DAG(s) dict_keys(['example_branch_datetime_operator', 'example_branch_datetime_operator_3', 'example_branch_datetime_operator_2']) retrieved from /home/ubuntu/ec2_customer_chum_venv/lib/python3.10/site-packages/airflow/example_dags/example_branch_datetime_operator.py
[2023-12-07T16:58:40.947+0000] {logging_mixin.py:154} INFO - [2023-12-07T16:58:40.947+0000] {dag.py:2941} INFO - Sync 3 DAGs
[2023-12-07T16:58:40.971+0000] {logging_mixin.py:154} INFO - [2023-12-07T16:58:40.971+0000] {dag.py:3722} INFO - Setting next_dagrun for example_branch_datetime_operator to 2023-12-06T00:00:00+00:00, run_after=2023-12-07T00:00:00+00:00
[2023-12-07T16:58:40.976+0000] {logging_mixin.py:154} INFO - [2023-12-07T16:58:40.976+0000] {dag.py:3722} INFO - Setting next_dagrun for example_branch_datetime_operator_2 to 2023-12-06T00:00:00+00:00, run_after=2023-12-07T00:00:00+00:00
[2023-12-07T16:58:40.978+0000] {logging_mixin.py:154} INFO - [2023-12-07T16:58:40.978+0000] {dag.py:3722} INFO - Setting next_dagrun for example_branch_datetime_operator_3 to 2023-12-06T00:00:00+00:00, run_after=2023-12-07T00:00:00+00:00
[2023-12-07T16:58:41.000+0000] {processor.py:179} INFO - Processing /home/ubuntu/ec2_customer_chum_venv/lib/python3.10/site-packages/airflow/example_dags/example_branch_datetime_operator.py took 0.093 seconds
[2023-12-07T16:59:24.060+0000] {processor.py:157} INFO - Started process (PID=5586) to work on /home/ubuntu/ec2_customer_chum_venv/lib/python3.10/site-packages/airflow/example_dags/example_branch_datetime_operator.py
[2023-12-07T16:59:24.061+0000] {processor.py:829} INFO - Processing file /home/ubuntu/ec2_customer_chum_venv/lib/python3.10/site-packages/airflow/example_dags/example_branch_datetime_operator.py for tasks to queue
[2023-12-07T16:59:24.062+0000] {logging_mixin.py:154} INFO - [2023-12-07T16:59:24.062+0000] {dagbag.py:536} INFO - Filling up the DagBag from /home/ubuntu/ec2_customer_chum_venv/lib/python3.10/site-packages/airflow/example_dags/example_branch_datetime_operator.py
[2023-12-07T16:59:24.073+0000] {processor.py:839} INFO - DAG(s) dict_keys(['example_branch_datetime_operator', 'example_branch_datetime_operator_3', 'example_branch_datetime_operator_2']) retrieved from /home/ubuntu/ec2_customer_chum_venv/lib/python3.10/site-packages/airflow/example_dags/example_branch_datetime_operator.py
[2023-12-07T16:59:24.097+0000] {logging_mixin.py:154} INFO - [2023-12-07T16:59:24.096+0000] {dag.py:2941} INFO - Sync 3 DAGs
[2023-12-07T16:59:24.119+0000] {logging_mixin.py:154} INFO - [2023-12-07T16:59:24.118+0000] {dag.py:3722} INFO - Setting next_dagrun for example_branch_datetime_operator to 2023-12-06T00:00:00+00:00, run_after=2023-12-07T00:00:00+00:00
[2023-12-07T16:59:24.123+0000] {logging_mixin.py:154} INFO - [2023-12-07T16:59:24.123+0000] {dag.py:3722} INFO - Setting next_dagrun for example_branch_datetime_operator_2 to 2023-12-06T00:00:00+00:00, run_after=2023-12-07T00:00:00+00:00
[2023-12-07T16:59:24.126+0000] {logging_mixin.py:154} INFO - [2023-12-07T16:59:24.126+0000] {dag.py:3722} INFO - Setting next_dagrun for example_branch_datetime_operator_3 to 2023-12-06T00:00:00+00:00, run_after=2023-12-07T00:00:00+00:00
[2023-12-07T16:59:24.145+0000] {processor.py:179} INFO - Processing /home/ubuntu/ec2_customer_chum_venv/lib/python3.10/site-packages/airflow/example_dags/example_branch_datetime_operator.py took 0.088 seconds
[2023-12-07T17:00:08.657+0000] {processor.py:157} INFO - Started process (PID=5632) to work on /home/ubuntu/ec2_customer_chum_venv/lib/python3.10/site-packages/airflow/example_dags/example_branch_datetime_operator.py
[2023-12-07T17:00:08.658+0000] {processor.py:829} INFO - Processing file /home/ubuntu/ec2_customer_chum_venv/lib/python3.10/site-packages/airflow/example_dags/example_branch_datetime_operator.py for tasks to queue
[2023-12-07T17:00:08.659+0000] {logging_mixin.py:154} INFO - [2023-12-07T17:00:08.658+0000] {dagbag.py:536} INFO - Filling up the DagBag from /home/ubuntu/ec2_customer_chum_venv/lib/python3.10/site-packages/airflow/example_dags/example_branch_datetime_operator.py
[2023-12-07T17:00:08.670+0000] {processor.py:839} INFO - DAG(s) dict_keys(['example_branch_datetime_operator_3', 'example_branch_datetime_operator', 'example_branch_datetime_operator_2']) retrieved from /home/ubuntu/ec2_customer_chum_venv/lib/python3.10/site-packages/airflow/example_dags/example_branch_datetime_operator.py
[2023-12-07T17:00:08.694+0000] {logging_mixin.py:154} INFO - [2023-12-07T17:00:08.693+0000] {dag.py:2941} INFO - Sync 3 DAGs
[2023-12-07T17:00:08.717+0000] {logging_mixin.py:154} INFO - [2023-12-07T17:00:08.716+0000] {dag.py:3722} INFO - Setting next_dagrun for example_branch_datetime_operator to 2023-12-06T00:00:00+00:00, run_after=2023-12-07T00:00:00+00:00
[2023-12-07T17:00:08.722+0000] {logging_mixin.py:154} INFO - [2023-12-07T17:00:08.721+0000] {dag.py:3722} INFO - Setting next_dagrun for example_branch_datetime_operator_2 to 2023-12-06T00:00:00+00:00, run_after=2023-12-07T00:00:00+00:00
[2023-12-07T17:00:08.724+0000] {logging_mixin.py:154} INFO - [2023-12-07T17:00:08.724+0000] {dag.py:3722} INFO - Setting next_dagrun for example_branch_datetime_operator_3 to 2023-12-06T00:00:00+00:00, run_after=2023-12-07T00:00:00+00:00
[2023-12-07T17:00:08.745+0000] {processor.py:179} INFO - Processing /home/ubuntu/ec2_customer_chum_venv/lib/python3.10/site-packages/airflow/example_dags/example_branch_datetime_operator.py took 0.092 seconds
[2023-12-07T17:00:57.166+0000] {processor.py:157} INFO - Started process (PID=5682) to work on /home/ubuntu/ec2_customer_chum_venv/lib/python3.10/site-packages/airflow/example_dags/example_branch_datetime_operator.py
[2023-12-07T17:00:57.167+0000] {processor.py:829} INFO - Processing file /home/ubuntu/ec2_customer_chum_venv/lib/python3.10/site-packages/airflow/example_dags/example_branch_datetime_operator.py for tasks to queue
[2023-12-07T17:00:57.168+0000] {logging_mixin.py:154} INFO - [2023-12-07T17:00:57.168+0000] {dagbag.py:536} INFO - Filling up the DagBag from /home/ubuntu/ec2_customer_chum_venv/lib/python3.10/site-packages/airflow/example_dags/example_branch_datetime_operator.py
[2023-12-07T17:00:57.179+0000] {processor.py:839} INFO - DAG(s) dict_keys(['example_branch_datetime_operator_2', 'example_branch_datetime_operator', 'example_branch_datetime_operator_3']) retrieved from /home/ubuntu/ec2_customer_chum_venv/lib/python3.10/site-packages/airflow/example_dags/example_branch_datetime_operator.py
[2023-12-07T17:00:57.203+0000] {logging_mixin.py:154} INFO - [2023-12-07T17:00:57.203+0000] {dag.py:2941} INFO - Sync 3 DAGs
[2023-12-07T17:00:57.227+0000] {logging_mixin.py:154} INFO - [2023-12-07T17:00:57.227+0000] {dag.py:3722} INFO - Setting next_dagrun for example_branch_datetime_operator to 2023-12-06T00:00:00+00:00, run_after=2023-12-07T00:00:00+00:00
[2023-12-07T17:00:57.232+0000] {logging_mixin.py:154} INFO - [2023-12-07T17:00:57.232+0000] {dag.py:3722} INFO - Setting next_dagrun for example_branch_datetime_operator_2 to 2023-12-06T00:00:00+00:00, run_after=2023-12-07T00:00:00+00:00
[2023-12-07T17:00:57.234+0000] {logging_mixin.py:154} INFO - [2023-12-07T17:00:57.234+0000] {dag.py:3722} INFO - Setting next_dagrun for example_branch_datetime_operator_3 to 2023-12-06T00:00:00+00:00, run_after=2023-12-07T00:00:00+00:00
[2023-12-07T17:00:57.255+0000] {processor.py:179} INFO - Processing /home/ubuntu/ec2_customer_chum_venv/lib/python3.10/site-packages/airflow/example_dags/example_branch_datetime_operator.py took 0.092 seconds
[2023-12-07T17:01:43.137+0000] {processor.py:157} INFO - Started process (PID=5729) to work on /home/ubuntu/ec2_customer_chum_venv/lib/python3.10/site-packages/airflow/example_dags/example_branch_datetime_operator.py
[2023-12-07T17:01:43.139+0000] {processor.py:829} INFO - Processing file /home/ubuntu/ec2_customer_chum_venv/lib/python3.10/site-packages/airflow/example_dags/example_branch_datetime_operator.py for tasks to queue
[2023-12-07T17:01:43.140+0000] {logging_mixin.py:154} INFO - [2023-12-07T17:01:43.139+0000] {dagbag.py:536} INFO - Filling up the DagBag from /home/ubuntu/ec2_customer_chum_venv/lib/python3.10/site-packages/airflow/example_dags/example_branch_datetime_operator.py
[2023-12-07T17:01:43.151+0000] {processor.py:839} INFO - DAG(s) dict_keys(['example_branch_datetime_operator', 'example_branch_datetime_operator_2', 'example_branch_datetime_operator_3']) retrieved from /home/ubuntu/ec2_customer_chum_venv/lib/python3.10/site-packages/airflow/example_dags/example_branch_datetime_operator.py
[2023-12-07T17:01:43.175+0000] {logging_mixin.py:154} INFO - [2023-12-07T17:01:43.174+0000] {dag.py:2941} INFO - Sync 3 DAGs
[2023-12-07T17:01:43.198+0000] {logging_mixin.py:154} INFO - [2023-12-07T17:01:43.197+0000] {dag.py:3722} INFO - Setting next_dagrun for example_branch_datetime_operator to 2023-12-06T00:00:00+00:00, run_after=2023-12-07T00:00:00+00:00
[2023-12-07T17:01:43.203+0000] {logging_mixin.py:154} INFO - [2023-12-07T17:01:43.202+0000] {dag.py:3722} INFO - Setting next_dagrun for example_branch_datetime_operator_2 to 2023-12-06T00:00:00+00:00, run_after=2023-12-07T00:00:00+00:00
[2023-12-07T17:01:43.205+0000] {logging_mixin.py:154} INFO - [2023-12-07T17:01:43.205+0000] {dag.py:3722} INFO - Setting next_dagrun for example_branch_datetime_operator_3 to 2023-12-06T00:00:00+00:00, run_after=2023-12-07T00:00:00+00:00
[2023-12-07T17:01:43.228+0000] {processor.py:179} INFO - Processing /home/ubuntu/ec2_customer_chum_venv/lib/python3.10/site-packages/airflow/example_dags/example_branch_datetime_operator.py took 0.094 seconds
[2023-12-07T17:02:31.683+0000] {processor.py:157} INFO - Started process (PID=5777) to work on /home/ubuntu/ec2_customer_chum_venv/lib/python3.10/site-packages/airflow/example_dags/example_branch_datetime_operator.py
[2023-12-07T17:02:31.685+0000] {processor.py:829} INFO - Processing file /home/ubuntu/ec2_customer_chum_venv/lib/python3.10/site-packages/airflow/example_dags/example_branch_datetime_operator.py for tasks to queue
[2023-12-07T17:02:31.686+0000] {logging_mixin.py:154} INFO - [2023-12-07T17:02:31.685+0000] {dagbag.py:536} INFO - Filling up the DagBag from /home/ubuntu/ec2_customer_chum_venv/lib/python3.10/site-packages/airflow/example_dags/example_branch_datetime_operator.py
[2023-12-07T17:02:31.697+0000] {processor.py:839} INFO - DAG(s) dict_keys(['example_branch_datetime_operator', 'example_branch_datetime_operator_3', 'example_branch_datetime_operator_2']) retrieved from /home/ubuntu/ec2_customer_chum_venv/lib/python3.10/site-packages/airflow/example_dags/example_branch_datetime_operator.py
[2023-12-07T17:02:31.720+0000] {logging_mixin.py:154} INFO - [2023-12-07T17:02:31.719+0000] {dag.py:2941} INFO - Sync 3 DAGs
[2023-12-07T17:02:31.743+0000] {logging_mixin.py:154} INFO - [2023-12-07T17:02:31.742+0000] {dag.py:3722} INFO - Setting next_dagrun for example_branch_datetime_operator to 2023-12-06T00:00:00+00:00, run_after=2023-12-07T00:00:00+00:00
[2023-12-07T17:02:31.747+0000] {logging_mixin.py:154} INFO - [2023-12-07T17:02:31.747+0000] {dag.py:3722} INFO - Setting next_dagrun for example_branch_datetime_operator_2 to 2023-12-06T00:00:00+00:00, run_after=2023-12-07T00:00:00+00:00
[2023-12-07T17:02:31.750+0000] {logging_mixin.py:154} INFO - [2023-12-07T17:02:31.749+0000] {dag.py:3722} INFO - Setting next_dagrun for example_branch_datetime_operator_3 to 2023-12-06T00:00:00+00:00, run_after=2023-12-07T00:00:00+00:00
[2023-12-07T17:02:31.770+0000] {processor.py:179} INFO - Processing /home/ubuntu/ec2_customer_chum_venv/lib/python3.10/site-packages/airflow/example_dags/example_branch_datetime_operator.py took 0.090 seconds
[2023-12-07T17:03:19.764+0000] {processor.py:157} INFO - Started process (PID=5825) to work on /home/ubuntu/ec2_customer_chum_venv/lib/python3.10/site-packages/airflow/example_dags/example_branch_datetime_operator.py
[2023-12-07T17:03:19.766+0000] {processor.py:829} INFO - Processing file /home/ubuntu/ec2_customer_chum_venv/lib/python3.10/site-packages/airflow/example_dags/example_branch_datetime_operator.py for tasks to queue
[2023-12-07T17:03:19.767+0000] {logging_mixin.py:154} INFO - [2023-12-07T17:03:19.766+0000] {dagbag.py:536} INFO - Filling up the DagBag from /home/ubuntu/ec2_customer_chum_venv/lib/python3.10/site-packages/airflow/example_dags/example_branch_datetime_operator.py
[2023-12-07T17:03:19.778+0000] {processor.py:839} INFO - DAG(s) dict_keys(['example_branch_datetime_operator_3', 'example_branch_datetime_operator_2', 'example_branch_datetime_operator']) retrieved from /home/ubuntu/ec2_customer_chum_venv/lib/python3.10/site-packages/airflow/example_dags/example_branch_datetime_operator.py
[2023-12-07T17:03:19.802+0000] {logging_mixin.py:154} INFO - [2023-12-07T17:03:19.802+0000] {dag.py:2941} INFO - Sync 3 DAGs
[2023-12-07T17:03:19.825+0000] {logging_mixin.py:154} INFO - [2023-12-07T17:03:19.825+0000] {dag.py:3722} INFO - Setting next_dagrun for example_branch_datetime_operator to 2023-12-06T00:00:00+00:00, run_after=2023-12-07T00:00:00+00:00
[2023-12-07T17:03:19.830+0000] {logging_mixin.py:154} INFO - [2023-12-07T17:03:19.830+0000] {dag.py:3722} INFO - Setting next_dagrun for example_branch_datetime_operator_2 to 2023-12-06T00:00:00+00:00, run_after=2023-12-07T00:00:00+00:00
[2023-12-07T17:03:19.832+0000] {logging_mixin.py:154} INFO - [2023-12-07T17:03:19.832+0000] {dag.py:3722} INFO - Setting next_dagrun for example_branch_datetime_operator_3 to 2023-12-06T00:00:00+00:00, run_after=2023-12-07T00:00:00+00:00
[2023-12-07T17:03:19.854+0000] {processor.py:179} INFO - Processing /home/ubuntu/ec2_customer_chum_venv/lib/python3.10/site-packages/airflow/example_dags/example_branch_datetime_operator.py took 0.093 seconds
[2023-12-07T17:04:03.371+0000] {processor.py:157} INFO - Started process (PID=5871) to work on /home/ubuntu/ec2_customer_chum_venv/lib/python3.10/site-packages/airflow/example_dags/example_branch_datetime_operator.py
[2023-12-07T17:04:03.373+0000] {processor.py:829} INFO - Processing file /home/ubuntu/ec2_customer_chum_venv/lib/python3.10/site-packages/airflow/example_dags/example_branch_datetime_operator.py for tasks to queue
[2023-12-07T17:04:03.374+0000] {logging_mixin.py:154} INFO - [2023-12-07T17:04:03.374+0000] {dagbag.py:536} INFO - Filling up the DagBag from /home/ubuntu/ec2_customer_chum_venv/lib/python3.10/site-packages/airflow/example_dags/example_branch_datetime_operator.py
[2023-12-07T17:04:03.385+0000] {processor.py:839} INFO - DAG(s) dict_keys(['example_branch_datetime_operator', 'example_branch_datetime_operator_3', 'example_branch_datetime_operator_2']) retrieved from /home/ubuntu/ec2_customer_chum_venv/lib/python3.10/site-packages/airflow/example_dags/example_branch_datetime_operator.py
[2023-12-07T17:04:03.409+0000] {logging_mixin.py:154} INFO - [2023-12-07T17:04:03.409+0000] {dag.py:2941} INFO - Sync 3 DAGs
[2023-12-07T17:04:03.435+0000] {logging_mixin.py:154} INFO - [2023-12-07T17:04:03.434+0000] {dag.py:3722} INFO - Setting next_dagrun for example_branch_datetime_operator to 2023-12-06T00:00:00+00:00, run_after=2023-12-07T00:00:00+00:00
[2023-12-07T17:04:03.440+0000] {logging_mixin.py:154} INFO - [2023-12-07T17:04:03.440+0000] {dag.py:3722} INFO - Setting next_dagrun for example_branch_datetime_operator_2 to 2023-12-06T00:00:00+00:00, run_after=2023-12-07T00:00:00+00:00
[2023-12-07T17:04:03.443+0000] {logging_mixin.py:154} INFO - [2023-12-07T17:04:03.443+0000] {dag.py:3722} INFO - Setting next_dagrun for example_branch_datetime_operator_3 to 2023-12-06T00:00:00+00:00, run_after=2023-12-07T00:00:00+00:00
[2023-12-07T17:04:03.467+0000] {processor.py:179} INFO - Processing /home/ubuntu/ec2_customer_chum_venv/lib/python3.10/site-packages/airflow/example_dags/example_branch_datetime_operator.py took 0.099 seconds
[2023-12-07T17:04:50.962+0000] {processor.py:157} INFO - Started process (PID=5922) to work on /home/ubuntu/ec2_customer_chum_venv/lib/python3.10/site-packages/airflow/example_dags/example_branch_datetime_operator.py
[2023-12-07T17:04:50.964+0000] {processor.py:829} INFO - Processing file /home/ubuntu/ec2_customer_chum_venv/lib/python3.10/site-packages/airflow/example_dags/example_branch_datetime_operator.py for tasks to queue
[2023-12-07T17:04:50.964+0000] {logging_mixin.py:154} INFO - [2023-12-07T17:04:50.964+0000] {dagbag.py:536} INFO - Filling up the DagBag from /home/ubuntu/ec2_customer_chum_venv/lib/python3.10/site-packages/airflow/example_dags/example_branch_datetime_operator.py
[2023-12-07T17:04:50.976+0000] {processor.py:839} INFO - DAG(s) dict_keys(['example_branch_datetime_operator', 'example_branch_datetime_operator_2', 'example_branch_datetime_operator_3']) retrieved from /home/ubuntu/ec2_customer_chum_venv/lib/python3.10/site-packages/airflow/example_dags/example_branch_datetime_operator.py
[2023-12-07T17:04:51.000+0000] {logging_mixin.py:154} INFO - [2023-12-07T17:04:51.000+0000] {dag.py:2941} INFO - Sync 3 DAGs
[2023-12-07T17:04:51.023+0000] {logging_mixin.py:154} INFO - [2023-12-07T17:04:51.023+0000] {dag.py:3722} INFO - Setting next_dagrun for example_branch_datetime_operator to 2023-12-06T00:00:00+00:00, run_after=2023-12-07T00:00:00+00:00
[2023-12-07T17:04:51.028+0000] {logging_mixin.py:154} INFO - [2023-12-07T17:04:51.028+0000] {dag.py:3722} INFO - Setting next_dagrun for example_branch_datetime_operator_2 to 2023-12-06T00:00:00+00:00, run_after=2023-12-07T00:00:00+00:00
[2023-12-07T17:04:51.030+0000] {logging_mixin.py:154} INFO - [2023-12-07T17:04:51.030+0000] {dag.py:3722} INFO - Setting next_dagrun for example_branch_datetime_operator_3 to 2023-12-06T00:00:00+00:00, run_after=2023-12-07T00:00:00+00:00
[2023-12-07T17:04:51.051+0000] {processor.py:179} INFO - Processing /home/ubuntu/ec2_customer_chum_venv/lib/python3.10/site-packages/airflow/example_dags/example_branch_datetime_operator.py took 0.092 seconds
[2023-12-07T17:05:33.870+0000] {processor.py:157} INFO - Started process (PID=5968) to work on /home/ubuntu/ec2_customer_chum_venv/lib/python3.10/site-packages/airflow/example_dags/example_branch_datetime_operator.py
[2023-12-07T17:05:33.871+0000] {processor.py:829} INFO - Processing file /home/ubuntu/ec2_customer_chum_venv/lib/python3.10/site-packages/airflow/example_dags/example_branch_datetime_operator.py for tasks to queue
[2023-12-07T17:05:33.872+0000] {logging_mixin.py:154} INFO - [2023-12-07T17:05:33.872+0000] {dagbag.py:536} INFO - Filling up the DagBag from /home/ubuntu/ec2_customer_chum_venv/lib/python3.10/site-packages/airflow/example_dags/example_branch_datetime_operator.py
[2023-12-07T17:05:33.883+0000] {processor.py:839} INFO - DAG(s) dict_keys(['example_branch_datetime_operator_3', 'example_branch_datetime_operator_2', 'example_branch_datetime_operator']) retrieved from /home/ubuntu/ec2_customer_chum_venv/lib/python3.10/site-packages/airflow/example_dags/example_branch_datetime_operator.py
[2023-12-07T17:05:33.906+0000] {logging_mixin.py:154} INFO - [2023-12-07T17:05:33.906+0000] {dag.py:2941} INFO - Sync 3 DAGs
[2023-12-07T17:05:33.929+0000] {logging_mixin.py:154} INFO - [2023-12-07T17:05:33.929+0000] {dag.py:3722} INFO - Setting next_dagrun for example_branch_datetime_operator to 2023-12-06T00:00:00+00:00, run_after=2023-12-07T00:00:00+00:00
[2023-12-07T17:05:33.934+0000] {logging_mixin.py:154} INFO - [2023-12-07T17:05:33.934+0000] {dag.py:3722} INFO - Setting next_dagrun for example_branch_datetime_operator_2 to 2023-12-06T00:00:00+00:00, run_after=2023-12-07T00:00:00+00:00
[2023-12-07T17:05:33.936+0000] {logging_mixin.py:154} INFO - [2023-12-07T17:05:33.936+0000] {dag.py:3722} INFO - Setting next_dagrun for example_branch_datetime_operator_3 to 2023-12-06T00:00:00+00:00, run_after=2023-12-07T00:00:00+00:00
[2023-12-07T17:05:33.957+0000] {processor.py:179} INFO - Processing /home/ubuntu/ec2_customer_chum_venv/lib/python3.10/site-packages/airflow/example_dags/example_branch_datetime_operator.py took 0.091 seconds
[2023-12-07T17:06:16.425+0000] {processor.py:157} INFO - Started process (PID=6012) to work on /home/ubuntu/ec2_customer_chum_venv/lib/python3.10/site-packages/airflow/example_dags/example_branch_datetime_operator.py
[2023-12-07T17:06:16.426+0000] {processor.py:829} INFO - Processing file /home/ubuntu/ec2_customer_chum_venv/lib/python3.10/site-packages/airflow/example_dags/example_branch_datetime_operator.py for tasks to queue
[2023-12-07T17:06:16.427+0000] {logging_mixin.py:154} INFO - [2023-12-07T17:06:16.426+0000] {dagbag.py:536} INFO - Filling up the DagBag from /home/ubuntu/ec2_customer_chum_venv/lib/python3.10/site-packages/airflow/example_dags/example_branch_datetime_operator.py
[2023-12-07T17:06:16.438+0000] {processor.py:839} INFO - DAG(s) dict_keys(['example_branch_datetime_operator_3', 'example_branch_datetime_operator', 'example_branch_datetime_operator_2']) retrieved from /home/ubuntu/ec2_customer_chum_venv/lib/python3.10/site-packages/airflow/example_dags/example_branch_datetime_operator.py
[2023-12-07T17:06:16.461+0000] {logging_mixin.py:154} INFO - [2023-12-07T17:06:16.461+0000] {dag.py:2941} INFO - Sync 3 DAGs
[2023-12-07T17:06:16.485+0000] {logging_mixin.py:154} INFO - [2023-12-07T17:06:16.484+0000] {dag.py:3722} INFO - Setting next_dagrun for example_branch_datetime_operator to 2023-12-06T00:00:00+00:00, run_after=2023-12-07T00:00:00+00:00
[2023-12-07T17:06:16.489+0000] {logging_mixin.py:154} INFO - [2023-12-07T17:06:16.489+0000] {dag.py:3722} INFO - Setting next_dagrun for example_branch_datetime_operator_2 to 2023-12-06T00:00:00+00:00, run_after=2023-12-07T00:00:00+00:00
[2023-12-07T17:06:16.492+0000] {logging_mixin.py:154} INFO - [2023-12-07T17:06:16.492+0000] {dag.py:3722} INFO - Setting next_dagrun for example_branch_datetime_operator_3 to 2023-12-06T00:00:00+00:00, run_after=2023-12-07T00:00:00+00:00
[2023-12-07T17:06:16.513+0000] {processor.py:179} INFO - Processing /home/ubuntu/ec2_customer_chum_venv/lib/python3.10/site-packages/airflow/example_dags/example_branch_datetime_operator.py took 0.092 seconds
[2023-12-07T17:07:01.531+0000] {processor.py:157} INFO - Started process (PID=6057) to work on /home/ubuntu/ec2_customer_chum_venv/lib/python3.10/site-packages/airflow/example_dags/example_branch_datetime_operator.py
[2023-12-07T17:07:01.532+0000] {processor.py:829} INFO - Processing file /home/ubuntu/ec2_customer_chum_venv/lib/python3.10/site-packages/airflow/example_dags/example_branch_datetime_operator.py for tasks to queue
[2023-12-07T17:07:01.533+0000] {logging_mixin.py:154} INFO - [2023-12-07T17:07:01.533+0000] {dagbag.py:536} INFO - Filling up the DagBag from /home/ubuntu/ec2_customer_chum_venv/lib/python3.10/site-packages/airflow/example_dags/example_branch_datetime_operator.py
[2023-12-07T17:07:01.545+0000] {processor.py:839} INFO - DAG(s) dict_keys(['example_branch_datetime_operator_2', 'example_branch_datetime_operator_3', 'example_branch_datetime_operator']) retrieved from /home/ubuntu/ec2_customer_chum_venv/lib/python3.10/site-packages/airflow/example_dags/example_branch_datetime_operator.py
[2023-12-07T17:07:01.570+0000] {logging_mixin.py:154} INFO - [2023-12-07T17:07:01.569+0000] {dag.py:2941} INFO - Sync 3 DAGs
[2023-12-07T17:07:01.594+0000] {logging_mixin.py:154} INFO - [2023-12-07T17:07:01.594+0000] {dag.py:3722} INFO - Setting next_dagrun for example_branch_datetime_operator to 2023-12-06T00:00:00+00:00, run_after=2023-12-07T00:00:00+00:00
[2023-12-07T17:07:01.600+0000] {logging_mixin.py:154} INFO - [2023-12-07T17:07:01.599+0000] {dag.py:3722} INFO - Setting next_dagrun for example_branch_datetime_operator_2 to 2023-12-06T00:00:00+00:00, run_after=2023-12-07T00:00:00+00:00
[2023-12-07T17:07:01.603+0000] {logging_mixin.py:154} INFO - [2023-12-07T17:07:01.602+0000] {dag.py:3722} INFO - Setting next_dagrun for example_branch_datetime_operator_3 to 2023-12-06T00:00:00+00:00, run_after=2023-12-07T00:00:00+00:00
[2023-12-07T17:07:01.625+0000] {processor.py:179} INFO - Processing /home/ubuntu/ec2_customer_chum_venv/lib/python3.10/site-packages/airflow/example_dags/example_branch_datetime_operator.py took 0.098 seconds
[2023-12-07T17:07:48.997+0000] {processor.py:157} INFO - Started process (PID=6106) to work on /home/ubuntu/ec2_customer_chum_venv/lib/python3.10/site-packages/airflow/example_dags/example_branch_datetime_operator.py
[2023-12-07T17:07:48.998+0000] {processor.py:829} INFO - Processing file /home/ubuntu/ec2_customer_chum_venv/lib/python3.10/site-packages/airflow/example_dags/example_branch_datetime_operator.py for tasks to queue
[2023-12-07T17:07:48.999+0000] {logging_mixin.py:154} INFO - [2023-12-07T17:07:48.998+0000] {dagbag.py:536} INFO - Filling up the DagBag from /home/ubuntu/ec2_customer_chum_venv/lib/python3.10/site-packages/airflow/example_dags/example_branch_datetime_operator.py
[2023-12-07T17:07:49.010+0000] {processor.py:839} INFO - DAG(s) dict_keys(['example_branch_datetime_operator_2', 'example_branch_datetime_operator_3', 'example_branch_datetime_operator']) retrieved from /home/ubuntu/ec2_customer_chum_venv/lib/python3.10/site-packages/airflow/example_dags/example_branch_datetime_operator.py
[2023-12-07T17:07:49.034+0000] {logging_mixin.py:154} INFO - [2023-12-07T17:07:49.034+0000] {dag.py:2941} INFO - Sync 3 DAGs
[2023-12-07T17:07:49.058+0000] {logging_mixin.py:154} INFO - [2023-12-07T17:07:49.057+0000] {dag.py:3722} INFO - Setting next_dagrun for example_branch_datetime_operator to 2023-12-06T00:00:00+00:00, run_after=2023-12-07T00:00:00+00:00
[2023-12-07T17:07:49.062+0000] {logging_mixin.py:154} INFO - [2023-12-07T17:07:49.062+0000] {dag.py:3722} INFO - Setting next_dagrun for example_branch_datetime_operator_2 to 2023-12-06T00:00:00+00:00, run_after=2023-12-07T00:00:00+00:00
[2023-12-07T17:07:49.065+0000] {logging_mixin.py:154} INFO - [2023-12-07T17:07:49.065+0000] {dag.py:3722} INFO - Setting next_dagrun for example_branch_datetime_operator_3 to 2023-12-06T00:00:00+00:00, run_after=2023-12-07T00:00:00+00:00
[2023-12-07T17:07:49.087+0000] {processor.py:179} INFO - Processing /home/ubuntu/ec2_customer_chum_venv/lib/python3.10/site-packages/airflow/example_dags/example_branch_datetime_operator.py took 0.094 seconds
[2023-12-07T17:08:35.292+0000] {processor.py:157} INFO - Started process (PID=6153) to work on /home/ubuntu/ec2_customer_chum_venv/lib/python3.10/site-packages/airflow/example_dags/example_branch_datetime_operator.py
[2023-12-07T17:08:35.293+0000] {processor.py:829} INFO - Processing file /home/ubuntu/ec2_customer_chum_venv/lib/python3.10/site-packages/airflow/example_dags/example_branch_datetime_operator.py for tasks to queue
[2023-12-07T17:08:35.294+0000] {logging_mixin.py:154} INFO - [2023-12-07T17:08:35.294+0000] {dagbag.py:536} INFO - Filling up the DagBag from /home/ubuntu/ec2_customer_chum_venv/lib/python3.10/site-packages/airflow/example_dags/example_branch_datetime_operator.py
[2023-12-07T17:08:35.305+0000] {processor.py:839} INFO - DAG(s) dict_keys(['example_branch_datetime_operator_3', 'example_branch_datetime_operator_2', 'example_branch_datetime_operator']) retrieved from /home/ubuntu/ec2_customer_chum_venv/lib/python3.10/site-packages/airflow/example_dags/example_branch_datetime_operator.py
[2023-12-07T17:08:35.328+0000] {logging_mixin.py:154} INFO - [2023-12-07T17:08:35.328+0000] {dag.py:2941} INFO - Sync 3 DAGs
[2023-12-07T17:08:35.351+0000] {logging_mixin.py:154} INFO - [2023-12-07T17:08:35.351+0000] {dag.py:3722} INFO - Setting next_dagrun for example_branch_datetime_operator to 2023-12-06T00:00:00+00:00, run_after=2023-12-07T00:00:00+00:00
[2023-12-07T17:08:35.355+0000] {logging_mixin.py:154} INFO - [2023-12-07T17:08:35.355+0000] {dag.py:3722} INFO - Setting next_dagrun for example_branch_datetime_operator_2 to 2023-12-06T00:00:00+00:00, run_after=2023-12-07T00:00:00+00:00
[2023-12-07T17:08:35.358+0000] {logging_mixin.py:154} INFO - [2023-12-07T17:08:35.358+0000] {dag.py:3722} INFO - Setting next_dagrun for example_branch_datetime_operator_3 to 2023-12-06T00:00:00+00:00, run_after=2023-12-07T00:00:00+00:00
[2023-12-07T17:08:35.378+0000] {processor.py:179} INFO - Processing /home/ubuntu/ec2_customer_chum_venv/lib/python3.10/site-packages/airflow/example_dags/example_branch_datetime_operator.py took 0.090 seconds
[2023-12-07T17:09:21.597+0000] {processor.py:157} INFO - Started process (PID=6201) to work on /home/ubuntu/ec2_customer_chum_venv/lib/python3.10/site-packages/airflow/example_dags/example_branch_datetime_operator.py
[2023-12-07T17:09:21.598+0000] {processor.py:829} INFO - Processing file /home/ubuntu/ec2_customer_chum_venv/lib/python3.10/site-packages/airflow/example_dags/example_branch_datetime_operator.py for tasks to queue
[2023-12-07T17:09:21.599+0000] {logging_mixin.py:154} INFO - [2023-12-07T17:09:21.599+0000] {dagbag.py:536} INFO - Filling up the DagBag from /home/ubuntu/ec2_customer_chum_venv/lib/python3.10/site-packages/airflow/example_dags/example_branch_datetime_operator.py
[2023-12-07T17:09:21.610+0000] {processor.py:839} INFO - DAG(s) dict_keys(['example_branch_datetime_operator_3', 'example_branch_datetime_operator_2', 'example_branch_datetime_operator']) retrieved from /home/ubuntu/ec2_customer_chum_venv/lib/python3.10/site-packages/airflow/example_dags/example_branch_datetime_operator.py
[2023-12-07T17:09:21.634+0000] {logging_mixin.py:154} INFO - [2023-12-07T17:09:21.634+0000] {dag.py:2941} INFO - Sync 3 DAGs
[2023-12-07T17:09:21.656+0000] {logging_mixin.py:154} INFO - [2023-12-07T17:09:21.656+0000] {dag.py:3722} INFO - Setting next_dagrun for example_branch_datetime_operator to 2023-12-06T00:00:00+00:00, run_after=2023-12-07T00:00:00+00:00
[2023-12-07T17:09:21.661+0000] {logging_mixin.py:154} INFO - [2023-12-07T17:09:21.661+0000] {dag.py:3722} INFO - Setting next_dagrun for example_branch_datetime_operator_2 to 2023-12-06T00:00:00+00:00, run_after=2023-12-07T00:00:00+00:00
[2023-12-07T17:09:21.664+0000] {logging_mixin.py:154} INFO - [2023-12-07T17:09:21.664+0000] {dag.py:3722} INFO - Setting next_dagrun for example_branch_datetime_operator_3 to 2023-12-06T00:00:00+00:00, run_after=2023-12-07T00:00:00+00:00
[2023-12-07T17:09:21.685+0000] {processor.py:179} INFO - Processing /home/ubuntu/ec2_customer_chum_venv/lib/python3.10/site-packages/airflow/example_dags/example_branch_datetime_operator.py took 0.092 seconds
[2023-12-07T17:10:18.269+0000] {processor.py:157} INFO - Started process (PID=6259) to work on /home/ubuntu/ec2_customer_chum_venv/lib/python3.10/site-packages/airflow/example_dags/example_branch_datetime_operator.py
[2023-12-07T17:10:18.273+0000] {processor.py:829} INFO - Processing file /home/ubuntu/ec2_customer_chum_venv/lib/python3.10/site-packages/airflow/example_dags/example_branch_datetime_operator.py for tasks to queue
[2023-12-07T17:10:18.274+0000] {logging_mixin.py:154} INFO - [2023-12-07T17:10:18.274+0000] {dagbag.py:536} INFO - Filling up the DagBag from /home/ubuntu/ec2_customer_chum_venv/lib/python3.10/site-packages/airflow/example_dags/example_branch_datetime_operator.py
[2023-12-07T17:10:18.285+0000] {processor.py:839} INFO - DAG(s) dict_keys(['example_branch_datetime_operator', 'example_branch_datetime_operator_3', 'example_branch_datetime_operator_2']) retrieved from /home/ubuntu/ec2_customer_chum_venv/lib/python3.10/site-packages/airflow/example_dags/example_branch_datetime_operator.py
[2023-12-07T17:10:18.309+0000] {logging_mixin.py:154} INFO - [2023-12-07T17:10:18.309+0000] {dag.py:2941} INFO - Sync 3 DAGs
[2023-12-07T17:10:18.332+0000] {logging_mixin.py:154} INFO - [2023-12-07T17:10:18.331+0000] {dag.py:3722} INFO - Setting next_dagrun for example_branch_datetime_operator to 2023-12-06T00:00:00+00:00, run_after=2023-12-07T00:00:00+00:00
[2023-12-07T17:10:18.336+0000] {logging_mixin.py:154} INFO - [2023-12-07T17:10:18.336+0000] {dag.py:3722} INFO - Setting next_dagrun for example_branch_datetime_operator_2 to 2023-12-06T00:00:00+00:00, run_after=2023-12-07T00:00:00+00:00
[2023-12-07T17:10:18.339+0000] {logging_mixin.py:154} INFO - [2023-12-07T17:10:18.339+0000] {dag.py:3722} INFO - Setting next_dagrun for example_branch_datetime_operator_3 to 2023-12-06T00:00:00+00:00, run_after=2023-12-07T00:00:00+00:00
[2023-12-07T17:10:18.360+0000] {processor.py:179} INFO - Processing /home/ubuntu/ec2_customer_chum_venv/lib/python3.10/site-packages/airflow/example_dags/example_branch_datetime_operator.py took 0.094 seconds
[2023-12-07T17:11:04.704+0000] {processor.py:157} INFO - Started process (PID=6307) to work on /home/ubuntu/ec2_customer_chum_venv/lib/python3.10/site-packages/airflow/example_dags/example_branch_datetime_operator.py
[2023-12-07T17:11:04.706+0000] {processor.py:829} INFO - Processing file /home/ubuntu/ec2_customer_chum_venv/lib/python3.10/site-packages/airflow/example_dags/example_branch_datetime_operator.py for tasks to queue
[2023-12-07T17:11:04.707+0000] {logging_mixin.py:154} INFO - [2023-12-07T17:11:04.706+0000] {dagbag.py:536} INFO - Filling up the DagBag from /home/ubuntu/ec2_customer_chum_venv/lib/python3.10/site-packages/airflow/example_dags/example_branch_datetime_operator.py
[2023-12-07T17:11:04.718+0000] {processor.py:839} INFO - DAG(s) dict_keys(['example_branch_datetime_operator_2', 'example_branch_datetime_operator', 'example_branch_datetime_operator_3']) retrieved from /home/ubuntu/ec2_customer_chum_venv/lib/python3.10/site-packages/airflow/example_dags/example_branch_datetime_operator.py
[2023-12-07T17:11:04.742+0000] {logging_mixin.py:154} INFO - [2023-12-07T17:11:04.742+0000] {dag.py:2941} INFO - Sync 3 DAGs
[2023-12-07T17:11:04.765+0000] {logging_mixin.py:154} INFO - [2023-12-07T17:11:04.765+0000] {dag.py:3722} INFO - Setting next_dagrun for example_branch_datetime_operator to 2023-12-06T00:00:00+00:00, run_after=2023-12-07T00:00:00+00:00
[2023-12-07T17:11:04.770+0000] {logging_mixin.py:154} INFO - [2023-12-07T17:11:04.769+0000] {dag.py:3722} INFO - Setting next_dagrun for example_branch_datetime_operator_2 to 2023-12-06T00:00:00+00:00, run_after=2023-12-07T00:00:00+00:00
[2023-12-07T17:11:04.772+0000] {logging_mixin.py:154} INFO - [2023-12-07T17:11:04.772+0000] {dag.py:3722} INFO - Setting next_dagrun for example_branch_datetime_operator_3 to 2023-12-06T00:00:00+00:00, run_after=2023-12-07T00:00:00+00:00
[2023-12-07T17:11:04.794+0000] {processor.py:179} INFO - Processing /home/ubuntu/ec2_customer_chum_venv/lib/python3.10/site-packages/airflow/example_dags/example_branch_datetime_operator.py took 0.093 seconds
[2023-12-07T17:11:49.808+0000] {processor.py:157} INFO - Started process (PID=6358) to work on /home/ubuntu/ec2_customer_chum_venv/lib/python3.10/site-packages/airflow/example_dags/example_branch_datetime_operator.py
[2023-12-07T17:11:49.809+0000] {processor.py:829} INFO - Processing file /home/ubuntu/ec2_customer_chum_venv/lib/python3.10/site-packages/airflow/example_dags/example_branch_datetime_operator.py for tasks to queue
[2023-12-07T17:11:49.810+0000] {logging_mixin.py:154} INFO - [2023-12-07T17:11:49.810+0000] {dagbag.py:536} INFO - Filling up the DagBag from /home/ubuntu/ec2_customer_chum_venv/lib/python3.10/site-packages/airflow/example_dags/example_branch_datetime_operator.py
[2023-12-07T17:11:49.821+0000] {processor.py:839} INFO - DAG(s) dict_keys(['example_branch_datetime_operator_2', 'example_branch_datetime_operator_3', 'example_branch_datetime_operator']) retrieved from /home/ubuntu/ec2_customer_chum_venv/lib/python3.10/site-packages/airflow/example_dags/example_branch_datetime_operator.py
[2023-12-07T17:11:49.845+0000] {logging_mixin.py:154} INFO - [2023-12-07T17:11:49.845+0000] {dag.py:2941} INFO - Sync 3 DAGs
[2023-12-07T17:11:49.868+0000] {logging_mixin.py:154} INFO - [2023-12-07T17:11:49.868+0000] {dag.py:3722} INFO - Setting next_dagrun for example_branch_datetime_operator to 2023-12-06T00:00:00+00:00, run_after=2023-12-07T00:00:00+00:00
[2023-12-07T17:11:49.873+0000] {logging_mixin.py:154} INFO - [2023-12-07T17:11:49.873+0000] {dag.py:3722} INFO - Setting next_dagrun for example_branch_datetime_operator_2 to 2023-12-06T00:00:00+00:00, run_after=2023-12-07T00:00:00+00:00
[2023-12-07T17:11:49.875+0000] {logging_mixin.py:154} INFO - [2023-12-07T17:11:49.875+0000] {dag.py:3722} INFO - Setting next_dagrun for example_branch_datetime_operator_3 to 2023-12-06T00:00:00+00:00, run_after=2023-12-07T00:00:00+00:00
[2023-12-07T17:11:49.898+0000] {processor.py:179} INFO - Processing /home/ubuntu/ec2_customer_chum_venv/lib/python3.10/site-packages/airflow/example_dags/example_branch_datetime_operator.py took 0.093 seconds
[2023-12-07T17:12:34.334+0000] {processor.py:157} INFO - Started process (PID=6404) to work on /home/ubuntu/ec2_customer_chum_venv/lib/python3.10/site-packages/airflow/example_dags/example_branch_datetime_operator.py
[2023-12-07T17:12:34.335+0000] {processor.py:829} INFO - Processing file /home/ubuntu/ec2_customer_chum_venv/lib/python3.10/site-packages/airflow/example_dags/example_branch_datetime_operator.py for tasks to queue
[2023-12-07T17:12:34.336+0000] {logging_mixin.py:154} INFO - [2023-12-07T17:12:34.336+0000] {dagbag.py:536} INFO - Filling up the DagBag from /home/ubuntu/ec2_customer_chum_venv/lib/python3.10/site-packages/airflow/example_dags/example_branch_datetime_operator.py
[2023-12-07T17:12:34.347+0000] {processor.py:839} INFO - DAG(s) dict_keys(['example_branch_datetime_operator_2', 'example_branch_datetime_operator', 'example_branch_datetime_operator_3']) retrieved from /home/ubuntu/ec2_customer_chum_venv/lib/python3.10/site-packages/airflow/example_dags/example_branch_datetime_operator.py
[2023-12-07T17:12:34.371+0000] {logging_mixin.py:154} INFO - [2023-12-07T17:12:34.371+0000] {dag.py:2941} INFO - Sync 3 DAGs
[2023-12-07T17:12:34.394+0000] {logging_mixin.py:154} INFO - [2023-12-07T17:12:34.393+0000] {dag.py:3722} INFO - Setting next_dagrun for example_branch_datetime_operator to 2023-12-06T00:00:00+00:00, run_after=2023-12-07T00:00:00+00:00
[2023-12-07T17:12:34.399+0000] {logging_mixin.py:154} INFO - [2023-12-07T17:12:34.399+0000] {dag.py:3722} INFO - Setting next_dagrun for example_branch_datetime_operator_2 to 2023-12-06T00:00:00+00:00, run_after=2023-12-07T00:00:00+00:00
[2023-12-07T17:12:34.402+0000] {logging_mixin.py:154} INFO - [2023-12-07T17:12:34.402+0000] {dag.py:3722} INFO - Setting next_dagrun for example_branch_datetime_operator_3 to 2023-12-06T00:00:00+00:00, run_after=2023-12-07T00:00:00+00:00
[2023-12-07T17:12:34.422+0000] {processor.py:179} INFO - Processing /home/ubuntu/ec2_customer_chum_venv/lib/python3.10/site-packages/airflow/example_dags/example_branch_datetime_operator.py took 0.092 seconds
[2023-12-07T17:13:22.701+0000] {processor.py:157} INFO - Started process (PID=6540) to work on /home/ubuntu/ec2_customer_chum_venv/lib/python3.10/site-packages/airflow/example_dags/example_branch_datetime_operator.py
[2023-12-07T17:13:22.702+0000] {processor.py:829} INFO - Processing file /home/ubuntu/ec2_customer_chum_venv/lib/python3.10/site-packages/airflow/example_dags/example_branch_datetime_operator.py for tasks to queue
[2023-12-07T17:13:22.703+0000] {logging_mixin.py:154} INFO - [2023-12-07T17:13:22.703+0000] {dagbag.py:536} INFO - Filling up the DagBag from /home/ubuntu/ec2_customer_chum_venv/lib/python3.10/site-packages/airflow/example_dags/example_branch_datetime_operator.py
[2023-12-07T17:13:22.713+0000] {processor.py:839} INFO - DAG(s) dict_keys(['example_branch_datetime_operator_2', 'example_branch_datetime_operator_3', 'example_branch_datetime_operator']) retrieved from /home/ubuntu/ec2_customer_chum_venv/lib/python3.10/site-packages/airflow/example_dags/example_branch_datetime_operator.py
[2023-12-07T17:13:22.737+0000] {logging_mixin.py:154} INFO - [2023-12-07T17:13:22.737+0000] {dag.py:2941} INFO - Sync 3 DAGs
[2023-12-07T17:13:22.760+0000] {logging_mixin.py:154} INFO - [2023-12-07T17:13:22.759+0000] {dag.py:3722} INFO - Setting next_dagrun for example_branch_datetime_operator to 2023-12-06T00:00:00+00:00, run_after=2023-12-07T00:00:00+00:00
[2023-12-07T17:13:22.765+0000] {logging_mixin.py:154} INFO - [2023-12-07T17:13:22.764+0000] {dag.py:3722} INFO - Setting next_dagrun for example_branch_datetime_operator_2 to 2023-12-06T00:00:00+00:00, run_after=2023-12-07T00:00:00+00:00
[2023-12-07T17:13:22.767+0000] {logging_mixin.py:154} INFO - [2023-12-07T17:13:22.767+0000] {dag.py:3722} INFO - Setting next_dagrun for example_branch_datetime_operator_3 to 2023-12-06T00:00:00+00:00, run_after=2023-12-07T00:00:00+00:00
[2023-12-07T17:13:22.788+0000] {processor.py:179} INFO - Processing /home/ubuntu/ec2_customer_chum_venv/lib/python3.10/site-packages/airflow/example_dags/example_branch_datetime_operator.py took 0.091 seconds
[2023-12-07T17:14:05.723+0000] {processor.py:157} INFO - Started process (PID=6586) to work on /home/ubuntu/ec2_customer_chum_venv/lib/python3.10/site-packages/airflow/example_dags/example_branch_datetime_operator.py
[2023-12-07T17:14:05.724+0000] {processor.py:829} INFO - Processing file /home/ubuntu/ec2_customer_chum_venv/lib/python3.10/site-packages/airflow/example_dags/example_branch_datetime_operator.py for tasks to queue
[2023-12-07T17:14:05.725+0000] {logging_mixin.py:154} INFO - [2023-12-07T17:14:05.725+0000] {dagbag.py:536} INFO - Filling up the DagBag from /home/ubuntu/ec2_customer_chum_venv/lib/python3.10/site-packages/airflow/example_dags/example_branch_datetime_operator.py
[2023-12-07T17:14:05.736+0000] {processor.py:839} INFO - DAG(s) dict_keys(['example_branch_datetime_operator', 'example_branch_datetime_operator_2', 'example_branch_datetime_operator_3']) retrieved from /home/ubuntu/ec2_customer_chum_venv/lib/python3.10/site-packages/airflow/example_dags/example_branch_datetime_operator.py
[2023-12-07T17:14:05.760+0000] {logging_mixin.py:154} INFO - [2023-12-07T17:14:05.760+0000] {dag.py:2941} INFO - Sync 3 DAGs
[2023-12-07T17:14:05.784+0000] {logging_mixin.py:154} INFO - [2023-12-07T17:14:05.784+0000] {dag.py:3722} INFO - Setting next_dagrun for example_branch_datetime_operator to 2023-12-06T00:00:00+00:00, run_after=2023-12-07T00:00:00+00:00
[2023-12-07T17:14:05.789+0000] {logging_mixin.py:154} INFO - [2023-12-07T17:14:05.789+0000] {dag.py:3722} INFO - Setting next_dagrun for example_branch_datetime_operator_2 to 2023-12-06T00:00:00+00:00, run_after=2023-12-07T00:00:00+00:00
[2023-12-07T17:14:05.791+0000] {logging_mixin.py:154} INFO - [2023-12-07T17:14:05.791+0000] {dag.py:3722} INFO - Setting next_dagrun for example_branch_datetime_operator_3 to 2023-12-06T00:00:00+00:00, run_after=2023-12-07T00:00:00+00:00
[2023-12-07T17:14:05.812+0000] {processor.py:179} INFO - Processing /home/ubuntu/ec2_customer_chum_venv/lib/python3.10/site-packages/airflow/example_dags/example_branch_datetime_operator.py took 0.093 seconds
[2023-12-07T17:14:51.411+0000] {processor.py:157} INFO - Started process (PID=6699) to work on /home/ubuntu/ec2_customer_chum_venv/lib/python3.10/site-packages/airflow/example_dags/example_branch_datetime_operator.py
[2023-12-07T17:14:51.413+0000] {processor.py:829} INFO - Processing file /home/ubuntu/ec2_customer_chum_venv/lib/python3.10/site-packages/airflow/example_dags/example_branch_datetime_operator.py for tasks to queue
[2023-12-07T17:14:51.414+0000] {logging_mixin.py:154} INFO - [2023-12-07T17:14:51.414+0000] {dagbag.py:536} INFO - Filling up the DagBag from /home/ubuntu/ec2_customer_chum_venv/lib/python3.10/site-packages/airflow/example_dags/example_branch_datetime_operator.py
[2023-12-07T17:14:51.424+0000] {processor.py:839} INFO - DAG(s) dict_keys(['example_branch_datetime_operator_2', 'example_branch_datetime_operator', 'example_branch_datetime_operator_3']) retrieved from /home/ubuntu/ec2_customer_chum_venv/lib/python3.10/site-packages/airflow/example_dags/example_branch_datetime_operator.py
[2023-12-07T17:14:51.448+0000] {logging_mixin.py:154} INFO - [2023-12-07T17:14:51.447+0000] {dag.py:2941} INFO - Sync 3 DAGs
[2023-12-07T17:14:51.469+0000] {logging_mixin.py:154} INFO - [2023-12-07T17:14:51.469+0000] {dag.py:3722} INFO - Setting next_dagrun for example_branch_datetime_operator to 2023-12-06T00:00:00+00:00, run_after=2023-12-07T00:00:00+00:00
[2023-12-07T17:14:51.474+0000] {logging_mixin.py:154} INFO - [2023-12-07T17:14:51.474+0000] {dag.py:3722} INFO - Setting next_dagrun for example_branch_datetime_operator_2 to 2023-12-06T00:00:00+00:00, run_after=2023-12-07T00:00:00+00:00
[2023-12-07T17:14:51.477+0000] {logging_mixin.py:154} INFO - [2023-12-07T17:14:51.476+0000] {dag.py:3722} INFO - Setting next_dagrun for example_branch_datetime_operator_3 to 2023-12-06T00:00:00+00:00, run_after=2023-12-07T00:00:00+00:00
[2023-12-07T17:14:51.496+0000] {processor.py:179} INFO - Processing /home/ubuntu/ec2_customer_chum_venv/lib/python3.10/site-packages/airflow/example_dags/example_branch_datetime_operator.py took 0.088 seconds
