[2023-12-07T16:49:38.248+0000] {processor.py:157} INFO - Started process (PID=4991) to work on /home/ubuntu/ec2_customer_chum_venv/lib/python3.10/site-packages/airflow/example_dags/example_datasets.py
[2023-12-07T16:49:38.249+0000] {processor.py:829} INFO - Processing file /home/ubuntu/ec2_customer_chum_venv/lib/python3.10/site-packages/airflow/example_dags/example_datasets.py for tasks to queue
[2023-12-07T16:49:38.250+0000] {logging_mixin.py:154} INFO - [2023-12-07T16:49:38.249+0000] {dagbag.py:536} INFO - Filling up the DagBag from /home/ubuntu/ec2_customer_chum_venv/lib/python3.10/site-packages/airflow/example_dags/example_datasets.py
[2023-12-07T16:49:38.260+0000] {processor.py:839} INFO - DAG(s) dict_keys(['dataset_produces_1', 'dataset_consumes_1_never_scheduled', 'dataset_consumes_1_and_2', 'dataset_consumes_1', 'dataset_produces_2', 'dataset_consumes_unknown_never_scheduled']) retrieved from /home/ubuntu/ec2_customer_chum_venv/lib/python3.10/site-packages/airflow/example_dags/example_datasets.py
[2023-12-07T16:49:38.381+0000] {logging_mixin.py:154} INFO - [2023-12-07T16:49:38.381+0000] {manager.py:499} INFO - Created Permission View: %s
[2023-12-07T16:49:38.399+0000] {logging_mixin.py:154} INFO - [2023-12-07T16:49:38.399+0000] {manager.py:499} INFO - Created Permission View: %s
[2023-12-07T16:49:38.412+0000] {logging_mixin.py:154} INFO - [2023-12-07T16:49:38.412+0000] {manager.py:499} INFO - Created Permission View: %s
[2023-12-07T16:49:38.437+0000] {logging_mixin.py:154} INFO - [2023-12-07T16:49:38.437+0000] {manager.py:499} INFO - Created Permission View: %s
[2023-12-07T16:49:38.450+0000] {logging_mixin.py:154} INFO - [2023-12-07T16:49:38.449+0000] {manager.py:499} INFO - Created Permission View: %s
[2023-12-07T16:49:38.462+0000] {logging_mixin.py:154} INFO - [2023-12-07T16:49:38.462+0000] {manager.py:499} INFO - Created Permission View: %s
[2023-12-07T16:49:38.486+0000] {logging_mixin.py:154} INFO - [2023-12-07T16:49:38.485+0000] {manager.py:499} INFO - Created Permission View: %s
[2023-12-07T16:49:38.496+0000] {logging_mixin.py:154} INFO - [2023-12-07T16:49:38.496+0000] {manager.py:499} INFO - Created Permission View: %s
[2023-12-07T16:49:38.507+0000] {logging_mixin.py:154} INFO - [2023-12-07T16:49:38.507+0000] {manager.py:499} INFO - Created Permission View: %s
[2023-12-07T16:49:38.530+0000] {logging_mixin.py:154} INFO - [2023-12-07T16:49:38.530+0000] {manager.py:499} INFO - Created Permission View: %s
[2023-12-07T16:49:38.540+0000] {logging_mixin.py:154} INFO - [2023-12-07T16:49:38.540+0000] {manager.py:499} INFO - Created Permission View: %s
[2023-12-07T16:49:38.550+0000] {logging_mixin.py:154} INFO - [2023-12-07T16:49:38.550+0000] {manager.py:499} INFO - Created Permission View: %s
[2023-12-07T16:49:38.570+0000] {logging_mixin.py:154} INFO - [2023-12-07T16:49:38.569+0000] {manager.py:499} INFO - Created Permission View: %s
[2023-12-07T16:49:38.580+0000] {logging_mixin.py:154} INFO - [2023-12-07T16:49:38.579+0000] {manager.py:499} INFO - Created Permission View: %s
[2023-12-07T16:49:38.590+0000] {logging_mixin.py:154} INFO - [2023-12-07T16:49:38.589+0000] {manager.py:499} INFO - Created Permission View: %s
[2023-12-07T16:49:38.612+0000] {logging_mixin.py:154} INFO - [2023-12-07T16:49:38.612+0000] {manager.py:499} INFO - Created Permission View: %s
[2023-12-07T16:49:38.623+0000] {logging_mixin.py:154} INFO - [2023-12-07T16:49:38.622+0000] {manager.py:499} INFO - Created Permission View: %s
[2023-12-07T16:49:38.633+0000] {logging_mixin.py:154} INFO - [2023-12-07T16:49:38.632+0000] {manager.py:499} INFO - Created Permission View: %s
[2023-12-07T16:49:38.633+0000] {logging_mixin.py:154} INFO - [2023-12-07T16:49:38.633+0000] {dag.py:2941} INFO - Sync 6 DAGs
[2023-12-07T16:49:38.644+0000] {logging_mixin.py:154} INFO - [2023-12-07T16:49:38.644+0000] {dag.py:2963} INFO - Creating ORM DAG for dataset_consumes_1
[2023-12-07T16:49:38.644+0000] {logging_mixin.py:154} INFO - [2023-12-07T16:49:38.644+0000] {dag.py:2963} INFO - Creating ORM DAG for dataset_consumes_unknown_never_scheduled
[2023-12-07T16:49:38.645+0000] {logging_mixin.py:154} INFO - [2023-12-07T16:49:38.645+0000] {dag.py:2963} INFO - Creating ORM DAG for dataset_produces_1
[2023-12-07T16:49:38.645+0000] {logging_mixin.py:154} INFO - [2023-12-07T16:49:38.645+0000] {dag.py:2963} INFO - Creating ORM DAG for dataset_consumes_1_never_scheduled
[2023-12-07T16:49:38.646+0000] {logging_mixin.py:154} INFO - [2023-12-07T16:49:38.646+0000] {dag.py:2963} INFO - Creating ORM DAG for dataset_produces_2
[2023-12-07T16:49:38.646+0000] {logging_mixin.py:154} INFO - [2023-12-07T16:49:38.646+0000] {dag.py:2963} INFO - Creating ORM DAG for dataset_consumes_1_and_2
[2023-12-07T16:49:38.655+0000] {logging_mixin.py:154} INFO - [2023-12-07T16:49:38.655+0000] {dag.py:3722} INFO - Setting next_dagrun for dataset_consumes_1 to None, run_after=None
[2023-12-07T16:49:38.655+0000] {logging_mixin.py:154} INFO - [2023-12-07T16:49:38.655+0000] {dag.py:3722} INFO - Setting next_dagrun for dataset_consumes_1_and_2 to None, run_after=None
[2023-12-07T16:49:38.656+0000] {logging_mixin.py:154} INFO - [2023-12-07T16:49:38.656+0000] {dag.py:3722} INFO - Setting next_dagrun for dataset_consumes_1_never_scheduled to None, run_after=None
[2023-12-07T16:49:38.656+0000] {logging_mixin.py:154} INFO - [2023-12-07T16:49:38.656+0000] {dag.py:3722} INFO - Setting next_dagrun for dataset_consumes_unknown_never_scheduled to None, run_after=None
[2023-12-07T16:49:38.659+0000] {logging_mixin.py:154} INFO - [2023-12-07T16:49:38.659+0000] {dag.py:3722} INFO - Setting next_dagrun for dataset_produces_1 to 2023-12-06T00:00:00+00:00, run_after=2023-12-07T00:00:00+00:00
[2023-12-07T16:49:38.659+0000] {logging_mixin.py:154} INFO - [2023-12-07T16:49:38.659+0000] {dag.py:3722} INFO - Setting next_dagrun for dataset_produces_2 to None, run_after=None
[2023-12-07T16:49:38.698+0000] {processor.py:179} INFO - Processing /home/ubuntu/ec2_customer_chum_venv/lib/python3.10/site-packages/airflow/example_dags/example_datasets.py took 0.453 seconds
[2023-12-07T16:50:26.272+0000] {processor.py:157} INFO - Started process (PID=5037) to work on /home/ubuntu/ec2_customer_chum_venv/lib/python3.10/site-packages/airflow/example_dags/example_datasets.py
[2023-12-07T16:50:26.273+0000] {processor.py:829} INFO - Processing file /home/ubuntu/ec2_customer_chum_venv/lib/python3.10/site-packages/airflow/example_dags/example_datasets.py for tasks to queue
[2023-12-07T16:50:26.274+0000] {logging_mixin.py:154} INFO - [2023-12-07T16:50:26.274+0000] {dagbag.py:536} INFO - Filling up the DagBag from /home/ubuntu/ec2_customer_chum_venv/lib/python3.10/site-packages/airflow/example_dags/example_datasets.py
[2023-12-07T16:50:26.284+0000] {processor.py:839} INFO - DAG(s) dict_keys(['dataset_consumes_1_never_scheduled', 'dataset_consumes_1_and_2', 'dataset_consumes_1', 'dataset_produces_1', 'dataset_produces_2', 'dataset_consumes_unknown_never_scheduled']) retrieved from /home/ubuntu/ec2_customer_chum_venv/lib/python3.10/site-packages/airflow/example_dags/example_datasets.py
[2023-12-07T16:50:26.313+0000] {logging_mixin.py:154} INFO - [2023-12-07T16:50:26.312+0000] {dag.py:2941} INFO - Sync 6 DAGs
[2023-12-07T16:50:26.334+0000] {logging_mixin.py:154} INFO - [2023-12-07T16:50:26.334+0000] {dag.py:3722} INFO - Setting next_dagrun for dataset_consumes_1 to None, run_after=None
[2023-12-07T16:50:26.337+0000] {logging_mixin.py:154} INFO - [2023-12-07T16:50:26.337+0000] {dag.py:3722} INFO - Setting next_dagrun for dataset_consumes_1_and_2 to None, run_after=None
[2023-12-07T16:50:26.338+0000] {logging_mixin.py:154} INFO - [2023-12-07T16:50:26.338+0000] {dag.py:3722} INFO - Setting next_dagrun for dataset_consumes_1_never_scheduled to None, run_after=None
[2023-12-07T16:50:26.339+0000] {logging_mixin.py:154} INFO - [2023-12-07T16:50:26.338+0000] {dag.py:3722} INFO - Setting next_dagrun for dataset_consumes_unknown_never_scheduled to None, run_after=None
[2023-12-07T16:50:26.341+0000] {logging_mixin.py:154} INFO - [2023-12-07T16:50:26.341+0000] {dag.py:3722} INFO - Setting next_dagrun for dataset_produces_1 to 2023-12-06T00:00:00+00:00, run_after=2023-12-07T00:00:00+00:00
[2023-12-07T16:50:26.343+0000] {logging_mixin.py:154} INFO - [2023-12-07T16:50:26.343+0000] {dag.py:3722} INFO - Setting next_dagrun for dataset_produces_2 to None, run_after=None
[2023-12-07T16:50:26.374+0000] {processor.py:179} INFO - Processing /home/ubuntu/ec2_customer_chum_venv/lib/python3.10/site-packages/airflow/example_dags/example_datasets.py took 0.106 seconds
[2023-12-07T16:51:15.558+0000] {processor.py:157} INFO - Started process (PID=5088) to work on /home/ubuntu/ec2_customer_chum_venv/lib/python3.10/site-packages/airflow/example_dags/example_datasets.py
[2023-12-07T16:51:15.560+0000] {processor.py:829} INFO - Processing file /home/ubuntu/ec2_customer_chum_venv/lib/python3.10/site-packages/airflow/example_dags/example_datasets.py for tasks to queue
[2023-12-07T16:51:15.561+0000] {logging_mixin.py:154} INFO - [2023-12-07T16:51:15.561+0000] {dagbag.py:536} INFO - Filling up the DagBag from /home/ubuntu/ec2_customer_chum_venv/lib/python3.10/site-packages/airflow/example_dags/example_datasets.py
[2023-12-07T16:51:15.572+0000] {processor.py:839} INFO - DAG(s) dict_keys(['dataset_consumes_1_and_2', 'dataset_produces_1', 'dataset_consumes_unknown_never_scheduled', 'dataset_produces_2', 'dataset_consumes_1', 'dataset_consumes_1_never_scheduled']) retrieved from /home/ubuntu/ec2_customer_chum_venv/lib/python3.10/site-packages/airflow/example_dags/example_datasets.py
[2023-12-07T16:51:15.601+0000] {logging_mixin.py:154} INFO - [2023-12-07T16:51:15.601+0000] {dag.py:2941} INFO - Sync 6 DAGs
[2023-12-07T16:51:15.623+0000] {logging_mixin.py:154} INFO - [2023-12-07T16:51:15.623+0000] {dag.py:3722} INFO - Setting next_dagrun for dataset_consumes_1 to None, run_after=None
[2023-12-07T16:51:15.626+0000] {logging_mixin.py:154} INFO - [2023-12-07T16:51:15.626+0000] {dag.py:3722} INFO - Setting next_dagrun for dataset_consumes_1_and_2 to None, run_after=None
[2023-12-07T16:51:15.627+0000] {logging_mixin.py:154} INFO - [2023-12-07T16:51:15.627+0000] {dag.py:3722} INFO - Setting next_dagrun for dataset_consumes_1_never_scheduled to None, run_after=None
[2023-12-07T16:51:15.628+0000] {logging_mixin.py:154} INFO - [2023-12-07T16:51:15.628+0000] {dag.py:3722} INFO - Setting next_dagrun for dataset_consumes_unknown_never_scheduled to None, run_after=None
[2023-12-07T16:51:15.631+0000] {logging_mixin.py:154} INFO - [2023-12-07T16:51:15.631+0000] {dag.py:3722} INFO - Setting next_dagrun for dataset_produces_1 to 2023-12-06T00:00:00+00:00, run_after=2023-12-07T00:00:00+00:00
[2023-12-07T16:51:15.632+0000] {logging_mixin.py:154} INFO - [2023-12-07T16:51:15.632+0000] {dag.py:3722} INFO - Setting next_dagrun for dataset_produces_2 to None, run_after=None
[2023-12-07T16:51:15.667+0000] {processor.py:179} INFO - Processing /home/ubuntu/ec2_customer_chum_venv/lib/python3.10/site-packages/airflow/example_dags/example_datasets.py took 0.112 seconds
[2023-12-07T16:52:06.681+0000] {processor.py:157} INFO - Started process (PID=5140) to work on /home/ubuntu/ec2_customer_chum_venv/lib/python3.10/site-packages/airflow/example_dags/example_datasets.py
[2023-12-07T16:52:06.683+0000] {processor.py:829} INFO - Processing file /home/ubuntu/ec2_customer_chum_venv/lib/python3.10/site-packages/airflow/example_dags/example_datasets.py for tasks to queue
[2023-12-07T16:52:06.684+0000] {logging_mixin.py:154} INFO - [2023-12-07T16:52:06.683+0000] {dagbag.py:536} INFO - Filling up the DagBag from /home/ubuntu/ec2_customer_chum_venv/lib/python3.10/site-packages/airflow/example_dags/example_datasets.py
[2023-12-07T16:52:06.694+0000] {processor.py:839} INFO - DAG(s) dict_keys(['dataset_produces_1', 'dataset_consumes_1_and_2', 'dataset_consumes_1_never_scheduled', 'dataset_consumes_1', 'dataset_produces_2', 'dataset_consumes_unknown_never_scheduled']) retrieved from /home/ubuntu/ec2_customer_chum_venv/lib/python3.10/site-packages/airflow/example_dags/example_datasets.py
[2023-12-07T16:52:06.723+0000] {logging_mixin.py:154} INFO - [2023-12-07T16:52:06.723+0000] {dag.py:2941} INFO - Sync 6 DAGs
[2023-12-07T16:52:06.745+0000] {logging_mixin.py:154} INFO - [2023-12-07T16:52:06.745+0000] {dag.py:3722} INFO - Setting next_dagrun for dataset_consumes_1 to None, run_after=None
[2023-12-07T16:52:06.749+0000] {logging_mixin.py:154} INFO - [2023-12-07T16:52:06.749+0000] {dag.py:3722} INFO - Setting next_dagrun for dataset_consumes_1_and_2 to None, run_after=None
[2023-12-07T16:52:06.750+0000] {logging_mixin.py:154} INFO - [2023-12-07T16:52:06.750+0000] {dag.py:3722} INFO - Setting next_dagrun for dataset_consumes_1_never_scheduled to None, run_after=None
[2023-12-07T16:52:06.751+0000] {logging_mixin.py:154} INFO - [2023-12-07T16:52:06.751+0000] {dag.py:3722} INFO - Setting next_dagrun for dataset_consumes_unknown_never_scheduled to None, run_after=None
[2023-12-07T16:52:06.754+0000] {logging_mixin.py:154} INFO - [2023-12-07T16:52:06.754+0000] {dag.py:3722} INFO - Setting next_dagrun for dataset_produces_1 to 2023-12-06T00:00:00+00:00, run_after=2023-12-07T00:00:00+00:00
[2023-12-07T16:52:06.755+0000] {logging_mixin.py:154} INFO - [2023-12-07T16:52:06.754+0000] {dag.py:3722} INFO - Setting next_dagrun for dataset_produces_2 to None, run_after=None
[2023-12-07T16:52:06.788+0000] {processor.py:179} INFO - Processing /home/ubuntu/ec2_customer_chum_venv/lib/python3.10/site-packages/airflow/example_dags/example_datasets.py took 0.110 seconds
[2023-12-07T16:52:53.971+0000] {processor.py:157} INFO - Started process (PID=5190) to work on /home/ubuntu/ec2_customer_chum_venv/lib/python3.10/site-packages/airflow/example_dags/example_datasets.py
[2023-12-07T16:52:53.972+0000] {processor.py:829} INFO - Processing file /home/ubuntu/ec2_customer_chum_venv/lib/python3.10/site-packages/airflow/example_dags/example_datasets.py for tasks to queue
[2023-12-07T16:52:53.973+0000] {logging_mixin.py:154} INFO - [2023-12-07T16:52:53.972+0000] {dagbag.py:536} INFO - Filling up the DagBag from /home/ubuntu/ec2_customer_chum_venv/lib/python3.10/site-packages/airflow/example_dags/example_datasets.py
[2023-12-07T16:52:53.983+0000] {processor.py:839} INFO - DAG(s) dict_keys(['dataset_consumes_1_never_scheduled', 'dataset_consumes_1_and_2', 'dataset_consumes_unknown_never_scheduled', 'dataset_produces_2', 'dataset_consumes_1', 'dataset_produces_1']) retrieved from /home/ubuntu/ec2_customer_chum_venv/lib/python3.10/site-packages/airflow/example_dags/example_datasets.py
[2023-12-07T16:52:54.012+0000] {logging_mixin.py:154} INFO - [2023-12-07T16:52:54.011+0000] {dag.py:2941} INFO - Sync 6 DAGs
[2023-12-07T16:52:54.033+0000] {logging_mixin.py:154} INFO - [2023-12-07T16:52:54.033+0000] {dag.py:3722} INFO - Setting next_dagrun for dataset_consumes_1 to None, run_after=None
[2023-12-07T16:52:54.036+0000] {logging_mixin.py:154} INFO - [2023-12-07T16:52:54.036+0000] {dag.py:3722} INFO - Setting next_dagrun for dataset_consumes_1_and_2 to None, run_after=None
[2023-12-07T16:52:54.037+0000] {logging_mixin.py:154} INFO - [2023-12-07T16:52:54.037+0000] {dag.py:3722} INFO - Setting next_dagrun for dataset_consumes_1_never_scheduled to None, run_after=None
[2023-12-07T16:52:54.038+0000] {logging_mixin.py:154} INFO - [2023-12-07T16:52:54.038+0000] {dag.py:3722} INFO - Setting next_dagrun for dataset_consumes_unknown_never_scheduled to None, run_after=None
[2023-12-07T16:52:54.040+0000] {logging_mixin.py:154} INFO - [2023-12-07T16:52:54.040+0000] {dag.py:3722} INFO - Setting next_dagrun for dataset_produces_1 to 2023-12-06T00:00:00+00:00, run_after=2023-12-07T00:00:00+00:00
[2023-12-07T16:52:54.041+0000] {logging_mixin.py:154} INFO - [2023-12-07T16:52:54.041+0000] {dag.py:3722} INFO - Setting next_dagrun for dataset_produces_2 to None, run_after=None
[2023-12-07T16:52:54.074+0000] {processor.py:179} INFO - Processing /home/ubuntu/ec2_customer_chum_venv/lib/python3.10/site-packages/airflow/example_dags/example_datasets.py took 0.107 seconds
[2023-12-07T16:54:07.590+0000] {processor.py:157} INFO - Started process (PID=5253) to work on /home/ubuntu/ec2_customer_chum_venv/lib/python3.10/site-packages/airflow/example_dags/example_datasets.py
[2023-12-07T16:54:07.593+0000] {processor.py:829} INFO - Processing file /home/ubuntu/ec2_customer_chum_venv/lib/python3.10/site-packages/airflow/example_dags/example_datasets.py for tasks to queue
[2023-12-07T16:54:07.594+0000] {logging_mixin.py:154} INFO - [2023-12-07T16:54:07.594+0000] {dagbag.py:536} INFO - Filling up the DagBag from /home/ubuntu/ec2_customer_chum_venv/lib/python3.10/site-packages/airflow/example_dags/example_datasets.py
[2023-12-07T16:54:07.605+0000] {processor.py:839} INFO - DAG(s) dict_keys(['dataset_consumes_1', 'dataset_consumes_unknown_never_scheduled', 'dataset_consumes_1_never_scheduled', 'dataset_produces_1', 'dataset_consumes_1_and_2', 'dataset_produces_2']) retrieved from /home/ubuntu/ec2_customer_chum_venv/lib/python3.10/site-packages/airflow/example_dags/example_datasets.py
[2023-12-07T16:54:07.637+0000] {logging_mixin.py:154} INFO - [2023-12-07T16:54:07.637+0000] {dag.py:2941} INFO - Sync 6 DAGs
[2023-12-07T16:54:07.660+0000] {logging_mixin.py:154} INFO - [2023-12-07T16:54:07.660+0000] {dag.py:3722} INFO - Setting next_dagrun for dataset_consumes_1 to None, run_after=None
[2023-12-07T16:54:07.663+0000] {logging_mixin.py:154} INFO - [2023-12-07T16:54:07.663+0000] {dag.py:3722} INFO - Setting next_dagrun for dataset_consumes_1_and_2 to None, run_after=None
[2023-12-07T16:54:07.664+0000] {logging_mixin.py:154} INFO - [2023-12-07T16:54:07.664+0000] {dag.py:3722} INFO - Setting next_dagrun for dataset_consumes_1_never_scheduled to None, run_after=None
[2023-12-07T16:54:07.665+0000] {logging_mixin.py:154} INFO - [2023-12-07T16:54:07.665+0000] {dag.py:3722} INFO - Setting next_dagrun for dataset_consumes_unknown_never_scheduled to None, run_after=None
[2023-12-07T16:54:07.668+0000] {logging_mixin.py:154} INFO - [2023-12-07T16:54:07.668+0000] {dag.py:3722} INFO - Setting next_dagrun for dataset_produces_1 to 2023-12-06T00:00:00+00:00, run_after=2023-12-07T00:00:00+00:00
[2023-12-07T16:54:07.669+0000] {logging_mixin.py:154} INFO - [2023-12-07T16:54:07.669+0000] {dag.py:3722} INFO - Setting next_dagrun for dataset_produces_2 to None, run_after=None
[2023-12-07T16:54:07.700+0000] {processor.py:179} INFO - Processing /home/ubuntu/ec2_customer_chum_venv/lib/python3.10/site-packages/airflow/example_dags/example_datasets.py took 0.114 seconds
[2023-12-07T16:54:53.905+0000] {processor.py:157} INFO - Started process (PID=5302) to work on /home/ubuntu/ec2_customer_chum_venv/lib/python3.10/site-packages/airflow/example_dags/example_datasets.py
[2023-12-07T16:54:53.907+0000] {processor.py:829} INFO - Processing file /home/ubuntu/ec2_customer_chum_venv/lib/python3.10/site-packages/airflow/example_dags/example_datasets.py for tasks to queue
[2023-12-07T16:54:53.907+0000] {logging_mixin.py:154} INFO - [2023-12-07T16:54:53.907+0000] {dagbag.py:536} INFO - Filling up the DagBag from /home/ubuntu/ec2_customer_chum_venv/lib/python3.10/site-packages/airflow/example_dags/example_datasets.py
[2023-12-07T16:54:53.918+0000] {processor.py:839} INFO - DAG(s) dict_keys(['dataset_consumes_1_and_2', 'dataset_consumes_unknown_never_scheduled', 'dataset_produces_2', 'dataset_consumes_1_never_scheduled', 'dataset_produces_1', 'dataset_consumes_1']) retrieved from /home/ubuntu/ec2_customer_chum_venv/lib/python3.10/site-packages/airflow/example_dags/example_datasets.py
[2023-12-07T16:54:53.946+0000] {logging_mixin.py:154} INFO - [2023-12-07T16:54:53.946+0000] {dag.py:2941} INFO - Sync 6 DAGs
[2023-12-07T16:54:53.967+0000] {logging_mixin.py:154} INFO - [2023-12-07T16:54:53.967+0000] {dag.py:3722} INFO - Setting next_dagrun for dataset_consumes_1 to None, run_after=None
[2023-12-07T16:54:53.970+0000] {logging_mixin.py:154} INFO - [2023-12-07T16:54:53.970+0000] {dag.py:3722} INFO - Setting next_dagrun for dataset_consumes_1_and_2 to None, run_after=None
[2023-12-07T16:54:53.971+0000] {logging_mixin.py:154} INFO - [2023-12-07T16:54:53.971+0000] {dag.py:3722} INFO - Setting next_dagrun for dataset_consumes_1_never_scheduled to None, run_after=None
[2023-12-07T16:54:53.972+0000] {logging_mixin.py:154} INFO - [2023-12-07T16:54:53.972+0000] {dag.py:3722} INFO - Setting next_dagrun for dataset_consumes_unknown_never_scheduled to None, run_after=None
[2023-12-07T16:54:53.974+0000] {logging_mixin.py:154} INFO - [2023-12-07T16:54:53.974+0000] {dag.py:3722} INFO - Setting next_dagrun for dataset_produces_1 to 2023-12-06T00:00:00+00:00, run_after=2023-12-07T00:00:00+00:00
[2023-12-07T16:54:53.975+0000] {logging_mixin.py:154} INFO - [2023-12-07T16:54:53.975+0000] {dag.py:3722} INFO - Setting next_dagrun for dataset_produces_2 to None, run_after=None
[2023-12-07T16:54:54.008+0000] {processor.py:179} INFO - Processing /home/ubuntu/ec2_customer_chum_venv/lib/python3.10/site-packages/airflow/example_dags/example_datasets.py took 0.106 seconds
[2023-12-07T16:55:37.442+0000] {processor.py:157} INFO - Started process (PID=5349) to work on /home/ubuntu/ec2_customer_chum_venv/lib/python3.10/site-packages/airflow/example_dags/example_datasets.py
[2023-12-07T16:55:37.444+0000] {processor.py:829} INFO - Processing file /home/ubuntu/ec2_customer_chum_venv/lib/python3.10/site-packages/airflow/example_dags/example_datasets.py for tasks to queue
[2023-12-07T16:55:37.445+0000] {logging_mixin.py:154} INFO - [2023-12-07T16:55:37.444+0000] {dagbag.py:536} INFO - Filling up the DagBag from /home/ubuntu/ec2_customer_chum_venv/lib/python3.10/site-packages/airflow/example_dags/example_datasets.py
[2023-12-07T16:55:37.455+0000] {processor.py:839} INFO - DAG(s) dict_keys(['dataset_produces_2', 'dataset_consumes_1_and_2', 'dataset_consumes_unknown_never_scheduled', 'dataset_consumes_1_never_scheduled', 'dataset_produces_1', 'dataset_consumes_1']) retrieved from /home/ubuntu/ec2_customer_chum_venv/lib/python3.10/site-packages/airflow/example_dags/example_datasets.py
[2023-12-07T16:55:37.484+0000] {logging_mixin.py:154} INFO - [2023-12-07T16:55:37.484+0000] {dag.py:2941} INFO - Sync 6 DAGs
[2023-12-07T16:55:37.506+0000] {logging_mixin.py:154} INFO - [2023-12-07T16:55:37.505+0000] {dag.py:3722} INFO - Setting next_dagrun for dataset_consumes_1 to None, run_after=None
[2023-12-07T16:55:37.509+0000] {logging_mixin.py:154} INFO - [2023-12-07T16:55:37.509+0000] {dag.py:3722} INFO - Setting next_dagrun for dataset_consumes_1_and_2 to None, run_after=None
[2023-12-07T16:55:37.510+0000] {logging_mixin.py:154} INFO - [2023-12-07T16:55:37.509+0000] {dag.py:3722} INFO - Setting next_dagrun for dataset_consumes_1_never_scheduled to None, run_after=None
[2023-12-07T16:55:37.510+0000] {logging_mixin.py:154} INFO - [2023-12-07T16:55:37.510+0000] {dag.py:3722} INFO - Setting next_dagrun for dataset_consumes_unknown_never_scheduled to None, run_after=None
[2023-12-07T16:55:37.513+0000] {logging_mixin.py:154} INFO - [2023-12-07T16:55:37.513+0000] {dag.py:3722} INFO - Setting next_dagrun for dataset_produces_1 to 2023-12-06T00:00:00+00:00, run_after=2023-12-07T00:00:00+00:00
[2023-12-07T16:55:37.514+0000] {logging_mixin.py:154} INFO - [2023-12-07T16:55:37.514+0000] {dag.py:3722} INFO - Setting next_dagrun for dataset_produces_2 to None, run_after=None
[2023-12-07T16:55:37.546+0000] {processor.py:179} INFO - Processing /home/ubuntu/ec2_customer_chum_venv/lib/python3.10/site-packages/airflow/example_dags/example_datasets.py took 0.107 seconds
[2023-12-07T16:56:23.620+0000] {processor.py:157} INFO - Started process (PID=5396) to work on /home/ubuntu/ec2_customer_chum_venv/lib/python3.10/site-packages/airflow/example_dags/example_datasets.py
[2023-12-07T16:56:23.622+0000] {processor.py:829} INFO - Processing file /home/ubuntu/ec2_customer_chum_venv/lib/python3.10/site-packages/airflow/example_dags/example_datasets.py for tasks to queue
[2023-12-07T16:56:23.623+0000] {logging_mixin.py:154} INFO - [2023-12-07T16:56:23.623+0000] {dagbag.py:536} INFO - Filling up the DagBag from /home/ubuntu/ec2_customer_chum_venv/lib/python3.10/site-packages/airflow/example_dags/example_datasets.py
[2023-12-07T16:56:23.634+0000] {processor.py:839} INFO - DAG(s) dict_keys(['dataset_consumes_1_and_2', 'dataset_consumes_1_never_scheduled', 'dataset_consumes_1', 'dataset_produces_1', 'dataset_consumes_unknown_never_scheduled', 'dataset_produces_2']) retrieved from /home/ubuntu/ec2_customer_chum_venv/lib/python3.10/site-packages/airflow/example_dags/example_datasets.py
[2023-12-07T16:56:23.663+0000] {logging_mixin.py:154} INFO - [2023-12-07T16:56:23.663+0000] {dag.py:2941} INFO - Sync 6 DAGs
[2023-12-07T16:56:23.684+0000] {logging_mixin.py:154} INFO - [2023-12-07T16:56:23.684+0000] {dag.py:3722} INFO - Setting next_dagrun for dataset_consumes_1 to None, run_after=None
[2023-12-07T16:56:23.687+0000] {logging_mixin.py:154} INFO - [2023-12-07T16:56:23.687+0000] {dag.py:3722} INFO - Setting next_dagrun for dataset_consumes_1_and_2 to None, run_after=None
[2023-12-07T16:56:23.688+0000] {logging_mixin.py:154} INFO - [2023-12-07T16:56:23.688+0000] {dag.py:3722} INFO - Setting next_dagrun for dataset_consumes_1_never_scheduled to None, run_after=None
[2023-12-07T16:56:23.689+0000] {logging_mixin.py:154} INFO - [2023-12-07T16:56:23.689+0000] {dag.py:3722} INFO - Setting next_dagrun for dataset_consumes_unknown_never_scheduled to None, run_after=None
[2023-12-07T16:56:23.692+0000] {logging_mixin.py:154} INFO - [2023-12-07T16:56:23.692+0000] {dag.py:3722} INFO - Setting next_dagrun for dataset_produces_1 to 2023-12-06T00:00:00+00:00, run_after=2023-12-07T00:00:00+00:00
[2023-12-07T16:56:23.693+0000] {logging_mixin.py:154} INFO - [2023-12-07T16:56:23.692+0000] {dag.py:3722} INFO - Setting next_dagrun for dataset_produces_2 to None, run_after=None
[2023-12-07T16:56:23.726+0000] {processor.py:179} INFO - Processing /home/ubuntu/ec2_customer_chum_venv/lib/python3.10/site-packages/airflow/example_dags/example_datasets.py took 0.109 seconds
[2023-12-07T16:57:07.958+0000] {processor.py:157} INFO - Started process (PID=5442) to work on /home/ubuntu/ec2_customer_chum_venv/lib/python3.10/site-packages/airflow/example_dags/example_datasets.py
[2023-12-07T16:57:07.960+0000] {processor.py:829} INFO - Processing file /home/ubuntu/ec2_customer_chum_venv/lib/python3.10/site-packages/airflow/example_dags/example_datasets.py for tasks to queue
[2023-12-07T16:57:07.961+0000] {logging_mixin.py:154} INFO - [2023-12-07T16:57:07.960+0000] {dagbag.py:536} INFO - Filling up the DagBag from /home/ubuntu/ec2_customer_chum_venv/lib/python3.10/site-packages/airflow/example_dags/example_datasets.py
[2023-12-07T16:57:07.971+0000] {processor.py:839} INFO - DAG(s) dict_keys(['dataset_produces_1', 'dataset_consumes_1_and_2', 'dataset_produces_2', 'dataset_consumes_1', 'dataset_consumes_unknown_never_scheduled', 'dataset_consumes_1_never_scheduled']) retrieved from /home/ubuntu/ec2_customer_chum_venv/lib/python3.10/site-packages/airflow/example_dags/example_datasets.py
[2023-12-07T16:57:08.001+0000] {logging_mixin.py:154} INFO - [2023-12-07T16:57:08.001+0000] {dag.py:2941} INFO - Sync 6 DAGs
[2023-12-07T16:57:08.025+0000] {logging_mixin.py:154} INFO - [2023-12-07T16:57:08.025+0000] {dag.py:3722} INFO - Setting next_dagrun for dataset_consumes_1 to None, run_after=None
[2023-12-07T16:57:08.028+0000] {logging_mixin.py:154} INFO - [2023-12-07T16:57:08.028+0000] {dag.py:3722} INFO - Setting next_dagrun for dataset_consumes_1_and_2 to None, run_after=None
[2023-12-07T16:57:08.029+0000] {logging_mixin.py:154} INFO - [2023-12-07T16:57:08.029+0000] {dag.py:3722} INFO - Setting next_dagrun for dataset_consumes_1_never_scheduled to None, run_after=None
[2023-12-07T16:57:08.030+0000] {logging_mixin.py:154} INFO - [2023-12-07T16:57:08.030+0000] {dag.py:3722} INFO - Setting next_dagrun for dataset_consumes_unknown_never_scheduled to None, run_after=None
[2023-12-07T16:57:08.033+0000] {logging_mixin.py:154} INFO - [2023-12-07T16:57:08.033+0000] {dag.py:3722} INFO - Setting next_dagrun for dataset_produces_1 to 2023-12-06T00:00:00+00:00, run_after=2023-12-07T00:00:00+00:00
[2023-12-07T16:57:08.034+0000] {logging_mixin.py:154} INFO - [2023-12-07T16:57:08.034+0000] {dag.py:3722} INFO - Setting next_dagrun for dataset_produces_2 to None, run_after=None
[2023-12-07T16:57:08.067+0000] {processor.py:179} INFO - Processing /home/ubuntu/ec2_customer_chum_venv/lib/python3.10/site-packages/airflow/example_dags/example_datasets.py took 0.112 seconds
[2023-12-07T16:57:49.776+0000] {processor.py:157} INFO - Started process (PID=5488) to work on /home/ubuntu/ec2_customer_chum_venv/lib/python3.10/site-packages/airflow/example_dags/example_datasets.py
[2023-12-07T16:57:49.777+0000] {processor.py:829} INFO - Processing file /home/ubuntu/ec2_customer_chum_venv/lib/python3.10/site-packages/airflow/example_dags/example_datasets.py for tasks to queue
[2023-12-07T16:57:49.778+0000] {logging_mixin.py:154} INFO - [2023-12-07T16:57:49.778+0000] {dagbag.py:536} INFO - Filling up the DagBag from /home/ubuntu/ec2_customer_chum_venv/lib/python3.10/site-packages/airflow/example_dags/example_datasets.py
[2023-12-07T16:57:49.789+0000] {processor.py:839} INFO - DAG(s) dict_keys(['dataset_consumes_unknown_never_scheduled', 'dataset_produces_1', 'dataset_consumes_1_and_2', 'dataset_consumes_1_never_scheduled', 'dataset_consumes_1', 'dataset_produces_2']) retrieved from /home/ubuntu/ec2_customer_chum_venv/lib/python3.10/site-packages/airflow/example_dags/example_datasets.py
[2023-12-07T16:57:49.818+0000] {logging_mixin.py:154} INFO - [2023-12-07T16:57:49.817+0000] {dag.py:2941} INFO - Sync 6 DAGs
[2023-12-07T16:57:49.839+0000] {logging_mixin.py:154} INFO - [2023-12-07T16:57:49.839+0000] {dag.py:3722} INFO - Setting next_dagrun for dataset_consumes_1 to None, run_after=None
[2023-12-07T16:57:49.842+0000] {logging_mixin.py:154} INFO - [2023-12-07T16:57:49.842+0000] {dag.py:3722} INFO - Setting next_dagrun for dataset_consumes_1_and_2 to None, run_after=None
[2023-12-07T16:57:49.843+0000] {logging_mixin.py:154} INFO - [2023-12-07T16:57:49.843+0000] {dag.py:3722} INFO - Setting next_dagrun for dataset_consumes_1_never_scheduled to None, run_after=None
[2023-12-07T16:57:49.844+0000] {logging_mixin.py:154} INFO - [2023-12-07T16:57:49.844+0000] {dag.py:3722} INFO - Setting next_dagrun for dataset_consumes_unknown_never_scheduled to None, run_after=None
[2023-12-07T16:57:49.847+0000] {logging_mixin.py:154} INFO - [2023-12-07T16:57:49.847+0000] {dag.py:3722} INFO - Setting next_dagrun for dataset_produces_1 to 2023-12-06T00:00:00+00:00, run_after=2023-12-07T00:00:00+00:00
[2023-12-07T16:57:49.848+0000] {logging_mixin.py:154} INFO - [2023-12-07T16:57:49.848+0000] {dag.py:3722} INFO - Setting next_dagrun for dataset_produces_2 to None, run_after=None
[2023-12-07T16:57:49.879+0000] {processor.py:179} INFO - Processing /home/ubuntu/ec2_customer_chum_venv/lib/python3.10/site-packages/airflow/example_dags/example_datasets.py took 0.106 seconds
[2023-12-07T16:58:36.355+0000] {processor.py:157} INFO - Started process (PID=5536) to work on /home/ubuntu/ec2_customer_chum_venv/lib/python3.10/site-packages/airflow/example_dags/example_datasets.py
[2023-12-07T16:58:36.356+0000] {processor.py:829} INFO - Processing file /home/ubuntu/ec2_customer_chum_venv/lib/python3.10/site-packages/airflow/example_dags/example_datasets.py for tasks to queue
[2023-12-07T16:58:36.357+0000] {logging_mixin.py:154} INFO - [2023-12-07T16:58:36.357+0000] {dagbag.py:536} INFO - Filling up the DagBag from /home/ubuntu/ec2_customer_chum_venv/lib/python3.10/site-packages/airflow/example_dags/example_datasets.py
[2023-12-07T16:58:36.368+0000] {processor.py:839} INFO - DAG(s) dict_keys(['dataset_consumes_unknown_never_scheduled', 'dataset_consumes_1', 'dataset_consumes_1_never_scheduled', 'dataset_produces_2', 'dataset_produces_1', 'dataset_consumes_1_and_2']) retrieved from /home/ubuntu/ec2_customer_chum_venv/lib/python3.10/site-packages/airflow/example_dags/example_datasets.py
[2023-12-07T16:58:36.397+0000] {logging_mixin.py:154} INFO - [2023-12-07T16:58:36.397+0000] {dag.py:2941} INFO - Sync 6 DAGs
[2023-12-07T16:58:36.419+0000] {logging_mixin.py:154} INFO - [2023-12-07T16:58:36.418+0000] {dag.py:3722} INFO - Setting next_dagrun for dataset_consumes_1 to None, run_after=None
[2023-12-07T16:58:36.423+0000] {logging_mixin.py:154} INFO - [2023-12-07T16:58:36.422+0000] {dag.py:3722} INFO - Setting next_dagrun for dataset_consumes_1_and_2 to None, run_after=None
[2023-12-07T16:58:36.424+0000] {logging_mixin.py:154} INFO - [2023-12-07T16:58:36.423+0000] {dag.py:3722} INFO - Setting next_dagrun for dataset_consumes_1_never_scheduled to None, run_after=None
[2023-12-07T16:58:36.424+0000] {logging_mixin.py:154} INFO - [2023-12-07T16:58:36.424+0000] {dag.py:3722} INFO - Setting next_dagrun for dataset_consumes_unknown_never_scheduled to None, run_after=None
[2023-12-07T16:58:36.427+0000] {logging_mixin.py:154} INFO - [2023-12-07T16:58:36.427+0000] {dag.py:3722} INFO - Setting next_dagrun for dataset_produces_1 to 2023-12-06T00:00:00+00:00, run_after=2023-12-07T00:00:00+00:00
[2023-12-07T16:58:36.428+0000] {logging_mixin.py:154} INFO - [2023-12-07T16:58:36.428+0000] {dag.py:3722} INFO - Setting next_dagrun for dataset_produces_2 to None, run_after=None
[2023-12-07T16:58:36.460+0000] {processor.py:179} INFO - Processing /home/ubuntu/ec2_customer_chum_venv/lib/python3.10/site-packages/airflow/example_dags/example_datasets.py took 0.108 seconds
[2023-12-07T16:59:17.659+0000] {processor.py:157} INFO - Started process (PID=5580) to work on /home/ubuntu/ec2_customer_chum_venv/lib/python3.10/site-packages/airflow/example_dags/example_datasets.py
[2023-12-07T16:59:17.660+0000] {processor.py:829} INFO - Processing file /home/ubuntu/ec2_customer_chum_venv/lib/python3.10/site-packages/airflow/example_dags/example_datasets.py for tasks to queue
[2023-12-07T16:59:17.661+0000] {logging_mixin.py:154} INFO - [2023-12-07T16:59:17.661+0000] {dagbag.py:536} INFO - Filling up the DagBag from /home/ubuntu/ec2_customer_chum_venv/lib/python3.10/site-packages/airflow/example_dags/example_datasets.py
[2023-12-07T16:59:17.672+0000] {processor.py:839} INFO - DAG(s) dict_keys(['dataset_produces_2', 'dataset_consumes_1', 'dataset_consumes_unknown_never_scheduled', 'dataset_produces_1', 'dataset_consumes_1_and_2', 'dataset_consumes_1_never_scheduled']) retrieved from /home/ubuntu/ec2_customer_chum_venv/lib/python3.10/site-packages/airflow/example_dags/example_datasets.py
[2023-12-07T16:59:17.701+0000] {logging_mixin.py:154} INFO - [2023-12-07T16:59:17.701+0000] {dag.py:2941} INFO - Sync 6 DAGs
[2023-12-07T16:59:17.723+0000] {logging_mixin.py:154} INFO - [2023-12-07T16:59:17.722+0000] {dag.py:3722} INFO - Setting next_dagrun for dataset_consumes_1 to None, run_after=None
[2023-12-07T16:59:17.726+0000] {logging_mixin.py:154} INFO - [2023-12-07T16:59:17.726+0000] {dag.py:3722} INFO - Setting next_dagrun for dataset_consumes_1_and_2 to None, run_after=None
[2023-12-07T16:59:17.727+0000] {logging_mixin.py:154} INFO - [2023-12-07T16:59:17.727+0000] {dag.py:3722} INFO - Setting next_dagrun for dataset_consumes_1_never_scheduled to None, run_after=None
[2023-12-07T16:59:17.728+0000] {logging_mixin.py:154} INFO - [2023-12-07T16:59:17.727+0000] {dag.py:3722} INFO - Setting next_dagrun for dataset_consumes_unknown_never_scheduled to None, run_after=None
[2023-12-07T16:59:17.730+0000] {logging_mixin.py:154} INFO - [2023-12-07T16:59:17.730+0000] {dag.py:3722} INFO - Setting next_dagrun for dataset_produces_1 to 2023-12-06T00:00:00+00:00, run_after=2023-12-07T00:00:00+00:00
[2023-12-07T16:59:17.731+0000] {logging_mixin.py:154} INFO - [2023-12-07T16:59:17.731+0000] {dag.py:3722} INFO - Setting next_dagrun for dataset_produces_2 to None, run_after=None
[2023-12-07T16:59:17.764+0000] {processor.py:179} INFO - Processing /home/ubuntu/ec2_customer_chum_venv/lib/python3.10/site-packages/airflow/example_dags/example_datasets.py took 0.109 seconds
[2023-12-07T17:00:02.576+0000] {processor.py:157} INFO - Started process (PID=5626) to work on /home/ubuntu/ec2_customer_chum_venv/lib/python3.10/site-packages/airflow/example_dags/example_datasets.py
[2023-12-07T17:00:02.578+0000] {processor.py:829} INFO - Processing file /home/ubuntu/ec2_customer_chum_venv/lib/python3.10/site-packages/airflow/example_dags/example_datasets.py for tasks to queue
[2023-12-07T17:00:02.580+0000] {logging_mixin.py:154} INFO - [2023-12-07T17:00:02.579+0000] {dagbag.py:536} INFO - Filling up the DagBag from /home/ubuntu/ec2_customer_chum_venv/lib/python3.10/site-packages/airflow/example_dags/example_datasets.py
[2023-12-07T17:00:02.592+0000] {processor.py:839} INFO - DAG(s) dict_keys(['dataset_consumes_1_never_scheduled', 'dataset_produces_1', 'dataset_consumes_1_and_2', 'dataset_consumes_unknown_never_scheduled', 'dataset_consumes_1', 'dataset_produces_2']) retrieved from /home/ubuntu/ec2_customer_chum_venv/lib/python3.10/site-packages/airflow/example_dags/example_datasets.py
[2023-12-07T17:00:02.629+0000] {logging_mixin.py:154} INFO - [2023-12-07T17:00:02.628+0000] {dag.py:2941} INFO - Sync 6 DAGs
[2023-12-07T17:00:02.653+0000] {logging_mixin.py:154} INFO - [2023-12-07T17:00:02.653+0000] {dag.py:3722} INFO - Setting next_dagrun for dataset_consumes_1 to None, run_after=None
[2023-12-07T17:00:02.658+0000] {logging_mixin.py:154} INFO - [2023-12-07T17:00:02.658+0000] {dag.py:3722} INFO - Setting next_dagrun for dataset_consumes_1_and_2 to None, run_after=None
[2023-12-07T17:00:02.659+0000] {logging_mixin.py:154} INFO - [2023-12-07T17:00:02.659+0000] {dag.py:3722} INFO - Setting next_dagrun for dataset_consumes_1_never_scheduled to None, run_after=None
[2023-12-07T17:00:02.660+0000] {logging_mixin.py:154} INFO - [2023-12-07T17:00:02.660+0000] {dag.py:3722} INFO - Setting next_dagrun for dataset_consumes_unknown_never_scheduled to None, run_after=None
[2023-12-07T17:00:02.663+0000] {logging_mixin.py:154} INFO - [2023-12-07T17:00:02.663+0000] {dag.py:3722} INFO - Setting next_dagrun for dataset_produces_1 to 2023-12-06T00:00:00+00:00, run_after=2023-12-07T00:00:00+00:00
[2023-12-07T17:00:02.664+0000] {logging_mixin.py:154} INFO - [2023-12-07T17:00:02.664+0000] {dag.py:3722} INFO - Setting next_dagrun for dataset_produces_2 to None, run_after=None
[2023-12-07T17:00:02.705+0000] {processor.py:179} INFO - Processing /home/ubuntu/ec2_customer_chum_venv/lib/python3.10/site-packages/airflow/example_dags/example_datasets.py took 0.145 seconds
[2023-12-07T17:00:51.704+0000] {processor.py:157} INFO - Started process (PID=5676) to work on /home/ubuntu/ec2_customer_chum_venv/lib/python3.10/site-packages/airflow/example_dags/example_datasets.py
[2023-12-07T17:00:51.706+0000] {processor.py:829} INFO - Processing file /home/ubuntu/ec2_customer_chum_venv/lib/python3.10/site-packages/airflow/example_dags/example_datasets.py for tasks to queue
[2023-12-07T17:00:51.706+0000] {logging_mixin.py:154} INFO - [2023-12-07T17:00:51.706+0000] {dagbag.py:536} INFO - Filling up the DagBag from /home/ubuntu/ec2_customer_chum_venv/lib/python3.10/site-packages/airflow/example_dags/example_datasets.py
[2023-12-07T17:00:51.717+0000] {processor.py:839} INFO - DAG(s) dict_keys(['dataset_consumes_unknown_never_scheduled', 'dataset_produces_1', 'dataset_consumes_1_and_2', 'dataset_produces_2', 'dataset_consumes_1', 'dataset_consumes_1_never_scheduled']) retrieved from /home/ubuntu/ec2_customer_chum_venv/lib/python3.10/site-packages/airflow/example_dags/example_datasets.py
[2023-12-07T17:00:51.747+0000] {logging_mixin.py:154} INFO - [2023-12-07T17:00:51.746+0000] {dag.py:2941} INFO - Sync 6 DAGs
[2023-12-07T17:00:51.769+0000] {logging_mixin.py:154} INFO - [2023-12-07T17:00:51.769+0000] {dag.py:3722} INFO - Setting next_dagrun for dataset_consumes_1 to None, run_after=None
[2023-12-07T17:00:51.772+0000] {logging_mixin.py:154} INFO - [2023-12-07T17:00:51.772+0000] {dag.py:3722} INFO - Setting next_dagrun for dataset_consumes_1_and_2 to None, run_after=None
[2023-12-07T17:00:51.773+0000] {logging_mixin.py:154} INFO - [2023-12-07T17:00:51.773+0000] {dag.py:3722} INFO - Setting next_dagrun for dataset_consumes_1_never_scheduled to None, run_after=None
[2023-12-07T17:00:51.774+0000] {logging_mixin.py:154} INFO - [2023-12-07T17:00:51.773+0000] {dag.py:3722} INFO - Setting next_dagrun for dataset_consumes_unknown_never_scheduled to None, run_after=None
[2023-12-07T17:00:51.776+0000] {logging_mixin.py:154} INFO - [2023-12-07T17:00:51.776+0000] {dag.py:3722} INFO - Setting next_dagrun for dataset_produces_1 to 2023-12-06T00:00:00+00:00, run_after=2023-12-07T00:00:00+00:00
[2023-12-07T17:00:51.777+0000] {logging_mixin.py:154} INFO - [2023-12-07T17:00:51.777+0000] {dag.py:3722} INFO - Setting next_dagrun for dataset_produces_2 to None, run_after=None
[2023-12-07T17:00:51.811+0000] {processor.py:179} INFO - Processing /home/ubuntu/ec2_customer_chum_venv/lib/python3.10/site-packages/airflow/example_dags/example_datasets.py took 0.110 seconds
[2023-12-07T17:01:37.723+0000] {processor.py:157} INFO - Started process (PID=5723) to work on /home/ubuntu/ec2_customer_chum_venv/lib/python3.10/site-packages/airflow/example_dags/example_datasets.py
[2023-12-07T17:01:37.724+0000] {processor.py:829} INFO - Processing file /home/ubuntu/ec2_customer_chum_venv/lib/python3.10/site-packages/airflow/example_dags/example_datasets.py for tasks to queue
[2023-12-07T17:01:37.725+0000] {logging_mixin.py:154} INFO - [2023-12-07T17:01:37.725+0000] {dagbag.py:536} INFO - Filling up the DagBag from /home/ubuntu/ec2_customer_chum_venv/lib/python3.10/site-packages/airflow/example_dags/example_datasets.py
[2023-12-07T17:01:37.736+0000] {processor.py:839} INFO - DAG(s) dict_keys(['dataset_consumes_1_never_scheduled', 'dataset_produces_1', 'dataset_produces_2', 'dataset_consumes_1_and_2', 'dataset_consumes_1', 'dataset_consumes_unknown_never_scheduled']) retrieved from /home/ubuntu/ec2_customer_chum_venv/lib/python3.10/site-packages/airflow/example_dags/example_datasets.py
[2023-12-07T17:01:37.765+0000] {logging_mixin.py:154} INFO - [2023-12-07T17:01:37.764+0000] {dag.py:2941} INFO - Sync 6 DAGs
[2023-12-07T17:01:37.786+0000] {logging_mixin.py:154} INFO - [2023-12-07T17:01:37.786+0000] {dag.py:3722} INFO - Setting next_dagrun for dataset_consumes_1 to None, run_after=None
[2023-12-07T17:01:37.789+0000] {logging_mixin.py:154} INFO - [2023-12-07T17:01:37.789+0000] {dag.py:3722} INFO - Setting next_dagrun for dataset_consumes_1_and_2 to None, run_after=None
[2023-12-07T17:01:37.790+0000] {logging_mixin.py:154} INFO - [2023-12-07T17:01:37.790+0000] {dag.py:3722} INFO - Setting next_dagrun for dataset_consumes_1_never_scheduled to None, run_after=None
[2023-12-07T17:01:37.791+0000] {logging_mixin.py:154} INFO - [2023-12-07T17:01:37.791+0000] {dag.py:3722} INFO - Setting next_dagrun for dataset_consumes_unknown_never_scheduled to None, run_after=None
[2023-12-07T17:01:37.794+0000] {logging_mixin.py:154} INFO - [2023-12-07T17:01:37.794+0000] {dag.py:3722} INFO - Setting next_dagrun for dataset_produces_1 to 2023-12-06T00:00:00+00:00, run_after=2023-12-07T00:00:00+00:00
[2023-12-07T17:01:37.795+0000] {logging_mixin.py:154} INFO - [2023-12-07T17:01:37.795+0000] {dag.py:3722} INFO - Setting next_dagrun for dataset_produces_2 to None, run_after=None
[2023-12-07T17:01:37.828+0000] {processor.py:179} INFO - Processing /home/ubuntu/ec2_customer_chum_venv/lib/python3.10/site-packages/airflow/example_dags/example_datasets.py took 0.109 seconds
[2023-12-07T17:02:25.933+0000] {processor.py:157} INFO - Started process (PID=5771) to work on /home/ubuntu/ec2_customer_chum_venv/lib/python3.10/site-packages/airflow/example_dags/example_datasets.py
[2023-12-07T17:02:25.935+0000] {processor.py:829} INFO - Processing file /home/ubuntu/ec2_customer_chum_venv/lib/python3.10/site-packages/airflow/example_dags/example_datasets.py for tasks to queue
[2023-12-07T17:02:25.936+0000] {logging_mixin.py:154} INFO - [2023-12-07T17:02:25.935+0000] {dagbag.py:536} INFO - Filling up the DagBag from /home/ubuntu/ec2_customer_chum_venv/lib/python3.10/site-packages/airflow/example_dags/example_datasets.py
[2023-12-07T17:02:25.946+0000] {processor.py:839} INFO - DAG(s) dict_keys(['dataset_produces_2', 'dataset_consumes_1', 'dataset_consumes_unknown_never_scheduled', 'dataset_produces_1', 'dataset_consumes_1_never_scheduled', 'dataset_consumes_1_and_2']) retrieved from /home/ubuntu/ec2_customer_chum_venv/lib/python3.10/site-packages/airflow/example_dags/example_datasets.py
[2023-12-07T17:02:25.975+0000] {logging_mixin.py:154} INFO - [2023-12-07T17:02:25.975+0000] {dag.py:2941} INFO - Sync 6 DAGs
[2023-12-07T17:02:25.997+0000] {logging_mixin.py:154} INFO - [2023-12-07T17:02:25.997+0000] {dag.py:3722} INFO - Setting next_dagrun for dataset_consumes_1 to None, run_after=None
[2023-12-07T17:02:26.000+0000] {logging_mixin.py:154} INFO - [2023-12-07T17:02:26.000+0000] {dag.py:3722} INFO - Setting next_dagrun for dataset_consumes_1_and_2 to None, run_after=None
[2023-12-07T17:02:26.001+0000] {logging_mixin.py:154} INFO - [2023-12-07T17:02:26.001+0000] {dag.py:3722} INFO - Setting next_dagrun for dataset_consumes_1_never_scheduled to None, run_after=None
[2023-12-07T17:02:26.002+0000] {logging_mixin.py:154} INFO - [2023-12-07T17:02:26.002+0000] {dag.py:3722} INFO - Setting next_dagrun for dataset_consumes_unknown_never_scheduled to None, run_after=None
[2023-12-07T17:02:26.005+0000] {logging_mixin.py:154} INFO - [2023-12-07T17:02:26.005+0000] {dag.py:3722} INFO - Setting next_dagrun for dataset_produces_1 to 2023-12-06T00:00:00+00:00, run_after=2023-12-07T00:00:00+00:00
[2023-12-07T17:02:26.006+0000] {logging_mixin.py:154} INFO - [2023-12-07T17:02:26.006+0000] {dag.py:3722} INFO - Setting next_dagrun for dataset_produces_2 to None, run_after=None
[2023-12-07T17:02:26.039+0000] {processor.py:179} INFO - Processing /home/ubuntu/ec2_customer_chum_venv/lib/python3.10/site-packages/airflow/example_dags/example_datasets.py took 0.109 seconds
[2023-12-07T17:03:13.374+0000] {processor.py:157} INFO - Started process (PID=5819) to work on /home/ubuntu/ec2_customer_chum_venv/lib/python3.10/site-packages/airflow/example_dags/example_datasets.py
[2023-12-07T17:03:13.376+0000] {processor.py:829} INFO - Processing file /home/ubuntu/ec2_customer_chum_venv/lib/python3.10/site-packages/airflow/example_dags/example_datasets.py for tasks to queue
[2023-12-07T17:03:13.377+0000] {logging_mixin.py:154} INFO - [2023-12-07T17:03:13.377+0000] {dagbag.py:536} INFO - Filling up the DagBag from /home/ubuntu/ec2_customer_chum_venv/lib/python3.10/site-packages/airflow/example_dags/example_datasets.py
[2023-12-07T17:03:13.387+0000] {processor.py:839} INFO - DAG(s) dict_keys(['dataset_consumes_unknown_never_scheduled', 'dataset_produces_1', 'dataset_consumes_1_and_2', 'dataset_produces_2', 'dataset_consumes_1', 'dataset_consumes_1_never_scheduled']) retrieved from /home/ubuntu/ec2_customer_chum_venv/lib/python3.10/site-packages/airflow/example_dags/example_datasets.py
[2023-12-07T17:03:13.416+0000] {logging_mixin.py:154} INFO - [2023-12-07T17:03:13.416+0000] {dag.py:2941} INFO - Sync 6 DAGs
[2023-12-07T17:03:13.437+0000] {logging_mixin.py:154} INFO - [2023-12-07T17:03:13.437+0000] {dag.py:3722} INFO - Setting next_dagrun for dataset_consumes_1 to None, run_after=None
[2023-12-07T17:03:13.440+0000] {logging_mixin.py:154} INFO - [2023-12-07T17:03:13.440+0000] {dag.py:3722} INFO - Setting next_dagrun for dataset_consumes_1_and_2 to None, run_after=None
[2023-12-07T17:03:13.441+0000] {logging_mixin.py:154} INFO - [2023-12-07T17:03:13.441+0000] {dag.py:3722} INFO - Setting next_dagrun for dataset_consumes_1_never_scheduled to None, run_after=None
[2023-12-07T17:03:13.442+0000] {logging_mixin.py:154} INFO - [2023-12-07T17:03:13.442+0000] {dag.py:3722} INFO - Setting next_dagrun for dataset_consumes_unknown_never_scheduled to None, run_after=None
[2023-12-07T17:03:13.444+0000] {logging_mixin.py:154} INFO - [2023-12-07T17:03:13.444+0000] {dag.py:3722} INFO - Setting next_dagrun for dataset_produces_1 to 2023-12-06T00:00:00+00:00, run_after=2023-12-07T00:00:00+00:00
[2023-12-07T17:03:13.445+0000] {logging_mixin.py:154} INFO - [2023-12-07T17:03:13.445+0000] {dag.py:3722} INFO - Setting next_dagrun for dataset_produces_2 to None, run_after=None
[2023-12-07T17:03:13.478+0000] {processor.py:179} INFO - Processing /home/ubuntu/ec2_customer_chum_venv/lib/python3.10/site-packages/airflow/example_dags/example_datasets.py took 0.107 seconds
[2023-12-07T17:03:57.083+0000] {processor.py:157} INFO - Started process (PID=5865) to work on /home/ubuntu/ec2_customer_chum_venv/lib/python3.10/site-packages/airflow/example_dags/example_datasets.py
[2023-12-07T17:03:57.084+0000] {processor.py:829} INFO - Processing file /home/ubuntu/ec2_customer_chum_venv/lib/python3.10/site-packages/airflow/example_dags/example_datasets.py for tasks to queue
[2023-12-07T17:03:57.085+0000] {logging_mixin.py:154} INFO - [2023-12-07T17:03:57.085+0000] {dagbag.py:536} INFO - Filling up the DagBag from /home/ubuntu/ec2_customer_chum_venv/lib/python3.10/site-packages/airflow/example_dags/example_datasets.py
[2023-12-07T17:03:57.095+0000] {processor.py:839} INFO - DAG(s) dict_keys(['dataset_consumes_1_and_2', 'dataset_produces_2', 'dataset_consumes_1', 'dataset_produces_1', 'dataset_consumes_1_never_scheduled', 'dataset_consumes_unknown_never_scheduled']) retrieved from /home/ubuntu/ec2_customer_chum_venv/lib/python3.10/site-packages/airflow/example_dags/example_datasets.py
[2023-12-07T17:03:57.124+0000] {logging_mixin.py:154} INFO - [2023-12-07T17:03:57.124+0000] {dag.py:2941} INFO - Sync 6 DAGs
[2023-12-07T17:03:57.147+0000] {logging_mixin.py:154} INFO - [2023-12-07T17:03:57.147+0000] {dag.py:3722} INFO - Setting next_dagrun for dataset_consumes_1 to None, run_after=None
[2023-12-07T17:03:57.150+0000] {logging_mixin.py:154} INFO - [2023-12-07T17:03:57.150+0000] {dag.py:3722} INFO - Setting next_dagrun for dataset_consumes_1_and_2 to None, run_after=None
[2023-12-07T17:03:57.151+0000] {logging_mixin.py:154} INFO - [2023-12-07T17:03:57.151+0000] {dag.py:3722} INFO - Setting next_dagrun for dataset_consumes_1_never_scheduled to None, run_after=None
[2023-12-07T17:03:57.152+0000] {logging_mixin.py:154} INFO - [2023-12-07T17:03:57.152+0000] {dag.py:3722} INFO - Setting next_dagrun for dataset_consumes_unknown_never_scheduled to None, run_after=None
[2023-12-07T17:03:57.155+0000] {logging_mixin.py:154} INFO - [2023-12-07T17:03:57.155+0000] {dag.py:3722} INFO - Setting next_dagrun for dataset_produces_1 to 2023-12-06T00:00:00+00:00, run_after=2023-12-07T00:00:00+00:00
[2023-12-07T17:03:57.156+0000] {logging_mixin.py:154} INFO - [2023-12-07T17:03:57.155+0000] {dag.py:3722} INFO - Setting next_dagrun for dataset_produces_2 to None, run_after=None
[2023-12-07T17:03:57.187+0000] {processor.py:179} INFO - Processing /home/ubuntu/ec2_customer_chum_venv/lib/python3.10/site-packages/airflow/example_dags/example_datasets.py took 0.107 seconds
[2023-12-07T17:04:44.227+0000] {processor.py:157} INFO - Started process (PID=5915) to work on /home/ubuntu/ec2_customer_chum_venv/lib/python3.10/site-packages/airflow/example_dags/example_datasets.py
[2023-12-07T17:04:44.228+0000] {processor.py:829} INFO - Processing file /home/ubuntu/ec2_customer_chum_venv/lib/python3.10/site-packages/airflow/example_dags/example_datasets.py for tasks to queue
[2023-12-07T17:04:44.229+0000] {logging_mixin.py:154} INFO - [2023-12-07T17:04:44.229+0000] {dagbag.py:536} INFO - Filling up the DagBag from /home/ubuntu/ec2_customer_chum_venv/lib/python3.10/site-packages/airflow/example_dags/example_datasets.py
[2023-12-07T17:04:44.240+0000] {processor.py:839} INFO - DAG(s) dict_keys(['dataset_consumes_1_never_scheduled', 'dataset_consumes_1', 'dataset_produces_2', 'dataset_produces_1', 'dataset_consumes_1_and_2', 'dataset_consumes_unknown_never_scheduled']) retrieved from /home/ubuntu/ec2_customer_chum_venv/lib/python3.10/site-packages/airflow/example_dags/example_datasets.py
[2023-12-07T17:04:44.270+0000] {logging_mixin.py:154} INFO - [2023-12-07T17:04:44.269+0000] {dag.py:2941} INFO - Sync 6 DAGs
[2023-12-07T17:04:44.291+0000] {logging_mixin.py:154} INFO - [2023-12-07T17:04:44.291+0000] {dag.py:3722} INFO - Setting next_dagrun for dataset_consumes_1 to None, run_after=None
[2023-12-07T17:04:44.294+0000] {logging_mixin.py:154} INFO - [2023-12-07T17:04:44.294+0000] {dag.py:3722} INFO - Setting next_dagrun for dataset_consumes_1_and_2 to None, run_after=None
[2023-12-07T17:04:44.295+0000] {logging_mixin.py:154} INFO - [2023-12-07T17:04:44.295+0000] {dag.py:3722} INFO - Setting next_dagrun for dataset_consumes_1_never_scheduled to None, run_after=None
[2023-12-07T17:04:44.296+0000] {logging_mixin.py:154} INFO - [2023-12-07T17:04:44.296+0000] {dag.py:3722} INFO - Setting next_dagrun for dataset_consumes_unknown_never_scheduled to None, run_after=None
[2023-12-07T17:04:44.299+0000] {logging_mixin.py:154} INFO - [2023-12-07T17:04:44.298+0000] {dag.py:3722} INFO - Setting next_dagrun for dataset_produces_1 to 2023-12-06T00:00:00+00:00, run_after=2023-12-07T00:00:00+00:00
[2023-12-07T17:04:44.299+0000] {logging_mixin.py:154} INFO - [2023-12-07T17:04:44.299+0000] {dag.py:3722} INFO - Setting next_dagrun for dataset_produces_2 to None, run_after=None
[2023-12-07T17:04:44.332+0000] {processor.py:179} INFO - Processing /home/ubuntu/ec2_customer_chum_venv/lib/python3.10/site-packages/airflow/example_dags/example_datasets.py took 0.109 seconds
[2023-12-07T17:05:28.424+0000] {processor.py:157} INFO - Started process (PID=5962) to work on /home/ubuntu/ec2_customer_chum_venv/lib/python3.10/site-packages/airflow/example_dags/example_datasets.py
[2023-12-07T17:05:28.426+0000] {processor.py:829} INFO - Processing file /home/ubuntu/ec2_customer_chum_venv/lib/python3.10/site-packages/airflow/example_dags/example_datasets.py for tasks to queue
[2023-12-07T17:05:28.426+0000] {logging_mixin.py:154} INFO - [2023-12-07T17:05:28.426+0000] {dagbag.py:536} INFO - Filling up the DagBag from /home/ubuntu/ec2_customer_chum_venv/lib/python3.10/site-packages/airflow/example_dags/example_datasets.py
[2023-12-07T17:05:28.437+0000] {processor.py:839} INFO - DAG(s) dict_keys(['dataset_consumes_unknown_never_scheduled', 'dataset_consumes_1', 'dataset_consumes_1_never_scheduled', 'dataset_consumes_1_and_2', 'dataset_produces_2', 'dataset_produces_1']) retrieved from /home/ubuntu/ec2_customer_chum_venv/lib/python3.10/site-packages/airflow/example_dags/example_datasets.py
[2023-12-07T17:05:28.466+0000] {logging_mixin.py:154} INFO - [2023-12-07T17:05:28.466+0000] {dag.py:2941} INFO - Sync 6 DAGs
[2023-12-07T17:05:28.489+0000] {logging_mixin.py:154} INFO - [2023-12-07T17:05:28.489+0000] {dag.py:3722} INFO - Setting next_dagrun for dataset_consumes_1 to None, run_after=None
[2023-12-07T17:05:28.492+0000] {logging_mixin.py:154} INFO - [2023-12-07T17:05:28.492+0000] {dag.py:3722} INFO - Setting next_dagrun for dataset_consumes_1_and_2 to None, run_after=None
[2023-12-07T17:05:28.493+0000] {logging_mixin.py:154} INFO - [2023-12-07T17:05:28.493+0000] {dag.py:3722} INFO - Setting next_dagrun for dataset_consumes_1_never_scheduled to None, run_after=None
[2023-12-07T17:05:28.494+0000] {logging_mixin.py:154} INFO - [2023-12-07T17:05:28.494+0000] {dag.py:3722} INFO - Setting next_dagrun for dataset_consumes_unknown_never_scheduled to None, run_after=None
[2023-12-07T17:05:28.497+0000] {logging_mixin.py:154} INFO - [2023-12-07T17:05:28.497+0000] {dag.py:3722} INFO - Setting next_dagrun for dataset_produces_1 to 2023-12-06T00:00:00+00:00, run_after=2023-12-07T00:00:00+00:00
[2023-12-07T17:05:28.498+0000] {logging_mixin.py:154} INFO - [2023-12-07T17:05:28.498+0000] {dag.py:3722} INFO - Setting next_dagrun for dataset_produces_2 to None, run_after=None
[2023-12-07T17:05:28.530+0000] {processor.py:179} INFO - Processing /home/ubuntu/ec2_customer_chum_venv/lib/python3.10/site-packages/airflow/example_dags/example_datasets.py took 0.110 seconds
[2023-12-07T17:06:11.274+0000] {processor.py:157} INFO - Started process (PID=6006) to work on /home/ubuntu/ec2_customer_chum_venv/lib/python3.10/site-packages/airflow/example_dags/example_datasets.py
[2023-12-07T17:06:11.275+0000] {processor.py:829} INFO - Processing file /home/ubuntu/ec2_customer_chum_venv/lib/python3.10/site-packages/airflow/example_dags/example_datasets.py for tasks to queue
[2023-12-07T17:06:11.276+0000] {logging_mixin.py:154} INFO - [2023-12-07T17:06:11.276+0000] {dagbag.py:536} INFO - Filling up the DagBag from /home/ubuntu/ec2_customer_chum_venv/lib/python3.10/site-packages/airflow/example_dags/example_datasets.py
[2023-12-07T17:06:11.286+0000] {processor.py:839} INFO - DAG(s) dict_keys(['dataset_consumes_unknown_never_scheduled', 'dataset_produces_1', 'dataset_consumes_1_never_scheduled', 'dataset_produces_2', 'dataset_consumes_1_and_2', 'dataset_consumes_1']) retrieved from /home/ubuntu/ec2_customer_chum_venv/lib/python3.10/site-packages/airflow/example_dags/example_datasets.py
[2023-12-07T17:06:11.315+0000] {logging_mixin.py:154} INFO - [2023-12-07T17:06:11.315+0000] {dag.py:2941} INFO - Sync 6 DAGs
[2023-12-07T17:06:11.336+0000] {logging_mixin.py:154} INFO - [2023-12-07T17:06:11.336+0000] {dag.py:3722} INFO - Setting next_dagrun for dataset_consumes_1 to None, run_after=None
[2023-12-07T17:06:11.339+0000] {logging_mixin.py:154} INFO - [2023-12-07T17:06:11.339+0000] {dag.py:3722} INFO - Setting next_dagrun for dataset_consumes_1_and_2 to None, run_after=None
[2023-12-07T17:06:11.340+0000] {logging_mixin.py:154} INFO - [2023-12-07T17:06:11.340+0000] {dag.py:3722} INFO - Setting next_dagrun for dataset_consumes_1_never_scheduled to None, run_after=None
[2023-12-07T17:06:11.341+0000] {logging_mixin.py:154} INFO - [2023-12-07T17:06:11.341+0000] {dag.py:3722} INFO - Setting next_dagrun for dataset_consumes_unknown_never_scheduled to None, run_after=None
[2023-12-07T17:06:11.344+0000] {logging_mixin.py:154} INFO - [2023-12-07T17:06:11.343+0000] {dag.py:3722} INFO - Setting next_dagrun for dataset_produces_1 to 2023-12-06T00:00:00+00:00, run_after=2023-12-07T00:00:00+00:00
[2023-12-07T17:06:11.345+0000] {logging_mixin.py:154} INFO - [2023-12-07T17:06:11.344+0000] {dag.py:3722} INFO - Setting next_dagrun for dataset_produces_2 to None, run_after=None
[2023-12-07T17:06:11.378+0000] {processor.py:179} INFO - Processing /home/ubuntu/ec2_customer_chum_venv/lib/python3.10/site-packages/airflow/example_dags/example_datasets.py took 0.108 seconds
[2023-12-07T17:06:55.993+0000] {processor.py:157} INFO - Started process (PID=6051) to work on /home/ubuntu/ec2_customer_chum_venv/lib/python3.10/site-packages/airflow/example_dags/example_datasets.py
[2023-12-07T17:06:55.994+0000] {processor.py:829} INFO - Processing file /home/ubuntu/ec2_customer_chum_venv/lib/python3.10/site-packages/airflow/example_dags/example_datasets.py for tasks to queue
[2023-12-07T17:06:55.995+0000] {logging_mixin.py:154} INFO - [2023-12-07T17:06:55.995+0000] {dagbag.py:536} INFO - Filling up the DagBag from /home/ubuntu/ec2_customer_chum_venv/lib/python3.10/site-packages/airflow/example_dags/example_datasets.py
[2023-12-07T17:06:56.006+0000] {processor.py:839} INFO - DAG(s) dict_keys(['dataset_consumes_1_and_2', 'dataset_consumes_unknown_never_scheduled', 'dataset_produces_2', 'dataset_consumes_1', 'dataset_produces_1', 'dataset_consumes_1_never_scheduled']) retrieved from /home/ubuntu/ec2_customer_chum_venv/lib/python3.10/site-packages/airflow/example_dags/example_datasets.py
[2023-12-07T17:06:56.037+0000] {logging_mixin.py:154} INFO - [2023-12-07T17:06:56.036+0000] {dag.py:2941} INFO - Sync 6 DAGs
[2023-12-07T17:06:56.059+0000] {logging_mixin.py:154} INFO - [2023-12-07T17:06:56.058+0000] {dag.py:3722} INFO - Setting next_dagrun for dataset_consumes_1 to None, run_after=None
[2023-12-07T17:06:56.062+0000] {logging_mixin.py:154} INFO - [2023-12-07T17:06:56.062+0000] {dag.py:3722} INFO - Setting next_dagrun for dataset_consumes_1_and_2 to None, run_after=None
[2023-12-07T17:06:56.063+0000] {logging_mixin.py:154} INFO - [2023-12-07T17:06:56.063+0000] {dag.py:3722} INFO - Setting next_dagrun for dataset_consumes_1_never_scheduled to None, run_after=None
[2023-12-07T17:06:56.064+0000] {logging_mixin.py:154} INFO - [2023-12-07T17:06:56.064+0000] {dag.py:3722} INFO - Setting next_dagrun for dataset_consumes_unknown_never_scheduled to None, run_after=None
[2023-12-07T17:06:56.066+0000] {logging_mixin.py:154} INFO - [2023-12-07T17:06:56.066+0000] {dag.py:3722} INFO - Setting next_dagrun for dataset_produces_1 to 2023-12-06T00:00:00+00:00, run_after=2023-12-07T00:00:00+00:00
[2023-12-07T17:06:56.067+0000] {logging_mixin.py:154} INFO - [2023-12-07T17:06:56.067+0000] {dag.py:3722} INFO - Setting next_dagrun for dataset_produces_2 to None, run_after=None
[2023-12-07T17:06:56.101+0000] {processor.py:179} INFO - Processing /home/ubuntu/ec2_customer_chum_venv/lib/python3.10/site-packages/airflow/example_dags/example_datasets.py took 0.112 seconds
[2023-12-07T17:07:42.597+0000] {processor.py:157} INFO - Started process (PID=6100) to work on /home/ubuntu/ec2_customer_chum_venv/lib/python3.10/site-packages/airflow/example_dags/example_datasets.py
[2023-12-07T17:07:42.598+0000] {processor.py:829} INFO - Processing file /home/ubuntu/ec2_customer_chum_venv/lib/python3.10/site-packages/airflow/example_dags/example_datasets.py for tasks to queue
[2023-12-07T17:07:42.599+0000] {logging_mixin.py:154} INFO - [2023-12-07T17:07:42.598+0000] {dagbag.py:536} INFO - Filling up the DagBag from /home/ubuntu/ec2_customer_chum_venv/lib/python3.10/site-packages/airflow/example_dags/example_datasets.py
[2023-12-07T17:07:42.609+0000] {processor.py:839} INFO - DAG(s) dict_keys(['dataset_consumes_1_and_2', 'dataset_consumes_1', 'dataset_produces_2', 'dataset_produces_1', 'dataset_consumes_1_never_scheduled', 'dataset_consumes_unknown_never_scheduled']) retrieved from /home/ubuntu/ec2_customer_chum_venv/lib/python3.10/site-packages/airflow/example_dags/example_datasets.py
[2023-12-07T17:07:42.638+0000] {logging_mixin.py:154} INFO - [2023-12-07T17:07:42.638+0000] {dag.py:2941} INFO - Sync 6 DAGs
[2023-12-07T17:07:42.660+0000] {logging_mixin.py:154} INFO - [2023-12-07T17:07:42.660+0000] {dag.py:3722} INFO - Setting next_dagrun for dataset_consumes_1 to None, run_after=None
[2023-12-07T17:07:42.663+0000] {logging_mixin.py:154} INFO - [2023-12-07T17:07:42.663+0000] {dag.py:3722} INFO - Setting next_dagrun for dataset_consumes_1_and_2 to None, run_after=None
[2023-12-07T17:07:42.664+0000] {logging_mixin.py:154} INFO - [2023-12-07T17:07:42.664+0000] {dag.py:3722} INFO - Setting next_dagrun for dataset_consumes_1_never_scheduled to None, run_after=None
[2023-12-07T17:07:42.665+0000] {logging_mixin.py:154} INFO - [2023-12-07T17:07:42.665+0000] {dag.py:3722} INFO - Setting next_dagrun for dataset_consumes_unknown_never_scheduled to None, run_after=None
[2023-12-07T17:07:42.668+0000] {logging_mixin.py:154} INFO - [2023-12-07T17:07:42.668+0000] {dag.py:3722} INFO - Setting next_dagrun for dataset_produces_1 to 2023-12-06T00:00:00+00:00, run_after=2023-12-07T00:00:00+00:00
[2023-12-07T17:07:42.669+0000] {logging_mixin.py:154} INFO - [2023-12-07T17:07:42.668+0000] {dag.py:3722} INFO - Setting next_dagrun for dataset_produces_2 to None, run_after=None
[2023-12-07T17:07:42.702+0000] {processor.py:179} INFO - Processing /home/ubuntu/ec2_customer_chum_venv/lib/python3.10/site-packages/airflow/example_dags/example_datasets.py took 0.109 seconds
[2023-12-07T17:08:29.576+0000] {processor.py:157} INFO - Started process (PID=6147) to work on /home/ubuntu/ec2_customer_chum_venv/lib/python3.10/site-packages/airflow/example_dags/example_datasets.py
[2023-12-07T17:08:29.578+0000] {processor.py:829} INFO - Processing file /home/ubuntu/ec2_customer_chum_venv/lib/python3.10/site-packages/airflow/example_dags/example_datasets.py for tasks to queue
[2023-12-07T17:08:29.578+0000] {logging_mixin.py:154} INFO - [2023-12-07T17:08:29.578+0000] {dagbag.py:536} INFO - Filling up the DagBag from /home/ubuntu/ec2_customer_chum_venv/lib/python3.10/site-packages/airflow/example_dags/example_datasets.py
[2023-12-07T17:08:29.589+0000] {processor.py:839} INFO - DAG(s) dict_keys(['dataset_consumes_1', 'dataset_produces_2', 'dataset_consumes_1_never_scheduled', 'dataset_consumes_1_and_2', 'dataset_produces_1', 'dataset_consumes_unknown_never_scheduled']) retrieved from /home/ubuntu/ec2_customer_chum_venv/lib/python3.10/site-packages/airflow/example_dags/example_datasets.py
[2023-12-07T17:08:29.618+0000] {logging_mixin.py:154} INFO - [2023-12-07T17:08:29.618+0000] {dag.py:2941} INFO - Sync 6 DAGs
[2023-12-07T17:08:29.640+0000] {logging_mixin.py:154} INFO - [2023-12-07T17:08:29.640+0000] {dag.py:3722} INFO - Setting next_dagrun for dataset_consumes_1 to None, run_after=None
[2023-12-07T17:08:29.643+0000] {logging_mixin.py:154} INFO - [2023-12-07T17:08:29.643+0000] {dag.py:3722} INFO - Setting next_dagrun for dataset_consumes_1_and_2 to None, run_after=None
[2023-12-07T17:08:29.644+0000] {logging_mixin.py:154} INFO - [2023-12-07T17:08:29.644+0000] {dag.py:3722} INFO - Setting next_dagrun for dataset_consumes_1_never_scheduled to None, run_after=None
[2023-12-07T17:08:29.645+0000] {logging_mixin.py:154} INFO - [2023-12-07T17:08:29.645+0000] {dag.py:3722} INFO - Setting next_dagrun for dataset_consumes_unknown_never_scheduled to None, run_after=None
[2023-12-07T17:08:29.648+0000] {logging_mixin.py:154} INFO - [2023-12-07T17:08:29.647+0000] {dag.py:3722} INFO - Setting next_dagrun for dataset_produces_1 to 2023-12-06T00:00:00+00:00, run_after=2023-12-07T00:00:00+00:00
[2023-12-07T17:08:29.649+0000] {logging_mixin.py:154} INFO - [2023-12-07T17:08:29.648+0000] {dag.py:3722} INFO - Setting next_dagrun for dataset_produces_2 to None, run_after=None
[2023-12-07T17:08:29.680+0000] {processor.py:179} INFO - Processing /home/ubuntu/ec2_customer_chum_venv/lib/python3.10/site-packages/airflow/example_dags/example_datasets.py took 0.107 seconds
[2023-12-07T17:09:15.530+0000] {processor.py:157} INFO - Started process (PID=6195) to work on /home/ubuntu/ec2_customer_chum_venv/lib/python3.10/site-packages/airflow/example_dags/example_datasets.py
[2023-12-07T17:09:15.533+0000] {processor.py:829} INFO - Processing file /home/ubuntu/ec2_customer_chum_venv/lib/python3.10/site-packages/airflow/example_dags/example_datasets.py for tasks to queue
[2023-12-07T17:09:15.534+0000] {logging_mixin.py:154} INFO - [2023-12-07T17:09:15.533+0000] {dagbag.py:536} INFO - Filling up the DagBag from /home/ubuntu/ec2_customer_chum_venv/lib/python3.10/site-packages/airflow/example_dags/example_datasets.py
[2023-12-07T17:09:15.544+0000] {processor.py:839} INFO - DAG(s) dict_keys(['dataset_consumes_unknown_never_scheduled', 'dataset_consumes_1', 'dataset_consumes_1_and_2', 'dataset_produces_1', 'dataset_consumes_1_never_scheduled', 'dataset_produces_2']) retrieved from /home/ubuntu/ec2_customer_chum_venv/lib/python3.10/site-packages/airflow/example_dags/example_datasets.py
[2023-12-07T17:09:15.574+0000] {logging_mixin.py:154} INFO - [2023-12-07T17:09:15.573+0000] {dag.py:2941} INFO - Sync 6 DAGs
[2023-12-07T17:09:15.595+0000] {logging_mixin.py:154} INFO - [2023-12-07T17:09:15.595+0000] {dag.py:3722} INFO - Setting next_dagrun for dataset_consumes_1 to None, run_after=None
[2023-12-07T17:09:15.599+0000] {logging_mixin.py:154} INFO - [2023-12-07T17:09:15.598+0000] {dag.py:3722} INFO - Setting next_dagrun for dataset_consumes_1_and_2 to None, run_after=None
[2023-12-07T17:09:15.599+0000] {logging_mixin.py:154} INFO - [2023-12-07T17:09:15.599+0000] {dag.py:3722} INFO - Setting next_dagrun for dataset_consumes_1_never_scheduled to None, run_after=None
[2023-12-07T17:09:15.600+0000] {logging_mixin.py:154} INFO - [2023-12-07T17:09:15.600+0000] {dag.py:3722} INFO - Setting next_dagrun for dataset_consumes_unknown_never_scheduled to None, run_after=None
[2023-12-07T17:09:15.603+0000] {logging_mixin.py:154} INFO - [2023-12-07T17:09:15.603+0000] {dag.py:3722} INFO - Setting next_dagrun for dataset_produces_1 to 2023-12-06T00:00:00+00:00, run_after=2023-12-07T00:00:00+00:00
[2023-12-07T17:09:15.604+0000] {logging_mixin.py:154} INFO - [2023-12-07T17:09:15.604+0000] {dag.py:3722} INFO - Setting next_dagrun for dataset_produces_2 to None, run_after=None
[2023-12-07T17:09:15.637+0000] {processor.py:179} INFO - Processing /home/ubuntu/ec2_customer_chum_venv/lib/python3.10/site-packages/airflow/example_dags/example_datasets.py took 0.111 seconds
[2023-12-07T17:09:58.794+0000] {processor.py:157} INFO - Started process (PID=6240) to work on /home/ubuntu/ec2_customer_chum_venv/lib/python3.10/site-packages/airflow/example_dags/example_datasets.py
[2023-12-07T17:09:58.795+0000] {processor.py:829} INFO - Processing file /home/ubuntu/ec2_customer_chum_venv/lib/python3.10/site-packages/airflow/example_dags/example_datasets.py for tasks to queue
[2023-12-07T17:09:58.796+0000] {logging_mixin.py:154} INFO - [2023-12-07T17:09:58.796+0000] {dagbag.py:536} INFO - Filling up the DagBag from /home/ubuntu/ec2_customer_chum_venv/lib/python3.10/site-packages/airflow/example_dags/example_datasets.py
[2023-12-07T17:09:58.807+0000] {processor.py:839} INFO - DAG(s) dict_keys(['dataset_consumes_unknown_never_scheduled', 'dataset_consumes_1_never_scheduled', 'dataset_consumes_1_and_2', 'dataset_produces_2', 'dataset_consumes_1', 'dataset_produces_1']) retrieved from /home/ubuntu/ec2_customer_chum_venv/lib/python3.10/site-packages/airflow/example_dags/example_datasets.py
[2023-12-07T17:09:58.836+0000] {logging_mixin.py:154} INFO - [2023-12-07T17:09:58.835+0000] {dag.py:2941} INFO - Sync 6 DAGs
[2023-12-07T17:09:58.858+0000] {logging_mixin.py:154} INFO - [2023-12-07T17:09:58.858+0000] {dag.py:3722} INFO - Setting next_dagrun for dataset_consumes_1 to None, run_after=None
[2023-12-07T17:09:58.861+0000] {logging_mixin.py:154} INFO - [2023-12-07T17:09:58.861+0000] {dag.py:3722} INFO - Setting next_dagrun for dataset_consumes_1_and_2 to None, run_after=None
[2023-12-07T17:09:58.862+0000] {logging_mixin.py:154} INFO - [2023-12-07T17:09:58.862+0000] {dag.py:3722} INFO - Setting next_dagrun for dataset_consumes_1_never_scheduled to None, run_after=None
[2023-12-07T17:09:58.863+0000] {logging_mixin.py:154} INFO - [2023-12-07T17:09:58.863+0000] {dag.py:3722} INFO - Setting next_dagrun for dataset_consumes_unknown_never_scheduled to None, run_after=None
[2023-12-07T17:09:58.866+0000] {logging_mixin.py:154} INFO - [2023-12-07T17:09:58.866+0000] {dag.py:3722} INFO - Setting next_dagrun for dataset_produces_1 to 2023-12-06T00:00:00+00:00, run_after=2023-12-07T00:00:00+00:00
[2023-12-07T17:09:58.867+0000] {logging_mixin.py:154} INFO - [2023-12-07T17:09:58.867+0000] {dag.py:3722} INFO - Setting next_dagrun for dataset_produces_2 to None, run_after=None
[2023-12-07T17:09:58.899+0000] {processor.py:179} INFO - Processing /home/ubuntu/ec2_customer_chum_venv/lib/python3.10/site-packages/airflow/example_dags/example_datasets.py took 0.108 seconds
[2023-12-07T17:10:47.904+0000] {processor.py:157} INFO - Started process (PID=6290) to work on /home/ubuntu/ec2_customer_chum_venv/lib/python3.10/site-packages/airflow/example_dags/example_datasets.py
[2023-12-07T17:10:47.906+0000] {processor.py:829} INFO - Processing file /home/ubuntu/ec2_customer_chum_venv/lib/python3.10/site-packages/airflow/example_dags/example_datasets.py for tasks to queue
[2023-12-07T17:10:47.907+0000] {logging_mixin.py:154} INFO - [2023-12-07T17:10:47.906+0000] {dagbag.py:536} INFO - Filling up the DagBag from /home/ubuntu/ec2_customer_chum_venv/lib/python3.10/site-packages/airflow/example_dags/example_datasets.py
[2023-12-07T17:10:47.917+0000] {processor.py:839} INFO - DAG(s) dict_keys(['dataset_produces_1', 'dataset_consumes_unknown_never_scheduled', 'dataset_consumes_1_never_scheduled', 'dataset_consumes_1', 'dataset_produces_2', 'dataset_consumes_1_and_2']) retrieved from /home/ubuntu/ec2_customer_chum_venv/lib/python3.10/site-packages/airflow/example_dags/example_datasets.py
[2023-12-07T17:10:47.945+0000] {logging_mixin.py:154} INFO - [2023-12-07T17:10:47.945+0000] {dag.py:2941} INFO - Sync 6 DAGs
[2023-12-07T17:10:47.967+0000] {logging_mixin.py:154} INFO - [2023-12-07T17:10:47.967+0000] {dag.py:3722} INFO - Setting next_dagrun for dataset_consumes_1 to None, run_after=None
[2023-12-07T17:10:47.970+0000] {logging_mixin.py:154} INFO - [2023-12-07T17:10:47.970+0000] {dag.py:3722} INFO - Setting next_dagrun for dataset_consumes_1_and_2 to None, run_after=None
[2023-12-07T17:10:47.971+0000] {logging_mixin.py:154} INFO - [2023-12-07T17:10:47.971+0000] {dag.py:3722} INFO - Setting next_dagrun for dataset_consumes_1_never_scheduled to None, run_after=None
[2023-12-07T17:10:47.972+0000] {logging_mixin.py:154} INFO - [2023-12-07T17:10:47.972+0000] {dag.py:3722} INFO - Setting next_dagrun for dataset_consumes_unknown_never_scheduled to None, run_after=None
[2023-12-07T17:10:47.975+0000] {logging_mixin.py:154} INFO - [2023-12-07T17:10:47.974+0000] {dag.py:3722} INFO - Setting next_dagrun for dataset_produces_1 to 2023-12-06T00:00:00+00:00, run_after=2023-12-07T00:00:00+00:00
[2023-12-07T17:10:47.975+0000] {logging_mixin.py:154} INFO - [2023-12-07T17:10:47.975+0000] {dag.py:3722} INFO - Setting next_dagrun for dataset_produces_2 to None, run_after=None
[2023-12-07T17:10:48.010+0000] {processor.py:179} INFO - Processing /home/ubuntu/ec2_customer_chum_venv/lib/python3.10/site-packages/airflow/example_dags/example_datasets.py took 0.110 seconds
[2023-12-07T17:11:32.134+0000] {processor.py:157} INFO - Started process (PID=6337) to work on /home/ubuntu/ec2_customer_chum_venv/lib/python3.10/site-packages/airflow/example_dags/example_datasets.py
[2023-12-07T17:11:32.136+0000] {processor.py:829} INFO - Processing file /home/ubuntu/ec2_customer_chum_venv/lib/python3.10/site-packages/airflow/example_dags/example_datasets.py for tasks to queue
[2023-12-07T17:11:32.137+0000] {logging_mixin.py:154} INFO - [2023-12-07T17:11:32.136+0000] {dagbag.py:536} INFO - Filling up the DagBag from /home/ubuntu/ec2_customer_chum_venv/lib/python3.10/site-packages/airflow/example_dags/example_datasets.py
[2023-12-07T17:11:32.147+0000] {processor.py:839} INFO - DAG(s) dict_keys(['dataset_consumes_1_and_2', 'dataset_consumes_unknown_never_scheduled', 'dataset_produces_2', 'dataset_produces_1', 'dataset_consumes_1_never_scheduled', 'dataset_consumes_1']) retrieved from /home/ubuntu/ec2_customer_chum_venv/lib/python3.10/site-packages/airflow/example_dags/example_datasets.py
[2023-12-07T17:11:32.176+0000] {logging_mixin.py:154} INFO - [2023-12-07T17:11:32.176+0000] {dag.py:2941} INFO - Sync 6 DAGs
[2023-12-07T17:11:32.198+0000] {logging_mixin.py:154} INFO - [2023-12-07T17:11:32.198+0000] {dag.py:3722} INFO - Setting next_dagrun for dataset_consumes_1 to None, run_after=None
[2023-12-07T17:11:32.201+0000] {logging_mixin.py:154} INFO - [2023-12-07T17:11:32.201+0000] {dag.py:3722} INFO - Setting next_dagrun for dataset_consumes_1_and_2 to None, run_after=None
[2023-12-07T17:11:32.202+0000] {logging_mixin.py:154} INFO - [2023-12-07T17:11:32.202+0000] {dag.py:3722} INFO - Setting next_dagrun for dataset_consumes_1_never_scheduled to None, run_after=None
[2023-12-07T17:11:32.203+0000] {logging_mixin.py:154} INFO - [2023-12-07T17:11:32.203+0000] {dag.py:3722} INFO - Setting next_dagrun for dataset_consumes_unknown_never_scheduled to None, run_after=None
[2023-12-07T17:11:32.206+0000] {logging_mixin.py:154} INFO - [2023-12-07T17:11:32.206+0000] {dag.py:3722} INFO - Setting next_dagrun for dataset_produces_1 to 2023-12-06T00:00:00+00:00, run_after=2023-12-07T00:00:00+00:00
[2023-12-07T17:11:32.207+0000] {logging_mixin.py:154} INFO - [2023-12-07T17:11:32.207+0000] {dag.py:3722} INFO - Setting next_dagrun for dataset_produces_2 to None, run_after=None
[2023-12-07T17:11:32.240+0000] {processor.py:179} INFO - Processing /home/ubuntu/ec2_customer_chum_venv/lib/python3.10/site-packages/airflow/example_dags/example_datasets.py took 0.109 seconds
[2023-12-07T17:12:16.967+0000] {processor.py:157} INFO - Started process (PID=6386) to work on /home/ubuntu/ec2_customer_chum_venv/lib/python3.10/site-packages/airflow/example_dags/example_datasets.py
[2023-12-07T17:12:16.969+0000] {processor.py:829} INFO - Processing file /home/ubuntu/ec2_customer_chum_venv/lib/python3.10/site-packages/airflow/example_dags/example_datasets.py for tasks to queue
[2023-12-07T17:12:16.970+0000] {logging_mixin.py:154} INFO - [2023-12-07T17:12:16.969+0000] {dagbag.py:536} INFO - Filling up the DagBag from /home/ubuntu/ec2_customer_chum_venv/lib/python3.10/site-packages/airflow/example_dags/example_datasets.py
[2023-12-07T17:12:16.980+0000] {processor.py:839} INFO - DAG(s) dict_keys(['dataset_produces_2', 'dataset_consumes_1', 'dataset_consumes_1_and_2', 'dataset_consumes_1_never_scheduled', 'dataset_produces_1', 'dataset_consumes_unknown_never_scheduled']) retrieved from /home/ubuntu/ec2_customer_chum_venv/lib/python3.10/site-packages/airflow/example_dags/example_datasets.py
[2023-12-07T17:12:17.010+0000] {logging_mixin.py:154} INFO - [2023-12-07T17:12:17.010+0000] {dag.py:2941} INFO - Sync 6 DAGs
[2023-12-07T17:12:17.032+0000] {logging_mixin.py:154} INFO - [2023-12-07T17:12:17.032+0000] {dag.py:3722} INFO - Setting next_dagrun for dataset_consumes_1 to None, run_after=None
[2023-12-07T17:12:17.035+0000] {logging_mixin.py:154} INFO - [2023-12-07T17:12:17.035+0000] {dag.py:3722} INFO - Setting next_dagrun for dataset_consumes_1_and_2 to None, run_after=None
[2023-12-07T17:12:17.036+0000] {logging_mixin.py:154} INFO - [2023-12-07T17:12:17.036+0000] {dag.py:3722} INFO - Setting next_dagrun for dataset_consumes_1_never_scheduled to None, run_after=None
[2023-12-07T17:12:17.037+0000] {logging_mixin.py:154} INFO - [2023-12-07T17:12:17.037+0000] {dag.py:3722} INFO - Setting next_dagrun for dataset_consumes_unknown_never_scheduled to None, run_after=None
[2023-12-07T17:12:17.040+0000] {logging_mixin.py:154} INFO - [2023-12-07T17:12:17.040+0000] {dag.py:3722} INFO - Setting next_dagrun for dataset_produces_1 to 2023-12-06T00:00:00+00:00, run_after=2023-12-07T00:00:00+00:00
[2023-12-07T17:12:17.041+0000] {logging_mixin.py:154} INFO - [2023-12-07T17:12:17.041+0000] {dag.py:3722} INFO - Setting next_dagrun for dataset_produces_2 to None, run_after=None
[2023-12-07T17:12:17.075+0000] {processor.py:179} INFO - Processing /home/ubuntu/ec2_customer_chum_venv/lib/python3.10/site-packages/airflow/example_dags/example_datasets.py took 0.111 seconds
[2023-12-07T17:13:04.868+0000] {processor.py:157} INFO - Started process (PID=6512) to work on /home/ubuntu/ec2_customer_chum_venv/lib/python3.10/site-packages/airflow/example_dags/example_datasets.py
[2023-12-07T17:13:04.870+0000] {processor.py:829} INFO - Processing file /home/ubuntu/ec2_customer_chum_venv/lib/python3.10/site-packages/airflow/example_dags/example_datasets.py for tasks to queue
[2023-12-07T17:13:04.871+0000] {logging_mixin.py:154} INFO - [2023-12-07T17:13:04.870+0000] {dagbag.py:536} INFO - Filling up the DagBag from /home/ubuntu/ec2_customer_chum_venv/lib/python3.10/site-packages/airflow/example_dags/example_datasets.py
[2023-12-07T17:13:04.881+0000] {processor.py:839} INFO - DAG(s) dict_keys(['dataset_consumes_1_never_scheduled', 'dataset_consumes_1', 'dataset_produces_2', 'dataset_produces_1', 'dataset_consumes_unknown_never_scheduled', 'dataset_consumes_1_and_2']) retrieved from /home/ubuntu/ec2_customer_chum_venv/lib/python3.10/site-packages/airflow/example_dags/example_datasets.py
[2023-12-07T17:13:04.911+0000] {logging_mixin.py:154} INFO - [2023-12-07T17:13:04.911+0000] {dag.py:2941} INFO - Sync 6 DAGs
[2023-12-07T17:13:04.934+0000] {logging_mixin.py:154} INFO - [2023-12-07T17:13:04.933+0000] {dag.py:3722} INFO - Setting next_dagrun for dataset_consumes_1 to None, run_after=None
[2023-12-07T17:13:04.937+0000] {logging_mixin.py:154} INFO - [2023-12-07T17:13:04.937+0000] {dag.py:3722} INFO - Setting next_dagrun for dataset_consumes_1_and_2 to None, run_after=None
[2023-12-07T17:13:04.938+0000] {logging_mixin.py:154} INFO - [2023-12-07T17:13:04.937+0000] {dag.py:3722} INFO - Setting next_dagrun for dataset_consumes_1_never_scheduled to None, run_after=None
[2023-12-07T17:13:04.939+0000] {logging_mixin.py:154} INFO - [2023-12-07T17:13:04.938+0000] {dag.py:3722} INFO - Setting next_dagrun for dataset_consumes_unknown_never_scheduled to None, run_after=None
[2023-12-07T17:13:04.941+0000] {logging_mixin.py:154} INFO - [2023-12-07T17:13:04.941+0000] {dag.py:3722} INFO - Setting next_dagrun for dataset_produces_1 to 2023-12-06T00:00:00+00:00, run_after=2023-12-07T00:00:00+00:00
[2023-12-07T17:13:04.942+0000] {logging_mixin.py:154} INFO - [2023-12-07T17:13:04.942+0000] {dag.py:3722} INFO - Setting next_dagrun for dataset_produces_2 to None, run_after=None
[2023-12-07T17:13:04.978+0000] {processor.py:179} INFO - Processing /home/ubuntu/ec2_customer_chum_venv/lib/python3.10/site-packages/airflow/example_dags/example_datasets.py took 0.113 seconds
[2023-12-07T17:13:48.151+0000] {processor.py:157} INFO - Started process (PID=6568) to work on /home/ubuntu/ec2_customer_chum_venv/lib/python3.10/site-packages/airflow/example_dags/example_datasets.py
[2023-12-07T17:13:48.152+0000] {processor.py:829} INFO - Processing file /home/ubuntu/ec2_customer_chum_venv/lib/python3.10/site-packages/airflow/example_dags/example_datasets.py for tasks to queue
[2023-12-07T17:13:48.153+0000] {logging_mixin.py:154} INFO - [2023-12-07T17:13:48.153+0000] {dagbag.py:536} INFO - Filling up the DagBag from /home/ubuntu/ec2_customer_chum_venv/lib/python3.10/site-packages/airflow/example_dags/example_datasets.py
[2023-12-07T17:13:48.164+0000] {processor.py:839} INFO - DAG(s) dict_keys(['dataset_consumes_unknown_never_scheduled', 'dataset_consumes_1_and_2', 'dataset_produces_2', 'dataset_consumes_1_never_scheduled', 'dataset_consumes_1', 'dataset_produces_1']) retrieved from /home/ubuntu/ec2_customer_chum_venv/lib/python3.10/site-packages/airflow/example_dags/example_datasets.py
[2023-12-07T17:13:48.192+0000] {logging_mixin.py:154} INFO - [2023-12-07T17:13:48.192+0000] {dag.py:2941} INFO - Sync 6 DAGs
[2023-12-07T17:13:48.214+0000] {logging_mixin.py:154} INFO - [2023-12-07T17:13:48.214+0000] {dag.py:3722} INFO - Setting next_dagrun for dataset_consumes_1 to None, run_after=None
[2023-12-07T17:13:48.217+0000] {logging_mixin.py:154} INFO - [2023-12-07T17:13:48.217+0000] {dag.py:3722} INFO - Setting next_dagrun for dataset_consumes_1_and_2 to None, run_after=None
[2023-12-07T17:13:48.218+0000] {logging_mixin.py:154} INFO - [2023-12-07T17:13:48.218+0000] {dag.py:3722} INFO - Setting next_dagrun for dataset_consumes_1_never_scheduled to None, run_after=None
[2023-12-07T17:13:48.219+0000] {logging_mixin.py:154} INFO - [2023-12-07T17:13:48.219+0000] {dag.py:3722} INFO - Setting next_dagrun for dataset_consumes_unknown_never_scheduled to None, run_after=None
[2023-12-07T17:13:48.222+0000] {logging_mixin.py:154} INFO - [2023-12-07T17:13:48.222+0000] {dag.py:3722} INFO - Setting next_dagrun for dataset_produces_1 to 2023-12-06T00:00:00+00:00, run_after=2023-12-07T00:00:00+00:00
[2023-12-07T17:13:48.223+0000] {logging_mixin.py:154} INFO - [2023-12-07T17:13:48.223+0000] {dag.py:3722} INFO - Setting next_dagrun for dataset_produces_2 to None, run_after=None
[2023-12-07T17:13:48.255+0000] {processor.py:179} INFO - Processing /home/ubuntu/ec2_customer_chum_venv/lib/python3.10/site-packages/airflow/example_dags/example_datasets.py took 0.107 seconds
[2023-12-07T17:14:31.946+0000] {processor.py:157} INFO - Started process (PID=6613) to work on /home/ubuntu/ec2_customer_chum_venv/lib/python3.10/site-packages/airflow/example_dags/example_datasets.py
[2023-12-07T17:14:31.948+0000] {processor.py:829} INFO - Processing file /home/ubuntu/ec2_customer_chum_venv/lib/python3.10/site-packages/airflow/example_dags/example_datasets.py for tasks to queue
[2023-12-07T17:14:31.949+0000] {logging_mixin.py:154} INFO - [2023-12-07T17:14:31.948+0000] {dagbag.py:536} INFO - Filling up the DagBag from /home/ubuntu/ec2_customer_chum_venv/lib/python3.10/site-packages/airflow/example_dags/example_datasets.py
[2023-12-07T17:14:31.959+0000] {processor.py:839} INFO - DAG(s) dict_keys(['dataset_consumes_1_never_scheduled', 'dataset_produces_1', 'dataset_consumes_1', 'dataset_consumes_1_and_2', 'dataset_consumes_unknown_never_scheduled', 'dataset_produces_2']) retrieved from /home/ubuntu/ec2_customer_chum_venv/lib/python3.10/site-packages/airflow/example_dags/example_datasets.py
[2023-12-07T17:14:31.989+0000] {logging_mixin.py:154} INFO - [2023-12-07T17:14:31.988+0000] {dag.py:2941} INFO - Sync 6 DAGs
[2023-12-07T17:14:32.011+0000] {logging_mixin.py:154} INFO - [2023-12-07T17:14:32.011+0000] {dag.py:3722} INFO - Setting next_dagrun for dataset_consumes_1 to None, run_after=None
[2023-12-07T17:14:32.015+0000] {logging_mixin.py:154} INFO - [2023-12-07T17:14:32.015+0000] {dag.py:3722} INFO - Setting next_dagrun for dataset_consumes_1_and_2 to None, run_after=None
[2023-12-07T17:14:32.016+0000] {logging_mixin.py:154} INFO - [2023-12-07T17:14:32.016+0000] {dag.py:3722} INFO - Setting next_dagrun for dataset_consumes_1_never_scheduled to None, run_after=None
[2023-12-07T17:14:32.017+0000] {logging_mixin.py:154} INFO - [2023-12-07T17:14:32.017+0000] {dag.py:3722} INFO - Setting next_dagrun for dataset_consumes_unknown_never_scheduled to None, run_after=None
[2023-12-07T17:14:32.020+0000] {logging_mixin.py:154} INFO - [2023-12-07T17:14:32.020+0000] {dag.py:3722} INFO - Setting next_dagrun for dataset_produces_1 to 2023-12-06T00:00:00+00:00, run_after=2023-12-07T00:00:00+00:00
[2023-12-07T17:14:32.021+0000] {logging_mixin.py:154} INFO - [2023-12-07T17:14:32.021+0000] {dag.py:3722} INFO - Setting next_dagrun for dataset_produces_2 to None, run_after=None
[2023-12-07T17:14:32.053+0000] {processor.py:179} INFO - Processing /home/ubuntu/ec2_customer_chum_venv/lib/python3.10/site-packages/airflow/example_dags/example_datasets.py took 0.110 seconds
[2023-12-07T17:15:15.554+0000] {processor.py:157} INFO - Started process (PID=6725) to work on /home/ubuntu/ec2_customer_chum_venv/lib/python3.10/site-packages/airflow/example_dags/example_datasets.py
[2023-12-07T17:15:15.555+0000] {processor.py:829} INFO - Processing file /home/ubuntu/ec2_customer_chum_venv/lib/python3.10/site-packages/airflow/example_dags/example_datasets.py for tasks to queue
[2023-12-07T17:15:15.556+0000] {logging_mixin.py:154} INFO - [2023-12-07T17:15:15.556+0000] {dagbag.py:536} INFO - Filling up the DagBag from /home/ubuntu/ec2_customer_chum_venv/lib/python3.10/site-packages/airflow/example_dags/example_datasets.py
[2023-12-07T17:15:15.567+0000] {processor.py:839} INFO - DAG(s) dict_keys(['dataset_consumes_1', 'dataset_consumes_unknown_never_scheduled', 'dataset_produces_2', 'dataset_consumes_1_never_scheduled', 'dataset_produces_1', 'dataset_consumes_1_and_2']) retrieved from /home/ubuntu/ec2_customer_chum_venv/lib/python3.10/site-packages/airflow/example_dags/example_datasets.py
[2023-12-07T17:15:15.597+0000] {logging_mixin.py:154} INFO - [2023-12-07T17:15:15.597+0000] {dag.py:2941} INFO - Sync 6 DAGs
[2023-12-07T17:15:15.619+0000] {logging_mixin.py:154} INFO - [2023-12-07T17:15:15.619+0000] {dag.py:3722} INFO - Setting next_dagrun for dataset_consumes_1 to None, run_after=None
[2023-12-07T17:15:15.622+0000] {logging_mixin.py:154} INFO - [2023-12-07T17:15:15.622+0000] {dag.py:3722} INFO - Setting next_dagrun for dataset_consumes_1_and_2 to None, run_after=None
[2023-12-07T17:15:15.623+0000] {logging_mixin.py:154} INFO - [2023-12-07T17:15:15.623+0000] {dag.py:3722} INFO - Setting next_dagrun for dataset_consumes_1_never_scheduled to None, run_after=None
[2023-12-07T17:15:15.624+0000] {logging_mixin.py:154} INFO - [2023-12-07T17:15:15.624+0000] {dag.py:3722} INFO - Setting next_dagrun for dataset_consumes_unknown_never_scheduled to None, run_after=None
[2023-12-07T17:15:15.627+0000] {logging_mixin.py:154} INFO - [2023-12-07T17:15:15.627+0000] {dag.py:3722} INFO - Setting next_dagrun for dataset_produces_1 to 2023-12-06T00:00:00+00:00, run_after=2023-12-07T00:00:00+00:00
[2023-12-07T17:15:15.628+0000] {logging_mixin.py:154} INFO - [2023-12-07T17:15:15.628+0000] {dag.py:3722} INFO - Setting next_dagrun for dataset_produces_2 to None, run_after=None
[2023-12-07T17:15:15.663+0000] {processor.py:179} INFO - Processing /home/ubuntu/ec2_customer_chum_venv/lib/python3.10/site-packages/airflow/example_dags/example_datasets.py took 0.112 seconds
