[2023-12-07T16:49:50.214+0000] {processor.py:157} INFO - Started process (PID=5001) to work on /home/ubuntu/ec2_customer_chum_venv/lib/python3.10/site-packages/airflow/example_dags/example_bash_operator.py
[2023-12-07T16:49:50.215+0000] {processor.py:829} INFO - Processing file /home/ubuntu/ec2_customer_chum_venv/lib/python3.10/site-packages/airflow/example_dags/example_bash_operator.py for tasks to queue
[2023-12-07T16:49:50.216+0000] {logging_mixin.py:154} INFO - [2023-12-07T16:49:50.215+0000] {dagbag.py:536} INFO - Filling up the DagBag from /home/ubuntu/ec2_customer_chum_venv/lib/python3.10/site-packages/airflow/example_dags/example_bash_operator.py
[2023-12-07T16:49:50.228+0000] {processor.py:839} INFO - DAG(s) dict_keys(['example_bash_operator']) retrieved from /home/ubuntu/ec2_customer_chum_venv/lib/python3.10/site-packages/airflow/example_dags/example_bash_operator.py
[2023-12-07T16:49:50.349+0000] {logging_mixin.py:154} INFO - [2023-12-07T16:49:50.349+0000] {manager.py:499} INFO - Created Permission View: %s
[2023-12-07T16:49:50.363+0000] {logging_mixin.py:154} INFO - [2023-12-07T16:49:50.363+0000] {manager.py:499} INFO - Created Permission View: %s
[2023-12-07T16:49:50.373+0000] {logging_mixin.py:154} INFO - [2023-12-07T16:49:50.373+0000] {manager.py:499} INFO - Created Permission View: %s
[2023-12-07T16:49:50.374+0000] {logging_mixin.py:154} INFO - [2023-12-07T16:49:50.374+0000] {dag.py:2941} INFO - Sync 1 DAGs
[2023-12-07T16:49:50.385+0000] {logging_mixin.py:154} INFO - [2023-12-07T16:49:50.385+0000] {dag.py:2963} INFO - Creating ORM DAG for example_bash_operator
[2023-12-07T16:49:50.396+0000] {logging_mixin.py:154} INFO - [2023-12-07T16:49:50.396+0000] {dag.py:3722} INFO - Setting next_dagrun for example_bash_operator to 2023-12-06T00:00:00+00:00, run_after=2023-12-07T00:00:00+00:00
[2023-12-07T16:49:50.419+0000] {processor.py:179} INFO - Processing /home/ubuntu/ec2_customer_chum_venv/lib/python3.10/site-packages/airflow/example_dags/example_bash_operator.py took 0.208 seconds
[2023-12-07T16:50:43.260+0000] {processor.py:157} INFO - Started process (PID=5054) to work on /home/ubuntu/ec2_customer_chum_venv/lib/python3.10/site-packages/airflow/example_dags/example_bash_operator.py
[2023-12-07T16:50:43.261+0000] {processor.py:829} INFO - Processing file /home/ubuntu/ec2_customer_chum_venv/lib/python3.10/site-packages/airflow/example_dags/example_bash_operator.py for tasks to queue
[2023-12-07T16:50:43.262+0000] {logging_mixin.py:154} INFO - [2023-12-07T16:50:43.262+0000] {dagbag.py:536} INFO - Filling up the DagBag from /home/ubuntu/ec2_customer_chum_venv/lib/python3.10/site-packages/airflow/example_dags/example_bash_operator.py
[2023-12-07T16:50:43.275+0000] {processor.py:839} INFO - DAG(s) dict_keys(['example_bash_operator']) retrieved from /home/ubuntu/ec2_customer_chum_venv/lib/python3.10/site-packages/airflow/example_dags/example_bash_operator.py
[2023-12-07T16:50:43.301+0000] {logging_mixin.py:154} INFO - [2023-12-07T16:50:43.301+0000] {dag.py:2941} INFO - Sync 1 DAGs
[2023-12-07T16:50:43.324+0000] {logging_mixin.py:154} INFO - [2023-12-07T16:50:43.324+0000] {dag.py:3722} INFO - Setting next_dagrun for example_bash_operator to 2023-12-06T00:00:00+00:00, run_after=2023-12-07T00:00:00+00:00
[2023-12-07T16:50:43.346+0000] {processor.py:179} INFO - Processing /home/ubuntu/ec2_customer_chum_venv/lib/python3.10/site-packages/airflow/example_dags/example_bash_operator.py took 0.089 seconds
[2023-12-07T16:51:31.824+0000] {processor.py:157} INFO - Started process (PID=5104) to work on /home/ubuntu/ec2_customer_chum_venv/lib/python3.10/site-packages/airflow/example_dags/example_bash_operator.py
[2023-12-07T16:51:31.826+0000] {processor.py:829} INFO - Processing file /home/ubuntu/ec2_customer_chum_venv/lib/python3.10/site-packages/airflow/example_dags/example_bash_operator.py for tasks to queue
[2023-12-07T16:51:31.826+0000] {logging_mixin.py:154} INFO - [2023-12-07T16:51:31.826+0000] {dagbag.py:536} INFO - Filling up the DagBag from /home/ubuntu/ec2_customer_chum_venv/lib/python3.10/site-packages/airflow/example_dags/example_bash_operator.py
[2023-12-07T16:51:31.839+0000] {processor.py:839} INFO - DAG(s) dict_keys(['example_bash_operator']) retrieved from /home/ubuntu/ec2_customer_chum_venv/lib/python3.10/site-packages/airflow/example_dags/example_bash_operator.py
[2023-12-07T16:51:31.865+0000] {logging_mixin.py:154} INFO - [2023-12-07T16:51:31.864+0000] {dag.py:2941} INFO - Sync 1 DAGs
[2023-12-07T16:51:31.886+0000] {logging_mixin.py:154} INFO - [2023-12-07T16:51:31.886+0000] {dag.py:3722} INFO - Setting next_dagrun for example_bash_operator to 2023-12-06T00:00:00+00:00, run_after=2023-12-07T00:00:00+00:00
[2023-12-07T16:51:31.910+0000] {processor.py:179} INFO - Processing /home/ubuntu/ec2_customer_chum_venv/lib/python3.10/site-packages/airflow/example_dags/example_bash_operator.py took 0.090 seconds
[2023-12-07T16:52:21.925+0000] {processor.py:157} INFO - Started process (PID=5157) to work on /home/ubuntu/ec2_customer_chum_venv/lib/python3.10/site-packages/airflow/example_dags/example_bash_operator.py
[2023-12-07T16:52:21.927+0000] {processor.py:829} INFO - Processing file /home/ubuntu/ec2_customer_chum_venv/lib/python3.10/site-packages/airflow/example_dags/example_bash_operator.py for tasks to queue
[2023-12-07T16:52:21.927+0000] {logging_mixin.py:154} INFO - [2023-12-07T16:52:21.927+0000] {dagbag.py:536} INFO - Filling up the DagBag from /home/ubuntu/ec2_customer_chum_venv/lib/python3.10/site-packages/airflow/example_dags/example_bash_operator.py
[2023-12-07T16:52:21.940+0000] {processor.py:839} INFO - DAG(s) dict_keys(['example_bash_operator']) retrieved from /home/ubuntu/ec2_customer_chum_venv/lib/python3.10/site-packages/airflow/example_dags/example_bash_operator.py
[2023-12-07T16:52:21.966+0000] {logging_mixin.py:154} INFO - [2023-12-07T16:52:21.966+0000] {dag.py:2941} INFO - Sync 1 DAGs
[2023-12-07T16:52:21.989+0000] {logging_mixin.py:154} INFO - [2023-12-07T16:52:21.989+0000] {dag.py:3722} INFO - Setting next_dagrun for example_bash_operator to 2023-12-06T00:00:00+00:00, run_after=2023-12-07T00:00:00+00:00
[2023-12-07T16:52:22.014+0000] {processor.py:179} INFO - Processing /home/ubuntu/ec2_customer_chum_venv/lib/python3.10/site-packages/airflow/example_dags/example_bash_operator.py took 0.092 seconds
[2023-12-07T16:54:17.836+0000] {processor.py:157} INFO - Started process (PID=5264) to work on /home/ubuntu/ec2_customer_chum_venv/lib/python3.10/site-packages/airflow/example_dags/example_bash_operator.py
[2023-12-07T16:54:17.839+0000] {processor.py:829} INFO - Processing file /home/ubuntu/ec2_customer_chum_venv/lib/python3.10/site-packages/airflow/example_dags/example_bash_operator.py for tasks to queue
[2023-12-07T16:54:17.840+0000] {logging_mixin.py:154} INFO - [2023-12-07T16:54:17.840+0000] {dagbag.py:536} INFO - Filling up the DagBag from /home/ubuntu/ec2_customer_chum_venv/lib/python3.10/site-packages/airflow/example_dags/example_bash_operator.py
[2023-12-07T16:54:17.853+0000] {processor.py:839} INFO - DAG(s) dict_keys(['example_bash_operator']) retrieved from /home/ubuntu/ec2_customer_chum_venv/lib/python3.10/site-packages/airflow/example_dags/example_bash_operator.py
[2023-12-07T16:54:17.880+0000] {logging_mixin.py:154} INFO - [2023-12-07T16:54:17.880+0000] {dag.py:2941} INFO - Sync 1 DAGs
[2023-12-07T16:54:17.902+0000] {logging_mixin.py:154} INFO - [2023-12-07T16:54:17.902+0000] {dag.py:3722} INFO - Setting next_dagrun for example_bash_operator to 2023-12-06T00:00:00+00:00, run_after=2023-12-07T00:00:00+00:00
[2023-12-07T16:54:17.924+0000] {processor.py:179} INFO - Processing /home/ubuntu/ec2_customer_chum_venv/lib/python3.10/site-packages/airflow/example_dags/example_bash_operator.py took 0.091 seconds
[2023-12-07T16:55:04.328+0000] {processor.py:157} INFO - Started process (PID=5312) to work on /home/ubuntu/ec2_customer_chum_venv/lib/python3.10/site-packages/airflow/example_dags/example_bash_operator.py
[2023-12-07T16:55:04.330+0000] {processor.py:829} INFO - Processing file /home/ubuntu/ec2_customer_chum_venv/lib/python3.10/site-packages/airflow/example_dags/example_bash_operator.py for tasks to queue
[2023-12-07T16:55:04.331+0000] {logging_mixin.py:154} INFO - [2023-12-07T16:55:04.331+0000] {dagbag.py:536} INFO - Filling up the DagBag from /home/ubuntu/ec2_customer_chum_venv/lib/python3.10/site-packages/airflow/example_dags/example_bash_operator.py
[2023-12-07T16:55:04.344+0000] {processor.py:839} INFO - DAG(s) dict_keys(['example_bash_operator']) retrieved from /home/ubuntu/ec2_customer_chum_venv/lib/python3.10/site-packages/airflow/example_dags/example_bash_operator.py
[2023-12-07T16:55:04.371+0000] {logging_mixin.py:154} INFO - [2023-12-07T16:55:04.370+0000] {dag.py:2941} INFO - Sync 1 DAGs
[2023-12-07T16:55:04.394+0000] {logging_mixin.py:154} INFO - [2023-12-07T16:55:04.394+0000] {dag.py:3722} INFO - Setting next_dagrun for example_bash_operator to 2023-12-06T00:00:00+00:00, run_after=2023-12-07T00:00:00+00:00
[2023-12-07T16:55:04.426+0000] {processor.py:179} INFO - Processing /home/ubuntu/ec2_customer_chum_venv/lib/python3.10/site-packages/airflow/example_dags/example_bash_operator.py took 0.101 seconds
[2023-12-07T16:55:48.402+0000] {processor.py:157} INFO - Started process (PID=5360) to work on /home/ubuntu/ec2_customer_chum_venv/lib/python3.10/site-packages/airflow/example_dags/example_bash_operator.py
[2023-12-07T16:55:48.404+0000] {processor.py:829} INFO - Processing file /home/ubuntu/ec2_customer_chum_venv/lib/python3.10/site-packages/airflow/example_dags/example_bash_operator.py for tasks to queue
[2023-12-07T16:55:48.405+0000] {logging_mixin.py:154} INFO - [2023-12-07T16:55:48.404+0000] {dagbag.py:536} INFO - Filling up the DagBag from /home/ubuntu/ec2_customer_chum_venv/lib/python3.10/site-packages/airflow/example_dags/example_bash_operator.py
[2023-12-07T16:55:48.417+0000] {processor.py:839} INFO - DAG(s) dict_keys(['example_bash_operator']) retrieved from /home/ubuntu/ec2_customer_chum_venv/lib/python3.10/site-packages/airflow/example_dags/example_bash_operator.py
[2023-12-07T16:55:48.443+0000] {logging_mixin.py:154} INFO - [2023-12-07T16:55:48.442+0000] {dag.py:2941} INFO - Sync 1 DAGs
[2023-12-07T16:55:48.464+0000] {logging_mixin.py:154} INFO - [2023-12-07T16:55:48.464+0000] {dag.py:3722} INFO - Setting next_dagrun for example_bash_operator to 2023-12-06T00:00:00+00:00, run_after=2023-12-07T00:00:00+00:00
[2023-12-07T16:55:48.487+0000] {processor.py:179} INFO - Processing /home/ubuntu/ec2_customer_chum_venv/lib/python3.10/site-packages/airflow/example_dags/example_bash_operator.py took 0.088 seconds
[2023-12-07T16:56:32.456+0000] {processor.py:157} INFO - Started process (PID=5406) to work on /home/ubuntu/ec2_customer_chum_venv/lib/python3.10/site-packages/airflow/example_dags/example_bash_operator.py
[2023-12-07T16:56:32.458+0000] {processor.py:829} INFO - Processing file /home/ubuntu/ec2_customer_chum_venv/lib/python3.10/site-packages/airflow/example_dags/example_bash_operator.py for tasks to queue
[2023-12-07T16:56:32.458+0000] {logging_mixin.py:154} INFO - [2023-12-07T16:56:32.458+0000] {dagbag.py:536} INFO - Filling up the DagBag from /home/ubuntu/ec2_customer_chum_venv/lib/python3.10/site-packages/airflow/example_dags/example_bash_operator.py
[2023-12-07T16:56:32.471+0000] {processor.py:839} INFO - DAG(s) dict_keys(['example_bash_operator']) retrieved from /home/ubuntu/ec2_customer_chum_venv/lib/python3.10/site-packages/airflow/example_dags/example_bash_operator.py
[2023-12-07T16:56:32.496+0000] {logging_mixin.py:154} INFO - [2023-12-07T16:56:32.496+0000] {dag.py:2941} INFO - Sync 1 DAGs
[2023-12-07T16:56:32.518+0000] {logging_mixin.py:154} INFO - [2023-12-07T16:56:32.518+0000] {dag.py:3722} INFO - Setting next_dagrun for example_bash_operator to 2023-12-06T00:00:00+00:00, run_after=2023-12-07T00:00:00+00:00
[2023-12-07T16:56:32.541+0000] {processor.py:179} INFO - Processing /home/ubuntu/ec2_customer_chum_venv/lib/python3.10/site-packages/airflow/example_dags/example_bash_operator.py took 0.088 seconds
[2023-12-07T16:57:17.218+0000] {processor.py:157} INFO - Started process (PID=5452) to work on /home/ubuntu/ec2_customer_chum_venv/lib/python3.10/site-packages/airflow/example_dags/example_bash_operator.py
[2023-12-07T16:57:17.220+0000] {processor.py:829} INFO - Processing file /home/ubuntu/ec2_customer_chum_venv/lib/python3.10/site-packages/airflow/example_dags/example_bash_operator.py for tasks to queue
[2023-12-07T16:57:17.220+0000] {logging_mixin.py:154} INFO - [2023-12-07T16:57:17.220+0000] {dagbag.py:536} INFO - Filling up the DagBag from /home/ubuntu/ec2_customer_chum_venv/lib/python3.10/site-packages/airflow/example_dags/example_bash_operator.py
[2023-12-07T16:57:17.233+0000] {processor.py:839} INFO - DAG(s) dict_keys(['example_bash_operator']) retrieved from /home/ubuntu/ec2_customer_chum_venv/lib/python3.10/site-packages/airflow/example_dags/example_bash_operator.py
[2023-12-07T16:57:17.260+0000] {logging_mixin.py:154} INFO - [2023-12-07T16:57:17.260+0000] {dag.py:2941} INFO - Sync 1 DAGs
[2023-12-07T16:57:17.284+0000] {logging_mixin.py:154} INFO - [2023-12-07T16:57:17.283+0000] {dag.py:3722} INFO - Setting next_dagrun for example_bash_operator to 2023-12-06T00:00:00+00:00, run_after=2023-12-07T00:00:00+00:00
[2023-12-07T16:57:17.309+0000] {processor.py:179} INFO - Processing /home/ubuntu/ec2_customer_chum_venv/lib/python3.10/site-packages/airflow/example_dags/example_bash_operator.py took 0.094 seconds
[2023-12-07T16:58:00.199+0000] {processor.py:157} INFO - Started process (PID=5498) to work on /home/ubuntu/ec2_customer_chum_venv/lib/python3.10/site-packages/airflow/example_dags/example_bash_operator.py
[2023-12-07T16:58:00.201+0000] {processor.py:829} INFO - Processing file /home/ubuntu/ec2_customer_chum_venv/lib/python3.10/site-packages/airflow/example_dags/example_bash_operator.py for tasks to queue
[2023-12-07T16:58:00.203+0000] {logging_mixin.py:154} INFO - [2023-12-07T16:58:00.202+0000] {dagbag.py:536} INFO - Filling up the DagBag from /home/ubuntu/ec2_customer_chum_venv/lib/python3.10/site-packages/airflow/example_dags/example_bash_operator.py
[2023-12-07T16:58:00.219+0000] {processor.py:839} INFO - DAG(s) dict_keys(['example_bash_operator']) retrieved from /home/ubuntu/ec2_customer_chum_venv/lib/python3.10/site-packages/airflow/example_dags/example_bash_operator.py
[2023-12-07T16:58:00.255+0000] {logging_mixin.py:154} INFO - [2023-12-07T16:58:00.255+0000] {dag.py:2941} INFO - Sync 1 DAGs
[2023-12-07T16:58:00.284+0000] {logging_mixin.py:154} INFO - [2023-12-07T16:58:00.283+0000] {dag.py:3722} INFO - Setting next_dagrun for example_bash_operator to 2023-12-06T00:00:00+00:00, run_after=2023-12-07T00:00:00+00:00
[2023-12-07T16:58:00.311+0000] {processor.py:179} INFO - Processing /home/ubuntu/ec2_customer_chum_venv/lib/python3.10/site-packages/airflow/example_dags/example_bash_operator.py took 0.115 seconds
[2023-12-07T16:58:45.141+0000] {processor.py:157} INFO - Started process (PID=5546) to work on /home/ubuntu/ec2_customer_chum_venv/lib/python3.10/site-packages/airflow/example_dags/example_bash_operator.py
[2023-12-07T16:58:45.143+0000] {processor.py:829} INFO - Processing file /home/ubuntu/ec2_customer_chum_venv/lib/python3.10/site-packages/airflow/example_dags/example_bash_operator.py for tasks to queue
[2023-12-07T16:58:45.144+0000] {logging_mixin.py:154} INFO - [2023-12-07T16:58:45.143+0000] {dagbag.py:536} INFO - Filling up the DagBag from /home/ubuntu/ec2_customer_chum_venv/lib/python3.10/site-packages/airflow/example_dags/example_bash_operator.py
[2023-12-07T16:58:45.156+0000] {processor.py:839} INFO - DAG(s) dict_keys(['example_bash_operator']) retrieved from /home/ubuntu/ec2_customer_chum_venv/lib/python3.10/site-packages/airflow/example_dags/example_bash_operator.py
[2023-12-07T16:58:45.183+0000] {logging_mixin.py:154} INFO - [2023-12-07T16:58:45.183+0000] {dag.py:2941} INFO - Sync 1 DAGs
[2023-12-07T16:58:45.206+0000] {logging_mixin.py:154} INFO - [2023-12-07T16:58:45.206+0000] {dag.py:3722} INFO - Setting next_dagrun for example_bash_operator to 2023-12-06T00:00:00+00:00, run_after=2023-12-07T00:00:00+00:00
[2023-12-07T16:58:45.228+0000] {processor.py:179} INFO - Processing /home/ubuntu/ec2_customer_chum_venv/lib/python3.10/site-packages/airflow/example_dags/example_bash_operator.py took 0.090 seconds
[2023-12-07T16:59:40.435+0000] {processor.py:157} INFO - Started process (PID=5604) to work on /home/ubuntu/ec2_customer_chum_venv/lib/python3.10/site-packages/airflow/example_dags/example_bash_operator.py
[2023-12-07T16:59:40.437+0000] {processor.py:829} INFO - Processing file /home/ubuntu/ec2_customer_chum_venv/lib/python3.10/site-packages/airflow/example_dags/example_bash_operator.py for tasks to queue
[2023-12-07T16:59:40.438+0000] {logging_mixin.py:154} INFO - [2023-12-07T16:59:40.437+0000] {dagbag.py:536} INFO - Filling up the DagBag from /home/ubuntu/ec2_customer_chum_venv/lib/python3.10/site-packages/airflow/example_dags/example_bash_operator.py
[2023-12-07T16:59:40.450+0000] {processor.py:839} INFO - DAG(s) dict_keys(['example_bash_operator']) retrieved from /home/ubuntu/ec2_customer_chum_venv/lib/python3.10/site-packages/airflow/example_dags/example_bash_operator.py
[2023-12-07T16:59:40.476+0000] {logging_mixin.py:154} INFO - [2023-12-07T16:59:40.476+0000] {dag.py:2941} INFO - Sync 1 DAGs
[2023-12-07T16:59:40.499+0000] {logging_mixin.py:154} INFO - [2023-12-07T16:59:40.499+0000] {dag.py:3722} INFO - Setting next_dagrun for example_bash_operator to 2023-12-06T00:00:00+00:00, run_after=2023-12-07T00:00:00+00:00
[2023-12-07T16:59:40.521+0000] {processor.py:179} INFO - Processing /home/ubuntu/ec2_customer_chum_venv/lib/python3.10/site-packages/airflow/example_dags/example_bash_operator.py took 0.089 seconds
[2023-12-07T17:00:28.019+0000] {processor.py:157} INFO - Started process (PID=5652) to work on /home/ubuntu/ec2_customer_chum_venv/lib/python3.10/site-packages/airflow/example_dags/example_bash_operator.py
[2023-12-07T17:00:28.020+0000] {processor.py:829} INFO - Processing file /home/ubuntu/ec2_customer_chum_venv/lib/python3.10/site-packages/airflow/example_dags/example_bash_operator.py for tasks to queue
[2023-12-07T17:00:28.021+0000] {logging_mixin.py:154} INFO - [2023-12-07T17:00:28.021+0000] {dagbag.py:536} INFO - Filling up the DagBag from /home/ubuntu/ec2_customer_chum_venv/lib/python3.10/site-packages/airflow/example_dags/example_bash_operator.py
[2023-12-07T17:00:28.034+0000] {processor.py:839} INFO - DAG(s) dict_keys(['example_bash_operator']) retrieved from /home/ubuntu/ec2_customer_chum_venv/lib/python3.10/site-packages/airflow/example_dags/example_bash_operator.py
[2023-12-07T17:00:28.061+0000] {logging_mixin.py:154} INFO - [2023-12-07T17:00:28.061+0000] {dag.py:2941} INFO - Sync 1 DAGs
[2023-12-07T17:00:28.085+0000] {logging_mixin.py:154} INFO - [2023-12-07T17:00:28.085+0000] {dag.py:3722} INFO - Setting next_dagrun for example_bash_operator to 2023-12-06T00:00:00+00:00, run_after=2023-12-07T00:00:00+00:00
[2023-12-07T17:00:28.108+0000] {processor.py:179} INFO - Processing /home/ubuntu/ec2_customer_chum_venv/lib/python3.10/site-packages/airflow/example_dags/example_bash_operator.py took 0.093 seconds
[2023-12-07T17:01:16.073+0000] {processor.py:157} INFO - Started process (PID=5700) to work on /home/ubuntu/ec2_customer_chum_venv/lib/python3.10/site-packages/airflow/example_dags/example_bash_operator.py
[2023-12-07T17:01:16.074+0000] {processor.py:829} INFO - Processing file /home/ubuntu/ec2_customer_chum_venv/lib/python3.10/site-packages/airflow/example_dags/example_bash_operator.py for tasks to queue
[2023-12-07T17:01:16.075+0000] {logging_mixin.py:154} INFO - [2023-12-07T17:01:16.075+0000] {dagbag.py:536} INFO - Filling up the DagBag from /home/ubuntu/ec2_customer_chum_venv/lib/python3.10/site-packages/airflow/example_dags/example_bash_operator.py
[2023-12-07T17:01:16.088+0000] {processor.py:839} INFO - DAG(s) dict_keys(['example_bash_operator']) retrieved from /home/ubuntu/ec2_customer_chum_venv/lib/python3.10/site-packages/airflow/example_dags/example_bash_operator.py
[2023-12-07T17:01:16.115+0000] {logging_mixin.py:154} INFO - [2023-12-07T17:01:16.114+0000] {dag.py:2941} INFO - Sync 1 DAGs
[2023-12-07T17:01:16.137+0000] {logging_mixin.py:154} INFO - [2023-12-07T17:01:16.137+0000] {dag.py:3722} INFO - Setting next_dagrun for example_bash_operator to 2023-12-06T00:00:00+00:00, run_after=2023-12-07T00:00:00+00:00
[2023-12-07T17:01:16.160+0000] {processor.py:179} INFO - Processing /home/ubuntu/ec2_customer_chum_venv/lib/python3.10/site-packages/airflow/example_dags/example_bash_operator.py took 0.090 seconds
[2023-12-07T17:02:00.868+0000] {processor.py:157} INFO - Started process (PID=5746) to work on /home/ubuntu/ec2_customer_chum_venv/lib/python3.10/site-packages/airflow/example_dags/example_bash_operator.py
[2023-12-07T17:02:00.869+0000] {processor.py:829} INFO - Processing file /home/ubuntu/ec2_customer_chum_venv/lib/python3.10/site-packages/airflow/example_dags/example_bash_operator.py for tasks to queue
[2023-12-07T17:02:00.870+0000] {logging_mixin.py:154} INFO - [2023-12-07T17:02:00.870+0000] {dagbag.py:536} INFO - Filling up the DagBag from /home/ubuntu/ec2_customer_chum_venv/lib/python3.10/site-packages/airflow/example_dags/example_bash_operator.py
[2023-12-07T17:02:00.883+0000] {processor.py:839} INFO - DAG(s) dict_keys(['example_bash_operator']) retrieved from /home/ubuntu/ec2_customer_chum_venv/lib/python3.10/site-packages/airflow/example_dags/example_bash_operator.py
[2023-12-07T17:02:00.909+0000] {logging_mixin.py:154} INFO - [2023-12-07T17:02:00.909+0000] {dag.py:2941} INFO - Sync 1 DAGs
[2023-12-07T17:02:00.932+0000] {logging_mixin.py:154} INFO - [2023-12-07T17:02:00.932+0000] {dag.py:3722} INFO - Setting next_dagrun for example_bash_operator to 2023-12-06T00:00:00+00:00, run_after=2023-12-07T00:00:00+00:00
[2023-12-07T17:02:00.958+0000] {processor.py:179} INFO - Processing /home/ubuntu/ec2_customer_chum_venv/lib/python3.10/site-packages/airflow/example_dags/example_bash_operator.py took 0.093 seconds
[2023-12-07T17:02:48.952+0000] {processor.py:157} INFO - Started process (PID=5795) to work on /home/ubuntu/ec2_customer_chum_venv/lib/python3.10/site-packages/airflow/example_dags/example_bash_operator.py
[2023-12-07T17:02:48.953+0000] {processor.py:829} INFO - Processing file /home/ubuntu/ec2_customer_chum_venv/lib/python3.10/site-packages/airflow/example_dags/example_bash_operator.py for tasks to queue
[2023-12-07T17:02:48.954+0000] {logging_mixin.py:154} INFO - [2023-12-07T17:02:48.954+0000] {dagbag.py:536} INFO - Filling up the DagBag from /home/ubuntu/ec2_customer_chum_venv/lib/python3.10/site-packages/airflow/example_dags/example_bash_operator.py
[2023-12-07T17:02:48.967+0000] {processor.py:839} INFO - DAG(s) dict_keys(['example_bash_operator']) retrieved from /home/ubuntu/ec2_customer_chum_venv/lib/python3.10/site-packages/airflow/example_dags/example_bash_operator.py
[2023-12-07T17:02:48.993+0000] {logging_mixin.py:154} INFO - [2023-12-07T17:02:48.993+0000] {dag.py:2941} INFO - Sync 1 DAGs
[2023-12-07T17:02:49.015+0000] {logging_mixin.py:154} INFO - [2023-12-07T17:02:49.015+0000] {dag.py:3722} INFO - Setting next_dagrun for example_bash_operator to 2023-12-06T00:00:00+00:00, run_after=2023-12-07T00:00:00+00:00
[2023-12-07T17:02:49.038+0000] {processor.py:179} INFO - Processing /home/ubuntu/ec2_customer_chum_venv/lib/python3.10/site-packages/airflow/example_dags/example_bash_operator.py took 0.089 seconds
[2023-12-07T17:03:37.965+0000] {processor.py:157} INFO - Started process (PID=5845) to work on /home/ubuntu/ec2_customer_chum_venv/lib/python3.10/site-packages/airflow/example_dags/example_bash_operator.py
[2023-12-07T17:03:37.966+0000] {processor.py:829} INFO - Processing file /home/ubuntu/ec2_customer_chum_venv/lib/python3.10/site-packages/airflow/example_dags/example_bash_operator.py for tasks to queue
[2023-12-07T17:03:37.967+0000] {logging_mixin.py:154} INFO - [2023-12-07T17:03:37.967+0000] {dagbag.py:536} INFO - Filling up the DagBag from /home/ubuntu/ec2_customer_chum_venv/lib/python3.10/site-packages/airflow/example_dags/example_bash_operator.py
[2023-12-07T17:03:37.980+0000] {processor.py:839} INFO - DAG(s) dict_keys(['example_bash_operator']) retrieved from /home/ubuntu/ec2_customer_chum_venv/lib/python3.10/site-packages/airflow/example_dags/example_bash_operator.py
[2023-12-07T17:03:38.009+0000] {logging_mixin.py:154} INFO - [2023-12-07T17:03:38.009+0000] {dag.py:2941} INFO - Sync 1 DAGs
[2023-12-07T17:03:38.033+0000] {logging_mixin.py:154} INFO - [2023-12-07T17:03:38.033+0000] {dag.py:3722} INFO - Setting next_dagrun for example_bash_operator to 2023-12-06T00:00:00+00:00, run_after=2023-12-07T00:00:00+00:00
[2023-12-07T17:03:38.060+0000] {processor.py:179} INFO - Processing /home/ubuntu/ec2_customer_chum_venv/lib/python3.10/site-packages/airflow/example_dags/example_bash_operator.py took 0.098 seconds
[2023-12-07T17:04:36.386+0000] {processor.py:157} INFO - Started process (PID=5906) to work on /home/ubuntu/ec2_customer_chum_venv/lib/python3.10/site-packages/airflow/example_dags/example_bash_operator.py
[2023-12-07T17:04:36.388+0000] {processor.py:829} INFO - Processing file /home/ubuntu/ec2_customer_chum_venv/lib/python3.10/site-packages/airflow/example_dags/example_bash_operator.py for tasks to queue
[2023-12-07T17:04:36.389+0000] {logging_mixin.py:154} INFO - [2023-12-07T17:04:36.388+0000] {dagbag.py:536} INFO - Filling up the DagBag from /home/ubuntu/ec2_customer_chum_venv/lib/python3.10/site-packages/airflow/example_dags/example_bash_operator.py
[2023-12-07T17:04:36.402+0000] {processor.py:839} INFO - DAG(s) dict_keys(['example_bash_operator']) retrieved from /home/ubuntu/ec2_customer_chum_venv/lib/python3.10/site-packages/airflow/example_dags/example_bash_operator.py
[2023-12-07T17:04:36.428+0000] {logging_mixin.py:154} INFO - [2023-12-07T17:04:36.428+0000] {dag.py:2941} INFO - Sync 1 DAGs
[2023-12-07T17:04:36.452+0000] {logging_mixin.py:154} INFO - [2023-12-07T17:04:36.451+0000] {dag.py:3722} INFO - Setting next_dagrun for example_bash_operator to 2023-12-06T00:00:00+00:00, run_after=2023-12-07T00:00:00+00:00
[2023-12-07T17:04:36.476+0000] {processor.py:179} INFO - Processing /home/ubuntu/ec2_customer_chum_venv/lib/python3.10/site-packages/airflow/example_dags/example_bash_operator.py took 0.094 seconds
[2023-12-07T17:05:19.572+0000] {processor.py:157} INFO - Started process (PID=5953) to work on /home/ubuntu/ec2_customer_chum_venv/lib/python3.10/site-packages/airflow/example_dags/example_bash_operator.py
[2023-12-07T17:05:19.573+0000] {processor.py:829} INFO - Processing file /home/ubuntu/ec2_customer_chum_venv/lib/python3.10/site-packages/airflow/example_dags/example_bash_operator.py for tasks to queue
[2023-12-07T17:05:19.574+0000] {logging_mixin.py:154} INFO - [2023-12-07T17:05:19.574+0000] {dagbag.py:536} INFO - Filling up the DagBag from /home/ubuntu/ec2_customer_chum_venv/lib/python3.10/site-packages/airflow/example_dags/example_bash_operator.py
[2023-12-07T17:05:19.587+0000] {processor.py:839} INFO - DAG(s) dict_keys(['example_bash_operator']) retrieved from /home/ubuntu/ec2_customer_chum_venv/lib/python3.10/site-packages/airflow/example_dags/example_bash_operator.py
[2023-12-07T17:05:19.613+0000] {logging_mixin.py:154} INFO - [2023-12-07T17:05:19.613+0000] {dag.py:2941} INFO - Sync 1 DAGs
[2023-12-07T17:05:19.637+0000] {logging_mixin.py:154} INFO - [2023-12-07T17:05:19.637+0000] {dag.py:3722} INFO - Setting next_dagrun for example_bash_operator to 2023-12-06T00:00:00+00:00, run_after=2023-12-07T00:00:00+00:00
[2023-12-07T17:05:19.662+0000] {processor.py:179} INFO - Processing /home/ubuntu/ec2_customer_chum_venv/lib/python3.10/site-packages/airflow/example_dags/example_bash_operator.py took 0.094 seconds
[2023-12-07T17:06:17.565+0000] {processor.py:157} INFO - Started process (PID=6013) to work on /home/ubuntu/ec2_customer_chum_venv/lib/python3.10/site-packages/airflow/example_dags/example_bash_operator.py
[2023-12-07T17:06:17.566+0000] {processor.py:829} INFO - Processing file /home/ubuntu/ec2_customer_chum_venv/lib/python3.10/site-packages/airflow/example_dags/example_bash_operator.py for tasks to queue
[2023-12-07T17:06:17.567+0000] {logging_mixin.py:154} INFO - [2023-12-07T17:06:17.566+0000] {dagbag.py:536} INFO - Filling up the DagBag from /home/ubuntu/ec2_customer_chum_venv/lib/python3.10/site-packages/airflow/example_dags/example_bash_operator.py
[2023-12-07T17:06:17.580+0000] {processor.py:839} INFO - DAG(s) dict_keys(['example_bash_operator']) retrieved from /home/ubuntu/ec2_customer_chum_venv/lib/python3.10/site-packages/airflow/example_dags/example_bash_operator.py
[2023-12-07T17:06:17.606+0000] {logging_mixin.py:154} INFO - [2023-12-07T17:06:17.606+0000] {dag.py:2941} INFO - Sync 1 DAGs
[2023-12-07T17:06:17.629+0000] {logging_mixin.py:154} INFO - [2023-12-07T17:06:17.628+0000] {dag.py:3722} INFO - Setting next_dagrun for example_bash_operator to 2023-12-06T00:00:00+00:00, run_after=2023-12-07T00:00:00+00:00
[2023-12-07T17:06:17.652+0000] {processor.py:179} INFO - Processing /home/ubuntu/ec2_customer_chum_venv/lib/python3.10/site-packages/airflow/example_dags/example_bash_operator.py took 0.091 seconds
[2023-12-07T17:07:02.783+0000] {processor.py:157} INFO - Started process (PID=6058) to work on /home/ubuntu/ec2_customer_chum_venv/lib/python3.10/site-packages/airflow/example_dags/example_bash_operator.py
[2023-12-07T17:07:02.785+0000] {processor.py:829} INFO - Processing file /home/ubuntu/ec2_customer_chum_venv/lib/python3.10/site-packages/airflow/example_dags/example_bash_operator.py for tasks to queue
[2023-12-07T17:07:02.786+0000] {logging_mixin.py:154} INFO - [2023-12-07T17:07:02.786+0000] {dagbag.py:536} INFO - Filling up the DagBag from /home/ubuntu/ec2_customer_chum_venv/lib/python3.10/site-packages/airflow/example_dags/example_bash_operator.py
[2023-12-07T17:07:02.799+0000] {processor.py:839} INFO - DAG(s) dict_keys(['example_bash_operator']) retrieved from /home/ubuntu/ec2_customer_chum_venv/lib/python3.10/site-packages/airflow/example_dags/example_bash_operator.py
[2023-12-07T17:07:02.826+0000] {logging_mixin.py:154} INFO - [2023-12-07T17:07:02.826+0000] {dag.py:2941} INFO - Sync 1 DAGs
[2023-12-07T17:07:02.849+0000] {logging_mixin.py:154} INFO - [2023-12-07T17:07:02.849+0000] {dag.py:3722} INFO - Setting next_dagrun for example_bash_operator to 2023-12-06T00:00:00+00:00, run_after=2023-12-07T00:00:00+00:00
[2023-12-07T17:07:02.873+0000] {processor.py:179} INFO - Processing /home/ubuntu/ec2_customer_chum_venv/lib/python3.10/site-packages/airflow/example_dags/example_bash_operator.py took 0.093 seconds
[2023-12-07T17:07:50.145+0000] {processor.py:157} INFO - Started process (PID=6107) to work on /home/ubuntu/ec2_customer_chum_venv/lib/python3.10/site-packages/airflow/example_dags/example_bash_operator.py
[2023-12-07T17:07:50.147+0000] {processor.py:829} INFO - Processing file /home/ubuntu/ec2_customer_chum_venv/lib/python3.10/site-packages/airflow/example_dags/example_bash_operator.py for tasks to queue
[2023-12-07T17:07:50.147+0000] {logging_mixin.py:154} INFO - [2023-12-07T17:07:50.147+0000] {dagbag.py:536} INFO - Filling up the DagBag from /home/ubuntu/ec2_customer_chum_venv/lib/python3.10/site-packages/airflow/example_dags/example_bash_operator.py
[2023-12-07T17:07:50.161+0000] {processor.py:839} INFO - DAG(s) dict_keys(['example_bash_operator']) retrieved from /home/ubuntu/ec2_customer_chum_venv/lib/python3.10/site-packages/airflow/example_dags/example_bash_operator.py
[2023-12-07T17:07:50.187+0000] {logging_mixin.py:154} INFO - [2023-12-07T17:07:50.187+0000] {dag.py:2941} INFO - Sync 1 DAGs
[2023-12-07T17:07:50.210+0000] {logging_mixin.py:154} INFO - [2023-12-07T17:07:50.210+0000] {dag.py:3722} INFO - Setting next_dagrun for example_bash_operator to 2023-12-06T00:00:00+00:00, run_after=2023-12-07T00:00:00+00:00
[2023-12-07T17:07:50.234+0000] {processor.py:179} INFO - Processing /home/ubuntu/ec2_customer_chum_venv/lib/python3.10/site-packages/airflow/example_dags/example_bash_operator.py took 0.092 seconds
[2023-12-07T17:08:36.432+0000] {processor.py:157} INFO - Started process (PID=6154) to work on /home/ubuntu/ec2_customer_chum_venv/lib/python3.10/site-packages/airflow/example_dags/example_bash_operator.py
[2023-12-07T17:08:36.433+0000] {processor.py:829} INFO - Processing file /home/ubuntu/ec2_customer_chum_venv/lib/python3.10/site-packages/airflow/example_dags/example_bash_operator.py for tasks to queue
[2023-12-07T17:08:36.434+0000] {logging_mixin.py:154} INFO - [2023-12-07T17:08:36.434+0000] {dagbag.py:536} INFO - Filling up the DagBag from /home/ubuntu/ec2_customer_chum_venv/lib/python3.10/site-packages/airflow/example_dags/example_bash_operator.py
[2023-12-07T17:08:36.447+0000] {processor.py:839} INFO - DAG(s) dict_keys(['example_bash_operator']) retrieved from /home/ubuntu/ec2_customer_chum_venv/lib/python3.10/site-packages/airflow/example_dags/example_bash_operator.py
[2023-12-07T17:08:36.473+0000] {logging_mixin.py:154} INFO - [2023-12-07T17:08:36.473+0000] {dag.py:2941} INFO - Sync 1 DAGs
[2023-12-07T17:08:36.496+0000] {logging_mixin.py:154} INFO - [2023-12-07T17:08:36.495+0000] {dag.py:3722} INFO - Setting next_dagrun for example_bash_operator to 2023-12-06T00:00:00+00:00, run_after=2023-12-07T00:00:00+00:00
[2023-12-07T17:08:36.520+0000] {processor.py:179} INFO - Processing /home/ubuntu/ec2_customer_chum_venv/lib/python3.10/site-packages/airflow/example_dags/example_bash_operator.py took 0.092 seconds
[2023-12-07T17:09:22.735+0000] {processor.py:157} INFO - Started process (PID=6202) to work on /home/ubuntu/ec2_customer_chum_venv/lib/python3.10/site-packages/airflow/example_dags/example_bash_operator.py
[2023-12-07T17:09:22.737+0000] {processor.py:829} INFO - Processing file /home/ubuntu/ec2_customer_chum_venv/lib/python3.10/site-packages/airflow/example_dags/example_bash_operator.py for tasks to queue
[2023-12-07T17:09:22.738+0000] {logging_mixin.py:154} INFO - [2023-12-07T17:09:22.737+0000] {dagbag.py:536} INFO - Filling up the DagBag from /home/ubuntu/ec2_customer_chum_venv/lib/python3.10/site-packages/airflow/example_dags/example_bash_operator.py
[2023-12-07T17:09:22.750+0000] {processor.py:839} INFO - DAG(s) dict_keys(['example_bash_operator']) retrieved from /home/ubuntu/ec2_customer_chum_venv/lib/python3.10/site-packages/airflow/example_dags/example_bash_operator.py
[2023-12-07T17:09:22.775+0000] {logging_mixin.py:154} INFO - [2023-12-07T17:09:22.775+0000] {dag.py:2941} INFO - Sync 1 DAGs
[2023-12-07T17:09:22.797+0000] {logging_mixin.py:154} INFO - [2023-12-07T17:09:22.797+0000] {dag.py:3722} INFO - Setting next_dagrun for example_bash_operator to 2023-12-06T00:00:00+00:00, run_after=2023-12-07T00:00:00+00:00
[2023-12-07T17:09:22.819+0000] {processor.py:179} INFO - Processing /home/ubuntu/ec2_customer_chum_venv/lib/python3.10/site-packages/airflow/example_dags/example_bash_operator.py took 0.087 seconds
[2023-12-07T17:10:19.409+0000] {processor.py:157} INFO - Started process (PID=6260) to work on /home/ubuntu/ec2_customer_chum_venv/lib/python3.10/site-packages/airflow/example_dags/example_bash_operator.py
[2023-12-07T17:10:19.411+0000] {processor.py:829} INFO - Processing file /home/ubuntu/ec2_customer_chum_venv/lib/python3.10/site-packages/airflow/example_dags/example_bash_operator.py for tasks to queue
[2023-12-07T17:10:19.412+0000] {logging_mixin.py:154} INFO - [2023-12-07T17:10:19.412+0000] {dagbag.py:536} INFO - Filling up the DagBag from /home/ubuntu/ec2_customer_chum_venv/lib/python3.10/site-packages/airflow/example_dags/example_bash_operator.py
[2023-12-07T17:10:19.425+0000] {processor.py:839} INFO - DAG(s) dict_keys(['example_bash_operator']) retrieved from /home/ubuntu/ec2_customer_chum_venv/lib/python3.10/site-packages/airflow/example_dags/example_bash_operator.py
[2023-12-07T17:10:19.450+0000] {logging_mixin.py:154} INFO - [2023-12-07T17:10:19.450+0000] {dag.py:2941} INFO - Sync 1 DAGs
[2023-12-07T17:10:19.472+0000] {logging_mixin.py:154} INFO - [2023-12-07T17:10:19.472+0000] {dag.py:3722} INFO - Setting next_dagrun for example_bash_operator to 2023-12-06T00:00:00+00:00, run_after=2023-12-07T00:00:00+00:00
[2023-12-07T17:10:19.495+0000] {processor.py:179} INFO - Processing /home/ubuntu/ec2_customer_chum_venv/lib/python3.10/site-packages/airflow/example_dags/example_bash_operator.py took 0.089 seconds
[2023-12-07T17:11:05.846+0000] {processor.py:157} INFO - Started process (PID=6308) to work on /home/ubuntu/ec2_customer_chum_venv/lib/python3.10/site-packages/airflow/example_dags/example_bash_operator.py
[2023-12-07T17:11:05.848+0000] {processor.py:829} INFO - Processing file /home/ubuntu/ec2_customer_chum_venv/lib/python3.10/site-packages/airflow/example_dags/example_bash_operator.py for tasks to queue
[2023-12-07T17:11:05.849+0000] {logging_mixin.py:154} INFO - [2023-12-07T17:11:05.848+0000] {dagbag.py:536} INFO - Filling up the DagBag from /home/ubuntu/ec2_customer_chum_venv/lib/python3.10/site-packages/airflow/example_dags/example_bash_operator.py
[2023-12-07T17:11:05.862+0000] {processor.py:839} INFO - DAG(s) dict_keys(['example_bash_operator']) retrieved from /home/ubuntu/ec2_customer_chum_venv/lib/python3.10/site-packages/airflow/example_dags/example_bash_operator.py
[2023-12-07T17:11:05.888+0000] {logging_mixin.py:154} INFO - [2023-12-07T17:11:05.888+0000] {dag.py:2941} INFO - Sync 1 DAGs
[2023-12-07T17:11:05.911+0000] {logging_mixin.py:154} INFO - [2023-12-07T17:11:05.911+0000] {dag.py:3722} INFO - Setting next_dagrun for example_bash_operator to 2023-12-06T00:00:00+00:00, run_after=2023-12-07T00:00:00+00:00
[2023-12-07T17:11:05.937+0000] {processor.py:179} INFO - Processing /home/ubuntu/ec2_customer_chum_venv/lib/python3.10/site-packages/airflow/example_dags/example_bash_operator.py took 0.094 seconds
[2023-12-07T17:11:52.098+0000] {processor.py:157} INFO - Started process (PID=6360) to work on /home/ubuntu/ec2_customer_chum_venv/lib/python3.10/site-packages/airflow/example_dags/example_bash_operator.py
[2023-12-07T17:11:52.099+0000] {processor.py:829} INFO - Processing file /home/ubuntu/ec2_customer_chum_venv/lib/python3.10/site-packages/airflow/example_dags/example_bash_operator.py for tasks to queue
[2023-12-07T17:11:52.100+0000] {logging_mixin.py:154} INFO - [2023-12-07T17:11:52.100+0000] {dagbag.py:536} INFO - Filling up the DagBag from /home/ubuntu/ec2_customer_chum_venv/lib/python3.10/site-packages/airflow/example_dags/example_bash_operator.py
[2023-12-07T17:11:52.113+0000] {processor.py:839} INFO - DAG(s) dict_keys(['example_bash_operator']) retrieved from /home/ubuntu/ec2_customer_chum_venv/lib/python3.10/site-packages/airflow/example_dags/example_bash_operator.py
[2023-12-07T17:11:52.138+0000] {logging_mixin.py:154} INFO - [2023-12-07T17:11:52.138+0000] {dag.py:2941} INFO - Sync 1 DAGs
[2023-12-07T17:11:52.160+0000] {logging_mixin.py:154} INFO - [2023-12-07T17:11:52.160+0000] {dag.py:3722} INFO - Setting next_dagrun for example_bash_operator to 2023-12-06T00:00:00+00:00, run_after=2023-12-07T00:00:00+00:00
[2023-12-07T17:11:52.206+0000] {processor.py:179} INFO - Processing /home/ubuntu/ec2_customer_chum_venv/lib/python3.10/site-packages/airflow/example_dags/example_bash_operator.py took 0.111 seconds
[2023-12-07T17:12:36.286+0000] {processor.py:157} INFO - Started process (PID=6406) to work on /home/ubuntu/ec2_customer_chum_venv/lib/python3.10/site-packages/airflow/example_dags/example_bash_operator.py
[2023-12-07T17:12:36.288+0000] {processor.py:829} INFO - Processing file /home/ubuntu/ec2_customer_chum_venv/lib/python3.10/site-packages/airflow/example_dags/example_bash_operator.py for tasks to queue
[2023-12-07T17:12:36.289+0000] {logging_mixin.py:154} INFO - [2023-12-07T17:12:36.288+0000] {dagbag.py:536} INFO - Filling up the DagBag from /home/ubuntu/ec2_customer_chum_venv/lib/python3.10/site-packages/airflow/example_dags/example_bash_operator.py
[2023-12-07T17:12:36.301+0000] {processor.py:839} INFO - DAG(s) dict_keys(['example_bash_operator']) retrieved from /home/ubuntu/ec2_customer_chum_venv/lib/python3.10/site-packages/airflow/example_dags/example_bash_operator.py
[2023-12-07T17:12:36.326+0000] {logging_mixin.py:154} INFO - [2023-12-07T17:12:36.326+0000] {dag.py:2941} INFO - Sync 1 DAGs
[2023-12-07T17:12:36.349+0000] {logging_mixin.py:154} INFO - [2023-12-07T17:12:36.348+0000] {dag.py:3722} INFO - Setting next_dagrun for example_bash_operator to 2023-12-06T00:00:00+00:00, run_after=2023-12-07T00:00:00+00:00
[2023-12-07T17:12:36.370+0000] {processor.py:179} INFO - Processing /home/ubuntu/ec2_customer_chum_venv/lib/python3.10/site-packages/airflow/example_dags/example_bash_operator.py took 0.088 seconds
[2023-12-07T17:13:24.009+0000] {processor.py:157} INFO - Started process (PID=6542) to work on /home/ubuntu/ec2_customer_chum_venv/lib/python3.10/site-packages/airflow/example_dags/example_bash_operator.py
[2023-12-07T17:13:24.011+0000] {processor.py:829} INFO - Processing file /home/ubuntu/ec2_customer_chum_venv/lib/python3.10/site-packages/airflow/example_dags/example_bash_operator.py for tasks to queue
[2023-12-07T17:13:24.012+0000] {logging_mixin.py:154} INFO - [2023-12-07T17:13:24.011+0000] {dagbag.py:536} INFO - Filling up the DagBag from /home/ubuntu/ec2_customer_chum_venv/lib/python3.10/site-packages/airflow/example_dags/example_bash_operator.py
[2023-12-07T17:13:24.025+0000] {processor.py:839} INFO - DAG(s) dict_keys(['example_bash_operator']) retrieved from /home/ubuntu/ec2_customer_chum_venv/lib/python3.10/site-packages/airflow/example_dags/example_bash_operator.py
[2023-12-07T17:13:24.052+0000] {logging_mixin.py:154} INFO - [2023-12-07T17:13:24.051+0000] {dag.py:2941} INFO - Sync 1 DAGs
[2023-12-07T17:13:24.074+0000] {logging_mixin.py:154} INFO - [2023-12-07T17:13:24.074+0000] {dag.py:3722} INFO - Setting next_dagrun for example_bash_operator to 2023-12-06T00:00:00+00:00, run_after=2023-12-07T00:00:00+00:00
[2023-12-07T17:13:24.099+0000] {processor.py:179} INFO - Processing /home/ubuntu/ec2_customer_chum_venv/lib/python3.10/site-packages/airflow/example_dags/example_bash_operator.py took 0.093 seconds
[2023-12-07T17:14:20.501+0000] {processor.py:157} INFO - Started process (PID=6601) to work on /home/ubuntu/ec2_customer_chum_venv/lib/python3.10/site-packages/airflow/example_dags/example_bash_operator.py
[2023-12-07T17:14:20.503+0000] {processor.py:829} INFO - Processing file /home/ubuntu/ec2_customer_chum_venv/lib/python3.10/site-packages/airflow/example_dags/example_bash_operator.py for tasks to queue
[2023-12-07T17:14:20.504+0000] {logging_mixin.py:154} INFO - [2023-12-07T17:14:20.503+0000] {dagbag.py:536} INFO - Filling up the DagBag from /home/ubuntu/ec2_customer_chum_venv/lib/python3.10/site-packages/airflow/example_dags/example_bash_operator.py
[2023-12-07T17:14:20.516+0000] {processor.py:839} INFO - DAG(s) dict_keys(['example_bash_operator']) retrieved from /home/ubuntu/ec2_customer_chum_venv/lib/python3.10/site-packages/airflow/example_dags/example_bash_operator.py
[2023-12-07T17:14:20.542+0000] {logging_mixin.py:154} INFO - [2023-12-07T17:14:20.541+0000] {dag.py:2941} INFO - Sync 1 DAGs
[2023-12-07T17:14:20.564+0000] {logging_mixin.py:154} INFO - [2023-12-07T17:14:20.564+0000] {dag.py:3722} INFO - Setting next_dagrun for example_bash_operator to 2023-12-06T00:00:00+00:00, run_after=2023-12-07T00:00:00+00:00
[2023-12-07T17:14:20.588+0000] {processor.py:179} INFO - Processing /home/ubuntu/ec2_customer_chum_venv/lib/python3.10/site-packages/airflow/example_dags/example_bash_operator.py took 0.090 seconds
[2023-12-07T17:15:05.106+0000] {processor.py:157} INFO - Started process (PID=6713) to work on /home/ubuntu/ec2_customer_chum_venv/lib/python3.10/site-packages/airflow/example_dags/example_bash_operator.py
[2023-12-07T17:15:05.108+0000] {processor.py:829} INFO - Processing file /home/ubuntu/ec2_customer_chum_venv/lib/python3.10/site-packages/airflow/example_dags/example_bash_operator.py for tasks to queue
[2023-12-07T17:15:05.109+0000] {logging_mixin.py:154} INFO - [2023-12-07T17:15:05.108+0000] {dagbag.py:536} INFO - Filling up the DagBag from /home/ubuntu/ec2_customer_chum_venv/lib/python3.10/site-packages/airflow/example_dags/example_bash_operator.py
[2023-12-07T17:15:05.123+0000] {processor.py:839} INFO - DAG(s) dict_keys(['example_bash_operator']) retrieved from /home/ubuntu/ec2_customer_chum_venv/lib/python3.10/site-packages/airflow/example_dags/example_bash_operator.py
[2023-12-07T17:15:05.150+0000] {logging_mixin.py:154} INFO - [2023-12-07T17:15:05.150+0000] {dag.py:2941} INFO - Sync 1 DAGs
[2023-12-07T17:15:05.175+0000] {logging_mixin.py:154} INFO - [2023-12-07T17:15:05.174+0000] {dag.py:3722} INFO - Setting next_dagrun for example_bash_operator to 2023-12-06T00:00:00+00:00, run_after=2023-12-07T00:00:00+00:00
[2023-12-07T17:15:05.200+0000] {processor.py:179} INFO - Processing /home/ubuntu/ec2_customer_chum_venv/lib/python3.10/site-packages/airflow/example_dags/example_bash_operator.py took 0.097 seconds
