[2023-12-07T16:49:21.288+0000] {processor.py:157} INFO - Started process (PID=4977) to work on /home/ubuntu/ec2_customer_chum_venv/lib/python3.10/site-packages/airflow/example_dags/example_task_group.py
[2023-12-07T16:49:21.289+0000] {processor.py:829} INFO - Processing file /home/ubuntu/ec2_customer_chum_venv/lib/python3.10/site-packages/airflow/example_dags/example_task_group.py for tasks to queue
[2023-12-07T16:49:21.290+0000] {logging_mixin.py:154} INFO - [2023-12-07T16:49:21.290+0000] {dagbag.py:536} INFO - Filling up the DagBag from /home/ubuntu/ec2_customer_chum_venv/lib/python3.10/site-packages/airflow/example_dags/example_task_group.py
[2023-12-07T16:49:21.301+0000] {processor.py:839} INFO - DAG(s) dict_keys(['example_task_group']) retrieved from /home/ubuntu/ec2_customer_chum_venv/lib/python3.10/site-packages/airflow/example_dags/example_task_group.py
[2023-12-07T16:49:21.414+0000] {logging_mixin.py:154} INFO - [2023-12-07T16:49:21.414+0000] {manager.py:499} INFO - Created Permission View: %s
[2023-12-07T16:49:21.427+0000] {logging_mixin.py:154} INFO - [2023-12-07T16:49:21.427+0000] {manager.py:499} INFO - Created Permission View: %s
[2023-12-07T16:49:21.437+0000] {logging_mixin.py:154} INFO - [2023-12-07T16:49:21.437+0000] {manager.py:499} INFO - Created Permission View: %s
[2023-12-07T16:49:21.438+0000] {logging_mixin.py:154} INFO - [2023-12-07T16:49:21.438+0000] {dag.py:2941} INFO - Sync 1 DAGs
[2023-12-07T16:49:21.451+0000] {logging_mixin.py:154} INFO - [2023-12-07T16:49:21.450+0000] {dag.py:2963} INFO - Creating ORM DAG for example_task_group
[2023-12-07T16:49:21.460+0000] {logging_mixin.py:154} INFO - [2023-12-07T16:49:21.460+0000] {dag.py:3722} INFO - Setting next_dagrun for example_task_group to 2023-12-06T16:49:21.459904+00:00, run_after=2023-12-07T16:49:21.459904+00:00
[2023-12-07T16:49:21.485+0000] {processor.py:179} INFO - Processing /home/ubuntu/ec2_customer_chum_venv/lib/python3.10/site-packages/airflow/example_dags/example_task_group.py took 0.200 seconds
[2023-12-07T16:50:11.685+0000] {processor.py:157} INFO - Started process (PID=5023) to work on /home/ubuntu/ec2_customer_chum_venv/lib/python3.10/site-packages/airflow/example_dags/example_task_group.py
[2023-12-07T16:50:11.687+0000] {processor.py:829} INFO - Processing file /home/ubuntu/ec2_customer_chum_venv/lib/python3.10/site-packages/airflow/example_dags/example_task_group.py for tasks to queue
[2023-12-07T16:50:11.687+0000] {logging_mixin.py:154} INFO - [2023-12-07T16:50:11.687+0000] {dagbag.py:536} INFO - Filling up the DagBag from /home/ubuntu/ec2_customer_chum_venv/lib/python3.10/site-packages/airflow/example_dags/example_task_group.py
[2023-12-07T16:50:11.696+0000] {processor.py:839} INFO - DAG(s) dict_keys(['example_task_group']) retrieved from /home/ubuntu/ec2_customer_chum_venv/lib/python3.10/site-packages/airflow/example_dags/example_task_group.py
[2023-12-07T16:50:11.714+0000] {logging_mixin.py:154} INFO - [2023-12-07T16:50:11.714+0000] {dag.py:2941} INFO - Sync 1 DAGs
[2023-12-07T16:50:11.735+0000] {logging_mixin.py:154} INFO - [2023-12-07T16:50:11.734+0000] {dag.py:3722} INFO - Setting next_dagrun for example_task_group to 2023-12-06T16:50:11.734715+00:00, run_after=2023-12-07T16:50:11.734715+00:00
[2023-12-07T16:50:11.757+0000] {processor.py:179} INFO - Processing /home/ubuntu/ec2_customer_chum_venv/lib/python3.10/site-packages/airflow/example_dags/example_task_group.py took 0.075 seconds
[2023-12-07T16:50:58.338+0000] {processor.py:157} INFO - Started process (PID=5069) to work on /home/ubuntu/ec2_customer_chum_venv/lib/python3.10/site-packages/airflow/example_dags/example_task_group.py
[2023-12-07T16:50:58.339+0000] {processor.py:829} INFO - Processing file /home/ubuntu/ec2_customer_chum_venv/lib/python3.10/site-packages/airflow/example_dags/example_task_group.py for tasks to queue
[2023-12-07T16:50:58.340+0000] {logging_mixin.py:154} INFO - [2023-12-07T16:50:58.340+0000] {dagbag.py:536} INFO - Filling up the DagBag from /home/ubuntu/ec2_customer_chum_venv/lib/python3.10/site-packages/airflow/example_dags/example_task_group.py
[2023-12-07T16:50:58.349+0000] {processor.py:839} INFO - DAG(s) dict_keys(['example_task_group']) retrieved from /home/ubuntu/ec2_customer_chum_venv/lib/python3.10/site-packages/airflow/example_dags/example_task_group.py
[2023-12-07T16:50:58.367+0000] {logging_mixin.py:154} INFO - [2023-12-07T16:50:58.367+0000] {dag.py:2941} INFO - Sync 1 DAGs
[2023-12-07T16:50:58.387+0000] {logging_mixin.py:154} INFO - [2023-12-07T16:50:58.387+0000] {dag.py:3722} INFO - Setting next_dagrun for example_task_group to 2023-12-06T16:50:58.387338+00:00, run_after=2023-12-07T16:50:58.387338+00:00
[2023-12-07T16:50:58.409+0000] {processor.py:179} INFO - Processing /home/ubuntu/ec2_customer_chum_venv/lib/python3.10/site-packages/airflow/example_dags/example_task_group.py took 0.075 seconds
[2023-12-07T16:51:46.966+0000] {processor.py:157} INFO - Started process (PID=5119) to work on /home/ubuntu/ec2_customer_chum_venv/lib/python3.10/site-packages/airflow/example_dags/example_task_group.py
[2023-12-07T16:51:46.967+0000] {processor.py:829} INFO - Processing file /home/ubuntu/ec2_customer_chum_venv/lib/python3.10/site-packages/airflow/example_dags/example_task_group.py for tasks to queue
[2023-12-07T16:51:46.968+0000] {logging_mixin.py:154} INFO - [2023-12-07T16:51:46.968+0000] {dagbag.py:536} INFO - Filling up the DagBag from /home/ubuntu/ec2_customer_chum_venv/lib/python3.10/site-packages/airflow/example_dags/example_task_group.py
[2023-12-07T16:51:46.977+0000] {processor.py:839} INFO - DAG(s) dict_keys(['example_task_group']) retrieved from /home/ubuntu/ec2_customer_chum_venv/lib/python3.10/site-packages/airflow/example_dags/example_task_group.py
[2023-12-07T16:51:46.996+0000] {logging_mixin.py:154} INFO - [2023-12-07T16:51:46.995+0000] {dag.py:2941} INFO - Sync 1 DAGs
[2023-12-07T16:51:47.017+0000] {logging_mixin.py:154} INFO - [2023-12-07T16:51:47.016+0000] {dag.py:3722} INFO - Setting next_dagrun for example_task_group to 2023-12-06T16:51:47.016505+00:00, run_after=2023-12-07T16:51:47.016505+00:00
[2023-12-07T16:51:47.039+0000] {processor.py:179} INFO - Processing /home/ubuntu/ec2_customer_chum_venv/lib/python3.10/site-packages/airflow/example_dags/example_task_group.py took 0.077 seconds
[2023-12-07T16:52:35.969+0000] {processor.py:157} INFO - Started process (PID=5171) to work on /home/ubuntu/ec2_customer_chum_venv/lib/python3.10/site-packages/airflow/example_dags/example_task_group.py
[2023-12-07T16:52:35.971+0000] {processor.py:829} INFO - Processing file /home/ubuntu/ec2_customer_chum_venv/lib/python3.10/site-packages/airflow/example_dags/example_task_group.py for tasks to queue
[2023-12-07T16:52:35.972+0000] {logging_mixin.py:154} INFO - [2023-12-07T16:52:35.971+0000] {dagbag.py:536} INFO - Filling up the DagBag from /home/ubuntu/ec2_customer_chum_venv/lib/python3.10/site-packages/airflow/example_dags/example_task_group.py
[2023-12-07T16:52:35.980+0000] {processor.py:839} INFO - DAG(s) dict_keys(['example_task_group']) retrieved from /home/ubuntu/ec2_customer_chum_venv/lib/python3.10/site-packages/airflow/example_dags/example_task_group.py
[2023-12-07T16:52:35.998+0000] {logging_mixin.py:154} INFO - [2023-12-07T16:52:35.998+0000] {dag.py:2941} INFO - Sync 1 DAGs
[2023-12-07T16:52:36.019+0000] {logging_mixin.py:154} INFO - [2023-12-07T16:52:36.019+0000] {dag.py:3722} INFO - Setting next_dagrun for example_task_group to 2023-12-06T16:52:36.019433+00:00, run_after=2023-12-07T16:52:36.019433+00:00
[2023-12-07T16:52:36.044+0000] {processor.py:179} INFO - Processing /home/ubuntu/ec2_customer_chum_venv/lib/python3.10/site-packages/airflow/example_dags/example_task_group.py took 0.078 seconds
[2023-12-07T16:53:54.738+0000] {processor.py:157} INFO - Started process (PID=5239) to work on /home/ubuntu/ec2_customer_chum_venv/lib/python3.10/site-packages/airflow/example_dags/example_task_group.py
[2023-12-07T16:53:54.741+0000] {processor.py:829} INFO - Processing file /home/ubuntu/ec2_customer_chum_venv/lib/python3.10/site-packages/airflow/example_dags/example_task_group.py for tasks to queue
[2023-12-07T16:53:54.742+0000] {logging_mixin.py:154} INFO - [2023-12-07T16:53:54.742+0000] {dagbag.py:536} INFO - Filling up the DagBag from /home/ubuntu/ec2_customer_chum_venv/lib/python3.10/site-packages/airflow/example_dags/example_task_group.py
[2023-12-07T16:53:54.753+0000] {processor.py:839} INFO - DAG(s) dict_keys(['example_task_group']) retrieved from /home/ubuntu/ec2_customer_chum_venv/lib/python3.10/site-packages/airflow/example_dags/example_task_group.py
[2023-12-07T16:53:54.762+0000] {logging_mixin.py:154} INFO - [2023-12-07T16:53:54.761+0000] {dag.py:2941} INFO - Sync 1 DAGs
[2023-12-07T16:53:54.784+0000] {logging_mixin.py:154} INFO - [2023-12-07T16:53:54.783+0000] {dag.py:3722} INFO - Setting next_dagrun for example_task_group to 2023-12-06T16:53:54.783653+00:00, run_after=2023-12-07T16:53:54.783653+00:00
[2023-12-07T16:53:54.810+0000] {processor.py:179} INFO - Processing /home/ubuntu/ec2_customer_chum_venv/lib/python3.10/site-packages/airflow/example_dags/example_task_group.py took 0.076 seconds
[2023-12-07T16:54:39.077+0000] {processor.py:157} INFO - Started process (PID=5288) to work on /home/ubuntu/ec2_customer_chum_venv/lib/python3.10/site-packages/airflow/example_dags/example_task_group.py
[2023-12-07T16:54:39.079+0000] {processor.py:829} INFO - Processing file /home/ubuntu/ec2_customer_chum_venv/lib/python3.10/site-packages/airflow/example_dags/example_task_group.py for tasks to queue
[2023-12-07T16:54:39.080+0000] {logging_mixin.py:154} INFO - [2023-12-07T16:54:39.079+0000] {dagbag.py:536} INFO - Filling up the DagBag from /home/ubuntu/ec2_customer_chum_venv/lib/python3.10/site-packages/airflow/example_dags/example_task_group.py
[2023-12-07T16:54:39.088+0000] {processor.py:839} INFO - DAG(s) dict_keys(['example_task_group']) retrieved from /home/ubuntu/ec2_customer_chum_venv/lib/python3.10/site-packages/airflow/example_dags/example_task_group.py
[2023-12-07T16:54:39.107+0000] {logging_mixin.py:154} INFO - [2023-12-07T16:54:39.106+0000] {dag.py:2941} INFO - Sync 1 DAGs
[2023-12-07T16:54:39.127+0000] {logging_mixin.py:154} INFO - [2023-12-07T16:54:39.126+0000] {dag.py:3722} INFO - Setting next_dagrun for example_task_group to 2023-12-06T16:54:39.126591+00:00, run_after=2023-12-07T16:54:39.126591+00:00
[2023-12-07T16:54:39.151+0000] {processor.py:179} INFO - Processing /home/ubuntu/ec2_customer_chum_venv/lib/python3.10/site-packages/airflow/example_dags/example_task_group.py took 0.077 seconds
[2023-12-07T16:55:25.335+0000] {processor.py:157} INFO - Started process (PID=5335) to work on /home/ubuntu/ec2_customer_chum_venv/lib/python3.10/site-packages/airflow/example_dags/example_task_group.py
[2023-12-07T16:55:25.336+0000] {processor.py:829} INFO - Processing file /home/ubuntu/ec2_customer_chum_venv/lib/python3.10/site-packages/airflow/example_dags/example_task_group.py for tasks to queue
[2023-12-07T16:55:25.337+0000] {logging_mixin.py:154} INFO - [2023-12-07T16:55:25.337+0000] {dagbag.py:536} INFO - Filling up the DagBag from /home/ubuntu/ec2_customer_chum_venv/lib/python3.10/site-packages/airflow/example_dags/example_task_group.py
[2023-12-07T16:55:25.346+0000] {processor.py:839} INFO - DAG(s) dict_keys(['example_task_group']) retrieved from /home/ubuntu/ec2_customer_chum_venv/lib/python3.10/site-packages/airflow/example_dags/example_task_group.py
[2023-12-07T16:55:25.364+0000] {logging_mixin.py:154} INFO - [2023-12-07T16:55:25.364+0000] {dag.py:2941} INFO - Sync 1 DAGs
[2023-12-07T16:55:25.385+0000] {logging_mixin.py:154} INFO - [2023-12-07T16:55:25.385+0000] {dag.py:3722} INFO - Setting next_dagrun for example_task_group to 2023-12-06T16:55:25.384905+00:00, run_after=2023-12-07T16:55:25.384905+00:00
[2023-12-07T16:55:25.408+0000] {processor.py:179} INFO - Processing /home/ubuntu/ec2_customer_chum_venv/lib/python3.10/site-packages/airflow/example_dags/example_task_group.py took 0.076 seconds
[2023-12-07T16:56:09.561+0000] {processor.py:157} INFO - Started process (PID=5381) to work on /home/ubuntu/ec2_customer_chum_venv/lib/python3.10/site-packages/airflow/example_dags/example_task_group.py
[2023-12-07T16:56:09.562+0000] {processor.py:829} INFO - Processing file /home/ubuntu/ec2_customer_chum_venv/lib/python3.10/site-packages/airflow/example_dags/example_task_group.py for tasks to queue
[2023-12-07T16:56:09.563+0000] {logging_mixin.py:154} INFO - [2023-12-07T16:56:09.563+0000] {dagbag.py:536} INFO - Filling up the DagBag from /home/ubuntu/ec2_customer_chum_venv/lib/python3.10/site-packages/airflow/example_dags/example_task_group.py
[2023-12-07T16:56:09.572+0000] {processor.py:839} INFO - DAG(s) dict_keys(['example_task_group']) retrieved from /home/ubuntu/ec2_customer_chum_venv/lib/python3.10/site-packages/airflow/example_dags/example_task_group.py
[2023-12-07T16:56:09.590+0000] {logging_mixin.py:154} INFO - [2023-12-07T16:56:09.590+0000] {dag.py:2941} INFO - Sync 1 DAGs
[2023-12-07T16:56:09.610+0000] {logging_mixin.py:154} INFO - [2023-12-07T16:56:09.610+0000] {dag.py:3722} INFO - Setting next_dagrun for example_task_group to 2023-12-06T16:56:09.610362+00:00, run_after=2023-12-07T16:56:09.610362+00:00
[2023-12-07T16:56:09.633+0000] {processor.py:179} INFO - Processing /home/ubuntu/ec2_customer_chum_venv/lib/python3.10/site-packages/airflow/example_dags/example_task_group.py took 0.076 seconds
[2023-12-07T16:56:52.482+0000] {processor.py:157} INFO - Started process (PID=5427) to work on /home/ubuntu/ec2_customer_chum_venv/lib/python3.10/site-packages/airflow/example_dags/example_task_group.py
[2023-12-07T16:56:52.483+0000] {processor.py:829} INFO - Processing file /home/ubuntu/ec2_customer_chum_venv/lib/python3.10/site-packages/airflow/example_dags/example_task_group.py for tasks to queue
[2023-12-07T16:56:52.484+0000] {logging_mixin.py:154} INFO - [2023-12-07T16:56:52.484+0000] {dagbag.py:536} INFO - Filling up the DagBag from /home/ubuntu/ec2_customer_chum_venv/lib/python3.10/site-packages/airflow/example_dags/example_task_group.py
[2023-12-07T16:56:52.493+0000] {processor.py:839} INFO - DAG(s) dict_keys(['example_task_group']) retrieved from /home/ubuntu/ec2_customer_chum_venv/lib/python3.10/site-packages/airflow/example_dags/example_task_group.py
[2023-12-07T16:56:52.511+0000] {logging_mixin.py:154} INFO - [2023-12-07T16:56:52.511+0000] {dag.py:2941} INFO - Sync 1 DAGs
[2023-12-07T16:56:52.531+0000] {logging_mixin.py:154} INFO - [2023-12-07T16:56:52.531+0000] {dag.py:3722} INFO - Setting next_dagrun for example_task_group to 2023-12-06T16:56:52.531105+00:00, run_after=2023-12-07T16:56:52.531105+00:00
[2023-12-07T16:56:52.555+0000] {processor.py:179} INFO - Processing /home/ubuntu/ec2_customer_chum_venv/lib/python3.10/site-packages/airflow/example_dags/example_task_group.py took 0.077 seconds
[2023-12-07T16:57:37.756+0000] {processor.py:157} INFO - Started process (PID=5474) to work on /home/ubuntu/ec2_customer_chum_venv/lib/python3.10/site-packages/airflow/example_dags/example_task_group.py
[2023-12-07T16:57:37.757+0000] {processor.py:829} INFO - Processing file /home/ubuntu/ec2_customer_chum_venv/lib/python3.10/site-packages/airflow/example_dags/example_task_group.py for tasks to queue
[2023-12-07T16:57:37.758+0000] {logging_mixin.py:154} INFO - [2023-12-07T16:57:37.758+0000] {dagbag.py:536} INFO - Filling up the DagBag from /home/ubuntu/ec2_customer_chum_venv/lib/python3.10/site-packages/airflow/example_dags/example_task_group.py
[2023-12-07T16:57:37.767+0000] {processor.py:839} INFO - DAG(s) dict_keys(['example_task_group']) retrieved from /home/ubuntu/ec2_customer_chum_venv/lib/python3.10/site-packages/airflow/example_dags/example_task_group.py
[2023-12-07T16:57:37.785+0000] {logging_mixin.py:154} INFO - [2023-12-07T16:57:37.784+0000] {dag.py:2941} INFO - Sync 1 DAGs
[2023-12-07T16:57:37.804+0000] {logging_mixin.py:154} INFO - [2023-12-07T16:57:37.804+0000] {dag.py:3722} INFO - Setting next_dagrun for example_task_group to 2023-12-06T16:57:37.804359+00:00, run_after=2023-12-07T16:57:37.804359+00:00
[2023-12-07T16:57:37.828+0000] {processor.py:179} INFO - Processing /home/ubuntu/ec2_customer_chum_venv/lib/python3.10/site-packages/airflow/example_dags/example_task_group.py took 0.075 seconds
[2023-12-07T16:58:20.323+0000] {processor.py:157} INFO - Started process (PID=5518) to work on /home/ubuntu/ec2_customer_chum_venv/lib/python3.10/site-packages/airflow/example_dags/example_task_group.py
[2023-12-07T16:58:20.325+0000] {processor.py:829} INFO - Processing file /home/ubuntu/ec2_customer_chum_venv/lib/python3.10/site-packages/airflow/example_dags/example_task_group.py for tasks to queue
[2023-12-07T16:58:20.326+0000] {logging_mixin.py:154} INFO - [2023-12-07T16:58:20.325+0000] {dagbag.py:536} INFO - Filling up the DagBag from /home/ubuntu/ec2_customer_chum_venv/lib/python3.10/site-packages/airflow/example_dags/example_task_group.py
[2023-12-07T16:58:20.334+0000] {processor.py:839} INFO - DAG(s) dict_keys(['example_task_group']) retrieved from /home/ubuntu/ec2_customer_chum_venv/lib/python3.10/site-packages/airflow/example_dags/example_task_group.py
[2023-12-07T16:58:20.353+0000] {logging_mixin.py:154} INFO - [2023-12-07T16:58:20.353+0000] {dag.py:2941} INFO - Sync 1 DAGs
[2023-12-07T16:58:20.373+0000] {logging_mixin.py:154} INFO - [2023-12-07T16:58:20.373+0000] {dag.py:3722} INFO - Setting next_dagrun for example_task_group to 2023-12-06T16:58:20.373167+00:00, run_after=2023-12-07T16:58:20.373167+00:00
[2023-12-07T16:58:20.396+0000] {processor.py:179} INFO - Processing /home/ubuntu/ec2_customer_chum_venv/lib/python3.10/site-packages/airflow/example_dags/example_task_group.py took 0.076 seconds
[2023-12-07T16:59:02.165+0000] {processor.py:157} INFO - Started process (PID=5564) to work on /home/ubuntu/ec2_customer_chum_venv/lib/python3.10/site-packages/airflow/example_dags/example_task_group.py
[2023-12-07T16:59:02.166+0000] {processor.py:829} INFO - Processing file /home/ubuntu/ec2_customer_chum_venv/lib/python3.10/site-packages/airflow/example_dags/example_task_group.py for tasks to queue
[2023-12-07T16:59:02.167+0000] {logging_mixin.py:154} INFO - [2023-12-07T16:59:02.167+0000] {dagbag.py:536} INFO - Filling up the DagBag from /home/ubuntu/ec2_customer_chum_venv/lib/python3.10/site-packages/airflow/example_dags/example_task_group.py
[2023-12-07T16:59:02.176+0000] {processor.py:839} INFO - DAG(s) dict_keys(['example_task_group']) retrieved from /home/ubuntu/ec2_customer_chum_venv/lib/python3.10/site-packages/airflow/example_dags/example_task_group.py
[2023-12-07T16:59:02.195+0000] {logging_mixin.py:154} INFO - [2023-12-07T16:59:02.195+0000] {dag.py:2941} INFO - Sync 1 DAGs
[2023-12-07T16:59:02.217+0000] {logging_mixin.py:154} INFO - [2023-12-07T16:59:02.217+0000] {dag.py:3722} INFO - Setting next_dagrun for example_task_group to 2023-12-06T16:59:02.216966+00:00, run_after=2023-12-07T16:59:02.216966+00:00
[2023-12-07T16:59:02.241+0000] {processor.py:179} INFO - Processing /home/ubuntu/ec2_customer_chum_venv/lib/python3.10/site-packages/airflow/example_dags/example_task_group.py took 0.080 seconds
[2023-12-07T16:59:46.940+0000] {processor.py:157} INFO - Started process (PID=5611) to work on /home/ubuntu/ec2_customer_chum_venv/lib/python3.10/site-packages/airflow/example_dags/example_task_group.py
[2023-12-07T16:59:46.942+0000] {processor.py:829} INFO - Processing file /home/ubuntu/ec2_customer_chum_venv/lib/python3.10/site-packages/airflow/example_dags/example_task_group.py for tasks to queue
[2023-12-07T16:59:46.942+0000] {logging_mixin.py:154} INFO - [2023-12-07T16:59:46.942+0000] {dagbag.py:536} INFO - Filling up the DagBag from /home/ubuntu/ec2_customer_chum_venv/lib/python3.10/site-packages/airflow/example_dags/example_task_group.py
[2023-12-07T16:59:46.951+0000] {processor.py:839} INFO - DAG(s) dict_keys(['example_task_group']) retrieved from /home/ubuntu/ec2_customer_chum_venv/lib/python3.10/site-packages/airflow/example_dags/example_task_group.py
[2023-12-07T16:59:46.969+0000] {logging_mixin.py:154} INFO - [2023-12-07T16:59:46.969+0000] {dag.py:2941} INFO - Sync 1 DAGs
[2023-12-07T16:59:46.990+0000] {logging_mixin.py:154} INFO - [2023-12-07T16:59:46.990+0000] {dag.py:3722} INFO - Setting next_dagrun for example_task_group to 2023-12-06T16:59:46.989808+00:00, run_after=2023-12-07T16:59:46.989808+00:00
[2023-12-07T16:59:47.012+0000] {processor.py:179} INFO - Processing /home/ubuntu/ec2_customer_chum_venv/lib/python3.10/site-packages/airflow/example_dags/example_task_group.py took 0.075 seconds
[2023-12-07T17:00:34.355+0000] {processor.py:157} INFO - Started process (PID=5658) to work on /home/ubuntu/ec2_customer_chum_venv/lib/python3.10/site-packages/airflow/example_dags/example_task_group.py
[2023-12-07T17:00:34.356+0000] {processor.py:829} INFO - Processing file /home/ubuntu/ec2_customer_chum_venv/lib/python3.10/site-packages/airflow/example_dags/example_task_group.py for tasks to queue
[2023-12-07T17:00:34.357+0000] {logging_mixin.py:154} INFO - [2023-12-07T17:00:34.357+0000] {dagbag.py:536} INFO - Filling up the DagBag from /home/ubuntu/ec2_customer_chum_venv/lib/python3.10/site-packages/airflow/example_dags/example_task_group.py
[2023-12-07T17:00:34.365+0000] {processor.py:839} INFO - DAG(s) dict_keys(['example_task_group']) retrieved from /home/ubuntu/ec2_customer_chum_venv/lib/python3.10/site-packages/airflow/example_dags/example_task_group.py
[2023-12-07T17:00:34.383+0000] {logging_mixin.py:154} INFO - [2023-12-07T17:00:34.383+0000] {dag.py:2941} INFO - Sync 1 DAGs
[2023-12-07T17:00:34.403+0000] {logging_mixin.py:154} INFO - [2023-12-07T17:00:34.403+0000] {dag.py:3722} INFO - Setting next_dagrun for example_task_group to 2023-12-06T17:00:34.403444+00:00, run_after=2023-12-07T17:00:34.403444+00:00
[2023-12-07T17:00:34.426+0000] {processor.py:179} INFO - Processing /home/ubuntu/ec2_customer_chum_venv/lib/python3.10/site-packages/airflow/example_dags/example_task_group.py took 0.075 seconds
[2023-12-07T17:01:21.380+0000] {processor.py:157} INFO - Started process (PID=5706) to work on /home/ubuntu/ec2_customer_chum_venv/lib/python3.10/site-packages/airflow/example_dags/example_task_group.py
[2023-12-07T17:01:21.381+0000] {processor.py:829} INFO - Processing file /home/ubuntu/ec2_customer_chum_venv/lib/python3.10/site-packages/airflow/example_dags/example_task_group.py for tasks to queue
[2023-12-07T17:01:21.382+0000] {logging_mixin.py:154} INFO - [2023-12-07T17:01:21.381+0000] {dagbag.py:536} INFO - Filling up the DagBag from /home/ubuntu/ec2_customer_chum_venv/lib/python3.10/site-packages/airflow/example_dags/example_task_group.py
[2023-12-07T17:01:21.391+0000] {processor.py:839} INFO - DAG(s) dict_keys(['example_task_group']) retrieved from /home/ubuntu/ec2_customer_chum_venv/lib/python3.10/site-packages/airflow/example_dags/example_task_group.py
[2023-12-07T17:01:21.411+0000] {logging_mixin.py:154} INFO - [2023-12-07T17:01:21.410+0000] {dag.py:2941} INFO - Sync 1 DAGs
[2023-12-07T17:01:21.433+0000] {logging_mixin.py:154} INFO - [2023-12-07T17:01:21.432+0000] {dag.py:3722} INFO - Setting next_dagrun for example_task_group to 2023-12-06T17:01:21.432472+00:00, run_after=2023-12-07T17:01:21.432472+00:00
[2023-12-07T17:01:21.457+0000] {processor.py:179} INFO - Processing /home/ubuntu/ec2_customer_chum_venv/lib/python3.10/site-packages/airflow/example_dags/example_task_group.py took 0.081 seconds
[2023-12-07T17:02:06.785+0000] {processor.py:157} INFO - Started process (PID=5752) to work on /home/ubuntu/ec2_customer_chum_venv/lib/python3.10/site-packages/airflow/example_dags/example_task_group.py
[2023-12-07T17:02:06.787+0000] {processor.py:829} INFO - Processing file /home/ubuntu/ec2_customer_chum_venv/lib/python3.10/site-packages/airflow/example_dags/example_task_group.py for tasks to queue
[2023-12-07T17:02:06.788+0000] {logging_mixin.py:154} INFO - [2023-12-07T17:02:06.788+0000] {dagbag.py:536} INFO - Filling up the DagBag from /home/ubuntu/ec2_customer_chum_venv/lib/python3.10/site-packages/airflow/example_dags/example_task_group.py
[2023-12-07T17:02:06.797+0000] {processor.py:839} INFO - DAG(s) dict_keys(['example_task_group']) retrieved from /home/ubuntu/ec2_customer_chum_venv/lib/python3.10/site-packages/airflow/example_dags/example_task_group.py
[2023-12-07T17:02:06.816+0000] {logging_mixin.py:154} INFO - [2023-12-07T17:02:06.816+0000] {dag.py:2941} INFO - Sync 1 DAGs
[2023-12-07T17:02:06.837+0000] {logging_mixin.py:154} INFO - [2023-12-07T17:02:06.837+0000] {dag.py:3722} INFO - Setting next_dagrun for example_task_group to 2023-12-06T17:02:06.837258+00:00, run_after=2023-12-07T17:02:06.837258+00:00
[2023-12-07T17:02:06.864+0000] {processor.py:179} INFO - Processing /home/ubuntu/ec2_customer_chum_venv/lib/python3.10/site-packages/airflow/example_dags/example_task_group.py took 0.082 seconds
[2023-12-07T17:02:54.101+0000] {processor.py:157} INFO - Started process (PID=5800) to work on /home/ubuntu/ec2_customer_chum_venv/lib/python3.10/site-packages/airflow/example_dags/example_task_group.py
[2023-12-07T17:02:54.102+0000] {processor.py:829} INFO - Processing file /home/ubuntu/ec2_customer_chum_venv/lib/python3.10/site-packages/airflow/example_dags/example_task_group.py for tasks to queue
[2023-12-07T17:02:54.103+0000] {logging_mixin.py:154} INFO - [2023-12-07T17:02:54.103+0000] {dagbag.py:536} INFO - Filling up the DagBag from /home/ubuntu/ec2_customer_chum_venv/lib/python3.10/site-packages/airflow/example_dags/example_task_group.py
[2023-12-07T17:02:54.112+0000] {processor.py:839} INFO - DAG(s) dict_keys(['example_task_group']) retrieved from /home/ubuntu/ec2_customer_chum_venv/lib/python3.10/site-packages/airflow/example_dags/example_task_group.py
[2023-12-07T17:02:54.130+0000] {logging_mixin.py:154} INFO - [2023-12-07T17:02:54.130+0000] {dag.py:2941} INFO - Sync 1 DAGs
[2023-12-07T17:02:54.150+0000] {logging_mixin.py:154} INFO - [2023-12-07T17:02:54.150+0000] {dag.py:3722} INFO - Setting next_dagrun for example_task_group to 2023-12-06T17:02:54.149991+00:00, run_after=2023-12-07T17:02:54.149991+00:00
[2023-12-07T17:02:54.173+0000] {processor.py:179} INFO - Processing /home/ubuntu/ec2_customer_chum_venv/lib/python3.10/site-packages/airflow/example_dags/example_task_group.py took 0.075 seconds
[2023-12-07T17:03:35.675+0000] {processor.py:157} INFO - Started process (PID=5842) to work on /home/ubuntu/ec2_customer_chum_venv/lib/python3.10/site-packages/airflow/example_dags/example_task_group.py
[2023-12-07T17:03:35.677+0000] {processor.py:829} INFO - Processing file /home/ubuntu/ec2_customer_chum_venv/lib/python3.10/site-packages/airflow/example_dags/example_task_group.py for tasks to queue
[2023-12-07T17:03:35.678+0000] {logging_mixin.py:154} INFO - [2023-12-07T17:03:35.677+0000] {dagbag.py:536} INFO - Filling up the DagBag from /home/ubuntu/ec2_customer_chum_venv/lib/python3.10/site-packages/airflow/example_dags/example_task_group.py
[2023-12-07T17:03:35.686+0000] {processor.py:839} INFO - DAG(s) dict_keys(['example_task_group']) retrieved from /home/ubuntu/ec2_customer_chum_venv/lib/python3.10/site-packages/airflow/example_dags/example_task_group.py
[2023-12-07T17:03:35.705+0000] {logging_mixin.py:154} INFO - [2023-12-07T17:03:35.705+0000] {dag.py:2941} INFO - Sync 1 DAGs
[2023-12-07T17:03:35.727+0000] {logging_mixin.py:154} INFO - [2023-12-07T17:03:35.727+0000] {dag.py:3722} INFO - Setting next_dagrun for example_task_group to 2023-12-06T17:03:35.726748+00:00, run_after=2023-12-07T17:03:35.726748+00:00
[2023-12-07T17:03:35.753+0000] {processor.py:179} INFO - Processing /home/ubuntu/ec2_customer_chum_venv/lib/python3.10/site-packages/airflow/example_dags/example_task_group.py took 0.081 seconds
[2023-12-07T17:04:18.823+0000] {processor.py:157} INFO - Started process (PID=5887) to work on /home/ubuntu/ec2_customer_chum_venv/lib/python3.10/site-packages/airflow/example_dags/example_task_group.py
[2023-12-07T17:04:18.824+0000] {processor.py:829} INFO - Processing file /home/ubuntu/ec2_customer_chum_venv/lib/python3.10/site-packages/airflow/example_dags/example_task_group.py for tasks to queue
[2023-12-07T17:04:18.825+0000] {logging_mixin.py:154} INFO - [2023-12-07T17:04:18.825+0000] {dagbag.py:536} INFO - Filling up the DagBag from /home/ubuntu/ec2_customer_chum_venv/lib/python3.10/site-packages/airflow/example_dags/example_task_group.py
[2023-12-07T17:04:18.834+0000] {processor.py:839} INFO - DAG(s) dict_keys(['example_task_group']) retrieved from /home/ubuntu/ec2_customer_chum_venv/lib/python3.10/site-packages/airflow/example_dags/example_task_group.py
[2023-12-07T17:04:18.852+0000] {logging_mixin.py:154} INFO - [2023-12-07T17:04:18.852+0000] {dag.py:2941} INFO - Sync 1 DAGs
[2023-12-07T17:04:18.872+0000] {logging_mixin.py:154} INFO - [2023-12-07T17:04:18.872+0000] {dag.py:3722} INFO - Setting next_dagrun for example_task_group to 2023-12-06T17:04:18.872381+00:00, run_after=2023-12-07T17:04:18.872381+00:00
[2023-12-07T17:04:18.897+0000] {processor.py:179} INFO - Processing /home/ubuntu/ec2_customer_chum_venv/lib/python3.10/site-packages/airflow/example_dags/example_task_group.py took 0.077 seconds
[2023-12-07T17:05:06.817+0000] {processor.py:157} INFO - Started process (PID=5939) to work on /home/ubuntu/ec2_customer_chum_venv/lib/python3.10/site-packages/airflow/example_dags/example_task_group.py
[2023-12-07T17:05:06.819+0000] {processor.py:829} INFO - Processing file /home/ubuntu/ec2_customer_chum_venv/lib/python3.10/site-packages/airflow/example_dags/example_task_group.py for tasks to queue
[2023-12-07T17:05:06.820+0000] {logging_mixin.py:154} INFO - [2023-12-07T17:05:06.819+0000] {dagbag.py:536} INFO - Filling up the DagBag from /home/ubuntu/ec2_customer_chum_venv/lib/python3.10/site-packages/airflow/example_dags/example_task_group.py
[2023-12-07T17:05:06.828+0000] {processor.py:839} INFO - DAG(s) dict_keys(['example_task_group']) retrieved from /home/ubuntu/ec2_customer_chum_venv/lib/python3.10/site-packages/airflow/example_dags/example_task_group.py
[2023-12-07T17:05:06.846+0000] {logging_mixin.py:154} INFO - [2023-12-07T17:05:06.846+0000] {dag.py:2941} INFO - Sync 1 DAGs
[2023-12-07T17:05:06.867+0000] {logging_mixin.py:154} INFO - [2023-12-07T17:05:06.867+0000] {dag.py:3722} INFO - Setting next_dagrun for example_task_group to 2023-12-06T17:05:06.866735+00:00, run_after=2023-12-07T17:05:06.866735+00:00
[2023-12-07T17:05:06.891+0000] {processor.py:179} INFO - Processing /home/ubuntu/ec2_customer_chum_venv/lib/python3.10/site-packages/airflow/example_dags/example_task_group.py took 0.077 seconds
[2023-12-07T17:05:50.570+0000] {processor.py:157} INFO - Started process (PID=5985) to work on /home/ubuntu/ec2_customer_chum_venv/lib/python3.10/site-packages/airflow/example_dags/example_task_group.py
[2023-12-07T17:05:50.571+0000] {processor.py:829} INFO - Processing file /home/ubuntu/ec2_customer_chum_venv/lib/python3.10/site-packages/airflow/example_dags/example_task_group.py for tasks to queue
[2023-12-07T17:05:50.572+0000] {logging_mixin.py:154} INFO - [2023-12-07T17:05:50.572+0000] {dagbag.py:536} INFO - Filling up the DagBag from /home/ubuntu/ec2_customer_chum_venv/lib/python3.10/site-packages/airflow/example_dags/example_task_group.py
[2023-12-07T17:05:50.581+0000] {processor.py:839} INFO - DAG(s) dict_keys(['example_task_group']) retrieved from /home/ubuntu/ec2_customer_chum_venv/lib/python3.10/site-packages/airflow/example_dags/example_task_group.py
[2023-12-07T17:05:50.599+0000] {logging_mixin.py:154} INFO - [2023-12-07T17:05:50.599+0000] {dag.py:2941} INFO - Sync 1 DAGs
[2023-12-07T17:05:50.619+0000] {logging_mixin.py:154} INFO - [2023-12-07T17:05:50.619+0000] {dag.py:3722} INFO - Setting next_dagrun for example_task_group to 2023-12-06T17:05:50.619304+00:00, run_after=2023-12-07T17:05:50.619304+00:00
[2023-12-07T17:05:50.641+0000] {processor.py:179} INFO - Processing /home/ubuntu/ec2_customer_chum_venv/lib/python3.10/site-packages/airflow/example_dags/example_task_group.py took 0.075 seconds
[2023-12-07T17:06:35.574+0000] {processor.py:157} INFO - Started process (PID=6031) to work on /home/ubuntu/ec2_customer_chum_venv/lib/python3.10/site-packages/airflow/example_dags/example_task_group.py
[2023-12-07T17:06:35.575+0000] {processor.py:829} INFO - Processing file /home/ubuntu/ec2_customer_chum_venv/lib/python3.10/site-packages/airflow/example_dags/example_task_group.py for tasks to queue
[2023-12-07T17:06:35.576+0000] {logging_mixin.py:154} INFO - [2023-12-07T17:06:35.576+0000] {dagbag.py:536} INFO - Filling up the DagBag from /home/ubuntu/ec2_customer_chum_venv/lib/python3.10/site-packages/airflow/example_dags/example_task_group.py
[2023-12-07T17:06:35.584+0000] {processor.py:839} INFO - DAG(s) dict_keys(['example_task_group']) retrieved from /home/ubuntu/ec2_customer_chum_venv/lib/python3.10/site-packages/airflow/example_dags/example_task_group.py
[2023-12-07T17:06:35.603+0000] {logging_mixin.py:154} INFO - [2023-12-07T17:06:35.602+0000] {dag.py:2941} INFO - Sync 1 DAGs
[2023-12-07T17:06:35.623+0000] {logging_mixin.py:154} INFO - [2023-12-07T17:06:35.623+0000] {dag.py:3722} INFO - Setting next_dagrun for example_task_group to 2023-12-06T17:06:35.622778+00:00, run_after=2023-12-07T17:06:35.622778+00:00
[2023-12-07T17:06:35.647+0000] {processor.py:179} INFO - Processing /home/ubuntu/ec2_customer_chum_venv/lib/python3.10/site-packages/airflow/example_dags/example_task_group.py took 0.077 seconds
[2023-12-07T17:07:18.578+0000] {processor.py:157} INFO - Started process (PID=6075) to work on /home/ubuntu/ec2_customer_chum_venv/lib/python3.10/site-packages/airflow/example_dags/example_task_group.py
[2023-12-07T17:07:18.580+0000] {processor.py:829} INFO - Processing file /home/ubuntu/ec2_customer_chum_venv/lib/python3.10/site-packages/airflow/example_dags/example_task_group.py for tasks to queue
[2023-12-07T17:07:18.581+0000] {logging_mixin.py:154} INFO - [2023-12-07T17:07:18.580+0000] {dagbag.py:536} INFO - Filling up the DagBag from /home/ubuntu/ec2_customer_chum_venv/lib/python3.10/site-packages/airflow/example_dags/example_task_group.py
[2023-12-07T17:07:18.589+0000] {processor.py:839} INFO - DAG(s) dict_keys(['example_task_group']) retrieved from /home/ubuntu/ec2_customer_chum_venv/lib/python3.10/site-packages/airflow/example_dags/example_task_group.py
[2023-12-07T17:07:18.608+0000] {logging_mixin.py:154} INFO - [2023-12-07T17:07:18.608+0000] {dag.py:2941} INFO - Sync 1 DAGs
[2023-12-07T17:07:18.628+0000] {logging_mixin.py:154} INFO - [2023-12-07T17:07:18.628+0000] {dag.py:3722} INFO - Setting next_dagrun for example_task_group to 2023-12-06T17:07:18.628189+00:00, run_after=2023-12-07T17:07:18.628189+00:00
[2023-12-07T17:07:18.652+0000] {processor.py:179} INFO - Processing /home/ubuntu/ec2_customer_chum_venv/lib/python3.10/site-packages/airflow/example_dags/example_task_group.py took 0.077 seconds
[2023-12-07T17:08:04.391+0000] {processor.py:157} INFO - Started process (PID=6121) to work on /home/ubuntu/ec2_customer_chum_venv/lib/python3.10/site-packages/airflow/example_dags/example_task_group.py
[2023-12-07T17:08:04.393+0000] {processor.py:829} INFO - Processing file /home/ubuntu/ec2_customer_chum_venv/lib/python3.10/site-packages/airflow/example_dags/example_task_group.py for tasks to queue
[2023-12-07T17:08:04.394+0000] {logging_mixin.py:154} INFO - [2023-12-07T17:08:04.393+0000] {dagbag.py:536} INFO - Filling up the DagBag from /home/ubuntu/ec2_customer_chum_venv/lib/python3.10/site-packages/airflow/example_dags/example_task_group.py
[2023-12-07T17:08:04.402+0000] {processor.py:839} INFO - DAG(s) dict_keys(['example_task_group']) retrieved from /home/ubuntu/ec2_customer_chum_venv/lib/python3.10/site-packages/airflow/example_dags/example_task_group.py
[2023-12-07T17:08:04.421+0000] {logging_mixin.py:154} INFO - [2023-12-07T17:08:04.420+0000] {dag.py:2941} INFO - Sync 1 DAGs
[2023-12-07T17:08:04.441+0000] {logging_mixin.py:154} INFO - [2023-12-07T17:08:04.441+0000] {dag.py:3722} INFO - Setting next_dagrun for example_task_group to 2023-12-06T17:08:04.441232+00:00, run_after=2023-12-07T17:08:04.441232+00:00
[2023-12-07T17:08:04.520+0000] {processor.py:179} INFO - Processing /home/ubuntu/ec2_customer_chum_venv/lib/python3.10/site-packages/airflow/example_dags/example_task_group.py took 0.132 seconds
[2023-12-07T17:08:49.959+0000] {processor.py:157} INFO - Started process (PID=6168) to work on /home/ubuntu/ec2_customer_chum_venv/lib/python3.10/site-packages/airflow/example_dags/example_task_group.py
[2023-12-07T17:08:49.961+0000] {processor.py:829} INFO - Processing file /home/ubuntu/ec2_customer_chum_venv/lib/python3.10/site-packages/airflow/example_dags/example_task_group.py for tasks to queue
[2023-12-07T17:08:49.962+0000] {logging_mixin.py:154} INFO - [2023-12-07T17:08:49.961+0000] {dagbag.py:536} INFO - Filling up the DagBag from /home/ubuntu/ec2_customer_chum_venv/lib/python3.10/site-packages/airflow/example_dags/example_task_group.py
[2023-12-07T17:08:49.970+0000] {processor.py:839} INFO - DAG(s) dict_keys(['example_task_group']) retrieved from /home/ubuntu/ec2_customer_chum_venv/lib/python3.10/site-packages/airflow/example_dags/example_task_group.py
[2023-12-07T17:08:49.989+0000] {logging_mixin.py:154} INFO - [2023-12-07T17:08:49.989+0000] {dag.py:2941} INFO - Sync 1 DAGs
[2023-12-07T17:08:50.012+0000] {logging_mixin.py:154} INFO - [2023-12-07T17:08:50.011+0000] {dag.py:3722} INFO - Setting next_dagrun for example_task_group to 2023-12-06T17:08:50.011651+00:00, run_after=2023-12-07T17:08:50.011651+00:00
[2023-12-07T17:08:50.035+0000] {processor.py:179} INFO - Processing /home/ubuntu/ec2_customer_chum_venv/lib/python3.10/site-packages/airflow/example_dags/example_task_group.py took 0.079 seconds
[2023-12-07T17:09:35.321+0000] {processor.py:157} INFO - Started process (PID=6215) to work on /home/ubuntu/ec2_customer_chum_venv/lib/python3.10/site-packages/airflow/example_dags/example_task_group.py
[2023-12-07T17:09:35.322+0000] {processor.py:829} INFO - Processing file /home/ubuntu/ec2_customer_chum_venv/lib/python3.10/site-packages/airflow/example_dags/example_task_group.py for tasks to queue
[2023-12-07T17:09:35.323+0000] {logging_mixin.py:154} INFO - [2023-12-07T17:09:35.323+0000] {dagbag.py:536} INFO - Filling up the DagBag from /home/ubuntu/ec2_customer_chum_venv/lib/python3.10/site-packages/airflow/example_dags/example_task_group.py
[2023-12-07T17:09:35.332+0000] {processor.py:839} INFO - DAG(s) dict_keys(['example_task_group']) retrieved from /home/ubuntu/ec2_customer_chum_venv/lib/python3.10/site-packages/airflow/example_dags/example_task_group.py
[2023-12-07T17:09:35.350+0000] {logging_mixin.py:154} INFO - [2023-12-07T17:09:35.350+0000] {dag.py:2941} INFO - Sync 1 DAGs
[2023-12-07T17:09:35.370+0000] {logging_mixin.py:154} INFO - [2023-12-07T17:09:35.370+0000] {dag.py:3722} INFO - Setting next_dagrun for example_task_group to 2023-12-06T17:09:35.370279+00:00, run_after=2023-12-07T17:09:35.370279+00:00
[2023-12-07T17:09:35.395+0000] {processor.py:179} INFO - Processing /home/ubuntu/ec2_customer_chum_venv/lib/python3.10/site-packages/airflow/example_dags/example_task_group.py took 0.077 seconds
[2023-12-07T17:10:16.064+0000] {processor.py:157} INFO - Started process (PID=6257) to work on /home/ubuntu/ec2_customer_chum_venv/lib/python3.10/site-packages/airflow/example_dags/example_task_group.py
[2023-12-07T17:10:16.066+0000] {processor.py:829} INFO - Processing file /home/ubuntu/ec2_customer_chum_venv/lib/python3.10/site-packages/airflow/example_dags/example_task_group.py for tasks to queue
[2023-12-07T17:10:16.067+0000] {logging_mixin.py:154} INFO - [2023-12-07T17:10:16.066+0000] {dagbag.py:536} INFO - Filling up the DagBag from /home/ubuntu/ec2_customer_chum_venv/lib/python3.10/site-packages/airflow/example_dags/example_task_group.py
[2023-12-07T17:10:16.075+0000] {processor.py:839} INFO - DAG(s) dict_keys(['example_task_group']) retrieved from /home/ubuntu/ec2_customer_chum_venv/lib/python3.10/site-packages/airflow/example_dags/example_task_group.py
[2023-12-07T17:10:16.094+0000] {logging_mixin.py:154} INFO - [2023-12-07T17:10:16.094+0000] {dag.py:2941} INFO - Sync 1 DAGs
[2023-12-07T17:10:16.115+0000] {logging_mixin.py:154} INFO - [2023-12-07T17:10:16.115+0000] {dag.py:3722} INFO - Setting next_dagrun for example_task_group to 2023-12-06T17:10:16.115205+00:00, run_after=2023-12-07T17:10:16.115205+00:00
[2023-12-07T17:10:16.139+0000] {processor.py:179} INFO - Processing /home/ubuntu/ec2_customer_chum_venv/lib/python3.10/site-packages/airflow/example_dags/example_task_group.py took 0.078 seconds
[2023-12-07T17:11:02.847+0000] {processor.py:157} INFO - Started process (PID=6305) to work on /home/ubuntu/ec2_customer_chum_venv/lib/python3.10/site-packages/airflow/example_dags/example_task_group.py
[2023-12-07T17:11:02.848+0000] {processor.py:829} INFO - Processing file /home/ubuntu/ec2_customer_chum_venv/lib/python3.10/site-packages/airflow/example_dags/example_task_group.py for tasks to queue
[2023-12-07T17:11:02.849+0000] {logging_mixin.py:154} INFO - [2023-12-07T17:11:02.849+0000] {dagbag.py:536} INFO - Filling up the DagBag from /home/ubuntu/ec2_customer_chum_venv/lib/python3.10/site-packages/airflow/example_dags/example_task_group.py
[2023-12-07T17:11:02.857+0000] {processor.py:839} INFO - DAG(s) dict_keys(['example_task_group']) retrieved from /home/ubuntu/ec2_customer_chum_venv/lib/python3.10/site-packages/airflow/example_dags/example_task_group.py
[2023-12-07T17:11:02.877+0000] {logging_mixin.py:154} INFO - [2023-12-07T17:11:02.876+0000] {dag.py:2941} INFO - Sync 1 DAGs
[2023-12-07T17:11:02.899+0000] {logging_mixin.py:154} INFO - [2023-12-07T17:11:02.899+0000] {dag.py:3722} INFO - Setting next_dagrun for example_task_group to 2023-12-06T17:11:02.898584+00:00, run_after=2023-12-07T17:11:02.898584+00:00
[2023-12-07T17:11:02.924+0000] {processor.py:179} INFO - Processing /home/ubuntu/ec2_customer_chum_venv/lib/python3.10/site-packages/airflow/example_dags/example_task_group.py took 0.080 seconds
[2023-12-07T17:11:48.266+0000] {processor.py:157} INFO - Started process (PID=6356) to work on /home/ubuntu/ec2_customer_chum_venv/lib/python3.10/site-packages/airflow/example_dags/example_task_group.py
[2023-12-07T17:11:48.267+0000] {processor.py:829} INFO - Processing file /home/ubuntu/ec2_customer_chum_venv/lib/python3.10/site-packages/airflow/example_dags/example_task_group.py for tasks to queue
[2023-12-07T17:11:48.268+0000] {logging_mixin.py:154} INFO - [2023-12-07T17:11:48.268+0000] {dagbag.py:536} INFO - Filling up the DagBag from /home/ubuntu/ec2_customer_chum_venv/lib/python3.10/site-packages/airflow/example_dags/example_task_group.py
[2023-12-07T17:11:48.277+0000] {processor.py:839} INFO - DAG(s) dict_keys(['example_task_group']) retrieved from /home/ubuntu/ec2_customer_chum_venv/lib/python3.10/site-packages/airflow/example_dags/example_task_group.py
[2023-12-07T17:11:48.295+0000] {logging_mixin.py:154} INFO - [2023-12-07T17:11:48.295+0000] {dag.py:2941} INFO - Sync 1 DAGs
[2023-12-07T17:11:48.316+0000] {logging_mixin.py:154} INFO - [2023-12-07T17:11:48.316+0000] {dag.py:3722} INFO - Setting next_dagrun for example_task_group to 2023-12-06T17:11:48.315922+00:00, run_after=2023-12-07T17:11:48.315922+00:00
[2023-12-07T17:11:48.339+0000] {processor.py:179} INFO - Processing /home/ubuntu/ec2_customer_chum_venv/lib/python3.10/site-packages/airflow/example_dags/example_task_group.py took 0.076 seconds
[2023-12-07T17:12:32.551+0000] {processor.py:157} INFO - Started process (PID=6402) to work on /home/ubuntu/ec2_customer_chum_venv/lib/python3.10/site-packages/airflow/example_dags/example_task_group.py
[2023-12-07T17:12:32.552+0000] {processor.py:829} INFO - Processing file /home/ubuntu/ec2_customer_chum_venv/lib/python3.10/site-packages/airflow/example_dags/example_task_group.py for tasks to queue
[2023-12-07T17:12:32.553+0000] {logging_mixin.py:154} INFO - [2023-12-07T17:12:32.552+0000] {dagbag.py:536} INFO - Filling up the DagBag from /home/ubuntu/ec2_customer_chum_venv/lib/python3.10/site-packages/airflow/example_dags/example_task_group.py
[2023-12-07T17:12:32.561+0000] {processor.py:839} INFO - DAG(s) dict_keys(['example_task_group']) retrieved from /home/ubuntu/ec2_customer_chum_venv/lib/python3.10/site-packages/airflow/example_dags/example_task_group.py
[2023-12-07T17:12:32.580+0000] {logging_mixin.py:154} INFO - [2023-12-07T17:12:32.580+0000] {dag.py:2941} INFO - Sync 1 DAGs
[2023-12-07T17:12:32.601+0000] {logging_mixin.py:154} INFO - [2023-12-07T17:12:32.601+0000] {dag.py:3722} INFO - Setting next_dagrun for example_task_group to 2023-12-06T17:12:32.600996+00:00, run_after=2023-12-07T17:12:32.600996+00:00
[2023-12-07T17:12:32.624+0000] {processor.py:179} INFO - Processing /home/ubuntu/ec2_customer_chum_venv/lib/python3.10/site-packages/airflow/example_dags/example_task_group.py took 0.077 seconds
[2023-12-07T17:13:21.400+0000] {processor.py:157} INFO - Started process (PID=6538) to work on /home/ubuntu/ec2_customer_chum_venv/lib/python3.10/site-packages/airflow/example_dags/example_task_group.py
[2023-12-07T17:13:21.401+0000] {processor.py:829} INFO - Processing file /home/ubuntu/ec2_customer_chum_venv/lib/python3.10/site-packages/airflow/example_dags/example_task_group.py for tasks to queue
[2023-12-07T17:13:21.402+0000] {logging_mixin.py:154} INFO - [2023-12-07T17:13:21.402+0000] {dagbag.py:536} INFO - Filling up the DagBag from /home/ubuntu/ec2_customer_chum_venv/lib/python3.10/site-packages/airflow/example_dags/example_task_group.py
[2023-12-07T17:13:21.411+0000] {processor.py:839} INFO - DAG(s) dict_keys(['example_task_group']) retrieved from /home/ubuntu/ec2_customer_chum_venv/lib/python3.10/site-packages/airflow/example_dags/example_task_group.py
[2023-12-07T17:13:21.430+0000] {logging_mixin.py:154} INFO - [2023-12-07T17:13:21.430+0000] {dag.py:2941} INFO - Sync 1 DAGs
[2023-12-07T17:13:21.450+0000] {logging_mixin.py:154} INFO - [2023-12-07T17:13:21.450+0000] {dag.py:3722} INFO - Setting next_dagrun for example_task_group to 2023-12-06T17:13:21.450285+00:00, run_after=2023-12-07T17:13:21.450285+00:00
[2023-12-07T17:13:21.474+0000] {processor.py:179} INFO - Processing /home/ubuntu/ec2_customer_chum_venv/lib/python3.10/site-packages/airflow/example_dags/example_task_group.py took 0.078 seconds
[2023-12-07T17:14:03.899+0000] {processor.py:157} INFO - Started process (PID=6584) to work on /home/ubuntu/ec2_customer_chum_venv/lib/python3.10/site-packages/airflow/example_dags/example_task_group.py
[2023-12-07T17:14:03.901+0000] {processor.py:829} INFO - Processing file /home/ubuntu/ec2_customer_chum_venv/lib/python3.10/site-packages/airflow/example_dags/example_task_group.py for tasks to queue
[2023-12-07T17:14:03.902+0000] {logging_mixin.py:154} INFO - [2023-12-07T17:14:03.902+0000] {dagbag.py:536} INFO - Filling up the DagBag from /home/ubuntu/ec2_customer_chum_venv/lib/python3.10/site-packages/airflow/example_dags/example_task_group.py
[2023-12-07T17:14:03.910+0000] {processor.py:839} INFO - DAG(s) dict_keys(['example_task_group']) retrieved from /home/ubuntu/ec2_customer_chum_venv/lib/python3.10/site-packages/airflow/example_dags/example_task_group.py
[2023-12-07T17:14:03.929+0000] {logging_mixin.py:154} INFO - [2023-12-07T17:14:03.929+0000] {dag.py:2941} INFO - Sync 1 DAGs
[2023-12-07T17:14:03.951+0000] {logging_mixin.py:154} INFO - [2023-12-07T17:14:03.950+0000] {dag.py:3722} INFO - Setting next_dagrun for example_task_group to 2023-12-06T17:14:03.950561+00:00, run_after=2023-12-07T17:14:03.950561+00:00
[2023-12-07T17:14:03.975+0000] {processor.py:179} INFO - Processing /home/ubuntu/ec2_customer_chum_venv/lib/python3.10/site-packages/airflow/example_dags/example_task_group.py took 0.079 seconds
[2023-12-07T17:14:49.995+0000] {processor.py:157} INFO - Started process (PID=6697) to work on /home/ubuntu/ec2_customer_chum_venv/lib/python3.10/site-packages/airflow/example_dags/example_task_group.py
[2023-12-07T17:14:49.996+0000] {processor.py:829} INFO - Processing file /home/ubuntu/ec2_customer_chum_venv/lib/python3.10/site-packages/airflow/example_dags/example_task_group.py for tasks to queue
[2023-12-07T17:14:49.997+0000] {logging_mixin.py:154} INFO - [2023-12-07T17:14:49.997+0000] {dagbag.py:536} INFO - Filling up the DagBag from /home/ubuntu/ec2_customer_chum_venv/lib/python3.10/site-packages/airflow/example_dags/example_task_group.py
[2023-12-07T17:14:50.006+0000] {processor.py:839} INFO - DAG(s) dict_keys(['example_task_group']) retrieved from /home/ubuntu/ec2_customer_chum_venv/lib/python3.10/site-packages/airflow/example_dags/example_task_group.py
[2023-12-07T17:14:50.026+0000] {logging_mixin.py:154} INFO - [2023-12-07T17:14:50.025+0000] {dag.py:2941} INFO - Sync 1 DAGs
[2023-12-07T17:14:50.046+0000] {logging_mixin.py:154} INFO - [2023-12-07T17:14:50.046+0000] {dag.py:3722} INFO - Setting next_dagrun for example_task_group to 2023-12-06T17:14:50.046212+00:00, run_after=2023-12-07T17:14:50.046212+00:00
[2023-12-07T17:14:50.069+0000] {processor.py:179} INFO - Processing /home/ubuntu/ec2_customer_chum_venv/lib/python3.10/site-packages/airflow/example_dags/example_task_group.py took 0.078 seconds
[2023-12-07T17:15:32.575+0000] {processor.py:157} INFO - Started process (PID=6742) to work on /home/ubuntu/ec2_customer_chum_venv/lib/python3.10/site-packages/airflow/example_dags/example_task_group.py
[2023-12-07T17:15:32.576+0000] {processor.py:829} INFO - Processing file /home/ubuntu/ec2_customer_chum_venv/lib/python3.10/site-packages/airflow/example_dags/example_task_group.py for tasks to queue
[2023-12-07T17:15:32.577+0000] {logging_mixin.py:154} INFO - [2023-12-07T17:15:32.577+0000] {dagbag.py:536} INFO - Filling up the DagBag from /home/ubuntu/ec2_customer_chum_venv/lib/python3.10/site-packages/airflow/example_dags/example_task_group.py
[2023-12-07T17:15:32.585+0000] {processor.py:839} INFO - DAG(s) dict_keys(['example_task_group']) retrieved from /home/ubuntu/ec2_customer_chum_venv/lib/python3.10/site-packages/airflow/example_dags/example_task_group.py
[2023-12-07T17:15:32.603+0000] {logging_mixin.py:154} INFO - [2023-12-07T17:15:32.603+0000] {dag.py:2941} INFO - Sync 1 DAGs
[2023-12-07T17:15:32.623+0000] {logging_mixin.py:154} INFO - [2023-12-07T17:15:32.623+0000] {dag.py:3722} INFO - Setting next_dagrun for example_task_group to 2023-12-06T17:15:32.623108+00:00, run_after=2023-12-07T17:15:32.623108+00:00
[2023-12-07T17:15:32.647+0000] {processor.py:179} INFO - Processing /home/ubuntu/ec2_customer_chum_venv/lib/python3.10/site-packages/airflow/example_dags/example_task_group.py took 0.076 seconds
