[2023-12-07T16:49:31.920+0000] {processor.py:157} INFO - Started process (PID=4986) to work on /home/ubuntu/ec2_customer_chum_venv/lib/python3.10/site-packages/airflow/example_dags/example_latest_only_with_trigger.py
[2023-12-07T16:49:31.921+0000] {processor.py:829} INFO - Processing file /home/ubuntu/ec2_customer_chum_venv/lib/python3.10/site-packages/airflow/example_dags/example_latest_only_with_trigger.py for tasks to queue
[2023-12-07T16:49:31.922+0000] {logging_mixin.py:154} INFO - [2023-12-07T16:49:31.922+0000] {dagbag.py:536} INFO - Filling up the DagBag from /home/ubuntu/ec2_customer_chum_venv/lib/python3.10/site-packages/airflow/example_dags/example_latest_only_with_trigger.py
[2023-12-07T16:49:31.929+0000] {processor.py:839} INFO - DAG(s) dict_keys(['latest_only_with_trigger']) retrieved from /home/ubuntu/ec2_customer_chum_venv/lib/python3.10/site-packages/airflow/example_dags/example_latest_only_with_trigger.py
[2023-12-07T16:49:32.046+0000] {logging_mixin.py:154} INFO - [2023-12-07T16:49:32.045+0000] {manager.py:499} INFO - Created Permission View: %s
[2023-12-07T16:49:32.061+0000] {logging_mixin.py:154} INFO - [2023-12-07T16:49:32.060+0000] {manager.py:499} INFO - Created Permission View: %s
[2023-12-07T16:49:32.071+0000] {logging_mixin.py:154} INFO - [2023-12-07T16:49:32.071+0000] {manager.py:499} INFO - Created Permission View: %s
[2023-12-07T16:49:32.071+0000] {logging_mixin.py:154} INFO - [2023-12-07T16:49:32.071+0000] {dag.py:2941} INFO - Sync 1 DAGs
[2023-12-07T16:49:32.083+0000] {logging_mixin.py:154} INFO - [2023-12-07T16:49:32.083+0000] {dag.py:2963} INFO - Creating ORM DAG for latest_only_with_trigger
[2023-12-07T16:49:32.092+0000] {logging_mixin.py:154} INFO - [2023-12-07T16:49:32.092+0000] {dag.py:3722} INFO - Setting next_dagrun for latest_only_with_trigger to 2023-12-07T12:49:32.091790+00:00, run_after=2023-12-07T16:49:32.091790+00:00
[2023-12-07T16:49:32.114+0000] {processor.py:179} INFO - Processing /home/ubuntu/ec2_customer_chum_venv/lib/python3.10/site-packages/airflow/example_dags/example_latest_only_with_trigger.py took 0.197 seconds
[2023-12-07T16:50:21.120+0000] {processor.py:157} INFO - Started process (PID=5032) to work on /home/ubuntu/ec2_customer_chum_venv/lib/python3.10/site-packages/airflow/example_dags/example_latest_only_with_trigger.py
[2023-12-07T16:50:21.121+0000] {processor.py:829} INFO - Processing file /home/ubuntu/ec2_customer_chum_venv/lib/python3.10/site-packages/airflow/example_dags/example_latest_only_with_trigger.py for tasks to queue
[2023-12-07T16:50:21.122+0000] {logging_mixin.py:154} INFO - [2023-12-07T16:50:21.122+0000] {dagbag.py:536} INFO - Filling up the DagBag from /home/ubuntu/ec2_customer_chum_venv/lib/python3.10/site-packages/airflow/example_dags/example_latest_only_with_trigger.py
[2023-12-07T16:50:21.129+0000] {processor.py:839} INFO - DAG(s) dict_keys(['latest_only_with_trigger']) retrieved from /home/ubuntu/ec2_customer_chum_venv/lib/python3.10/site-packages/airflow/example_dags/example_latest_only_with_trigger.py
[2023-12-07T16:50:21.147+0000] {logging_mixin.py:154} INFO - [2023-12-07T16:50:21.147+0000] {dag.py:2941} INFO - Sync 1 DAGs
[2023-12-07T16:50:21.167+0000] {logging_mixin.py:154} INFO - [2023-12-07T16:50:21.167+0000] {dag.py:3722} INFO - Setting next_dagrun for latest_only_with_trigger to 2023-12-07T12:50:21.167141+00:00, run_after=2023-12-07T16:50:21.167141+00:00
[2023-12-07T16:50:21.191+0000] {processor.py:179} INFO - Processing /home/ubuntu/ec2_customer_chum_venv/lib/python3.10/site-packages/airflow/example_dags/example_latest_only_with_trigger.py took 0.074 seconds
[2023-12-07T16:51:10.408+0000] {processor.py:157} INFO - Started process (PID=5082) to work on /home/ubuntu/ec2_customer_chum_venv/lib/python3.10/site-packages/airflow/example_dags/example_latest_only_with_trigger.py
[2023-12-07T16:51:10.409+0000] {processor.py:829} INFO - Processing file /home/ubuntu/ec2_customer_chum_venv/lib/python3.10/site-packages/airflow/example_dags/example_latest_only_with_trigger.py for tasks to queue
[2023-12-07T16:51:10.410+0000] {logging_mixin.py:154} INFO - [2023-12-07T16:51:10.410+0000] {dagbag.py:536} INFO - Filling up the DagBag from /home/ubuntu/ec2_customer_chum_venv/lib/python3.10/site-packages/airflow/example_dags/example_latest_only_with_trigger.py
[2023-12-07T16:51:10.417+0000] {processor.py:839} INFO - DAG(s) dict_keys(['latest_only_with_trigger']) retrieved from /home/ubuntu/ec2_customer_chum_venv/lib/python3.10/site-packages/airflow/example_dags/example_latest_only_with_trigger.py
[2023-12-07T16:51:10.434+0000] {logging_mixin.py:154} INFO - [2023-12-07T16:51:10.434+0000] {dag.py:2941} INFO - Sync 1 DAGs
[2023-12-07T16:51:10.455+0000] {logging_mixin.py:154} INFO - [2023-12-07T16:51:10.455+0000] {dag.py:3722} INFO - Setting next_dagrun for latest_only_with_trigger to 2023-12-07T12:51:10.454776+00:00, run_after=2023-12-07T16:51:10.454776+00:00
[2023-12-07T16:51:10.478+0000] {processor.py:179} INFO - Processing /home/ubuntu/ec2_customer_chum_venv/lib/python3.10/site-packages/airflow/example_dags/example_latest_only_with_trigger.py took 0.073 seconds
[2023-12-07T16:52:01.800+0000] {processor.py:157} INFO - Started process (PID=5133) to work on /home/ubuntu/ec2_customer_chum_venv/lib/python3.10/site-packages/airflow/example_dags/example_latest_only_with_trigger.py
[2023-12-07T16:52:01.802+0000] {processor.py:829} INFO - Processing file /home/ubuntu/ec2_customer_chum_venv/lib/python3.10/site-packages/airflow/example_dags/example_latest_only_with_trigger.py for tasks to queue
[2023-12-07T16:52:01.802+0000] {logging_mixin.py:154} INFO - [2023-12-07T16:52:01.802+0000] {dagbag.py:536} INFO - Filling up the DagBag from /home/ubuntu/ec2_customer_chum_venv/lib/python3.10/site-packages/airflow/example_dags/example_latest_only_with_trigger.py
[2023-12-07T16:52:01.810+0000] {processor.py:839} INFO - DAG(s) dict_keys(['latest_only_with_trigger']) retrieved from /home/ubuntu/ec2_customer_chum_venv/lib/python3.10/site-packages/airflow/example_dags/example_latest_only_with_trigger.py
[2023-12-07T16:52:01.828+0000] {logging_mixin.py:154} INFO - [2023-12-07T16:52:01.828+0000] {dag.py:2941} INFO - Sync 1 DAGs
[2023-12-07T16:52:01.850+0000] {logging_mixin.py:154} INFO - [2023-12-07T16:52:01.849+0000] {dag.py:3722} INFO - Setting next_dagrun for latest_only_with_trigger to 2023-12-07T12:52:01.849674+00:00, run_after=2023-12-07T16:52:01.849674+00:00
[2023-12-07T16:52:01.877+0000] {processor.py:179} INFO - Processing /home/ubuntu/ec2_customer_chum_venv/lib/python3.10/site-packages/airflow/example_dags/example_latest_only_with_trigger.py took 0.081 seconds
[2023-12-07T16:52:49.550+0000] {processor.py:157} INFO - Started process (PID=5185) to work on /home/ubuntu/ec2_customer_chum_venv/lib/python3.10/site-packages/airflow/example_dags/example_latest_only_with_trigger.py
[2023-12-07T16:52:49.551+0000] {processor.py:829} INFO - Processing file /home/ubuntu/ec2_customer_chum_venv/lib/python3.10/site-packages/airflow/example_dags/example_latest_only_with_trigger.py for tasks to queue
[2023-12-07T16:52:49.552+0000] {logging_mixin.py:154} INFO - [2023-12-07T16:52:49.552+0000] {dagbag.py:536} INFO - Filling up the DagBag from /home/ubuntu/ec2_customer_chum_venv/lib/python3.10/site-packages/airflow/example_dags/example_latest_only_with_trigger.py
[2023-12-07T16:52:49.559+0000] {processor.py:839} INFO - DAG(s) dict_keys(['latest_only_with_trigger']) retrieved from /home/ubuntu/ec2_customer_chum_venv/lib/python3.10/site-packages/airflow/example_dags/example_latest_only_with_trigger.py
[2023-12-07T16:52:49.577+0000] {logging_mixin.py:154} INFO - [2023-12-07T16:52:49.576+0000] {dag.py:2941} INFO - Sync 1 DAGs
[2023-12-07T16:52:49.597+0000] {logging_mixin.py:154} INFO - [2023-12-07T16:52:49.597+0000] {dag.py:3722} INFO - Setting next_dagrun for latest_only_with_trigger to 2023-12-07T12:52:49.596865+00:00, run_after=2023-12-07T16:52:49.596865+00:00
[2023-12-07T16:52:49.621+0000] {processor.py:179} INFO - Processing /home/ubuntu/ec2_customer_chum_venv/lib/python3.10/site-packages/airflow/example_dags/example_latest_only_with_trigger.py took 0.074 seconds
[2023-12-07T16:54:02.751+0000] {processor.py:157} INFO - Started process (PID=5248) to work on /home/ubuntu/ec2_customer_chum_venv/lib/python3.10/site-packages/airflow/example_dags/example_latest_only_with_trigger.py
[2023-12-07T16:54:02.753+0000] {processor.py:829} INFO - Processing file /home/ubuntu/ec2_customer_chum_venv/lib/python3.10/site-packages/airflow/example_dags/example_latest_only_with_trigger.py for tasks to queue
[2023-12-07T16:54:02.754+0000] {logging_mixin.py:154} INFO - [2023-12-07T16:54:02.754+0000] {dagbag.py:536} INFO - Filling up the DagBag from /home/ubuntu/ec2_customer_chum_venv/lib/python3.10/site-packages/airflow/example_dags/example_latest_only_with_trigger.py
[2023-12-07T16:54:02.762+0000] {processor.py:839} INFO - DAG(s) dict_keys(['latest_only_with_trigger']) retrieved from /home/ubuntu/ec2_customer_chum_venv/lib/python3.10/site-packages/airflow/example_dags/example_latest_only_with_trigger.py
[2023-12-07T16:54:02.771+0000] {logging_mixin.py:154} INFO - [2023-12-07T16:54:02.770+0000] {dag.py:2941} INFO - Sync 1 DAGs
[2023-12-07T16:54:02.794+0000] {logging_mixin.py:154} INFO - [2023-12-07T16:54:02.794+0000] {dag.py:3722} INFO - Setting next_dagrun for latest_only_with_trigger to 2023-12-07T12:54:02.793842+00:00, run_after=2023-12-07T16:54:02.793842+00:00
[2023-12-07T16:54:02.823+0000] {processor.py:179} INFO - Processing /home/ubuntu/ec2_customer_chum_venv/lib/python3.10/site-packages/airflow/example_dags/example_latest_only_with_trigger.py took 0.076 seconds
[2023-12-07T16:54:48.267+0000] {processor.py:157} INFO - Started process (PID=5297) to work on /home/ubuntu/ec2_customer_chum_venv/lib/python3.10/site-packages/airflow/example_dags/example_latest_only_with_trigger.py
[2023-12-07T16:54:48.268+0000] {processor.py:829} INFO - Processing file /home/ubuntu/ec2_customer_chum_venv/lib/python3.10/site-packages/airflow/example_dags/example_latest_only_with_trigger.py for tasks to queue
[2023-12-07T16:54:48.269+0000] {logging_mixin.py:154} INFO - [2023-12-07T16:54:48.269+0000] {dagbag.py:536} INFO - Filling up the DagBag from /home/ubuntu/ec2_customer_chum_venv/lib/python3.10/site-packages/airflow/example_dags/example_latest_only_with_trigger.py
[2023-12-07T16:54:48.276+0000] {processor.py:839} INFO - DAG(s) dict_keys(['latest_only_with_trigger']) retrieved from /home/ubuntu/ec2_customer_chum_venv/lib/python3.10/site-packages/airflow/example_dags/example_latest_only_with_trigger.py
[2023-12-07T16:54:48.293+0000] {logging_mixin.py:154} INFO - [2023-12-07T16:54:48.293+0000] {dag.py:2941} INFO - Sync 1 DAGs
[2023-12-07T16:54:48.313+0000] {logging_mixin.py:154} INFO - [2023-12-07T16:54:48.313+0000] {dag.py:3722} INFO - Setting next_dagrun for latest_only_with_trigger to 2023-12-07T12:54:48.313312+00:00, run_after=2023-12-07T16:54:48.313312+00:00
[2023-12-07T16:54:48.338+0000] {processor.py:179} INFO - Processing /home/ubuntu/ec2_customer_chum_venv/lib/python3.10/site-packages/airflow/example_dags/example_latest_only_with_trigger.py took 0.074 seconds
[2023-12-07T16:55:34.090+0000] {processor.py:157} INFO - Started process (PID=5344) to work on /home/ubuntu/ec2_customer_chum_venv/lib/python3.10/site-packages/airflow/example_dags/example_latest_only_with_trigger.py
[2023-12-07T16:55:34.091+0000] {processor.py:829} INFO - Processing file /home/ubuntu/ec2_customer_chum_venv/lib/python3.10/site-packages/airflow/example_dags/example_latest_only_with_trigger.py for tasks to queue
[2023-12-07T16:55:34.092+0000] {logging_mixin.py:154} INFO - [2023-12-07T16:55:34.092+0000] {dagbag.py:536} INFO - Filling up the DagBag from /home/ubuntu/ec2_customer_chum_venv/lib/python3.10/site-packages/airflow/example_dags/example_latest_only_with_trigger.py
[2023-12-07T16:55:34.099+0000] {processor.py:839} INFO - DAG(s) dict_keys(['latest_only_with_trigger']) retrieved from /home/ubuntu/ec2_customer_chum_venv/lib/python3.10/site-packages/airflow/example_dags/example_latest_only_with_trigger.py
[2023-12-07T16:55:34.116+0000] {logging_mixin.py:154} INFO - [2023-12-07T16:55:34.116+0000] {dag.py:2941} INFO - Sync 1 DAGs
[2023-12-07T16:55:34.137+0000] {logging_mixin.py:154} INFO - [2023-12-07T16:55:34.137+0000] {dag.py:3722} INFO - Setting next_dagrun for latest_only_with_trigger to 2023-12-07T12:55:34.136844+00:00, run_after=2023-12-07T16:55:34.136844+00:00
[2023-12-07T16:55:34.162+0000] {processor.py:179} INFO - Processing /home/ubuntu/ec2_customer_chum_venv/lib/python3.10/site-packages/airflow/example_dags/example_latest_only_with_trigger.py took 0.075 seconds
[2023-12-07T16:56:19.296+0000] {processor.py:157} INFO - Started process (PID=5390) to work on /home/ubuntu/ec2_customer_chum_venv/lib/python3.10/site-packages/airflow/example_dags/example_latest_only_with_trigger.py
[2023-12-07T16:56:19.297+0000] {processor.py:829} INFO - Processing file /home/ubuntu/ec2_customer_chum_venv/lib/python3.10/site-packages/airflow/example_dags/example_latest_only_with_trigger.py for tasks to queue
[2023-12-07T16:56:19.298+0000] {logging_mixin.py:154} INFO - [2023-12-07T16:56:19.298+0000] {dagbag.py:536} INFO - Filling up the DagBag from /home/ubuntu/ec2_customer_chum_venv/lib/python3.10/site-packages/airflow/example_dags/example_latest_only_with_trigger.py
[2023-12-07T16:56:19.305+0000] {processor.py:839} INFO - DAG(s) dict_keys(['latest_only_with_trigger']) retrieved from /home/ubuntu/ec2_customer_chum_venv/lib/python3.10/site-packages/airflow/example_dags/example_latest_only_with_trigger.py
[2023-12-07T16:56:19.323+0000] {logging_mixin.py:154} INFO - [2023-12-07T16:56:19.322+0000] {dag.py:2941} INFO - Sync 1 DAGs
[2023-12-07T16:56:19.343+0000] {logging_mixin.py:154} INFO - [2023-12-07T16:56:19.343+0000] {dag.py:3722} INFO - Setting next_dagrun for latest_only_with_trigger to 2023-12-07T12:56:19.342922+00:00, run_after=2023-12-07T16:56:19.342922+00:00
[2023-12-07T16:56:19.366+0000] {processor.py:179} INFO - Processing /home/ubuntu/ec2_customer_chum_venv/lib/python3.10/site-packages/airflow/example_dags/example_latest_only_with_trigger.py took 0.074 seconds
[2023-12-07T16:57:01.487+0000] {processor.py:157} INFO - Started process (PID=5436) to work on /home/ubuntu/ec2_customer_chum_venv/lib/python3.10/site-packages/airflow/example_dags/example_latest_only_with_trigger.py
[2023-12-07T16:57:01.488+0000] {processor.py:829} INFO - Processing file /home/ubuntu/ec2_customer_chum_venv/lib/python3.10/site-packages/airflow/example_dags/example_latest_only_with_trigger.py for tasks to queue
[2023-12-07T16:57:01.489+0000] {logging_mixin.py:154} INFO - [2023-12-07T16:57:01.488+0000] {dagbag.py:536} INFO - Filling up the DagBag from /home/ubuntu/ec2_customer_chum_venv/lib/python3.10/site-packages/airflow/example_dags/example_latest_only_with_trigger.py
[2023-12-07T16:57:01.496+0000] {processor.py:839} INFO - DAG(s) dict_keys(['latest_only_with_trigger']) retrieved from /home/ubuntu/ec2_customer_chum_venv/lib/python3.10/site-packages/airflow/example_dags/example_latest_only_with_trigger.py
[2023-12-07T16:57:01.514+0000] {logging_mixin.py:154} INFO - [2023-12-07T16:57:01.514+0000] {dag.py:2941} INFO - Sync 1 DAGs
[2023-12-07T16:57:01.537+0000] {logging_mixin.py:154} INFO - [2023-12-07T16:57:01.537+0000] {dag.py:3722} INFO - Setting next_dagrun for latest_only_with_trigger to 2023-12-07T12:57:01.537047+00:00, run_after=2023-12-07T16:57:01.537047+00:00
[2023-12-07T16:57:01.562+0000] {processor.py:179} INFO - Processing /home/ubuntu/ec2_customer_chum_venv/lib/python3.10/site-packages/airflow/example_dags/example_latest_only_with_trigger.py took 0.079 seconds
[2023-12-07T16:57:44.590+0000] {processor.py:157} INFO - Started process (PID=5483) to work on /home/ubuntu/ec2_customer_chum_venv/lib/python3.10/site-packages/airflow/example_dags/example_latest_only_with_trigger.py
[2023-12-07T16:57:44.592+0000] {processor.py:829} INFO - Processing file /home/ubuntu/ec2_customer_chum_venv/lib/python3.10/site-packages/airflow/example_dags/example_latest_only_with_trigger.py for tasks to queue
[2023-12-07T16:57:44.592+0000] {logging_mixin.py:154} INFO - [2023-12-07T16:57:44.592+0000] {dagbag.py:536} INFO - Filling up the DagBag from /home/ubuntu/ec2_customer_chum_venv/lib/python3.10/site-packages/airflow/example_dags/example_latest_only_with_trigger.py
[2023-12-07T16:57:44.599+0000] {processor.py:839} INFO - DAG(s) dict_keys(['latest_only_with_trigger']) retrieved from /home/ubuntu/ec2_customer_chum_venv/lib/python3.10/site-packages/airflow/example_dags/example_latest_only_with_trigger.py
[2023-12-07T16:57:44.616+0000] {logging_mixin.py:154} INFO - [2023-12-07T16:57:44.616+0000] {dag.py:2941} INFO - Sync 1 DAGs
[2023-12-07T16:57:44.637+0000] {logging_mixin.py:154} INFO - [2023-12-07T16:57:44.636+0000] {dag.py:3722} INFO - Setting next_dagrun for latest_only_with_trigger to 2023-12-07T12:57:44.636627+00:00, run_after=2023-12-07T16:57:44.636627+00:00
[2023-12-07T16:57:44.659+0000] {processor.py:179} INFO - Processing /home/ubuntu/ec2_customer_chum_venv/lib/python3.10/site-packages/airflow/example_dags/example_latest_only_with_trigger.py took 0.072 seconds
[2023-12-07T16:58:28.346+0000] {processor.py:157} INFO - Started process (PID=5527) to work on /home/ubuntu/ec2_customer_chum_venv/lib/python3.10/site-packages/airflow/example_dags/example_latest_only_with_trigger.py
[2023-12-07T16:58:28.347+0000] {processor.py:829} INFO - Processing file /home/ubuntu/ec2_customer_chum_venv/lib/python3.10/site-packages/airflow/example_dags/example_latest_only_with_trigger.py for tasks to queue
[2023-12-07T16:58:28.348+0000] {logging_mixin.py:154} INFO - [2023-12-07T16:58:28.348+0000] {dagbag.py:536} INFO - Filling up the DagBag from /home/ubuntu/ec2_customer_chum_venv/lib/python3.10/site-packages/airflow/example_dags/example_latest_only_with_trigger.py
[2023-12-07T16:58:28.355+0000] {processor.py:839} INFO - DAG(s) dict_keys(['latest_only_with_trigger']) retrieved from /home/ubuntu/ec2_customer_chum_venv/lib/python3.10/site-packages/airflow/example_dags/example_latest_only_with_trigger.py
[2023-12-07T16:58:28.373+0000] {logging_mixin.py:154} INFO - [2023-12-07T16:58:28.373+0000] {dag.py:2941} INFO - Sync 1 DAGs
[2023-12-07T16:58:28.393+0000] {logging_mixin.py:154} INFO - [2023-12-07T16:58:28.393+0000] {dag.py:3722} INFO - Setting next_dagrun for latest_only_with_trigger to 2023-12-07T12:58:28.393343+00:00, run_after=2023-12-07T16:58:28.393343+00:00
[2023-12-07T16:58:28.417+0000] {processor.py:179} INFO - Processing /home/ubuntu/ec2_customer_chum_venv/lib/python3.10/site-packages/airflow/example_dags/example_latest_only_with_trigger.py took 0.075 seconds
[2023-12-07T16:59:11.194+0000] {processor.py:157} INFO - Started process (PID=5573) to work on /home/ubuntu/ec2_customer_chum_venv/lib/python3.10/site-packages/airflow/example_dags/example_latest_only_with_trigger.py
[2023-12-07T16:59:11.195+0000] {processor.py:829} INFO - Processing file /home/ubuntu/ec2_customer_chum_venv/lib/python3.10/site-packages/airflow/example_dags/example_latest_only_with_trigger.py for tasks to queue
[2023-12-07T16:59:11.196+0000] {logging_mixin.py:154} INFO - [2023-12-07T16:59:11.196+0000] {dagbag.py:536} INFO - Filling up the DagBag from /home/ubuntu/ec2_customer_chum_venv/lib/python3.10/site-packages/airflow/example_dags/example_latest_only_with_trigger.py
[2023-12-07T16:59:11.203+0000] {processor.py:839} INFO - DAG(s) dict_keys(['latest_only_with_trigger']) retrieved from /home/ubuntu/ec2_customer_chum_venv/lib/python3.10/site-packages/airflow/example_dags/example_latest_only_with_trigger.py
[2023-12-07T16:59:11.221+0000] {logging_mixin.py:154} INFO - [2023-12-07T16:59:11.221+0000] {dag.py:2941} INFO - Sync 1 DAGs
[2023-12-07T16:59:11.242+0000] {logging_mixin.py:154} INFO - [2023-12-07T16:59:11.242+0000] {dag.py:3722} INFO - Setting next_dagrun for latest_only_with_trigger to 2023-12-07T12:59:11.242137+00:00, run_after=2023-12-07T16:59:11.242137+00:00
[2023-12-07T16:59:11.265+0000] {processor.py:179} INFO - Processing /home/ubuntu/ec2_customer_chum_venv/lib/python3.10/site-packages/airflow/example_dags/example_latest_only_with_trigger.py took 0.075 seconds
[2023-12-07T16:59:55.577+0000] {processor.py:157} INFO - Started process (PID=5620) to work on /home/ubuntu/ec2_customer_chum_venv/lib/python3.10/site-packages/airflow/example_dags/example_latest_only_with_trigger.py
[2023-12-07T16:59:55.578+0000] {processor.py:829} INFO - Processing file /home/ubuntu/ec2_customer_chum_venv/lib/python3.10/site-packages/airflow/example_dags/example_latest_only_with_trigger.py for tasks to queue
[2023-12-07T16:59:55.579+0000] {logging_mixin.py:154} INFO - [2023-12-07T16:59:55.579+0000] {dagbag.py:536} INFO - Filling up the DagBag from /home/ubuntu/ec2_customer_chum_venv/lib/python3.10/site-packages/airflow/example_dags/example_latest_only_with_trigger.py
[2023-12-07T16:59:55.586+0000] {processor.py:839} INFO - DAG(s) dict_keys(['latest_only_with_trigger']) retrieved from /home/ubuntu/ec2_customer_chum_venv/lib/python3.10/site-packages/airflow/example_dags/example_latest_only_with_trigger.py
[2023-12-07T16:59:55.603+0000] {logging_mixin.py:154} INFO - [2023-12-07T16:59:55.603+0000] {dag.py:2941} INFO - Sync 1 DAGs
[2023-12-07T16:59:55.624+0000] {logging_mixin.py:154} INFO - [2023-12-07T16:59:55.624+0000] {dag.py:3722} INFO - Setting next_dagrun for latest_only_with_trigger to 2023-12-07T12:59:55.624030+00:00, run_after=2023-12-07T16:59:55.624030+00:00
[2023-12-07T16:59:55.647+0000] {processor.py:179} INFO - Processing /home/ubuntu/ec2_customer_chum_venv/lib/python3.10/site-packages/airflow/example_dags/example_latest_only_with_trigger.py took 0.073 seconds
[2023-12-07T17:00:43.162+0000] {processor.py:157} INFO - Started process (PID=5667) to work on /home/ubuntu/ec2_customer_chum_venv/lib/python3.10/site-packages/airflow/example_dags/example_latest_only_with_trigger.py
[2023-12-07T17:00:43.163+0000] {processor.py:829} INFO - Processing file /home/ubuntu/ec2_customer_chum_venv/lib/python3.10/site-packages/airflow/example_dags/example_latest_only_with_trigger.py for tasks to queue
[2023-12-07T17:00:43.164+0000] {logging_mixin.py:154} INFO - [2023-12-07T17:00:43.164+0000] {dagbag.py:536} INFO - Filling up the DagBag from /home/ubuntu/ec2_customer_chum_venv/lib/python3.10/site-packages/airflow/example_dags/example_latest_only_with_trigger.py
[2023-12-07T17:00:43.171+0000] {processor.py:839} INFO - DAG(s) dict_keys(['latest_only_with_trigger']) retrieved from /home/ubuntu/ec2_customer_chum_venv/lib/python3.10/site-packages/airflow/example_dags/example_latest_only_with_trigger.py
[2023-12-07T17:00:43.189+0000] {logging_mixin.py:154} INFO - [2023-12-07T17:00:43.189+0000] {dag.py:2941} INFO - Sync 1 DAGs
[2023-12-07T17:00:43.211+0000] {logging_mixin.py:154} INFO - [2023-12-07T17:00:43.211+0000] {dag.py:3722} INFO - Setting next_dagrun for latest_only_with_trigger to 2023-12-07T13:00:43.211281+00:00, run_after=2023-12-07T17:00:43.211281+00:00
[2023-12-07T17:00:43.234+0000] {processor.py:179} INFO - Processing /home/ubuntu/ec2_customer_chum_venv/lib/python3.10/site-packages/airflow/example_dags/example_latest_only_with_trigger.py took 0.076 seconds
[2023-12-07T17:01:29.962+0000] {processor.py:157} INFO - Started process (PID=5715) to work on /home/ubuntu/ec2_customer_chum_venv/lib/python3.10/site-packages/airflow/example_dags/example_latest_only_with_trigger.py
[2023-12-07T17:01:29.963+0000] {processor.py:829} INFO - Processing file /home/ubuntu/ec2_customer_chum_venv/lib/python3.10/site-packages/airflow/example_dags/example_latest_only_with_trigger.py for tasks to queue
[2023-12-07T17:01:29.964+0000] {logging_mixin.py:154} INFO - [2023-12-07T17:01:29.964+0000] {dagbag.py:536} INFO - Filling up the DagBag from /home/ubuntu/ec2_customer_chum_venv/lib/python3.10/site-packages/airflow/example_dags/example_latest_only_with_trigger.py
[2023-12-07T17:01:29.971+0000] {processor.py:839} INFO - DAG(s) dict_keys(['latest_only_with_trigger']) retrieved from /home/ubuntu/ec2_customer_chum_venv/lib/python3.10/site-packages/airflow/example_dags/example_latest_only_with_trigger.py
[2023-12-07T17:01:29.989+0000] {logging_mixin.py:154} INFO - [2023-12-07T17:01:29.989+0000] {dag.py:2941} INFO - Sync 1 DAGs
[2023-12-07T17:01:30.012+0000] {logging_mixin.py:154} INFO - [2023-12-07T17:01:30.012+0000] {dag.py:3722} INFO - Setting next_dagrun for latest_only_with_trigger to 2023-12-07T13:01:30.012069+00:00, run_after=2023-12-07T17:01:30.012069+00:00
[2023-12-07T17:01:30.048+0000] {processor.py:179} INFO - Processing /home/ubuntu/ec2_customer_chum_venv/lib/python3.10/site-packages/airflow/example_dags/example_latest_only_with_trigger.py took 0.089 seconds
[2023-12-07T17:02:15.790+0000] {processor.py:157} INFO - Started process (PID=5761) to work on /home/ubuntu/ec2_customer_chum_venv/lib/python3.10/site-packages/airflow/example_dags/example_latest_only_with_trigger.py
[2023-12-07T17:02:15.791+0000] {processor.py:829} INFO - Processing file /home/ubuntu/ec2_customer_chum_venv/lib/python3.10/site-packages/airflow/example_dags/example_latest_only_with_trigger.py for tasks to queue
[2023-12-07T17:02:15.792+0000] {logging_mixin.py:154} INFO - [2023-12-07T17:02:15.792+0000] {dagbag.py:536} INFO - Filling up the DagBag from /home/ubuntu/ec2_customer_chum_venv/lib/python3.10/site-packages/airflow/example_dags/example_latest_only_with_trigger.py
[2023-12-07T17:02:15.799+0000] {processor.py:839} INFO - DAG(s) dict_keys(['latest_only_with_trigger']) retrieved from /home/ubuntu/ec2_customer_chum_venv/lib/python3.10/site-packages/airflow/example_dags/example_latest_only_with_trigger.py
[2023-12-07T17:02:15.817+0000] {logging_mixin.py:154} INFO - [2023-12-07T17:02:15.817+0000] {dag.py:2941} INFO - Sync 1 DAGs
[2023-12-07T17:02:15.838+0000] {logging_mixin.py:154} INFO - [2023-12-07T17:02:15.838+0000] {dag.py:3722} INFO - Setting next_dagrun for latest_only_with_trigger to 2023-12-07T13:02:15.838331+00:00, run_after=2023-12-07T17:02:15.838331+00:00
[2023-12-07T17:02:15.863+0000] {processor.py:179} INFO - Processing /home/ubuntu/ec2_customer_chum_venv/lib/python3.10/site-packages/airflow/example_dags/example_latest_only_with_trigger.py took 0.076 seconds
[2023-12-07T17:03:03.822+0000] {processor.py:157} INFO - Started process (PID=5809) to work on /home/ubuntu/ec2_customer_chum_venv/lib/python3.10/site-packages/airflow/example_dags/example_latest_only_with_trigger.py
[2023-12-07T17:03:03.823+0000] {processor.py:829} INFO - Processing file /home/ubuntu/ec2_customer_chum_venv/lib/python3.10/site-packages/airflow/example_dags/example_latest_only_with_trigger.py for tasks to queue
[2023-12-07T17:03:03.824+0000] {logging_mixin.py:154} INFO - [2023-12-07T17:03:03.824+0000] {dagbag.py:536} INFO - Filling up the DagBag from /home/ubuntu/ec2_customer_chum_venv/lib/python3.10/site-packages/airflow/example_dags/example_latest_only_with_trigger.py
[2023-12-07T17:03:03.832+0000] {processor.py:839} INFO - DAG(s) dict_keys(['latest_only_with_trigger']) retrieved from /home/ubuntu/ec2_customer_chum_venv/lib/python3.10/site-packages/airflow/example_dags/example_latest_only_with_trigger.py
[2023-12-07T17:03:03.850+0000] {logging_mixin.py:154} INFO - [2023-12-07T17:03:03.850+0000] {dag.py:2941} INFO - Sync 1 DAGs
[2023-12-07T17:03:03.872+0000] {logging_mixin.py:154} INFO - [2023-12-07T17:03:03.872+0000] {dag.py:3722} INFO - Setting next_dagrun for latest_only_with_trigger to 2023-12-07T13:03:03.872161+00:00, run_after=2023-12-07T17:03:03.872161+00:00
[2023-12-07T17:03:03.895+0000] {processor.py:179} INFO - Processing /home/ubuntu/ec2_customer_chum_venv/lib/python3.10/site-packages/airflow/example_dags/example_latest_only_with_trigger.py took 0.077 seconds
[2023-12-07T17:03:50.381+0000] {processor.py:157} INFO - Started process (PID=5858) to work on /home/ubuntu/ec2_customer_chum_venv/lib/python3.10/site-packages/airflow/example_dags/example_latest_only_with_trigger.py
[2023-12-07T17:03:50.382+0000] {processor.py:829} INFO - Processing file /home/ubuntu/ec2_customer_chum_venv/lib/python3.10/site-packages/airflow/example_dags/example_latest_only_with_trigger.py for tasks to queue
[2023-12-07T17:03:50.383+0000] {logging_mixin.py:154} INFO - [2023-12-07T17:03:50.382+0000] {dagbag.py:536} INFO - Filling up the DagBag from /home/ubuntu/ec2_customer_chum_venv/lib/python3.10/site-packages/airflow/example_dags/example_latest_only_with_trigger.py
[2023-12-07T17:03:50.390+0000] {processor.py:839} INFO - DAG(s) dict_keys(['latest_only_with_trigger']) retrieved from /home/ubuntu/ec2_customer_chum_venv/lib/python3.10/site-packages/airflow/example_dags/example_latest_only_with_trigger.py
[2023-12-07T17:03:50.407+0000] {logging_mixin.py:154} INFO - [2023-12-07T17:03:50.407+0000] {dag.py:2941} INFO - Sync 1 DAGs
[2023-12-07T17:03:50.429+0000] {logging_mixin.py:154} INFO - [2023-12-07T17:03:50.428+0000] {dag.py:3722} INFO - Setting next_dagrun for latest_only_with_trigger to 2023-12-07T13:03:50.428715+00:00, run_after=2023-12-07T17:03:50.428715+00:00
[2023-12-07T17:03:50.451+0000] {processor.py:179} INFO - Processing /home/ubuntu/ec2_customer_chum_venv/lib/python3.10/site-packages/airflow/example_dags/example_latest_only_with_trigger.py took 0.073 seconds
[2023-12-07T17:04:32.087+0000] {processor.py:157} INFO - Started process (PID=5901) to work on /home/ubuntu/ec2_customer_chum_venv/lib/python3.10/site-packages/airflow/example_dags/example_latest_only_with_trigger.py
[2023-12-07T17:04:32.088+0000] {processor.py:829} INFO - Processing file /home/ubuntu/ec2_customer_chum_venv/lib/python3.10/site-packages/airflow/example_dags/example_latest_only_with_trigger.py for tasks to queue
[2023-12-07T17:04:32.089+0000] {logging_mixin.py:154} INFO - [2023-12-07T17:04:32.089+0000] {dagbag.py:536} INFO - Filling up the DagBag from /home/ubuntu/ec2_customer_chum_venv/lib/python3.10/site-packages/airflow/example_dags/example_latest_only_with_trigger.py
[2023-12-07T17:04:32.096+0000] {processor.py:839} INFO - DAG(s) dict_keys(['latest_only_with_trigger']) retrieved from /home/ubuntu/ec2_customer_chum_venv/lib/python3.10/site-packages/airflow/example_dags/example_latest_only_with_trigger.py
[2023-12-07T17:04:32.114+0000] {logging_mixin.py:154} INFO - [2023-12-07T17:04:32.114+0000] {dag.py:2941} INFO - Sync 1 DAGs
[2023-12-07T17:04:32.135+0000] {logging_mixin.py:154} INFO - [2023-12-07T17:04:32.135+0000] {dag.py:3722} INFO - Setting next_dagrun for latest_only_with_trigger to 2023-12-07T13:04:32.134862+00:00, run_after=2023-12-07T17:04:32.134862+00:00
[2023-12-07T17:04:32.159+0000] {processor.py:179} INFO - Processing /home/ubuntu/ec2_customer_chum_venv/lib/python3.10/site-packages/airflow/example_dags/example_latest_only_with_trigger.py took 0.075 seconds
[2023-12-07T17:05:16.704+0000] {processor.py:157} INFO - Started process (PID=5949) to work on /home/ubuntu/ec2_customer_chum_venv/lib/python3.10/site-packages/airflow/example_dags/example_latest_only_with_trigger.py
[2023-12-07T17:05:16.705+0000] {processor.py:829} INFO - Processing file /home/ubuntu/ec2_customer_chum_venv/lib/python3.10/site-packages/airflow/example_dags/example_latest_only_with_trigger.py for tasks to queue
[2023-12-07T17:05:16.706+0000] {logging_mixin.py:154} INFO - [2023-12-07T17:05:16.706+0000] {dagbag.py:536} INFO - Filling up the DagBag from /home/ubuntu/ec2_customer_chum_venv/lib/python3.10/site-packages/airflow/example_dags/example_latest_only_with_trigger.py
[2023-12-07T17:05:16.713+0000] {processor.py:839} INFO - DAG(s) dict_keys(['latest_only_with_trigger']) retrieved from /home/ubuntu/ec2_customer_chum_venv/lib/python3.10/site-packages/airflow/example_dags/example_latest_only_with_trigger.py
[2023-12-07T17:05:16.731+0000] {logging_mixin.py:154} INFO - [2023-12-07T17:05:16.731+0000] {dag.py:2941} INFO - Sync 1 DAGs
[2023-12-07T17:05:16.751+0000] {logging_mixin.py:154} INFO - [2023-12-07T17:05:16.751+0000] {dag.py:3722} INFO - Setting next_dagrun for latest_only_with_trigger to 2023-12-07T13:05:16.751144+00:00, run_after=2023-12-07T17:05:16.751144+00:00
[2023-12-07T17:05:16.777+0000] {processor.py:179} INFO - Processing /home/ubuntu/ec2_customer_chum_venv/lib/python3.10/site-packages/airflow/example_dags/example_latest_only_with_trigger.py took 0.076 seconds
[2023-12-07T17:05:59.821+0000] {processor.py:157} INFO - Started process (PID=5994) to work on /home/ubuntu/ec2_customer_chum_venv/lib/python3.10/site-packages/airflow/example_dags/example_latest_only_with_trigger.py
[2023-12-07T17:05:59.823+0000] {processor.py:829} INFO - Processing file /home/ubuntu/ec2_customer_chum_venv/lib/python3.10/site-packages/airflow/example_dags/example_latest_only_with_trigger.py for tasks to queue
[2023-12-07T17:05:59.824+0000] {logging_mixin.py:154} INFO - [2023-12-07T17:05:59.823+0000] {dagbag.py:536} INFO - Filling up the DagBag from /home/ubuntu/ec2_customer_chum_venv/lib/python3.10/site-packages/airflow/example_dags/example_latest_only_with_trigger.py
[2023-12-07T17:05:59.831+0000] {processor.py:839} INFO - DAG(s) dict_keys(['latest_only_with_trigger']) retrieved from /home/ubuntu/ec2_customer_chum_venv/lib/python3.10/site-packages/airflow/example_dags/example_latest_only_with_trigger.py
[2023-12-07T17:05:59.848+0000] {logging_mixin.py:154} INFO - [2023-12-07T17:05:59.848+0000] {dag.py:2941} INFO - Sync 1 DAGs
[2023-12-07T17:05:59.868+0000] {logging_mixin.py:154} INFO - [2023-12-07T17:05:59.868+0000] {dag.py:3722} INFO - Setting next_dagrun for latest_only_with_trigger to 2023-12-07T13:05:59.868315+00:00, run_after=2023-12-07T17:05:59.868315+00:00
[2023-12-07T17:05:59.892+0000] {processor.py:179} INFO - Processing /home/ubuntu/ec2_customer_chum_venv/lib/python3.10/site-packages/airflow/example_dags/example_latest_only_with_trigger.py took 0.074 seconds
[2023-12-07T17:06:44.106+0000] {processor.py:157} INFO - Started process (PID=6040) to work on /home/ubuntu/ec2_customer_chum_venv/lib/python3.10/site-packages/airflow/example_dags/example_latest_only_with_trigger.py
[2023-12-07T17:06:44.108+0000] {processor.py:829} INFO - Processing file /home/ubuntu/ec2_customer_chum_venv/lib/python3.10/site-packages/airflow/example_dags/example_latest_only_with_trigger.py for tasks to queue
[2023-12-07T17:06:44.109+0000] {logging_mixin.py:154} INFO - [2023-12-07T17:06:44.108+0000] {dagbag.py:536} INFO - Filling up the DagBag from /home/ubuntu/ec2_customer_chum_venv/lib/python3.10/site-packages/airflow/example_dags/example_latest_only_with_trigger.py
[2023-12-07T17:06:44.116+0000] {processor.py:839} INFO - DAG(s) dict_keys(['latest_only_with_trigger']) retrieved from /home/ubuntu/ec2_customer_chum_venv/lib/python3.10/site-packages/airflow/example_dags/example_latest_only_with_trigger.py
[2023-12-07T17:06:44.134+0000] {logging_mixin.py:154} INFO - [2023-12-07T17:06:44.134+0000] {dag.py:2941} INFO - Sync 1 DAGs
[2023-12-07T17:06:44.155+0000] {logging_mixin.py:154} INFO - [2023-12-07T17:06:44.155+0000] {dag.py:3722} INFO - Setting next_dagrun for latest_only_with_trigger to 2023-12-07T13:06:44.155427+00:00, run_after=2023-12-07T17:06:44.155427+00:00
[2023-12-07T17:06:44.179+0000] {processor.py:179} INFO - Processing /home/ubuntu/ec2_customer_chum_venv/lib/python3.10/site-packages/airflow/example_dags/example_latest_only_with_trigger.py took 0.076 seconds
[2023-12-07T17:07:33.692+0000] {processor.py:157} INFO - Started process (PID=6090) to work on /home/ubuntu/ec2_customer_chum_venv/lib/python3.10/site-packages/airflow/example_dags/example_latest_only_with_trigger.py
[2023-12-07T17:07:33.693+0000] {processor.py:829} INFO - Processing file /home/ubuntu/ec2_customer_chum_venv/lib/python3.10/site-packages/airflow/example_dags/example_latest_only_with_trigger.py for tasks to queue
[2023-12-07T17:07:33.694+0000] {logging_mixin.py:154} INFO - [2023-12-07T17:07:33.694+0000] {dagbag.py:536} INFO - Filling up the DagBag from /home/ubuntu/ec2_customer_chum_venv/lib/python3.10/site-packages/airflow/example_dags/example_latest_only_with_trigger.py
[2023-12-07T17:07:33.701+0000] {processor.py:839} INFO - DAG(s) dict_keys(['latest_only_with_trigger']) retrieved from /home/ubuntu/ec2_customer_chum_venv/lib/python3.10/site-packages/airflow/example_dags/example_latest_only_with_trigger.py
[2023-12-07T17:07:33.719+0000] {logging_mixin.py:154} INFO - [2023-12-07T17:07:33.718+0000] {dag.py:2941} INFO - Sync 1 DAGs
[2023-12-07T17:07:33.739+0000] {logging_mixin.py:154} INFO - [2023-12-07T17:07:33.739+0000] {dag.py:3722} INFO - Setting next_dagrun for latest_only_with_trigger to 2023-12-07T13:07:33.739157+00:00, run_after=2023-12-07T17:07:33.739157+00:00
[2023-12-07T17:07:33.763+0000] {processor.py:179} INFO - Processing /home/ubuntu/ec2_customer_chum_venv/lib/python3.10/site-packages/airflow/example_dags/example_latest_only_with_trigger.py took 0.075 seconds
[2023-12-07T17:08:18.691+0000] {processor.py:157} INFO - Started process (PID=6136) to work on /home/ubuntu/ec2_customer_chum_venv/lib/python3.10/site-packages/airflow/example_dags/example_latest_only_with_trigger.py
[2023-12-07T17:08:18.692+0000] {processor.py:829} INFO - Processing file /home/ubuntu/ec2_customer_chum_venv/lib/python3.10/site-packages/airflow/example_dags/example_latest_only_with_trigger.py for tasks to queue
[2023-12-07T17:08:18.693+0000] {logging_mixin.py:154} INFO - [2023-12-07T17:08:18.693+0000] {dagbag.py:536} INFO - Filling up the DagBag from /home/ubuntu/ec2_customer_chum_venv/lib/python3.10/site-packages/airflow/example_dags/example_latest_only_with_trigger.py
[2023-12-07T17:08:18.700+0000] {processor.py:839} INFO - DAG(s) dict_keys(['latest_only_with_trigger']) retrieved from /home/ubuntu/ec2_customer_chum_venv/lib/python3.10/site-packages/airflow/example_dags/example_latest_only_with_trigger.py
[2023-12-07T17:08:18.718+0000] {logging_mixin.py:154} INFO - [2023-12-07T17:08:18.718+0000] {dag.py:2941} INFO - Sync 1 DAGs
[2023-12-07T17:08:18.739+0000] {logging_mixin.py:154} INFO - [2023-12-07T17:08:18.739+0000] {dag.py:3722} INFO - Setting next_dagrun for latest_only_with_trigger to 2023-12-07T13:08:18.739154+00:00, run_after=2023-12-07T17:08:18.739154+00:00
[2023-12-07T17:08:18.764+0000] {processor.py:179} INFO - Processing /home/ubuntu/ec2_customer_chum_venv/lib/python3.10/site-packages/airflow/example_dags/example_latest_only_with_trigger.py took 0.076 seconds
[2023-12-07T17:09:04.994+0000] {processor.py:157} INFO - Started process (PID=6183) to work on /home/ubuntu/ec2_customer_chum_venv/lib/python3.10/site-packages/airflow/example_dags/example_latest_only_with_trigger.py
[2023-12-07T17:09:04.995+0000] {processor.py:829} INFO - Processing file /home/ubuntu/ec2_customer_chum_venv/lib/python3.10/site-packages/airflow/example_dags/example_latest_only_with_trigger.py for tasks to queue
[2023-12-07T17:09:04.996+0000] {logging_mixin.py:154} INFO - [2023-12-07T17:09:04.995+0000] {dagbag.py:536} INFO - Filling up the DagBag from /home/ubuntu/ec2_customer_chum_venv/lib/python3.10/site-packages/airflow/example_dags/example_latest_only_with_trigger.py
[2023-12-07T17:09:05.004+0000] {processor.py:839} INFO - DAG(s) dict_keys(['latest_only_with_trigger']) retrieved from /home/ubuntu/ec2_customer_chum_venv/lib/python3.10/site-packages/airflow/example_dags/example_latest_only_with_trigger.py
[2023-12-07T17:09:05.022+0000] {logging_mixin.py:154} INFO - [2023-12-07T17:09:05.022+0000] {dag.py:2941} INFO - Sync 1 DAGs
[2023-12-07T17:09:05.043+0000] {logging_mixin.py:154} INFO - [2023-12-07T17:09:05.043+0000] {dag.py:3722} INFO - Setting next_dagrun for latest_only_with_trigger to 2023-12-07T13:09:05.042928+00:00, run_after=2023-12-07T17:09:05.042928+00:00
[2023-12-07T17:09:05.070+0000] {processor.py:179} INFO - Processing /home/ubuntu/ec2_customer_chum_venv/lib/python3.10/site-packages/airflow/example_dags/example_latest_only_with_trigger.py took 0.080 seconds
[2023-12-07T17:09:47.353+0000] {processor.py:157} INFO - Started process (PID=6229) to work on /home/ubuntu/ec2_customer_chum_venv/lib/python3.10/site-packages/airflow/example_dags/example_latest_only_with_trigger.py
[2023-12-07T17:09:47.354+0000] {processor.py:829} INFO - Processing file /home/ubuntu/ec2_customer_chum_venv/lib/python3.10/site-packages/airflow/example_dags/example_latest_only_with_trigger.py for tasks to queue
[2023-12-07T17:09:47.355+0000] {logging_mixin.py:154} INFO - [2023-12-07T17:09:47.355+0000] {dagbag.py:536} INFO - Filling up the DagBag from /home/ubuntu/ec2_customer_chum_venv/lib/python3.10/site-packages/airflow/example_dags/example_latest_only_with_trigger.py
[2023-12-07T17:09:47.362+0000] {processor.py:839} INFO - DAG(s) dict_keys(['latest_only_with_trigger']) retrieved from /home/ubuntu/ec2_customer_chum_venv/lib/python3.10/site-packages/airflow/example_dags/example_latest_only_with_trigger.py
[2023-12-07T17:09:47.380+0000] {logging_mixin.py:154} INFO - [2023-12-07T17:09:47.379+0000] {dag.py:2941} INFO - Sync 1 DAGs
[2023-12-07T17:09:47.400+0000] {logging_mixin.py:154} INFO - [2023-12-07T17:09:47.400+0000] {dag.py:3722} INFO - Setting next_dagrun for latest_only_with_trigger to 2023-12-07T13:09:47.400138+00:00, run_after=2023-12-07T17:09:47.400138+00:00
[2023-12-07T17:09:47.424+0000] {processor.py:179} INFO - Processing /home/ubuntu/ec2_customer_chum_venv/lib/python3.10/site-packages/airflow/example_dags/example_latest_only_with_trigger.py took 0.075 seconds
[2023-12-07T17:10:33.604+0000] {processor.py:157} INFO - Started process (PID=6274) to work on /home/ubuntu/ec2_customer_chum_venv/lib/python3.10/site-packages/airflow/example_dags/example_latest_only_with_trigger.py
[2023-12-07T17:10:33.605+0000] {processor.py:829} INFO - Processing file /home/ubuntu/ec2_customer_chum_venv/lib/python3.10/site-packages/airflow/example_dags/example_latest_only_with_trigger.py for tasks to queue
[2023-12-07T17:10:33.606+0000] {logging_mixin.py:154} INFO - [2023-12-07T17:10:33.606+0000] {dagbag.py:536} INFO - Filling up the DagBag from /home/ubuntu/ec2_customer_chum_venv/lib/python3.10/site-packages/airflow/example_dags/example_latest_only_with_trigger.py
[2023-12-07T17:10:33.613+0000] {processor.py:839} INFO - DAG(s) dict_keys(['latest_only_with_trigger']) retrieved from /home/ubuntu/ec2_customer_chum_venv/lib/python3.10/site-packages/airflow/example_dags/example_latest_only_with_trigger.py
[2023-12-07T17:10:33.632+0000] {logging_mixin.py:154} INFO - [2023-12-07T17:10:33.631+0000] {dag.py:2941} INFO - Sync 1 DAGs
[2023-12-07T17:10:33.653+0000] {logging_mixin.py:154} INFO - [2023-12-07T17:10:33.653+0000] {dag.py:3722} INFO - Setting next_dagrun for latest_only_with_trigger to 2023-12-07T13:10:33.652958+00:00, run_after=2023-12-07T17:10:33.652958+00:00
[2023-12-07T17:10:33.676+0000] {processor.py:179} INFO - Processing /home/ubuntu/ec2_customer_chum_venv/lib/python3.10/site-packages/airflow/example_dags/example_latest_only_with_trigger.py took 0.076 seconds
[2023-12-07T17:11:17.982+0000] {processor.py:157} INFO - Started process (PID=6320) to work on /home/ubuntu/ec2_customer_chum_venv/lib/python3.10/site-packages/airflow/example_dags/example_latest_only_with_trigger.py
[2023-12-07T17:11:17.984+0000] {processor.py:829} INFO - Processing file /home/ubuntu/ec2_customer_chum_venv/lib/python3.10/site-packages/airflow/example_dags/example_latest_only_with_trigger.py for tasks to queue
[2023-12-07T17:11:17.985+0000] {logging_mixin.py:154} INFO - [2023-12-07T17:11:17.984+0000] {dagbag.py:536} INFO - Filling up the DagBag from /home/ubuntu/ec2_customer_chum_venv/lib/python3.10/site-packages/airflow/example_dags/example_latest_only_with_trigger.py
[2023-12-07T17:11:17.991+0000] {processor.py:839} INFO - DAG(s) dict_keys(['latest_only_with_trigger']) retrieved from /home/ubuntu/ec2_customer_chum_venv/lib/python3.10/site-packages/airflow/example_dags/example_latest_only_with_trigger.py
[2023-12-07T17:11:18.019+0000] {logging_mixin.py:154} INFO - [2023-12-07T17:11:18.019+0000] {dag.py:2941} INFO - Sync 1 DAGs
[2023-12-07T17:11:18.040+0000] {logging_mixin.py:154} INFO - [2023-12-07T17:11:18.039+0000] {dag.py:3722} INFO - Setting next_dagrun for latest_only_with_trigger to 2023-12-07T13:11:18.039537+00:00, run_after=2023-12-07T17:11:18.039537+00:00
[2023-12-07T17:11:18.064+0000] {processor.py:179} INFO - Processing /home/ubuntu/ec2_customer_chum_venv/lib/python3.10/site-packages/airflow/example_dags/example_latest_only_with_trigger.py took 0.085 seconds
[2023-12-07T17:12:03.802+0000] {processor.py:157} INFO - Started process (PID=6373) to work on /home/ubuntu/ec2_customer_chum_venv/lib/python3.10/site-packages/airflow/example_dags/example_latest_only_with_trigger.py
[2023-12-07T17:12:03.804+0000] {processor.py:829} INFO - Processing file /home/ubuntu/ec2_customer_chum_venv/lib/python3.10/site-packages/airflow/example_dags/example_latest_only_with_trigger.py for tasks to queue
[2023-12-07T17:12:03.805+0000] {logging_mixin.py:154} INFO - [2023-12-07T17:12:03.804+0000] {dagbag.py:536} INFO - Filling up the DagBag from /home/ubuntu/ec2_customer_chum_venv/lib/python3.10/site-packages/airflow/example_dags/example_latest_only_with_trigger.py
[2023-12-07T17:12:03.812+0000] {processor.py:839} INFO - DAG(s) dict_keys(['latest_only_with_trigger']) retrieved from /home/ubuntu/ec2_customer_chum_venv/lib/python3.10/site-packages/airflow/example_dags/example_latest_only_with_trigger.py
[2023-12-07T17:12:03.830+0000] {logging_mixin.py:154} INFO - [2023-12-07T17:12:03.830+0000] {dag.py:2941} INFO - Sync 1 DAGs
[2023-12-07T17:12:03.851+0000] {logging_mixin.py:154} INFO - [2023-12-07T17:12:03.851+0000] {dag.py:3722} INFO - Setting next_dagrun for latest_only_with_trigger to 2023-12-07T13:12:03.851298+00:00, run_after=2023-12-07T17:12:03.851298+00:00
[2023-12-07T17:12:03.876+0000] {processor.py:179} INFO - Processing /home/ubuntu/ec2_customer_chum_venv/lib/python3.10/site-packages/airflow/example_dags/example_latest_only_with_trigger.py took 0.077 seconds
[2023-12-07T17:12:51.114+0000] {processor.py:157} INFO - Started process (PID=6422) to work on /home/ubuntu/ec2_customer_chum_venv/lib/python3.10/site-packages/airflow/example_dags/example_latest_only_with_trigger.py
[2023-12-07T17:12:51.115+0000] {processor.py:829} INFO - Processing file /home/ubuntu/ec2_customer_chum_venv/lib/python3.10/site-packages/airflow/example_dags/example_latest_only_with_trigger.py for tasks to queue
[2023-12-07T17:12:51.116+0000] {logging_mixin.py:154} INFO - [2023-12-07T17:12:51.116+0000] {dagbag.py:536} INFO - Filling up the DagBag from /home/ubuntu/ec2_customer_chum_venv/lib/python3.10/site-packages/airflow/example_dags/example_latest_only_with_trigger.py
[2023-12-07T17:12:51.123+0000] {processor.py:839} INFO - DAG(s) dict_keys(['latest_only_with_trigger']) retrieved from /home/ubuntu/ec2_customer_chum_venv/lib/python3.10/site-packages/airflow/example_dags/example_latest_only_with_trigger.py
[2023-12-07T17:12:51.140+0000] {logging_mixin.py:154} INFO - [2023-12-07T17:12:51.140+0000] {dag.py:2941} INFO - Sync 1 DAGs
[2023-12-07T17:12:51.161+0000] {logging_mixin.py:154} INFO - [2023-12-07T17:12:51.161+0000] {dag.py:3722} INFO - Setting next_dagrun for latest_only_with_trigger to 2023-12-07T13:12:51.161076+00:00, run_after=2023-12-07T17:12:51.161076+00:00
[2023-12-07T17:12:51.185+0000] {processor.py:179} INFO - Processing /home/ubuntu/ec2_customer_chum_venv/lib/python3.10/site-packages/airflow/example_dags/example_latest_only_with_trigger.py took 0.074 seconds
[2023-12-07T17:13:37.602+0000] {processor.py:157} INFO - Started process (PID=6556) to work on /home/ubuntu/ec2_customer_chum_venv/lib/python3.10/site-packages/airflow/example_dags/example_latest_only_with_trigger.py
[2023-12-07T17:13:37.604+0000] {processor.py:829} INFO - Processing file /home/ubuntu/ec2_customer_chum_venv/lib/python3.10/site-packages/airflow/example_dags/example_latest_only_with_trigger.py for tasks to queue
[2023-12-07T17:13:37.605+0000] {logging_mixin.py:154} INFO - [2023-12-07T17:13:37.604+0000] {dagbag.py:536} INFO - Filling up the DagBag from /home/ubuntu/ec2_customer_chum_venv/lib/python3.10/site-packages/airflow/example_dags/example_latest_only_with_trigger.py
[2023-12-07T17:13:37.611+0000] {processor.py:839} INFO - DAG(s) dict_keys(['latest_only_with_trigger']) retrieved from /home/ubuntu/ec2_customer_chum_venv/lib/python3.10/site-packages/airflow/example_dags/example_latest_only_with_trigger.py
[2023-12-07T17:13:37.629+0000] {logging_mixin.py:154} INFO - [2023-12-07T17:13:37.629+0000] {dag.py:2941} INFO - Sync 1 DAGs
[2023-12-07T17:13:37.649+0000] {logging_mixin.py:154} INFO - [2023-12-07T17:13:37.649+0000] {dag.py:3722} INFO - Setting next_dagrun for latest_only_with_trigger to 2023-12-07T13:13:37.649394+00:00, run_after=2023-12-07T17:13:37.649394+00:00
[2023-12-07T17:13:37.675+0000] {processor.py:179} INFO - Processing /home/ubuntu/ec2_customer_chum_venv/lib/python3.10/site-packages/airflow/example_dags/example_latest_only_with_trigger.py took 0.076 seconds
[2023-12-07T17:14:18.144+0000] {processor.py:157} INFO - Started process (PID=6598) to work on /home/ubuntu/ec2_customer_chum_venv/lib/python3.10/site-packages/airflow/example_dags/example_latest_only_with_trigger.py
[2023-12-07T17:14:18.145+0000] {processor.py:829} INFO - Processing file /home/ubuntu/ec2_customer_chum_venv/lib/python3.10/site-packages/airflow/example_dags/example_latest_only_with_trigger.py for tasks to queue
[2023-12-07T17:14:18.146+0000] {logging_mixin.py:154} INFO - [2023-12-07T17:14:18.146+0000] {dagbag.py:536} INFO - Filling up the DagBag from /home/ubuntu/ec2_customer_chum_venv/lib/python3.10/site-packages/airflow/example_dags/example_latest_only_with_trigger.py
[2023-12-07T17:14:18.153+0000] {processor.py:839} INFO - DAG(s) dict_keys(['latest_only_with_trigger']) retrieved from /home/ubuntu/ec2_customer_chum_venv/lib/python3.10/site-packages/airflow/example_dags/example_latest_only_with_trigger.py
[2023-12-07T17:14:18.171+0000] {logging_mixin.py:154} INFO - [2023-12-07T17:14:18.171+0000] {dag.py:2941} INFO - Sync 1 DAGs
[2023-12-07T17:14:18.192+0000] {logging_mixin.py:154} INFO - [2023-12-07T17:14:18.191+0000] {dag.py:3722} INFO - Setting next_dagrun for latest_only_with_trigger to 2023-12-07T13:14:18.191511+00:00, run_after=2023-12-07T17:14:18.191511+00:00
[2023-12-07T17:14:18.215+0000] {processor.py:179} INFO - Processing /home/ubuntu/ec2_customer_chum_venv/lib/python3.10/site-packages/airflow/example_dags/example_latest_only_with_trigger.py took 0.074 seconds
[2023-12-07T17:15:01.671+0000] {processor.py:157} INFO - Started process (PID=6710) to work on /home/ubuntu/ec2_customer_chum_venv/lib/python3.10/site-packages/airflow/example_dags/example_latest_only_with_trigger.py
[2023-12-07T17:15:01.673+0000] {processor.py:829} INFO - Processing file /home/ubuntu/ec2_customer_chum_venv/lib/python3.10/site-packages/airflow/example_dags/example_latest_only_with_trigger.py for tasks to queue
[2023-12-07T17:15:01.674+0000] {logging_mixin.py:154} INFO - [2023-12-07T17:15:01.673+0000] {dagbag.py:536} INFO - Filling up the DagBag from /home/ubuntu/ec2_customer_chum_venv/lib/python3.10/site-packages/airflow/example_dags/example_latest_only_with_trigger.py
[2023-12-07T17:15:01.681+0000] {processor.py:839} INFO - DAG(s) dict_keys(['latest_only_with_trigger']) retrieved from /home/ubuntu/ec2_customer_chum_venv/lib/python3.10/site-packages/airflow/example_dags/example_latest_only_with_trigger.py
[2023-12-07T17:15:01.700+0000] {logging_mixin.py:154} INFO - [2023-12-07T17:15:01.699+0000] {dag.py:2941} INFO - Sync 1 DAGs
[2023-12-07T17:15:01.721+0000] {logging_mixin.py:154} INFO - [2023-12-07T17:15:01.721+0000] {dag.py:3722} INFO - Setting next_dagrun for latest_only_with_trigger to 2023-12-07T13:15:01.720844+00:00, run_after=2023-12-07T17:15:01.720844+00:00
[2023-12-07T17:15:01.746+0000] {processor.py:179} INFO - Processing /home/ubuntu/ec2_customer_chum_venv/lib/python3.10/site-packages/airflow/example_dags/example_latest_only_with_trigger.py took 0.079 seconds
