[2023-12-07T16:49:51.175+0000] {processor.py:157} INFO - Started process (PID=5002) to work on /home/ubuntu/ec2_customer_chum_venv/lib/python3.10/site-packages/airflow/example_dags/example_params_trigger_ui.py
[2023-12-07T16:49:51.176+0000] {processor.py:829} INFO - Processing file /home/ubuntu/ec2_customer_chum_venv/lib/python3.10/site-packages/airflow/example_dags/example_params_trigger_ui.py for tasks to queue
[2023-12-07T16:49:51.176+0000] {logging_mixin.py:154} INFO - [2023-12-07T16:49:51.176+0000] {dagbag.py:536} INFO - Filling up the DagBag from /home/ubuntu/ec2_customer_chum_venv/lib/python3.10/site-packages/airflow/example_dags/example_params_trigger_ui.py
[2023-12-07T16:49:51.196+0000] {processor.py:839} INFO - DAG(s) dict_keys(['example_params_trigger_ui']) retrieved from /home/ubuntu/ec2_customer_chum_venv/lib/python3.10/site-packages/airflow/example_dags/example_params_trigger_ui.py
[2023-12-07T16:49:51.339+0000] {logging_mixin.py:154} INFO - [2023-12-07T16:49:51.339+0000] {manager.py:499} INFO - Created Permission View: %s
[2023-12-07T16:49:51.355+0000] {logging_mixin.py:154} INFO - [2023-12-07T16:49:51.354+0000] {manager.py:499} INFO - Created Permission View: %s
[2023-12-07T16:49:51.367+0000] {logging_mixin.py:154} INFO - [2023-12-07T16:49:51.367+0000] {manager.py:499} INFO - Created Permission View: %s
[2023-12-07T16:49:51.367+0000] {logging_mixin.py:154} INFO - [2023-12-07T16:49:51.367+0000] {dag.py:2941} INFO - Sync 1 DAGs
[2023-12-07T16:49:51.379+0000] {logging_mixin.py:154} INFO - [2023-12-07T16:49:51.378+0000] {dag.py:2963} INFO - Creating ORM DAG for example_params_trigger_ui
[2023-12-07T16:49:51.379+0000] {logging_mixin.py:154} INFO - [2023-12-07T16:49:51.379+0000] {dag.py:3722} INFO - Setting next_dagrun for example_params_trigger_ui to None, run_after=None
[2023-12-07T16:49:51.405+0000] {processor.py:179} INFO - Processing /home/ubuntu/ec2_customer_chum_venv/lib/python3.10/site-packages/airflow/example_dags/example_params_trigger_ui.py took 0.234 seconds
[2023-12-07T16:50:44.400+0000] {processor.py:157} INFO - Started process (PID=5055) to work on /home/ubuntu/ec2_customer_chum_venv/lib/python3.10/site-packages/airflow/example_dags/example_params_trigger_ui.py
[2023-12-07T16:50:44.401+0000] {processor.py:829} INFO - Processing file /home/ubuntu/ec2_customer_chum_venv/lib/python3.10/site-packages/airflow/example_dags/example_params_trigger_ui.py for tasks to queue
[2023-12-07T16:50:44.402+0000] {logging_mixin.py:154} INFO - [2023-12-07T16:50:44.402+0000] {dagbag.py:536} INFO - Filling up the DagBag from /home/ubuntu/ec2_customer_chum_venv/lib/python3.10/site-packages/airflow/example_dags/example_params_trigger_ui.py
[2023-12-07T16:50:44.421+0000] {processor.py:839} INFO - DAG(s) dict_keys(['example_params_trigger_ui']) retrieved from /home/ubuntu/ec2_customer_chum_venv/lib/python3.10/site-packages/airflow/example_dags/example_params_trigger_ui.py
[2023-12-07T16:50:44.466+0000] {logging_mixin.py:154} INFO - [2023-12-07T16:50:44.466+0000] {dag.py:2941} INFO - Sync 1 DAGs
[2023-12-07T16:50:44.479+0000] {logging_mixin.py:154} INFO - [2023-12-07T16:50:44.479+0000] {dag.py:3722} INFO - Setting next_dagrun for example_params_trigger_ui to None, run_after=None
[2023-12-07T16:50:44.502+0000] {processor.py:179} INFO - Processing /home/ubuntu/ec2_customer_chum_venv/lib/python3.10/site-packages/airflow/example_dags/example_params_trigger_ui.py took 0.105 seconds
[2023-12-07T16:51:32.838+0000] {processor.py:157} INFO - Started process (PID=5105) to work on /home/ubuntu/ec2_customer_chum_venv/lib/python3.10/site-packages/airflow/example_dags/example_params_trigger_ui.py
[2023-12-07T16:51:32.840+0000] {processor.py:829} INFO - Processing file /home/ubuntu/ec2_customer_chum_venv/lib/python3.10/site-packages/airflow/example_dags/example_params_trigger_ui.py for tasks to queue
[2023-12-07T16:51:32.841+0000] {logging_mixin.py:154} INFO - [2023-12-07T16:51:32.841+0000] {dagbag.py:536} INFO - Filling up the DagBag from /home/ubuntu/ec2_customer_chum_venv/lib/python3.10/site-packages/airflow/example_dags/example_params_trigger_ui.py
[2023-12-07T16:51:32.859+0000] {processor.py:839} INFO - DAG(s) dict_keys(['example_params_trigger_ui']) retrieved from /home/ubuntu/ec2_customer_chum_venv/lib/python3.10/site-packages/airflow/example_dags/example_params_trigger_ui.py
[2023-12-07T16:51:32.904+0000] {logging_mixin.py:154} INFO - [2023-12-07T16:51:32.904+0000] {dag.py:2941} INFO - Sync 1 DAGs
[2023-12-07T16:51:32.916+0000] {logging_mixin.py:154} INFO - [2023-12-07T16:51:32.916+0000] {dag.py:3722} INFO - Setting next_dagrun for example_params_trigger_ui to None, run_after=None
[2023-12-07T16:51:32.941+0000] {processor.py:179} INFO - Processing /home/ubuntu/ec2_customer_chum_venv/lib/python3.10/site-packages/airflow/example_dags/example_params_trigger_ui.py took 0.107 seconds
[2023-12-07T16:52:22.405+0000] {processor.py:157} INFO - Started process (PID=5158) to work on /home/ubuntu/ec2_customer_chum_venv/lib/python3.10/site-packages/airflow/example_dags/example_params_trigger_ui.py
[2023-12-07T16:52:22.407+0000] {processor.py:829} INFO - Processing file /home/ubuntu/ec2_customer_chum_venv/lib/python3.10/site-packages/airflow/example_dags/example_params_trigger_ui.py for tasks to queue
[2023-12-07T16:52:22.408+0000] {logging_mixin.py:154} INFO - [2023-12-07T16:52:22.407+0000] {dagbag.py:536} INFO - Filling up the DagBag from /home/ubuntu/ec2_customer_chum_venv/lib/python3.10/site-packages/airflow/example_dags/example_params_trigger_ui.py
[2023-12-07T16:52:22.426+0000] {processor.py:839} INFO - DAG(s) dict_keys(['example_params_trigger_ui']) retrieved from /home/ubuntu/ec2_customer_chum_venv/lib/python3.10/site-packages/airflow/example_dags/example_params_trigger_ui.py
[2023-12-07T16:52:22.473+0000] {logging_mixin.py:154} INFO - [2023-12-07T16:52:22.473+0000] {dag.py:2941} INFO - Sync 1 DAGs
[2023-12-07T16:52:22.486+0000] {logging_mixin.py:154} INFO - [2023-12-07T16:52:22.486+0000] {dag.py:3722} INFO - Setting next_dagrun for example_params_trigger_ui to None, run_after=None
[2023-12-07T16:52:22.508+0000] {processor.py:179} INFO - Processing /home/ubuntu/ec2_customer_chum_venv/lib/python3.10/site-packages/airflow/example_dags/example_params_trigger_ui.py took 0.106 seconds
[2023-12-07T16:54:18.341+0000] {processor.py:157} INFO - Started process (PID=5265) to work on /home/ubuntu/ec2_customer_chum_venv/lib/python3.10/site-packages/airflow/example_dags/example_params_trigger_ui.py
[2023-12-07T16:54:18.343+0000] {processor.py:829} INFO - Processing file /home/ubuntu/ec2_customer_chum_venv/lib/python3.10/site-packages/airflow/example_dags/example_params_trigger_ui.py for tasks to queue
[2023-12-07T16:54:18.343+0000] {logging_mixin.py:154} INFO - [2023-12-07T16:54:18.343+0000] {dagbag.py:536} INFO - Filling up the DagBag from /home/ubuntu/ec2_customer_chum_venv/lib/python3.10/site-packages/airflow/example_dags/example_params_trigger_ui.py
[2023-12-07T16:54:18.362+0000] {processor.py:839} INFO - DAG(s) dict_keys(['example_params_trigger_ui']) retrieved from /home/ubuntu/ec2_customer_chum_venv/lib/python3.10/site-packages/airflow/example_dags/example_params_trigger_ui.py
[2023-12-07T16:54:18.409+0000] {logging_mixin.py:154} INFO - [2023-12-07T16:54:18.408+0000] {dag.py:2941} INFO - Sync 1 DAGs
[2023-12-07T16:54:18.421+0000] {logging_mixin.py:154} INFO - [2023-12-07T16:54:18.420+0000] {dag.py:3722} INFO - Setting next_dagrun for example_params_trigger_ui to None, run_after=None
[2023-12-07T16:54:18.443+0000] {processor.py:179} INFO - Processing /home/ubuntu/ec2_customer_chum_venv/lib/python3.10/site-packages/airflow/example_dags/example_params_trigger_ui.py took 0.106 seconds
[2023-12-07T16:55:04.700+0000] {processor.py:157} INFO - Started process (PID=5313) to work on /home/ubuntu/ec2_customer_chum_venv/lib/python3.10/site-packages/airflow/example_dags/example_params_trigger_ui.py
[2023-12-07T16:55:04.701+0000] {processor.py:829} INFO - Processing file /home/ubuntu/ec2_customer_chum_venv/lib/python3.10/site-packages/airflow/example_dags/example_params_trigger_ui.py for tasks to queue
[2023-12-07T16:55:04.702+0000] {logging_mixin.py:154} INFO - [2023-12-07T16:55:04.702+0000] {dagbag.py:536} INFO - Filling up the DagBag from /home/ubuntu/ec2_customer_chum_venv/lib/python3.10/site-packages/airflow/example_dags/example_params_trigger_ui.py
[2023-12-07T16:55:04.720+0000] {processor.py:839} INFO - DAG(s) dict_keys(['example_params_trigger_ui']) retrieved from /home/ubuntu/ec2_customer_chum_venv/lib/python3.10/site-packages/airflow/example_dags/example_params_trigger_ui.py
[2023-12-07T16:55:04.766+0000] {logging_mixin.py:154} INFO - [2023-12-07T16:55:04.766+0000] {dag.py:2941} INFO - Sync 1 DAGs
[2023-12-07T16:55:04.778+0000] {logging_mixin.py:154} INFO - [2023-12-07T16:55:04.778+0000] {dag.py:3722} INFO - Setting next_dagrun for example_params_trigger_ui to None, run_after=None
[2023-12-07T16:55:04.804+0000] {processor.py:179} INFO - Processing /home/ubuntu/ec2_customer_chum_venv/lib/python3.10/site-packages/airflow/example_dags/example_params_trigger_ui.py took 0.107 seconds
[2023-12-07T16:55:49.174+0000] {processor.py:157} INFO - Started process (PID=5361) to work on /home/ubuntu/ec2_customer_chum_venv/lib/python3.10/site-packages/airflow/example_dags/example_params_trigger_ui.py
[2023-12-07T16:55:49.176+0000] {processor.py:829} INFO - Processing file /home/ubuntu/ec2_customer_chum_venv/lib/python3.10/site-packages/airflow/example_dags/example_params_trigger_ui.py for tasks to queue
[2023-12-07T16:55:49.176+0000] {logging_mixin.py:154} INFO - [2023-12-07T16:55:49.176+0000] {dagbag.py:536} INFO - Filling up the DagBag from /home/ubuntu/ec2_customer_chum_venv/lib/python3.10/site-packages/airflow/example_dags/example_params_trigger_ui.py
[2023-12-07T16:55:49.195+0000] {processor.py:839} INFO - DAG(s) dict_keys(['example_params_trigger_ui']) retrieved from /home/ubuntu/ec2_customer_chum_venv/lib/python3.10/site-packages/airflow/example_dags/example_params_trigger_ui.py
[2023-12-07T16:55:49.241+0000] {logging_mixin.py:154} INFO - [2023-12-07T16:55:49.240+0000] {dag.py:2941} INFO - Sync 1 DAGs
[2023-12-07T16:55:49.253+0000] {logging_mixin.py:154} INFO - [2023-12-07T16:55:49.253+0000] {dag.py:3722} INFO - Setting next_dagrun for example_params_trigger_ui to None, run_after=None
[2023-12-07T16:55:49.277+0000] {processor.py:179} INFO - Processing /home/ubuntu/ec2_customer_chum_venv/lib/python3.10/site-packages/airflow/example_dags/example_params_trigger_ui.py took 0.106 seconds
[2023-12-07T16:56:33.607+0000] {processor.py:157} INFO - Started process (PID=5407) to work on /home/ubuntu/ec2_customer_chum_venv/lib/python3.10/site-packages/airflow/example_dags/example_params_trigger_ui.py
[2023-12-07T16:56:33.608+0000] {processor.py:829} INFO - Processing file /home/ubuntu/ec2_customer_chum_venv/lib/python3.10/site-packages/airflow/example_dags/example_params_trigger_ui.py for tasks to queue
[2023-12-07T16:56:33.609+0000] {logging_mixin.py:154} INFO - [2023-12-07T16:56:33.609+0000] {dagbag.py:536} INFO - Filling up the DagBag from /home/ubuntu/ec2_customer_chum_venv/lib/python3.10/site-packages/airflow/example_dags/example_params_trigger_ui.py
[2023-12-07T16:56:33.628+0000] {processor.py:839} INFO - DAG(s) dict_keys(['example_params_trigger_ui']) retrieved from /home/ubuntu/ec2_customer_chum_venv/lib/python3.10/site-packages/airflow/example_dags/example_params_trigger_ui.py
[2023-12-07T16:56:33.674+0000] {logging_mixin.py:154} INFO - [2023-12-07T16:56:33.673+0000] {dag.py:2941} INFO - Sync 1 DAGs
[2023-12-07T16:56:33.686+0000] {logging_mixin.py:154} INFO - [2023-12-07T16:56:33.686+0000] {dag.py:3722} INFO - Setting next_dagrun for example_params_trigger_ui to None, run_after=None
[2023-12-07T16:56:33.709+0000] {processor.py:179} INFO - Processing /home/ubuntu/ec2_customer_chum_venv/lib/python3.10/site-packages/airflow/example_dags/example_params_trigger_ui.py took 0.106 seconds
[2023-12-07T16:57:31.912+0000] {processor.py:157} INFO - Started process (PID=5467) to work on /home/ubuntu/ec2_customer_chum_venv/lib/python3.10/site-packages/airflow/example_dags/example_params_trigger_ui.py
[2023-12-07T16:57:31.914+0000] {processor.py:829} INFO - Processing file /home/ubuntu/ec2_customer_chum_venv/lib/python3.10/site-packages/airflow/example_dags/example_params_trigger_ui.py for tasks to queue
[2023-12-07T16:57:31.914+0000] {logging_mixin.py:154} INFO - [2023-12-07T16:57:31.914+0000] {dagbag.py:536} INFO - Filling up the DagBag from /home/ubuntu/ec2_customer_chum_venv/lib/python3.10/site-packages/airflow/example_dags/example_params_trigger_ui.py
[2023-12-07T16:57:31.932+0000] {processor.py:839} INFO - DAG(s) dict_keys(['example_params_trigger_ui']) retrieved from /home/ubuntu/ec2_customer_chum_venv/lib/python3.10/site-packages/airflow/example_dags/example_params_trigger_ui.py
[2023-12-07T16:57:31.978+0000] {logging_mixin.py:154} INFO - [2023-12-07T16:57:31.978+0000] {dag.py:2941} INFO - Sync 1 DAGs
[2023-12-07T16:57:31.990+0000] {logging_mixin.py:154} INFO - [2023-12-07T16:57:31.990+0000] {dag.py:3722} INFO - Setting next_dagrun for example_params_trigger_ui to None, run_after=None
[2023-12-07T16:57:32.017+0000] {processor.py:179} INFO - Processing /home/ubuntu/ec2_customer_chum_venv/lib/python3.10/site-packages/airflow/example_dags/example_params_trigger_ui.py took 0.109 seconds
[2023-12-07T16:58:29.486+0000] {processor.py:157} INFO - Started process (PID=5528) to work on /home/ubuntu/ec2_customer_chum_venv/lib/python3.10/site-packages/airflow/example_dags/example_params_trigger_ui.py
[2023-12-07T16:58:29.488+0000] {processor.py:829} INFO - Processing file /home/ubuntu/ec2_customer_chum_venv/lib/python3.10/site-packages/airflow/example_dags/example_params_trigger_ui.py for tasks to queue
[2023-12-07T16:58:29.488+0000] {logging_mixin.py:154} INFO - [2023-12-07T16:58:29.488+0000] {dagbag.py:536} INFO - Filling up the DagBag from /home/ubuntu/ec2_customer_chum_venv/lib/python3.10/site-packages/airflow/example_dags/example_params_trigger_ui.py
[2023-12-07T16:58:29.507+0000] {processor.py:839} INFO - DAG(s) dict_keys(['example_params_trigger_ui']) retrieved from /home/ubuntu/ec2_customer_chum_venv/lib/python3.10/site-packages/airflow/example_dags/example_params_trigger_ui.py
[2023-12-07T16:58:29.552+0000] {logging_mixin.py:154} INFO - [2023-12-07T16:58:29.551+0000] {dag.py:2941} INFO - Sync 1 DAGs
[2023-12-07T16:58:29.564+0000] {logging_mixin.py:154} INFO - [2023-12-07T16:58:29.563+0000] {dag.py:3722} INFO - Setting next_dagrun for example_params_trigger_ui to None, run_after=None
[2023-12-07T16:58:29.585+0000] {processor.py:179} INFO - Processing /home/ubuntu/ec2_customer_chum_venv/lib/python3.10/site-packages/airflow/example_dags/example_params_trigger_ui.py took 0.102 seconds
[2023-12-07T16:59:12.160+0000] {processor.py:157} INFO - Started process (PID=5574) to work on /home/ubuntu/ec2_customer_chum_venv/lib/python3.10/site-packages/airflow/example_dags/example_params_trigger_ui.py
[2023-12-07T16:59:12.161+0000] {processor.py:829} INFO - Processing file /home/ubuntu/ec2_customer_chum_venv/lib/python3.10/site-packages/airflow/example_dags/example_params_trigger_ui.py for tasks to queue
[2023-12-07T16:59:12.162+0000] {logging_mixin.py:154} INFO - [2023-12-07T16:59:12.162+0000] {dagbag.py:536} INFO - Filling up the DagBag from /home/ubuntu/ec2_customer_chum_venv/lib/python3.10/site-packages/airflow/example_dags/example_params_trigger_ui.py
[2023-12-07T16:59:12.180+0000] {processor.py:839} INFO - DAG(s) dict_keys(['example_params_trigger_ui']) retrieved from /home/ubuntu/ec2_customer_chum_venv/lib/python3.10/site-packages/airflow/example_dags/example_params_trigger_ui.py
[2023-12-07T16:59:12.225+0000] {logging_mixin.py:154} INFO - [2023-12-07T16:59:12.225+0000] {dag.py:2941} INFO - Sync 1 DAGs
[2023-12-07T16:59:12.237+0000] {logging_mixin.py:154} INFO - [2023-12-07T16:59:12.237+0000] {dag.py:3722} INFO - Setting next_dagrun for example_params_trigger_ui to None, run_after=None
[2023-12-07T16:59:12.260+0000] {processor.py:179} INFO - Processing /home/ubuntu/ec2_customer_chum_venv/lib/python3.10/site-packages/airflow/example_dags/example_params_trigger_ui.py took 0.104 seconds
[2023-12-07T17:00:10.488+0000] {processor.py:157} INFO - Started process (PID=5634) to work on /home/ubuntu/ec2_customer_chum_venv/lib/python3.10/site-packages/airflow/example_dags/example_params_trigger_ui.py
[2023-12-07T17:00:10.489+0000] {processor.py:829} INFO - Processing file /home/ubuntu/ec2_customer_chum_venv/lib/python3.10/site-packages/airflow/example_dags/example_params_trigger_ui.py for tasks to queue
[2023-12-07T17:00:10.490+0000] {logging_mixin.py:154} INFO - [2023-12-07T17:00:10.490+0000] {dagbag.py:536} INFO - Filling up the DagBag from /home/ubuntu/ec2_customer_chum_venv/lib/python3.10/site-packages/airflow/example_dags/example_params_trigger_ui.py
[2023-12-07T17:00:10.509+0000] {processor.py:839} INFO - DAG(s) dict_keys(['example_params_trigger_ui']) retrieved from /home/ubuntu/ec2_customer_chum_venv/lib/python3.10/site-packages/airflow/example_dags/example_params_trigger_ui.py
[2023-12-07T17:00:10.555+0000] {logging_mixin.py:154} INFO - [2023-12-07T17:00:10.555+0000] {dag.py:2941} INFO - Sync 1 DAGs
[2023-12-07T17:00:10.568+0000] {logging_mixin.py:154} INFO - [2023-12-07T17:00:10.568+0000] {dag.py:3722} INFO - Setting next_dagrun for example_params_trigger_ui to None, run_after=None
[2023-12-07T17:00:10.592+0000] {processor.py:179} INFO - Processing /home/ubuntu/ec2_customer_chum_venv/lib/python3.10/site-packages/airflow/example_dags/example_params_trigger_ui.py took 0.108 seconds
[2023-12-07T17:00:59.548+0000] {processor.py:157} INFO - Started process (PID=5684) to work on /home/ubuntu/ec2_customer_chum_venv/lib/python3.10/site-packages/airflow/example_dags/example_params_trigger_ui.py
[2023-12-07T17:00:59.549+0000] {processor.py:829} INFO - Processing file /home/ubuntu/ec2_customer_chum_venv/lib/python3.10/site-packages/airflow/example_dags/example_params_trigger_ui.py for tasks to queue
[2023-12-07T17:00:59.550+0000] {logging_mixin.py:154} INFO - [2023-12-07T17:00:59.550+0000] {dagbag.py:536} INFO - Filling up the DagBag from /home/ubuntu/ec2_customer_chum_venv/lib/python3.10/site-packages/airflow/example_dags/example_params_trigger_ui.py
[2023-12-07T17:00:59.569+0000] {processor.py:839} INFO - DAG(s) dict_keys(['example_params_trigger_ui']) retrieved from /home/ubuntu/ec2_customer_chum_venv/lib/python3.10/site-packages/airflow/example_dags/example_params_trigger_ui.py
[2023-12-07T17:00:59.616+0000] {logging_mixin.py:154} INFO - [2023-12-07T17:00:59.616+0000] {dag.py:2941} INFO - Sync 1 DAGs
[2023-12-07T17:00:59.629+0000] {logging_mixin.py:154} INFO - [2023-12-07T17:00:59.628+0000] {dag.py:3722} INFO - Setting next_dagrun for example_params_trigger_ui to None, run_after=None
[2023-12-07T17:00:59.653+0000] {processor.py:179} INFO - Processing /home/ubuntu/ec2_customer_chum_venv/lib/python3.10/site-packages/airflow/example_dags/example_params_trigger_ui.py took 0.108 seconds
[2023-12-07T17:01:45.362+0000] {processor.py:157} INFO - Started process (PID=5731) to work on /home/ubuntu/ec2_customer_chum_venv/lib/python3.10/site-packages/airflow/example_dags/example_params_trigger_ui.py
[2023-12-07T17:01:45.364+0000] {processor.py:829} INFO - Processing file /home/ubuntu/ec2_customer_chum_venv/lib/python3.10/site-packages/airflow/example_dags/example_params_trigger_ui.py for tasks to queue
[2023-12-07T17:01:45.365+0000] {logging_mixin.py:154} INFO - [2023-12-07T17:01:45.364+0000] {dagbag.py:536} INFO - Filling up the DagBag from /home/ubuntu/ec2_customer_chum_venv/lib/python3.10/site-packages/airflow/example_dags/example_params_trigger_ui.py
[2023-12-07T17:01:45.383+0000] {processor.py:839} INFO - DAG(s) dict_keys(['example_params_trigger_ui']) retrieved from /home/ubuntu/ec2_customer_chum_venv/lib/python3.10/site-packages/airflow/example_dags/example_params_trigger_ui.py
[2023-12-07T17:01:45.428+0000] {logging_mixin.py:154} INFO - [2023-12-07T17:01:45.428+0000] {dag.py:2941} INFO - Sync 1 DAGs
[2023-12-07T17:01:45.440+0000] {logging_mixin.py:154} INFO - [2023-12-07T17:01:45.440+0000] {dag.py:3722} INFO - Setting next_dagrun for example_params_trigger_ui to None, run_after=None
[2023-12-07T17:01:45.463+0000] {processor.py:179} INFO - Processing /home/ubuntu/ec2_customer_chum_venv/lib/python3.10/site-packages/airflow/example_dags/example_params_trigger_ui.py took 0.103 seconds
[2023-12-07T17:02:33.403+0000] {processor.py:157} INFO - Started process (PID=5779) to work on /home/ubuntu/ec2_customer_chum_venv/lib/python3.10/site-packages/airflow/example_dags/example_params_trigger_ui.py
[2023-12-07T17:02:33.405+0000] {processor.py:829} INFO - Processing file /home/ubuntu/ec2_customer_chum_venv/lib/python3.10/site-packages/airflow/example_dags/example_params_trigger_ui.py for tasks to queue
[2023-12-07T17:02:33.406+0000] {logging_mixin.py:154} INFO - [2023-12-07T17:02:33.405+0000] {dagbag.py:536} INFO - Filling up the DagBag from /home/ubuntu/ec2_customer_chum_venv/lib/python3.10/site-packages/airflow/example_dags/example_params_trigger_ui.py
[2023-12-07T17:02:33.424+0000] {processor.py:839} INFO - DAG(s) dict_keys(['example_params_trigger_ui']) retrieved from /home/ubuntu/ec2_customer_chum_venv/lib/python3.10/site-packages/airflow/example_dags/example_params_trigger_ui.py
[2023-12-07T17:02:33.470+0000] {logging_mixin.py:154} INFO - [2023-12-07T17:02:33.469+0000] {dag.py:2941} INFO - Sync 1 DAGs
[2023-12-07T17:02:33.482+0000] {logging_mixin.py:154} INFO - [2023-12-07T17:02:33.482+0000] {dag.py:3722} INFO - Setting next_dagrun for example_params_trigger_ui to None, run_after=None
[2023-12-07T17:02:33.505+0000] {processor.py:179} INFO - Processing /home/ubuntu/ec2_customer_chum_venv/lib/python3.10/site-packages/airflow/example_dags/example_params_trigger_ui.py took 0.105 seconds
[2023-12-07T17:03:22.157+0000] {processor.py:157} INFO - Started process (PID=5827) to work on /home/ubuntu/ec2_customer_chum_venv/lib/python3.10/site-packages/airflow/example_dags/example_params_trigger_ui.py
[2023-12-07T17:03:22.158+0000] {processor.py:829} INFO - Processing file /home/ubuntu/ec2_customer_chum_venv/lib/python3.10/site-packages/airflow/example_dags/example_params_trigger_ui.py for tasks to queue
[2023-12-07T17:03:22.159+0000] {logging_mixin.py:154} INFO - [2023-12-07T17:03:22.159+0000] {dagbag.py:536} INFO - Filling up the DagBag from /home/ubuntu/ec2_customer_chum_venv/lib/python3.10/site-packages/airflow/example_dags/example_params_trigger_ui.py
[2023-12-07T17:03:22.177+0000] {processor.py:839} INFO - DAG(s) dict_keys(['example_params_trigger_ui']) retrieved from /home/ubuntu/ec2_customer_chum_venv/lib/python3.10/site-packages/airflow/example_dags/example_params_trigger_ui.py
[2023-12-07T17:03:22.223+0000] {logging_mixin.py:154} INFO - [2023-12-07T17:03:22.223+0000] {dag.py:2941} INFO - Sync 1 DAGs
[2023-12-07T17:03:22.235+0000] {logging_mixin.py:154} INFO - [2023-12-07T17:03:22.235+0000] {dag.py:3722} INFO - Setting next_dagrun for example_params_trigger_ui to None, run_after=None
[2023-12-07T17:03:22.257+0000] {processor.py:179} INFO - Processing /home/ubuntu/ec2_customer_chum_venv/lib/python3.10/site-packages/airflow/example_dags/example_params_trigger_ui.py took 0.103 seconds
[2023-12-07T17:04:05.856+0000] {processor.py:157} INFO - Started process (PID=5873) to work on /home/ubuntu/ec2_customer_chum_venv/lib/python3.10/site-packages/airflow/example_dags/example_params_trigger_ui.py
[2023-12-07T17:04:05.857+0000] {processor.py:829} INFO - Processing file /home/ubuntu/ec2_customer_chum_venv/lib/python3.10/site-packages/airflow/example_dags/example_params_trigger_ui.py for tasks to queue
[2023-12-07T17:04:05.858+0000] {logging_mixin.py:154} INFO - [2023-12-07T17:04:05.857+0000] {dagbag.py:536} INFO - Filling up the DagBag from /home/ubuntu/ec2_customer_chum_venv/lib/python3.10/site-packages/airflow/example_dags/example_params_trigger_ui.py
[2023-12-07T17:04:05.876+0000] {processor.py:839} INFO - DAG(s) dict_keys(['example_params_trigger_ui']) retrieved from /home/ubuntu/ec2_customer_chum_venv/lib/python3.10/site-packages/airflow/example_dags/example_params_trigger_ui.py
[2023-12-07T17:04:05.922+0000] {logging_mixin.py:154} INFO - [2023-12-07T17:04:05.922+0000] {dag.py:2941} INFO - Sync 1 DAGs
[2023-12-07T17:04:05.935+0000] {logging_mixin.py:154} INFO - [2023-12-07T17:04:05.934+0000] {dag.py:3722} INFO - Setting next_dagrun for example_params_trigger_ui to None, run_after=None
[2023-12-07T17:04:05.958+0000] {processor.py:179} INFO - Processing /home/ubuntu/ec2_customer_chum_venv/lib/python3.10/site-packages/airflow/example_dags/example_params_trigger_ui.py took 0.106 seconds
[2023-12-07T17:04:52.683+0000] {processor.py:157} INFO - Started process (PID=5924) to work on /home/ubuntu/ec2_customer_chum_venv/lib/python3.10/site-packages/airflow/example_dags/example_params_trigger_ui.py
[2023-12-07T17:04:52.685+0000] {processor.py:829} INFO - Processing file /home/ubuntu/ec2_customer_chum_venv/lib/python3.10/site-packages/airflow/example_dags/example_params_trigger_ui.py for tasks to queue
[2023-12-07T17:04:52.686+0000] {logging_mixin.py:154} INFO - [2023-12-07T17:04:52.685+0000] {dagbag.py:536} INFO - Filling up the DagBag from /home/ubuntu/ec2_customer_chum_venv/lib/python3.10/site-packages/airflow/example_dags/example_params_trigger_ui.py
[2023-12-07T17:04:52.705+0000] {processor.py:839} INFO - DAG(s) dict_keys(['example_params_trigger_ui']) retrieved from /home/ubuntu/ec2_customer_chum_venv/lib/python3.10/site-packages/airflow/example_dags/example_params_trigger_ui.py
[2023-12-07T17:04:52.754+0000] {logging_mixin.py:154} INFO - [2023-12-07T17:04:52.753+0000] {dag.py:2941} INFO - Sync 1 DAGs
[2023-12-07T17:04:52.766+0000] {logging_mixin.py:154} INFO - [2023-12-07T17:04:52.766+0000] {dag.py:3722} INFO - Setting next_dagrun for example_params_trigger_ui to None, run_after=None
[2023-12-07T17:04:52.791+0000] {processor.py:179} INFO - Processing /home/ubuntu/ec2_customer_chum_venv/lib/python3.10/site-packages/airflow/example_dags/example_params_trigger_ui.py took 0.111 seconds
[2023-12-07T17:05:47.288+0000] {processor.py:157} INFO - Started process (PID=5982) to work on /home/ubuntu/ec2_customer_chum_venv/lib/python3.10/site-packages/airflow/example_dags/example_params_trigger_ui.py
[2023-12-07T17:05:47.290+0000] {processor.py:829} INFO - Processing file /home/ubuntu/ec2_customer_chum_venv/lib/python3.10/site-packages/airflow/example_dags/example_params_trigger_ui.py for tasks to queue
[2023-12-07T17:05:47.290+0000] {logging_mixin.py:154} INFO - [2023-12-07T17:05:47.290+0000] {dagbag.py:536} INFO - Filling up the DagBag from /home/ubuntu/ec2_customer_chum_venv/lib/python3.10/site-packages/airflow/example_dags/example_params_trigger_ui.py
[2023-12-07T17:05:47.309+0000] {processor.py:839} INFO - DAG(s) dict_keys(['example_params_trigger_ui']) retrieved from /home/ubuntu/ec2_customer_chum_venv/lib/python3.10/site-packages/airflow/example_dags/example_params_trigger_ui.py
[2023-12-07T17:05:47.356+0000] {logging_mixin.py:154} INFO - [2023-12-07T17:05:47.356+0000] {dag.py:2941} INFO - Sync 1 DAGs
[2023-12-07T17:05:47.368+0000] {logging_mixin.py:154} INFO - [2023-12-07T17:05:47.368+0000] {dag.py:3722} INFO - Setting next_dagrun for example_params_trigger_ui to None, run_after=None
[2023-12-07T17:05:47.391+0000] {processor.py:179} INFO - Processing /home/ubuntu/ec2_customer_chum_venv/lib/python3.10/site-packages/airflow/example_dags/example_params_trigger_ui.py took 0.106 seconds
[2023-12-07T17:06:33.194+0000] {processor.py:157} INFO - Started process (PID=6029) to work on /home/ubuntu/ec2_customer_chum_venv/lib/python3.10/site-packages/airflow/example_dags/example_params_trigger_ui.py
[2023-12-07T17:06:33.196+0000] {processor.py:829} INFO - Processing file /home/ubuntu/ec2_customer_chum_venv/lib/python3.10/site-packages/airflow/example_dags/example_params_trigger_ui.py for tasks to queue
[2023-12-07T17:06:33.197+0000] {logging_mixin.py:154} INFO - [2023-12-07T17:06:33.196+0000] {dagbag.py:536} INFO - Filling up the DagBag from /home/ubuntu/ec2_customer_chum_venv/lib/python3.10/site-packages/airflow/example_dags/example_params_trigger_ui.py
[2023-12-07T17:06:33.215+0000] {processor.py:839} INFO - DAG(s) dict_keys(['example_params_trigger_ui']) retrieved from /home/ubuntu/ec2_customer_chum_venv/lib/python3.10/site-packages/airflow/example_dags/example_params_trigger_ui.py
[2023-12-07T17:06:33.260+0000] {logging_mixin.py:154} INFO - [2023-12-07T17:06:33.260+0000] {dag.py:2941} INFO - Sync 1 DAGs
[2023-12-07T17:06:33.272+0000] {logging_mixin.py:154} INFO - [2023-12-07T17:06:33.272+0000] {dag.py:3722} INFO - Setting next_dagrun for example_params_trigger_ui to None, run_after=None
[2023-12-07T17:06:33.297+0000] {processor.py:179} INFO - Processing /home/ubuntu/ec2_customer_chum_venv/lib/python3.10/site-packages/airflow/example_dags/example_params_trigger_ui.py took 0.106 seconds
[2023-12-07T17:07:22.102+0000] {processor.py:157} INFO - Started process (PID=6078) to work on /home/ubuntu/ec2_customer_chum_venv/lib/python3.10/site-packages/airflow/example_dags/example_params_trigger_ui.py
[2023-12-07T17:07:22.104+0000] {processor.py:829} INFO - Processing file /home/ubuntu/ec2_customer_chum_venv/lib/python3.10/site-packages/airflow/example_dags/example_params_trigger_ui.py for tasks to queue
[2023-12-07T17:07:22.105+0000] {logging_mixin.py:154} INFO - [2023-12-07T17:07:22.104+0000] {dagbag.py:536} INFO - Filling up the DagBag from /home/ubuntu/ec2_customer_chum_venv/lib/python3.10/site-packages/airflow/example_dags/example_params_trigger_ui.py
[2023-12-07T17:07:22.123+0000] {processor.py:839} INFO - DAG(s) dict_keys(['example_params_trigger_ui']) retrieved from /home/ubuntu/ec2_customer_chum_venv/lib/python3.10/site-packages/airflow/example_dags/example_params_trigger_ui.py
[2023-12-07T17:07:22.169+0000] {logging_mixin.py:154} INFO - [2023-12-07T17:07:22.168+0000] {dag.py:2941} INFO - Sync 1 DAGs
[2023-12-07T17:07:22.180+0000] {logging_mixin.py:154} INFO - [2023-12-07T17:07:22.180+0000] {dag.py:3722} INFO - Setting next_dagrun for example_params_trigger_ui to None, run_after=None
[2023-12-07T17:07:22.202+0000] {processor.py:179} INFO - Processing /home/ubuntu/ec2_customer_chum_venv/lib/python3.10/site-packages/airflow/example_dags/example_params_trigger_ui.py took 0.103 seconds
[2023-12-07T17:08:08.015+0000] {processor.py:157} INFO - Started process (PID=6124) to work on /home/ubuntu/ec2_customer_chum_venv/lib/python3.10/site-packages/airflow/example_dags/example_params_trigger_ui.py
[2023-12-07T17:08:08.016+0000] {processor.py:829} INFO - Processing file /home/ubuntu/ec2_customer_chum_venv/lib/python3.10/site-packages/airflow/example_dags/example_params_trigger_ui.py for tasks to queue
[2023-12-07T17:08:08.017+0000] {logging_mixin.py:154} INFO - [2023-12-07T17:08:08.017+0000] {dagbag.py:536} INFO - Filling up the DagBag from /home/ubuntu/ec2_customer_chum_venv/lib/python3.10/site-packages/airflow/example_dags/example_params_trigger_ui.py
[2023-12-07T17:08:08.035+0000] {processor.py:839} INFO - DAG(s) dict_keys(['example_params_trigger_ui']) retrieved from /home/ubuntu/ec2_customer_chum_venv/lib/python3.10/site-packages/airflow/example_dags/example_params_trigger_ui.py
[2023-12-07T17:08:08.081+0000] {logging_mixin.py:154} INFO - [2023-12-07T17:08:08.080+0000] {dag.py:2941} INFO - Sync 1 DAGs
[2023-12-07T17:08:08.093+0000] {logging_mixin.py:154} INFO - [2023-12-07T17:08:08.092+0000] {dag.py:3722} INFO - Setting next_dagrun for example_params_trigger_ui to None, run_after=None
[2023-12-07T17:08:08.116+0000] {processor.py:179} INFO - Processing /home/ubuntu/ec2_customer_chum_venv/lib/python3.10/site-packages/airflow/example_dags/example_params_trigger_ui.py took 0.105 seconds
[2023-12-07T17:08:53.483+0000] {processor.py:157} INFO - Started process (PID=6171) to work on /home/ubuntu/ec2_customer_chum_venv/lib/python3.10/site-packages/airflow/example_dags/example_params_trigger_ui.py
[2023-12-07T17:08:53.484+0000] {processor.py:829} INFO - Processing file /home/ubuntu/ec2_customer_chum_venv/lib/python3.10/site-packages/airflow/example_dags/example_params_trigger_ui.py for tasks to queue
[2023-12-07T17:08:53.485+0000] {logging_mixin.py:154} INFO - [2023-12-07T17:08:53.485+0000] {dagbag.py:536} INFO - Filling up the DagBag from /home/ubuntu/ec2_customer_chum_venv/lib/python3.10/site-packages/airflow/example_dags/example_params_trigger_ui.py
[2023-12-07T17:08:53.503+0000] {processor.py:839} INFO - DAG(s) dict_keys(['example_params_trigger_ui']) retrieved from /home/ubuntu/ec2_customer_chum_venv/lib/python3.10/site-packages/airflow/example_dags/example_params_trigger_ui.py
[2023-12-07T17:08:53.549+0000] {logging_mixin.py:154} INFO - [2023-12-07T17:08:53.549+0000] {dag.py:2941} INFO - Sync 1 DAGs
[2023-12-07T17:08:53.561+0000] {logging_mixin.py:154} INFO - [2023-12-07T17:08:53.561+0000] {dag.py:3722} INFO - Setting next_dagrun for example_params_trigger_ui to None, run_after=None
[2023-12-07T17:08:53.583+0000] {processor.py:179} INFO - Processing /home/ubuntu/ec2_customer_chum_venv/lib/python3.10/site-packages/airflow/example_dags/example_params_trigger_ui.py took 0.104 seconds
[2023-12-07T17:09:38.292+0000] {processor.py:157} INFO - Started process (PID=6218) to work on /home/ubuntu/ec2_customer_chum_venv/lib/python3.10/site-packages/airflow/example_dags/example_params_trigger_ui.py
[2023-12-07T17:09:38.293+0000] {processor.py:829} INFO - Processing file /home/ubuntu/ec2_customer_chum_venv/lib/python3.10/site-packages/airflow/example_dags/example_params_trigger_ui.py for tasks to queue
[2023-12-07T17:09:38.294+0000] {logging_mixin.py:154} INFO - [2023-12-07T17:09:38.294+0000] {dagbag.py:536} INFO - Filling up the DagBag from /home/ubuntu/ec2_customer_chum_venv/lib/python3.10/site-packages/airflow/example_dags/example_params_trigger_ui.py
[2023-12-07T17:09:38.313+0000] {processor.py:839} INFO - DAG(s) dict_keys(['example_params_trigger_ui']) retrieved from /home/ubuntu/ec2_customer_chum_venv/lib/python3.10/site-packages/airflow/example_dags/example_params_trigger_ui.py
[2023-12-07T17:09:38.359+0000] {logging_mixin.py:154} INFO - [2023-12-07T17:09:38.358+0000] {dag.py:2941} INFO - Sync 1 DAGs
[2023-12-07T17:09:38.371+0000] {logging_mixin.py:154} INFO - [2023-12-07T17:09:38.371+0000] {dag.py:3722} INFO - Setting next_dagrun for example_params_trigger_ui to None, run_after=None
[2023-12-07T17:09:38.395+0000] {processor.py:179} INFO - Processing /home/ubuntu/ec2_customer_chum_venv/lib/python3.10/site-packages/airflow/example_dags/example_params_trigger_ui.py took 0.107 seconds
[2023-12-07T17:10:38.755+0000] {processor.py:157} INFO - Started process (PID=6279) to work on /home/ubuntu/ec2_customer_chum_venv/lib/python3.10/site-packages/airflow/example_dags/example_params_trigger_ui.py
[2023-12-07T17:10:38.757+0000] {processor.py:829} INFO - Processing file /home/ubuntu/ec2_customer_chum_venv/lib/python3.10/site-packages/airflow/example_dags/example_params_trigger_ui.py for tasks to queue
[2023-12-07T17:10:38.757+0000] {logging_mixin.py:154} INFO - [2023-12-07T17:10:38.757+0000] {dagbag.py:536} INFO - Filling up the DagBag from /home/ubuntu/ec2_customer_chum_venv/lib/python3.10/site-packages/airflow/example_dags/example_params_trigger_ui.py
[2023-12-07T17:10:38.776+0000] {processor.py:839} INFO - DAG(s) dict_keys(['example_params_trigger_ui']) retrieved from /home/ubuntu/ec2_customer_chum_venv/lib/python3.10/site-packages/airflow/example_dags/example_params_trigger_ui.py
[2023-12-07T17:10:38.821+0000] {logging_mixin.py:154} INFO - [2023-12-07T17:10:38.821+0000] {dag.py:2941} INFO - Sync 1 DAGs
[2023-12-07T17:10:38.834+0000] {logging_mixin.py:154} INFO - [2023-12-07T17:10:38.833+0000] {dag.py:3722} INFO - Setting next_dagrun for example_params_trigger_ui to None, run_after=None
[2023-12-07T17:10:38.857+0000] {processor.py:179} INFO - Processing /home/ubuntu/ec2_customer_chum_venv/lib/python3.10/site-packages/airflow/example_dags/example_params_trigger_ui.py took 0.105 seconds
[2023-12-07T17:11:38.534+0000] {processor.py:157} INFO - Started process (PID=6345) to work on /home/ubuntu/ec2_customer_chum_venv/lib/python3.10/site-packages/airflow/example_dags/example_params_trigger_ui.py
[2023-12-07T17:11:38.535+0000] {processor.py:829} INFO - Processing file /home/ubuntu/ec2_customer_chum_venv/lib/python3.10/site-packages/airflow/example_dags/example_params_trigger_ui.py for tasks to queue
[2023-12-07T17:11:38.536+0000] {logging_mixin.py:154} INFO - [2023-12-07T17:11:38.536+0000] {dagbag.py:536} INFO - Filling up the DagBag from /home/ubuntu/ec2_customer_chum_venv/lib/python3.10/site-packages/airflow/example_dags/example_params_trigger_ui.py
[2023-12-07T17:11:38.554+0000] {processor.py:839} INFO - DAG(s) dict_keys(['example_params_trigger_ui']) retrieved from /home/ubuntu/ec2_customer_chum_venv/lib/python3.10/site-packages/airflow/example_dags/example_params_trigger_ui.py
[2023-12-07T17:11:38.599+0000] {logging_mixin.py:154} INFO - [2023-12-07T17:11:38.599+0000] {dag.py:2941} INFO - Sync 1 DAGs
[2023-12-07T17:11:38.611+0000] {logging_mixin.py:154} INFO - [2023-12-07T17:11:38.611+0000] {dag.py:3722} INFO - Setting next_dagrun for example_params_trigger_ui to None, run_after=None
[2023-12-07T17:11:38.632+0000] {processor.py:179} INFO - Processing /home/ubuntu/ec2_customer_chum_venv/lib/python3.10/site-packages/airflow/example_dags/example_params_trigger_ui.py took 0.102 seconds
[2023-12-07T17:12:22.946+0000] {processor.py:157} INFO - Started process (PID=6392) to work on /home/ubuntu/ec2_customer_chum_venv/lib/python3.10/site-packages/airflow/example_dags/example_params_trigger_ui.py
[2023-12-07T17:12:22.949+0000] {processor.py:829} INFO - Processing file /home/ubuntu/ec2_customer_chum_venv/lib/python3.10/site-packages/airflow/example_dags/example_params_trigger_ui.py for tasks to queue
[2023-12-07T17:12:22.950+0000] {logging_mixin.py:154} INFO - [2023-12-07T17:12:22.949+0000] {dagbag.py:536} INFO - Filling up the DagBag from /home/ubuntu/ec2_customer_chum_venv/lib/python3.10/site-packages/airflow/example_dags/example_params_trigger_ui.py
[2023-12-07T17:12:22.968+0000] {processor.py:839} INFO - DAG(s) dict_keys(['example_params_trigger_ui']) retrieved from /home/ubuntu/ec2_customer_chum_venv/lib/python3.10/site-packages/airflow/example_dags/example_params_trigger_ui.py
[2023-12-07T17:12:23.014+0000] {logging_mixin.py:154} INFO - [2023-12-07T17:12:23.013+0000] {dag.py:2941} INFO - Sync 1 DAGs
[2023-12-07T17:12:23.026+0000] {logging_mixin.py:154} INFO - [2023-12-07T17:12:23.025+0000] {dag.py:3722} INFO - Setting next_dagrun for example_params_trigger_ui to None, run_after=None
[2023-12-07T17:12:23.052+0000] {processor.py:179} INFO - Processing /home/ubuntu/ec2_customer_chum_venv/lib/python3.10/site-packages/airflow/example_dags/example_params_trigger_ui.py took 0.109 seconds
[2023-12-07T17:13:11.819+0000] {processor.py:157} INFO - Started process (PID=6527) to work on /home/ubuntu/ec2_customer_chum_venv/lib/python3.10/site-packages/airflow/example_dags/example_params_trigger_ui.py
[2023-12-07T17:13:11.821+0000] {processor.py:829} INFO - Processing file /home/ubuntu/ec2_customer_chum_venv/lib/python3.10/site-packages/airflow/example_dags/example_params_trigger_ui.py for tasks to queue
[2023-12-07T17:13:11.821+0000] {logging_mixin.py:154} INFO - [2023-12-07T17:13:11.821+0000] {dagbag.py:536} INFO - Filling up the DagBag from /home/ubuntu/ec2_customer_chum_venv/lib/python3.10/site-packages/airflow/example_dags/example_params_trigger_ui.py
[2023-12-07T17:13:11.840+0000] {processor.py:839} INFO - DAG(s) dict_keys(['example_params_trigger_ui']) retrieved from /home/ubuntu/ec2_customer_chum_venv/lib/python3.10/site-packages/airflow/example_dags/example_params_trigger_ui.py
[2023-12-07T17:13:11.885+0000] {logging_mixin.py:154} INFO - [2023-12-07T17:13:11.884+0000] {dag.py:2941} INFO - Sync 1 DAGs
[2023-12-07T17:13:11.897+0000] {logging_mixin.py:154} INFO - [2023-12-07T17:13:11.896+0000] {dag.py:3722} INFO - Setting next_dagrun for example_params_trigger_ui to None, run_after=None
[2023-12-07T17:13:11.920+0000] {processor.py:179} INFO - Processing /home/ubuntu/ec2_customer_chum_venv/lib/python3.10/site-packages/airflow/example_dags/example_params_trigger_ui.py took 0.104 seconds
[2023-12-07T17:14:06.864+0000] {processor.py:157} INFO - Started process (PID=6587) to work on /home/ubuntu/ec2_customer_chum_venv/lib/python3.10/site-packages/airflow/example_dags/example_params_trigger_ui.py
[2023-12-07T17:14:06.866+0000] {processor.py:829} INFO - Processing file /home/ubuntu/ec2_customer_chum_venv/lib/python3.10/site-packages/airflow/example_dags/example_params_trigger_ui.py for tasks to queue
[2023-12-07T17:14:06.866+0000] {logging_mixin.py:154} INFO - [2023-12-07T17:14:06.866+0000] {dagbag.py:536} INFO - Filling up the DagBag from /home/ubuntu/ec2_customer_chum_venv/lib/python3.10/site-packages/airflow/example_dags/example_params_trigger_ui.py
[2023-12-07T17:14:06.885+0000] {processor.py:839} INFO - DAG(s) dict_keys(['example_params_trigger_ui']) retrieved from /home/ubuntu/ec2_customer_chum_venv/lib/python3.10/site-packages/airflow/example_dags/example_params_trigger_ui.py
[2023-12-07T17:14:06.930+0000] {logging_mixin.py:154} INFO - [2023-12-07T17:14:06.930+0000] {dag.py:2941} INFO - Sync 1 DAGs
[2023-12-07T17:14:06.943+0000] {logging_mixin.py:154} INFO - [2023-12-07T17:14:06.943+0000] {dag.py:3722} INFO - Setting next_dagrun for example_params_trigger_ui to None, run_after=None
[2023-12-07T17:14:06.966+0000] {processor.py:179} INFO - Processing /home/ubuntu/ec2_customer_chum_venv/lib/python3.10/site-packages/airflow/example_dags/example_params_trigger_ui.py took 0.105 seconds
[2023-12-07T17:14:52.552+0000] {processor.py:157} INFO - Started process (PID=6700) to work on /home/ubuntu/ec2_customer_chum_venv/lib/python3.10/site-packages/airflow/example_dags/example_params_trigger_ui.py
[2023-12-07T17:14:52.553+0000] {processor.py:829} INFO - Processing file /home/ubuntu/ec2_customer_chum_venv/lib/python3.10/site-packages/airflow/example_dags/example_params_trigger_ui.py for tasks to queue
[2023-12-07T17:14:52.554+0000] {logging_mixin.py:154} INFO - [2023-12-07T17:14:52.554+0000] {dagbag.py:536} INFO - Filling up the DagBag from /home/ubuntu/ec2_customer_chum_venv/lib/python3.10/site-packages/airflow/example_dags/example_params_trigger_ui.py
[2023-12-07T17:14:52.573+0000] {processor.py:839} INFO - DAG(s) dict_keys(['example_params_trigger_ui']) retrieved from /home/ubuntu/ec2_customer_chum_venv/lib/python3.10/site-packages/airflow/example_dags/example_params_trigger_ui.py
[2023-12-07T17:14:52.621+0000] {logging_mixin.py:154} INFO - [2023-12-07T17:14:52.620+0000] {dag.py:2941} INFO - Sync 1 DAGs
[2023-12-07T17:14:52.633+0000] {logging_mixin.py:154} INFO - [2023-12-07T17:14:52.633+0000] {dag.py:3722} INFO - Setting next_dagrun for example_params_trigger_ui to None, run_after=None
[2023-12-07T17:14:52.658+0000] {processor.py:179} INFO - Processing /home/ubuntu/ec2_customer_chum_venv/lib/python3.10/site-packages/airflow/example_dags/example_params_trigger_ui.py took 0.109 seconds
