[2023-12-07T16:49:23.984+0000] {processor.py:157} INFO - Started process (PID=4979) to work on /home/ubuntu/ec2_customer_chum_venv/lib/python3.10/site-packages/airflow/example_dags/example_subdag_operator.py
[2023-12-07T16:49:23.985+0000] {processor.py:829} INFO - Processing file /home/ubuntu/ec2_customer_chum_venv/lib/python3.10/site-packages/airflow/example_dags/example_subdag_operator.py for tasks to queue
[2023-12-07T16:49:23.985+0000] {logging_mixin.py:154} INFO - [2023-12-07T16:49:23.985+0000] {dagbag.py:536} INFO - Filling up the DagBag from /home/ubuntu/ec2_customer_chum_venv/lib/python3.10/site-packages/airflow/example_dags/example_subdag_operator.py
[2023-12-07T16:49:24.011+0000] {processor.py:839} INFO - DAG(s) dict_keys(['example_subdag_operator.section-1', 'example_subdag_operator.section-2', 'example_subdag_operator']) retrieved from /home/ubuntu/ec2_customer_chum_venv/lib/python3.10/site-packages/airflow/example_dags/example_subdag_operator.py
[2023-12-07T16:49:24.125+0000] {logging_mixin.py:154} INFO - [2023-12-07T16:49:24.124+0000] {manager.py:499} INFO - Created Permission View: %s
[2023-12-07T16:49:24.139+0000] {logging_mixin.py:154} INFO - [2023-12-07T16:49:24.139+0000] {manager.py:499} INFO - Created Permission View: %s
[2023-12-07T16:49:24.153+0000] {logging_mixin.py:154} INFO - [2023-12-07T16:49:24.153+0000] {manager.py:499} INFO - Created Permission View: %s
[2023-12-07T16:49:24.153+0000] {logging_mixin.py:154} INFO - [2023-12-07T16:49:24.153+0000] {dag.py:2941} INFO - Sync 3 DAGs
[2023-12-07T16:49:24.165+0000] {logging_mixin.py:154} INFO - [2023-12-07T16:49:24.165+0000] {dag.py:2963} INFO - Creating ORM DAG for example_subdag_operator.section-1
[2023-12-07T16:49:24.165+0000] {logging_mixin.py:154} INFO - [2023-12-07T16:49:24.165+0000] {dag.py:2963} INFO - Creating ORM DAG for example_subdag_operator.section-2
[2023-12-07T16:49:24.166+0000] {logging_mixin.py:154} INFO - [2023-12-07T16:49:24.166+0000] {dag.py:2963} INFO - Creating ORM DAG for example_subdag_operator
[2023-12-07T16:49:24.174+0000] {logging_mixin.py:154} INFO - [2023-12-07T16:49:24.174+0000] {dag.py:3722} INFO - Setting next_dagrun for example_subdag_operator to 2022-01-01T00:00:00+00:00, run_after=2022-01-01T00:00:00+00:00
[2023-12-07T16:49:24.175+0000] {logging_mixin.py:154} INFO - [2023-12-07T16:49:24.175+0000] {dag.py:3722} INFO - Setting next_dagrun for example_subdag_operator.section-1 to None, run_after=None
[2023-12-07T16:49:24.175+0000] {logging_mixin.py:154} INFO - [2023-12-07T16:49:24.175+0000] {dag.py:3722} INFO - Setting next_dagrun for example_subdag_operator.section-2 to None, run_after=None
[2023-12-07T16:49:24.182+0000] {logging_mixin.py:154} INFO - [2023-12-07T16:49:24.181+0000] {dag.py:2941} INFO - Sync 2 DAGs
[2023-12-07T16:49:24.186+0000] {logging_mixin.py:154} INFO - [2023-12-07T16:49:24.185+0000] {dag.py:3722} INFO - Setting next_dagrun for example_subdag_operator.section-1 to None, run_after=None
[2023-12-07T16:49:24.188+0000] {logging_mixin.py:154} INFO - [2023-12-07T16:49:24.188+0000] {dag.py:3722} INFO - Setting next_dagrun for example_subdag_operator.section-2 to None, run_after=None
[2023-12-07T16:49:24.207+0000] {processor.py:179} INFO - Processing /home/ubuntu/ec2_customer_chum_venv/lib/python3.10/site-packages/airflow/example_dags/example_subdag_operator.py took 0.227 seconds
[2023-12-07T16:50:13.679+0000] {processor.py:157} INFO - Started process (PID=5025) to work on /home/ubuntu/ec2_customer_chum_venv/lib/python3.10/site-packages/airflow/example_dags/example_subdag_operator.py
[2023-12-07T16:50:13.680+0000] {processor.py:829} INFO - Processing file /home/ubuntu/ec2_customer_chum_venv/lib/python3.10/site-packages/airflow/example_dags/example_subdag_operator.py for tasks to queue
[2023-12-07T16:50:13.681+0000] {logging_mixin.py:154} INFO - [2023-12-07T16:50:13.681+0000] {dagbag.py:536} INFO - Filling up the DagBag from /home/ubuntu/ec2_customer_chum_venv/lib/python3.10/site-packages/airflow/example_dags/example_subdag_operator.py
[2023-12-07T16:50:13.704+0000] {processor.py:839} INFO - DAG(s) dict_keys(['example_subdag_operator.section-1', 'example_subdag_operator.section-2', 'example_subdag_operator']) retrieved from /home/ubuntu/ec2_customer_chum_venv/lib/python3.10/site-packages/airflow/example_dags/example_subdag_operator.py
[2023-12-07T16:50:13.721+0000] {logging_mixin.py:154} INFO - [2023-12-07T16:50:13.720+0000] {dag.py:2941} INFO - Sync 3 DAGs
[2023-12-07T16:50:13.741+0000] {logging_mixin.py:154} INFO - [2023-12-07T16:50:13.741+0000] {dag.py:3722} INFO - Setting next_dagrun for example_subdag_operator to 2022-01-01T00:00:00+00:00, run_after=2022-01-01T00:00:00+00:00
[2023-12-07T16:50:13.744+0000] {logging_mixin.py:154} INFO - [2023-12-07T16:50:13.744+0000] {dag.py:3722} INFO - Setting next_dagrun for example_subdag_operator.section-1 to None, run_after=None
[2023-12-07T16:50:13.745+0000] {logging_mixin.py:154} INFO - [2023-12-07T16:50:13.745+0000] {dag.py:3722} INFO - Setting next_dagrun for example_subdag_operator.section-2 to None, run_after=None
[2023-12-07T16:50:13.751+0000] {logging_mixin.py:154} INFO - [2023-12-07T16:50:13.751+0000] {dag.py:2941} INFO - Sync 2 DAGs
[2023-12-07T16:50:13.755+0000] {logging_mixin.py:154} INFO - [2023-12-07T16:50:13.755+0000] {dag.py:3722} INFO - Setting next_dagrun for example_subdag_operator.section-1 to None, run_after=None
[2023-12-07T16:50:13.756+0000] {logging_mixin.py:154} INFO - [2023-12-07T16:50:13.756+0000] {dag.py:3722} INFO - Setting next_dagrun for example_subdag_operator.section-2 to None, run_after=None
[2023-12-07T16:50:13.771+0000] {processor.py:179} INFO - Processing /home/ubuntu/ec2_customer_chum_venv/lib/python3.10/site-packages/airflow/example_dags/example_subdag_operator.py took 0.096 seconds
[2023-12-07T16:50:59.955+0000] {processor.py:157} INFO - Started process (PID=5071) to work on /home/ubuntu/ec2_customer_chum_venv/lib/python3.10/site-packages/airflow/example_dags/example_subdag_operator.py
[2023-12-07T16:50:59.957+0000] {processor.py:829} INFO - Processing file /home/ubuntu/ec2_customer_chum_venv/lib/python3.10/site-packages/airflow/example_dags/example_subdag_operator.py for tasks to queue
[2023-12-07T16:50:59.958+0000] {logging_mixin.py:154} INFO - [2023-12-07T16:50:59.957+0000] {dagbag.py:536} INFO - Filling up the DagBag from /home/ubuntu/ec2_customer_chum_venv/lib/python3.10/site-packages/airflow/example_dags/example_subdag_operator.py
[2023-12-07T16:50:59.980+0000] {processor.py:839} INFO - DAG(s) dict_keys(['example_subdag_operator.section-1', 'example_subdag_operator.section-2', 'example_subdag_operator']) retrieved from /home/ubuntu/ec2_customer_chum_venv/lib/python3.10/site-packages/airflow/example_dags/example_subdag_operator.py
[2023-12-07T16:50:59.996+0000] {logging_mixin.py:154} INFO - [2023-12-07T16:50:59.996+0000] {dag.py:2941} INFO - Sync 3 DAGs
[2023-12-07T16:51:00.029+0000] {logging_mixin.py:154} INFO - [2023-12-07T16:51:00.028+0000] {dag.py:3722} INFO - Setting next_dagrun for example_subdag_operator to 2022-01-01T00:00:00+00:00, run_after=2022-01-01T00:00:00+00:00
[2023-12-07T16:51:00.032+0000] {logging_mixin.py:154} INFO - [2023-12-07T16:51:00.032+0000] {dag.py:3722} INFO - Setting next_dagrun for example_subdag_operator.section-1 to None, run_after=None
[2023-12-07T16:51:00.034+0000] {logging_mixin.py:154} INFO - [2023-12-07T16:51:00.034+0000] {dag.py:3722} INFO - Setting next_dagrun for example_subdag_operator.section-2 to None, run_after=None
[2023-12-07T16:51:00.041+0000] {logging_mixin.py:154} INFO - [2023-12-07T16:51:00.040+0000] {dag.py:2941} INFO - Sync 2 DAGs
[2023-12-07T16:51:00.046+0000] {logging_mixin.py:154} INFO - [2023-12-07T16:51:00.046+0000] {dag.py:3722} INFO - Setting next_dagrun for example_subdag_operator.section-1 to None, run_after=None
[2023-12-07T16:51:00.046+0000] {logging_mixin.py:154} INFO - [2023-12-07T16:51:00.046+0000] {dag.py:3722} INFO - Setting next_dagrun for example_subdag_operator.section-2 to None, run_after=None
[2023-12-07T16:51:00.087+0000] {processor.py:179} INFO - Processing /home/ubuntu/ec2_customer_chum_venv/lib/python3.10/site-packages/airflow/example_dags/example_subdag_operator.py took 0.135 seconds
[2023-12-07T16:51:49.249+0000] {processor.py:157} INFO - Started process (PID=5121) to work on /home/ubuntu/ec2_customer_chum_venv/lib/python3.10/site-packages/airflow/example_dags/example_subdag_operator.py
[2023-12-07T16:51:49.251+0000] {processor.py:829} INFO - Processing file /home/ubuntu/ec2_customer_chum_venv/lib/python3.10/site-packages/airflow/example_dags/example_subdag_operator.py for tasks to queue
[2023-12-07T16:51:49.251+0000] {logging_mixin.py:154} INFO - [2023-12-07T16:51:49.251+0000] {dagbag.py:536} INFO - Filling up the DagBag from /home/ubuntu/ec2_customer_chum_venv/lib/python3.10/site-packages/airflow/example_dags/example_subdag_operator.py
[2023-12-07T16:51:49.274+0000] {processor.py:839} INFO - DAG(s) dict_keys(['example_subdag_operator.section-1', 'example_subdag_operator.section-2', 'example_subdag_operator']) retrieved from /home/ubuntu/ec2_customer_chum_venv/lib/python3.10/site-packages/airflow/example_dags/example_subdag_operator.py
[2023-12-07T16:51:49.291+0000] {logging_mixin.py:154} INFO - [2023-12-07T16:51:49.290+0000] {dag.py:2941} INFO - Sync 3 DAGs
[2023-12-07T16:51:49.311+0000] {logging_mixin.py:154} INFO - [2023-12-07T16:51:49.311+0000] {dag.py:3722} INFO - Setting next_dagrun for example_subdag_operator to 2022-01-01T00:00:00+00:00, run_after=2022-01-01T00:00:00+00:00
[2023-12-07T16:51:49.315+0000] {logging_mixin.py:154} INFO - [2023-12-07T16:51:49.314+0000] {dag.py:3722} INFO - Setting next_dagrun for example_subdag_operator.section-1 to None, run_after=None
[2023-12-07T16:51:49.315+0000] {logging_mixin.py:154} INFO - [2023-12-07T16:51:49.315+0000] {dag.py:3722} INFO - Setting next_dagrun for example_subdag_operator.section-2 to None, run_after=None
[2023-12-07T16:51:49.321+0000] {logging_mixin.py:154} INFO - [2023-12-07T16:51:49.321+0000] {dag.py:2941} INFO - Sync 2 DAGs
[2023-12-07T16:51:49.325+0000] {logging_mixin.py:154} INFO - [2023-12-07T16:51:49.325+0000] {dag.py:3722} INFO - Setting next_dagrun for example_subdag_operator.section-1 to None, run_after=None
[2023-12-07T16:51:49.326+0000] {logging_mixin.py:154} INFO - [2023-12-07T16:51:49.326+0000] {dag.py:3722} INFO - Setting next_dagrun for example_subdag_operator.section-2 to None, run_after=None
[2023-12-07T16:51:49.341+0000] {processor.py:179} INFO - Processing /home/ubuntu/ec2_customer_chum_venv/lib/python3.10/site-packages/airflow/example_dags/example_subdag_operator.py took 0.095 seconds
[2023-12-07T16:52:37.995+0000] {processor.py:157} INFO - Started process (PID=5173) to work on /home/ubuntu/ec2_customer_chum_venv/lib/python3.10/site-packages/airflow/example_dags/example_subdag_operator.py
[2023-12-07T16:52:37.997+0000] {processor.py:829} INFO - Processing file /home/ubuntu/ec2_customer_chum_venv/lib/python3.10/site-packages/airflow/example_dags/example_subdag_operator.py for tasks to queue
[2023-12-07T16:52:37.998+0000] {logging_mixin.py:154} INFO - [2023-12-07T16:52:37.998+0000] {dagbag.py:536} INFO - Filling up the DagBag from /home/ubuntu/ec2_customer_chum_venv/lib/python3.10/site-packages/airflow/example_dags/example_subdag_operator.py
[2023-12-07T16:52:38.022+0000] {processor.py:839} INFO - DAG(s) dict_keys(['example_subdag_operator.section-1', 'example_subdag_operator.section-2', 'example_subdag_operator']) retrieved from /home/ubuntu/ec2_customer_chum_venv/lib/python3.10/site-packages/airflow/example_dags/example_subdag_operator.py
[2023-12-07T16:52:38.038+0000] {logging_mixin.py:154} INFO - [2023-12-07T16:52:38.038+0000] {dag.py:2941} INFO - Sync 3 DAGs
[2023-12-07T16:52:38.058+0000] {logging_mixin.py:154} INFO - [2023-12-07T16:52:38.058+0000] {dag.py:3722} INFO - Setting next_dagrun for example_subdag_operator to 2022-01-01T00:00:00+00:00, run_after=2022-01-01T00:00:00+00:00
[2023-12-07T16:52:38.061+0000] {logging_mixin.py:154} INFO - [2023-12-07T16:52:38.061+0000] {dag.py:3722} INFO - Setting next_dagrun for example_subdag_operator.section-1 to None, run_after=None
[2023-12-07T16:52:38.062+0000] {logging_mixin.py:154} INFO - [2023-12-07T16:52:38.062+0000] {dag.py:3722} INFO - Setting next_dagrun for example_subdag_operator.section-2 to None, run_after=None
[2023-12-07T16:52:38.068+0000] {logging_mixin.py:154} INFO - [2023-12-07T16:52:38.068+0000] {dag.py:2941} INFO - Sync 2 DAGs
[2023-12-07T16:52:38.072+0000] {logging_mixin.py:154} INFO - [2023-12-07T16:52:38.072+0000] {dag.py:3722} INFO - Setting next_dagrun for example_subdag_operator.section-1 to None, run_after=None
[2023-12-07T16:52:38.072+0000] {logging_mixin.py:154} INFO - [2023-12-07T16:52:38.072+0000] {dag.py:3722} INFO - Setting next_dagrun for example_subdag_operator.section-2 to None, run_after=None
[2023-12-07T16:52:38.090+0000] {processor.py:179} INFO - Processing /home/ubuntu/ec2_customer_chum_venv/lib/python3.10/site-packages/airflow/example_dags/example_subdag_operator.py took 0.098 seconds
[2023-12-07T16:53:57.020+0000] {processor.py:157} INFO - Started process (PID=5241) to work on /home/ubuntu/ec2_customer_chum_venv/lib/python3.10/site-packages/airflow/example_dags/example_subdag_operator.py
[2023-12-07T16:53:57.022+0000] {processor.py:829} INFO - Processing file /home/ubuntu/ec2_customer_chum_venv/lib/python3.10/site-packages/airflow/example_dags/example_subdag_operator.py for tasks to queue
[2023-12-07T16:53:57.023+0000] {logging_mixin.py:154} INFO - [2023-12-07T16:53:57.022+0000] {dagbag.py:536} INFO - Filling up the DagBag from /home/ubuntu/ec2_customer_chum_venv/lib/python3.10/site-packages/airflow/example_dags/example_subdag_operator.py
[2023-12-07T16:53:57.045+0000] {processor.py:839} INFO - DAG(s) dict_keys(['example_subdag_operator.section-1', 'example_subdag_operator.section-2', 'example_subdag_operator']) retrieved from /home/ubuntu/ec2_customer_chum_venv/lib/python3.10/site-packages/airflow/example_dags/example_subdag_operator.py
[2023-12-07T16:53:57.049+0000] {logging_mixin.py:154} INFO - [2023-12-07T16:53:57.049+0000] {dag.py:2941} INFO - Sync 3 DAGs
[2023-12-07T16:53:57.069+0000] {logging_mixin.py:154} INFO - [2023-12-07T16:53:57.069+0000] {dag.py:3722} INFO - Setting next_dagrun for example_subdag_operator to 2022-01-01T00:00:00+00:00, run_after=2022-01-01T00:00:00+00:00
[2023-12-07T16:53:57.072+0000] {logging_mixin.py:154} INFO - [2023-12-07T16:53:57.072+0000] {dag.py:3722} INFO - Setting next_dagrun for example_subdag_operator.section-1 to None, run_after=None
[2023-12-07T16:53:57.073+0000] {logging_mixin.py:154} INFO - [2023-12-07T16:53:57.073+0000] {dag.py:3722} INFO - Setting next_dagrun for example_subdag_operator.section-2 to None, run_after=None
[2023-12-07T16:53:57.080+0000] {logging_mixin.py:154} INFO - [2023-12-07T16:53:57.080+0000] {dag.py:2941} INFO - Sync 2 DAGs
[2023-12-07T16:53:57.084+0000] {logging_mixin.py:154} INFO - [2023-12-07T16:53:57.084+0000] {dag.py:3722} INFO - Setting next_dagrun for example_subdag_operator.section-1 to None, run_after=None
[2023-12-07T16:53:57.085+0000] {logging_mixin.py:154} INFO - [2023-12-07T16:53:57.085+0000] {dag.py:3722} INFO - Setting next_dagrun for example_subdag_operator.section-2 to None, run_after=None
[2023-12-07T16:53:57.103+0000] {processor.py:179} INFO - Processing /home/ubuntu/ec2_customer_chum_venv/lib/python3.10/site-packages/airflow/example_dags/example_subdag_operator.py took 0.086 seconds
[2023-12-07T16:54:41.367+0000] {processor.py:157} INFO - Started process (PID=5290) to work on /home/ubuntu/ec2_customer_chum_venv/lib/python3.10/site-packages/airflow/example_dags/example_subdag_operator.py
[2023-12-07T16:54:41.369+0000] {processor.py:829} INFO - Processing file /home/ubuntu/ec2_customer_chum_venv/lib/python3.10/site-packages/airflow/example_dags/example_subdag_operator.py for tasks to queue
[2023-12-07T16:54:41.370+0000] {logging_mixin.py:154} INFO - [2023-12-07T16:54:41.369+0000] {dagbag.py:536} INFO - Filling up the DagBag from /home/ubuntu/ec2_customer_chum_venv/lib/python3.10/site-packages/airflow/example_dags/example_subdag_operator.py
[2023-12-07T16:54:41.392+0000] {processor.py:839} INFO - DAG(s) dict_keys(['example_subdag_operator.section-1', 'example_subdag_operator.section-2', 'example_subdag_operator']) retrieved from /home/ubuntu/ec2_customer_chum_venv/lib/python3.10/site-packages/airflow/example_dags/example_subdag_operator.py
[2023-12-07T16:54:41.408+0000] {logging_mixin.py:154} INFO - [2023-12-07T16:54:41.407+0000] {dag.py:2941} INFO - Sync 3 DAGs
[2023-12-07T16:54:41.428+0000] {logging_mixin.py:154} INFO - [2023-12-07T16:54:41.427+0000] {dag.py:3722} INFO - Setting next_dagrun for example_subdag_operator to 2022-01-01T00:00:00+00:00, run_after=2022-01-01T00:00:00+00:00
[2023-12-07T16:54:41.431+0000] {logging_mixin.py:154} INFO - [2023-12-07T16:54:41.431+0000] {dag.py:3722} INFO - Setting next_dagrun for example_subdag_operator.section-1 to None, run_after=None
[2023-12-07T16:54:41.432+0000] {logging_mixin.py:154} INFO - [2023-12-07T16:54:41.431+0000] {dag.py:3722} INFO - Setting next_dagrun for example_subdag_operator.section-2 to None, run_after=None
[2023-12-07T16:54:41.437+0000] {logging_mixin.py:154} INFO - [2023-12-07T16:54:41.437+0000] {dag.py:2941} INFO - Sync 2 DAGs
[2023-12-07T16:54:41.441+0000] {logging_mixin.py:154} INFO - [2023-12-07T16:54:41.441+0000] {dag.py:3722} INFO - Setting next_dagrun for example_subdag_operator.section-1 to None, run_after=None
[2023-12-07T16:54:41.442+0000] {logging_mixin.py:154} INFO - [2023-12-07T16:54:41.442+0000] {dag.py:3722} INFO - Setting next_dagrun for example_subdag_operator.section-2 to None, run_after=None
[2023-12-07T16:54:41.457+0000] {processor.py:179} INFO - Processing /home/ubuntu/ec2_customer_chum_venv/lib/python3.10/site-packages/airflow/example_dags/example_subdag_operator.py took 0.093 seconds
[2023-12-07T16:55:26.658+0000] {processor.py:157} INFO - Started process (PID=5337) to work on /home/ubuntu/ec2_customer_chum_venv/lib/python3.10/site-packages/airflow/example_dags/example_subdag_operator.py
[2023-12-07T16:55:26.659+0000] {processor.py:829} INFO - Processing file /home/ubuntu/ec2_customer_chum_venv/lib/python3.10/site-packages/airflow/example_dags/example_subdag_operator.py for tasks to queue
[2023-12-07T16:55:26.660+0000] {logging_mixin.py:154} INFO - [2023-12-07T16:55:26.660+0000] {dagbag.py:536} INFO - Filling up the DagBag from /home/ubuntu/ec2_customer_chum_venv/lib/python3.10/site-packages/airflow/example_dags/example_subdag_operator.py
[2023-12-07T16:55:26.683+0000] {processor.py:839} INFO - DAG(s) dict_keys(['example_subdag_operator.section-1', 'example_subdag_operator.section-2', 'example_subdag_operator']) retrieved from /home/ubuntu/ec2_customer_chum_venv/lib/python3.10/site-packages/airflow/example_dags/example_subdag_operator.py
[2023-12-07T16:55:26.699+0000] {logging_mixin.py:154} INFO - [2023-12-07T16:55:26.698+0000] {dag.py:2941} INFO - Sync 3 DAGs
[2023-12-07T16:55:26.719+0000] {logging_mixin.py:154} INFO - [2023-12-07T16:55:26.719+0000] {dag.py:3722} INFO - Setting next_dagrun for example_subdag_operator to 2022-01-01T00:00:00+00:00, run_after=2022-01-01T00:00:00+00:00
[2023-12-07T16:55:26.722+0000] {logging_mixin.py:154} INFO - [2023-12-07T16:55:26.722+0000] {dag.py:3722} INFO - Setting next_dagrun for example_subdag_operator.section-1 to None, run_after=None
[2023-12-07T16:55:26.723+0000] {logging_mixin.py:154} INFO - [2023-12-07T16:55:26.723+0000] {dag.py:3722} INFO - Setting next_dagrun for example_subdag_operator.section-2 to None, run_after=None
[2023-12-07T16:55:26.729+0000] {logging_mixin.py:154} INFO - [2023-12-07T16:55:26.729+0000] {dag.py:2941} INFO - Sync 2 DAGs
[2023-12-07T16:55:26.733+0000] {logging_mixin.py:154} INFO - [2023-12-07T16:55:26.733+0000] {dag.py:3722} INFO - Setting next_dagrun for example_subdag_operator.section-1 to None, run_after=None
[2023-12-07T16:55:26.733+0000] {logging_mixin.py:154} INFO - [2023-12-07T16:55:26.733+0000] {dag.py:3722} INFO - Setting next_dagrun for example_subdag_operator.section-2 to None, run_after=None
[2023-12-07T16:55:26.749+0000] {processor.py:179} INFO - Processing /home/ubuntu/ec2_customer_chum_venv/lib/python3.10/site-packages/airflow/example_dags/example_subdag_operator.py took 0.095 seconds
[2023-12-07T16:56:11.851+0000] {processor.py:157} INFO - Started process (PID=5383) to work on /home/ubuntu/ec2_customer_chum_venv/lib/python3.10/site-packages/airflow/example_dags/example_subdag_operator.py
[2023-12-07T16:56:11.853+0000] {processor.py:829} INFO - Processing file /home/ubuntu/ec2_customer_chum_venv/lib/python3.10/site-packages/airflow/example_dags/example_subdag_operator.py for tasks to queue
[2023-12-07T16:56:11.853+0000] {logging_mixin.py:154} INFO - [2023-12-07T16:56:11.853+0000] {dagbag.py:536} INFO - Filling up the DagBag from /home/ubuntu/ec2_customer_chum_venv/lib/python3.10/site-packages/airflow/example_dags/example_subdag_operator.py
[2023-12-07T16:56:11.876+0000] {processor.py:839} INFO - DAG(s) dict_keys(['example_subdag_operator.section-1', 'example_subdag_operator.section-2', 'example_subdag_operator']) retrieved from /home/ubuntu/ec2_customer_chum_venv/lib/python3.10/site-packages/airflow/example_dags/example_subdag_operator.py
[2023-12-07T16:56:11.891+0000] {logging_mixin.py:154} INFO - [2023-12-07T16:56:11.891+0000] {dag.py:2941} INFO - Sync 3 DAGs
[2023-12-07T16:56:11.911+0000] {logging_mixin.py:154} INFO - [2023-12-07T16:56:11.911+0000] {dag.py:3722} INFO - Setting next_dagrun for example_subdag_operator to 2022-01-01T00:00:00+00:00, run_after=2022-01-01T00:00:00+00:00
[2023-12-07T16:56:11.914+0000] {logging_mixin.py:154} INFO - [2023-12-07T16:56:11.914+0000] {dag.py:3722} INFO - Setting next_dagrun for example_subdag_operator.section-1 to None, run_after=None
[2023-12-07T16:56:11.915+0000] {logging_mixin.py:154} INFO - [2023-12-07T16:56:11.915+0000] {dag.py:3722} INFO - Setting next_dagrun for example_subdag_operator.section-2 to None, run_after=None
[2023-12-07T16:56:11.921+0000] {logging_mixin.py:154} INFO - [2023-12-07T16:56:11.920+0000] {dag.py:2941} INFO - Sync 2 DAGs
[2023-12-07T16:56:11.925+0000] {logging_mixin.py:154} INFO - [2023-12-07T16:56:11.925+0000] {dag.py:3722} INFO - Setting next_dagrun for example_subdag_operator.section-1 to None, run_after=None
[2023-12-07T16:56:11.925+0000] {logging_mixin.py:154} INFO - [2023-12-07T16:56:11.925+0000] {dag.py:3722} INFO - Setting next_dagrun for example_subdag_operator.section-2 to None, run_after=None
[2023-12-07T16:56:11.942+0000] {processor.py:179} INFO - Processing /home/ubuntu/ec2_customer_chum_venv/lib/python3.10/site-packages/airflow/example_dags/example_subdag_operator.py took 0.095 seconds
[2023-12-07T16:56:53.901+0000] {processor.py:157} INFO - Started process (PID=5429) to work on /home/ubuntu/ec2_customer_chum_venv/lib/python3.10/site-packages/airflow/example_dags/example_subdag_operator.py
[2023-12-07T16:56:53.904+0000] {processor.py:829} INFO - Processing file /home/ubuntu/ec2_customer_chum_venv/lib/python3.10/site-packages/airflow/example_dags/example_subdag_operator.py for tasks to queue
[2023-12-07T16:56:53.904+0000] {logging_mixin.py:154} INFO - [2023-12-07T16:56:53.904+0000] {dagbag.py:536} INFO - Filling up the DagBag from /home/ubuntu/ec2_customer_chum_venv/lib/python3.10/site-packages/airflow/example_dags/example_subdag_operator.py
[2023-12-07T16:56:53.927+0000] {processor.py:839} INFO - DAG(s) dict_keys(['example_subdag_operator.section-1', 'example_subdag_operator.section-2', 'example_subdag_operator']) retrieved from /home/ubuntu/ec2_customer_chum_venv/lib/python3.10/site-packages/airflow/example_dags/example_subdag_operator.py
[2023-12-07T16:56:53.943+0000] {logging_mixin.py:154} INFO - [2023-12-07T16:56:53.942+0000] {dag.py:2941} INFO - Sync 3 DAGs
[2023-12-07T16:56:53.963+0000] {logging_mixin.py:154} INFO - [2023-12-07T16:56:53.963+0000] {dag.py:3722} INFO - Setting next_dagrun for example_subdag_operator to 2022-01-01T00:00:00+00:00, run_after=2022-01-01T00:00:00+00:00
[2023-12-07T16:56:53.966+0000] {logging_mixin.py:154} INFO - [2023-12-07T16:56:53.966+0000] {dag.py:3722} INFO - Setting next_dagrun for example_subdag_operator.section-1 to None, run_after=None
[2023-12-07T16:56:53.967+0000] {logging_mixin.py:154} INFO - [2023-12-07T16:56:53.967+0000] {dag.py:3722} INFO - Setting next_dagrun for example_subdag_operator.section-2 to None, run_after=None
[2023-12-07T16:56:53.973+0000] {logging_mixin.py:154} INFO - [2023-12-07T16:56:53.973+0000] {dag.py:2941} INFO - Sync 2 DAGs
[2023-12-07T16:56:53.977+0000] {logging_mixin.py:154} INFO - [2023-12-07T16:56:53.977+0000] {dag.py:3722} INFO - Setting next_dagrun for example_subdag_operator.section-1 to None, run_after=None
[2023-12-07T16:56:53.977+0000] {logging_mixin.py:154} INFO - [2023-12-07T16:56:53.977+0000] {dag.py:3722} INFO - Setting next_dagrun for example_subdag_operator.section-2 to None, run_after=None
[2023-12-07T16:56:53.992+0000] {processor.py:179} INFO - Processing /home/ubuntu/ec2_customer_chum_venv/lib/python3.10/site-packages/airflow/example_dags/example_subdag_operator.py took 0.095 seconds
[2023-12-07T16:57:39.200+0000] {processor.py:157} INFO - Started process (PID=5476) to work on /home/ubuntu/ec2_customer_chum_venv/lib/python3.10/site-packages/airflow/example_dags/example_subdag_operator.py
[2023-12-07T16:57:39.201+0000] {processor.py:829} INFO - Processing file /home/ubuntu/ec2_customer_chum_venv/lib/python3.10/site-packages/airflow/example_dags/example_subdag_operator.py for tasks to queue
[2023-12-07T16:57:39.202+0000] {logging_mixin.py:154} INFO - [2023-12-07T16:57:39.202+0000] {dagbag.py:536} INFO - Filling up the DagBag from /home/ubuntu/ec2_customer_chum_venv/lib/python3.10/site-packages/airflow/example_dags/example_subdag_operator.py
[2023-12-07T16:57:39.225+0000] {processor.py:839} INFO - DAG(s) dict_keys(['example_subdag_operator.section-1', 'example_subdag_operator.section-2', 'example_subdag_operator']) retrieved from /home/ubuntu/ec2_customer_chum_venv/lib/python3.10/site-packages/airflow/example_dags/example_subdag_operator.py
[2023-12-07T16:57:39.241+0000] {logging_mixin.py:154} INFO - [2023-12-07T16:57:39.241+0000] {dag.py:2941} INFO - Sync 3 DAGs
[2023-12-07T16:57:39.261+0000] {logging_mixin.py:154} INFO - [2023-12-07T16:57:39.260+0000] {dag.py:3722} INFO - Setting next_dagrun for example_subdag_operator to 2022-01-01T00:00:00+00:00, run_after=2022-01-01T00:00:00+00:00
[2023-12-07T16:57:39.264+0000] {logging_mixin.py:154} INFO - [2023-12-07T16:57:39.264+0000] {dag.py:3722} INFO - Setting next_dagrun for example_subdag_operator.section-1 to None, run_after=None
[2023-12-07T16:57:39.265+0000] {logging_mixin.py:154} INFO - [2023-12-07T16:57:39.265+0000] {dag.py:3722} INFO - Setting next_dagrun for example_subdag_operator.section-2 to None, run_after=None
[2023-12-07T16:57:39.270+0000] {logging_mixin.py:154} INFO - [2023-12-07T16:57:39.270+0000] {dag.py:2941} INFO - Sync 2 DAGs
[2023-12-07T16:57:39.274+0000] {logging_mixin.py:154} INFO - [2023-12-07T16:57:39.274+0000] {dag.py:3722} INFO - Setting next_dagrun for example_subdag_operator.section-1 to None, run_after=None
[2023-12-07T16:57:39.275+0000] {logging_mixin.py:154} INFO - [2023-12-07T16:57:39.275+0000] {dag.py:3722} INFO - Setting next_dagrun for example_subdag_operator.section-2 to None, run_after=None
[2023-12-07T16:57:39.291+0000] {processor.py:179} INFO - Processing /home/ubuntu/ec2_customer_chum_venv/lib/python3.10/site-packages/airflow/example_dags/example_subdag_operator.py took 0.094 seconds
[2023-12-07T16:58:21.466+0000] {processor.py:157} INFO - Started process (PID=5520) to work on /home/ubuntu/ec2_customer_chum_venv/lib/python3.10/site-packages/airflow/example_dags/example_subdag_operator.py
[2023-12-07T16:58:21.467+0000] {processor.py:829} INFO - Processing file /home/ubuntu/ec2_customer_chum_venv/lib/python3.10/site-packages/airflow/example_dags/example_subdag_operator.py for tasks to queue
[2023-12-07T16:58:21.468+0000] {logging_mixin.py:154} INFO - [2023-12-07T16:58:21.467+0000] {dagbag.py:536} INFO - Filling up the DagBag from /home/ubuntu/ec2_customer_chum_venv/lib/python3.10/site-packages/airflow/example_dags/example_subdag_operator.py
[2023-12-07T16:58:21.491+0000] {processor.py:839} INFO - DAG(s) dict_keys(['example_subdag_operator.section-1', 'example_subdag_operator.section-2', 'example_subdag_operator']) retrieved from /home/ubuntu/ec2_customer_chum_venv/lib/python3.10/site-packages/airflow/example_dags/example_subdag_operator.py
[2023-12-07T16:58:21.507+0000] {logging_mixin.py:154} INFO - [2023-12-07T16:58:21.506+0000] {dag.py:2941} INFO - Sync 3 DAGs
[2023-12-07T16:58:21.527+0000] {logging_mixin.py:154} INFO - [2023-12-07T16:58:21.526+0000] {dag.py:3722} INFO - Setting next_dagrun for example_subdag_operator to 2022-01-01T00:00:00+00:00, run_after=2022-01-01T00:00:00+00:00
[2023-12-07T16:58:21.530+0000] {logging_mixin.py:154} INFO - [2023-12-07T16:58:21.529+0000] {dag.py:3722} INFO - Setting next_dagrun for example_subdag_operator.section-1 to None, run_after=None
[2023-12-07T16:58:21.530+0000] {logging_mixin.py:154} INFO - [2023-12-07T16:58:21.530+0000] {dag.py:3722} INFO - Setting next_dagrun for example_subdag_operator.section-2 to None, run_after=None
[2023-12-07T16:58:21.536+0000] {logging_mixin.py:154} INFO - [2023-12-07T16:58:21.536+0000] {dag.py:2941} INFO - Sync 2 DAGs
[2023-12-07T16:58:21.540+0000] {logging_mixin.py:154} INFO - [2023-12-07T16:58:21.540+0000] {dag.py:3722} INFO - Setting next_dagrun for example_subdag_operator.section-1 to None, run_after=None
[2023-12-07T16:58:21.541+0000] {logging_mixin.py:154} INFO - [2023-12-07T16:58:21.541+0000] {dag.py:3722} INFO - Setting next_dagrun for example_subdag_operator.section-2 to None, run_after=None
[2023-12-07T16:58:21.557+0000] {processor.py:179} INFO - Processing /home/ubuntu/ec2_customer_chum_venv/lib/python3.10/site-packages/airflow/example_dags/example_subdag_operator.py took 0.095 seconds
[2023-12-07T16:59:04.466+0000] {processor.py:157} INFO - Started process (PID=5566) to work on /home/ubuntu/ec2_customer_chum_venv/lib/python3.10/site-packages/airflow/example_dags/example_subdag_operator.py
[2023-12-07T16:59:04.468+0000] {processor.py:829} INFO - Processing file /home/ubuntu/ec2_customer_chum_venv/lib/python3.10/site-packages/airflow/example_dags/example_subdag_operator.py for tasks to queue
[2023-12-07T16:59:04.469+0000] {logging_mixin.py:154} INFO - [2023-12-07T16:59:04.468+0000] {dagbag.py:536} INFO - Filling up the DagBag from /home/ubuntu/ec2_customer_chum_venv/lib/python3.10/site-packages/airflow/example_dags/example_subdag_operator.py
[2023-12-07T16:59:04.492+0000] {processor.py:839} INFO - DAG(s) dict_keys(['example_subdag_operator.section-1', 'example_subdag_operator.section-2', 'example_subdag_operator']) retrieved from /home/ubuntu/ec2_customer_chum_venv/lib/python3.10/site-packages/airflow/example_dags/example_subdag_operator.py
[2023-12-07T16:59:04.509+0000] {logging_mixin.py:154} INFO - [2023-12-07T16:59:04.509+0000] {dag.py:2941} INFO - Sync 3 DAGs
[2023-12-07T16:59:04.529+0000] {logging_mixin.py:154} INFO - [2023-12-07T16:59:04.529+0000] {dag.py:3722} INFO - Setting next_dagrun for example_subdag_operator to 2022-01-01T00:00:00+00:00, run_after=2022-01-01T00:00:00+00:00
[2023-12-07T16:59:04.532+0000] {logging_mixin.py:154} INFO - [2023-12-07T16:59:04.532+0000] {dag.py:3722} INFO - Setting next_dagrun for example_subdag_operator.section-1 to None, run_after=None
[2023-12-07T16:59:04.533+0000] {logging_mixin.py:154} INFO - [2023-12-07T16:59:04.533+0000] {dag.py:3722} INFO - Setting next_dagrun for example_subdag_operator.section-2 to None, run_after=None
[2023-12-07T16:59:04.539+0000] {logging_mixin.py:154} INFO - [2023-12-07T16:59:04.539+0000] {dag.py:2941} INFO - Sync 2 DAGs
[2023-12-07T16:59:04.543+0000] {logging_mixin.py:154} INFO - [2023-12-07T16:59:04.543+0000] {dag.py:3722} INFO - Setting next_dagrun for example_subdag_operator.section-1 to None, run_after=None
[2023-12-07T16:59:04.543+0000] {logging_mixin.py:154} INFO - [2023-12-07T16:59:04.543+0000] {dag.py:3722} INFO - Setting next_dagrun for example_subdag_operator.section-2 to None, run_after=None
[2023-12-07T16:59:04.562+0000] {processor.py:179} INFO - Processing /home/ubuntu/ec2_customer_chum_venv/lib/python3.10/site-packages/airflow/example_dags/example_subdag_operator.py took 0.099 seconds
[2023-12-07T16:59:48.658+0000] {processor.py:157} INFO - Started process (PID=5613) to work on /home/ubuntu/ec2_customer_chum_venv/lib/python3.10/site-packages/airflow/example_dags/example_subdag_operator.py
[2023-12-07T16:59:48.659+0000] {processor.py:829} INFO - Processing file /home/ubuntu/ec2_customer_chum_venv/lib/python3.10/site-packages/airflow/example_dags/example_subdag_operator.py for tasks to queue
[2023-12-07T16:59:48.660+0000] {logging_mixin.py:154} INFO - [2023-12-07T16:59:48.660+0000] {dagbag.py:536} INFO - Filling up the DagBag from /home/ubuntu/ec2_customer_chum_venv/lib/python3.10/site-packages/airflow/example_dags/example_subdag_operator.py
[2023-12-07T16:59:48.682+0000] {processor.py:839} INFO - DAG(s) dict_keys(['example_subdag_operator.section-1', 'example_subdag_operator.section-2', 'example_subdag_operator']) retrieved from /home/ubuntu/ec2_customer_chum_venv/lib/python3.10/site-packages/airflow/example_dags/example_subdag_operator.py
[2023-12-07T16:59:48.698+0000] {logging_mixin.py:154} INFO - [2023-12-07T16:59:48.698+0000] {dag.py:2941} INFO - Sync 3 DAGs
[2023-12-07T16:59:48.717+0000] {logging_mixin.py:154} INFO - [2023-12-07T16:59:48.717+0000] {dag.py:3722} INFO - Setting next_dagrun for example_subdag_operator to 2022-01-01T00:00:00+00:00, run_after=2022-01-01T00:00:00+00:00
[2023-12-07T16:59:48.720+0000] {logging_mixin.py:154} INFO - [2023-12-07T16:59:48.720+0000] {dag.py:3722} INFO - Setting next_dagrun for example_subdag_operator.section-1 to None, run_after=None
[2023-12-07T16:59:48.721+0000] {logging_mixin.py:154} INFO - [2023-12-07T16:59:48.721+0000] {dag.py:3722} INFO - Setting next_dagrun for example_subdag_operator.section-2 to None, run_after=None
[2023-12-07T16:59:48.727+0000] {logging_mixin.py:154} INFO - [2023-12-07T16:59:48.727+0000] {dag.py:2941} INFO - Sync 2 DAGs
[2023-12-07T16:59:48.731+0000] {logging_mixin.py:154} INFO - [2023-12-07T16:59:48.731+0000] {dag.py:3722} INFO - Setting next_dagrun for example_subdag_operator.section-1 to None, run_after=None
[2023-12-07T16:59:48.731+0000] {logging_mixin.py:154} INFO - [2023-12-07T16:59:48.731+0000] {dag.py:3722} INFO - Setting next_dagrun for example_subdag_operator.section-2 to None, run_after=None
[2023-12-07T16:59:48.746+0000] {processor.py:179} INFO - Processing /home/ubuntu/ec2_customer_chum_venv/lib/python3.10/site-packages/airflow/example_dags/example_subdag_operator.py took 0.092 seconds
[2023-12-07T17:00:36.246+0000] {processor.py:157} INFO - Started process (PID=5660) to work on /home/ubuntu/ec2_customer_chum_venv/lib/python3.10/site-packages/airflow/example_dags/example_subdag_operator.py
[2023-12-07T17:00:36.248+0000] {processor.py:829} INFO - Processing file /home/ubuntu/ec2_customer_chum_venv/lib/python3.10/site-packages/airflow/example_dags/example_subdag_operator.py for tasks to queue
[2023-12-07T17:00:36.248+0000] {logging_mixin.py:154} INFO - [2023-12-07T17:00:36.248+0000] {dagbag.py:536} INFO - Filling up the DagBag from /home/ubuntu/ec2_customer_chum_venv/lib/python3.10/site-packages/airflow/example_dags/example_subdag_operator.py
[2023-12-07T17:00:36.271+0000] {processor.py:839} INFO - DAG(s) dict_keys(['example_subdag_operator.section-1', 'example_subdag_operator.section-2', 'example_subdag_operator']) retrieved from /home/ubuntu/ec2_customer_chum_venv/lib/python3.10/site-packages/airflow/example_dags/example_subdag_operator.py
[2023-12-07T17:00:36.287+0000] {logging_mixin.py:154} INFO - [2023-12-07T17:00:36.287+0000] {dag.py:2941} INFO - Sync 3 DAGs
[2023-12-07T17:00:36.308+0000] {logging_mixin.py:154} INFO - [2023-12-07T17:00:36.308+0000] {dag.py:3722} INFO - Setting next_dagrun for example_subdag_operator to 2022-01-01T00:00:00+00:00, run_after=2022-01-01T00:00:00+00:00
[2023-12-07T17:00:36.312+0000] {logging_mixin.py:154} INFO - [2023-12-07T17:00:36.311+0000] {dag.py:3722} INFO - Setting next_dagrun for example_subdag_operator.section-1 to None, run_after=None
[2023-12-07T17:00:36.312+0000] {logging_mixin.py:154} INFO - [2023-12-07T17:00:36.312+0000] {dag.py:3722} INFO - Setting next_dagrun for example_subdag_operator.section-2 to None, run_after=None
[2023-12-07T17:00:36.318+0000] {logging_mixin.py:154} INFO - [2023-12-07T17:00:36.318+0000] {dag.py:2941} INFO - Sync 2 DAGs
[2023-12-07T17:00:36.322+0000] {logging_mixin.py:154} INFO - [2023-12-07T17:00:36.322+0000] {dag.py:3722} INFO - Setting next_dagrun for example_subdag_operator.section-1 to None, run_after=None
[2023-12-07T17:00:36.323+0000] {logging_mixin.py:154} INFO - [2023-12-07T17:00:36.322+0000] {dag.py:3722} INFO - Setting next_dagrun for example_subdag_operator.section-2 to None, run_after=None
[2023-12-07T17:00:36.340+0000] {processor.py:179} INFO - Processing /home/ubuntu/ec2_customer_chum_venv/lib/python3.10/site-packages/airflow/example_dags/example_subdag_operator.py took 0.097 seconds
[2023-12-07T17:01:23.672+0000] {processor.py:157} INFO - Started process (PID=5708) to work on /home/ubuntu/ec2_customer_chum_venv/lib/python3.10/site-packages/airflow/example_dags/example_subdag_operator.py
[2023-12-07T17:01:23.673+0000] {processor.py:829} INFO - Processing file /home/ubuntu/ec2_customer_chum_venv/lib/python3.10/site-packages/airflow/example_dags/example_subdag_operator.py for tasks to queue
[2023-12-07T17:01:23.674+0000] {logging_mixin.py:154} INFO - [2023-12-07T17:01:23.674+0000] {dagbag.py:536} INFO - Filling up the DagBag from /home/ubuntu/ec2_customer_chum_venv/lib/python3.10/site-packages/airflow/example_dags/example_subdag_operator.py
[2023-12-07T17:01:23.697+0000] {processor.py:839} INFO - DAG(s) dict_keys(['example_subdag_operator.section-1', 'example_subdag_operator.section-2', 'example_subdag_operator']) retrieved from /home/ubuntu/ec2_customer_chum_venv/lib/python3.10/site-packages/airflow/example_dags/example_subdag_operator.py
[2023-12-07T17:01:23.713+0000] {logging_mixin.py:154} INFO - [2023-12-07T17:01:23.713+0000] {dag.py:2941} INFO - Sync 3 DAGs
[2023-12-07T17:01:23.734+0000] {logging_mixin.py:154} INFO - [2023-12-07T17:01:23.734+0000] {dag.py:3722} INFO - Setting next_dagrun for example_subdag_operator to 2022-01-01T00:00:00+00:00, run_after=2022-01-01T00:00:00+00:00
[2023-12-07T17:01:23.737+0000] {logging_mixin.py:154} INFO - [2023-12-07T17:01:23.737+0000] {dag.py:3722} INFO - Setting next_dagrun for example_subdag_operator.section-1 to None, run_after=None
[2023-12-07T17:01:23.738+0000] {logging_mixin.py:154} INFO - [2023-12-07T17:01:23.738+0000] {dag.py:3722} INFO - Setting next_dagrun for example_subdag_operator.section-2 to None, run_after=None
[2023-12-07T17:01:23.744+0000] {logging_mixin.py:154} INFO - [2023-12-07T17:01:23.744+0000] {dag.py:2941} INFO - Sync 2 DAGs
[2023-12-07T17:01:23.748+0000] {logging_mixin.py:154} INFO - [2023-12-07T17:01:23.748+0000] {dag.py:3722} INFO - Setting next_dagrun for example_subdag_operator.section-1 to None, run_after=None
[2023-12-07T17:01:23.748+0000] {logging_mixin.py:154} INFO - [2023-12-07T17:01:23.748+0000] {dag.py:3722} INFO - Setting next_dagrun for example_subdag_operator.section-2 to None, run_after=None
[2023-12-07T17:01:23.764+0000] {processor.py:179} INFO - Processing /home/ubuntu/ec2_customer_chum_venv/lib/python3.10/site-packages/airflow/example_dags/example_subdag_operator.py took 0.095 seconds
[2023-12-07T17:02:08.890+0000] {processor.py:157} INFO - Started process (PID=5754) to work on /home/ubuntu/ec2_customer_chum_venv/lib/python3.10/site-packages/airflow/example_dags/example_subdag_operator.py
[2023-12-07T17:02:08.891+0000] {processor.py:829} INFO - Processing file /home/ubuntu/ec2_customer_chum_venv/lib/python3.10/site-packages/airflow/example_dags/example_subdag_operator.py for tasks to queue
[2023-12-07T17:02:08.892+0000] {logging_mixin.py:154} INFO - [2023-12-07T17:02:08.892+0000] {dagbag.py:536} INFO - Filling up the DagBag from /home/ubuntu/ec2_customer_chum_venv/lib/python3.10/site-packages/airflow/example_dags/example_subdag_operator.py
[2023-12-07T17:02:08.915+0000] {processor.py:839} INFO - DAG(s) dict_keys(['example_subdag_operator.section-1', 'example_subdag_operator.section-2', 'example_subdag_operator']) retrieved from /home/ubuntu/ec2_customer_chum_venv/lib/python3.10/site-packages/airflow/example_dags/example_subdag_operator.py
[2023-12-07T17:02:08.931+0000] {logging_mixin.py:154} INFO - [2023-12-07T17:02:08.930+0000] {dag.py:2941} INFO - Sync 3 DAGs
[2023-12-07T17:02:08.951+0000] {logging_mixin.py:154} INFO - [2023-12-07T17:02:08.950+0000] {dag.py:3722} INFO - Setting next_dagrun for example_subdag_operator to 2022-01-01T00:00:00+00:00, run_after=2022-01-01T00:00:00+00:00
[2023-12-07T17:02:08.954+0000] {logging_mixin.py:154} INFO - [2023-12-07T17:02:08.954+0000] {dag.py:3722} INFO - Setting next_dagrun for example_subdag_operator.section-1 to None, run_after=None
[2023-12-07T17:02:08.955+0000] {logging_mixin.py:154} INFO - [2023-12-07T17:02:08.955+0000] {dag.py:3722} INFO - Setting next_dagrun for example_subdag_operator.section-2 to None, run_after=None
[2023-12-07T17:02:08.962+0000] {logging_mixin.py:154} INFO - [2023-12-07T17:02:08.962+0000] {dag.py:2941} INFO - Sync 2 DAGs
[2023-12-07T17:02:08.966+0000] {logging_mixin.py:154} INFO - [2023-12-07T17:02:08.966+0000] {dag.py:3722} INFO - Setting next_dagrun for example_subdag_operator.section-1 to None, run_after=None
[2023-12-07T17:02:08.967+0000] {logging_mixin.py:154} INFO - [2023-12-07T17:02:08.966+0000] {dag.py:3722} INFO - Setting next_dagrun for example_subdag_operator.section-2 to None, run_after=None
[2023-12-07T17:02:08.982+0000] {processor.py:179} INFO - Processing /home/ubuntu/ec2_customer_chum_venv/lib/python3.10/site-packages/airflow/example_dags/example_subdag_operator.py took 0.095 seconds
[2023-12-07T17:02:56.245+0000] {processor.py:157} INFO - Started process (PID=5802) to work on /home/ubuntu/ec2_customer_chum_venv/lib/python3.10/site-packages/airflow/example_dags/example_subdag_operator.py
[2023-12-07T17:02:56.246+0000] {processor.py:829} INFO - Processing file /home/ubuntu/ec2_customer_chum_venv/lib/python3.10/site-packages/airflow/example_dags/example_subdag_operator.py for tasks to queue
[2023-12-07T17:02:56.247+0000] {logging_mixin.py:154} INFO - [2023-12-07T17:02:56.247+0000] {dagbag.py:536} INFO - Filling up the DagBag from /home/ubuntu/ec2_customer_chum_venv/lib/python3.10/site-packages/airflow/example_dags/example_subdag_operator.py
[2023-12-07T17:02:56.270+0000] {processor.py:839} INFO - DAG(s) dict_keys(['example_subdag_operator.section-1', 'example_subdag_operator.section-2', 'example_subdag_operator']) retrieved from /home/ubuntu/ec2_customer_chum_venv/lib/python3.10/site-packages/airflow/example_dags/example_subdag_operator.py
[2023-12-07T17:02:56.286+0000] {logging_mixin.py:154} INFO - [2023-12-07T17:02:56.285+0000] {dag.py:2941} INFO - Sync 3 DAGs
[2023-12-07T17:02:56.305+0000] {logging_mixin.py:154} INFO - [2023-12-07T17:02:56.305+0000] {dag.py:3722} INFO - Setting next_dagrun for example_subdag_operator to 2022-01-01T00:00:00+00:00, run_after=2022-01-01T00:00:00+00:00
[2023-12-07T17:02:56.308+0000] {logging_mixin.py:154} INFO - [2023-12-07T17:02:56.308+0000] {dag.py:3722} INFO - Setting next_dagrun for example_subdag_operator.section-1 to None, run_after=None
[2023-12-07T17:02:56.309+0000] {logging_mixin.py:154} INFO - [2023-12-07T17:02:56.309+0000] {dag.py:3722} INFO - Setting next_dagrun for example_subdag_operator.section-2 to None, run_after=None
[2023-12-07T17:02:56.315+0000] {logging_mixin.py:154} INFO - [2023-12-07T17:02:56.315+0000] {dag.py:2941} INFO - Sync 2 DAGs
[2023-12-07T17:02:56.319+0000] {logging_mixin.py:154} INFO - [2023-12-07T17:02:56.319+0000] {dag.py:3722} INFO - Setting next_dagrun for example_subdag_operator.section-1 to None, run_after=None
[2023-12-07T17:02:56.319+0000] {logging_mixin.py:154} INFO - [2023-12-07T17:02:56.319+0000] {dag.py:3722} INFO - Setting next_dagrun for example_subdag_operator.section-2 to None, run_after=None
[2023-12-07T17:02:56.335+0000] {processor.py:179} INFO - Processing /home/ubuntu/ec2_customer_chum_venv/lib/python3.10/site-packages/airflow/example_dags/example_subdag_operator.py took 0.093 seconds
[2023-12-07T17:03:43.657+0000] {processor.py:157} INFO - Started process (PID=5851) to work on /home/ubuntu/ec2_customer_chum_venv/lib/python3.10/site-packages/airflow/example_dags/example_subdag_operator.py
[2023-12-07T17:03:43.658+0000] {processor.py:829} INFO - Processing file /home/ubuntu/ec2_customer_chum_venv/lib/python3.10/site-packages/airflow/example_dags/example_subdag_operator.py for tasks to queue
[2023-12-07T17:03:43.659+0000] {logging_mixin.py:154} INFO - [2023-12-07T17:03:43.659+0000] {dagbag.py:536} INFO - Filling up the DagBag from /home/ubuntu/ec2_customer_chum_venv/lib/python3.10/site-packages/airflow/example_dags/example_subdag_operator.py
[2023-12-07T17:03:43.682+0000] {processor.py:839} INFO - DAG(s) dict_keys(['example_subdag_operator.section-1', 'example_subdag_operator.section-2', 'example_subdag_operator']) retrieved from /home/ubuntu/ec2_customer_chum_venv/lib/python3.10/site-packages/airflow/example_dags/example_subdag_operator.py
[2023-12-07T17:03:43.697+0000] {logging_mixin.py:154} INFO - [2023-12-07T17:03:43.697+0000] {dag.py:2941} INFO - Sync 3 DAGs
[2023-12-07T17:03:43.716+0000] {logging_mixin.py:154} INFO - [2023-12-07T17:03:43.716+0000] {dag.py:3722} INFO - Setting next_dagrun for example_subdag_operator to 2022-01-01T00:00:00+00:00, run_after=2022-01-01T00:00:00+00:00
[2023-12-07T17:03:43.721+0000] {logging_mixin.py:154} INFO - [2023-12-07T17:03:43.720+0000] {dag.py:3722} INFO - Setting next_dagrun for example_subdag_operator.section-1 to None, run_after=None
[2023-12-07T17:03:43.721+0000] {logging_mixin.py:154} INFO - [2023-12-07T17:03:43.721+0000] {dag.py:3722} INFO - Setting next_dagrun for example_subdag_operator.section-2 to None, run_after=None
[2023-12-07T17:03:43.727+0000] {logging_mixin.py:154} INFO - [2023-12-07T17:03:43.727+0000] {dag.py:2941} INFO - Sync 2 DAGs
[2023-12-07T17:03:43.731+0000] {logging_mixin.py:154} INFO - [2023-12-07T17:03:43.731+0000] {dag.py:3722} INFO - Setting next_dagrun for example_subdag_operator.section-1 to None, run_after=None
[2023-12-07T17:03:43.731+0000] {logging_mixin.py:154} INFO - [2023-12-07T17:03:43.731+0000] {dag.py:3722} INFO - Setting next_dagrun for example_subdag_operator.section-2 to None, run_after=None
[2023-12-07T17:03:43.747+0000] {processor.py:179} INFO - Processing /home/ubuntu/ec2_customer_chum_venv/lib/python3.10/site-packages/airflow/example_dags/example_subdag_operator.py took 0.093 seconds
[2023-12-07T17:04:25.112+0000] {processor.py:157} INFO - Started process (PID=5893) to work on /home/ubuntu/ec2_customer_chum_venv/lib/python3.10/site-packages/airflow/example_dags/example_subdag_operator.py
[2023-12-07T17:04:25.113+0000] {processor.py:829} INFO - Processing file /home/ubuntu/ec2_customer_chum_venv/lib/python3.10/site-packages/airflow/example_dags/example_subdag_operator.py for tasks to queue
[2023-12-07T17:04:25.114+0000] {logging_mixin.py:154} INFO - [2023-12-07T17:04:25.114+0000] {dagbag.py:536} INFO - Filling up the DagBag from /home/ubuntu/ec2_customer_chum_venv/lib/python3.10/site-packages/airflow/example_dags/example_subdag_operator.py
[2023-12-07T17:04:25.136+0000] {processor.py:839} INFO - DAG(s) dict_keys(['example_subdag_operator.section-1', 'example_subdag_operator.section-2', 'example_subdag_operator']) retrieved from /home/ubuntu/ec2_customer_chum_venv/lib/python3.10/site-packages/airflow/example_dags/example_subdag_operator.py
[2023-12-07T17:04:25.152+0000] {logging_mixin.py:154} INFO - [2023-12-07T17:04:25.152+0000] {dag.py:2941} INFO - Sync 3 DAGs
[2023-12-07T17:04:25.172+0000] {logging_mixin.py:154} INFO - [2023-12-07T17:04:25.171+0000] {dag.py:3722} INFO - Setting next_dagrun for example_subdag_operator to 2022-01-01T00:00:00+00:00, run_after=2022-01-01T00:00:00+00:00
[2023-12-07T17:04:25.175+0000] {logging_mixin.py:154} INFO - [2023-12-07T17:04:25.175+0000] {dag.py:3722} INFO - Setting next_dagrun for example_subdag_operator.section-1 to None, run_after=None
[2023-12-07T17:04:25.176+0000] {logging_mixin.py:154} INFO - [2023-12-07T17:04:25.175+0000] {dag.py:3722} INFO - Setting next_dagrun for example_subdag_operator.section-2 to None, run_after=None
[2023-12-07T17:04:25.181+0000] {logging_mixin.py:154} INFO - [2023-12-07T17:04:25.181+0000] {dag.py:2941} INFO - Sync 2 DAGs
[2023-12-07T17:04:25.185+0000] {logging_mixin.py:154} INFO - [2023-12-07T17:04:25.185+0000] {dag.py:3722} INFO - Setting next_dagrun for example_subdag_operator.section-1 to None, run_after=None
[2023-12-07T17:04:25.185+0000] {logging_mixin.py:154} INFO - [2023-12-07T17:04:25.185+0000] {dag.py:3722} INFO - Setting next_dagrun for example_subdag_operator.section-2 to None, run_after=None
[2023-12-07T17:04:25.201+0000] {processor.py:179} INFO - Processing /home/ubuntu/ec2_customer_chum_venv/lib/python3.10/site-packages/airflow/example_dags/example_subdag_operator.py took 0.093 seconds
[2023-12-07T17:05:09.273+0000] {processor.py:157} INFO - Started process (PID=5942) to work on /home/ubuntu/ec2_customer_chum_venv/lib/python3.10/site-packages/airflow/example_dags/example_subdag_operator.py
[2023-12-07T17:05:09.274+0000] {processor.py:829} INFO - Processing file /home/ubuntu/ec2_customer_chum_venv/lib/python3.10/site-packages/airflow/example_dags/example_subdag_operator.py for tasks to queue
[2023-12-07T17:05:09.275+0000] {logging_mixin.py:154} INFO - [2023-12-07T17:05:09.275+0000] {dagbag.py:536} INFO - Filling up the DagBag from /home/ubuntu/ec2_customer_chum_venv/lib/python3.10/site-packages/airflow/example_dags/example_subdag_operator.py
[2023-12-07T17:05:09.298+0000] {processor.py:839} INFO - DAG(s) dict_keys(['example_subdag_operator.section-1', 'example_subdag_operator.section-2', 'example_subdag_operator']) retrieved from /home/ubuntu/ec2_customer_chum_venv/lib/python3.10/site-packages/airflow/example_dags/example_subdag_operator.py
[2023-12-07T17:05:09.313+0000] {logging_mixin.py:154} INFO - [2023-12-07T17:05:09.313+0000] {dag.py:2941} INFO - Sync 3 DAGs
[2023-12-07T17:05:09.333+0000] {logging_mixin.py:154} INFO - [2023-12-07T17:05:09.333+0000] {dag.py:3722} INFO - Setting next_dagrun for example_subdag_operator to 2022-01-01T00:00:00+00:00, run_after=2022-01-01T00:00:00+00:00
[2023-12-07T17:05:09.337+0000] {logging_mixin.py:154} INFO - [2023-12-07T17:05:09.337+0000] {dag.py:3722} INFO - Setting next_dagrun for example_subdag_operator.section-1 to None, run_after=None
[2023-12-07T17:05:09.338+0000] {logging_mixin.py:154} INFO - [2023-12-07T17:05:09.338+0000] {dag.py:3722} INFO - Setting next_dagrun for example_subdag_operator.section-2 to None, run_after=None
[2023-12-07T17:05:09.344+0000] {logging_mixin.py:154} INFO - [2023-12-07T17:05:09.344+0000] {dag.py:2941} INFO - Sync 2 DAGs
[2023-12-07T17:05:09.348+0000] {logging_mixin.py:154} INFO - [2023-12-07T17:05:09.348+0000] {dag.py:3722} INFO - Setting next_dagrun for example_subdag_operator.section-1 to None, run_after=None
[2023-12-07T17:05:09.348+0000] {logging_mixin.py:154} INFO - [2023-12-07T17:05:09.348+0000] {dag.py:3722} INFO - Setting next_dagrun for example_subdag_operator.section-2 to None, run_after=None
[2023-12-07T17:05:09.365+0000] {processor.py:179} INFO - Processing /home/ubuntu/ec2_customer_chum_venv/lib/python3.10/site-packages/airflow/example_dags/example_subdag_operator.py took 0.095 seconds
[2023-12-07T17:05:52.850+0000] {processor.py:157} INFO - Started process (PID=5987) to work on /home/ubuntu/ec2_customer_chum_venv/lib/python3.10/site-packages/airflow/example_dags/example_subdag_operator.py
[2023-12-07T17:05:52.851+0000] {processor.py:829} INFO - Processing file /home/ubuntu/ec2_customer_chum_venv/lib/python3.10/site-packages/airflow/example_dags/example_subdag_operator.py for tasks to queue
[2023-12-07T17:05:52.852+0000] {logging_mixin.py:154} INFO - [2023-12-07T17:05:52.851+0000] {dagbag.py:536} INFO - Filling up the DagBag from /home/ubuntu/ec2_customer_chum_venv/lib/python3.10/site-packages/airflow/example_dags/example_subdag_operator.py
[2023-12-07T17:05:52.874+0000] {processor.py:839} INFO - DAG(s) dict_keys(['example_subdag_operator.section-1', 'example_subdag_operator.section-2', 'example_subdag_operator']) retrieved from /home/ubuntu/ec2_customer_chum_venv/lib/python3.10/site-packages/airflow/example_dags/example_subdag_operator.py
[2023-12-07T17:05:52.890+0000] {logging_mixin.py:154} INFO - [2023-12-07T17:05:52.890+0000] {dag.py:2941} INFO - Sync 3 DAGs
[2023-12-07T17:05:52.910+0000] {logging_mixin.py:154} INFO - [2023-12-07T17:05:52.910+0000] {dag.py:3722} INFO - Setting next_dagrun for example_subdag_operator to 2022-01-01T00:00:00+00:00, run_after=2022-01-01T00:00:00+00:00
[2023-12-07T17:05:52.913+0000] {logging_mixin.py:154} INFO - [2023-12-07T17:05:52.913+0000] {dag.py:3722} INFO - Setting next_dagrun for example_subdag_operator.section-1 to None, run_after=None
[2023-12-07T17:05:52.914+0000] {logging_mixin.py:154} INFO - [2023-12-07T17:05:52.914+0000] {dag.py:3722} INFO - Setting next_dagrun for example_subdag_operator.section-2 to None, run_after=None
[2023-12-07T17:05:52.920+0000] {logging_mixin.py:154} INFO - [2023-12-07T17:05:52.919+0000] {dag.py:2941} INFO - Sync 2 DAGs
[2023-12-07T17:05:52.924+0000] {logging_mixin.py:154} INFO - [2023-12-07T17:05:52.924+0000] {dag.py:3722} INFO - Setting next_dagrun for example_subdag_operator.section-1 to None, run_after=None
[2023-12-07T17:05:52.924+0000] {logging_mixin.py:154} INFO - [2023-12-07T17:05:52.924+0000] {dag.py:3722} INFO - Setting next_dagrun for example_subdag_operator.section-2 to None, run_after=None
[2023-12-07T17:05:52.941+0000] {processor.py:179} INFO - Processing /home/ubuntu/ec2_customer_chum_venv/lib/python3.10/site-packages/airflow/example_dags/example_subdag_operator.py took 0.094 seconds
[2023-12-07T17:06:37.103+0000] {processor.py:157} INFO - Started process (PID=6033) to work on /home/ubuntu/ec2_customer_chum_venv/lib/python3.10/site-packages/airflow/example_dags/example_subdag_operator.py
[2023-12-07T17:06:37.105+0000] {processor.py:829} INFO - Processing file /home/ubuntu/ec2_customer_chum_venv/lib/python3.10/site-packages/airflow/example_dags/example_subdag_operator.py for tasks to queue
[2023-12-07T17:06:37.106+0000] {logging_mixin.py:154} INFO - [2023-12-07T17:06:37.105+0000] {dagbag.py:536} INFO - Filling up the DagBag from /home/ubuntu/ec2_customer_chum_venv/lib/python3.10/site-packages/airflow/example_dags/example_subdag_operator.py
[2023-12-07T17:06:37.129+0000] {processor.py:839} INFO - DAG(s) dict_keys(['example_subdag_operator.section-1', 'example_subdag_operator.section-2', 'example_subdag_operator']) retrieved from /home/ubuntu/ec2_customer_chum_venv/lib/python3.10/site-packages/airflow/example_dags/example_subdag_operator.py
[2023-12-07T17:06:37.145+0000] {logging_mixin.py:154} INFO - [2023-12-07T17:06:37.145+0000] {dag.py:2941} INFO - Sync 3 DAGs
[2023-12-07T17:06:37.165+0000] {logging_mixin.py:154} INFO - [2023-12-07T17:06:37.165+0000] {dag.py:3722} INFO - Setting next_dagrun for example_subdag_operator to 2022-01-01T00:00:00+00:00, run_after=2022-01-01T00:00:00+00:00
[2023-12-07T17:06:37.169+0000] {logging_mixin.py:154} INFO - [2023-12-07T17:06:37.169+0000] {dag.py:3722} INFO - Setting next_dagrun for example_subdag_operator.section-1 to None, run_after=None
[2023-12-07T17:06:37.170+0000] {logging_mixin.py:154} INFO - [2023-12-07T17:06:37.170+0000] {dag.py:3722} INFO - Setting next_dagrun for example_subdag_operator.section-2 to None, run_after=None
[2023-12-07T17:06:37.176+0000] {logging_mixin.py:154} INFO - [2023-12-07T17:06:37.175+0000] {dag.py:2941} INFO - Sync 2 DAGs
[2023-12-07T17:06:37.180+0000] {logging_mixin.py:154} INFO - [2023-12-07T17:06:37.180+0000] {dag.py:3722} INFO - Setting next_dagrun for example_subdag_operator.section-1 to None, run_after=None
[2023-12-07T17:06:37.180+0000] {logging_mixin.py:154} INFO - [2023-12-07T17:06:37.180+0000] {dag.py:3722} INFO - Setting next_dagrun for example_subdag_operator.section-2 to None, run_after=None
[2023-12-07T17:06:37.196+0000] {processor.py:179} INFO - Processing /home/ubuntu/ec2_customer_chum_venv/lib/python3.10/site-packages/airflow/example_dags/example_subdag_operator.py took 0.097 seconds
[2023-12-07T17:07:27.354+0000] {processor.py:157} INFO - Started process (PID=6083) to work on /home/ubuntu/ec2_customer_chum_venv/lib/python3.10/site-packages/airflow/example_dags/example_subdag_operator.py
[2023-12-07T17:07:27.356+0000] {processor.py:829} INFO - Processing file /home/ubuntu/ec2_customer_chum_venv/lib/python3.10/site-packages/airflow/example_dags/example_subdag_operator.py for tasks to queue
[2023-12-07T17:07:27.357+0000] {logging_mixin.py:154} INFO - [2023-12-07T17:07:27.356+0000] {dagbag.py:536} INFO - Filling up the DagBag from /home/ubuntu/ec2_customer_chum_venv/lib/python3.10/site-packages/airflow/example_dags/example_subdag_operator.py
[2023-12-07T17:07:27.379+0000] {processor.py:839} INFO - DAG(s) dict_keys(['example_subdag_operator.section-1', 'example_subdag_operator.section-2', 'example_subdag_operator']) retrieved from /home/ubuntu/ec2_customer_chum_venv/lib/python3.10/site-packages/airflow/example_dags/example_subdag_operator.py
[2023-12-07T17:07:27.395+0000] {logging_mixin.py:154} INFO - [2023-12-07T17:07:27.395+0000] {dag.py:2941} INFO - Sync 3 DAGs
[2023-12-07T17:07:27.415+0000] {logging_mixin.py:154} INFO - [2023-12-07T17:07:27.415+0000] {dag.py:3722} INFO - Setting next_dagrun for example_subdag_operator to 2022-01-01T00:00:00+00:00, run_after=2022-01-01T00:00:00+00:00
[2023-12-07T17:07:27.418+0000] {logging_mixin.py:154} INFO - [2023-12-07T17:07:27.418+0000] {dag.py:3722} INFO - Setting next_dagrun for example_subdag_operator.section-1 to None, run_after=None
[2023-12-07T17:07:27.419+0000] {logging_mixin.py:154} INFO - [2023-12-07T17:07:27.419+0000] {dag.py:3722} INFO - Setting next_dagrun for example_subdag_operator.section-2 to None, run_after=None
[2023-12-07T17:07:27.425+0000] {logging_mixin.py:154} INFO - [2023-12-07T17:07:27.425+0000] {dag.py:2941} INFO - Sync 2 DAGs
[2023-12-07T17:07:27.429+0000] {logging_mixin.py:154} INFO - [2023-12-07T17:07:27.429+0000] {dag.py:3722} INFO - Setting next_dagrun for example_subdag_operator.section-1 to None, run_after=None
[2023-12-07T17:07:27.430+0000] {logging_mixin.py:154} INFO - [2023-12-07T17:07:27.429+0000] {dag.py:3722} INFO - Setting next_dagrun for example_subdag_operator.section-2 to None, run_after=None
[2023-12-07T17:07:27.445+0000] {processor.py:179} INFO - Processing /home/ubuntu/ec2_customer_chum_venv/lib/python3.10/site-packages/airflow/example_dags/example_subdag_operator.py took 0.094 seconds
[2023-12-07T17:08:12.710+0000] {processor.py:157} INFO - Started process (PID=6129) to work on /home/ubuntu/ec2_customer_chum_venv/lib/python3.10/site-packages/airflow/example_dags/example_subdag_operator.py
[2023-12-07T17:08:12.712+0000] {processor.py:829} INFO - Processing file /home/ubuntu/ec2_customer_chum_venv/lib/python3.10/site-packages/airflow/example_dags/example_subdag_operator.py for tasks to queue
[2023-12-07T17:08:12.712+0000] {logging_mixin.py:154} INFO - [2023-12-07T17:08:12.712+0000] {dagbag.py:536} INFO - Filling up the DagBag from /home/ubuntu/ec2_customer_chum_venv/lib/python3.10/site-packages/airflow/example_dags/example_subdag_operator.py
[2023-12-07T17:08:12.735+0000] {processor.py:839} INFO - DAG(s) dict_keys(['example_subdag_operator.section-1', 'example_subdag_operator.section-2', 'example_subdag_operator']) retrieved from /home/ubuntu/ec2_customer_chum_venv/lib/python3.10/site-packages/airflow/example_dags/example_subdag_operator.py
[2023-12-07T17:08:12.752+0000] {logging_mixin.py:154} INFO - [2023-12-07T17:08:12.751+0000] {dag.py:2941} INFO - Sync 3 DAGs
[2023-12-07T17:08:12.772+0000] {logging_mixin.py:154} INFO - [2023-12-07T17:08:12.771+0000] {dag.py:3722} INFO - Setting next_dagrun for example_subdag_operator to 2022-01-01T00:00:00+00:00, run_after=2022-01-01T00:00:00+00:00
[2023-12-07T17:08:12.775+0000] {logging_mixin.py:154} INFO - [2023-12-07T17:08:12.775+0000] {dag.py:3722} INFO - Setting next_dagrun for example_subdag_operator.section-1 to None, run_after=None
[2023-12-07T17:08:12.776+0000] {logging_mixin.py:154} INFO - [2023-12-07T17:08:12.776+0000] {dag.py:3722} INFO - Setting next_dagrun for example_subdag_operator.section-2 to None, run_after=None
[2023-12-07T17:08:12.782+0000] {logging_mixin.py:154} INFO - [2023-12-07T17:08:12.782+0000] {dag.py:2941} INFO - Sync 2 DAGs
[2023-12-07T17:08:12.787+0000] {logging_mixin.py:154} INFO - [2023-12-07T17:08:12.787+0000] {dag.py:3722} INFO - Setting next_dagrun for example_subdag_operator.section-1 to None, run_after=None
[2023-12-07T17:08:12.788+0000] {logging_mixin.py:154} INFO - [2023-12-07T17:08:12.787+0000] {dag.py:3722} INFO - Setting next_dagrun for example_subdag_operator.section-2 to None, run_after=None
[2023-12-07T17:08:12.803+0000] {processor.py:179} INFO - Processing /home/ubuntu/ec2_customer_chum_venv/lib/python3.10/site-packages/airflow/example_dags/example_subdag_operator.py took 0.096 seconds
[2023-12-07T17:08:59.263+0000] {processor.py:157} INFO - Started process (PID=6176) to work on /home/ubuntu/ec2_customer_chum_venv/lib/python3.10/site-packages/airflow/example_dags/example_subdag_operator.py
[2023-12-07T17:08:59.264+0000] {processor.py:829} INFO - Processing file /home/ubuntu/ec2_customer_chum_venv/lib/python3.10/site-packages/airflow/example_dags/example_subdag_operator.py for tasks to queue
[2023-12-07T17:08:59.265+0000] {logging_mixin.py:154} INFO - [2023-12-07T17:08:59.265+0000] {dagbag.py:536} INFO - Filling up the DagBag from /home/ubuntu/ec2_customer_chum_venv/lib/python3.10/site-packages/airflow/example_dags/example_subdag_operator.py
[2023-12-07T17:08:59.287+0000] {processor.py:839} INFO - DAG(s) dict_keys(['example_subdag_operator.section-1', 'example_subdag_operator.section-2', 'example_subdag_operator']) retrieved from /home/ubuntu/ec2_customer_chum_venv/lib/python3.10/site-packages/airflow/example_dags/example_subdag_operator.py
[2023-12-07T17:08:59.303+0000] {logging_mixin.py:154} INFO - [2023-12-07T17:08:59.302+0000] {dag.py:2941} INFO - Sync 3 DAGs
[2023-12-07T17:08:59.322+0000] {logging_mixin.py:154} INFO - [2023-12-07T17:08:59.322+0000] {dag.py:3722} INFO - Setting next_dagrun for example_subdag_operator to 2022-01-01T00:00:00+00:00, run_after=2022-01-01T00:00:00+00:00
[2023-12-07T17:08:59.325+0000] {logging_mixin.py:154} INFO - [2023-12-07T17:08:59.325+0000] {dag.py:3722} INFO - Setting next_dagrun for example_subdag_operator.section-1 to None, run_after=None
[2023-12-07T17:08:59.326+0000] {logging_mixin.py:154} INFO - [2023-12-07T17:08:59.326+0000] {dag.py:3722} INFO - Setting next_dagrun for example_subdag_operator.section-2 to None, run_after=None
[2023-12-07T17:08:59.331+0000] {logging_mixin.py:154} INFO - [2023-12-07T17:08:59.331+0000] {dag.py:2941} INFO - Sync 2 DAGs
[2023-12-07T17:08:59.335+0000] {logging_mixin.py:154} INFO - [2023-12-07T17:08:59.335+0000] {dag.py:3722} INFO - Setting next_dagrun for example_subdag_operator.section-1 to None, run_after=None
[2023-12-07T17:08:59.336+0000] {logging_mixin.py:154} INFO - [2023-12-07T17:08:59.335+0000] {dag.py:3722} INFO - Setting next_dagrun for example_subdag_operator.section-2 to None, run_after=None
[2023-12-07T17:08:59.351+0000] {processor.py:179} INFO - Processing /home/ubuntu/ec2_customer_chum_venv/lib/python3.10/site-packages/airflow/example_dags/example_subdag_operator.py took 0.091 seconds
[2023-12-07T17:09:41.050+0000] {processor.py:157} INFO - Started process (PID=6222) to work on /home/ubuntu/ec2_customer_chum_venv/lib/python3.10/site-packages/airflow/example_dags/example_subdag_operator.py
[2023-12-07T17:09:41.051+0000] {processor.py:829} INFO - Processing file /home/ubuntu/ec2_customer_chum_venv/lib/python3.10/site-packages/airflow/example_dags/example_subdag_operator.py for tasks to queue
[2023-12-07T17:09:41.052+0000] {logging_mixin.py:154} INFO - [2023-12-07T17:09:41.052+0000] {dagbag.py:536} INFO - Filling up the DagBag from /home/ubuntu/ec2_customer_chum_venv/lib/python3.10/site-packages/airflow/example_dags/example_subdag_operator.py
[2023-12-07T17:09:41.074+0000] {processor.py:839} INFO - DAG(s) dict_keys(['example_subdag_operator.section-1', 'example_subdag_operator.section-2', 'example_subdag_operator']) retrieved from /home/ubuntu/ec2_customer_chum_venv/lib/python3.10/site-packages/airflow/example_dags/example_subdag_operator.py
[2023-12-07T17:09:41.090+0000] {logging_mixin.py:154} INFO - [2023-12-07T17:09:41.090+0000] {dag.py:2941} INFO - Sync 3 DAGs
[2023-12-07T17:09:41.110+0000] {logging_mixin.py:154} INFO - [2023-12-07T17:09:41.110+0000] {dag.py:3722} INFO - Setting next_dagrun for example_subdag_operator to 2022-01-01T00:00:00+00:00, run_after=2022-01-01T00:00:00+00:00
[2023-12-07T17:09:41.114+0000] {logging_mixin.py:154} INFO - [2023-12-07T17:09:41.114+0000] {dag.py:3722} INFO - Setting next_dagrun for example_subdag_operator.section-1 to None, run_after=None
[2023-12-07T17:09:41.115+0000] {logging_mixin.py:154} INFO - [2023-12-07T17:09:41.115+0000] {dag.py:3722} INFO - Setting next_dagrun for example_subdag_operator.section-2 to None, run_after=None
[2023-12-07T17:09:41.121+0000] {logging_mixin.py:154} INFO - [2023-12-07T17:09:41.121+0000] {dag.py:2941} INFO - Sync 2 DAGs
[2023-12-07T17:09:41.125+0000] {logging_mixin.py:154} INFO - [2023-12-07T17:09:41.125+0000] {dag.py:3722} INFO - Setting next_dagrun for example_subdag_operator.section-1 to None, run_after=None
[2023-12-07T17:09:41.126+0000] {logging_mixin.py:154} INFO - [2023-12-07T17:09:41.125+0000] {dag.py:3722} INFO - Setting next_dagrun for example_subdag_operator.section-2 to None, run_after=None
[2023-12-07T17:09:41.141+0000] {processor.py:179} INFO - Processing /home/ubuntu/ec2_customer_chum_venv/lib/python3.10/site-packages/airflow/example_dags/example_subdag_operator.py took 0.095 seconds
[2023-12-07T17:10:26.841+0000] {processor.py:157} INFO - Started process (PID=6267) to work on /home/ubuntu/ec2_customer_chum_venv/lib/python3.10/site-packages/airflow/example_dags/example_subdag_operator.py
[2023-12-07T17:10:26.843+0000] {processor.py:829} INFO - Processing file /home/ubuntu/ec2_customer_chum_venv/lib/python3.10/site-packages/airflow/example_dags/example_subdag_operator.py for tasks to queue
[2023-12-07T17:10:26.844+0000] {logging_mixin.py:154} INFO - [2023-12-07T17:10:26.843+0000] {dagbag.py:536} INFO - Filling up the DagBag from /home/ubuntu/ec2_customer_chum_venv/lib/python3.10/site-packages/airflow/example_dags/example_subdag_operator.py
[2023-12-07T17:10:26.866+0000] {processor.py:839} INFO - DAG(s) dict_keys(['example_subdag_operator.section-1', 'example_subdag_operator.section-2', 'example_subdag_operator']) retrieved from /home/ubuntu/ec2_customer_chum_venv/lib/python3.10/site-packages/airflow/example_dags/example_subdag_operator.py
[2023-12-07T17:10:26.883+0000] {logging_mixin.py:154} INFO - [2023-12-07T17:10:26.883+0000] {dag.py:2941} INFO - Sync 3 DAGs
[2023-12-07T17:10:26.904+0000] {logging_mixin.py:154} INFO - [2023-12-07T17:10:26.904+0000] {dag.py:3722} INFO - Setting next_dagrun for example_subdag_operator to 2022-01-01T00:00:00+00:00, run_after=2022-01-01T00:00:00+00:00
[2023-12-07T17:10:26.907+0000] {logging_mixin.py:154} INFO - [2023-12-07T17:10:26.907+0000] {dag.py:3722} INFO - Setting next_dagrun for example_subdag_operator.section-1 to None, run_after=None
[2023-12-07T17:10:26.908+0000] {logging_mixin.py:154} INFO - [2023-12-07T17:10:26.908+0000] {dag.py:3722} INFO - Setting next_dagrun for example_subdag_operator.section-2 to None, run_after=None
[2023-12-07T17:10:26.914+0000] {logging_mixin.py:154} INFO - [2023-12-07T17:10:26.914+0000] {dag.py:2941} INFO - Sync 2 DAGs
[2023-12-07T17:10:26.918+0000] {logging_mixin.py:154} INFO - [2023-12-07T17:10:26.918+0000] {dag.py:3722} INFO - Setting next_dagrun for example_subdag_operator.section-1 to None, run_after=None
[2023-12-07T17:10:26.919+0000] {logging_mixin.py:154} INFO - [2023-12-07T17:10:26.919+0000] {dag.py:3722} INFO - Setting next_dagrun for example_subdag_operator.section-2 to None, run_after=None
[2023-12-07T17:10:26.937+0000] {processor.py:179} INFO - Processing /home/ubuntu/ec2_customer_chum_venv/lib/python3.10/site-packages/airflow/example_dags/example_subdag_operator.py took 0.099 seconds
[2023-12-07T17:11:10.998+0000] {processor.py:157} INFO - Started process (PID=6313) to work on /home/ubuntu/ec2_customer_chum_venv/lib/python3.10/site-packages/airflow/example_dags/example_subdag_operator.py
[2023-12-07T17:11:11.000+0000] {processor.py:829} INFO - Processing file /home/ubuntu/ec2_customer_chum_venv/lib/python3.10/site-packages/airflow/example_dags/example_subdag_operator.py for tasks to queue
[2023-12-07T17:11:11.001+0000] {logging_mixin.py:154} INFO - [2023-12-07T17:11:11.000+0000] {dagbag.py:536} INFO - Filling up the DagBag from /home/ubuntu/ec2_customer_chum_venv/lib/python3.10/site-packages/airflow/example_dags/example_subdag_operator.py
[2023-12-07T17:11:11.025+0000] {processor.py:839} INFO - DAG(s) dict_keys(['example_subdag_operator.section-1', 'example_subdag_operator.section-2', 'example_subdag_operator']) retrieved from /home/ubuntu/ec2_customer_chum_venv/lib/python3.10/site-packages/airflow/example_dags/example_subdag_operator.py
[2023-12-07T17:11:11.042+0000] {logging_mixin.py:154} INFO - [2023-12-07T17:11:11.041+0000] {dag.py:2941} INFO - Sync 3 DAGs
[2023-12-07T17:11:11.062+0000] {logging_mixin.py:154} INFO - [2023-12-07T17:11:11.062+0000] {dag.py:3722} INFO - Setting next_dagrun for example_subdag_operator to 2022-01-01T00:00:00+00:00, run_after=2022-01-01T00:00:00+00:00
[2023-12-07T17:11:11.066+0000] {logging_mixin.py:154} INFO - [2023-12-07T17:11:11.066+0000] {dag.py:3722} INFO - Setting next_dagrun for example_subdag_operator.section-1 to None, run_after=None
[2023-12-07T17:11:11.067+0000] {logging_mixin.py:154} INFO - [2023-12-07T17:11:11.067+0000] {dag.py:3722} INFO - Setting next_dagrun for example_subdag_operator.section-2 to None, run_after=None
[2023-12-07T17:11:11.073+0000] {logging_mixin.py:154} INFO - [2023-12-07T17:11:11.072+0000] {dag.py:2941} INFO - Sync 2 DAGs
[2023-12-07T17:11:11.077+0000] {logging_mixin.py:154} INFO - [2023-12-07T17:11:11.077+0000] {dag.py:3722} INFO - Setting next_dagrun for example_subdag_operator.section-1 to None, run_after=None
[2023-12-07T17:11:11.077+0000] {logging_mixin.py:154} INFO - [2023-12-07T17:11:11.077+0000] {dag.py:3722} INFO - Setting next_dagrun for example_subdag_operator.section-2 to None, run_after=None
[2023-12-07T17:11:11.093+0000] {processor.py:179} INFO - Processing /home/ubuntu/ec2_customer_chum_venv/lib/python3.10/site-packages/airflow/example_dags/example_subdag_operator.py took 0.098 seconds
[2023-12-07T17:11:57.247+0000] {processor.py:157} INFO - Started process (PID=6366) to work on /home/ubuntu/ec2_customer_chum_venv/lib/python3.10/site-packages/airflow/example_dags/example_subdag_operator.py
[2023-12-07T17:11:57.249+0000] {processor.py:829} INFO - Processing file /home/ubuntu/ec2_customer_chum_venv/lib/python3.10/site-packages/airflow/example_dags/example_subdag_operator.py for tasks to queue
[2023-12-07T17:11:57.250+0000] {logging_mixin.py:154} INFO - [2023-12-07T17:11:57.249+0000] {dagbag.py:536} INFO - Filling up the DagBag from /home/ubuntu/ec2_customer_chum_venv/lib/python3.10/site-packages/airflow/example_dags/example_subdag_operator.py
[2023-12-07T17:11:57.272+0000] {processor.py:839} INFO - DAG(s) dict_keys(['example_subdag_operator.section-1', 'example_subdag_operator.section-2', 'example_subdag_operator']) retrieved from /home/ubuntu/ec2_customer_chum_venv/lib/python3.10/site-packages/airflow/example_dags/example_subdag_operator.py
[2023-12-07T17:11:57.287+0000] {logging_mixin.py:154} INFO - [2023-12-07T17:11:57.287+0000] {dag.py:2941} INFO - Sync 3 DAGs
[2023-12-07T17:11:57.307+0000] {logging_mixin.py:154} INFO - [2023-12-07T17:11:57.307+0000] {dag.py:3722} INFO - Setting next_dagrun for example_subdag_operator to 2022-01-01T00:00:00+00:00, run_after=2022-01-01T00:00:00+00:00
[2023-12-07T17:11:57.310+0000] {logging_mixin.py:154} INFO - [2023-12-07T17:11:57.310+0000] {dag.py:3722} INFO - Setting next_dagrun for example_subdag_operator.section-1 to None, run_after=None
[2023-12-07T17:11:57.311+0000] {logging_mixin.py:154} INFO - [2023-12-07T17:11:57.311+0000] {dag.py:3722} INFO - Setting next_dagrun for example_subdag_operator.section-2 to None, run_after=None
[2023-12-07T17:11:57.316+0000] {logging_mixin.py:154} INFO - [2023-12-07T17:11:57.316+0000] {dag.py:2941} INFO - Sync 2 DAGs
[2023-12-07T17:11:57.320+0000] {logging_mixin.py:154} INFO - [2023-12-07T17:11:57.320+0000] {dag.py:3722} INFO - Setting next_dagrun for example_subdag_operator.section-1 to None, run_after=None
[2023-12-07T17:11:57.321+0000] {logging_mixin.py:154} INFO - [2023-12-07T17:11:57.320+0000] {dag.py:3722} INFO - Setting next_dagrun for example_subdag_operator.section-2 to None, run_after=None
[2023-12-07T17:11:57.337+0000] {processor.py:179} INFO - Processing /home/ubuntu/ec2_customer_chum_venv/lib/python3.10/site-packages/airflow/example_dags/example_subdag_operator.py took 0.093 seconds
[2023-12-07T17:12:43.333+0000] {processor.py:157} INFO - Started process (PID=6413) to work on /home/ubuntu/ec2_customer_chum_venv/lib/python3.10/site-packages/airflow/example_dags/example_subdag_operator.py
[2023-12-07T17:12:43.334+0000] {processor.py:829} INFO - Processing file /home/ubuntu/ec2_customer_chum_venv/lib/python3.10/site-packages/airflow/example_dags/example_subdag_operator.py for tasks to queue
[2023-12-07T17:12:43.335+0000] {logging_mixin.py:154} INFO - [2023-12-07T17:12:43.335+0000] {dagbag.py:536} INFO - Filling up the DagBag from /home/ubuntu/ec2_customer_chum_venv/lib/python3.10/site-packages/airflow/example_dags/example_subdag_operator.py
[2023-12-07T17:12:43.358+0000] {processor.py:839} INFO - DAG(s) dict_keys(['example_subdag_operator.section-1', 'example_subdag_operator.section-2', 'example_subdag_operator']) retrieved from /home/ubuntu/ec2_customer_chum_venv/lib/python3.10/site-packages/airflow/example_dags/example_subdag_operator.py
[2023-12-07T17:12:43.374+0000] {logging_mixin.py:154} INFO - [2023-12-07T17:12:43.374+0000] {dag.py:2941} INFO - Sync 3 DAGs
[2023-12-07T17:12:43.395+0000] {logging_mixin.py:154} INFO - [2023-12-07T17:12:43.395+0000] {dag.py:3722} INFO - Setting next_dagrun for example_subdag_operator to 2022-01-01T00:00:00+00:00, run_after=2022-01-01T00:00:00+00:00
[2023-12-07T17:12:43.398+0000] {logging_mixin.py:154} INFO - [2023-12-07T17:12:43.398+0000] {dag.py:3722} INFO - Setting next_dagrun for example_subdag_operator.section-1 to None, run_after=None
[2023-12-07T17:12:43.399+0000] {logging_mixin.py:154} INFO - [2023-12-07T17:12:43.399+0000] {dag.py:3722} INFO - Setting next_dagrun for example_subdag_operator.section-2 to None, run_after=None
[2023-12-07T17:12:43.405+0000] {logging_mixin.py:154} INFO - [2023-12-07T17:12:43.404+0000] {dag.py:2941} INFO - Sync 2 DAGs
[2023-12-07T17:12:43.409+0000] {logging_mixin.py:154} INFO - [2023-12-07T17:12:43.409+0000] {dag.py:3722} INFO - Setting next_dagrun for example_subdag_operator.section-1 to None, run_after=None
[2023-12-07T17:12:43.409+0000] {logging_mixin.py:154} INFO - [2023-12-07T17:12:43.409+0000] {dag.py:3722} INFO - Setting next_dagrun for example_subdag_operator.section-2 to None, run_after=None
[2023-12-07T17:12:43.425+0000] {processor.py:179} INFO - Processing /home/ubuntu/ec2_customer_chum_venv/lib/python3.10/site-packages/airflow/example_dags/example_subdag_operator.py took 0.095 seconds
[2023-12-07T17:13:30.140+0000] {processor.py:157} INFO - Started process (PID=6548) to work on /home/ubuntu/ec2_customer_chum_venv/lib/python3.10/site-packages/airflow/example_dags/example_subdag_operator.py
[2023-12-07T17:13:30.141+0000] {processor.py:829} INFO - Processing file /home/ubuntu/ec2_customer_chum_venv/lib/python3.10/site-packages/airflow/example_dags/example_subdag_operator.py for tasks to queue
[2023-12-07T17:13:30.142+0000] {logging_mixin.py:154} INFO - [2023-12-07T17:13:30.142+0000] {dagbag.py:536} INFO - Filling up the DagBag from /home/ubuntu/ec2_customer_chum_venv/lib/python3.10/site-packages/airflow/example_dags/example_subdag_operator.py
[2023-12-07T17:13:30.166+0000] {processor.py:839} INFO - DAG(s) dict_keys(['example_subdag_operator.section-1', 'example_subdag_operator.section-2', 'example_subdag_operator']) retrieved from /home/ubuntu/ec2_customer_chum_venv/lib/python3.10/site-packages/airflow/example_dags/example_subdag_operator.py
[2023-12-07T17:13:30.182+0000] {logging_mixin.py:154} INFO - [2023-12-07T17:13:30.182+0000] {dag.py:2941} INFO - Sync 3 DAGs
[2023-12-07T17:13:30.203+0000] {logging_mixin.py:154} INFO - [2023-12-07T17:13:30.202+0000] {dag.py:3722} INFO - Setting next_dagrun for example_subdag_operator to 2022-01-01T00:00:00+00:00, run_after=2022-01-01T00:00:00+00:00
[2023-12-07T17:13:30.206+0000] {logging_mixin.py:154} INFO - [2023-12-07T17:13:30.206+0000] {dag.py:3722} INFO - Setting next_dagrun for example_subdag_operator.section-1 to None, run_after=None
[2023-12-07T17:13:30.207+0000] {logging_mixin.py:154} INFO - [2023-12-07T17:13:30.207+0000] {dag.py:3722} INFO - Setting next_dagrun for example_subdag_operator.section-2 to None, run_after=None
[2023-12-07T17:13:30.212+0000] {logging_mixin.py:154} INFO - [2023-12-07T17:13:30.212+0000] {dag.py:2941} INFO - Sync 2 DAGs
[2023-12-07T17:13:30.217+0000] {logging_mixin.py:154} INFO - [2023-12-07T17:13:30.217+0000] {dag.py:3722} INFO - Setting next_dagrun for example_subdag_operator.section-1 to None, run_after=None
[2023-12-07T17:13:30.217+0000] {logging_mixin.py:154} INFO - [2023-12-07T17:13:30.217+0000] {dag.py:3722} INFO - Setting next_dagrun for example_subdag_operator.section-2 to None, run_after=None
[2023-12-07T17:13:30.232+0000] {processor.py:179} INFO - Processing /home/ubuntu/ec2_customer_chum_venv/lib/python3.10/site-packages/airflow/example_dags/example_subdag_operator.py took 0.096 seconds
[2023-12-07T17:14:11.343+0000] {processor.py:157} INFO - Started process (PID=6591) to work on /home/ubuntu/ec2_customer_chum_venv/lib/python3.10/site-packages/airflow/example_dags/example_subdag_operator.py
[2023-12-07T17:14:11.344+0000] {processor.py:829} INFO - Processing file /home/ubuntu/ec2_customer_chum_venv/lib/python3.10/site-packages/airflow/example_dags/example_subdag_operator.py for tasks to queue
[2023-12-07T17:14:11.345+0000] {logging_mixin.py:154} INFO - [2023-12-07T17:14:11.345+0000] {dagbag.py:536} INFO - Filling up the DagBag from /home/ubuntu/ec2_customer_chum_venv/lib/python3.10/site-packages/airflow/example_dags/example_subdag_operator.py
[2023-12-07T17:14:11.367+0000] {processor.py:839} INFO - DAG(s) dict_keys(['example_subdag_operator.section-1', 'example_subdag_operator.section-2', 'example_subdag_operator']) retrieved from /home/ubuntu/ec2_customer_chum_venv/lib/python3.10/site-packages/airflow/example_dags/example_subdag_operator.py
[2023-12-07T17:14:11.384+0000] {logging_mixin.py:154} INFO - [2023-12-07T17:14:11.384+0000] {dag.py:2941} INFO - Sync 3 DAGs
[2023-12-07T17:14:11.404+0000] {logging_mixin.py:154} INFO - [2023-12-07T17:14:11.404+0000] {dag.py:3722} INFO - Setting next_dagrun for example_subdag_operator to 2022-01-01T00:00:00+00:00, run_after=2022-01-01T00:00:00+00:00
[2023-12-07T17:14:11.407+0000] {logging_mixin.py:154} INFO - [2023-12-07T17:14:11.407+0000] {dag.py:3722} INFO - Setting next_dagrun for example_subdag_operator.section-1 to None, run_after=None
[2023-12-07T17:14:11.408+0000] {logging_mixin.py:154} INFO - [2023-12-07T17:14:11.408+0000] {dag.py:3722} INFO - Setting next_dagrun for example_subdag_operator.section-2 to None, run_after=None
[2023-12-07T17:14:11.414+0000] {logging_mixin.py:154} INFO - [2023-12-07T17:14:11.413+0000] {dag.py:2941} INFO - Sync 2 DAGs
[2023-12-07T17:14:11.418+0000] {logging_mixin.py:154} INFO - [2023-12-07T17:14:11.417+0000] {dag.py:3722} INFO - Setting next_dagrun for example_subdag_operator.section-1 to None, run_after=None
[2023-12-07T17:14:11.418+0000] {logging_mixin.py:154} INFO - [2023-12-07T17:14:11.418+0000] {dag.py:3722} INFO - Setting next_dagrun for example_subdag_operator.section-2 to None, run_after=None
[2023-12-07T17:14:11.434+0000] {processor.py:179} INFO - Processing /home/ubuntu/ec2_customer_chum_venv/lib/python3.10/site-packages/airflow/example_dags/example_subdag_operator.py took 0.094 seconds
[2023-12-07T17:14:54.935+0000] {processor.py:157} INFO - Started process (PID=6702) to work on /home/ubuntu/ec2_customer_chum_venv/lib/python3.10/site-packages/airflow/example_dags/example_subdag_operator.py
[2023-12-07T17:14:54.936+0000] {processor.py:829} INFO - Processing file /home/ubuntu/ec2_customer_chum_venv/lib/python3.10/site-packages/airflow/example_dags/example_subdag_operator.py for tasks to queue
[2023-12-07T17:14:54.937+0000] {logging_mixin.py:154} INFO - [2023-12-07T17:14:54.937+0000] {dagbag.py:536} INFO - Filling up the DagBag from /home/ubuntu/ec2_customer_chum_venv/lib/python3.10/site-packages/airflow/example_dags/example_subdag_operator.py
[2023-12-07T17:14:54.959+0000] {processor.py:839} INFO - DAG(s) dict_keys(['example_subdag_operator.section-1', 'example_subdag_operator.section-2', 'example_subdag_operator']) retrieved from /home/ubuntu/ec2_customer_chum_venv/lib/python3.10/site-packages/airflow/example_dags/example_subdag_operator.py
[2023-12-07T17:14:54.975+0000] {logging_mixin.py:154} INFO - [2023-12-07T17:14:54.975+0000] {dag.py:2941} INFO - Sync 3 DAGs
[2023-12-07T17:14:54.995+0000] {logging_mixin.py:154} INFO - [2023-12-07T17:14:54.994+0000] {dag.py:3722} INFO - Setting next_dagrun for example_subdag_operator to 2022-01-01T00:00:00+00:00, run_after=2022-01-01T00:00:00+00:00
[2023-12-07T17:14:54.998+0000] {logging_mixin.py:154} INFO - [2023-12-07T17:14:54.997+0000] {dag.py:3722} INFO - Setting next_dagrun for example_subdag_operator.section-1 to None, run_after=None
[2023-12-07T17:14:54.999+0000] {logging_mixin.py:154} INFO - [2023-12-07T17:14:54.998+0000] {dag.py:3722} INFO - Setting next_dagrun for example_subdag_operator.section-2 to None, run_after=None
[2023-12-07T17:14:55.005+0000] {logging_mixin.py:154} INFO - [2023-12-07T17:14:55.004+0000] {dag.py:2941} INFO - Sync 2 DAGs
[2023-12-07T17:14:55.010+0000] {logging_mixin.py:154} INFO - [2023-12-07T17:14:55.009+0000] {dag.py:3722} INFO - Setting next_dagrun for example_subdag_operator.section-1 to None, run_after=None
[2023-12-07T17:14:55.010+0000] {logging_mixin.py:154} INFO - [2023-12-07T17:14:55.010+0000] {dag.py:3722} INFO - Setting next_dagrun for example_subdag_operator.section-2 to None, run_after=None
[2023-12-07T17:14:55.028+0000] {processor.py:179} INFO - Processing /home/ubuntu/ec2_customer_chum_venv/lib/python3.10/site-packages/airflow/example_dags/example_subdag_operator.py took 0.096 seconds
[2023-12-07T17:15:36.574+0000] {processor.py:157} INFO - Started process (PID=6747) to work on /home/ubuntu/ec2_customer_chum_venv/lib/python3.10/site-packages/airflow/example_dags/example_subdag_operator.py
[2023-12-07T17:15:36.576+0000] {processor.py:829} INFO - Processing file /home/ubuntu/ec2_customer_chum_venv/lib/python3.10/site-packages/airflow/example_dags/example_subdag_operator.py for tasks to queue
[2023-12-07T17:15:36.577+0000] {logging_mixin.py:154} INFO - [2023-12-07T17:15:36.576+0000] {dagbag.py:536} INFO - Filling up the DagBag from /home/ubuntu/ec2_customer_chum_venv/lib/python3.10/site-packages/airflow/example_dags/example_subdag_operator.py
[2023-12-07T17:15:36.599+0000] {processor.py:839} INFO - DAG(s) dict_keys(['example_subdag_operator.section-1', 'example_subdag_operator.section-2', 'example_subdag_operator']) retrieved from /home/ubuntu/ec2_customer_chum_venv/lib/python3.10/site-packages/airflow/example_dags/example_subdag_operator.py
[2023-12-07T17:15:36.615+0000] {logging_mixin.py:154} INFO - [2023-12-07T17:15:36.614+0000] {dag.py:2941} INFO - Sync 3 DAGs
[2023-12-07T17:15:36.635+0000] {logging_mixin.py:154} INFO - [2023-12-07T17:15:36.635+0000] {dag.py:3722} INFO - Setting next_dagrun for example_subdag_operator to 2022-01-01T00:00:00+00:00, run_after=2022-01-01T00:00:00+00:00
[2023-12-07T17:15:36.638+0000] {logging_mixin.py:154} INFO - [2023-12-07T17:15:36.638+0000] {dag.py:3722} INFO - Setting next_dagrun for example_subdag_operator.section-1 to None, run_after=None
[2023-12-07T17:15:36.639+0000] {logging_mixin.py:154} INFO - [2023-12-07T17:15:36.639+0000] {dag.py:3722} INFO - Setting next_dagrun for example_subdag_operator.section-2 to None, run_after=None
[2023-12-07T17:15:36.644+0000] {logging_mixin.py:154} INFO - [2023-12-07T17:15:36.644+0000] {dag.py:2941} INFO - Sync 2 DAGs
[2023-12-07T17:15:36.648+0000] {logging_mixin.py:154} INFO - [2023-12-07T17:15:36.648+0000] {dag.py:3722} INFO - Setting next_dagrun for example_subdag_operator.section-1 to None, run_after=None
[2023-12-07T17:15:36.649+0000] {logging_mixin.py:154} INFO - [2023-12-07T17:15:36.649+0000] {dag.py:3722} INFO - Setting next_dagrun for example_subdag_operator.section-2 to None, run_after=None
[2023-12-07T17:15:36.664+0000] {processor.py:179} INFO - Processing /home/ubuntu/ec2_customer_chum_venv/lib/python3.10/site-packages/airflow/example_dags/example_subdag_operator.py took 0.093 seconds
