[2023-12-07T16:49:14.725+0000] {processor.py:157} INFO - Started process (PID=4971) to work on /home/ubuntu/ec2_customer_chum_venv/lib/python3.10/site-packages/airflow/example_dags/example_trigger_controller_dag.py
[2023-12-07T16:49:14.726+0000] {processor.py:829} INFO - Processing file /home/ubuntu/ec2_customer_chum_venv/lib/python3.10/site-packages/airflow/example_dags/example_trigger_controller_dag.py for tasks to queue
[2023-12-07T16:49:14.727+0000] {logging_mixin.py:154} INFO - [2023-12-07T16:49:14.727+0000] {dagbag.py:536} INFO - Filling up the DagBag from /home/ubuntu/ec2_customer_chum_venv/lib/python3.10/site-packages/airflow/example_dags/example_trigger_controller_dag.py
[2023-12-07T16:49:14.734+0000] {processor.py:839} INFO - DAG(s) dict_keys(['example_trigger_controller_dag']) retrieved from /home/ubuntu/ec2_customer_chum_venv/lib/python3.10/site-packages/airflow/example_dags/example_trigger_controller_dag.py
[2023-12-07T16:49:14.848+0000] {logging_mixin.py:154} INFO - [2023-12-07T16:49:14.848+0000] {manager.py:499} INFO - Created Permission View: %s
[2023-12-07T16:49:14.864+0000] {logging_mixin.py:154} INFO - [2023-12-07T16:49:14.863+0000] {manager.py:499} INFO - Created Permission View: %s
[2023-12-07T16:49:14.877+0000] {logging_mixin.py:154} INFO - [2023-12-07T16:49:14.876+0000] {manager.py:499} INFO - Created Permission View: %s
[2023-12-07T16:49:14.877+0000] {logging_mixin.py:154} INFO - [2023-12-07T16:49:14.877+0000] {dag.py:2941} INFO - Sync 1 DAGs
[2023-12-07T16:49:14.890+0000] {logging_mixin.py:154} INFO - [2023-12-07T16:49:14.890+0000] {dag.py:2963} INFO - Creating ORM DAG for example_trigger_controller_dag
[2023-12-07T16:49:14.899+0000] {logging_mixin.py:154} INFO - [2023-12-07T16:49:14.899+0000] {dag.py:3722} INFO - Setting next_dagrun for example_trigger_controller_dag to 2021-01-01T00:00:00+00:00, run_after=2021-01-01T00:00:00+00:00
[2023-12-07T16:49:14.921+0000] {processor.py:179} INFO - Processing /home/ubuntu/ec2_customer_chum_venv/lib/python3.10/site-packages/airflow/example_dags/example_trigger_controller_dag.py took 0.199 seconds
[2023-12-07T16:50:05.671+0000] {processor.py:157} INFO - Started process (PID=5017) to work on /home/ubuntu/ec2_customer_chum_venv/lib/python3.10/site-packages/airflow/example_dags/example_trigger_controller_dag.py
[2023-12-07T16:50:05.673+0000] {processor.py:829} INFO - Processing file /home/ubuntu/ec2_customer_chum_venv/lib/python3.10/site-packages/airflow/example_dags/example_trigger_controller_dag.py for tasks to queue
[2023-12-07T16:50:05.674+0000] {logging_mixin.py:154} INFO - [2023-12-07T16:50:05.674+0000] {dagbag.py:536} INFO - Filling up the DagBag from /home/ubuntu/ec2_customer_chum_venv/lib/python3.10/site-packages/airflow/example_dags/example_trigger_controller_dag.py
[2023-12-07T16:50:05.679+0000] {processor.py:839} INFO - DAG(s) dict_keys(['example_trigger_controller_dag']) retrieved from /home/ubuntu/ec2_customer_chum_venv/lib/python3.10/site-packages/airflow/example_dags/example_trigger_controller_dag.py
[2023-12-07T16:50:05.697+0000] {logging_mixin.py:154} INFO - [2023-12-07T16:50:05.696+0000] {dag.py:2941} INFO - Sync 1 DAGs
[2023-12-07T16:50:05.718+0000] {logging_mixin.py:154} INFO - [2023-12-07T16:50:05.717+0000] {dag.py:3722} INFO - Setting next_dagrun for example_trigger_controller_dag to 2021-01-01T00:00:00+00:00, run_after=2021-01-01T00:00:00+00:00
[2023-12-07T16:50:05.746+0000] {processor.py:179} INFO - Processing /home/ubuntu/ec2_customer_chum_venv/lib/python3.10/site-packages/airflow/example_dags/example_trigger_controller_dag.py took 0.079 seconds
[2023-12-07T16:50:52.259+0000] {processor.py:157} INFO - Started process (PID=5063) to work on /home/ubuntu/ec2_customer_chum_venv/lib/python3.10/site-packages/airflow/example_dags/example_trigger_controller_dag.py
[2023-12-07T16:50:52.261+0000] {processor.py:829} INFO - Processing file /home/ubuntu/ec2_customer_chum_venv/lib/python3.10/site-packages/airflow/example_dags/example_trigger_controller_dag.py for tasks to queue
[2023-12-07T16:50:52.261+0000] {logging_mixin.py:154} INFO - [2023-12-07T16:50:52.261+0000] {dagbag.py:536} INFO - Filling up the DagBag from /home/ubuntu/ec2_customer_chum_venv/lib/python3.10/site-packages/airflow/example_dags/example_trigger_controller_dag.py
[2023-12-07T16:50:52.267+0000] {processor.py:839} INFO - DAG(s) dict_keys(['example_trigger_controller_dag']) retrieved from /home/ubuntu/ec2_customer_chum_venv/lib/python3.10/site-packages/airflow/example_dags/example_trigger_controller_dag.py
[2023-12-07T16:50:52.284+0000] {logging_mixin.py:154} INFO - [2023-12-07T16:50:52.284+0000] {dag.py:2941} INFO - Sync 1 DAGs
[2023-12-07T16:50:52.304+0000] {logging_mixin.py:154} INFO - [2023-12-07T16:50:52.304+0000] {dag.py:3722} INFO - Setting next_dagrun for example_trigger_controller_dag to 2021-01-01T00:00:00+00:00, run_after=2021-01-01T00:00:00+00:00
[2023-12-07T16:50:52.326+0000] {processor.py:179} INFO - Processing /home/ubuntu/ec2_customer_chum_venv/lib/python3.10/site-packages/airflow/example_dags/example_trigger_controller_dag.py took 0.071 seconds
[2023-12-07T16:51:41.421+0000] {processor.py:157} INFO - Started process (PID=5113) to work on /home/ubuntu/ec2_customer_chum_venv/lib/python3.10/site-packages/airflow/example_dags/example_trigger_controller_dag.py
[2023-12-07T16:51:41.423+0000] {processor.py:829} INFO - Processing file /home/ubuntu/ec2_customer_chum_venv/lib/python3.10/site-packages/airflow/example_dags/example_trigger_controller_dag.py for tasks to queue
[2023-12-07T16:51:41.424+0000] {logging_mixin.py:154} INFO - [2023-12-07T16:51:41.423+0000] {dagbag.py:536} INFO - Filling up the DagBag from /home/ubuntu/ec2_customer_chum_venv/lib/python3.10/site-packages/airflow/example_dags/example_trigger_controller_dag.py
[2023-12-07T16:51:41.428+0000] {processor.py:839} INFO - DAG(s) dict_keys(['example_trigger_controller_dag']) retrieved from /home/ubuntu/ec2_customer_chum_venv/lib/python3.10/site-packages/airflow/example_dags/example_trigger_controller_dag.py
[2023-12-07T16:51:41.446+0000] {logging_mixin.py:154} INFO - [2023-12-07T16:51:41.446+0000] {dag.py:2941} INFO - Sync 1 DAGs
[2023-12-07T16:51:41.467+0000] {logging_mixin.py:154} INFO - [2023-12-07T16:51:41.466+0000] {dag.py:3722} INFO - Setting next_dagrun for example_trigger_controller_dag to 2021-01-01T00:00:00+00:00, run_after=2021-01-01T00:00:00+00:00
[2023-12-07T16:51:41.491+0000] {processor.py:179} INFO - Processing /home/ubuntu/ec2_customer_chum_venv/lib/python3.10/site-packages/airflow/example_dags/example_trigger_controller_dag.py took 0.073 seconds
[2023-12-07T16:52:29.986+0000] {processor.py:157} INFO - Started process (PID=5165) to work on /home/ubuntu/ec2_customer_chum_venv/lib/python3.10/site-packages/airflow/example_dags/example_trigger_controller_dag.py
[2023-12-07T16:52:29.987+0000] {processor.py:829} INFO - Processing file /home/ubuntu/ec2_customer_chum_venv/lib/python3.10/site-packages/airflow/example_dags/example_trigger_controller_dag.py for tasks to queue
[2023-12-07T16:52:29.988+0000] {logging_mixin.py:154} INFO - [2023-12-07T16:52:29.987+0000] {dagbag.py:536} INFO - Filling up the DagBag from /home/ubuntu/ec2_customer_chum_venv/lib/python3.10/site-packages/airflow/example_dags/example_trigger_controller_dag.py
[2023-12-07T16:52:29.993+0000] {processor.py:839} INFO - DAG(s) dict_keys(['example_trigger_controller_dag']) retrieved from /home/ubuntu/ec2_customer_chum_venv/lib/python3.10/site-packages/airflow/example_dags/example_trigger_controller_dag.py
[2023-12-07T16:52:30.011+0000] {logging_mixin.py:154} INFO - [2023-12-07T16:52:30.011+0000] {dag.py:2941} INFO - Sync 1 DAGs
[2023-12-07T16:52:30.035+0000] {logging_mixin.py:154} INFO - [2023-12-07T16:52:30.034+0000] {dag.py:3722} INFO - Setting next_dagrun for example_trigger_controller_dag to 2021-01-01T00:00:00+00:00, run_after=2021-01-01T00:00:00+00:00
[2023-12-07T16:52:30.060+0000] {processor.py:179} INFO - Processing /home/ubuntu/ec2_customer_chum_venv/lib/python3.10/site-packages/airflow/example_dags/example_trigger_controller_dag.py took 0.078 seconds
[2023-12-07T16:53:49.598+0000] {processor.py:157} INFO - Started process (PID=5233) to work on /home/ubuntu/ec2_customer_chum_venv/lib/python3.10/site-packages/airflow/example_dags/example_trigger_controller_dag.py
[2023-12-07T16:53:49.600+0000] {processor.py:829} INFO - Processing file /home/ubuntu/ec2_customer_chum_venv/lib/python3.10/site-packages/airflow/example_dags/example_trigger_controller_dag.py for tasks to queue
[2023-12-07T16:53:49.601+0000] {logging_mixin.py:154} INFO - [2023-12-07T16:53:49.600+0000] {dagbag.py:536} INFO - Filling up the DagBag from /home/ubuntu/ec2_customer_chum_venv/lib/python3.10/site-packages/airflow/example_dags/example_trigger_controller_dag.py
[2023-12-07T16:53:49.608+0000] {processor.py:839} INFO - DAG(s) dict_keys(['example_trigger_controller_dag']) retrieved from /home/ubuntu/ec2_customer_chum_venv/lib/python3.10/site-packages/airflow/example_dags/example_trigger_controller_dag.py
[2023-12-07T16:53:49.617+0000] {logging_mixin.py:154} INFO - [2023-12-07T16:53:49.616+0000] {dag.py:2941} INFO - Sync 1 DAGs
[2023-12-07T16:53:49.639+0000] {logging_mixin.py:154} INFO - [2023-12-07T16:53:49.639+0000] {dag.py:3722} INFO - Setting next_dagrun for example_trigger_controller_dag to 2021-01-01T00:00:00+00:00, run_after=2021-01-01T00:00:00+00:00
[2023-12-07T16:53:49.664+0000] {processor.py:179} INFO - Processing /home/ubuntu/ec2_customer_chum_venv/lib/python3.10/site-packages/airflow/example_dags/example_trigger_controller_dag.py took 0.069 seconds
[2023-12-07T16:54:33.926+0000] {processor.py:157} INFO - Started process (PID=5282) to work on /home/ubuntu/ec2_customer_chum_venv/lib/python3.10/site-packages/airflow/example_dags/example_trigger_controller_dag.py
[2023-12-07T16:54:33.927+0000] {processor.py:829} INFO - Processing file /home/ubuntu/ec2_customer_chum_venv/lib/python3.10/site-packages/airflow/example_dags/example_trigger_controller_dag.py for tasks to queue
[2023-12-07T16:54:33.928+0000] {logging_mixin.py:154} INFO - [2023-12-07T16:54:33.928+0000] {dagbag.py:536} INFO - Filling up the DagBag from /home/ubuntu/ec2_customer_chum_venv/lib/python3.10/site-packages/airflow/example_dags/example_trigger_controller_dag.py
[2023-12-07T16:54:33.933+0000] {processor.py:839} INFO - DAG(s) dict_keys(['example_trigger_controller_dag']) retrieved from /home/ubuntu/ec2_customer_chum_venv/lib/python3.10/site-packages/airflow/example_dags/example_trigger_controller_dag.py
[2023-12-07T16:54:33.951+0000] {logging_mixin.py:154} INFO - [2023-12-07T16:54:33.951+0000] {dag.py:2941} INFO - Sync 1 DAGs
[2023-12-07T16:54:33.972+0000] {logging_mixin.py:154} INFO - [2023-12-07T16:54:33.972+0000] {dag.py:3722} INFO - Setting next_dagrun for example_trigger_controller_dag to 2021-01-01T00:00:00+00:00, run_after=2021-01-01T00:00:00+00:00
[2023-12-07T16:54:33.995+0000] {processor.py:179} INFO - Processing /home/ubuntu/ec2_customer_chum_venv/lib/python3.10/site-packages/airflow/example_dags/example_trigger_controller_dag.py took 0.073 seconds
[2023-12-07T16:55:19.783+0000] {processor.py:157} INFO - Started process (PID=5329) to work on /home/ubuntu/ec2_customer_chum_venv/lib/python3.10/site-packages/airflow/example_dags/example_trigger_controller_dag.py
[2023-12-07T16:55:19.785+0000] {processor.py:829} INFO - Processing file /home/ubuntu/ec2_customer_chum_venv/lib/python3.10/site-packages/airflow/example_dags/example_trigger_controller_dag.py for tasks to queue
[2023-12-07T16:55:19.786+0000] {logging_mixin.py:154} INFO - [2023-12-07T16:55:19.785+0000] {dagbag.py:536} INFO - Filling up the DagBag from /home/ubuntu/ec2_customer_chum_venv/lib/python3.10/site-packages/airflow/example_dags/example_trigger_controller_dag.py
[2023-12-07T16:55:19.791+0000] {processor.py:839} INFO - DAG(s) dict_keys(['example_trigger_controller_dag']) retrieved from /home/ubuntu/ec2_customer_chum_venv/lib/python3.10/site-packages/airflow/example_dags/example_trigger_controller_dag.py
[2023-12-07T16:55:19.808+0000] {logging_mixin.py:154} INFO - [2023-12-07T16:55:19.808+0000] {dag.py:2941} INFO - Sync 1 DAGs
[2023-12-07T16:55:19.829+0000] {logging_mixin.py:154} INFO - [2023-12-07T16:55:19.829+0000] {dag.py:3722} INFO - Setting next_dagrun for example_trigger_controller_dag to 2021-01-01T00:00:00+00:00, run_after=2021-01-01T00:00:00+00:00
[2023-12-07T16:55:19.851+0000] {processor.py:179} INFO - Processing /home/ubuntu/ec2_customer_chum_venv/lib/python3.10/site-packages/airflow/example_dags/example_trigger_controller_dag.py took 0.071 seconds
[2023-12-07T16:56:03.894+0000] {processor.py:157} INFO - Started process (PID=5375) to work on /home/ubuntu/ec2_customer_chum_venv/lib/python3.10/site-packages/airflow/example_dags/example_trigger_controller_dag.py
[2023-12-07T16:56:03.895+0000] {processor.py:829} INFO - Processing file /home/ubuntu/ec2_customer_chum_venv/lib/python3.10/site-packages/airflow/example_dags/example_trigger_controller_dag.py for tasks to queue
[2023-12-07T16:56:03.896+0000] {logging_mixin.py:154} INFO - [2023-12-07T16:56:03.896+0000] {dagbag.py:536} INFO - Filling up the DagBag from /home/ubuntu/ec2_customer_chum_venv/lib/python3.10/site-packages/airflow/example_dags/example_trigger_controller_dag.py
[2023-12-07T16:56:03.902+0000] {processor.py:839} INFO - DAG(s) dict_keys(['example_trigger_controller_dag']) retrieved from /home/ubuntu/ec2_customer_chum_venv/lib/python3.10/site-packages/airflow/example_dags/example_trigger_controller_dag.py
[2023-12-07T16:56:03.919+0000] {logging_mixin.py:154} INFO - [2023-12-07T16:56:03.919+0000] {dag.py:2941} INFO - Sync 1 DAGs
[2023-12-07T16:56:03.940+0000] {logging_mixin.py:154} INFO - [2023-12-07T16:56:03.940+0000] {dag.py:3722} INFO - Setting next_dagrun for example_trigger_controller_dag to 2021-01-01T00:00:00+00:00, run_after=2021-01-01T00:00:00+00:00
[2023-12-07T16:56:03.963+0000] {processor.py:179} INFO - Processing /home/ubuntu/ec2_customer_chum_venv/lib/python3.10/site-packages/airflow/example_dags/example_trigger_controller_dag.py took 0.073 seconds
[2023-12-07T16:56:46.188+0000] {processor.py:157} INFO - Started process (PID=5421) to work on /home/ubuntu/ec2_customer_chum_venv/lib/python3.10/site-packages/airflow/example_dags/example_trigger_controller_dag.py
[2023-12-07T16:56:46.190+0000] {processor.py:829} INFO - Processing file /home/ubuntu/ec2_customer_chum_venv/lib/python3.10/site-packages/airflow/example_dags/example_trigger_controller_dag.py for tasks to queue
[2023-12-07T16:56:46.190+0000] {logging_mixin.py:154} INFO - [2023-12-07T16:56:46.190+0000] {dagbag.py:536} INFO - Filling up the DagBag from /home/ubuntu/ec2_customer_chum_venv/lib/python3.10/site-packages/airflow/example_dags/example_trigger_controller_dag.py
[2023-12-07T16:56:46.196+0000] {processor.py:839} INFO - DAG(s) dict_keys(['example_trigger_controller_dag']) retrieved from /home/ubuntu/ec2_customer_chum_venv/lib/python3.10/site-packages/airflow/example_dags/example_trigger_controller_dag.py
[2023-12-07T16:56:46.213+0000] {logging_mixin.py:154} INFO - [2023-12-07T16:56:46.212+0000] {dag.py:2941} INFO - Sync 1 DAGs
[2023-12-07T16:56:46.232+0000] {logging_mixin.py:154} INFO - [2023-12-07T16:56:46.232+0000] {dag.py:3722} INFO - Setting next_dagrun for example_trigger_controller_dag to 2021-01-01T00:00:00+00:00, run_after=2021-01-01T00:00:00+00:00
[2023-12-07T16:56:46.258+0000] {processor.py:179} INFO - Processing /home/ubuntu/ec2_customer_chum_venv/lib/python3.10/site-packages/airflow/example_dags/example_trigger_controller_dag.py took 0.073 seconds
[2023-12-07T16:57:29.198+0000] {processor.py:157} INFO - Started process (PID=5464) to work on /home/ubuntu/ec2_customer_chum_venv/lib/python3.10/site-packages/airflow/example_dags/example_trigger_controller_dag.py
[2023-12-07T16:57:29.199+0000] {processor.py:829} INFO - Processing file /home/ubuntu/ec2_customer_chum_venv/lib/python3.10/site-packages/airflow/example_dags/example_trigger_controller_dag.py for tasks to queue
[2023-12-07T16:57:29.200+0000] {logging_mixin.py:154} INFO - [2023-12-07T16:57:29.199+0000] {dagbag.py:536} INFO - Filling up the DagBag from /home/ubuntu/ec2_customer_chum_venv/lib/python3.10/site-packages/airflow/example_dags/example_trigger_controller_dag.py
[2023-12-07T16:57:29.205+0000] {processor.py:839} INFO - DAG(s) dict_keys(['example_trigger_controller_dag']) retrieved from /home/ubuntu/ec2_customer_chum_venv/lib/python3.10/site-packages/airflow/example_dags/example_trigger_controller_dag.py
[2023-12-07T16:57:29.222+0000] {logging_mixin.py:154} INFO - [2023-12-07T16:57:29.222+0000] {dag.py:2941} INFO - Sync 1 DAGs
[2023-12-07T16:57:29.242+0000] {logging_mixin.py:154} INFO - [2023-12-07T16:57:29.242+0000] {dag.py:3722} INFO - Setting next_dagrun for example_trigger_controller_dag to 2021-01-01T00:00:00+00:00, run_after=2021-01-01T00:00:00+00:00
[2023-12-07T16:57:29.264+0000] {processor.py:179} INFO - Processing /home/ubuntu/ec2_customer_chum_venv/lib/python3.10/site-packages/airflow/example_dags/example_trigger_controller_dag.py took 0.070 seconds
[2023-12-07T16:58:12.466+0000] {processor.py:157} INFO - Started process (PID=5510) to work on /home/ubuntu/ec2_customer_chum_venv/lib/python3.10/site-packages/airflow/example_dags/example_trigger_controller_dag.py
[2023-12-07T16:58:12.467+0000] {processor.py:829} INFO - Processing file /home/ubuntu/ec2_customer_chum_venv/lib/python3.10/site-packages/airflow/example_dags/example_trigger_controller_dag.py for tasks to queue
[2023-12-07T16:58:12.468+0000] {logging_mixin.py:154} INFO - [2023-12-07T16:58:12.468+0000] {dagbag.py:536} INFO - Filling up the DagBag from /home/ubuntu/ec2_customer_chum_venv/lib/python3.10/site-packages/airflow/example_dags/example_trigger_controller_dag.py
[2023-12-07T16:58:12.473+0000] {processor.py:839} INFO - DAG(s) dict_keys(['example_trigger_controller_dag']) retrieved from /home/ubuntu/ec2_customer_chum_venv/lib/python3.10/site-packages/airflow/example_dags/example_trigger_controller_dag.py
[2023-12-07T16:58:12.491+0000] {logging_mixin.py:154} INFO - [2023-12-07T16:58:12.491+0000] {dag.py:2941} INFO - Sync 1 DAGs
[2023-12-07T16:58:12.511+0000] {logging_mixin.py:154} INFO - [2023-12-07T16:58:12.511+0000] {dag.py:3722} INFO - Setting next_dagrun for example_trigger_controller_dag to 2021-01-01T00:00:00+00:00, run_after=2021-01-01T00:00:00+00:00
[2023-12-07T16:58:12.534+0000] {processor.py:179} INFO - Processing /home/ubuntu/ec2_customer_chum_venv/lib/python3.10/site-packages/airflow/example_dags/example_trigger_controller_dag.py took 0.072 seconds
[2023-12-07T16:58:57.016+0000] {processor.py:157} INFO - Started process (PID=5558) to work on /home/ubuntu/ec2_customer_chum_venv/lib/python3.10/site-packages/airflow/example_dags/example_trigger_controller_dag.py
[2023-12-07T16:58:57.017+0000] {processor.py:829} INFO - Processing file /home/ubuntu/ec2_customer_chum_venv/lib/python3.10/site-packages/airflow/example_dags/example_trigger_controller_dag.py for tasks to queue
[2023-12-07T16:58:57.018+0000] {logging_mixin.py:154} INFO - [2023-12-07T16:58:57.018+0000] {dagbag.py:536} INFO - Filling up the DagBag from /home/ubuntu/ec2_customer_chum_venv/lib/python3.10/site-packages/airflow/example_dags/example_trigger_controller_dag.py
[2023-12-07T16:58:57.023+0000] {processor.py:839} INFO - DAG(s) dict_keys(['example_trigger_controller_dag']) retrieved from /home/ubuntu/ec2_customer_chum_venv/lib/python3.10/site-packages/airflow/example_dags/example_trigger_controller_dag.py
[2023-12-07T16:58:57.040+0000] {logging_mixin.py:154} INFO - [2023-12-07T16:58:57.040+0000] {dag.py:2941} INFO - Sync 1 DAGs
[2023-12-07T16:58:57.061+0000] {logging_mixin.py:154} INFO - [2023-12-07T16:58:57.060+0000] {dag.py:3722} INFO - Setting next_dagrun for example_trigger_controller_dag to 2021-01-01T00:00:00+00:00, run_after=2021-01-01T00:00:00+00:00
[2023-12-07T16:58:57.085+0000] {processor.py:179} INFO - Processing /home/ubuntu/ec2_customer_chum_venv/lib/python3.10/site-packages/airflow/example_dags/example_trigger_controller_dag.py took 0.072 seconds
[2023-12-07T16:59:38.040+0000] {processor.py:157} INFO - Started process (PID=5601) to work on /home/ubuntu/ec2_customer_chum_venv/lib/python3.10/site-packages/airflow/example_dags/example_trigger_controller_dag.py
[2023-12-07T16:59:38.041+0000] {processor.py:829} INFO - Processing file /home/ubuntu/ec2_customer_chum_venv/lib/python3.10/site-packages/airflow/example_dags/example_trigger_controller_dag.py for tasks to queue
[2023-12-07T16:59:38.042+0000] {logging_mixin.py:154} INFO - [2023-12-07T16:59:38.042+0000] {dagbag.py:536} INFO - Filling up the DagBag from /home/ubuntu/ec2_customer_chum_venv/lib/python3.10/site-packages/airflow/example_dags/example_trigger_controller_dag.py
[2023-12-07T16:59:38.047+0000] {processor.py:839} INFO - DAG(s) dict_keys(['example_trigger_controller_dag']) retrieved from /home/ubuntu/ec2_customer_chum_venv/lib/python3.10/site-packages/airflow/example_dags/example_trigger_controller_dag.py
[2023-12-07T16:59:38.065+0000] {logging_mixin.py:154} INFO - [2023-12-07T16:59:38.065+0000] {dag.py:2941} INFO - Sync 1 DAGs
[2023-12-07T16:59:38.085+0000] {logging_mixin.py:154} INFO - [2023-12-07T16:59:38.084+0000] {dag.py:3722} INFO - Setting next_dagrun for example_trigger_controller_dag to 2021-01-01T00:00:00+00:00, run_after=2021-01-01T00:00:00+00:00
[2023-12-07T16:59:38.106+0000] {processor.py:179} INFO - Processing /home/ubuntu/ec2_customer_chum_venv/lib/python3.10/site-packages/airflow/example_dags/example_trigger_controller_dag.py took 0.069 seconds
[2023-12-07T17:00:23.068+0000] {processor.py:157} INFO - Started process (PID=5647) to work on /home/ubuntu/ec2_customer_chum_venv/lib/python3.10/site-packages/airflow/example_dags/example_trigger_controller_dag.py
[2023-12-07T17:00:23.070+0000] {processor.py:829} INFO - Processing file /home/ubuntu/ec2_customer_chum_venv/lib/python3.10/site-packages/airflow/example_dags/example_trigger_controller_dag.py for tasks to queue
[2023-12-07T17:00:23.071+0000] {logging_mixin.py:154} INFO - [2023-12-07T17:00:23.070+0000] {dagbag.py:536} INFO - Filling up the DagBag from /home/ubuntu/ec2_customer_chum_venv/lib/python3.10/site-packages/airflow/example_dags/example_trigger_controller_dag.py
[2023-12-07T17:00:23.076+0000] {processor.py:839} INFO - DAG(s) dict_keys(['example_trigger_controller_dag']) retrieved from /home/ubuntu/ec2_customer_chum_venv/lib/python3.10/site-packages/airflow/example_dags/example_trigger_controller_dag.py
[2023-12-07T17:00:23.094+0000] {logging_mixin.py:154} INFO - [2023-12-07T17:00:23.094+0000] {dag.py:2941} INFO - Sync 1 DAGs
[2023-12-07T17:00:23.114+0000] {logging_mixin.py:154} INFO - [2023-12-07T17:00:23.114+0000] {dag.py:3722} INFO - Setting next_dagrun for example_trigger_controller_dag to 2021-01-01T00:00:00+00:00, run_after=2021-01-01T00:00:00+00:00
[2023-12-07T17:00:23.138+0000] {processor.py:179} INFO - Processing /home/ubuntu/ec2_customer_chum_venv/lib/python3.10/site-packages/airflow/example_dags/example_trigger_controller_dag.py took 0.073 seconds
[2023-12-07T17:01:10.499+0000] {processor.py:157} INFO - Started process (PID=5694) to work on /home/ubuntu/ec2_customer_chum_venv/lib/python3.10/site-packages/airflow/example_dags/example_trigger_controller_dag.py
[2023-12-07T17:01:10.501+0000] {processor.py:829} INFO - Processing file /home/ubuntu/ec2_customer_chum_venv/lib/python3.10/site-packages/airflow/example_dags/example_trigger_controller_dag.py for tasks to queue
[2023-12-07T17:01:10.502+0000] {logging_mixin.py:154} INFO - [2023-12-07T17:01:10.502+0000] {dagbag.py:536} INFO - Filling up the DagBag from /home/ubuntu/ec2_customer_chum_venv/lib/python3.10/site-packages/airflow/example_dags/example_trigger_controller_dag.py
[2023-12-07T17:01:10.508+0000] {processor.py:839} INFO - DAG(s) dict_keys(['example_trigger_controller_dag']) retrieved from /home/ubuntu/ec2_customer_chum_venv/lib/python3.10/site-packages/airflow/example_dags/example_trigger_controller_dag.py
[2023-12-07T17:01:10.526+0000] {logging_mixin.py:154} INFO - [2023-12-07T17:01:10.526+0000] {dag.py:2941} INFO - Sync 1 DAGs
[2023-12-07T17:01:10.547+0000] {logging_mixin.py:154} INFO - [2023-12-07T17:01:10.547+0000] {dag.py:3722} INFO - Setting next_dagrun for example_trigger_controller_dag to 2021-01-01T00:00:00+00:00, run_after=2021-01-01T00:00:00+00:00
[2023-12-07T17:01:10.570+0000] {processor.py:179} INFO - Processing /home/ubuntu/ec2_customer_chum_venv/lib/python3.10/site-packages/airflow/example_dags/example_trigger_controller_dag.py took 0.075 seconds
[2023-12-07T17:01:54.362+0000] {processor.py:157} INFO - Started process (PID=5740) to work on /home/ubuntu/ec2_customer_chum_venv/lib/python3.10/site-packages/airflow/example_dags/example_trigger_controller_dag.py
[2023-12-07T17:01:54.363+0000] {processor.py:829} INFO - Processing file /home/ubuntu/ec2_customer_chum_venv/lib/python3.10/site-packages/airflow/example_dags/example_trigger_controller_dag.py for tasks to queue
[2023-12-07T17:01:54.364+0000] {logging_mixin.py:154} INFO - [2023-12-07T17:01:54.364+0000] {dagbag.py:536} INFO - Filling up the DagBag from /home/ubuntu/ec2_customer_chum_venv/lib/python3.10/site-packages/airflow/example_dags/example_trigger_controller_dag.py
[2023-12-07T17:01:54.369+0000] {processor.py:839} INFO - DAG(s) dict_keys(['example_trigger_controller_dag']) retrieved from /home/ubuntu/ec2_customer_chum_venv/lib/python3.10/site-packages/airflow/example_dags/example_trigger_controller_dag.py
[2023-12-07T17:01:54.387+0000] {logging_mixin.py:154} INFO - [2023-12-07T17:01:54.387+0000] {dag.py:2941} INFO - Sync 1 DAGs
[2023-12-07T17:01:54.407+0000] {logging_mixin.py:154} INFO - [2023-12-07T17:01:54.407+0000] {dag.py:3722} INFO - Setting next_dagrun for example_trigger_controller_dag to 2021-01-01T00:00:00+00:00, run_after=2021-01-01T00:00:00+00:00
[2023-12-07T17:01:54.430+0000] {processor.py:179} INFO - Processing /home/ubuntu/ec2_customer_chum_venv/lib/python3.10/site-packages/airflow/example_dags/example_trigger_controller_dag.py took 0.072 seconds
[2023-12-07T17:02:41.948+0000] {processor.py:157} INFO - Started process (PID=5788) to work on /home/ubuntu/ec2_customer_chum_venv/lib/python3.10/site-packages/airflow/example_dags/example_trigger_controller_dag.py
[2023-12-07T17:02:41.949+0000] {processor.py:829} INFO - Processing file /home/ubuntu/ec2_customer_chum_venv/lib/python3.10/site-packages/airflow/example_dags/example_trigger_controller_dag.py for tasks to queue
[2023-12-07T17:02:41.950+0000] {logging_mixin.py:154} INFO - [2023-12-07T17:02:41.950+0000] {dagbag.py:536} INFO - Filling up the DagBag from /home/ubuntu/ec2_customer_chum_venv/lib/python3.10/site-packages/airflow/example_dags/example_trigger_controller_dag.py
[2023-12-07T17:02:41.955+0000] {processor.py:839} INFO - DAG(s) dict_keys(['example_trigger_controller_dag']) retrieved from /home/ubuntu/ec2_customer_chum_venv/lib/python3.10/site-packages/airflow/example_dags/example_trigger_controller_dag.py
[2023-12-07T17:02:41.973+0000] {logging_mixin.py:154} INFO - [2023-12-07T17:02:41.972+0000] {dag.py:2941} INFO - Sync 1 DAGs
[2023-12-07T17:02:41.993+0000] {logging_mixin.py:154} INFO - [2023-12-07T17:02:41.993+0000] {dag.py:3722} INFO - Setting next_dagrun for example_trigger_controller_dag to 2021-01-01T00:00:00+00:00, run_after=2021-01-01T00:00:00+00:00
[2023-12-07T17:02:42.020+0000] {processor.py:179} INFO - Processing /home/ubuntu/ec2_customer_chum_venv/lib/python3.10/site-packages/airflow/example_dags/example_trigger_controller_dag.py took 0.076 seconds
[2023-12-07T17:03:30.068+0000] {processor.py:157} INFO - Started process (PID=5836) to work on /home/ubuntu/ec2_customer_chum_venv/lib/python3.10/site-packages/airflow/example_dags/example_trigger_controller_dag.py
[2023-12-07T17:03:30.070+0000] {processor.py:829} INFO - Processing file /home/ubuntu/ec2_customer_chum_venv/lib/python3.10/site-packages/airflow/example_dags/example_trigger_controller_dag.py for tasks to queue
[2023-12-07T17:03:30.071+0000] {logging_mixin.py:154} INFO - [2023-12-07T17:03:30.070+0000] {dagbag.py:536} INFO - Filling up the DagBag from /home/ubuntu/ec2_customer_chum_venv/lib/python3.10/site-packages/airflow/example_dags/example_trigger_controller_dag.py
[2023-12-07T17:03:30.076+0000] {processor.py:839} INFO - DAG(s) dict_keys(['example_trigger_controller_dag']) retrieved from /home/ubuntu/ec2_customer_chum_venv/lib/python3.10/site-packages/airflow/example_dags/example_trigger_controller_dag.py
[2023-12-07T17:03:30.094+0000] {logging_mixin.py:154} INFO - [2023-12-07T17:03:30.094+0000] {dag.py:2941} INFO - Sync 1 DAGs
[2023-12-07T17:03:30.116+0000] {logging_mixin.py:154} INFO - [2023-12-07T17:03:30.116+0000] {dag.py:3722} INFO - Setting next_dagrun for example_trigger_controller_dag to 2021-01-01T00:00:00+00:00, run_after=2021-01-01T00:00:00+00:00
[2023-12-07T17:03:30.142+0000] {processor.py:179} INFO - Processing /home/ubuntu/ec2_customer_chum_venv/lib/python3.10/site-packages/airflow/example_dags/example_trigger_controller_dag.py took 0.077 seconds
[2023-12-07T17:04:12.799+0000] {processor.py:157} INFO - Started process (PID=5881) to work on /home/ubuntu/ec2_customer_chum_venv/lib/python3.10/site-packages/airflow/example_dags/example_trigger_controller_dag.py
[2023-12-07T17:04:12.800+0000] {processor.py:829} INFO - Processing file /home/ubuntu/ec2_customer_chum_venv/lib/python3.10/site-packages/airflow/example_dags/example_trigger_controller_dag.py for tasks to queue
[2023-12-07T17:04:12.801+0000] {logging_mixin.py:154} INFO - [2023-12-07T17:04:12.800+0000] {dagbag.py:536} INFO - Filling up the DagBag from /home/ubuntu/ec2_customer_chum_venv/lib/python3.10/site-packages/airflow/example_dags/example_trigger_controller_dag.py
[2023-12-07T17:04:12.806+0000] {processor.py:839} INFO - DAG(s) dict_keys(['example_trigger_controller_dag']) retrieved from /home/ubuntu/ec2_customer_chum_venv/lib/python3.10/site-packages/airflow/example_dags/example_trigger_controller_dag.py
[2023-12-07T17:04:12.823+0000] {logging_mixin.py:154} INFO - [2023-12-07T17:04:12.823+0000] {dag.py:2941} INFO - Sync 1 DAGs
[2023-12-07T17:04:12.843+0000] {logging_mixin.py:154} INFO - [2023-12-07T17:04:12.842+0000] {dag.py:3722} INFO - Setting next_dagrun for example_trigger_controller_dag to 2021-01-01T00:00:00+00:00, run_after=2021-01-01T00:00:00+00:00
[2023-12-07T17:04:12.865+0000] {processor.py:179} INFO - Processing /home/ubuntu/ec2_customer_chum_venv/lib/python3.10/site-packages/airflow/example_dags/example_trigger_controller_dag.py took 0.070 seconds
[2023-12-07T17:05:01.656+0000] {processor.py:157} INFO - Started process (PID=5933) to work on /home/ubuntu/ec2_customer_chum_venv/lib/python3.10/site-packages/airflow/example_dags/example_trigger_controller_dag.py
[2023-12-07T17:05:01.657+0000] {processor.py:829} INFO - Processing file /home/ubuntu/ec2_customer_chum_venv/lib/python3.10/site-packages/airflow/example_dags/example_trigger_controller_dag.py for tasks to queue
[2023-12-07T17:05:01.658+0000] {logging_mixin.py:154} INFO - [2023-12-07T17:05:01.657+0000] {dagbag.py:536} INFO - Filling up the DagBag from /home/ubuntu/ec2_customer_chum_venv/lib/python3.10/site-packages/airflow/example_dags/example_trigger_controller_dag.py
[2023-12-07T17:05:01.663+0000] {processor.py:839} INFO - DAG(s) dict_keys(['example_trigger_controller_dag']) retrieved from /home/ubuntu/ec2_customer_chum_venv/lib/python3.10/site-packages/airflow/example_dags/example_trigger_controller_dag.py
[2023-12-07T17:05:01.682+0000] {logging_mixin.py:154} INFO - [2023-12-07T17:05:01.681+0000] {dag.py:2941} INFO - Sync 1 DAGs
[2023-12-07T17:05:01.703+0000] {logging_mixin.py:154} INFO - [2023-12-07T17:05:01.703+0000] {dag.py:3722} INFO - Setting next_dagrun for example_trigger_controller_dag to 2021-01-01T00:00:00+00:00, run_after=2021-01-01T00:00:00+00:00
[2023-12-07T17:05:01.730+0000] {processor.py:179} INFO - Processing /home/ubuntu/ec2_customer_chum_venv/lib/python3.10/site-packages/airflow/example_dags/example_trigger_controller_dag.py took 0.078 seconds
[2023-12-07T17:05:42.452+0000] {processor.py:157} INFO - Started process (PID=5977) to work on /home/ubuntu/ec2_customer_chum_venv/lib/python3.10/site-packages/airflow/example_dags/example_trigger_controller_dag.py
[2023-12-07T17:05:42.454+0000] {processor.py:829} INFO - Processing file /home/ubuntu/ec2_customer_chum_venv/lib/python3.10/site-packages/airflow/example_dags/example_trigger_controller_dag.py for tasks to queue
[2023-12-07T17:05:42.454+0000] {logging_mixin.py:154} INFO - [2023-12-07T17:05:42.454+0000] {dagbag.py:536} INFO - Filling up the DagBag from /home/ubuntu/ec2_customer_chum_venv/lib/python3.10/site-packages/airflow/example_dags/example_trigger_controller_dag.py
[2023-12-07T17:05:42.460+0000] {processor.py:839} INFO - DAG(s) dict_keys(['example_trigger_controller_dag']) retrieved from /home/ubuntu/ec2_customer_chum_venv/lib/python3.10/site-packages/airflow/example_dags/example_trigger_controller_dag.py
[2023-12-07T17:05:42.476+0000] {logging_mixin.py:154} INFO - [2023-12-07T17:05:42.476+0000] {dag.py:2941} INFO - Sync 1 DAGs
[2023-12-07T17:05:42.496+0000] {logging_mixin.py:154} INFO - [2023-12-07T17:05:42.495+0000] {dag.py:3722} INFO - Setting next_dagrun for example_trigger_controller_dag to 2021-01-01T00:00:00+00:00, run_after=2021-01-01T00:00:00+00:00
[2023-12-07T17:05:42.517+0000] {processor.py:179} INFO - Processing /home/ubuntu/ec2_customer_chum_venv/lib/python3.10/site-packages/airflow/example_dags/example_trigger_controller_dag.py took 0.068 seconds
[2023-12-07T17:06:26.726+0000] {processor.py:157} INFO - Started process (PID=6023) to work on /home/ubuntu/ec2_customer_chum_venv/lib/python3.10/site-packages/airflow/example_dags/example_trigger_controller_dag.py
[2023-12-07T17:06:26.727+0000] {processor.py:829} INFO - Processing file /home/ubuntu/ec2_customer_chum_venv/lib/python3.10/site-packages/airflow/example_dags/example_trigger_controller_dag.py for tasks to queue
[2023-12-07T17:06:26.728+0000] {logging_mixin.py:154} INFO - [2023-12-07T17:06:26.728+0000] {dagbag.py:536} INFO - Filling up the DagBag from /home/ubuntu/ec2_customer_chum_venv/lib/python3.10/site-packages/airflow/example_dags/example_trigger_controller_dag.py
[2023-12-07T17:06:26.734+0000] {processor.py:839} INFO - DAG(s) dict_keys(['example_trigger_controller_dag']) retrieved from /home/ubuntu/ec2_customer_chum_venv/lib/python3.10/site-packages/airflow/example_dags/example_trigger_controller_dag.py
[2023-12-07T17:06:26.751+0000] {logging_mixin.py:154} INFO - [2023-12-07T17:06:26.751+0000] {dag.py:2941} INFO - Sync 1 DAGs
[2023-12-07T17:06:26.771+0000] {logging_mixin.py:154} INFO - [2023-12-07T17:06:26.770+0000] {dag.py:3722} INFO - Setting next_dagrun for example_trigger_controller_dag to 2021-01-01T00:00:00+00:00, run_after=2021-01-01T00:00:00+00:00
[2023-12-07T17:06:26.794+0000] {processor.py:179} INFO - Processing /home/ubuntu/ec2_customer_chum_venv/lib/python3.10/site-packages/airflow/example_dags/example_trigger_controller_dag.py took 0.071 seconds
[2023-12-07T17:07:14.153+0000] {processor.py:157} INFO - Started process (PID=6069) to work on /home/ubuntu/ec2_customer_chum_venv/lib/python3.10/site-packages/airflow/example_dags/example_trigger_controller_dag.py
[2023-12-07T17:07:14.154+0000] {processor.py:829} INFO - Processing file /home/ubuntu/ec2_customer_chum_venv/lib/python3.10/site-packages/airflow/example_dags/example_trigger_controller_dag.py for tasks to queue
[2023-12-07T17:07:14.155+0000] {logging_mixin.py:154} INFO - [2023-12-07T17:07:14.154+0000] {dagbag.py:536} INFO - Filling up the DagBag from /home/ubuntu/ec2_customer_chum_venv/lib/python3.10/site-packages/airflow/example_dags/example_trigger_controller_dag.py
[2023-12-07T17:07:14.160+0000] {processor.py:839} INFO - DAG(s) dict_keys(['example_trigger_controller_dag']) retrieved from /home/ubuntu/ec2_customer_chum_venv/lib/python3.10/site-packages/airflow/example_dags/example_trigger_controller_dag.py
[2023-12-07T17:07:14.177+0000] {logging_mixin.py:154} INFO - [2023-12-07T17:07:14.177+0000] {dag.py:2941} INFO - Sync 1 DAGs
[2023-12-07T17:07:14.197+0000] {logging_mixin.py:154} INFO - [2023-12-07T17:07:14.197+0000] {dag.py:3722} INFO - Setting next_dagrun for example_trigger_controller_dag to 2021-01-01T00:00:00+00:00, run_after=2021-01-01T00:00:00+00:00
[2023-12-07T17:07:14.219+0000] {processor.py:179} INFO - Processing /home/ubuntu/ec2_customer_chum_venv/lib/python3.10/site-packages/airflow/example_dags/example_trigger_controller_dag.py took 0.070 seconds
[2023-12-07T17:07:58.146+0000] {processor.py:157} INFO - Started process (PID=6115) to work on /home/ubuntu/ec2_customer_chum_venv/lib/python3.10/site-packages/airflow/example_dags/example_trigger_controller_dag.py
[2023-12-07T17:07:58.148+0000] {processor.py:829} INFO - Processing file /home/ubuntu/ec2_customer_chum_venv/lib/python3.10/site-packages/airflow/example_dags/example_trigger_controller_dag.py for tasks to queue
[2023-12-07T17:07:58.149+0000] {logging_mixin.py:154} INFO - [2023-12-07T17:07:58.148+0000] {dagbag.py:536} INFO - Filling up the DagBag from /home/ubuntu/ec2_customer_chum_venv/lib/python3.10/site-packages/airflow/example_dags/example_trigger_controller_dag.py
[2023-12-07T17:07:58.154+0000] {processor.py:839} INFO - DAG(s) dict_keys(['example_trigger_controller_dag']) retrieved from /home/ubuntu/ec2_customer_chum_venv/lib/python3.10/site-packages/airflow/example_dags/example_trigger_controller_dag.py
[2023-12-07T17:07:58.173+0000] {logging_mixin.py:154} INFO - [2023-12-07T17:07:58.172+0000] {dag.py:2941} INFO - Sync 1 DAGs
[2023-12-07T17:07:58.193+0000] {logging_mixin.py:154} INFO - [2023-12-07T17:07:58.193+0000] {dag.py:3722} INFO - Setting next_dagrun for example_trigger_controller_dag to 2021-01-01T00:00:00+00:00, run_after=2021-01-01T00:00:00+00:00
[2023-12-07T17:07:58.215+0000] {processor.py:179} INFO - Processing /home/ubuntu/ec2_customer_chum_venv/lib/python3.10/site-packages/airflow/example_dags/example_trigger_controller_dag.py took 0.072 seconds
[2023-12-07T17:08:44.386+0000] {processor.py:157} INFO - Started process (PID=6162) to work on /home/ubuntu/ec2_customer_chum_venv/lib/python3.10/site-packages/airflow/example_dags/example_trigger_controller_dag.py
[2023-12-07T17:08:44.387+0000] {processor.py:829} INFO - Processing file /home/ubuntu/ec2_customer_chum_venv/lib/python3.10/site-packages/airflow/example_dags/example_trigger_controller_dag.py for tasks to queue
[2023-12-07T17:08:44.388+0000] {logging_mixin.py:154} INFO - [2023-12-07T17:08:44.388+0000] {dagbag.py:536} INFO - Filling up the DagBag from /home/ubuntu/ec2_customer_chum_venv/lib/python3.10/site-packages/airflow/example_dags/example_trigger_controller_dag.py
[2023-12-07T17:08:44.393+0000] {processor.py:839} INFO - DAG(s) dict_keys(['example_trigger_controller_dag']) retrieved from /home/ubuntu/ec2_customer_chum_venv/lib/python3.10/site-packages/airflow/example_dags/example_trigger_controller_dag.py
[2023-12-07T17:08:44.411+0000] {logging_mixin.py:154} INFO - [2023-12-07T17:08:44.411+0000] {dag.py:2941} INFO - Sync 1 DAGs
[2023-12-07T17:08:44.432+0000] {logging_mixin.py:154} INFO - [2023-12-07T17:08:44.432+0000] {dag.py:3722} INFO - Setting next_dagrun for example_trigger_controller_dag to 2021-01-01T00:00:00+00:00, run_after=2021-01-01T00:00:00+00:00
[2023-12-07T17:08:44.454+0000] {processor.py:179} INFO - Processing /home/ubuntu/ec2_customer_chum_venv/lib/python3.10/site-packages/airflow/example_dags/example_trigger_controller_dag.py took 0.071 seconds
[2023-12-07T17:09:30.164+0000] {processor.py:157} INFO - Started process (PID=6209) to work on /home/ubuntu/ec2_customer_chum_venv/lib/python3.10/site-packages/airflow/example_dags/example_trigger_controller_dag.py
[2023-12-07T17:09:30.166+0000] {processor.py:829} INFO - Processing file /home/ubuntu/ec2_customer_chum_venv/lib/python3.10/site-packages/airflow/example_dags/example_trigger_controller_dag.py for tasks to queue
[2023-12-07T17:09:30.167+0000] {logging_mixin.py:154} INFO - [2023-12-07T17:09:30.167+0000] {dagbag.py:536} INFO - Filling up the DagBag from /home/ubuntu/ec2_customer_chum_venv/lib/python3.10/site-packages/airflow/example_dags/example_trigger_controller_dag.py
[2023-12-07T17:09:30.172+0000] {processor.py:839} INFO - DAG(s) dict_keys(['example_trigger_controller_dag']) retrieved from /home/ubuntu/ec2_customer_chum_venv/lib/python3.10/site-packages/airflow/example_dags/example_trigger_controller_dag.py
[2023-12-07T17:09:30.190+0000] {logging_mixin.py:154} INFO - [2023-12-07T17:09:30.189+0000] {dag.py:2941} INFO - Sync 1 DAGs
[2023-12-07T17:09:30.210+0000] {logging_mixin.py:154} INFO - [2023-12-07T17:09:30.209+0000] {dag.py:3722} INFO - Setting next_dagrun for example_trigger_controller_dag to 2021-01-01T00:00:00+00:00, run_after=2021-01-01T00:00:00+00:00
[2023-12-07T17:09:30.237+0000] {processor.py:179} INFO - Processing /home/ubuntu/ec2_customer_chum_venv/lib/python3.10/site-packages/airflow/example_dags/example_trigger_controller_dag.py took 0.076 seconds
[2023-12-07T17:10:10.240+0000] {processor.py:157} INFO - Started process (PID=6251) to work on /home/ubuntu/ec2_customer_chum_venv/lib/python3.10/site-packages/airflow/example_dags/example_trigger_controller_dag.py
[2023-12-07T17:10:10.241+0000] {processor.py:829} INFO - Processing file /home/ubuntu/ec2_customer_chum_venv/lib/python3.10/site-packages/airflow/example_dags/example_trigger_controller_dag.py for tasks to queue
[2023-12-07T17:10:10.242+0000] {logging_mixin.py:154} INFO - [2023-12-07T17:10:10.242+0000] {dagbag.py:536} INFO - Filling up the DagBag from /home/ubuntu/ec2_customer_chum_venv/lib/python3.10/site-packages/airflow/example_dags/example_trigger_controller_dag.py
[2023-12-07T17:10:10.247+0000] {processor.py:839} INFO - DAG(s) dict_keys(['example_trigger_controller_dag']) retrieved from /home/ubuntu/ec2_customer_chum_venv/lib/python3.10/site-packages/airflow/example_dags/example_trigger_controller_dag.py
[2023-12-07T17:10:10.265+0000] {logging_mixin.py:154} INFO - [2023-12-07T17:10:10.265+0000] {dag.py:2941} INFO - Sync 1 DAGs
[2023-12-07T17:10:10.285+0000] {logging_mixin.py:154} INFO - [2023-12-07T17:10:10.285+0000] {dag.py:3722} INFO - Setting next_dagrun for example_trigger_controller_dag to 2021-01-01T00:00:00+00:00, run_after=2021-01-01T00:00:00+00:00
[2023-12-07T17:10:10.308+0000] {processor.py:179} INFO - Processing /home/ubuntu/ec2_customer_chum_venv/lib/python3.10/site-packages/airflow/example_dags/example_trigger_controller_dag.py took 0.072 seconds
[2023-12-07T17:10:56.584+0000] {processor.py:157} INFO - Started process (PID=6299) to work on /home/ubuntu/ec2_customer_chum_venv/lib/python3.10/site-packages/airflow/example_dags/example_trigger_controller_dag.py
[2023-12-07T17:10:56.586+0000] {processor.py:829} INFO - Processing file /home/ubuntu/ec2_customer_chum_venv/lib/python3.10/site-packages/airflow/example_dags/example_trigger_controller_dag.py for tasks to queue
[2023-12-07T17:10:56.587+0000] {logging_mixin.py:154} INFO - [2023-12-07T17:10:56.586+0000] {dagbag.py:536} INFO - Filling up the DagBag from /home/ubuntu/ec2_customer_chum_venv/lib/python3.10/site-packages/airflow/example_dags/example_trigger_controller_dag.py
[2023-12-07T17:10:56.592+0000] {processor.py:839} INFO - DAG(s) dict_keys(['example_trigger_controller_dag']) retrieved from /home/ubuntu/ec2_customer_chum_venv/lib/python3.10/site-packages/airflow/example_dags/example_trigger_controller_dag.py
[2023-12-07T17:10:56.609+0000] {logging_mixin.py:154} INFO - [2023-12-07T17:10:56.609+0000] {dag.py:2941} INFO - Sync 1 DAGs
[2023-12-07T17:10:56.629+0000] {logging_mixin.py:154} INFO - [2023-12-07T17:10:56.629+0000] {dag.py:3722} INFO - Setting next_dagrun for example_trigger_controller_dag to 2021-01-01T00:00:00+00:00, run_after=2021-01-01T00:00:00+00:00
[2023-12-07T17:10:56.652+0000] {processor.py:179} INFO - Processing /home/ubuntu/ec2_customer_chum_venv/lib/python3.10/site-packages/airflow/example_dags/example_trigger_controller_dag.py took 0.071 seconds
[2023-12-07T17:11:42.376+0000] {processor.py:157} INFO - Started process (PID=6350) to work on /home/ubuntu/ec2_customer_chum_venv/lib/python3.10/site-packages/airflow/example_dags/example_trigger_controller_dag.py
[2023-12-07T17:11:42.377+0000] {processor.py:829} INFO - Processing file /home/ubuntu/ec2_customer_chum_venv/lib/python3.10/site-packages/airflow/example_dags/example_trigger_controller_dag.py for tasks to queue
[2023-12-07T17:11:42.378+0000] {logging_mixin.py:154} INFO - [2023-12-07T17:11:42.378+0000] {dagbag.py:536} INFO - Filling up the DagBag from /home/ubuntu/ec2_customer_chum_venv/lib/python3.10/site-packages/airflow/example_dags/example_trigger_controller_dag.py
[2023-12-07T17:11:42.383+0000] {processor.py:839} INFO - DAG(s) dict_keys(['example_trigger_controller_dag']) retrieved from /home/ubuntu/ec2_customer_chum_venv/lib/python3.10/site-packages/airflow/example_dags/example_trigger_controller_dag.py
[2023-12-07T17:11:42.401+0000] {logging_mixin.py:154} INFO - [2023-12-07T17:11:42.400+0000] {dag.py:2941} INFO - Sync 1 DAGs
[2023-12-07T17:11:42.421+0000] {logging_mixin.py:154} INFO - [2023-12-07T17:11:42.420+0000] {dag.py:3722} INFO - Setting next_dagrun for example_trigger_controller_dag to 2021-01-01T00:00:00+00:00, run_after=2021-01-01T00:00:00+00:00
[2023-12-07T17:11:42.443+0000] {processor.py:179} INFO - Processing /home/ubuntu/ec2_customer_chum_venv/lib/python3.10/site-packages/airflow/example_dags/example_trigger_controller_dag.py took 0.070 seconds
[2023-12-07T17:12:27.135+0000] {processor.py:157} INFO - Started process (PID=6396) to work on /home/ubuntu/ec2_customer_chum_venv/lib/python3.10/site-packages/airflow/example_dags/example_trigger_controller_dag.py
[2023-12-07T17:12:27.137+0000] {processor.py:829} INFO - Processing file /home/ubuntu/ec2_customer_chum_venv/lib/python3.10/site-packages/airflow/example_dags/example_trigger_controller_dag.py for tasks to queue
[2023-12-07T17:12:27.138+0000] {logging_mixin.py:154} INFO - [2023-12-07T17:12:27.137+0000] {dagbag.py:536} INFO - Filling up the DagBag from /home/ubuntu/ec2_customer_chum_venv/lib/python3.10/site-packages/airflow/example_dags/example_trigger_controller_dag.py
[2023-12-07T17:12:27.143+0000] {processor.py:839} INFO - DAG(s) dict_keys(['example_trigger_controller_dag']) retrieved from /home/ubuntu/ec2_customer_chum_venv/lib/python3.10/site-packages/airflow/example_dags/example_trigger_controller_dag.py
[2023-12-07T17:12:27.161+0000] {logging_mixin.py:154} INFO - [2023-12-07T17:12:27.160+0000] {dag.py:2941} INFO - Sync 1 DAGs
[2023-12-07T17:12:27.181+0000] {logging_mixin.py:154} INFO - [2023-12-07T17:12:27.180+0000] {dag.py:3722} INFO - Setting next_dagrun for example_trigger_controller_dag to 2021-01-01T00:00:00+00:00, run_after=2021-01-01T00:00:00+00:00
[2023-12-07T17:12:27.207+0000] {processor.py:179} INFO - Processing /home/ubuntu/ec2_customer_chum_venv/lib/python3.10/site-packages/airflow/example_dags/example_trigger_controller_dag.py took 0.075 seconds
[2023-12-07T17:13:16.150+0000] {processor.py:157} INFO - Started process (PID=6532) to work on /home/ubuntu/ec2_customer_chum_venv/lib/python3.10/site-packages/airflow/example_dags/example_trigger_controller_dag.py
[2023-12-07T17:13:16.151+0000] {processor.py:829} INFO - Processing file /home/ubuntu/ec2_customer_chum_venv/lib/python3.10/site-packages/airflow/example_dags/example_trigger_controller_dag.py for tasks to queue
[2023-12-07T17:13:16.152+0000] {logging_mixin.py:154} INFO - [2023-12-07T17:13:16.151+0000] {dagbag.py:536} INFO - Filling up the DagBag from /home/ubuntu/ec2_customer_chum_venv/lib/python3.10/site-packages/airflow/example_dags/example_trigger_controller_dag.py
[2023-12-07T17:13:16.157+0000] {processor.py:839} INFO - DAG(s) dict_keys(['example_trigger_controller_dag']) retrieved from /home/ubuntu/ec2_customer_chum_venv/lib/python3.10/site-packages/airflow/example_dags/example_trigger_controller_dag.py
[2023-12-07T17:13:16.174+0000] {logging_mixin.py:154} INFO - [2023-12-07T17:13:16.174+0000] {dag.py:2941} INFO - Sync 1 DAGs
[2023-12-07T17:13:16.194+0000] {logging_mixin.py:154} INFO - [2023-12-07T17:13:16.193+0000] {dag.py:3722} INFO - Setting next_dagrun for example_trigger_controller_dag to 2021-01-01T00:00:00+00:00, run_after=2021-01-01T00:00:00+00:00
[2023-12-07T17:13:16.216+0000] {processor.py:179} INFO - Processing /home/ubuntu/ec2_customer_chum_venv/lib/python3.10/site-packages/airflow/example_dags/example_trigger_controller_dag.py took 0.069 seconds
[2023-12-07T17:13:57.860+0000] {processor.py:157} INFO - Started process (PID=6578) to work on /home/ubuntu/ec2_customer_chum_venv/lib/python3.10/site-packages/airflow/example_dags/example_trigger_controller_dag.py
[2023-12-07T17:13:57.861+0000] {processor.py:829} INFO - Processing file /home/ubuntu/ec2_customer_chum_venv/lib/python3.10/site-packages/airflow/example_dags/example_trigger_controller_dag.py for tasks to queue
[2023-12-07T17:13:57.862+0000] {logging_mixin.py:154} INFO - [2023-12-07T17:13:57.861+0000] {dagbag.py:536} INFO - Filling up the DagBag from /home/ubuntu/ec2_customer_chum_venv/lib/python3.10/site-packages/airflow/example_dags/example_trigger_controller_dag.py
[2023-12-07T17:13:57.867+0000] {processor.py:839} INFO - DAG(s) dict_keys(['example_trigger_controller_dag']) retrieved from /home/ubuntu/ec2_customer_chum_venv/lib/python3.10/site-packages/airflow/example_dags/example_trigger_controller_dag.py
[2023-12-07T17:13:57.884+0000] {logging_mixin.py:154} INFO - [2023-12-07T17:13:57.884+0000] {dag.py:2941} INFO - Sync 1 DAGs
[2023-12-07T17:13:57.906+0000] {logging_mixin.py:154} INFO - [2023-12-07T17:13:57.906+0000] {dag.py:3722} INFO - Setting next_dagrun for example_trigger_controller_dag to 2021-01-01T00:00:00+00:00, run_after=2021-01-01T00:00:00+00:00
[2023-12-07T17:13:57.928+0000] {processor.py:179} INFO - Processing /home/ubuntu/ec2_customer_chum_venv/lib/python3.10/site-packages/airflow/example_dags/example_trigger_controller_dag.py took 0.072 seconds
[2023-12-07T17:14:44.532+0000] {processor.py:157} INFO - Started process (PID=6628) to work on /home/ubuntu/ec2_customer_chum_venv/lib/python3.10/site-packages/airflow/example_dags/example_trigger_controller_dag.py
[2023-12-07T17:14:44.533+0000] {processor.py:829} INFO - Processing file /home/ubuntu/ec2_customer_chum_venv/lib/python3.10/site-packages/airflow/example_dags/example_trigger_controller_dag.py for tasks to queue
[2023-12-07T17:14:44.534+0000] {logging_mixin.py:154} INFO - [2023-12-07T17:14:44.534+0000] {dagbag.py:536} INFO - Filling up the DagBag from /home/ubuntu/ec2_customer_chum_venv/lib/python3.10/site-packages/airflow/example_dags/example_trigger_controller_dag.py
[2023-12-07T17:14:44.540+0000] {processor.py:839} INFO - DAG(s) dict_keys(['example_trigger_controller_dag']) retrieved from /home/ubuntu/ec2_customer_chum_venv/lib/python3.10/site-packages/airflow/example_dags/example_trigger_controller_dag.py
[2023-12-07T17:14:44.557+0000] {logging_mixin.py:154} INFO - [2023-12-07T17:14:44.557+0000] {dag.py:2941} INFO - Sync 1 DAGs
[2023-12-07T17:14:44.576+0000] {logging_mixin.py:154} INFO - [2023-12-07T17:14:44.576+0000] {dag.py:3722} INFO - Setting next_dagrun for example_trigger_controller_dag to 2021-01-01T00:00:00+00:00, run_after=2021-01-01T00:00:00+00:00
[2023-12-07T17:14:44.599+0000] {processor.py:179} INFO - Processing /home/ubuntu/ec2_customer_chum_venv/lib/python3.10/site-packages/airflow/example_dags/example_trigger_controller_dag.py took 0.071 seconds
[2023-12-07T17:15:26.276+0000] {processor.py:157} INFO - Started process (PID=6736) to work on /home/ubuntu/ec2_customer_chum_venv/lib/python3.10/site-packages/airflow/example_dags/example_trigger_controller_dag.py
[2023-12-07T17:15:26.277+0000] {processor.py:829} INFO - Processing file /home/ubuntu/ec2_customer_chum_venv/lib/python3.10/site-packages/airflow/example_dags/example_trigger_controller_dag.py for tasks to queue
[2023-12-07T17:15:26.278+0000] {logging_mixin.py:154} INFO - [2023-12-07T17:15:26.278+0000] {dagbag.py:536} INFO - Filling up the DagBag from /home/ubuntu/ec2_customer_chum_venv/lib/python3.10/site-packages/airflow/example_dags/example_trigger_controller_dag.py
[2023-12-07T17:15:26.283+0000] {processor.py:839} INFO - DAG(s) dict_keys(['example_trigger_controller_dag']) retrieved from /home/ubuntu/ec2_customer_chum_venv/lib/python3.10/site-packages/airflow/example_dags/example_trigger_controller_dag.py
[2023-12-07T17:15:26.300+0000] {logging_mixin.py:154} INFO - [2023-12-07T17:15:26.300+0000] {dag.py:2941} INFO - Sync 1 DAGs
[2023-12-07T17:15:26.319+0000] {logging_mixin.py:154} INFO - [2023-12-07T17:15:26.319+0000] {dag.py:3722} INFO - Setting next_dagrun for example_trigger_controller_dag to 2021-01-01T00:00:00+00:00, run_after=2021-01-01T00:00:00+00:00
[2023-12-07T17:15:26.342+0000] {processor.py:179} INFO - Processing /home/ubuntu/ec2_customer_chum_venv/lib/python3.10/site-packages/airflow/example_dags/example_trigger_controller_dag.py took 0.069 seconds
