[2023-12-07T16:49:33.176+0000] {processor.py:157} INFO - Started process (PID=4987) to work on /home/ubuntu/ec2_customer_chum_venv/lib/python3.10/site-packages/airflow/example_dags/example_branch_day_of_week_operator.py
[2023-12-07T16:49:33.177+0000] {processor.py:829} INFO - Processing file /home/ubuntu/ec2_customer_chum_venv/lib/python3.10/site-packages/airflow/example_dags/example_branch_day_of_week_operator.py for tasks to queue
[2023-12-07T16:49:33.177+0000] {logging_mixin.py:154} INFO - [2023-12-07T16:49:33.177+0000] {dagbag.py:536} INFO - Filling up the DagBag from /home/ubuntu/ec2_customer_chum_venv/lib/python3.10/site-packages/airflow/example_dags/example_branch_day_of_week_operator.py
[2023-12-07T16:49:33.186+0000] {processor.py:839} INFO - DAG(s) dict_keys(['example_weekday_branch_operator']) retrieved from /home/ubuntu/ec2_customer_chum_venv/lib/python3.10/site-packages/airflow/example_dags/example_branch_day_of_week_operator.py
[2023-12-07T16:49:33.323+0000] {logging_mixin.py:154} INFO - [2023-12-07T16:49:33.323+0000] {manager.py:499} INFO - Created Permission View: %s
[2023-12-07T16:49:33.339+0000] {logging_mixin.py:154} INFO - [2023-12-07T16:49:33.339+0000] {manager.py:499} INFO - Created Permission View: %s
[2023-12-07T16:49:33.349+0000] {logging_mixin.py:154} INFO - [2023-12-07T16:49:33.349+0000] {manager.py:499} INFO - Created Permission View: %s
[2023-12-07T16:49:33.350+0000] {logging_mixin.py:154} INFO - [2023-12-07T16:49:33.350+0000] {dag.py:2941} INFO - Sync 1 DAGs
[2023-12-07T16:49:33.361+0000] {logging_mixin.py:154} INFO - [2023-12-07T16:49:33.361+0000] {dag.py:2963} INFO - Creating ORM DAG for example_weekday_branch_operator
[2023-12-07T16:49:33.371+0000] {logging_mixin.py:154} INFO - [2023-12-07T16:49:33.371+0000] {dag.py:3722} INFO - Setting next_dagrun for example_weekday_branch_operator to 2023-12-06T00:00:00+00:00, run_after=2023-12-07T00:00:00+00:00
[2023-12-07T16:49:33.398+0000] {processor.py:179} INFO - Processing /home/ubuntu/ec2_customer_chum_venv/lib/python3.10/site-packages/airflow/example_dags/example_branch_day_of_week_operator.py took 0.225 seconds
[2023-12-07T16:50:21.828+0000] {processor.py:157} INFO - Started process (PID=5033) to work on /home/ubuntu/ec2_customer_chum_venv/lib/python3.10/site-packages/airflow/example_dags/example_branch_day_of_week_operator.py
[2023-12-07T16:50:21.830+0000] {processor.py:829} INFO - Processing file /home/ubuntu/ec2_customer_chum_venv/lib/python3.10/site-packages/airflow/example_dags/example_branch_day_of_week_operator.py for tasks to queue
[2023-12-07T16:50:21.830+0000] {logging_mixin.py:154} INFO - [2023-12-07T16:50:21.830+0000] {dagbag.py:536} INFO - Filling up the DagBag from /home/ubuntu/ec2_customer_chum_venv/lib/python3.10/site-packages/airflow/example_dags/example_branch_day_of_week_operator.py
[2023-12-07T16:50:21.839+0000] {processor.py:839} INFO - DAG(s) dict_keys(['example_weekday_branch_operator']) retrieved from /home/ubuntu/ec2_customer_chum_venv/lib/python3.10/site-packages/airflow/example_dags/example_branch_day_of_week_operator.py
[2023-12-07T16:50:21.858+0000] {logging_mixin.py:154} INFO - [2023-12-07T16:50:21.858+0000] {dag.py:2941} INFO - Sync 1 DAGs
[2023-12-07T16:50:21.881+0000] {logging_mixin.py:154} INFO - [2023-12-07T16:50:21.881+0000] {dag.py:3722} INFO - Setting next_dagrun for example_weekday_branch_operator to 2023-12-06T00:00:00+00:00, run_after=2023-12-07T00:00:00+00:00
[2023-12-07T16:50:21.903+0000] {processor.py:179} INFO - Processing /home/ubuntu/ec2_customer_chum_venv/lib/python3.10/site-packages/airflow/example_dags/example_branch_day_of_week_operator.py took 0.078 seconds
[2023-12-07T16:51:11.558+0000] {processor.py:157} INFO - Started process (PID=5083) to work on /home/ubuntu/ec2_customer_chum_venv/lib/python3.10/site-packages/airflow/example_dags/example_branch_day_of_week_operator.py
[2023-12-07T16:51:11.559+0000] {processor.py:829} INFO - Processing file /home/ubuntu/ec2_customer_chum_venv/lib/python3.10/site-packages/airflow/example_dags/example_branch_day_of_week_operator.py for tasks to queue
[2023-12-07T16:51:11.560+0000] {logging_mixin.py:154} INFO - [2023-12-07T16:51:11.560+0000] {dagbag.py:536} INFO - Filling up the DagBag from /home/ubuntu/ec2_customer_chum_venv/lib/python3.10/site-packages/airflow/example_dags/example_branch_day_of_week_operator.py
[2023-12-07T16:51:11.569+0000] {processor.py:839} INFO - DAG(s) dict_keys(['example_weekday_branch_operator']) retrieved from /home/ubuntu/ec2_customer_chum_venv/lib/python3.10/site-packages/airflow/example_dags/example_branch_day_of_week_operator.py
[2023-12-07T16:51:11.588+0000] {logging_mixin.py:154} INFO - [2023-12-07T16:51:11.587+0000] {dag.py:2941} INFO - Sync 1 DAGs
[2023-12-07T16:51:11.611+0000] {logging_mixin.py:154} INFO - [2023-12-07T16:51:11.610+0000] {dag.py:3722} INFO - Setting next_dagrun for example_weekday_branch_operator to 2023-12-06T00:00:00+00:00, run_after=2023-12-07T00:00:00+00:00
[2023-12-07T16:51:11.636+0000] {processor.py:179} INFO - Processing /home/ubuntu/ec2_customer_chum_venv/lib/python3.10/site-packages/airflow/example_dags/example_branch_day_of_week_operator.py took 0.081 seconds
[2023-12-07T16:52:02.109+0000] {processor.py:157} INFO - Started process (PID=5134) to work on /home/ubuntu/ec2_customer_chum_venv/lib/python3.10/site-packages/airflow/example_dags/example_branch_day_of_week_operator.py
[2023-12-07T16:52:02.111+0000] {processor.py:829} INFO - Processing file /home/ubuntu/ec2_customer_chum_venv/lib/python3.10/site-packages/airflow/example_dags/example_branch_day_of_week_operator.py for tasks to queue
[2023-12-07T16:52:02.112+0000] {logging_mixin.py:154} INFO - [2023-12-07T16:52:02.111+0000] {dagbag.py:536} INFO - Filling up the DagBag from /home/ubuntu/ec2_customer_chum_venv/lib/python3.10/site-packages/airflow/example_dags/example_branch_day_of_week_operator.py
[2023-12-07T16:52:02.120+0000] {processor.py:839} INFO - DAG(s) dict_keys(['example_weekday_branch_operator']) retrieved from /home/ubuntu/ec2_customer_chum_venv/lib/python3.10/site-packages/airflow/example_dags/example_branch_day_of_week_operator.py
[2023-12-07T16:52:02.140+0000] {logging_mixin.py:154} INFO - [2023-12-07T16:52:02.140+0000] {dag.py:2941} INFO - Sync 1 DAGs
[2023-12-07T16:52:02.164+0000] {logging_mixin.py:154} INFO - [2023-12-07T16:52:02.164+0000] {dag.py:3722} INFO - Setting next_dagrun for example_weekday_branch_operator to 2023-12-06T00:00:00+00:00, run_after=2023-12-07T00:00:00+00:00
[2023-12-07T16:52:02.192+0000] {processor.py:179} INFO - Processing /home/ubuntu/ec2_customer_chum_venv/lib/python3.10/site-packages/airflow/example_dags/example_branch_day_of_week_operator.py took 0.087 seconds
[2023-12-07T16:52:50.689+0000] {processor.py:157} INFO - Started process (PID=5186) to work on /home/ubuntu/ec2_customer_chum_venv/lib/python3.10/site-packages/airflow/example_dags/example_branch_day_of_week_operator.py
[2023-12-07T16:52:50.691+0000] {processor.py:829} INFO - Processing file /home/ubuntu/ec2_customer_chum_venv/lib/python3.10/site-packages/airflow/example_dags/example_branch_day_of_week_operator.py for tasks to queue
[2023-12-07T16:52:50.692+0000] {logging_mixin.py:154} INFO - [2023-12-07T16:52:50.691+0000] {dagbag.py:536} INFO - Filling up the DagBag from /home/ubuntu/ec2_customer_chum_venv/lib/python3.10/site-packages/airflow/example_dags/example_branch_day_of_week_operator.py
[2023-12-07T16:52:50.700+0000] {processor.py:839} INFO - DAG(s) dict_keys(['example_weekday_branch_operator']) retrieved from /home/ubuntu/ec2_customer_chum_venv/lib/python3.10/site-packages/airflow/example_dags/example_branch_day_of_week_operator.py
[2023-12-07T16:52:50.719+0000] {logging_mixin.py:154} INFO - [2023-12-07T16:52:50.718+0000] {dag.py:2941} INFO - Sync 1 DAGs
[2023-12-07T16:52:50.741+0000] {logging_mixin.py:154} INFO - [2023-12-07T16:52:50.741+0000] {dag.py:3722} INFO - Setting next_dagrun for example_weekday_branch_operator to 2023-12-06T00:00:00+00:00, run_after=2023-12-07T00:00:00+00:00
[2023-12-07T16:52:50.764+0000] {processor.py:179} INFO - Processing /home/ubuntu/ec2_customer_chum_venv/lib/python3.10/site-packages/airflow/example_dags/example_branch_day_of_week_operator.py took 0.078 seconds
[2023-12-07T16:54:03.907+0000] {processor.py:157} INFO - Started process (PID=5249) to work on /home/ubuntu/ec2_customer_chum_venv/lib/python3.10/site-packages/airflow/example_dags/example_branch_day_of_week_operator.py
[2023-12-07T16:54:03.909+0000] {processor.py:829} INFO - Processing file /home/ubuntu/ec2_customer_chum_venv/lib/python3.10/site-packages/airflow/example_dags/example_branch_day_of_week_operator.py for tasks to queue
[2023-12-07T16:54:03.910+0000] {logging_mixin.py:154} INFO - [2023-12-07T16:54:03.910+0000] {dagbag.py:536} INFO - Filling up the DagBag from /home/ubuntu/ec2_customer_chum_venv/lib/python3.10/site-packages/airflow/example_dags/example_branch_day_of_week_operator.py
[2023-12-07T16:54:03.919+0000] {processor.py:839} INFO - DAG(s) dict_keys(['example_weekday_branch_operator']) retrieved from /home/ubuntu/ec2_customer_chum_venv/lib/python3.10/site-packages/airflow/example_dags/example_branch_day_of_week_operator.py
[2023-12-07T16:54:03.940+0000] {logging_mixin.py:154} INFO - [2023-12-07T16:54:03.940+0000] {dag.py:2941} INFO - Sync 1 DAGs
[2023-12-07T16:54:03.964+0000] {logging_mixin.py:154} INFO - [2023-12-07T16:54:03.964+0000] {dag.py:3722} INFO - Setting next_dagrun for example_weekday_branch_operator to 2023-12-06T00:00:00+00:00, run_after=2023-12-07T00:00:00+00:00
[2023-12-07T16:54:03.988+0000] {processor.py:179} INFO - Processing /home/ubuntu/ec2_customer_chum_venv/lib/python3.10/site-packages/airflow/example_dags/example_branch_day_of_week_operator.py took 0.084 seconds
[2023-12-07T16:54:49.377+0000] {processor.py:157} INFO - Started process (PID=5298) to work on /home/ubuntu/ec2_customer_chum_venv/lib/python3.10/site-packages/airflow/example_dags/example_branch_day_of_week_operator.py
[2023-12-07T16:54:49.378+0000] {processor.py:829} INFO - Processing file /home/ubuntu/ec2_customer_chum_venv/lib/python3.10/site-packages/airflow/example_dags/example_branch_day_of_week_operator.py for tasks to queue
[2023-12-07T16:54:49.379+0000] {logging_mixin.py:154} INFO - [2023-12-07T16:54:49.378+0000] {dagbag.py:536} INFO - Filling up the DagBag from /home/ubuntu/ec2_customer_chum_venv/lib/python3.10/site-packages/airflow/example_dags/example_branch_day_of_week_operator.py
[2023-12-07T16:54:49.387+0000] {processor.py:839} INFO - DAG(s) dict_keys(['example_weekday_branch_operator']) retrieved from /home/ubuntu/ec2_customer_chum_venv/lib/python3.10/site-packages/airflow/example_dags/example_branch_day_of_week_operator.py
[2023-12-07T16:54:49.405+0000] {logging_mixin.py:154} INFO - [2023-12-07T16:54:49.405+0000] {dag.py:2941} INFO - Sync 1 DAGs
[2023-12-07T16:54:49.427+0000] {logging_mixin.py:154} INFO - [2023-12-07T16:54:49.427+0000] {dag.py:3722} INFO - Setting next_dagrun for example_weekday_branch_operator to 2023-12-06T00:00:00+00:00, run_after=2023-12-07T00:00:00+00:00
[2023-12-07T16:54:49.451+0000] {processor.py:179} INFO - Processing /home/ubuntu/ec2_customer_chum_venv/lib/python3.10/site-packages/airflow/example_dags/example_branch_day_of_week_operator.py took 0.078 seconds
[2023-12-07T16:55:35.229+0000] {processor.py:157} INFO - Started process (PID=5345) to work on /home/ubuntu/ec2_customer_chum_venv/lib/python3.10/site-packages/airflow/example_dags/example_branch_day_of_week_operator.py
[2023-12-07T16:55:35.231+0000] {processor.py:829} INFO - Processing file /home/ubuntu/ec2_customer_chum_venv/lib/python3.10/site-packages/airflow/example_dags/example_branch_day_of_week_operator.py for tasks to queue
[2023-12-07T16:55:35.232+0000] {logging_mixin.py:154} INFO - [2023-12-07T16:55:35.231+0000] {dagbag.py:536} INFO - Filling up the DagBag from /home/ubuntu/ec2_customer_chum_venv/lib/python3.10/site-packages/airflow/example_dags/example_branch_day_of_week_operator.py
[2023-12-07T16:55:35.240+0000] {processor.py:839} INFO - DAG(s) dict_keys(['example_weekday_branch_operator']) retrieved from /home/ubuntu/ec2_customer_chum_venv/lib/python3.10/site-packages/airflow/example_dags/example_branch_day_of_week_operator.py
[2023-12-07T16:55:35.259+0000] {logging_mixin.py:154} INFO - [2023-12-07T16:55:35.259+0000] {dag.py:2941} INFO - Sync 1 DAGs
[2023-12-07T16:55:35.282+0000] {logging_mixin.py:154} INFO - [2023-12-07T16:55:35.281+0000] {dag.py:3722} INFO - Setting next_dagrun for example_weekday_branch_operator to 2023-12-06T00:00:00+00:00, run_after=2023-12-07T00:00:00+00:00
[2023-12-07T16:55:35.308+0000] {processor.py:179} INFO - Processing /home/ubuntu/ec2_customer_chum_venv/lib/python3.10/site-packages/airflow/example_dags/example_branch_day_of_week_operator.py took 0.082 seconds
[2023-12-07T16:56:19.706+0000] {processor.py:157} INFO - Started process (PID=5391) to work on /home/ubuntu/ec2_customer_chum_venv/lib/python3.10/site-packages/airflow/example_dags/example_branch_day_of_week_operator.py
[2023-12-07T16:56:19.708+0000] {processor.py:829} INFO - Processing file /home/ubuntu/ec2_customer_chum_venv/lib/python3.10/site-packages/airflow/example_dags/example_branch_day_of_week_operator.py for tasks to queue
[2023-12-07T16:56:19.709+0000] {logging_mixin.py:154} INFO - [2023-12-07T16:56:19.708+0000] {dagbag.py:536} INFO - Filling up the DagBag from /home/ubuntu/ec2_customer_chum_venv/lib/python3.10/site-packages/airflow/example_dags/example_branch_day_of_week_operator.py
[2023-12-07T16:56:19.717+0000] {processor.py:839} INFO - DAG(s) dict_keys(['example_weekday_branch_operator']) retrieved from /home/ubuntu/ec2_customer_chum_venv/lib/python3.10/site-packages/airflow/example_dags/example_branch_day_of_week_operator.py
[2023-12-07T16:56:19.736+0000] {logging_mixin.py:154} INFO - [2023-12-07T16:56:19.736+0000] {dag.py:2941} INFO - Sync 1 DAGs
[2023-12-07T16:56:19.759+0000] {logging_mixin.py:154} INFO - [2023-12-07T16:56:19.759+0000] {dag.py:3722} INFO - Setting next_dagrun for example_weekday_branch_operator to 2023-12-06T00:00:00+00:00, run_after=2023-12-07T00:00:00+00:00
[2023-12-07T16:56:19.782+0000] {processor.py:179} INFO - Processing /home/ubuntu/ec2_customer_chum_venv/lib/python3.10/site-packages/airflow/example_dags/example_branch_day_of_week_operator.py took 0.079 seconds
[2023-12-07T16:57:02.628+0000] {processor.py:157} INFO - Started process (PID=5437) to work on /home/ubuntu/ec2_customer_chum_venv/lib/python3.10/site-packages/airflow/example_dags/example_branch_day_of_week_operator.py
[2023-12-07T16:57:02.629+0000] {processor.py:829} INFO - Processing file /home/ubuntu/ec2_customer_chum_venv/lib/python3.10/site-packages/airflow/example_dags/example_branch_day_of_week_operator.py for tasks to queue
[2023-12-07T16:57:02.630+0000] {logging_mixin.py:154} INFO - [2023-12-07T16:57:02.629+0000] {dagbag.py:536} INFO - Filling up the DagBag from /home/ubuntu/ec2_customer_chum_venv/lib/python3.10/site-packages/airflow/example_dags/example_branch_day_of_week_operator.py
[2023-12-07T16:57:02.638+0000] {processor.py:839} INFO - DAG(s) dict_keys(['example_weekday_branch_operator']) retrieved from /home/ubuntu/ec2_customer_chum_venv/lib/python3.10/site-packages/airflow/example_dags/example_branch_day_of_week_operator.py
[2023-12-07T16:57:02.658+0000] {logging_mixin.py:154} INFO - [2023-12-07T16:57:02.658+0000] {dag.py:2941} INFO - Sync 1 DAGs
[2023-12-07T16:57:02.681+0000] {logging_mixin.py:154} INFO - [2023-12-07T16:57:02.681+0000] {dag.py:3722} INFO - Setting next_dagrun for example_weekday_branch_operator to 2023-12-06T00:00:00+00:00, run_after=2023-12-07T00:00:00+00:00
[2023-12-07T16:57:02.706+0000] {processor.py:179} INFO - Processing /home/ubuntu/ec2_customer_chum_venv/lib/python3.10/site-packages/airflow/example_dags/example_branch_day_of_week_operator.py took 0.082 seconds
[2023-12-07T16:57:45.776+0000] {processor.py:157} INFO - Started process (PID=5484) to work on /home/ubuntu/ec2_customer_chum_venv/lib/python3.10/site-packages/airflow/example_dags/example_branch_day_of_week_operator.py
[2023-12-07T16:57:45.778+0000] {processor.py:829} INFO - Processing file /home/ubuntu/ec2_customer_chum_venv/lib/python3.10/site-packages/airflow/example_dags/example_branch_day_of_week_operator.py for tasks to queue
[2023-12-07T16:57:45.778+0000] {logging_mixin.py:154} INFO - [2023-12-07T16:57:45.778+0000] {dagbag.py:536} INFO - Filling up the DagBag from /home/ubuntu/ec2_customer_chum_venv/lib/python3.10/site-packages/airflow/example_dags/example_branch_day_of_week_operator.py
[2023-12-07T16:57:45.787+0000] {processor.py:839} INFO - DAG(s) dict_keys(['example_weekday_branch_operator']) retrieved from /home/ubuntu/ec2_customer_chum_venv/lib/python3.10/site-packages/airflow/example_dags/example_branch_day_of_week_operator.py
[2023-12-07T16:57:45.806+0000] {logging_mixin.py:154} INFO - [2023-12-07T16:57:45.806+0000] {dag.py:2941} INFO - Sync 1 DAGs
[2023-12-07T16:57:45.829+0000] {logging_mixin.py:154} INFO - [2023-12-07T16:57:45.828+0000] {dag.py:3722} INFO - Setting next_dagrun for example_weekday_branch_operator to 2023-12-06T00:00:00+00:00, run_after=2023-12-07T00:00:00+00:00
[2023-12-07T16:57:45.851+0000] {processor.py:179} INFO - Processing /home/ubuntu/ec2_customer_chum_venv/lib/python3.10/site-packages/airflow/example_dags/example_branch_day_of_week_operator.py took 0.078 seconds
[2023-12-07T16:58:32.752+0000] {processor.py:157} INFO - Started process (PID=5532) to work on /home/ubuntu/ec2_customer_chum_venv/lib/python3.10/site-packages/airflow/example_dags/example_branch_day_of_week_operator.py
[2023-12-07T16:58:32.754+0000] {processor.py:829} INFO - Processing file /home/ubuntu/ec2_customer_chum_venv/lib/python3.10/site-packages/airflow/example_dags/example_branch_day_of_week_operator.py for tasks to queue
[2023-12-07T16:58:32.754+0000] {logging_mixin.py:154} INFO - [2023-12-07T16:58:32.754+0000] {dagbag.py:536} INFO - Filling up the DagBag from /home/ubuntu/ec2_customer_chum_venv/lib/python3.10/site-packages/airflow/example_dags/example_branch_day_of_week_operator.py
[2023-12-07T16:58:32.763+0000] {processor.py:839} INFO - DAG(s) dict_keys(['example_weekday_branch_operator']) retrieved from /home/ubuntu/ec2_customer_chum_venv/lib/python3.10/site-packages/airflow/example_dags/example_branch_day_of_week_operator.py
[2023-12-07T16:58:32.781+0000] {logging_mixin.py:154} INFO - [2023-12-07T16:58:32.781+0000] {dag.py:2941} INFO - Sync 1 DAGs
[2023-12-07T16:58:32.803+0000] {logging_mixin.py:154} INFO - [2023-12-07T16:58:32.802+0000] {dag.py:3722} INFO - Setting next_dagrun for example_weekday_branch_operator to 2023-12-06T00:00:00+00:00, run_after=2023-12-07T00:00:00+00:00
[2023-12-07T16:58:32.826+0000] {processor.py:179} INFO - Processing /home/ubuntu/ec2_customer_chum_venv/lib/python3.10/site-packages/airflow/example_dags/example_branch_day_of_week_operator.py took 0.078 seconds
[2023-12-07T16:59:13.659+0000] {processor.py:157} INFO - Started process (PID=5576) to work on /home/ubuntu/ec2_customer_chum_venv/lib/python3.10/site-packages/airflow/example_dags/example_branch_day_of_week_operator.py
[2023-12-07T16:59:13.660+0000] {processor.py:829} INFO - Processing file /home/ubuntu/ec2_customer_chum_venv/lib/python3.10/site-packages/airflow/example_dags/example_branch_day_of_week_operator.py for tasks to queue
[2023-12-07T16:59:13.661+0000] {logging_mixin.py:154} INFO - [2023-12-07T16:59:13.661+0000] {dagbag.py:536} INFO - Filling up the DagBag from /home/ubuntu/ec2_customer_chum_venv/lib/python3.10/site-packages/airflow/example_dags/example_branch_day_of_week_operator.py
[2023-12-07T16:59:13.670+0000] {processor.py:839} INFO - DAG(s) dict_keys(['example_weekday_branch_operator']) retrieved from /home/ubuntu/ec2_customer_chum_venv/lib/python3.10/site-packages/airflow/example_dags/example_branch_day_of_week_operator.py
[2023-12-07T16:59:13.688+0000] {logging_mixin.py:154} INFO - [2023-12-07T16:59:13.687+0000] {dag.py:2941} INFO - Sync 1 DAGs
[2023-12-07T16:59:13.710+0000] {logging_mixin.py:154} INFO - [2023-12-07T16:59:13.710+0000] {dag.py:3722} INFO - Setting next_dagrun for example_weekday_branch_operator to 2023-12-06T00:00:00+00:00, run_after=2023-12-07T00:00:00+00:00
[2023-12-07T16:59:13.732+0000] {processor.py:179} INFO - Processing /home/ubuntu/ec2_customer_chum_venv/lib/python3.10/site-packages/airflow/example_dags/example_branch_day_of_week_operator.py took 0.077 seconds
[2023-12-07T16:59:57.860+0000] {processor.py:157} INFO - Started process (PID=5622) to work on /home/ubuntu/ec2_customer_chum_venv/lib/python3.10/site-packages/airflow/example_dags/example_branch_day_of_week_operator.py
[2023-12-07T16:59:57.861+0000] {processor.py:829} INFO - Processing file /home/ubuntu/ec2_customer_chum_venv/lib/python3.10/site-packages/airflow/example_dags/example_branch_day_of_week_operator.py for tasks to queue
[2023-12-07T16:59:57.862+0000] {logging_mixin.py:154} INFO - [2023-12-07T16:59:57.862+0000] {dagbag.py:536} INFO - Filling up the DagBag from /home/ubuntu/ec2_customer_chum_venv/lib/python3.10/site-packages/airflow/example_dags/example_branch_day_of_week_operator.py
[2023-12-07T16:59:57.871+0000] {processor.py:839} INFO - DAG(s) dict_keys(['example_weekday_branch_operator']) retrieved from /home/ubuntu/ec2_customer_chum_venv/lib/python3.10/site-packages/airflow/example_dags/example_branch_day_of_week_operator.py
[2023-12-07T16:59:57.890+0000] {logging_mixin.py:154} INFO - [2023-12-07T16:59:57.890+0000] {dag.py:2941} INFO - Sync 1 DAGs
[2023-12-07T16:59:57.912+0000] {logging_mixin.py:154} INFO - [2023-12-07T16:59:57.912+0000] {dag.py:3722} INFO - Setting next_dagrun for example_weekday_branch_operator to 2023-12-06T00:00:00+00:00, run_after=2023-12-07T00:00:00+00:00
[2023-12-07T16:59:57.935+0000] {processor.py:179} INFO - Processing /home/ubuntu/ec2_customer_chum_venv/lib/python3.10/site-packages/airflow/example_dags/example_branch_day_of_week_operator.py took 0.078 seconds
[2023-12-07T17:00:43.354+0000] {processor.py:157} INFO - Started process (PID=5668) to work on /home/ubuntu/ec2_customer_chum_venv/lib/python3.10/site-packages/airflow/example_dags/example_branch_day_of_week_operator.py
[2023-12-07T17:00:43.355+0000] {processor.py:829} INFO - Processing file /home/ubuntu/ec2_customer_chum_venv/lib/python3.10/site-packages/airflow/example_dags/example_branch_day_of_week_operator.py for tasks to queue
[2023-12-07T17:00:43.356+0000] {logging_mixin.py:154} INFO - [2023-12-07T17:00:43.356+0000] {dagbag.py:536} INFO - Filling up the DagBag from /home/ubuntu/ec2_customer_chum_venv/lib/python3.10/site-packages/airflow/example_dags/example_branch_day_of_week_operator.py
[2023-12-07T17:00:43.365+0000] {processor.py:839} INFO - DAG(s) dict_keys(['example_weekday_branch_operator']) retrieved from /home/ubuntu/ec2_customer_chum_venv/lib/python3.10/site-packages/airflow/example_dags/example_branch_day_of_week_operator.py
[2023-12-07T17:00:43.384+0000] {logging_mixin.py:154} INFO - [2023-12-07T17:00:43.384+0000] {dag.py:2941} INFO - Sync 1 DAGs
[2023-12-07T17:00:43.408+0000] {logging_mixin.py:154} INFO - [2023-12-07T17:00:43.407+0000] {dag.py:3722} INFO - Setting next_dagrun for example_weekday_branch_operator to 2023-12-06T00:00:00+00:00, run_after=2023-12-07T00:00:00+00:00
[2023-12-07T17:00:43.430+0000] {processor.py:179} INFO - Processing /home/ubuntu/ec2_customer_chum_venv/lib/python3.10/site-packages/airflow/example_dags/example_branch_day_of_week_operator.py took 0.079 seconds
[2023-12-07T17:01:31.104+0000] {processor.py:157} INFO - Started process (PID=5716) to work on /home/ubuntu/ec2_customer_chum_venv/lib/python3.10/site-packages/airflow/example_dags/example_branch_day_of_week_operator.py
[2023-12-07T17:01:31.105+0000] {processor.py:829} INFO - Processing file /home/ubuntu/ec2_customer_chum_venv/lib/python3.10/site-packages/airflow/example_dags/example_branch_day_of_week_operator.py for tasks to queue
[2023-12-07T17:01:31.106+0000] {logging_mixin.py:154} INFO - [2023-12-07T17:01:31.106+0000] {dagbag.py:536} INFO - Filling up the DagBag from /home/ubuntu/ec2_customer_chum_venv/lib/python3.10/site-packages/airflow/example_dags/example_branch_day_of_week_operator.py
[2023-12-07T17:01:31.114+0000] {processor.py:839} INFO - DAG(s) dict_keys(['example_weekday_branch_operator']) retrieved from /home/ubuntu/ec2_customer_chum_venv/lib/python3.10/site-packages/airflow/example_dags/example_branch_day_of_week_operator.py
[2023-12-07T17:01:31.133+0000] {logging_mixin.py:154} INFO - [2023-12-07T17:01:31.133+0000] {dag.py:2941} INFO - Sync 1 DAGs
[2023-12-07T17:01:31.156+0000] {logging_mixin.py:154} INFO - [2023-12-07T17:01:31.155+0000] {dag.py:3722} INFO - Setting next_dagrun for example_weekday_branch_operator to 2023-12-06T00:00:00+00:00, run_after=2023-12-07T00:00:00+00:00
[2023-12-07T17:01:31.178+0000] {processor.py:179} INFO - Processing /home/ubuntu/ec2_customer_chum_venv/lib/python3.10/site-packages/airflow/example_dags/example_branch_day_of_week_operator.py took 0.078 seconds
[2023-12-07T17:02:16.929+0000] {processor.py:157} INFO - Started process (PID=5762) to work on /home/ubuntu/ec2_customer_chum_venv/lib/python3.10/site-packages/airflow/example_dags/example_branch_day_of_week_operator.py
[2023-12-07T17:02:16.931+0000] {processor.py:829} INFO - Processing file /home/ubuntu/ec2_customer_chum_venv/lib/python3.10/site-packages/airflow/example_dags/example_branch_day_of_week_operator.py for tasks to queue
[2023-12-07T17:02:16.931+0000] {logging_mixin.py:154} INFO - [2023-12-07T17:02:16.931+0000] {dagbag.py:536} INFO - Filling up the DagBag from /home/ubuntu/ec2_customer_chum_venv/lib/python3.10/site-packages/airflow/example_dags/example_branch_day_of_week_operator.py
[2023-12-07T17:02:16.940+0000] {processor.py:839} INFO - DAG(s) dict_keys(['example_weekday_branch_operator']) retrieved from /home/ubuntu/ec2_customer_chum_venv/lib/python3.10/site-packages/airflow/example_dags/example_branch_day_of_week_operator.py
[2023-12-07T17:02:16.959+0000] {logging_mixin.py:154} INFO - [2023-12-07T17:02:16.958+0000] {dag.py:2941} INFO - Sync 1 DAGs
[2023-12-07T17:02:16.981+0000] {logging_mixin.py:154} INFO - [2023-12-07T17:02:16.981+0000] {dag.py:3722} INFO - Setting next_dagrun for example_weekday_branch_operator to 2023-12-06T00:00:00+00:00, run_after=2023-12-07T00:00:00+00:00
[2023-12-07T17:02:17.005+0000] {processor.py:179} INFO - Processing /home/ubuntu/ec2_customer_chum_venv/lib/python3.10/site-packages/airflow/example_dags/example_branch_day_of_week_operator.py took 0.079 seconds
[2023-12-07T17:03:04.400+0000] {processor.py:157} INFO - Started process (PID=5810) to work on /home/ubuntu/ec2_customer_chum_venv/lib/python3.10/site-packages/airflow/example_dags/example_branch_day_of_week_operator.py
[2023-12-07T17:03:04.401+0000] {processor.py:829} INFO - Processing file /home/ubuntu/ec2_customer_chum_venv/lib/python3.10/site-packages/airflow/example_dags/example_branch_day_of_week_operator.py for tasks to queue
[2023-12-07T17:03:04.402+0000] {logging_mixin.py:154} INFO - [2023-12-07T17:03:04.401+0000] {dagbag.py:536} INFO - Filling up the DagBag from /home/ubuntu/ec2_customer_chum_venv/lib/python3.10/site-packages/airflow/example_dags/example_branch_day_of_week_operator.py
[2023-12-07T17:03:04.410+0000] {processor.py:839} INFO - DAG(s) dict_keys(['example_weekday_branch_operator']) retrieved from /home/ubuntu/ec2_customer_chum_venv/lib/python3.10/site-packages/airflow/example_dags/example_branch_day_of_week_operator.py
[2023-12-07T17:03:04.429+0000] {logging_mixin.py:154} INFO - [2023-12-07T17:03:04.429+0000] {dag.py:2941} INFO - Sync 1 DAGs
[2023-12-07T17:03:04.452+0000] {logging_mixin.py:154} INFO - [2023-12-07T17:03:04.451+0000] {dag.py:3722} INFO - Setting next_dagrun for example_weekday_branch_operator to 2023-12-06T00:00:00+00:00, run_after=2023-12-07T00:00:00+00:00
[2023-12-07T17:03:04.475+0000] {processor.py:179} INFO - Processing /home/ubuntu/ec2_customer_chum_venv/lib/python3.10/site-packages/airflow/example_dags/example_branch_day_of_week_operator.py took 0.079 seconds
[2023-12-07T17:03:50.778+0000] {processor.py:157} INFO - Started process (PID=5859) to work on /home/ubuntu/ec2_customer_chum_venv/lib/python3.10/site-packages/airflow/example_dags/example_branch_day_of_week_operator.py
[2023-12-07T17:03:50.779+0000] {processor.py:829} INFO - Processing file /home/ubuntu/ec2_customer_chum_venv/lib/python3.10/site-packages/airflow/example_dags/example_branch_day_of_week_operator.py for tasks to queue
[2023-12-07T17:03:50.780+0000] {logging_mixin.py:154} INFO - [2023-12-07T17:03:50.780+0000] {dagbag.py:536} INFO - Filling up the DagBag from /home/ubuntu/ec2_customer_chum_venv/lib/python3.10/site-packages/airflow/example_dags/example_branch_day_of_week_operator.py
[2023-12-07T17:03:50.789+0000] {processor.py:839} INFO - DAG(s) dict_keys(['example_weekday_branch_operator']) retrieved from /home/ubuntu/ec2_customer_chum_venv/lib/python3.10/site-packages/airflow/example_dags/example_branch_day_of_week_operator.py
[2023-12-07T17:03:50.807+0000] {logging_mixin.py:154} INFO - [2023-12-07T17:03:50.807+0000] {dag.py:2941} INFO - Sync 1 DAGs
[2023-12-07T17:03:50.830+0000] {logging_mixin.py:154} INFO - [2023-12-07T17:03:50.830+0000] {dag.py:3722} INFO - Setting next_dagrun for example_weekday_branch_operator to 2023-12-06T00:00:00+00:00, run_after=2023-12-07T00:00:00+00:00
[2023-12-07T17:03:50.854+0000] {processor.py:179} INFO - Processing /home/ubuntu/ec2_customer_chum_venv/lib/python3.10/site-packages/airflow/example_dags/example_branch_day_of_week_operator.py took 0.079 seconds
[2023-12-07T17:04:33.237+0000] {processor.py:157} INFO - Started process (PID=5903) to work on /home/ubuntu/ec2_customer_chum_venv/lib/python3.10/site-packages/airflow/example_dags/example_branch_day_of_week_operator.py
[2023-12-07T17:04:33.239+0000] {processor.py:829} INFO - Processing file /home/ubuntu/ec2_customer_chum_venv/lib/python3.10/site-packages/airflow/example_dags/example_branch_day_of_week_operator.py for tasks to queue
[2023-12-07T17:04:33.239+0000] {logging_mixin.py:154} INFO - [2023-12-07T17:04:33.239+0000] {dagbag.py:536} INFO - Filling up the DagBag from /home/ubuntu/ec2_customer_chum_venv/lib/python3.10/site-packages/airflow/example_dags/example_branch_day_of_week_operator.py
[2023-12-07T17:04:33.248+0000] {processor.py:839} INFO - DAG(s) dict_keys(['example_weekday_branch_operator']) retrieved from /home/ubuntu/ec2_customer_chum_venv/lib/python3.10/site-packages/airflow/example_dags/example_branch_day_of_week_operator.py
[2023-12-07T17:04:33.267+0000] {logging_mixin.py:154} INFO - [2023-12-07T17:04:33.266+0000] {dag.py:2941} INFO - Sync 1 DAGs
[2023-12-07T17:04:33.289+0000] {logging_mixin.py:154} INFO - [2023-12-07T17:04:33.288+0000] {dag.py:3722} INFO - Setting next_dagrun for example_weekday_branch_operator to 2023-12-06T00:00:00+00:00, run_after=2023-12-07T00:00:00+00:00
[2023-12-07T17:04:33.312+0000] {processor.py:179} INFO - Processing /home/ubuntu/ec2_customer_chum_venv/lib/python3.10/site-packages/airflow/example_dags/example_branch_day_of_week_operator.py took 0.078 seconds
[2023-12-07T17:05:16.960+0000] {processor.py:157} INFO - Started process (PID=5950) to work on /home/ubuntu/ec2_customer_chum_venv/lib/python3.10/site-packages/airflow/example_dags/example_branch_day_of_week_operator.py
[2023-12-07T17:05:16.962+0000] {processor.py:829} INFO - Processing file /home/ubuntu/ec2_customer_chum_venv/lib/python3.10/site-packages/airflow/example_dags/example_branch_day_of_week_operator.py for tasks to queue
[2023-12-07T17:05:16.963+0000] {logging_mixin.py:154} INFO - [2023-12-07T17:05:16.962+0000] {dagbag.py:536} INFO - Filling up the DagBag from /home/ubuntu/ec2_customer_chum_venv/lib/python3.10/site-packages/airflow/example_dags/example_branch_day_of_week_operator.py
[2023-12-07T17:05:16.971+0000] {processor.py:839} INFO - DAG(s) dict_keys(['example_weekday_branch_operator']) retrieved from /home/ubuntu/ec2_customer_chum_venv/lib/python3.10/site-packages/airflow/example_dags/example_branch_day_of_week_operator.py
[2023-12-07T17:05:16.990+0000] {logging_mixin.py:154} INFO - [2023-12-07T17:05:16.990+0000] {dag.py:2941} INFO - Sync 1 DAGs
[2023-12-07T17:05:17.013+0000] {logging_mixin.py:154} INFO - [2023-12-07T17:05:17.013+0000] {dag.py:3722} INFO - Setting next_dagrun for example_weekday_branch_operator to 2023-12-06T00:00:00+00:00, run_after=2023-12-07T00:00:00+00:00
[2023-12-07T17:05:17.036+0000] {processor.py:179} INFO - Processing /home/ubuntu/ec2_customer_chum_venv/lib/python3.10/site-packages/airflow/example_dags/example_branch_day_of_week_operator.py took 0.079 seconds
[2023-12-07T17:06:00.971+0000] {processor.py:157} INFO - Started process (PID=5995) to work on /home/ubuntu/ec2_customer_chum_venv/lib/python3.10/site-packages/airflow/example_dags/example_branch_day_of_week_operator.py
[2023-12-07T17:06:00.973+0000] {processor.py:829} INFO - Processing file /home/ubuntu/ec2_customer_chum_venv/lib/python3.10/site-packages/airflow/example_dags/example_branch_day_of_week_operator.py for tasks to queue
[2023-12-07T17:06:00.974+0000] {logging_mixin.py:154} INFO - [2023-12-07T17:06:00.973+0000] {dagbag.py:536} INFO - Filling up the DagBag from /home/ubuntu/ec2_customer_chum_venv/lib/python3.10/site-packages/airflow/example_dags/example_branch_day_of_week_operator.py
[2023-12-07T17:06:00.982+0000] {processor.py:839} INFO - DAG(s) dict_keys(['example_weekday_branch_operator']) retrieved from /home/ubuntu/ec2_customer_chum_venv/lib/python3.10/site-packages/airflow/example_dags/example_branch_day_of_week_operator.py
[2023-12-07T17:06:01.002+0000] {logging_mixin.py:154} INFO - [2023-12-07T17:06:01.001+0000] {dag.py:2941} INFO - Sync 1 DAGs
[2023-12-07T17:06:01.025+0000] {logging_mixin.py:154} INFO - [2023-12-07T17:06:01.024+0000] {dag.py:3722} INFO - Setting next_dagrun for example_weekday_branch_operator to 2023-12-06T00:00:00+00:00, run_after=2023-12-07T00:00:00+00:00
[2023-12-07T17:06:01.049+0000] {processor.py:179} INFO - Processing /home/ubuntu/ec2_customer_chum_venv/lib/python3.10/site-packages/airflow/example_dags/example_branch_day_of_week_operator.py took 0.081 seconds
[2023-12-07T17:06:45.249+0000] {processor.py:157} INFO - Started process (PID=6041) to work on /home/ubuntu/ec2_customer_chum_venv/lib/python3.10/site-packages/airflow/example_dags/example_branch_day_of_week_operator.py
[2023-12-07T17:06:45.251+0000] {processor.py:829} INFO - Processing file /home/ubuntu/ec2_customer_chum_venv/lib/python3.10/site-packages/airflow/example_dags/example_branch_day_of_week_operator.py for tasks to queue
[2023-12-07T17:06:45.251+0000] {logging_mixin.py:154} INFO - [2023-12-07T17:06:45.251+0000] {dagbag.py:536} INFO - Filling up the DagBag from /home/ubuntu/ec2_customer_chum_venv/lib/python3.10/site-packages/airflow/example_dags/example_branch_day_of_week_operator.py
[2023-12-07T17:06:45.260+0000] {processor.py:839} INFO - DAG(s) dict_keys(['example_weekday_branch_operator']) retrieved from /home/ubuntu/ec2_customer_chum_venv/lib/python3.10/site-packages/airflow/example_dags/example_branch_day_of_week_operator.py
[2023-12-07T17:06:45.279+0000] {logging_mixin.py:154} INFO - [2023-12-07T17:06:45.278+0000] {dag.py:2941} INFO - Sync 1 DAGs
[2023-12-07T17:06:45.301+0000] {logging_mixin.py:154} INFO - [2023-12-07T17:06:45.301+0000] {dag.py:3722} INFO - Setting next_dagrun for example_weekday_branch_operator to 2023-12-06T00:00:00+00:00, run_after=2023-12-07T00:00:00+00:00
[2023-12-07T17:06:45.325+0000] {processor.py:179} INFO - Processing /home/ubuntu/ec2_customer_chum_venv/lib/python3.10/site-packages/airflow/example_dags/example_branch_day_of_week_operator.py took 0.080 seconds
[2023-12-07T17:07:34.832+0000] {processor.py:157} INFO - Started process (PID=6091) to work on /home/ubuntu/ec2_customer_chum_venv/lib/python3.10/site-packages/airflow/example_dags/example_branch_day_of_week_operator.py
[2023-12-07T17:07:34.833+0000] {processor.py:829} INFO - Processing file /home/ubuntu/ec2_customer_chum_venv/lib/python3.10/site-packages/airflow/example_dags/example_branch_day_of_week_operator.py for tasks to queue
[2023-12-07T17:07:34.834+0000] {logging_mixin.py:154} INFO - [2023-12-07T17:07:34.833+0000] {dagbag.py:536} INFO - Filling up the DagBag from /home/ubuntu/ec2_customer_chum_venv/lib/python3.10/site-packages/airflow/example_dags/example_branch_day_of_week_operator.py
[2023-12-07T17:07:34.842+0000] {processor.py:839} INFO - DAG(s) dict_keys(['example_weekday_branch_operator']) retrieved from /home/ubuntu/ec2_customer_chum_venv/lib/python3.10/site-packages/airflow/example_dags/example_branch_day_of_week_operator.py
[2023-12-07T17:07:34.861+0000] {logging_mixin.py:154} INFO - [2023-12-07T17:07:34.860+0000] {dag.py:2941} INFO - Sync 1 DAGs
[2023-12-07T17:07:34.883+0000] {logging_mixin.py:154} INFO - [2023-12-07T17:07:34.883+0000] {dag.py:3722} INFO - Setting next_dagrun for example_weekday_branch_operator to 2023-12-06T00:00:00+00:00, run_after=2023-12-07T00:00:00+00:00
[2023-12-07T17:07:34.905+0000] {processor.py:179} INFO - Processing /home/ubuntu/ec2_customer_chum_venv/lib/python3.10/site-packages/airflow/example_dags/example_branch_day_of_week_operator.py took 0.077 seconds
[2023-12-07T17:08:19.430+0000] {processor.py:157} INFO - Started process (PID=6137) to work on /home/ubuntu/ec2_customer_chum_venv/lib/python3.10/site-packages/airflow/example_dags/example_branch_day_of_week_operator.py
[2023-12-07T17:08:19.432+0000] {processor.py:829} INFO - Processing file /home/ubuntu/ec2_customer_chum_venv/lib/python3.10/site-packages/airflow/example_dags/example_branch_day_of_week_operator.py for tasks to queue
[2023-12-07T17:08:19.433+0000] {logging_mixin.py:154} INFO - [2023-12-07T17:08:19.432+0000] {dagbag.py:536} INFO - Filling up the DagBag from /home/ubuntu/ec2_customer_chum_venv/lib/python3.10/site-packages/airflow/example_dags/example_branch_day_of_week_operator.py
[2023-12-07T17:08:19.441+0000] {processor.py:839} INFO - DAG(s) dict_keys(['example_weekday_branch_operator']) retrieved from /home/ubuntu/ec2_customer_chum_venv/lib/python3.10/site-packages/airflow/example_dags/example_branch_day_of_week_operator.py
[2023-12-07T17:08:19.459+0000] {logging_mixin.py:154} INFO - [2023-12-07T17:08:19.459+0000] {dag.py:2941} INFO - Sync 1 DAGs
[2023-12-07T17:08:19.481+0000] {logging_mixin.py:154} INFO - [2023-12-07T17:08:19.480+0000] {dag.py:3722} INFO - Setting next_dagrun for example_weekday_branch_operator to 2023-12-06T00:00:00+00:00, run_after=2023-12-07T00:00:00+00:00
[2023-12-07T17:08:19.505+0000] {processor.py:179} INFO - Processing /home/ubuntu/ec2_customer_chum_venv/lib/python3.10/site-packages/airflow/example_dags/example_branch_day_of_week_operator.py took 0.078 seconds
[2023-12-07T17:09:06.146+0000] {processor.py:157} INFO - Started process (PID=6184) to work on /home/ubuntu/ec2_customer_chum_venv/lib/python3.10/site-packages/airflow/example_dags/example_branch_day_of_week_operator.py
[2023-12-07T17:09:06.147+0000] {processor.py:829} INFO - Processing file /home/ubuntu/ec2_customer_chum_venv/lib/python3.10/site-packages/airflow/example_dags/example_branch_day_of_week_operator.py for tasks to queue
[2023-12-07T17:09:06.148+0000] {logging_mixin.py:154} INFO - [2023-12-07T17:09:06.148+0000] {dagbag.py:536} INFO - Filling up the DagBag from /home/ubuntu/ec2_customer_chum_venv/lib/python3.10/site-packages/airflow/example_dags/example_branch_day_of_week_operator.py
[2023-12-07T17:09:06.157+0000] {processor.py:839} INFO - DAG(s) dict_keys(['example_weekday_branch_operator']) retrieved from /home/ubuntu/ec2_customer_chum_venv/lib/python3.10/site-packages/airflow/example_dags/example_branch_day_of_week_operator.py
[2023-12-07T17:09:06.176+0000] {logging_mixin.py:154} INFO - [2023-12-07T17:09:06.175+0000] {dag.py:2941} INFO - Sync 1 DAGs
[2023-12-07T17:09:06.198+0000] {logging_mixin.py:154} INFO - [2023-12-07T17:09:06.198+0000] {dag.py:3722} INFO - Setting next_dagrun for example_weekday_branch_operator to 2023-12-06T00:00:00+00:00, run_after=2023-12-07T00:00:00+00:00
[2023-12-07T17:09:06.223+0000] {processor.py:179} INFO - Processing /home/ubuntu/ec2_customer_chum_venv/lib/python3.10/site-packages/airflow/example_dags/example_branch_day_of_week_operator.py took 0.080 seconds
[2023-12-07T17:09:48.493+0000] {processor.py:157} INFO - Started process (PID=6230) to work on /home/ubuntu/ec2_customer_chum_venv/lib/python3.10/site-packages/airflow/example_dags/example_branch_day_of_week_operator.py
[2023-12-07T17:09:48.494+0000] {processor.py:829} INFO - Processing file /home/ubuntu/ec2_customer_chum_venv/lib/python3.10/site-packages/airflow/example_dags/example_branch_day_of_week_operator.py for tasks to queue
[2023-12-07T17:09:48.495+0000] {logging_mixin.py:154} INFO - [2023-12-07T17:09:48.494+0000] {dagbag.py:536} INFO - Filling up the DagBag from /home/ubuntu/ec2_customer_chum_venv/lib/python3.10/site-packages/airflow/example_dags/example_branch_day_of_week_operator.py
[2023-12-07T17:09:48.503+0000] {processor.py:839} INFO - DAG(s) dict_keys(['example_weekday_branch_operator']) retrieved from /home/ubuntu/ec2_customer_chum_venv/lib/python3.10/site-packages/airflow/example_dags/example_branch_day_of_week_operator.py
[2023-12-07T17:09:48.521+0000] {logging_mixin.py:154} INFO - [2023-12-07T17:09:48.521+0000] {dag.py:2941} INFO - Sync 1 DAGs
[2023-12-07T17:09:48.542+0000] {logging_mixin.py:154} INFO - [2023-12-07T17:09:48.542+0000] {dag.py:3722} INFO - Setting next_dagrun for example_weekday_branch_operator to 2023-12-06T00:00:00+00:00, run_after=2023-12-07T00:00:00+00:00
[2023-12-07T17:09:48.565+0000] {processor.py:179} INFO - Processing /home/ubuntu/ec2_customer_chum_venv/lib/python3.10/site-packages/airflow/example_dags/example_branch_day_of_week_operator.py took 0.076 seconds
[2023-12-07T17:10:34.743+0000] {processor.py:157} INFO - Started process (PID=6275) to work on /home/ubuntu/ec2_customer_chum_venv/lib/python3.10/site-packages/airflow/example_dags/example_branch_day_of_week_operator.py
[2023-12-07T17:10:34.744+0000] {processor.py:829} INFO - Processing file /home/ubuntu/ec2_customer_chum_venv/lib/python3.10/site-packages/airflow/example_dags/example_branch_day_of_week_operator.py for tasks to queue
[2023-12-07T17:10:34.745+0000] {logging_mixin.py:154} INFO - [2023-12-07T17:10:34.745+0000] {dagbag.py:536} INFO - Filling up the DagBag from /home/ubuntu/ec2_customer_chum_venv/lib/python3.10/site-packages/airflow/example_dags/example_branch_day_of_week_operator.py
[2023-12-07T17:10:34.753+0000] {processor.py:839} INFO - DAG(s) dict_keys(['example_weekday_branch_operator']) retrieved from /home/ubuntu/ec2_customer_chum_venv/lib/python3.10/site-packages/airflow/example_dags/example_branch_day_of_week_operator.py
[2023-12-07T17:10:34.772+0000] {logging_mixin.py:154} INFO - [2023-12-07T17:10:34.771+0000] {dag.py:2941} INFO - Sync 1 DAGs
[2023-12-07T17:10:34.793+0000] {logging_mixin.py:154} INFO - [2023-12-07T17:10:34.793+0000] {dag.py:3722} INFO - Setting next_dagrun for example_weekday_branch_operator to 2023-12-06T00:00:00+00:00, run_after=2023-12-07T00:00:00+00:00
[2023-12-07T17:10:34.817+0000] {processor.py:179} INFO - Processing /home/ubuntu/ec2_customer_chum_venv/lib/python3.10/site-packages/airflow/example_dags/example_branch_day_of_week_operator.py took 0.077 seconds
[2023-12-07T17:11:19.009+0000] {processor.py:157} INFO - Started process (PID=6321) to work on /home/ubuntu/ec2_customer_chum_venv/lib/python3.10/site-packages/airflow/example_dags/example_branch_day_of_week_operator.py
[2023-12-07T17:11:19.011+0000] {processor.py:829} INFO - Processing file /home/ubuntu/ec2_customer_chum_venv/lib/python3.10/site-packages/airflow/example_dags/example_branch_day_of_week_operator.py for tasks to queue
[2023-12-07T17:11:19.012+0000] {logging_mixin.py:154} INFO - [2023-12-07T17:11:19.012+0000] {dagbag.py:536} INFO - Filling up the DagBag from /home/ubuntu/ec2_customer_chum_venv/lib/python3.10/site-packages/airflow/example_dags/example_branch_day_of_week_operator.py
[2023-12-07T17:11:19.020+0000] {processor.py:839} INFO - DAG(s) dict_keys(['example_weekday_branch_operator']) retrieved from /home/ubuntu/ec2_customer_chum_venv/lib/python3.10/site-packages/airflow/example_dags/example_branch_day_of_week_operator.py
[2023-12-07T17:11:19.039+0000] {logging_mixin.py:154} INFO - [2023-12-07T17:11:19.039+0000] {dag.py:2941} INFO - Sync 1 DAGs
[2023-12-07T17:11:19.060+0000] {logging_mixin.py:154} INFO - [2023-12-07T17:11:19.060+0000] {dag.py:3722} INFO - Setting next_dagrun for example_weekday_branch_operator to 2023-12-06T00:00:00+00:00, run_after=2023-12-07T00:00:00+00:00
[2023-12-07T17:11:19.086+0000] {processor.py:179} INFO - Processing /home/ubuntu/ec2_customer_chum_venv/lib/python3.10/site-packages/airflow/example_dags/example_branch_day_of_week_operator.py took 0.080 seconds
[2023-12-07T17:12:04.943+0000] {processor.py:157} INFO - Started process (PID=6374) to work on /home/ubuntu/ec2_customer_chum_venv/lib/python3.10/site-packages/airflow/example_dags/example_branch_day_of_week_operator.py
[2023-12-07T17:12:04.944+0000] {processor.py:829} INFO - Processing file /home/ubuntu/ec2_customer_chum_venv/lib/python3.10/site-packages/airflow/example_dags/example_branch_day_of_week_operator.py for tasks to queue
[2023-12-07T17:12:04.945+0000] {logging_mixin.py:154} INFO - [2023-12-07T17:12:04.945+0000] {dagbag.py:536} INFO - Filling up the DagBag from /home/ubuntu/ec2_customer_chum_venv/lib/python3.10/site-packages/airflow/example_dags/example_branch_day_of_week_operator.py
[2023-12-07T17:12:04.954+0000] {processor.py:839} INFO - DAG(s) dict_keys(['example_weekday_branch_operator']) retrieved from /home/ubuntu/ec2_customer_chum_venv/lib/python3.10/site-packages/airflow/example_dags/example_branch_day_of_week_operator.py
[2023-12-07T17:12:04.972+0000] {logging_mixin.py:154} INFO - [2023-12-07T17:12:04.972+0000] {dag.py:2941} INFO - Sync 1 DAGs
[2023-12-07T17:12:04.995+0000] {logging_mixin.py:154} INFO - [2023-12-07T17:12:04.995+0000] {dag.py:3722} INFO - Setting next_dagrun for example_weekday_branch_operator to 2023-12-06T00:00:00+00:00, run_after=2023-12-07T00:00:00+00:00
[2023-12-07T17:12:05.021+0000] {processor.py:179} INFO - Processing /home/ubuntu/ec2_customer_chum_venv/lib/python3.10/site-packages/airflow/example_dags/example_branch_day_of_week_operator.py took 0.081 seconds
[2023-12-07T17:12:51.846+0000] {processor.py:157} INFO - Started process (PID=6423) to work on /home/ubuntu/ec2_customer_chum_venv/lib/python3.10/site-packages/airflow/example_dags/example_branch_day_of_week_operator.py
[2023-12-07T17:12:51.848+0000] {processor.py:829} INFO - Processing file /home/ubuntu/ec2_customer_chum_venv/lib/python3.10/site-packages/airflow/example_dags/example_branch_day_of_week_operator.py for tasks to queue
[2023-12-07T17:12:51.849+0000] {logging_mixin.py:154} INFO - [2023-12-07T17:12:51.848+0000] {dagbag.py:536} INFO - Filling up the DagBag from /home/ubuntu/ec2_customer_chum_venv/lib/python3.10/site-packages/airflow/example_dags/example_branch_day_of_week_operator.py
[2023-12-07T17:12:51.857+0000] {processor.py:839} INFO - DAG(s) dict_keys(['example_weekday_branch_operator']) retrieved from /home/ubuntu/ec2_customer_chum_venv/lib/python3.10/site-packages/airflow/example_dags/example_branch_day_of_week_operator.py
[2023-12-07T17:12:51.875+0000] {logging_mixin.py:154} INFO - [2023-12-07T17:12:51.875+0000] {dag.py:2941} INFO - Sync 1 DAGs
[2023-12-07T17:12:51.897+0000] {logging_mixin.py:154} INFO - [2023-12-07T17:12:51.897+0000] {dag.py:3722} INFO - Setting next_dagrun for example_weekday_branch_operator to 2023-12-06T00:00:00+00:00, run_after=2023-12-07T00:00:00+00:00
[2023-12-07T17:12:51.919+0000] {processor.py:179} INFO - Processing /home/ubuntu/ec2_customer_chum_venv/lib/python3.10/site-packages/airflow/example_dags/example_branch_day_of_week_operator.py took 0.076 seconds
[2023-12-07T17:13:37.741+0000] {processor.py:157} INFO - Started process (PID=6557) to work on /home/ubuntu/ec2_customer_chum_venv/lib/python3.10/site-packages/airflow/example_dags/example_branch_day_of_week_operator.py
[2023-12-07T17:13:37.743+0000] {processor.py:829} INFO - Processing file /home/ubuntu/ec2_customer_chum_venv/lib/python3.10/site-packages/airflow/example_dags/example_branch_day_of_week_operator.py for tasks to queue
[2023-12-07T17:13:37.743+0000] {logging_mixin.py:154} INFO - [2023-12-07T17:13:37.743+0000] {dagbag.py:536} INFO - Filling up the DagBag from /home/ubuntu/ec2_customer_chum_venv/lib/python3.10/site-packages/airflow/example_dags/example_branch_day_of_week_operator.py
[2023-12-07T17:13:37.752+0000] {processor.py:839} INFO - DAG(s) dict_keys(['example_weekday_branch_operator']) retrieved from /home/ubuntu/ec2_customer_chum_venv/lib/python3.10/site-packages/airflow/example_dags/example_branch_day_of_week_operator.py
[2023-12-07T17:13:37.770+0000] {logging_mixin.py:154} INFO - [2023-12-07T17:13:37.770+0000] {dag.py:2941} INFO - Sync 1 DAGs
[2023-12-07T17:13:37.793+0000] {logging_mixin.py:154} INFO - [2023-12-07T17:13:37.793+0000] {dag.py:3722} INFO - Setting next_dagrun for example_weekday_branch_operator to 2023-12-06T00:00:00+00:00, run_after=2023-12-07T00:00:00+00:00
[2023-12-07T17:13:37.818+0000] {processor.py:179} INFO - Processing /home/ubuntu/ec2_customer_chum_venv/lib/python3.10/site-packages/airflow/example_dags/example_branch_day_of_week_operator.py took 0.081 seconds
[2023-12-07T17:14:18.471+0000] {processor.py:157} INFO - Started process (PID=6599) to work on /home/ubuntu/ec2_customer_chum_venv/lib/python3.10/site-packages/airflow/example_dags/example_branch_day_of_week_operator.py
[2023-12-07T17:14:18.473+0000] {processor.py:829} INFO - Processing file /home/ubuntu/ec2_customer_chum_venv/lib/python3.10/site-packages/airflow/example_dags/example_branch_day_of_week_operator.py for tasks to queue
[2023-12-07T17:14:18.473+0000] {logging_mixin.py:154} INFO - [2023-12-07T17:14:18.473+0000] {dagbag.py:536} INFO - Filling up the DagBag from /home/ubuntu/ec2_customer_chum_venv/lib/python3.10/site-packages/airflow/example_dags/example_branch_day_of_week_operator.py
[2023-12-07T17:14:18.482+0000] {processor.py:839} INFO - DAG(s) dict_keys(['example_weekday_branch_operator']) retrieved from /home/ubuntu/ec2_customer_chum_venv/lib/python3.10/site-packages/airflow/example_dags/example_branch_day_of_week_operator.py
[2023-12-07T17:14:18.500+0000] {logging_mixin.py:154} INFO - [2023-12-07T17:14:18.500+0000] {dag.py:2941} INFO - Sync 1 DAGs
[2023-12-07T17:14:18.523+0000] {logging_mixin.py:154} INFO - [2023-12-07T17:14:18.523+0000] {dag.py:3722} INFO - Setting next_dagrun for example_weekday_branch_operator to 2023-12-06T00:00:00+00:00, run_after=2023-12-07T00:00:00+00:00
[2023-12-07T17:14:18.545+0000] {processor.py:179} INFO - Processing /home/ubuntu/ec2_customer_chum_venv/lib/python3.10/site-packages/airflow/example_dags/example_branch_day_of_week_operator.py took 0.078 seconds
[2023-12-07T17:15:02.820+0000] {processor.py:157} INFO - Started process (PID=6711) to work on /home/ubuntu/ec2_customer_chum_venv/lib/python3.10/site-packages/airflow/example_dags/example_branch_day_of_week_operator.py
[2023-12-07T17:15:02.821+0000] {processor.py:829} INFO - Processing file /home/ubuntu/ec2_customer_chum_venv/lib/python3.10/site-packages/airflow/example_dags/example_branch_day_of_week_operator.py for tasks to queue
[2023-12-07T17:15:02.822+0000] {logging_mixin.py:154} INFO - [2023-12-07T17:15:02.822+0000] {dagbag.py:536} INFO - Filling up the DagBag from /home/ubuntu/ec2_customer_chum_venv/lib/python3.10/site-packages/airflow/example_dags/example_branch_day_of_week_operator.py
[2023-12-07T17:15:02.832+0000] {processor.py:839} INFO - DAG(s) dict_keys(['example_weekday_branch_operator']) retrieved from /home/ubuntu/ec2_customer_chum_venv/lib/python3.10/site-packages/airflow/example_dags/example_branch_day_of_week_operator.py
[2023-12-07T17:15:02.852+0000] {logging_mixin.py:154} INFO - [2023-12-07T17:15:02.852+0000] {dag.py:2941} INFO - Sync 1 DAGs
[2023-12-07T17:15:02.876+0000] {logging_mixin.py:154} INFO - [2023-12-07T17:15:02.875+0000] {dag.py:3722} INFO - Setting next_dagrun for example_weekday_branch_operator to 2023-12-06T00:00:00+00:00, run_after=2023-12-07T00:00:00+00:00
[2023-12-07T17:15:02.904+0000] {processor.py:179} INFO - Processing /home/ubuntu/ec2_customer_chum_venv/lib/python3.10/site-packages/airflow/example_dags/example_branch_day_of_week_operator.py took 0.087 seconds
