[2023-12-07T16:49:30.608+0000] {processor.py:157} INFO - Started process (PID=4985) to work on /home/ubuntu/ec2_customer_chum_venv/lib/python3.10/site-packages/airflow/example_dags/example_sla_dag.py
[2023-12-07T16:49:30.609+0000] {processor.py:829} INFO - Processing file /home/ubuntu/ec2_customer_chum_venv/lib/python3.10/site-packages/airflow/example_dags/example_sla_dag.py for tasks to queue
[2023-12-07T16:49:30.610+0000] {logging_mixin.py:154} INFO - [2023-12-07T16:49:30.609+0000] {dagbag.py:536} INFO - Filling up the DagBag from /home/ubuntu/ec2_customer_chum_venv/lib/python3.10/site-packages/airflow/example_dags/example_sla_dag.py
[2023-12-07T16:49:30.619+0000] {processor.py:839} INFO - DAG(s) dict_keys(['example_sla_dag']) retrieved from /home/ubuntu/ec2_customer_chum_venv/lib/python3.10/site-packages/airflow/example_dags/example_sla_dag.py
[2023-12-07T16:49:30.731+0000] {logging_mixin.py:154} INFO - [2023-12-07T16:49:30.731+0000] {manager.py:499} INFO - Created Permission View: %s
[2023-12-07T16:49:30.747+0000] {logging_mixin.py:154} INFO - [2023-12-07T16:49:30.746+0000] {manager.py:499} INFO - Created Permission View: %s
[2023-12-07T16:49:30.757+0000] {logging_mixin.py:154} INFO - [2023-12-07T16:49:30.757+0000] {manager.py:499} INFO - Created Permission View: %s
[2023-12-07T16:49:30.758+0000] {logging_mixin.py:154} INFO - [2023-12-07T16:49:30.757+0000] {dag.py:2941} INFO - Sync 1 DAGs
[2023-12-07T16:49:30.769+0000] {logging_mixin.py:154} INFO - [2023-12-07T16:49:30.768+0000] {dag.py:2963} INFO - Creating ORM DAG for example_sla_dag
[2023-12-07T16:49:30.781+0000] {logging_mixin.py:154} INFO - [2023-12-07T16:49:30.781+0000] {dag.py:3722} INFO - Setting next_dagrun for example_sla_dag to 2023-12-07T16:46:00+00:00, run_after=2023-12-07T16:48:00+00:00
[2023-12-07T16:49:30.804+0000] {processor.py:179} INFO - Processing /home/ubuntu/ec2_customer_chum_venv/lib/python3.10/site-packages/airflow/example_dags/example_sla_dag.py took 0.199 seconds
[2023-12-07T16:50:19.980+0000] {processor.py:157} INFO - Started process (PID=5031) to work on /home/ubuntu/ec2_customer_chum_venv/lib/python3.10/site-packages/airflow/example_dags/example_sla_dag.py
[2023-12-07T16:50:19.982+0000] {processor.py:829} INFO - Processing file /home/ubuntu/ec2_customer_chum_venv/lib/python3.10/site-packages/airflow/example_dags/example_sla_dag.py for tasks to queue
[2023-12-07T16:50:19.982+0000] {logging_mixin.py:154} INFO - [2023-12-07T16:50:19.982+0000] {dagbag.py:536} INFO - Filling up the DagBag from /home/ubuntu/ec2_customer_chum_venv/lib/python3.10/site-packages/airflow/example_dags/example_sla_dag.py
[2023-12-07T16:50:19.992+0000] {processor.py:839} INFO - DAG(s) dict_keys(['example_sla_dag']) retrieved from /home/ubuntu/ec2_customer_chum_venv/lib/python3.10/site-packages/airflow/example_dags/example_sla_dag.py
[2023-12-07T16:50:20.010+0000] {logging_mixin.py:154} INFO - [2023-12-07T16:50:20.009+0000] {dag.py:2941} INFO - Sync 1 DAGs
[2023-12-07T16:50:20.035+0000] {logging_mixin.py:154} INFO - [2023-12-07T16:50:20.035+0000] {dag.py:3722} INFO - Setting next_dagrun for example_sla_dag to 2023-12-07T16:48:00+00:00, run_after=2023-12-07T16:50:00+00:00
[2023-12-07T16:50:20.058+0000] {processor.py:179} INFO - Processing /home/ubuntu/ec2_customer_chum_venv/lib/python3.10/site-packages/airflow/example_dags/example_sla_dag.py took 0.081 seconds
[2023-12-07T16:51:09.829+0000] {processor.py:157} INFO - Started process (PID=5081) to work on /home/ubuntu/ec2_customer_chum_venv/lib/python3.10/site-packages/airflow/example_dags/example_sla_dag.py
[2023-12-07T16:51:09.830+0000] {processor.py:829} INFO - Processing file /home/ubuntu/ec2_customer_chum_venv/lib/python3.10/site-packages/airflow/example_dags/example_sla_dag.py for tasks to queue
[2023-12-07T16:51:09.831+0000] {logging_mixin.py:154} INFO - [2023-12-07T16:51:09.831+0000] {dagbag.py:536} INFO - Filling up the DagBag from /home/ubuntu/ec2_customer_chum_venv/lib/python3.10/site-packages/airflow/example_dags/example_sla_dag.py
[2023-12-07T16:51:09.841+0000] {processor.py:839} INFO - DAG(s) dict_keys(['example_sla_dag']) retrieved from /home/ubuntu/ec2_customer_chum_venv/lib/python3.10/site-packages/airflow/example_dags/example_sla_dag.py
[2023-12-07T16:51:09.858+0000] {logging_mixin.py:154} INFO - [2023-12-07T16:51:09.858+0000] {dag.py:2941} INFO - Sync 1 DAGs
[2023-12-07T16:51:09.883+0000] {logging_mixin.py:154} INFO - [2023-12-07T16:51:09.882+0000] {dag.py:3722} INFO - Setting next_dagrun for example_sla_dag to 2023-12-07T16:48:00+00:00, run_after=2023-12-07T16:50:00+00:00
[2023-12-07T16:51:09.905+0000] {processor.py:179} INFO - Processing /home/ubuntu/ec2_customer_chum_venv/lib/python3.10/site-packages/airflow/example_dags/example_sla_dag.py took 0.079 seconds
[2023-12-07T16:52:01.350+0000] {processor.py:157} INFO - Started process (PID=5132) to work on /home/ubuntu/ec2_customer_chum_venv/lib/python3.10/site-packages/airflow/example_dags/example_sla_dag.py
[2023-12-07T16:52:01.352+0000] {processor.py:829} INFO - Processing file /home/ubuntu/ec2_customer_chum_venv/lib/python3.10/site-packages/airflow/example_dags/example_sla_dag.py for tasks to queue
[2023-12-07T16:52:01.353+0000] {logging_mixin.py:154} INFO - [2023-12-07T16:52:01.352+0000] {dagbag.py:536} INFO - Filling up the DagBag from /home/ubuntu/ec2_customer_chum_venv/lib/python3.10/site-packages/airflow/example_dags/example_sla_dag.py
[2023-12-07T16:52:01.362+0000] {processor.py:839} INFO - DAG(s) dict_keys(['example_sla_dag']) retrieved from /home/ubuntu/ec2_customer_chum_venv/lib/python3.10/site-packages/airflow/example_dags/example_sla_dag.py
[2023-12-07T16:52:01.380+0000] {logging_mixin.py:154} INFO - [2023-12-07T16:52:01.379+0000] {dag.py:2941} INFO - Sync 1 DAGs
[2023-12-07T16:52:01.405+0000] {logging_mixin.py:154} INFO - [2023-12-07T16:52:01.405+0000] {dag.py:3722} INFO - Setting next_dagrun for example_sla_dag to 2023-12-07T16:50:00+00:00, run_after=2023-12-07T16:52:00+00:00
[2023-12-07T16:52:01.432+0000] {processor.py:179} INFO - Processing /home/ubuntu/ec2_customer_chum_venv/lib/python3.10/site-packages/airflow/example_dags/example_sla_dag.py took 0.085 seconds
[2023-12-07T16:52:48.400+0000] {processor.py:157} INFO - Started process (PID=5184) to work on /home/ubuntu/ec2_customer_chum_venv/lib/python3.10/site-packages/airflow/example_dags/example_sla_dag.py
[2023-12-07T16:52:48.401+0000] {processor.py:829} INFO - Processing file /home/ubuntu/ec2_customer_chum_venv/lib/python3.10/site-packages/airflow/example_dags/example_sla_dag.py for tasks to queue
[2023-12-07T16:52:48.402+0000] {logging_mixin.py:154} INFO - [2023-12-07T16:52:48.402+0000] {dagbag.py:536} INFO - Filling up the DagBag from /home/ubuntu/ec2_customer_chum_venv/lib/python3.10/site-packages/airflow/example_dags/example_sla_dag.py
[2023-12-07T16:52:48.412+0000] {processor.py:839} INFO - DAG(s) dict_keys(['example_sla_dag']) retrieved from /home/ubuntu/ec2_customer_chum_venv/lib/python3.10/site-packages/airflow/example_dags/example_sla_dag.py
[2023-12-07T16:52:48.429+0000] {logging_mixin.py:154} INFO - [2023-12-07T16:52:48.429+0000] {dag.py:2941} INFO - Sync 1 DAGs
[2023-12-07T16:52:48.452+0000] {logging_mixin.py:154} INFO - [2023-12-07T16:52:48.452+0000] {dag.py:3722} INFO - Setting next_dagrun for example_sla_dag to 2023-12-07T16:50:00+00:00, run_after=2023-12-07T16:52:00+00:00
[2023-12-07T16:52:48.476+0000] {processor.py:179} INFO - Processing /home/ubuntu/ec2_customer_chum_venv/lib/python3.10/site-packages/airflow/example_dags/example_sla_dag.py took 0.080 seconds
[2023-12-07T16:54:02.173+0000] {processor.py:157} INFO - Started process (PID=5247) to work on /home/ubuntu/ec2_customer_chum_venv/lib/python3.10/site-packages/airflow/example_dags/example_sla_dag.py
[2023-12-07T16:54:02.175+0000] {processor.py:829} INFO - Processing file /home/ubuntu/ec2_customer_chum_venv/lib/python3.10/site-packages/airflow/example_dags/example_sla_dag.py for tasks to queue
[2023-12-07T16:54:02.176+0000] {logging_mixin.py:154} INFO - [2023-12-07T16:54:02.176+0000] {dagbag.py:536} INFO - Filling up the DagBag from /home/ubuntu/ec2_customer_chum_venv/lib/python3.10/site-packages/airflow/example_dags/example_sla_dag.py
[2023-12-07T16:54:02.186+0000] {processor.py:839} INFO - DAG(s) dict_keys(['example_sla_dag']) retrieved from /home/ubuntu/ec2_customer_chum_venv/lib/python3.10/site-packages/airflow/example_dags/example_sla_dag.py
[2023-12-07T16:54:02.195+0000] {logging_mixin.py:154} INFO - [2023-12-07T16:54:02.195+0000] {dag.py:2941} INFO - Sync 1 DAGs
[2023-12-07T16:54:02.222+0000] {logging_mixin.py:154} INFO - [2023-12-07T16:54:02.222+0000] {dag.py:3722} INFO - Setting next_dagrun for example_sla_dag to 2023-12-07T16:52:00+00:00, run_after=2023-12-07T16:54:00+00:00
[2023-12-07T16:54:02.250+0000] {processor.py:179} INFO - Processing /home/ubuntu/ec2_customer_chum_venv/lib/python3.10/site-packages/airflow/example_dags/example_sla_dag.py took 0.081 seconds
[2023-12-07T16:54:47.657+0000] {processor.py:157} INFO - Started process (PID=5296) to work on /home/ubuntu/ec2_customer_chum_venv/lib/python3.10/site-packages/airflow/example_dags/example_sla_dag.py
[2023-12-07T16:54:47.658+0000] {processor.py:829} INFO - Processing file /home/ubuntu/ec2_customer_chum_venv/lib/python3.10/site-packages/airflow/example_dags/example_sla_dag.py for tasks to queue
[2023-12-07T16:54:47.659+0000] {logging_mixin.py:154} INFO - [2023-12-07T16:54:47.659+0000] {dagbag.py:536} INFO - Filling up the DagBag from /home/ubuntu/ec2_customer_chum_venv/lib/python3.10/site-packages/airflow/example_dags/example_sla_dag.py
[2023-12-07T16:54:47.668+0000] {processor.py:839} INFO - DAG(s) dict_keys(['example_sla_dag']) retrieved from /home/ubuntu/ec2_customer_chum_venv/lib/python3.10/site-packages/airflow/example_dags/example_sla_dag.py
[2023-12-07T16:54:47.685+0000] {logging_mixin.py:154} INFO - [2023-12-07T16:54:47.685+0000] {dag.py:2941} INFO - Sync 1 DAGs
[2023-12-07T16:54:47.709+0000] {logging_mixin.py:154} INFO - [2023-12-07T16:54:47.708+0000] {dag.py:3722} INFO - Setting next_dagrun for example_sla_dag to 2023-12-07T16:52:00+00:00, run_after=2023-12-07T16:54:00+00:00
[2023-12-07T16:54:47.730+0000] {processor.py:179} INFO - Processing /home/ubuntu/ec2_customer_chum_venv/lib/python3.10/site-packages/airflow/example_dags/example_sla_dag.py took 0.077 seconds
[2023-12-07T16:55:32.951+0000] {processor.py:157} INFO - Started process (PID=5343) to work on /home/ubuntu/ec2_customer_chum_venv/lib/python3.10/site-packages/airflow/example_dags/example_sla_dag.py
[2023-12-07T16:55:32.952+0000] {processor.py:829} INFO - Processing file /home/ubuntu/ec2_customer_chum_venv/lib/python3.10/site-packages/airflow/example_dags/example_sla_dag.py for tasks to queue
[2023-12-07T16:55:32.953+0000] {logging_mixin.py:154} INFO - [2023-12-07T16:55:32.953+0000] {dagbag.py:536} INFO - Filling up the DagBag from /home/ubuntu/ec2_customer_chum_venv/lib/python3.10/site-packages/airflow/example_dags/example_sla_dag.py
[2023-12-07T16:55:32.963+0000] {processor.py:839} INFO - DAG(s) dict_keys(['example_sla_dag']) retrieved from /home/ubuntu/ec2_customer_chum_venv/lib/python3.10/site-packages/airflow/example_dags/example_sla_dag.py
[2023-12-07T16:55:32.980+0000] {logging_mixin.py:154} INFO - [2023-12-07T16:55:32.979+0000] {dag.py:2941} INFO - Sync 1 DAGs
[2023-12-07T16:55:33.004+0000] {logging_mixin.py:154} INFO - [2023-12-07T16:55:33.004+0000] {dag.py:3722} INFO - Setting next_dagrun for example_sla_dag to 2023-12-07T16:52:00+00:00, run_after=2023-12-07T16:54:00+00:00
[2023-12-07T16:55:33.028+0000] {processor.py:179} INFO - Processing /home/ubuntu/ec2_customer_chum_venv/lib/python3.10/site-packages/airflow/example_dags/example_sla_dag.py took 0.081 seconds
[2023-12-07T16:56:18.155+0000] {processor.py:157} INFO - Started process (PID=5389) to work on /home/ubuntu/ec2_customer_chum_venv/lib/python3.10/site-packages/airflow/example_dags/example_sla_dag.py
[2023-12-07T16:56:18.157+0000] {processor.py:829} INFO - Processing file /home/ubuntu/ec2_customer_chum_venv/lib/python3.10/site-packages/airflow/example_dags/example_sla_dag.py for tasks to queue
[2023-12-07T16:56:18.158+0000] {logging_mixin.py:154} INFO - [2023-12-07T16:56:18.157+0000] {dagbag.py:536} INFO - Filling up the DagBag from /home/ubuntu/ec2_customer_chum_venv/lib/python3.10/site-packages/airflow/example_dags/example_sla_dag.py
[2023-12-07T16:56:18.167+0000] {processor.py:839} INFO - DAG(s) dict_keys(['example_sla_dag']) retrieved from /home/ubuntu/ec2_customer_chum_venv/lib/python3.10/site-packages/airflow/example_dags/example_sla_dag.py
[2023-12-07T16:56:18.184+0000] {logging_mixin.py:154} INFO - [2023-12-07T16:56:18.184+0000] {dag.py:2941} INFO - Sync 1 DAGs
[2023-12-07T16:56:18.208+0000] {logging_mixin.py:154} INFO - [2023-12-07T16:56:18.208+0000] {dag.py:3722} INFO - Setting next_dagrun for example_sla_dag to 2023-12-07T16:54:00+00:00, run_after=2023-12-07T16:56:00+00:00
[2023-12-07T16:56:18.235+0000] {processor.py:179} INFO - Processing /home/ubuntu/ec2_customer_chum_venv/lib/python3.10/site-packages/airflow/example_dags/example_sla_dag.py took 0.083 seconds
[2023-12-07T16:57:00.343+0000] {processor.py:157} INFO - Started process (PID=5435) to work on /home/ubuntu/ec2_customer_chum_venv/lib/python3.10/site-packages/airflow/example_dags/example_sla_dag.py
[2023-12-07T16:57:00.345+0000] {processor.py:829} INFO - Processing file /home/ubuntu/ec2_customer_chum_venv/lib/python3.10/site-packages/airflow/example_dags/example_sla_dag.py for tasks to queue
[2023-12-07T16:57:00.346+0000] {logging_mixin.py:154} INFO - [2023-12-07T16:57:00.345+0000] {dagbag.py:536} INFO - Filling up the DagBag from /home/ubuntu/ec2_customer_chum_venv/lib/python3.10/site-packages/airflow/example_dags/example_sla_dag.py
[2023-12-07T16:57:00.356+0000] {processor.py:839} INFO - DAG(s) dict_keys(['example_sla_dag']) retrieved from /home/ubuntu/ec2_customer_chum_venv/lib/python3.10/site-packages/airflow/example_dags/example_sla_dag.py
[2023-12-07T16:57:00.374+0000] {logging_mixin.py:154} INFO - [2023-12-07T16:57:00.374+0000] {dag.py:2941} INFO - Sync 1 DAGs
[2023-12-07T16:57:00.400+0000] {logging_mixin.py:154} INFO - [2023-12-07T16:57:00.400+0000] {dag.py:3722} INFO - Setting next_dagrun for example_sla_dag to 2023-12-07T16:54:00+00:00, run_after=2023-12-07T16:56:00+00:00
[2023-12-07T16:57:00.423+0000] {processor.py:179} INFO - Processing /home/ubuntu/ec2_customer_chum_venv/lib/python3.10/site-packages/airflow/example_dags/example_sla_dag.py took 0.083 seconds
[2023-12-07T16:57:44.333+0000] {processor.py:157} INFO - Started process (PID=5482) to work on /home/ubuntu/ec2_customer_chum_venv/lib/python3.10/site-packages/airflow/example_dags/example_sla_dag.py
[2023-12-07T16:57:44.335+0000] {processor.py:829} INFO - Processing file /home/ubuntu/ec2_customer_chum_venv/lib/python3.10/site-packages/airflow/example_dags/example_sla_dag.py for tasks to queue
[2023-12-07T16:57:44.336+0000] {logging_mixin.py:154} INFO - [2023-12-07T16:57:44.335+0000] {dagbag.py:536} INFO - Filling up the DagBag from /home/ubuntu/ec2_customer_chum_venv/lib/python3.10/site-packages/airflow/example_dags/example_sla_dag.py
[2023-12-07T16:57:44.345+0000] {processor.py:839} INFO - DAG(s) dict_keys(['example_sla_dag']) retrieved from /home/ubuntu/ec2_customer_chum_venv/lib/python3.10/site-packages/airflow/example_dags/example_sla_dag.py
[2023-12-07T16:57:44.362+0000] {logging_mixin.py:154} INFO - [2023-12-07T16:57:44.361+0000] {dag.py:2941} INFO - Sync 1 DAGs
[2023-12-07T16:57:44.384+0000] {logging_mixin.py:154} INFO - [2023-12-07T16:57:44.384+0000] {dag.py:3722} INFO - Setting next_dagrun for example_sla_dag to 2023-12-07T16:54:00+00:00, run_after=2023-12-07T16:56:00+00:00
[2023-12-07T16:57:44.406+0000] {processor.py:179} INFO - Processing /home/ubuntu/ec2_customer_chum_venv/lib/python3.10/site-packages/airflow/example_dags/example_sla_dag.py took 0.075 seconds
[2023-12-07T16:58:27.205+0000] {processor.py:157} INFO - Started process (PID=5526) to work on /home/ubuntu/ec2_customer_chum_venv/lib/python3.10/site-packages/airflow/example_dags/example_sla_dag.py
[2023-12-07T16:58:27.207+0000] {processor.py:829} INFO - Processing file /home/ubuntu/ec2_customer_chum_venv/lib/python3.10/site-packages/airflow/example_dags/example_sla_dag.py for tasks to queue
[2023-12-07T16:58:27.208+0000] {logging_mixin.py:154} INFO - [2023-12-07T16:58:27.207+0000] {dagbag.py:536} INFO - Filling up the DagBag from /home/ubuntu/ec2_customer_chum_venv/lib/python3.10/site-packages/airflow/example_dags/example_sla_dag.py
[2023-12-07T16:58:27.217+0000] {processor.py:839} INFO - DAG(s) dict_keys(['example_sla_dag']) retrieved from /home/ubuntu/ec2_customer_chum_venv/lib/python3.10/site-packages/airflow/example_dags/example_sla_dag.py
[2023-12-07T16:58:27.234+0000] {logging_mixin.py:154} INFO - [2023-12-07T16:58:27.233+0000] {dag.py:2941} INFO - Sync 1 DAGs
[2023-12-07T16:58:27.257+0000] {logging_mixin.py:154} INFO - [2023-12-07T16:58:27.257+0000] {dag.py:3722} INFO - Setting next_dagrun for example_sla_dag to 2023-12-07T16:56:00+00:00, run_after=2023-12-07T16:58:00+00:00
[2023-12-07T16:58:27.280+0000] {processor.py:179} INFO - Processing /home/ubuntu/ec2_customer_chum_venv/lib/python3.10/site-packages/airflow/example_dags/example_sla_dag.py took 0.078 seconds
[2023-12-07T16:59:10.052+0000] {processor.py:157} INFO - Started process (PID=5572) to work on /home/ubuntu/ec2_customer_chum_venv/lib/python3.10/site-packages/airflow/example_dags/example_sla_dag.py
[2023-12-07T16:59:10.053+0000] {processor.py:829} INFO - Processing file /home/ubuntu/ec2_customer_chum_venv/lib/python3.10/site-packages/airflow/example_dags/example_sla_dag.py for tasks to queue
[2023-12-07T16:59:10.054+0000] {logging_mixin.py:154} INFO - [2023-12-07T16:59:10.053+0000] {dagbag.py:536} INFO - Filling up the DagBag from /home/ubuntu/ec2_customer_chum_venv/lib/python3.10/site-packages/airflow/example_dags/example_sla_dag.py
[2023-12-07T16:59:10.064+0000] {processor.py:839} INFO - DAG(s) dict_keys(['example_sla_dag']) retrieved from /home/ubuntu/ec2_customer_chum_venv/lib/python3.10/site-packages/airflow/example_dags/example_sla_dag.py
[2023-12-07T16:59:10.081+0000] {logging_mixin.py:154} INFO - [2023-12-07T16:59:10.081+0000] {dag.py:2941} INFO - Sync 1 DAGs
[2023-12-07T16:59:10.107+0000] {logging_mixin.py:154} INFO - [2023-12-07T16:59:10.107+0000] {dag.py:3722} INFO - Setting next_dagrun for example_sla_dag to 2023-12-07T16:56:00+00:00, run_after=2023-12-07T16:58:00+00:00
[2023-12-07T16:59:10.129+0000] {processor.py:179} INFO - Processing /home/ubuntu/ec2_customer_chum_venv/lib/python3.10/site-packages/airflow/example_dags/example_sla_dag.py took 0.081 seconds
[2023-12-07T16:59:54.957+0000] {processor.py:157} INFO - Started process (PID=5619) to work on /home/ubuntu/ec2_customer_chum_venv/lib/python3.10/site-packages/airflow/example_dags/example_sla_dag.py
[2023-12-07T16:59:54.959+0000] {processor.py:829} INFO - Processing file /home/ubuntu/ec2_customer_chum_venv/lib/python3.10/site-packages/airflow/example_dags/example_sla_dag.py for tasks to queue
[2023-12-07T16:59:54.959+0000] {logging_mixin.py:154} INFO - [2023-12-07T16:59:54.959+0000] {dagbag.py:536} INFO - Filling up the DagBag from /home/ubuntu/ec2_customer_chum_venv/lib/python3.10/site-packages/airflow/example_dags/example_sla_dag.py
[2023-12-07T16:59:54.969+0000] {processor.py:839} INFO - DAG(s) dict_keys(['example_sla_dag']) retrieved from /home/ubuntu/ec2_customer_chum_venv/lib/python3.10/site-packages/airflow/example_dags/example_sla_dag.py
[2023-12-07T16:59:54.985+0000] {logging_mixin.py:154} INFO - [2023-12-07T16:59:54.985+0000] {dag.py:2941} INFO - Sync 1 DAGs
[2023-12-07T16:59:55.010+0000] {logging_mixin.py:154} INFO - [2023-12-07T16:59:55.009+0000] {dag.py:3722} INFO - Setting next_dagrun for example_sla_dag to 2023-12-07T16:56:00+00:00, run_after=2023-12-07T16:58:00+00:00
[2023-12-07T16:59:55.032+0000] {processor.py:179} INFO - Processing /home/ubuntu/ec2_customer_chum_venv/lib/python3.10/site-packages/airflow/example_dags/example_sla_dag.py took 0.079 seconds
[2023-12-07T17:00:42.022+0000] {processor.py:157} INFO - Started process (PID=5666) to work on /home/ubuntu/ec2_customer_chum_venv/lib/python3.10/site-packages/airflow/example_dags/example_sla_dag.py
[2023-12-07T17:00:42.023+0000] {processor.py:829} INFO - Processing file /home/ubuntu/ec2_customer_chum_venv/lib/python3.10/site-packages/airflow/example_dags/example_sla_dag.py for tasks to queue
[2023-12-07T17:00:42.024+0000] {logging_mixin.py:154} INFO - [2023-12-07T17:00:42.024+0000] {dagbag.py:536} INFO - Filling up the DagBag from /home/ubuntu/ec2_customer_chum_venv/lib/python3.10/site-packages/airflow/example_dags/example_sla_dag.py
[2023-12-07T17:00:42.034+0000] {processor.py:839} INFO - DAG(s) dict_keys(['example_sla_dag']) retrieved from /home/ubuntu/ec2_customer_chum_venv/lib/python3.10/site-packages/airflow/example_dags/example_sla_dag.py
[2023-12-07T17:00:42.051+0000] {logging_mixin.py:154} INFO - [2023-12-07T17:00:42.051+0000] {dag.py:2941} INFO - Sync 1 DAGs
[2023-12-07T17:00:42.077+0000] {logging_mixin.py:154} INFO - [2023-12-07T17:00:42.077+0000] {dag.py:3722} INFO - Setting next_dagrun for example_sla_dag to 2023-12-07T16:58:00+00:00, run_after=2023-12-07T17:00:00+00:00
[2023-12-07T17:00:42.104+0000] {processor.py:179} INFO - Processing /home/ubuntu/ec2_customer_chum_venv/lib/python3.10/site-packages/airflow/example_dags/example_sla_dag.py took 0.085 seconds
[2023-12-07T17:01:28.822+0000] {processor.py:157} INFO - Started process (PID=5714) to work on /home/ubuntu/ec2_customer_chum_venv/lib/python3.10/site-packages/airflow/example_dags/example_sla_dag.py
[2023-12-07T17:01:28.823+0000] {processor.py:829} INFO - Processing file /home/ubuntu/ec2_customer_chum_venv/lib/python3.10/site-packages/airflow/example_dags/example_sla_dag.py for tasks to queue
[2023-12-07T17:01:28.824+0000] {logging_mixin.py:154} INFO - [2023-12-07T17:01:28.824+0000] {dagbag.py:536} INFO - Filling up the DagBag from /home/ubuntu/ec2_customer_chum_venv/lib/python3.10/site-packages/airflow/example_dags/example_sla_dag.py
[2023-12-07T17:01:28.833+0000] {processor.py:839} INFO - DAG(s) dict_keys(['example_sla_dag']) retrieved from /home/ubuntu/ec2_customer_chum_venv/lib/python3.10/site-packages/airflow/example_dags/example_sla_dag.py
[2023-12-07T17:01:28.850+0000] {logging_mixin.py:154} INFO - [2023-12-07T17:01:28.850+0000] {dag.py:2941} INFO - Sync 1 DAGs
[2023-12-07T17:01:28.875+0000] {logging_mixin.py:154} INFO - [2023-12-07T17:01:28.874+0000] {dag.py:3722} INFO - Setting next_dagrun for example_sla_dag to 2023-12-07T16:58:00+00:00, run_after=2023-12-07T17:00:00+00:00
[2023-12-07T17:01:28.898+0000] {processor.py:179} INFO - Processing /home/ubuntu/ec2_customer_chum_venv/lib/python3.10/site-packages/airflow/example_dags/example_sla_dag.py took 0.080 seconds
[2023-12-07T17:02:14.644+0000] {processor.py:157} INFO - Started process (PID=5760) to work on /home/ubuntu/ec2_customer_chum_venv/lib/python3.10/site-packages/airflow/example_dags/example_sla_dag.py
[2023-12-07T17:02:14.646+0000] {processor.py:829} INFO - Processing file /home/ubuntu/ec2_customer_chum_venv/lib/python3.10/site-packages/airflow/example_dags/example_sla_dag.py for tasks to queue
[2023-12-07T17:02:14.647+0000] {logging_mixin.py:154} INFO - [2023-12-07T17:02:14.646+0000] {dagbag.py:536} INFO - Filling up the DagBag from /home/ubuntu/ec2_customer_chum_venv/lib/python3.10/site-packages/airflow/example_dags/example_sla_dag.py
[2023-12-07T17:02:14.656+0000] {processor.py:839} INFO - DAG(s) dict_keys(['example_sla_dag']) retrieved from /home/ubuntu/ec2_customer_chum_venv/lib/python3.10/site-packages/airflow/example_dags/example_sla_dag.py
[2023-12-07T17:02:14.673+0000] {logging_mixin.py:154} INFO - [2023-12-07T17:02:14.672+0000] {dag.py:2941} INFO - Sync 1 DAGs
[2023-12-07T17:02:14.696+0000] {logging_mixin.py:154} INFO - [2023-12-07T17:02:14.696+0000] {dag.py:3722} INFO - Setting next_dagrun for example_sla_dag to 2023-12-07T17:00:00+00:00, run_after=2023-12-07T17:02:00+00:00
[2023-12-07T17:02:14.719+0000] {processor.py:179} INFO - Processing /home/ubuntu/ec2_customer_chum_venv/lib/python3.10/site-packages/airflow/example_dags/example_sla_dag.py took 0.078 seconds
[2023-12-07T17:03:02.681+0000] {processor.py:157} INFO - Started process (PID=5808) to work on /home/ubuntu/ec2_customer_chum_venv/lib/python3.10/site-packages/airflow/example_dags/example_sla_dag.py
[2023-12-07T17:03:02.683+0000] {processor.py:829} INFO - Processing file /home/ubuntu/ec2_customer_chum_venv/lib/python3.10/site-packages/airflow/example_dags/example_sla_dag.py for tasks to queue
[2023-12-07T17:03:02.684+0000] {logging_mixin.py:154} INFO - [2023-12-07T17:03:02.684+0000] {dagbag.py:536} INFO - Filling up the DagBag from /home/ubuntu/ec2_customer_chum_venv/lib/python3.10/site-packages/airflow/example_dags/example_sla_dag.py
[2023-12-07T17:03:02.694+0000] {processor.py:839} INFO - DAG(s) dict_keys(['example_sla_dag']) retrieved from /home/ubuntu/ec2_customer_chum_venv/lib/python3.10/site-packages/airflow/example_dags/example_sla_dag.py
[2023-12-07T17:03:02.711+0000] {logging_mixin.py:154} INFO - [2023-12-07T17:03:02.711+0000] {dag.py:2941} INFO - Sync 1 DAGs
[2023-12-07T17:03:02.736+0000] {logging_mixin.py:154} INFO - [2023-12-07T17:03:02.736+0000] {dag.py:3722} INFO - Setting next_dagrun for example_sla_dag to 2023-12-07T17:00:00+00:00, run_after=2023-12-07T17:02:00+00:00
[2023-12-07T17:03:02.765+0000] {processor.py:179} INFO - Processing /home/ubuntu/ec2_customer_chum_venv/lib/python3.10/site-packages/airflow/example_dags/example_sla_dag.py took 0.087 seconds
[2023-12-07T17:03:49.242+0000] {processor.py:157} INFO - Started process (PID=5857) to work on /home/ubuntu/ec2_customer_chum_venv/lib/python3.10/site-packages/airflow/example_dags/example_sla_dag.py
[2023-12-07T17:03:49.243+0000] {processor.py:829} INFO - Processing file /home/ubuntu/ec2_customer_chum_venv/lib/python3.10/site-packages/airflow/example_dags/example_sla_dag.py for tasks to queue
[2023-12-07T17:03:49.244+0000] {logging_mixin.py:154} INFO - [2023-12-07T17:03:49.243+0000] {dagbag.py:536} INFO - Filling up the DagBag from /home/ubuntu/ec2_customer_chum_venv/lib/python3.10/site-packages/airflow/example_dags/example_sla_dag.py
[2023-12-07T17:03:49.253+0000] {processor.py:839} INFO - DAG(s) dict_keys(['example_sla_dag']) retrieved from /home/ubuntu/ec2_customer_chum_venv/lib/python3.10/site-packages/airflow/example_dags/example_sla_dag.py
[2023-12-07T17:03:49.271+0000] {logging_mixin.py:154} INFO - [2023-12-07T17:03:49.271+0000] {dag.py:2941} INFO - Sync 1 DAGs
[2023-12-07T17:03:49.296+0000] {logging_mixin.py:154} INFO - [2023-12-07T17:03:49.296+0000] {dag.py:3722} INFO - Setting next_dagrun for example_sla_dag to 2023-12-07T17:00:00+00:00, run_after=2023-12-07T17:02:00+00:00
[2023-12-07T17:03:49.318+0000] {processor.py:179} INFO - Processing /home/ubuntu/ec2_customer_chum_venv/lib/python3.10/site-packages/airflow/example_dags/example_sla_dag.py took 0.080 seconds
[2023-12-07T17:04:31.362+0000] {processor.py:157} INFO - Started process (PID=5900) to work on /home/ubuntu/ec2_customer_chum_venv/lib/python3.10/site-packages/airflow/example_dags/example_sla_dag.py
[2023-12-07T17:04:31.364+0000] {processor.py:829} INFO - Processing file /home/ubuntu/ec2_customer_chum_venv/lib/python3.10/site-packages/airflow/example_dags/example_sla_dag.py for tasks to queue
[2023-12-07T17:04:31.365+0000] {logging_mixin.py:154} INFO - [2023-12-07T17:04:31.364+0000] {dagbag.py:536} INFO - Filling up the DagBag from /home/ubuntu/ec2_customer_chum_venv/lib/python3.10/site-packages/airflow/example_dags/example_sla_dag.py
[2023-12-07T17:04:31.374+0000] {processor.py:839} INFO - DAG(s) dict_keys(['example_sla_dag']) retrieved from /home/ubuntu/ec2_customer_chum_venv/lib/python3.10/site-packages/airflow/example_dags/example_sla_dag.py
[2023-12-07T17:04:31.390+0000] {logging_mixin.py:154} INFO - [2023-12-07T17:04:31.390+0000] {dag.py:2941} INFO - Sync 1 DAGs
[2023-12-07T17:04:31.414+0000] {logging_mixin.py:154} INFO - [2023-12-07T17:04:31.413+0000] {dag.py:3722} INFO - Setting next_dagrun for example_sla_dag to 2023-12-07T17:02:00+00:00, run_after=2023-12-07T17:04:00+00:00
[2023-12-07T17:04:31.435+0000] {processor.py:179} INFO - Processing /home/ubuntu/ec2_customer_chum_venv/lib/python3.10/site-packages/airflow/example_dags/example_sla_dag.py took 0.076 seconds
[2023-12-07T17:05:15.564+0000] {processor.py:157} INFO - Started process (PID=5948) to work on /home/ubuntu/ec2_customer_chum_venv/lib/python3.10/site-packages/airflow/example_dags/example_sla_dag.py
[2023-12-07T17:05:15.565+0000] {processor.py:829} INFO - Processing file /home/ubuntu/ec2_customer_chum_venv/lib/python3.10/site-packages/airflow/example_dags/example_sla_dag.py for tasks to queue
[2023-12-07T17:05:15.566+0000] {logging_mixin.py:154} INFO - [2023-12-07T17:05:15.566+0000] {dagbag.py:536} INFO - Filling up the DagBag from /home/ubuntu/ec2_customer_chum_venv/lib/python3.10/site-packages/airflow/example_dags/example_sla_dag.py
[2023-12-07T17:05:15.575+0000] {processor.py:839} INFO - DAG(s) dict_keys(['example_sla_dag']) retrieved from /home/ubuntu/ec2_customer_chum_venv/lib/python3.10/site-packages/airflow/example_dags/example_sla_dag.py
[2023-12-07T17:05:15.592+0000] {logging_mixin.py:154} INFO - [2023-12-07T17:05:15.592+0000] {dag.py:2941} INFO - Sync 1 DAGs
[2023-12-07T17:05:15.616+0000] {logging_mixin.py:154} INFO - [2023-12-07T17:05:15.616+0000] {dag.py:3722} INFO - Setting next_dagrun for example_sla_dag to 2023-12-07T17:02:00+00:00, run_after=2023-12-07T17:04:00+00:00
[2023-12-07T17:05:15.639+0000] {processor.py:179} INFO - Processing /home/ubuntu/ec2_customer_chum_venv/lib/python3.10/site-packages/airflow/example_dags/example_sla_dag.py took 0.078 seconds
[2023-12-07T17:05:58.680+0000] {processor.py:157} INFO - Started process (PID=5993) to work on /home/ubuntu/ec2_customer_chum_venv/lib/python3.10/site-packages/airflow/example_dags/example_sla_dag.py
[2023-12-07T17:05:58.681+0000] {processor.py:829} INFO - Processing file /home/ubuntu/ec2_customer_chum_venv/lib/python3.10/site-packages/airflow/example_dags/example_sla_dag.py for tasks to queue
[2023-12-07T17:05:58.682+0000] {logging_mixin.py:154} INFO - [2023-12-07T17:05:58.682+0000] {dagbag.py:536} INFO - Filling up the DagBag from /home/ubuntu/ec2_customer_chum_venv/lib/python3.10/site-packages/airflow/example_dags/example_sla_dag.py
[2023-12-07T17:05:58.691+0000] {processor.py:839} INFO - DAG(s) dict_keys(['example_sla_dag']) retrieved from /home/ubuntu/ec2_customer_chum_venv/lib/python3.10/site-packages/airflow/example_dags/example_sla_dag.py
[2023-12-07T17:05:58.708+0000] {logging_mixin.py:154} INFO - [2023-12-07T17:05:58.707+0000] {dag.py:2941} INFO - Sync 1 DAGs
[2023-12-07T17:05:58.731+0000] {logging_mixin.py:154} INFO - [2023-12-07T17:05:58.731+0000] {dag.py:3722} INFO - Setting next_dagrun for example_sla_dag to 2023-12-07T17:02:00+00:00, run_after=2023-12-07T17:04:00+00:00
[2023-12-07T17:05:58.751+0000] {processor.py:179} INFO - Processing /home/ubuntu/ec2_customer_chum_venv/lib/python3.10/site-packages/airflow/example_dags/example_sla_dag.py took 0.075 seconds
[2023-12-07T17:06:43.416+0000] {processor.py:157} INFO - Started process (PID=6039) to work on /home/ubuntu/ec2_customer_chum_venv/lib/python3.10/site-packages/airflow/example_dags/example_sla_dag.py
[2023-12-07T17:06:43.417+0000] {processor.py:829} INFO - Processing file /home/ubuntu/ec2_customer_chum_venv/lib/python3.10/site-packages/airflow/example_dags/example_sla_dag.py for tasks to queue
[2023-12-07T17:06:43.418+0000] {logging_mixin.py:154} INFO - [2023-12-07T17:06:43.418+0000] {dagbag.py:536} INFO - Filling up the DagBag from /home/ubuntu/ec2_customer_chum_venv/lib/python3.10/site-packages/airflow/example_dags/example_sla_dag.py
[2023-12-07T17:06:43.428+0000] {processor.py:839} INFO - DAG(s) dict_keys(['example_sla_dag']) retrieved from /home/ubuntu/ec2_customer_chum_venv/lib/python3.10/site-packages/airflow/example_dags/example_sla_dag.py
[2023-12-07T17:06:43.445+0000] {logging_mixin.py:154} INFO - [2023-12-07T17:06:43.445+0000] {dag.py:2941} INFO - Sync 1 DAGs
[2023-12-07T17:06:43.470+0000] {logging_mixin.py:154} INFO - [2023-12-07T17:06:43.470+0000] {dag.py:3722} INFO - Setting next_dagrun for example_sla_dag to 2023-12-07T17:04:00+00:00, run_after=2023-12-07T17:06:00+00:00
[2023-12-07T17:06:43.494+0000] {processor.py:179} INFO - Processing /home/ubuntu/ec2_customer_chum_venv/lib/python3.10/site-packages/airflow/example_dags/example_sla_dag.py took 0.081 seconds
[2023-12-07T17:07:32.541+0000] {processor.py:157} INFO - Started process (PID=6089) to work on /home/ubuntu/ec2_customer_chum_venv/lib/python3.10/site-packages/airflow/example_dags/example_sla_dag.py
[2023-12-07T17:07:32.543+0000] {processor.py:829} INFO - Processing file /home/ubuntu/ec2_customer_chum_venv/lib/python3.10/site-packages/airflow/example_dags/example_sla_dag.py for tasks to queue
[2023-12-07T17:07:32.544+0000] {logging_mixin.py:154} INFO - [2023-12-07T17:07:32.543+0000] {dagbag.py:536} INFO - Filling up the DagBag from /home/ubuntu/ec2_customer_chum_venv/lib/python3.10/site-packages/airflow/example_dags/example_sla_dag.py
[2023-12-07T17:07:32.553+0000] {processor.py:839} INFO - DAG(s) dict_keys(['example_sla_dag']) retrieved from /home/ubuntu/ec2_customer_chum_venv/lib/python3.10/site-packages/airflow/example_dags/example_sla_dag.py
[2023-12-07T17:07:32.570+0000] {logging_mixin.py:154} INFO - [2023-12-07T17:07:32.570+0000] {dag.py:2941} INFO - Sync 1 DAGs
[2023-12-07T17:07:32.594+0000] {logging_mixin.py:154} INFO - [2023-12-07T17:07:32.594+0000] {dag.py:3722} INFO - Setting next_dagrun for example_sla_dag to 2023-12-07T17:04:00+00:00, run_after=2023-12-07T17:06:00+00:00
[2023-12-07T17:07:32.616+0000] {processor.py:179} INFO - Processing /home/ubuntu/ec2_customer_chum_venv/lib/python3.10/site-packages/airflow/example_dags/example_sla_dag.py took 0.078 seconds
[2023-12-07T17:08:18.381+0000] {processor.py:157} INFO - Started process (PID=6135) to work on /home/ubuntu/ec2_customer_chum_venv/lib/python3.10/site-packages/airflow/example_dags/example_sla_dag.py
[2023-12-07T17:08:18.383+0000] {processor.py:829} INFO - Processing file /home/ubuntu/ec2_customer_chum_venv/lib/python3.10/site-packages/airflow/example_dags/example_sla_dag.py for tasks to queue
[2023-12-07T17:08:18.384+0000] {logging_mixin.py:154} INFO - [2023-12-07T17:08:18.383+0000] {dagbag.py:536} INFO - Filling up the DagBag from /home/ubuntu/ec2_customer_chum_venv/lib/python3.10/site-packages/airflow/example_dags/example_sla_dag.py
[2023-12-07T17:08:18.393+0000] {processor.py:839} INFO - DAG(s) dict_keys(['example_sla_dag']) retrieved from /home/ubuntu/ec2_customer_chum_venv/lib/python3.10/site-packages/airflow/example_dags/example_sla_dag.py
[2023-12-07T17:08:18.409+0000] {logging_mixin.py:154} INFO - [2023-12-07T17:08:18.409+0000] {dag.py:2941} INFO - Sync 1 DAGs
[2023-12-07T17:08:18.432+0000] {logging_mixin.py:154} INFO - [2023-12-07T17:08:18.432+0000] {dag.py:3722} INFO - Setting next_dagrun for example_sla_dag to 2023-12-07T17:06:00+00:00, run_after=2023-12-07T17:08:00+00:00
[2023-12-07T17:08:18.455+0000] {processor.py:179} INFO - Processing /home/ubuntu/ec2_customer_chum_venv/lib/python3.10/site-packages/airflow/example_dags/example_sla_dag.py took 0.077 seconds
[2023-12-07T17:09:03.912+0000] {processor.py:157} INFO - Started process (PID=6182) to work on /home/ubuntu/ec2_customer_chum_venv/lib/python3.10/site-packages/airflow/example_dags/example_sla_dag.py
[2023-12-07T17:09:03.913+0000] {processor.py:829} INFO - Processing file /home/ubuntu/ec2_customer_chum_venv/lib/python3.10/site-packages/airflow/example_dags/example_sla_dag.py for tasks to queue
[2023-12-07T17:09:03.914+0000] {logging_mixin.py:154} INFO - [2023-12-07T17:09:03.914+0000] {dagbag.py:536} INFO - Filling up the DagBag from /home/ubuntu/ec2_customer_chum_venv/lib/python3.10/site-packages/airflow/example_dags/example_sla_dag.py
[2023-12-07T17:09:03.924+0000] {processor.py:839} INFO - DAG(s) dict_keys(['example_sla_dag']) retrieved from /home/ubuntu/ec2_customer_chum_venv/lib/python3.10/site-packages/airflow/example_dags/example_sla_dag.py
[2023-12-07T17:09:03.942+0000] {logging_mixin.py:154} INFO - [2023-12-07T17:09:03.942+0000] {dag.py:2941} INFO - Sync 1 DAGs
[2023-12-07T17:09:03.967+0000] {logging_mixin.py:154} INFO - [2023-12-07T17:09:03.966+0000] {dag.py:3722} INFO - Setting next_dagrun for example_sla_dag to 2023-12-07T17:06:00+00:00, run_after=2023-12-07T17:08:00+00:00
[2023-12-07T17:09:03.990+0000] {processor.py:179} INFO - Processing /home/ubuntu/ec2_customer_chum_venv/lib/python3.10/site-packages/airflow/example_dags/example_sla_dag.py took 0.082 seconds
[2023-12-07T17:09:46.202+0000] {processor.py:157} INFO - Started process (PID=6228) to work on /home/ubuntu/ec2_customer_chum_venv/lib/python3.10/site-packages/airflow/example_dags/example_sla_dag.py
[2023-12-07T17:09:46.203+0000] {processor.py:829} INFO - Processing file /home/ubuntu/ec2_customer_chum_venv/lib/python3.10/site-packages/airflow/example_dags/example_sla_dag.py for tasks to queue
[2023-12-07T17:09:46.204+0000] {logging_mixin.py:154} INFO - [2023-12-07T17:09:46.203+0000] {dagbag.py:536} INFO - Filling up the DagBag from /home/ubuntu/ec2_customer_chum_venv/lib/python3.10/site-packages/airflow/example_dags/example_sla_dag.py
[2023-12-07T17:09:46.213+0000] {processor.py:839} INFO - DAG(s) dict_keys(['example_sla_dag']) retrieved from /home/ubuntu/ec2_customer_chum_venv/lib/python3.10/site-packages/airflow/example_dags/example_sla_dag.py
[2023-12-07T17:09:46.230+0000] {logging_mixin.py:154} INFO - [2023-12-07T17:09:46.229+0000] {dag.py:2941} INFO - Sync 1 DAGs
[2023-12-07T17:09:46.254+0000] {logging_mixin.py:154} INFO - [2023-12-07T17:09:46.254+0000] {dag.py:3722} INFO - Setting next_dagrun for example_sla_dag to 2023-12-07T17:06:00+00:00, run_after=2023-12-07T17:08:00+00:00
[2023-12-07T17:09:46.278+0000] {processor.py:179} INFO - Processing /home/ubuntu/ec2_customer_chum_venv/lib/python3.10/site-packages/airflow/example_dags/example_sla_dag.py took 0.080 seconds
[2023-12-07T17:10:32.451+0000] {processor.py:157} INFO - Started process (PID=6273) to work on /home/ubuntu/ec2_customer_chum_venv/lib/python3.10/site-packages/airflow/example_dags/example_sla_dag.py
[2023-12-07T17:10:32.452+0000] {processor.py:829} INFO - Processing file /home/ubuntu/ec2_customer_chum_venv/lib/python3.10/site-packages/airflow/example_dags/example_sla_dag.py for tasks to queue
[2023-12-07T17:10:32.453+0000] {logging_mixin.py:154} INFO - [2023-12-07T17:10:32.453+0000] {dagbag.py:536} INFO - Filling up the DagBag from /home/ubuntu/ec2_customer_chum_venv/lib/python3.10/site-packages/airflow/example_dags/example_sla_dag.py
[2023-12-07T17:10:32.463+0000] {processor.py:839} INFO - DAG(s) dict_keys(['example_sla_dag']) retrieved from /home/ubuntu/ec2_customer_chum_venv/lib/python3.10/site-packages/airflow/example_dags/example_sla_dag.py
[2023-12-07T17:10:32.479+0000] {logging_mixin.py:154} INFO - [2023-12-07T17:10:32.479+0000] {dag.py:2941} INFO - Sync 1 DAGs
[2023-12-07T17:10:32.503+0000] {logging_mixin.py:154} INFO - [2023-12-07T17:10:32.502+0000] {dag.py:3722} INFO - Setting next_dagrun for example_sla_dag to 2023-12-07T17:08:00+00:00, run_after=2023-12-07T17:10:00+00:00
[2023-12-07T17:10:32.526+0000] {processor.py:179} INFO - Processing /home/ubuntu/ec2_customer_chum_venv/lib/python3.10/site-packages/airflow/example_dags/example_sla_dag.py took 0.079 seconds
[2023-12-07T17:11:16.840+0000] {processor.py:157} INFO - Started process (PID=6319) to work on /home/ubuntu/ec2_customer_chum_venv/lib/python3.10/site-packages/airflow/example_dags/example_sla_dag.py
[2023-12-07T17:11:16.841+0000] {processor.py:829} INFO - Processing file /home/ubuntu/ec2_customer_chum_venv/lib/python3.10/site-packages/airflow/example_dags/example_sla_dag.py for tasks to queue
[2023-12-07T17:11:16.842+0000] {logging_mixin.py:154} INFO - [2023-12-07T17:11:16.842+0000] {dagbag.py:536} INFO - Filling up the DagBag from /home/ubuntu/ec2_customer_chum_venv/lib/python3.10/site-packages/airflow/example_dags/example_sla_dag.py
[2023-12-07T17:11:16.852+0000] {processor.py:839} INFO - DAG(s) dict_keys(['example_sla_dag']) retrieved from /home/ubuntu/ec2_customer_chum_venv/lib/python3.10/site-packages/airflow/example_dags/example_sla_dag.py
[2023-12-07T17:11:16.868+0000] {logging_mixin.py:154} INFO - [2023-12-07T17:11:16.868+0000] {dag.py:2941} INFO - Sync 1 DAGs
[2023-12-07T17:11:16.893+0000] {logging_mixin.py:154} INFO - [2023-12-07T17:11:16.893+0000] {dag.py:3722} INFO - Setting next_dagrun for example_sla_dag to 2023-12-07T17:08:00+00:00, run_after=2023-12-07T17:10:00+00:00
[2023-12-07T17:11:16.916+0000] {processor.py:179} INFO - Processing /home/ubuntu/ec2_customer_chum_venv/lib/python3.10/site-packages/airflow/example_dags/example_sla_dag.py took 0.080 seconds
[2023-12-07T17:12:02.658+0000] {processor.py:157} INFO - Started process (PID=6372) to work on /home/ubuntu/ec2_customer_chum_venv/lib/python3.10/site-packages/airflow/example_dags/example_sla_dag.py
[2023-12-07T17:12:02.660+0000] {processor.py:829} INFO - Processing file /home/ubuntu/ec2_customer_chum_venv/lib/python3.10/site-packages/airflow/example_dags/example_sla_dag.py for tasks to queue
[2023-12-07T17:12:02.660+0000] {logging_mixin.py:154} INFO - [2023-12-07T17:12:02.660+0000] {dagbag.py:536} INFO - Filling up the DagBag from /home/ubuntu/ec2_customer_chum_venv/lib/python3.10/site-packages/airflow/example_dags/example_sla_dag.py
[2023-12-07T17:12:02.670+0000] {processor.py:839} INFO - DAG(s) dict_keys(['example_sla_dag']) retrieved from /home/ubuntu/ec2_customer_chum_venv/lib/python3.10/site-packages/airflow/example_dags/example_sla_dag.py
[2023-12-07T17:12:02.688+0000] {logging_mixin.py:154} INFO - [2023-12-07T17:12:02.688+0000] {dag.py:2941} INFO - Sync 1 DAGs
[2023-12-07T17:12:02.713+0000] {logging_mixin.py:154} INFO - [2023-12-07T17:12:02.713+0000] {dag.py:3722} INFO - Setting next_dagrun for example_sla_dag to 2023-12-07T17:10:00+00:00, run_after=2023-12-07T17:12:00+00:00
[2023-12-07T17:12:02.738+0000] {processor.py:179} INFO - Processing /home/ubuntu/ec2_customer_chum_venv/lib/python3.10/site-packages/airflow/example_dags/example_sla_dag.py took 0.084 seconds
[2023-12-07T17:12:49.974+0000] {processor.py:157} INFO - Started process (PID=6419) to work on /home/ubuntu/ec2_customer_chum_venv/lib/python3.10/site-packages/airflow/example_dags/example_sla_dag.py
[2023-12-07T17:12:49.976+0000] {processor.py:829} INFO - Processing file /home/ubuntu/ec2_customer_chum_venv/lib/python3.10/site-packages/airflow/example_dags/example_sla_dag.py for tasks to queue
[2023-12-07T17:12:49.977+0000] {logging_mixin.py:154} INFO - [2023-12-07T17:12:49.976+0000] {dagbag.py:536} INFO - Filling up the DagBag from /home/ubuntu/ec2_customer_chum_venv/lib/python3.10/site-packages/airflow/example_dags/example_sla_dag.py
[2023-12-07T17:12:49.986+0000] {processor.py:839} INFO - DAG(s) dict_keys(['example_sla_dag']) retrieved from /home/ubuntu/ec2_customer_chum_venv/lib/python3.10/site-packages/airflow/example_dags/example_sla_dag.py
[2023-12-07T17:12:50.003+0000] {logging_mixin.py:154} INFO - [2023-12-07T17:12:50.003+0000] {dag.py:2941} INFO - Sync 1 DAGs
[2023-12-07T17:12:50.029+0000] {logging_mixin.py:154} INFO - [2023-12-07T17:12:50.029+0000] {dag.py:3722} INFO - Setting next_dagrun for example_sla_dag to 2023-12-07T17:10:00+00:00, run_after=2023-12-07T17:12:00+00:00
[2023-12-07T17:12:50.052+0000] {processor.py:179} INFO - Processing /home/ubuntu/ec2_customer_chum_venv/lib/python3.10/site-packages/airflow/example_dags/example_sla_dag.py took 0.081 seconds
[2023-12-07T17:13:36.434+0000] {processor.py:157} INFO - Started process (PID=6555) to work on /home/ubuntu/ec2_customer_chum_venv/lib/python3.10/site-packages/airflow/example_dags/example_sla_dag.py
[2023-12-07T17:13:36.435+0000] {processor.py:829} INFO - Processing file /home/ubuntu/ec2_customer_chum_venv/lib/python3.10/site-packages/airflow/example_dags/example_sla_dag.py for tasks to queue
[2023-12-07T17:13:36.436+0000] {logging_mixin.py:154} INFO - [2023-12-07T17:13:36.435+0000] {dagbag.py:536} INFO - Filling up the DagBag from /home/ubuntu/ec2_customer_chum_venv/lib/python3.10/site-packages/airflow/example_dags/example_sla_dag.py
[2023-12-07T17:13:36.445+0000] {processor.py:839} INFO - DAG(s) dict_keys(['example_sla_dag']) retrieved from /home/ubuntu/ec2_customer_chum_venv/lib/python3.10/site-packages/airflow/example_dags/example_sla_dag.py
[2023-12-07T17:13:36.462+0000] {logging_mixin.py:154} INFO - [2023-12-07T17:13:36.462+0000] {dag.py:2941} INFO - Sync 1 DAGs
[2023-12-07T17:13:36.486+0000] {logging_mixin.py:154} INFO - [2023-12-07T17:13:36.486+0000] {dag.py:3722} INFO - Setting next_dagrun for example_sla_dag to 2023-12-07T17:10:00+00:00, run_after=2023-12-07T17:12:00+00:00
[2023-12-07T17:13:36.511+0000] {processor.py:179} INFO - Processing /home/ubuntu/ec2_customer_chum_venv/lib/python3.10/site-packages/airflow/example_dags/example_sla_dag.py took 0.081 seconds
[2023-12-07T17:14:17.005+0000] {processor.py:157} INFO - Started process (PID=6597) to work on /home/ubuntu/ec2_customer_chum_venv/lib/python3.10/site-packages/airflow/example_dags/example_sla_dag.py
[2023-12-07T17:14:17.006+0000] {processor.py:829} INFO - Processing file /home/ubuntu/ec2_customer_chum_venv/lib/python3.10/site-packages/airflow/example_dags/example_sla_dag.py for tasks to queue
[2023-12-07T17:14:17.007+0000] {logging_mixin.py:154} INFO - [2023-12-07T17:14:17.007+0000] {dagbag.py:536} INFO - Filling up the DagBag from /home/ubuntu/ec2_customer_chum_venv/lib/python3.10/site-packages/airflow/example_dags/example_sla_dag.py
[2023-12-07T17:14:17.017+0000] {processor.py:839} INFO - DAG(s) dict_keys(['example_sla_dag']) retrieved from /home/ubuntu/ec2_customer_chum_venv/lib/python3.10/site-packages/airflow/example_dags/example_sla_dag.py
[2023-12-07T17:14:17.033+0000] {logging_mixin.py:154} INFO - [2023-12-07T17:14:17.033+0000] {dag.py:2941} INFO - Sync 1 DAGs
[2023-12-07T17:14:17.057+0000] {logging_mixin.py:154} INFO - [2023-12-07T17:14:17.057+0000] {dag.py:3722} INFO - Setting next_dagrun for example_sla_dag to 2023-12-07T17:12:00+00:00, run_after=2023-12-07T17:14:00+00:00
[2023-12-07T17:14:17.079+0000] {processor.py:179} INFO - Processing /home/ubuntu/ec2_customer_chum_venv/lib/python3.10/site-packages/airflow/example_dags/example_sla_dag.py took 0.078 seconds
[2023-12-07T17:15:00.421+0000] {processor.py:157} INFO - Started process (PID=6709) to work on /home/ubuntu/ec2_customer_chum_venv/lib/python3.10/site-packages/airflow/example_dags/example_sla_dag.py
[2023-12-07T17:15:00.423+0000] {processor.py:829} INFO - Processing file /home/ubuntu/ec2_customer_chum_venv/lib/python3.10/site-packages/airflow/example_dags/example_sla_dag.py for tasks to queue
[2023-12-07T17:15:00.424+0000] {logging_mixin.py:154} INFO - [2023-12-07T17:15:00.423+0000] {dagbag.py:536} INFO - Filling up the DagBag from /home/ubuntu/ec2_customer_chum_venv/lib/python3.10/site-packages/airflow/example_dags/example_sla_dag.py
[2023-12-07T17:15:00.437+0000] {processor.py:839} INFO - DAG(s) dict_keys(['example_sla_dag']) retrieved from /home/ubuntu/ec2_customer_chum_venv/lib/python3.10/site-packages/airflow/example_dags/example_sla_dag.py
[2023-12-07T17:15:00.457+0000] {logging_mixin.py:154} INFO - [2023-12-07T17:15:00.456+0000] {dag.py:2941} INFO - Sync 1 DAGs
[2023-12-07T17:15:00.486+0000] {logging_mixin.py:154} INFO - [2023-12-07T17:15:00.486+0000] {dag.py:3722} INFO - Setting next_dagrun for example_sla_dag to 2023-12-07T17:12:00+00:00, run_after=2023-12-07T17:14:00+00:00
[2023-12-07T17:15:00.516+0000] {processor.py:179} INFO - Processing /home/ubuntu/ec2_customer_chum_venv/lib/python3.10/site-packages/airflow/example_dags/example_sla_dag.py took 0.099 seconds
