[2023-12-07T16:49:52.873+0000] {processor.py:157} INFO - Started process (PID=5004) to work on /home/ubuntu/ec2_customer_chum_venv/lib/python3.10/site-packages/airflow/example_dags/example_branch_labels.py
[2023-12-07T16:49:52.874+0000] {processor.py:829} INFO - Processing file /home/ubuntu/ec2_customer_chum_venv/lib/python3.10/site-packages/airflow/example_dags/example_branch_labels.py for tasks to queue
[2023-12-07T16:49:52.875+0000] {logging_mixin.py:154} INFO - [2023-12-07T16:49:52.875+0000] {dagbag.py:536} INFO - Filling up the DagBag from /home/ubuntu/ec2_customer_chum_venv/lib/python3.10/site-packages/airflow/example_dags/example_branch_labels.py
[2023-12-07T16:49:52.884+0000] {processor.py:839} INFO - DAG(s) dict_keys(['example_branch_labels']) retrieved from /home/ubuntu/ec2_customer_chum_venv/lib/python3.10/site-packages/airflow/example_dags/example_branch_labels.py
[2023-12-07T16:49:52.999+0000] {logging_mixin.py:154} INFO - [2023-12-07T16:49:52.999+0000] {manager.py:499} INFO - Created Permission View: %s
[2023-12-07T16:49:53.015+0000] {logging_mixin.py:154} INFO - [2023-12-07T16:49:53.014+0000] {manager.py:499} INFO - Created Permission View: %s
[2023-12-07T16:49:53.026+0000] {logging_mixin.py:154} INFO - [2023-12-07T16:49:53.025+0000] {manager.py:499} INFO - Created Permission View: %s
[2023-12-07T16:49:53.026+0000] {logging_mixin.py:154} INFO - [2023-12-07T16:49:53.026+0000] {dag.py:2941} INFO - Sync 1 DAGs
[2023-12-07T16:49:53.038+0000] {logging_mixin.py:154} INFO - [2023-12-07T16:49:53.037+0000] {dag.py:2963} INFO - Creating ORM DAG for example_branch_labels
[2023-12-07T16:49:53.048+0000] {logging_mixin.py:154} INFO - [2023-12-07T16:49:53.048+0000] {dag.py:3722} INFO - Setting next_dagrun for example_branch_labels to 2023-12-06T00:00:00+00:00, run_after=2023-12-07T00:00:00+00:00
[2023-12-07T16:49:53.070+0000] {processor.py:179} INFO - Processing /home/ubuntu/ec2_customer_chum_venv/lib/python3.10/site-packages/airflow/example_dags/example_branch_labels.py took 0.200 seconds
[2023-12-07T16:50:46.295+0000] {processor.py:157} INFO - Started process (PID=5057) to work on /home/ubuntu/ec2_customer_chum_venv/lib/python3.10/site-packages/airflow/example_dags/example_branch_labels.py
[2023-12-07T16:50:46.296+0000] {processor.py:829} INFO - Processing file /home/ubuntu/ec2_customer_chum_venv/lib/python3.10/site-packages/airflow/example_dags/example_branch_labels.py for tasks to queue
[2023-12-07T16:50:46.297+0000] {logging_mixin.py:154} INFO - [2023-12-07T16:50:46.297+0000] {dagbag.py:536} INFO - Filling up the DagBag from /home/ubuntu/ec2_customer_chum_venv/lib/python3.10/site-packages/airflow/example_dags/example_branch_labels.py
[2023-12-07T16:50:46.305+0000] {processor.py:839} INFO - DAG(s) dict_keys(['example_branch_labels']) retrieved from /home/ubuntu/ec2_customer_chum_venv/lib/python3.10/site-packages/airflow/example_dags/example_branch_labels.py
[2023-12-07T16:50:46.324+0000] {logging_mixin.py:154} INFO - [2023-12-07T16:50:46.324+0000] {dag.py:2941} INFO - Sync 1 DAGs
[2023-12-07T16:50:46.346+0000] {logging_mixin.py:154} INFO - [2023-12-07T16:50:46.346+0000] {dag.py:3722} INFO - Setting next_dagrun for example_branch_labels to 2023-12-06T00:00:00+00:00, run_after=2023-12-07T00:00:00+00:00
[2023-12-07T16:50:46.367+0000] {processor.py:179} INFO - Processing /home/ubuntu/ec2_customer_chum_venv/lib/python3.10/site-packages/airflow/example_dags/example_branch_labels.py took 0.076 seconds
[2023-12-07T16:51:35.224+0000] {processor.py:157} INFO - Started process (PID=5107) to work on /home/ubuntu/ec2_customer_chum_venv/lib/python3.10/site-packages/airflow/example_dags/example_branch_labels.py
[2023-12-07T16:51:35.227+0000] {processor.py:829} INFO - Processing file /home/ubuntu/ec2_customer_chum_venv/lib/python3.10/site-packages/airflow/example_dags/example_branch_labels.py for tasks to queue
[2023-12-07T16:51:35.227+0000] {logging_mixin.py:154} INFO - [2023-12-07T16:51:35.227+0000] {dagbag.py:536} INFO - Filling up the DagBag from /home/ubuntu/ec2_customer_chum_venv/lib/python3.10/site-packages/airflow/example_dags/example_branch_labels.py
[2023-12-07T16:51:35.236+0000] {processor.py:839} INFO - DAG(s) dict_keys(['example_branch_labels']) retrieved from /home/ubuntu/ec2_customer_chum_venv/lib/python3.10/site-packages/airflow/example_dags/example_branch_labels.py
[2023-12-07T16:51:35.254+0000] {logging_mixin.py:154} INFO - [2023-12-07T16:51:35.254+0000] {dag.py:2941} INFO - Sync 1 DAGs
[2023-12-07T16:51:35.275+0000] {logging_mixin.py:154} INFO - [2023-12-07T16:51:35.275+0000] {dag.py:3722} INFO - Setting next_dagrun for example_branch_labels to 2023-12-06T00:00:00+00:00, run_after=2023-12-07T00:00:00+00:00
[2023-12-07T16:51:35.302+0000] {processor.py:179} INFO - Processing /home/ubuntu/ec2_customer_chum_venv/lib/python3.10/site-packages/airflow/example_dags/example_branch_labels.py took 0.081 seconds
[2023-12-07T16:52:24.682+0000] {processor.py:157} INFO - Started process (PID=5160) to work on /home/ubuntu/ec2_customer_chum_venv/lib/python3.10/site-packages/airflow/example_dags/example_branch_labels.py
[2023-12-07T16:52:24.684+0000] {processor.py:829} INFO - Processing file /home/ubuntu/ec2_customer_chum_venv/lib/python3.10/site-packages/airflow/example_dags/example_branch_labels.py for tasks to queue
[2023-12-07T16:52:24.684+0000] {logging_mixin.py:154} INFO - [2023-12-07T16:52:24.684+0000] {dagbag.py:536} INFO - Filling up the DagBag from /home/ubuntu/ec2_customer_chum_venv/lib/python3.10/site-packages/airflow/example_dags/example_branch_labels.py
[2023-12-07T16:52:24.693+0000] {processor.py:839} INFO - DAG(s) dict_keys(['example_branch_labels']) retrieved from /home/ubuntu/ec2_customer_chum_venv/lib/python3.10/site-packages/airflow/example_dags/example_branch_labels.py
[2023-12-07T16:52:24.711+0000] {logging_mixin.py:154} INFO - [2023-12-07T16:52:24.711+0000] {dag.py:2941} INFO - Sync 1 DAGs
[2023-12-07T16:52:24.734+0000] {logging_mixin.py:154} INFO - [2023-12-07T16:52:24.733+0000] {dag.py:3722} INFO - Setting next_dagrun for example_branch_labels to 2023-12-06T00:00:00+00:00, run_after=2023-12-07T00:00:00+00:00
[2023-12-07T16:52:24.756+0000] {processor.py:179} INFO - Processing /home/ubuntu/ec2_customer_chum_venv/lib/python3.10/site-packages/airflow/example_dags/example_branch_labels.py took 0.077 seconds
[2023-12-07T16:54:20.731+0000] {processor.py:157} INFO - Started process (PID=5267) to work on /home/ubuntu/ec2_customer_chum_venv/lib/python3.10/site-packages/airflow/example_dags/example_branch_labels.py
[2023-12-07T16:54:20.733+0000] {processor.py:829} INFO - Processing file /home/ubuntu/ec2_customer_chum_venv/lib/python3.10/site-packages/airflow/example_dags/example_branch_labels.py for tasks to queue
[2023-12-07T16:54:20.733+0000] {logging_mixin.py:154} INFO - [2023-12-07T16:54:20.733+0000] {dagbag.py:536} INFO - Filling up the DagBag from /home/ubuntu/ec2_customer_chum_venv/lib/python3.10/site-packages/airflow/example_dags/example_branch_labels.py
[2023-12-07T16:54:20.742+0000] {processor.py:839} INFO - DAG(s) dict_keys(['example_branch_labels']) retrieved from /home/ubuntu/ec2_customer_chum_venv/lib/python3.10/site-packages/airflow/example_dags/example_branch_labels.py
[2023-12-07T16:54:20.762+0000] {logging_mixin.py:154} INFO - [2023-12-07T16:54:20.762+0000] {dag.py:2941} INFO - Sync 1 DAGs
[2023-12-07T16:54:20.784+0000] {logging_mixin.py:154} INFO - [2023-12-07T16:54:20.784+0000] {dag.py:3722} INFO - Setting next_dagrun for example_branch_labels to 2023-12-06T00:00:00+00:00, run_after=2023-12-07T00:00:00+00:00
[2023-12-07T16:54:20.806+0000] {processor.py:179} INFO - Processing /home/ubuntu/ec2_customer_chum_venv/lib/python3.10/site-packages/airflow/example_dags/example_branch_labels.py took 0.078 seconds
[2023-12-07T16:55:07.093+0000] {processor.py:157} INFO - Started process (PID=5315) to work on /home/ubuntu/ec2_customer_chum_venv/lib/python3.10/site-packages/airflow/example_dags/example_branch_labels.py
[2023-12-07T16:55:07.094+0000] {processor.py:829} INFO - Processing file /home/ubuntu/ec2_customer_chum_venv/lib/python3.10/site-packages/airflow/example_dags/example_branch_labels.py for tasks to queue
[2023-12-07T16:55:07.095+0000] {logging_mixin.py:154} INFO - [2023-12-07T16:55:07.095+0000] {dagbag.py:536} INFO - Filling up the DagBag from /home/ubuntu/ec2_customer_chum_venv/lib/python3.10/site-packages/airflow/example_dags/example_branch_labels.py
[2023-12-07T16:55:07.103+0000] {processor.py:839} INFO - DAG(s) dict_keys(['example_branch_labels']) retrieved from /home/ubuntu/ec2_customer_chum_venv/lib/python3.10/site-packages/airflow/example_dags/example_branch_labels.py
[2023-12-07T16:55:07.123+0000] {logging_mixin.py:154} INFO - [2023-12-07T16:55:07.122+0000] {dag.py:2941} INFO - Sync 1 DAGs
[2023-12-07T16:55:07.146+0000] {logging_mixin.py:154} INFO - [2023-12-07T16:55:07.146+0000] {dag.py:3722} INFO - Setting next_dagrun for example_branch_labels to 2023-12-06T00:00:00+00:00, run_after=2023-12-07T00:00:00+00:00
[2023-12-07T16:55:07.171+0000] {processor.py:179} INFO - Processing /home/ubuntu/ec2_customer_chum_venv/lib/python3.10/site-packages/airflow/example_dags/example_branch_labels.py took 0.082 seconds
[2023-12-07T16:55:51.262+0000] {processor.py:157} INFO - Started process (PID=5363) to work on /home/ubuntu/ec2_customer_chum_venv/lib/python3.10/site-packages/airflow/example_dags/example_branch_labels.py
[2023-12-07T16:55:51.264+0000] {processor.py:829} INFO - Processing file /home/ubuntu/ec2_customer_chum_venv/lib/python3.10/site-packages/airflow/example_dags/example_branch_labels.py for tasks to queue
[2023-12-07T16:55:51.265+0000] {logging_mixin.py:154} INFO - [2023-12-07T16:55:51.264+0000] {dagbag.py:536} INFO - Filling up the DagBag from /home/ubuntu/ec2_customer_chum_venv/lib/python3.10/site-packages/airflow/example_dags/example_branch_labels.py
[2023-12-07T16:55:51.273+0000] {processor.py:839} INFO - DAG(s) dict_keys(['example_branch_labels']) retrieved from /home/ubuntu/ec2_customer_chum_venv/lib/python3.10/site-packages/airflow/example_dags/example_branch_labels.py
[2023-12-07T16:55:51.291+0000] {logging_mixin.py:154} INFO - [2023-12-07T16:55:51.291+0000] {dag.py:2941} INFO - Sync 1 DAGs
[2023-12-07T16:55:51.313+0000] {logging_mixin.py:154} INFO - [2023-12-07T16:55:51.313+0000] {dag.py:3722} INFO - Setting next_dagrun for example_branch_labels to 2023-12-06T00:00:00+00:00, run_after=2023-12-07T00:00:00+00:00
[2023-12-07T16:55:51.338+0000] {processor.py:179} INFO - Processing /home/ubuntu/ec2_customer_chum_venv/lib/python3.10/site-packages/airflow/example_dags/example_branch_labels.py took 0.079 seconds
[2023-12-07T16:56:35.987+0000] {processor.py:157} INFO - Started process (PID=5409) to work on /home/ubuntu/ec2_customer_chum_venv/lib/python3.10/site-packages/airflow/example_dags/example_branch_labels.py
[2023-12-07T16:56:35.988+0000] {processor.py:829} INFO - Processing file /home/ubuntu/ec2_customer_chum_venv/lib/python3.10/site-packages/airflow/example_dags/example_branch_labels.py for tasks to queue
[2023-12-07T16:56:35.989+0000] {logging_mixin.py:154} INFO - [2023-12-07T16:56:35.988+0000] {dagbag.py:536} INFO - Filling up the DagBag from /home/ubuntu/ec2_customer_chum_venv/lib/python3.10/site-packages/airflow/example_dags/example_branch_labels.py
[2023-12-07T16:56:35.997+0000] {processor.py:839} INFO - DAG(s) dict_keys(['example_branch_labels']) retrieved from /home/ubuntu/ec2_customer_chum_venv/lib/python3.10/site-packages/airflow/example_dags/example_branch_labels.py
[2023-12-07T16:56:36.017+0000] {logging_mixin.py:154} INFO - [2023-12-07T16:56:36.017+0000] {dag.py:2941} INFO - Sync 1 DAGs
[2023-12-07T16:56:36.039+0000] {logging_mixin.py:154} INFO - [2023-12-07T16:56:36.039+0000] {dag.py:3722} INFO - Setting next_dagrun for example_branch_labels to 2023-12-06T00:00:00+00:00, run_after=2023-12-07T00:00:00+00:00
[2023-12-07T16:56:36.064+0000] {processor.py:179} INFO - Processing /home/ubuntu/ec2_customer_chum_venv/lib/python3.10/site-packages/airflow/example_dags/example_branch_labels.py took 0.081 seconds
[2023-12-07T16:57:34.291+0000] {processor.py:157} INFO - Started process (PID=5469) to work on /home/ubuntu/ec2_customer_chum_venv/lib/python3.10/site-packages/airflow/example_dags/example_branch_labels.py
[2023-12-07T16:57:34.293+0000] {processor.py:829} INFO - Processing file /home/ubuntu/ec2_customer_chum_venv/lib/python3.10/site-packages/airflow/example_dags/example_branch_labels.py for tasks to queue
[2023-12-07T16:57:34.294+0000] {logging_mixin.py:154} INFO - [2023-12-07T16:57:34.293+0000] {dagbag.py:536} INFO - Filling up the DagBag from /home/ubuntu/ec2_customer_chum_venv/lib/python3.10/site-packages/airflow/example_dags/example_branch_labels.py
[2023-12-07T16:57:34.302+0000] {processor.py:839} INFO - DAG(s) dict_keys(['example_branch_labels']) retrieved from /home/ubuntu/ec2_customer_chum_venv/lib/python3.10/site-packages/airflow/example_dags/example_branch_labels.py
[2023-12-07T16:57:34.321+0000] {logging_mixin.py:154} INFO - [2023-12-07T16:57:34.320+0000] {dag.py:2941} INFO - Sync 1 DAGs
[2023-12-07T16:57:34.342+0000] {logging_mixin.py:154} INFO - [2023-12-07T16:57:34.342+0000] {dag.py:3722} INFO - Setting next_dagrun for example_branch_labels to 2023-12-06T00:00:00+00:00, run_after=2023-12-07T00:00:00+00:00
[2023-12-07T16:57:34.366+0000] {processor.py:179} INFO - Processing /home/ubuntu/ec2_customer_chum_venv/lib/python3.10/site-packages/airflow/example_dags/example_branch_labels.py took 0.078 seconds
[2023-12-07T16:58:31.205+0000] {processor.py:157} INFO - Started process (PID=5530) to work on /home/ubuntu/ec2_customer_chum_venv/lib/python3.10/site-packages/airflow/example_dags/example_branch_labels.py
[2023-12-07T16:58:31.206+0000] {processor.py:829} INFO - Processing file /home/ubuntu/ec2_customer_chum_venv/lib/python3.10/site-packages/airflow/example_dags/example_branch_labels.py for tasks to queue
[2023-12-07T16:58:31.207+0000] {logging_mixin.py:154} INFO - [2023-12-07T16:58:31.207+0000] {dagbag.py:536} INFO - Filling up the DagBag from /home/ubuntu/ec2_customer_chum_venv/lib/python3.10/site-packages/airflow/example_dags/example_branch_labels.py
[2023-12-07T16:58:31.216+0000] {processor.py:839} INFO - DAG(s) dict_keys(['example_branch_labels']) retrieved from /home/ubuntu/ec2_customer_chum_venv/lib/python3.10/site-packages/airflow/example_dags/example_branch_labels.py
[2023-12-07T16:58:31.235+0000] {logging_mixin.py:154} INFO - [2023-12-07T16:58:31.234+0000] {dag.py:2941} INFO - Sync 1 DAGs
[2023-12-07T16:58:31.257+0000] {logging_mixin.py:154} INFO - [2023-12-07T16:58:31.257+0000] {dag.py:3722} INFO - Setting next_dagrun for example_branch_labels to 2023-12-06T00:00:00+00:00, run_after=2023-12-07T00:00:00+00:00
[2023-12-07T16:58:31.281+0000] {processor.py:179} INFO - Processing /home/ubuntu/ec2_customer_chum_venv/lib/python3.10/site-packages/airflow/example_dags/example_branch_labels.py took 0.079 seconds
[2023-12-07T16:59:27.575+0000] {processor.py:157} INFO - Started process (PID=5589) to work on /home/ubuntu/ec2_customer_chum_venv/lib/python3.10/site-packages/airflow/example_dags/example_branch_labels.py
[2023-12-07T16:59:27.576+0000] {processor.py:829} INFO - Processing file /home/ubuntu/ec2_customer_chum_venv/lib/python3.10/site-packages/airflow/example_dags/example_branch_labels.py for tasks to queue
[2023-12-07T16:59:27.577+0000] {logging_mixin.py:154} INFO - [2023-12-07T16:59:27.577+0000] {dagbag.py:536} INFO - Filling up the DagBag from /home/ubuntu/ec2_customer_chum_venv/lib/python3.10/site-packages/airflow/example_dags/example_branch_labels.py
[2023-12-07T16:59:27.586+0000] {processor.py:839} INFO - DAG(s) dict_keys(['example_branch_labels']) retrieved from /home/ubuntu/ec2_customer_chum_venv/lib/python3.10/site-packages/airflow/example_dags/example_branch_labels.py
[2023-12-07T16:59:27.605+0000] {logging_mixin.py:154} INFO - [2023-12-07T16:59:27.604+0000] {dag.py:2941} INFO - Sync 1 DAGs
[2023-12-07T16:59:27.626+0000] {logging_mixin.py:154} INFO - [2023-12-07T16:59:27.626+0000] {dag.py:3722} INFO - Setting next_dagrun for example_branch_labels to 2023-12-06T00:00:00+00:00, run_after=2023-12-07T00:00:00+00:00
[2023-12-07T16:59:27.699+0000] {processor.py:179} INFO - Processing /home/ubuntu/ec2_customer_chum_venv/lib/python3.10/site-packages/airflow/example_dags/example_branch_labels.py took 0.128 seconds
[2023-12-07T17:00:29.158+0000] {processor.py:157} INFO - Started process (PID=5653) to work on /home/ubuntu/ec2_customer_chum_venv/lib/python3.10/site-packages/airflow/example_dags/example_branch_labels.py
[2023-12-07T17:00:29.159+0000] {processor.py:829} INFO - Processing file /home/ubuntu/ec2_customer_chum_venv/lib/python3.10/site-packages/airflow/example_dags/example_branch_labels.py for tasks to queue
[2023-12-07T17:00:29.160+0000] {logging_mixin.py:154} INFO - [2023-12-07T17:00:29.160+0000] {dagbag.py:536} INFO - Filling up the DagBag from /home/ubuntu/ec2_customer_chum_venv/lib/python3.10/site-packages/airflow/example_dags/example_branch_labels.py
[2023-12-07T17:00:29.169+0000] {processor.py:839} INFO - DAG(s) dict_keys(['example_branch_labels']) retrieved from /home/ubuntu/ec2_customer_chum_venv/lib/python3.10/site-packages/airflow/example_dags/example_branch_labels.py
[2023-12-07T17:00:29.188+0000] {logging_mixin.py:154} INFO - [2023-12-07T17:00:29.187+0000] {dag.py:2941} INFO - Sync 1 DAGs
[2023-12-07T17:00:29.210+0000] {logging_mixin.py:154} INFO - [2023-12-07T17:00:29.210+0000] {dag.py:3722} INFO - Setting next_dagrun for example_branch_labels to 2023-12-06T00:00:00+00:00, run_after=2023-12-07T00:00:00+00:00
[2023-12-07T17:00:29.232+0000] {processor.py:179} INFO - Processing /home/ubuntu/ec2_customer_chum_venv/lib/python3.10/site-packages/airflow/example_dags/example_branch_labels.py took 0.078 seconds
[2023-12-07T17:01:16.229+0000] {processor.py:157} INFO - Started process (PID=5701) to work on /home/ubuntu/ec2_customer_chum_venv/lib/python3.10/site-packages/airflow/example_dags/example_branch_labels.py
[2023-12-07T17:01:16.230+0000] {processor.py:829} INFO - Processing file /home/ubuntu/ec2_customer_chum_venv/lib/python3.10/site-packages/airflow/example_dags/example_branch_labels.py for tasks to queue
[2023-12-07T17:01:16.231+0000] {logging_mixin.py:154} INFO - [2023-12-07T17:01:16.231+0000] {dagbag.py:536} INFO - Filling up the DagBag from /home/ubuntu/ec2_customer_chum_venv/lib/python3.10/site-packages/airflow/example_dags/example_branch_labels.py
[2023-12-07T17:01:16.240+0000] {processor.py:839} INFO - DAG(s) dict_keys(['example_branch_labels']) retrieved from /home/ubuntu/ec2_customer_chum_venv/lib/python3.10/site-packages/airflow/example_dags/example_branch_labels.py
[2023-12-07T17:01:16.259+0000] {logging_mixin.py:154} INFO - [2023-12-07T17:01:16.258+0000] {dag.py:2941} INFO - Sync 1 DAGs
[2023-12-07T17:01:16.281+0000] {logging_mixin.py:154} INFO - [2023-12-07T17:01:16.281+0000] {dag.py:3722} INFO - Setting next_dagrun for example_branch_labels to 2023-12-06T00:00:00+00:00, run_after=2023-12-07T00:00:00+00:00
[2023-12-07T17:01:16.304+0000] {processor.py:179} INFO - Processing /home/ubuntu/ec2_customer_chum_venv/lib/python3.10/site-packages/airflow/example_dags/example_branch_labels.py took 0.079 seconds
[2023-12-07T17:02:02.011+0000] {processor.py:157} INFO - Started process (PID=5747) to work on /home/ubuntu/ec2_customer_chum_venv/lib/python3.10/site-packages/airflow/example_dags/example_branch_labels.py
[2023-12-07T17:02:02.013+0000] {processor.py:829} INFO - Processing file /home/ubuntu/ec2_customer_chum_venv/lib/python3.10/site-packages/airflow/example_dags/example_branch_labels.py for tasks to queue
[2023-12-07T17:02:02.014+0000] {logging_mixin.py:154} INFO - [2023-12-07T17:02:02.014+0000] {dagbag.py:536} INFO - Filling up the DagBag from /home/ubuntu/ec2_customer_chum_venv/lib/python3.10/site-packages/airflow/example_dags/example_branch_labels.py
[2023-12-07T17:02:02.023+0000] {processor.py:839} INFO - DAG(s) dict_keys(['example_branch_labels']) retrieved from /home/ubuntu/ec2_customer_chum_venv/lib/python3.10/site-packages/airflow/example_dags/example_branch_labels.py
[2023-12-07T17:02:02.043+0000] {logging_mixin.py:154} INFO - [2023-12-07T17:02:02.043+0000] {dag.py:2941} INFO - Sync 1 DAGs
[2023-12-07T17:02:02.066+0000] {logging_mixin.py:154} INFO - [2023-12-07T17:02:02.066+0000] {dag.py:3722} INFO - Setting next_dagrun for example_branch_labels to 2023-12-06T00:00:00+00:00, run_after=2023-12-07T00:00:00+00:00
[2023-12-07T17:02:02.093+0000] {processor.py:179} INFO - Processing /home/ubuntu/ec2_customer_chum_venv/lib/python3.10/site-packages/airflow/example_dags/example_branch_labels.py took 0.085 seconds
[2023-12-07T17:02:50.101+0000] {processor.py:157} INFO - Started process (PID=5796) to work on /home/ubuntu/ec2_customer_chum_venv/lib/python3.10/site-packages/airflow/example_dags/example_branch_labels.py
[2023-12-07T17:02:50.103+0000] {processor.py:829} INFO - Processing file /home/ubuntu/ec2_customer_chum_venv/lib/python3.10/site-packages/airflow/example_dags/example_branch_labels.py for tasks to queue
[2023-12-07T17:02:50.104+0000] {logging_mixin.py:154} INFO - [2023-12-07T17:02:50.103+0000] {dagbag.py:536} INFO - Filling up the DagBag from /home/ubuntu/ec2_customer_chum_venv/lib/python3.10/site-packages/airflow/example_dags/example_branch_labels.py
[2023-12-07T17:02:50.112+0000] {processor.py:839} INFO - DAG(s) dict_keys(['example_branch_labels']) retrieved from /home/ubuntu/ec2_customer_chum_venv/lib/python3.10/site-packages/airflow/example_dags/example_branch_labels.py
[2023-12-07T17:02:50.131+0000] {logging_mixin.py:154} INFO - [2023-12-07T17:02:50.131+0000] {dag.py:2941} INFO - Sync 1 DAGs
[2023-12-07T17:02:50.153+0000] {logging_mixin.py:154} INFO - [2023-12-07T17:02:50.153+0000] {dag.py:3722} INFO - Setting next_dagrun for example_branch_labels to 2023-12-06T00:00:00+00:00, run_after=2023-12-07T00:00:00+00:00
[2023-12-07T17:02:50.178+0000] {processor.py:179} INFO - Processing /home/ubuntu/ec2_customer_chum_venv/lib/python3.10/site-packages/airflow/example_dags/example_branch_labels.py took 0.079 seconds
[2023-12-07T17:03:38.503+0000] {processor.py:157} INFO - Started process (PID=5846) to work on /home/ubuntu/ec2_customer_chum_venv/lib/python3.10/site-packages/airflow/example_dags/example_branch_labels.py
[2023-12-07T17:03:38.505+0000] {processor.py:829} INFO - Processing file /home/ubuntu/ec2_customer_chum_venv/lib/python3.10/site-packages/airflow/example_dags/example_branch_labels.py for tasks to queue
[2023-12-07T17:03:38.506+0000] {logging_mixin.py:154} INFO - [2023-12-07T17:03:38.505+0000] {dagbag.py:536} INFO - Filling up the DagBag from /home/ubuntu/ec2_customer_chum_venv/lib/python3.10/site-packages/airflow/example_dags/example_branch_labels.py
[2023-12-07T17:03:38.514+0000] {processor.py:839} INFO - DAG(s) dict_keys(['example_branch_labels']) retrieved from /home/ubuntu/ec2_customer_chum_venv/lib/python3.10/site-packages/airflow/example_dags/example_branch_labels.py
[2023-12-07T17:03:38.533+0000] {logging_mixin.py:154} INFO - [2023-12-07T17:03:38.532+0000] {dag.py:2941} INFO - Sync 1 DAGs
[2023-12-07T17:03:38.554+0000] {logging_mixin.py:154} INFO - [2023-12-07T17:03:38.554+0000] {dag.py:3722} INFO - Setting next_dagrun for example_branch_labels to 2023-12-06T00:00:00+00:00, run_after=2023-12-07T00:00:00+00:00
[2023-12-07T17:03:38.578+0000] {processor.py:179} INFO - Processing /home/ubuntu/ec2_customer_chum_venv/lib/python3.10/site-packages/airflow/example_dags/example_branch_labels.py took 0.078 seconds
[2023-12-07T17:04:37.236+0000] {processor.py:157} INFO - Started process (PID=5907) to work on /home/ubuntu/ec2_customer_chum_venv/lib/python3.10/site-packages/airflow/example_dags/example_branch_labels.py
[2023-12-07T17:04:37.240+0000] {processor.py:829} INFO - Processing file /home/ubuntu/ec2_customer_chum_venv/lib/python3.10/site-packages/airflow/example_dags/example_branch_labels.py for tasks to queue
[2023-12-07T17:04:37.241+0000] {logging_mixin.py:154} INFO - [2023-12-07T17:04:37.240+0000] {dagbag.py:536} INFO - Filling up the DagBag from /home/ubuntu/ec2_customer_chum_venv/lib/python3.10/site-packages/airflow/example_dags/example_branch_labels.py
[2023-12-07T17:04:37.249+0000] {processor.py:839} INFO - DAG(s) dict_keys(['example_branch_labels']) retrieved from /home/ubuntu/ec2_customer_chum_venv/lib/python3.10/site-packages/airflow/example_dags/example_branch_labels.py
[2023-12-07T17:04:37.268+0000] {logging_mixin.py:154} INFO - [2023-12-07T17:04:37.267+0000] {dag.py:2941} INFO - Sync 1 DAGs
[2023-12-07T17:04:37.289+0000] {logging_mixin.py:154} INFO - [2023-12-07T17:04:37.289+0000] {dag.py:3722} INFO - Setting next_dagrun for example_branch_labels to 2023-12-06T00:00:00+00:00, run_after=2023-12-07T00:00:00+00:00
[2023-12-07T17:04:37.311+0000] {processor.py:179} INFO - Processing /home/ubuntu/ec2_customer_chum_venv/lib/python3.10/site-packages/airflow/example_dags/example_branch_labels.py took 0.078 seconds
[2023-12-07T17:05:20.713+0000] {processor.py:157} INFO - Started process (PID=5954) to work on /home/ubuntu/ec2_customer_chum_venv/lib/python3.10/site-packages/airflow/example_dags/example_branch_labels.py
[2023-12-07T17:05:20.714+0000] {processor.py:829} INFO - Processing file /home/ubuntu/ec2_customer_chum_venv/lib/python3.10/site-packages/airflow/example_dags/example_branch_labels.py for tasks to queue
[2023-12-07T17:05:20.715+0000] {logging_mixin.py:154} INFO - [2023-12-07T17:05:20.715+0000] {dagbag.py:536} INFO - Filling up the DagBag from /home/ubuntu/ec2_customer_chum_venv/lib/python3.10/site-packages/airflow/example_dags/example_branch_labels.py
[2023-12-07T17:05:20.724+0000] {processor.py:839} INFO - DAG(s) dict_keys(['example_branch_labels']) retrieved from /home/ubuntu/ec2_customer_chum_venv/lib/python3.10/site-packages/airflow/example_dags/example_branch_labels.py
[2023-12-07T17:05:20.742+0000] {logging_mixin.py:154} INFO - [2023-12-07T17:05:20.742+0000] {dag.py:2941} INFO - Sync 1 DAGs
[2023-12-07T17:05:20.765+0000] {logging_mixin.py:154} INFO - [2023-12-07T17:05:20.765+0000] {dag.py:3722} INFO - Setting next_dagrun for example_branch_labels to 2023-12-06T00:00:00+00:00, run_after=2023-12-07T00:00:00+00:00
[2023-12-07T17:05:20.787+0000] {processor.py:179} INFO - Processing /home/ubuntu/ec2_customer_chum_venv/lib/python3.10/site-packages/airflow/example_dags/example_branch_labels.py took 0.077 seconds
[2023-12-07T17:06:17.821+0000] {processor.py:157} INFO - Started process (PID=6014) to work on /home/ubuntu/ec2_customer_chum_venv/lib/python3.10/site-packages/airflow/example_dags/example_branch_labels.py
[2023-12-07T17:06:17.822+0000] {processor.py:829} INFO - Processing file /home/ubuntu/ec2_customer_chum_venv/lib/python3.10/site-packages/airflow/example_dags/example_branch_labels.py for tasks to queue
[2023-12-07T17:06:17.823+0000] {logging_mixin.py:154} INFO - [2023-12-07T17:06:17.823+0000] {dagbag.py:536} INFO - Filling up the DagBag from /home/ubuntu/ec2_customer_chum_venv/lib/python3.10/site-packages/airflow/example_dags/example_branch_labels.py
[2023-12-07T17:06:17.832+0000] {processor.py:839} INFO - DAG(s) dict_keys(['example_branch_labels']) retrieved from /home/ubuntu/ec2_customer_chum_venv/lib/python3.10/site-packages/airflow/example_dags/example_branch_labels.py
[2023-12-07T17:06:17.851+0000] {logging_mixin.py:154} INFO - [2023-12-07T17:06:17.851+0000] {dag.py:2941} INFO - Sync 1 DAGs
[2023-12-07T17:06:17.873+0000] {logging_mixin.py:154} INFO - [2023-12-07T17:06:17.873+0000] {dag.py:3722} INFO - Setting next_dagrun for example_branch_labels to 2023-12-06T00:00:00+00:00, run_after=2023-12-07T00:00:00+00:00
[2023-12-07T17:06:17.894+0000] {processor.py:179} INFO - Processing /home/ubuntu/ec2_customer_chum_venv/lib/python3.10/site-packages/airflow/example_dags/example_branch_labels.py took 0.076 seconds
[2023-12-07T17:07:05.064+0000] {processor.py:157} INFO - Started process (PID=6060) to work on /home/ubuntu/ec2_customer_chum_venv/lib/python3.10/site-packages/airflow/example_dags/example_branch_labels.py
[2023-12-07T17:07:05.065+0000] {processor.py:829} INFO - Processing file /home/ubuntu/ec2_customer_chum_venv/lib/python3.10/site-packages/airflow/example_dags/example_branch_labels.py for tasks to queue
[2023-12-07T17:07:05.066+0000] {logging_mixin.py:154} INFO - [2023-12-07T17:07:05.066+0000] {dagbag.py:536} INFO - Filling up the DagBag from /home/ubuntu/ec2_customer_chum_venv/lib/python3.10/site-packages/airflow/example_dags/example_branch_labels.py
[2023-12-07T17:07:05.075+0000] {processor.py:839} INFO - DAG(s) dict_keys(['example_branch_labels']) retrieved from /home/ubuntu/ec2_customer_chum_venv/lib/python3.10/site-packages/airflow/example_dags/example_branch_labels.py
[2023-12-07T17:07:05.094+0000] {logging_mixin.py:154} INFO - [2023-12-07T17:07:05.094+0000] {dag.py:2941} INFO - Sync 1 DAGs
[2023-12-07T17:07:05.117+0000] {logging_mixin.py:154} INFO - [2023-12-07T17:07:05.117+0000] {dag.py:3722} INFO - Setting next_dagrun for example_branch_labels to 2023-12-06T00:00:00+00:00, run_after=2023-12-07T00:00:00+00:00
[2023-12-07T17:07:05.140+0000] {processor.py:179} INFO - Processing /home/ubuntu/ec2_customer_chum_venv/lib/python3.10/site-packages/airflow/example_dags/example_branch_labels.py took 0.080 seconds
[2023-12-07T17:07:52.425+0000] {processor.py:157} INFO - Started process (PID=6109) to work on /home/ubuntu/ec2_customer_chum_venv/lib/python3.10/site-packages/airflow/example_dags/example_branch_labels.py
[2023-12-07T17:07:52.426+0000] {processor.py:829} INFO - Processing file /home/ubuntu/ec2_customer_chum_venv/lib/python3.10/site-packages/airflow/example_dags/example_branch_labels.py for tasks to queue
[2023-12-07T17:07:52.427+0000] {logging_mixin.py:154} INFO - [2023-12-07T17:07:52.427+0000] {dagbag.py:536} INFO - Filling up the DagBag from /home/ubuntu/ec2_customer_chum_venv/lib/python3.10/site-packages/airflow/example_dags/example_branch_labels.py
[2023-12-07T17:07:52.436+0000] {processor.py:839} INFO - DAG(s) dict_keys(['example_branch_labels']) retrieved from /home/ubuntu/ec2_customer_chum_venv/lib/python3.10/site-packages/airflow/example_dags/example_branch_labels.py
[2023-12-07T17:07:52.454+0000] {logging_mixin.py:154} INFO - [2023-12-07T17:07:52.454+0000] {dag.py:2941} INFO - Sync 1 DAGs
[2023-12-07T17:07:52.475+0000] {logging_mixin.py:154} INFO - [2023-12-07T17:07:52.475+0000] {dag.py:3722} INFO - Setting next_dagrun for example_branch_labels to 2023-12-06T00:00:00+00:00, run_after=2023-12-07T00:00:00+00:00
[2023-12-07T17:07:52.497+0000] {processor.py:179} INFO - Processing /home/ubuntu/ec2_customer_chum_venv/lib/python3.10/site-packages/airflow/example_dags/example_branch_labels.py took 0.075 seconds
[2023-12-07T17:08:38.742+0000] {processor.py:157} INFO - Started process (PID=6156) to work on /home/ubuntu/ec2_customer_chum_venv/lib/python3.10/site-packages/airflow/example_dags/example_branch_labels.py
[2023-12-07T17:08:38.743+0000] {processor.py:829} INFO - Processing file /home/ubuntu/ec2_customer_chum_venv/lib/python3.10/site-packages/airflow/example_dags/example_branch_labels.py for tasks to queue
[2023-12-07T17:08:38.744+0000] {logging_mixin.py:154} INFO - [2023-12-07T17:08:38.744+0000] {dagbag.py:536} INFO - Filling up the DagBag from /home/ubuntu/ec2_customer_chum_venv/lib/python3.10/site-packages/airflow/example_dags/example_branch_labels.py
[2023-12-07T17:08:38.753+0000] {processor.py:839} INFO - DAG(s) dict_keys(['example_branch_labels']) retrieved from /home/ubuntu/ec2_customer_chum_venv/lib/python3.10/site-packages/airflow/example_dags/example_branch_labels.py
[2023-12-07T17:08:38.772+0000] {logging_mixin.py:154} INFO - [2023-12-07T17:08:38.771+0000] {dag.py:2941} INFO - Sync 1 DAGs
[2023-12-07T17:08:38.794+0000] {logging_mixin.py:154} INFO - [2023-12-07T17:08:38.794+0000] {dag.py:3722} INFO - Setting next_dagrun for example_branch_labels to 2023-12-06T00:00:00+00:00, run_after=2023-12-07T00:00:00+00:00
[2023-12-07T17:08:38.815+0000] {processor.py:179} INFO - Processing /home/ubuntu/ec2_customer_chum_venv/lib/python3.10/site-packages/airflow/example_dags/example_branch_labels.py took 0.076 seconds
[2023-12-07T17:09:25.015+0000] {processor.py:157} INFO - Started process (PID=6204) to work on /home/ubuntu/ec2_customer_chum_venv/lib/python3.10/site-packages/airflow/example_dags/example_branch_labels.py
[2023-12-07T17:09:25.017+0000] {processor.py:829} INFO - Processing file /home/ubuntu/ec2_customer_chum_venv/lib/python3.10/site-packages/airflow/example_dags/example_branch_labels.py for tasks to queue
[2023-12-07T17:09:25.018+0000] {logging_mixin.py:154} INFO - [2023-12-07T17:09:25.017+0000] {dagbag.py:536} INFO - Filling up the DagBag from /home/ubuntu/ec2_customer_chum_venv/lib/python3.10/site-packages/airflow/example_dags/example_branch_labels.py
[2023-12-07T17:09:25.026+0000] {processor.py:839} INFO - DAG(s) dict_keys(['example_branch_labels']) retrieved from /home/ubuntu/ec2_customer_chum_venv/lib/python3.10/site-packages/airflow/example_dags/example_branch_labels.py
[2023-12-07T17:09:25.045+0000] {logging_mixin.py:154} INFO - [2023-12-07T17:09:25.045+0000] {dag.py:2941} INFO - Sync 1 DAGs
[2023-12-07T17:09:25.068+0000] {logging_mixin.py:154} INFO - [2023-12-07T17:09:25.067+0000] {dag.py:3722} INFO - Setting next_dagrun for example_branch_labels to 2023-12-06T00:00:00+00:00, run_after=2023-12-07T00:00:00+00:00
[2023-12-07T17:09:25.091+0000] {processor.py:179} INFO - Processing /home/ubuntu/ec2_customer_chum_venv/lib/python3.10/site-packages/airflow/example_dags/example_branch_labels.py took 0.079 seconds
[2023-12-07T17:10:21.206+0000] {processor.py:157} INFO - Started process (PID=6262) to work on /home/ubuntu/ec2_customer_chum_venv/lib/python3.10/site-packages/airflow/example_dags/example_branch_labels.py
[2023-12-07T17:10:21.207+0000] {processor.py:829} INFO - Processing file /home/ubuntu/ec2_customer_chum_venv/lib/python3.10/site-packages/airflow/example_dags/example_branch_labels.py for tasks to queue
[2023-12-07T17:10:21.208+0000] {logging_mixin.py:154} INFO - [2023-12-07T17:10:21.208+0000] {dagbag.py:536} INFO - Filling up the DagBag from /home/ubuntu/ec2_customer_chum_venv/lib/python3.10/site-packages/airflow/example_dags/example_branch_labels.py
[2023-12-07T17:10:21.217+0000] {processor.py:839} INFO - DAG(s) dict_keys(['example_branch_labels']) retrieved from /home/ubuntu/ec2_customer_chum_venv/lib/python3.10/site-packages/airflow/example_dags/example_branch_labels.py
[2023-12-07T17:10:21.236+0000] {logging_mixin.py:154} INFO - [2023-12-07T17:10:21.236+0000] {dag.py:2941} INFO - Sync 1 DAGs
[2023-12-07T17:10:21.259+0000] {logging_mixin.py:154} INFO - [2023-12-07T17:10:21.259+0000] {dag.py:3722} INFO - Setting next_dagrun for example_branch_labels to 2023-12-06T00:00:00+00:00, run_after=2023-12-07T00:00:00+00:00
[2023-12-07T17:10:21.282+0000] {processor.py:179} INFO - Processing /home/ubuntu/ec2_customer_chum_venv/lib/python3.10/site-packages/airflow/example_dags/example_branch_labels.py took 0.080 seconds
[2023-12-07T17:11:08.127+0000] {processor.py:157} INFO - Started process (PID=6310) to work on /home/ubuntu/ec2_customer_chum_venv/lib/python3.10/site-packages/airflow/example_dags/example_branch_labels.py
[2023-12-07T17:11:08.128+0000] {processor.py:829} INFO - Processing file /home/ubuntu/ec2_customer_chum_venv/lib/python3.10/site-packages/airflow/example_dags/example_branch_labels.py for tasks to queue
[2023-12-07T17:11:08.129+0000] {logging_mixin.py:154} INFO - [2023-12-07T17:11:08.129+0000] {dagbag.py:536} INFO - Filling up the DagBag from /home/ubuntu/ec2_customer_chum_venv/lib/python3.10/site-packages/airflow/example_dags/example_branch_labels.py
[2023-12-07T17:11:08.138+0000] {processor.py:839} INFO - DAG(s) dict_keys(['example_branch_labels']) retrieved from /home/ubuntu/ec2_customer_chum_venv/lib/python3.10/site-packages/airflow/example_dags/example_branch_labels.py
[2023-12-07T17:11:08.157+0000] {logging_mixin.py:154} INFO - [2023-12-07T17:11:08.157+0000] {dag.py:2941} INFO - Sync 1 DAGs
[2023-12-07T17:11:08.180+0000] {logging_mixin.py:154} INFO - [2023-12-07T17:11:08.180+0000] {dag.py:3722} INFO - Setting next_dagrun for example_branch_labels to 2023-12-06T00:00:00+00:00, run_after=2023-12-07T00:00:00+00:00
[2023-12-07T17:11:08.208+0000] {processor.py:179} INFO - Processing /home/ubuntu/ec2_customer_chum_venv/lib/python3.10/site-packages/airflow/example_dags/example_branch_labels.py took 0.085 seconds
[2023-12-07T17:11:53.658+0000] {processor.py:157} INFO - Started process (PID=6362) to work on /home/ubuntu/ec2_customer_chum_venv/lib/python3.10/site-packages/airflow/example_dags/example_branch_labels.py
[2023-12-07T17:11:53.660+0000] {processor.py:829} INFO - Processing file /home/ubuntu/ec2_customer_chum_venv/lib/python3.10/site-packages/airflow/example_dags/example_branch_labels.py for tasks to queue
[2023-12-07T17:11:53.660+0000] {logging_mixin.py:154} INFO - [2023-12-07T17:11:53.660+0000] {dagbag.py:536} INFO - Filling up the DagBag from /home/ubuntu/ec2_customer_chum_venv/lib/python3.10/site-packages/airflow/example_dags/example_branch_labels.py
[2023-12-07T17:11:53.669+0000] {processor.py:839} INFO - DAG(s) dict_keys(['example_branch_labels']) retrieved from /home/ubuntu/ec2_customer_chum_venv/lib/python3.10/site-packages/airflow/example_dags/example_branch_labels.py
[2023-12-07T17:11:53.688+0000] {logging_mixin.py:154} INFO - [2023-12-07T17:11:53.687+0000] {dag.py:2941} INFO - Sync 1 DAGs
[2023-12-07T17:11:53.710+0000] {logging_mixin.py:154} INFO - [2023-12-07T17:11:53.710+0000] {dag.py:3722} INFO - Setting next_dagrun for example_branch_labels to 2023-12-06T00:00:00+00:00, run_after=2023-12-07T00:00:00+00:00
[2023-12-07T17:11:53.733+0000] {processor.py:179} INFO - Processing /home/ubuntu/ec2_customer_chum_venv/lib/python3.10/site-packages/airflow/example_dags/example_branch_labels.py took 0.078 seconds
[2023-12-07T17:12:38.625+0000] {processor.py:157} INFO - Started process (PID=6408) to work on /home/ubuntu/ec2_customer_chum_venv/lib/python3.10/site-packages/airflow/example_dags/example_branch_labels.py
[2023-12-07T17:12:38.626+0000] {processor.py:829} INFO - Processing file /home/ubuntu/ec2_customer_chum_venv/lib/python3.10/site-packages/airflow/example_dags/example_branch_labels.py for tasks to queue
[2023-12-07T17:12:38.627+0000] {logging_mixin.py:154} INFO - [2023-12-07T17:12:38.627+0000] {dagbag.py:536} INFO - Filling up the DagBag from /home/ubuntu/ec2_customer_chum_venv/lib/python3.10/site-packages/airflow/example_dags/example_branch_labels.py
[2023-12-07T17:12:38.636+0000] {processor.py:839} INFO - DAG(s) dict_keys(['example_branch_labels']) retrieved from /home/ubuntu/ec2_customer_chum_venv/lib/python3.10/site-packages/airflow/example_dags/example_branch_labels.py
[2023-12-07T17:12:38.654+0000] {logging_mixin.py:154} INFO - [2023-12-07T17:12:38.654+0000] {dag.py:2941} INFO - Sync 1 DAGs
[2023-12-07T17:12:38.676+0000] {logging_mixin.py:154} INFO - [2023-12-07T17:12:38.675+0000] {dag.py:3722} INFO - Setting next_dagrun for example_branch_labels to 2023-12-06T00:00:00+00:00, run_after=2023-12-07T00:00:00+00:00
[2023-12-07T17:12:38.699+0000] {processor.py:179} INFO - Processing /home/ubuntu/ec2_customer_chum_venv/lib/python3.10/site-packages/airflow/example_dags/example_branch_labels.py took 0.077 seconds
[2023-12-07T17:13:26.292+0000] {processor.py:157} INFO - Started process (PID=6544) to work on /home/ubuntu/ec2_customer_chum_venv/lib/python3.10/site-packages/airflow/example_dags/example_branch_labels.py
[2023-12-07T17:13:26.294+0000] {processor.py:829} INFO - Processing file /home/ubuntu/ec2_customer_chum_venv/lib/python3.10/site-packages/airflow/example_dags/example_branch_labels.py for tasks to queue
[2023-12-07T17:13:26.295+0000] {logging_mixin.py:154} INFO - [2023-12-07T17:13:26.294+0000] {dagbag.py:536} INFO - Filling up the DagBag from /home/ubuntu/ec2_customer_chum_venv/lib/python3.10/site-packages/airflow/example_dags/example_branch_labels.py
[2023-12-07T17:13:26.303+0000] {processor.py:839} INFO - DAG(s) dict_keys(['example_branch_labels']) retrieved from /home/ubuntu/ec2_customer_chum_venv/lib/python3.10/site-packages/airflow/example_dags/example_branch_labels.py
[2023-12-07T17:13:26.322+0000] {logging_mixin.py:154} INFO - [2023-12-07T17:13:26.322+0000] {dag.py:2941} INFO - Sync 1 DAGs
[2023-12-07T17:13:26.344+0000] {logging_mixin.py:154} INFO - [2023-12-07T17:13:26.344+0000] {dag.py:3722} INFO - Setting next_dagrun for example_branch_labels to 2023-12-06T00:00:00+00:00, run_after=2023-12-07T00:00:00+00:00
[2023-12-07T17:13:26.366+0000] {processor.py:179} INFO - Processing /home/ubuntu/ec2_customer_chum_venv/lib/python3.10/site-packages/airflow/example_dags/example_branch_labels.py took 0.077 seconds
[2023-12-07T17:14:22.780+0000] {processor.py:157} INFO - Started process (PID=6603) to work on /home/ubuntu/ec2_customer_chum_venv/lib/python3.10/site-packages/airflow/example_dags/example_branch_labels.py
[2023-12-07T17:14:22.782+0000] {processor.py:829} INFO - Processing file /home/ubuntu/ec2_customer_chum_venv/lib/python3.10/site-packages/airflow/example_dags/example_branch_labels.py for tasks to queue
[2023-12-07T17:14:22.782+0000] {logging_mixin.py:154} INFO - [2023-12-07T17:14:22.782+0000] {dagbag.py:536} INFO - Filling up the DagBag from /home/ubuntu/ec2_customer_chum_venv/lib/python3.10/site-packages/airflow/example_dags/example_branch_labels.py
[2023-12-07T17:14:22.791+0000] {processor.py:839} INFO - DAG(s) dict_keys(['example_branch_labels']) retrieved from /home/ubuntu/ec2_customer_chum_venv/lib/python3.10/site-packages/airflow/example_dags/example_branch_labels.py
[2023-12-07T17:14:22.810+0000] {logging_mixin.py:154} INFO - [2023-12-07T17:14:22.809+0000] {dag.py:2941} INFO - Sync 1 DAGs
[2023-12-07T17:14:22.832+0000] {logging_mixin.py:154} INFO - [2023-12-07T17:14:22.832+0000] {dag.py:3722} INFO - Setting next_dagrun for example_branch_labels to 2023-12-06T00:00:00+00:00, run_after=2023-12-07T00:00:00+00:00
[2023-12-07T17:14:22.854+0000] {processor.py:179} INFO - Processing /home/ubuntu/ec2_customer_chum_venv/lib/python3.10/site-packages/airflow/example_dags/example_branch_labels.py took 0.077 seconds
[2023-12-07T17:15:05.669+0000] {processor.py:157} INFO - Started process (PID=6715) to work on /home/ubuntu/ec2_customer_chum_venv/lib/python3.10/site-packages/airflow/example_dags/example_branch_labels.py
[2023-12-07T17:15:05.671+0000] {processor.py:829} INFO - Processing file /home/ubuntu/ec2_customer_chum_venv/lib/python3.10/site-packages/airflow/example_dags/example_branch_labels.py for tasks to queue
[2023-12-07T17:15:05.672+0000] {logging_mixin.py:154} INFO - [2023-12-07T17:15:05.671+0000] {dagbag.py:536} INFO - Filling up the DagBag from /home/ubuntu/ec2_customer_chum_venv/lib/python3.10/site-packages/airflow/example_dags/example_branch_labels.py
[2023-12-07T17:15:05.681+0000] {processor.py:839} INFO - DAG(s) dict_keys(['example_branch_labels']) retrieved from /home/ubuntu/ec2_customer_chum_venv/lib/python3.10/site-packages/airflow/example_dags/example_branch_labels.py
[2023-12-07T17:15:05.700+0000] {logging_mixin.py:154} INFO - [2023-12-07T17:15:05.699+0000] {dag.py:2941} INFO - Sync 1 DAGs
[2023-12-07T17:15:05.722+0000] {logging_mixin.py:154} INFO - [2023-12-07T17:15:05.722+0000] {dag.py:3722} INFO - Setting next_dagrun for example_branch_labels to 2023-12-06T00:00:00+00:00, run_after=2023-12-07T00:00:00+00:00
[2023-12-07T17:15:05.745+0000] {processor.py:179} INFO - Processing /home/ubuntu/ec2_customer_chum_venv/lib/python3.10/site-packages/airflow/example_dags/example_branch_labels.py took 0.079 seconds
