[2023-12-07T16:49:16.036+0000] {processor.py:157} INFO - Started process (PID=4972) to work on /home/ubuntu/ec2_customer_chum_venv/lib/python3.10/site-packages/airflow/example_dags/example_setup_teardown.py
[2023-12-07T16:49:16.037+0000] {processor.py:829} INFO - Processing file /home/ubuntu/ec2_customer_chum_venv/lib/python3.10/site-packages/airflow/example_dags/example_setup_teardown.py for tasks to queue
[2023-12-07T16:49:16.038+0000] {logging_mixin.py:154} INFO - [2023-12-07T16:49:16.037+0000] {dagbag.py:536} INFO - Filling up the DagBag from /home/ubuntu/ec2_customer_chum_venv/lib/python3.10/site-packages/airflow/example_dags/example_setup_teardown.py
[2023-12-07T16:49:16.048+0000] {processor.py:839} INFO - DAG(s) dict_keys(['example_setup_teardown']) retrieved from /home/ubuntu/ec2_customer_chum_venv/lib/python3.10/site-packages/airflow/example_dags/example_setup_teardown.py
[2023-12-07T16:49:16.160+0000] {logging_mixin.py:154} INFO - [2023-12-07T16:49:16.160+0000] {manager.py:499} INFO - Created Permission View: %s
[2023-12-07T16:49:16.174+0000] {logging_mixin.py:154} INFO - [2023-12-07T16:49:16.173+0000] {manager.py:499} INFO - Created Permission View: %s
[2023-12-07T16:49:16.184+0000] {logging_mixin.py:154} INFO - [2023-12-07T16:49:16.183+0000] {manager.py:499} INFO - Created Permission View: %s
[2023-12-07T16:49:16.184+0000] {logging_mixin.py:154} INFO - [2023-12-07T16:49:16.184+0000] {dag.py:2941} INFO - Sync 1 DAGs
[2023-12-07T16:49:16.197+0000] {logging_mixin.py:154} INFO - [2023-12-07T16:49:16.197+0000] {dag.py:2963} INFO - Creating ORM DAG for example_setup_teardown
[2023-12-07T16:49:16.206+0000] {logging_mixin.py:154} INFO - [2023-12-07T16:49:16.206+0000] {dag.py:3722} INFO - Setting next_dagrun for example_setup_teardown to 2023-12-06T16:49:16.205893+00:00, run_after=2023-12-07T16:49:16.205893+00:00
[2023-12-07T16:49:16.229+0000] {processor.py:179} INFO - Processing /home/ubuntu/ec2_customer_chum_venv/lib/python3.10/site-packages/airflow/example_dags/example_setup_teardown.py took 0.196 seconds
[2023-12-07T16:50:06.812+0000] {processor.py:157} INFO - Started process (PID=5018) to work on /home/ubuntu/ec2_customer_chum_venv/lib/python3.10/site-packages/airflow/example_dags/example_setup_teardown.py
[2023-12-07T16:50:06.813+0000] {processor.py:829} INFO - Processing file /home/ubuntu/ec2_customer_chum_venv/lib/python3.10/site-packages/airflow/example_dags/example_setup_teardown.py for tasks to queue
[2023-12-07T16:50:06.814+0000] {logging_mixin.py:154} INFO - [2023-12-07T16:50:06.814+0000] {dagbag.py:536} INFO - Filling up the DagBag from /home/ubuntu/ec2_customer_chum_venv/lib/python3.10/site-packages/airflow/example_dags/example_setup_teardown.py
[2023-12-07T16:50:06.822+0000] {processor.py:839} INFO - DAG(s) dict_keys(['example_setup_teardown']) retrieved from /home/ubuntu/ec2_customer_chum_venv/lib/python3.10/site-packages/airflow/example_dags/example_setup_teardown.py
[2023-12-07T16:50:06.840+0000] {logging_mixin.py:154} INFO - [2023-12-07T16:50:06.840+0000] {dag.py:2941} INFO - Sync 1 DAGs
[2023-12-07T16:50:06.861+0000] {logging_mixin.py:154} INFO - [2023-12-07T16:50:06.860+0000] {dag.py:3722} INFO - Setting next_dagrun for example_setup_teardown to 2023-12-06T16:50:06.860579+00:00, run_after=2023-12-07T16:50:06.860579+00:00
[2023-12-07T16:50:06.884+0000] {processor.py:179} INFO - Processing /home/ubuntu/ec2_customer_chum_venv/lib/python3.10/site-packages/airflow/example_dags/example_setup_teardown.py took 0.076 seconds
[2023-12-07T16:50:53.402+0000] {processor.py:157} INFO - Started process (PID=5064) to work on /home/ubuntu/ec2_customer_chum_venv/lib/python3.10/site-packages/airflow/example_dags/example_setup_teardown.py
[2023-12-07T16:50:53.403+0000] {processor.py:829} INFO - Processing file /home/ubuntu/ec2_customer_chum_venv/lib/python3.10/site-packages/airflow/example_dags/example_setup_teardown.py for tasks to queue
[2023-12-07T16:50:53.404+0000] {logging_mixin.py:154} INFO - [2023-12-07T16:50:53.403+0000] {dagbag.py:536} INFO - Filling up the DagBag from /home/ubuntu/ec2_customer_chum_venv/lib/python3.10/site-packages/airflow/example_dags/example_setup_teardown.py
[2023-12-07T16:50:53.412+0000] {processor.py:839} INFO - DAG(s) dict_keys(['example_setup_teardown']) retrieved from /home/ubuntu/ec2_customer_chum_venv/lib/python3.10/site-packages/airflow/example_dags/example_setup_teardown.py
[2023-12-07T16:50:53.429+0000] {logging_mixin.py:154} INFO - [2023-12-07T16:50:53.429+0000] {dag.py:2941} INFO - Sync 1 DAGs
[2023-12-07T16:50:53.450+0000] {logging_mixin.py:154} INFO - [2023-12-07T16:50:53.450+0000] {dag.py:3722} INFO - Setting next_dagrun for example_setup_teardown to 2023-12-06T16:50:53.449934+00:00, run_after=2023-12-07T16:50:53.449934+00:00
[2023-12-07T16:50:53.472+0000] {processor.py:179} INFO - Processing /home/ubuntu/ec2_customer_chum_venv/lib/python3.10/site-packages/airflow/example_dags/example_setup_teardown.py took 0.074 seconds
[2023-12-07T16:51:42.576+0000] {processor.py:157} INFO - Started process (PID=5114) to work on /home/ubuntu/ec2_customer_chum_venv/lib/python3.10/site-packages/airflow/example_dags/example_setup_teardown.py
[2023-12-07T16:51:42.577+0000] {processor.py:829} INFO - Processing file /home/ubuntu/ec2_customer_chum_venv/lib/python3.10/site-packages/airflow/example_dags/example_setup_teardown.py for tasks to queue
[2023-12-07T16:51:42.578+0000] {logging_mixin.py:154} INFO - [2023-12-07T16:51:42.578+0000] {dagbag.py:536} INFO - Filling up the DagBag from /home/ubuntu/ec2_customer_chum_venv/lib/python3.10/site-packages/airflow/example_dags/example_setup_teardown.py
[2023-12-07T16:51:42.586+0000] {processor.py:839} INFO - DAG(s) dict_keys(['example_setup_teardown']) retrieved from /home/ubuntu/ec2_customer_chum_venv/lib/python3.10/site-packages/airflow/example_dags/example_setup_teardown.py
[2023-12-07T16:51:42.603+0000] {logging_mixin.py:154} INFO - [2023-12-07T16:51:42.603+0000] {dag.py:2941} INFO - Sync 1 DAGs
[2023-12-07T16:51:42.624+0000] {logging_mixin.py:154} INFO - [2023-12-07T16:51:42.624+0000] {dag.py:3722} INFO - Setting next_dagrun for example_setup_teardown to 2023-12-06T16:51:42.623775+00:00, run_after=2023-12-07T16:51:42.623775+00:00
[2023-12-07T16:51:42.647+0000] {processor.py:179} INFO - Processing /home/ubuntu/ec2_customer_chum_venv/lib/python3.10/site-packages/airflow/example_dags/example_setup_teardown.py took 0.075 seconds
[2023-12-07T16:52:31.126+0000] {processor.py:157} INFO - Started process (PID=5166) to work on /home/ubuntu/ec2_customer_chum_venv/lib/python3.10/site-packages/airflow/example_dags/example_setup_teardown.py
[2023-12-07T16:52:31.128+0000] {processor.py:829} INFO - Processing file /home/ubuntu/ec2_customer_chum_venv/lib/python3.10/site-packages/airflow/example_dags/example_setup_teardown.py for tasks to queue
[2023-12-07T16:52:31.128+0000] {logging_mixin.py:154} INFO - [2023-12-07T16:52:31.128+0000] {dagbag.py:536} INFO - Filling up the DagBag from /home/ubuntu/ec2_customer_chum_venv/lib/python3.10/site-packages/airflow/example_dags/example_setup_teardown.py
[2023-12-07T16:52:31.136+0000] {processor.py:839} INFO - DAG(s) dict_keys(['example_setup_teardown']) retrieved from /home/ubuntu/ec2_customer_chum_venv/lib/python3.10/site-packages/airflow/example_dags/example_setup_teardown.py
[2023-12-07T16:52:31.154+0000] {logging_mixin.py:154} INFO - [2023-12-07T16:52:31.153+0000] {dag.py:2941} INFO - Sync 1 DAGs
[2023-12-07T16:52:31.174+0000] {logging_mixin.py:154} INFO - [2023-12-07T16:52:31.174+0000] {dag.py:3722} INFO - Setting next_dagrun for example_setup_teardown to 2023-12-06T16:52:31.174386+00:00, run_after=2023-12-07T16:52:31.174386+00:00
[2023-12-07T16:52:31.197+0000] {processor.py:179} INFO - Processing /home/ubuntu/ec2_customer_chum_venv/lib/python3.10/site-packages/airflow/example_dags/example_setup_teardown.py took 0.075 seconds
[2023-12-07T16:53:50.738+0000] {processor.py:157} INFO - Started process (PID=5234) to work on /home/ubuntu/ec2_customer_chum_venv/lib/python3.10/site-packages/airflow/example_dags/example_setup_teardown.py
[2023-12-07T16:53:50.739+0000] {processor.py:829} INFO - Processing file /home/ubuntu/ec2_customer_chum_venv/lib/python3.10/site-packages/airflow/example_dags/example_setup_teardown.py for tasks to queue
[2023-12-07T16:53:50.740+0000] {logging_mixin.py:154} INFO - [2023-12-07T16:53:50.740+0000] {dagbag.py:536} INFO - Filling up the DagBag from /home/ubuntu/ec2_customer_chum_venv/lib/python3.10/site-packages/airflow/example_dags/example_setup_teardown.py
[2023-12-07T16:53:50.750+0000] {processor.py:839} INFO - DAG(s) dict_keys(['example_setup_teardown']) retrieved from /home/ubuntu/ec2_customer_chum_venv/lib/python3.10/site-packages/airflow/example_dags/example_setup_teardown.py
[2023-12-07T16:53:50.758+0000] {logging_mixin.py:154} INFO - [2023-12-07T16:53:50.758+0000] {dag.py:2941} INFO - Sync 1 DAGs
[2023-12-07T16:53:50.779+0000] {logging_mixin.py:154} INFO - [2023-12-07T16:53:50.779+0000] {dag.py:3722} INFO - Setting next_dagrun for example_setup_teardown to 2023-12-06T16:53:50.779366+00:00, run_after=2023-12-07T16:53:50.779366+00:00
[2023-12-07T16:53:50.803+0000] {processor.py:179} INFO - Processing /home/ubuntu/ec2_customer_chum_venv/lib/python3.10/site-packages/airflow/example_dags/example_setup_teardown.py took 0.068 seconds
[2023-12-07T16:54:35.077+0000] {processor.py:157} INFO - Started process (PID=5283) to work on /home/ubuntu/ec2_customer_chum_venv/lib/python3.10/site-packages/airflow/example_dags/example_setup_teardown.py
[2023-12-07T16:54:35.079+0000] {processor.py:829} INFO - Processing file /home/ubuntu/ec2_customer_chum_venv/lib/python3.10/site-packages/airflow/example_dags/example_setup_teardown.py for tasks to queue
[2023-12-07T16:54:35.080+0000] {logging_mixin.py:154} INFO - [2023-12-07T16:54:35.079+0000] {dagbag.py:536} INFO - Filling up the DagBag from /home/ubuntu/ec2_customer_chum_venv/lib/python3.10/site-packages/airflow/example_dags/example_setup_teardown.py
[2023-12-07T16:54:35.088+0000] {processor.py:839} INFO - DAG(s) dict_keys(['example_setup_teardown']) retrieved from /home/ubuntu/ec2_customer_chum_venv/lib/python3.10/site-packages/airflow/example_dags/example_setup_teardown.py
[2023-12-07T16:54:35.105+0000] {logging_mixin.py:154} INFO - [2023-12-07T16:54:35.105+0000] {dag.py:2941} INFO - Sync 1 DAGs
[2023-12-07T16:54:35.126+0000] {logging_mixin.py:154} INFO - [2023-12-07T16:54:35.125+0000] {dag.py:3722} INFO - Setting next_dagrun for example_setup_teardown to 2023-12-06T16:54:35.125632+00:00, run_after=2023-12-07T16:54:35.125632+00:00
[2023-12-07T16:54:35.149+0000] {processor.py:179} INFO - Processing /home/ubuntu/ec2_customer_chum_venv/lib/python3.10/site-packages/airflow/example_dags/example_setup_teardown.py took 0.075 seconds
[2023-12-07T16:55:20.356+0000] {processor.py:157} INFO - Started process (PID=5330) to work on /home/ubuntu/ec2_customer_chum_venv/lib/python3.10/site-packages/airflow/example_dags/example_setup_teardown.py
[2023-12-07T16:55:20.358+0000] {processor.py:829} INFO - Processing file /home/ubuntu/ec2_customer_chum_venv/lib/python3.10/site-packages/airflow/example_dags/example_setup_teardown.py for tasks to queue
[2023-12-07T16:55:20.358+0000] {logging_mixin.py:154} INFO - [2023-12-07T16:55:20.358+0000] {dagbag.py:536} INFO - Filling up the DagBag from /home/ubuntu/ec2_customer_chum_venv/lib/python3.10/site-packages/airflow/example_dags/example_setup_teardown.py
[2023-12-07T16:55:20.366+0000] {processor.py:839} INFO - DAG(s) dict_keys(['example_setup_teardown']) retrieved from /home/ubuntu/ec2_customer_chum_venv/lib/python3.10/site-packages/airflow/example_dags/example_setup_teardown.py
[2023-12-07T16:55:20.384+0000] {logging_mixin.py:154} INFO - [2023-12-07T16:55:20.384+0000] {dag.py:2941} INFO - Sync 1 DAGs
[2023-12-07T16:55:20.406+0000] {logging_mixin.py:154} INFO - [2023-12-07T16:55:20.405+0000] {dag.py:3722} INFO - Setting next_dagrun for example_setup_teardown to 2023-12-06T16:55:20.405674+00:00, run_after=2023-12-07T16:55:20.405674+00:00
[2023-12-07T16:55:20.429+0000] {processor.py:179} INFO - Processing /home/ubuntu/ec2_customer_chum_venv/lib/python3.10/site-packages/airflow/example_dags/example_setup_teardown.py took 0.077 seconds
[2023-12-07T16:56:05.036+0000] {processor.py:157} INFO - Started process (PID=5376) to work on /home/ubuntu/ec2_customer_chum_venv/lib/python3.10/site-packages/airflow/example_dags/example_setup_teardown.py
[2023-12-07T16:56:05.038+0000] {processor.py:829} INFO - Processing file /home/ubuntu/ec2_customer_chum_venv/lib/python3.10/site-packages/airflow/example_dags/example_setup_teardown.py for tasks to queue
[2023-12-07T16:56:05.039+0000] {logging_mixin.py:154} INFO - [2023-12-07T16:56:05.039+0000] {dagbag.py:536} INFO - Filling up the DagBag from /home/ubuntu/ec2_customer_chum_venv/lib/python3.10/site-packages/airflow/example_dags/example_setup_teardown.py
[2023-12-07T16:56:05.047+0000] {processor.py:839} INFO - DAG(s) dict_keys(['example_setup_teardown']) retrieved from /home/ubuntu/ec2_customer_chum_venv/lib/python3.10/site-packages/airflow/example_dags/example_setup_teardown.py
[2023-12-07T16:56:05.064+0000] {logging_mixin.py:154} INFO - [2023-12-07T16:56:05.064+0000] {dag.py:2941} INFO - Sync 1 DAGs
[2023-12-07T16:56:05.084+0000] {logging_mixin.py:154} INFO - [2023-12-07T16:56:05.084+0000] {dag.py:3722} INFO - Setting next_dagrun for example_setup_teardown to 2023-12-06T16:56:05.084417+00:00, run_after=2023-12-07T16:56:05.084417+00:00
[2023-12-07T16:56:05.109+0000] {processor.py:179} INFO - Processing /home/ubuntu/ec2_customer_chum_venv/lib/python3.10/site-packages/airflow/example_dags/example_setup_teardown.py took 0.076 seconds
[2023-12-07T16:56:47.327+0000] {processor.py:157} INFO - Started process (PID=5422) to work on /home/ubuntu/ec2_customer_chum_venv/lib/python3.10/site-packages/airflow/example_dags/example_setup_teardown.py
[2023-12-07T16:56:47.329+0000] {processor.py:829} INFO - Processing file /home/ubuntu/ec2_customer_chum_venv/lib/python3.10/site-packages/airflow/example_dags/example_setup_teardown.py for tasks to queue
[2023-12-07T16:56:47.330+0000] {logging_mixin.py:154} INFO - [2023-12-07T16:56:47.330+0000] {dagbag.py:536} INFO - Filling up the DagBag from /home/ubuntu/ec2_customer_chum_venv/lib/python3.10/site-packages/airflow/example_dags/example_setup_teardown.py
[2023-12-07T16:56:47.338+0000] {processor.py:839} INFO - DAG(s) dict_keys(['example_setup_teardown']) retrieved from /home/ubuntu/ec2_customer_chum_venv/lib/python3.10/site-packages/airflow/example_dags/example_setup_teardown.py
[2023-12-07T16:56:47.354+0000] {logging_mixin.py:154} INFO - [2023-12-07T16:56:47.354+0000] {dag.py:2941} INFO - Sync 1 DAGs
[2023-12-07T16:56:47.374+0000] {logging_mixin.py:154} INFO - [2023-12-07T16:56:47.374+0000] {dag.py:3722} INFO - Setting next_dagrun for example_setup_teardown to 2023-12-06T16:56:47.374331+00:00, run_after=2023-12-07T16:56:47.374331+00:00
[2023-12-07T16:56:47.399+0000] {processor.py:179} INFO - Processing /home/ubuntu/ec2_customer_chum_venv/lib/python3.10/site-packages/airflow/example_dags/example_setup_teardown.py took 0.075 seconds
[2023-12-07T16:57:30.348+0000] {processor.py:157} INFO - Started process (PID=5465) to work on /home/ubuntu/ec2_customer_chum_venv/lib/python3.10/site-packages/airflow/example_dags/example_setup_teardown.py
[2023-12-07T16:57:30.350+0000] {processor.py:829} INFO - Processing file /home/ubuntu/ec2_customer_chum_venv/lib/python3.10/site-packages/airflow/example_dags/example_setup_teardown.py for tasks to queue
[2023-12-07T16:57:30.351+0000] {logging_mixin.py:154} INFO - [2023-12-07T16:57:30.351+0000] {dagbag.py:536} INFO - Filling up the DagBag from /home/ubuntu/ec2_customer_chum_venv/lib/python3.10/site-packages/airflow/example_dags/example_setup_teardown.py
[2023-12-07T16:57:30.359+0000] {processor.py:839} INFO - DAG(s) dict_keys(['example_setup_teardown']) retrieved from /home/ubuntu/ec2_customer_chum_venv/lib/python3.10/site-packages/airflow/example_dags/example_setup_teardown.py
[2023-12-07T16:57:30.376+0000] {logging_mixin.py:154} INFO - [2023-12-07T16:57:30.376+0000] {dag.py:2941} INFO - Sync 1 DAGs
[2023-12-07T16:57:30.397+0000] {logging_mixin.py:154} INFO - [2023-12-07T16:57:30.397+0000] {dag.py:3722} INFO - Setting next_dagrun for example_setup_teardown to 2023-12-06T16:57:30.397317+00:00, run_after=2023-12-07T16:57:30.397317+00:00
[2023-12-07T16:57:30.449+0000] {processor.py:179} INFO - Processing /home/ubuntu/ec2_customer_chum_venv/lib/python3.10/site-packages/airflow/example_dags/example_setup_teardown.py took 0.104 seconds
[2023-12-07T16:58:13.606+0000] {processor.py:157} INFO - Started process (PID=5511) to work on /home/ubuntu/ec2_customer_chum_venv/lib/python3.10/site-packages/airflow/example_dags/example_setup_teardown.py
[2023-12-07T16:58:13.607+0000] {processor.py:829} INFO - Processing file /home/ubuntu/ec2_customer_chum_venv/lib/python3.10/site-packages/airflow/example_dags/example_setup_teardown.py for tasks to queue
[2023-12-07T16:58:13.608+0000] {logging_mixin.py:154} INFO - [2023-12-07T16:58:13.607+0000] {dagbag.py:536} INFO - Filling up the DagBag from /home/ubuntu/ec2_customer_chum_venv/lib/python3.10/site-packages/airflow/example_dags/example_setup_teardown.py
[2023-12-07T16:58:13.616+0000] {processor.py:839} INFO - DAG(s) dict_keys(['example_setup_teardown']) retrieved from /home/ubuntu/ec2_customer_chum_venv/lib/python3.10/site-packages/airflow/example_dags/example_setup_teardown.py
[2023-12-07T16:58:13.632+0000] {logging_mixin.py:154} INFO - [2023-12-07T16:58:13.632+0000] {dag.py:2941} INFO - Sync 1 DAGs
[2023-12-07T16:58:13.653+0000] {logging_mixin.py:154} INFO - [2023-12-07T16:58:13.653+0000] {dag.py:3722} INFO - Setting next_dagrun for example_setup_teardown to 2023-12-06T16:58:13.652732+00:00, run_after=2023-12-07T16:58:13.652732+00:00
[2023-12-07T16:58:13.676+0000] {processor.py:179} INFO - Processing /home/ubuntu/ec2_customer_chum_venv/lib/python3.10/site-packages/airflow/example_dags/example_setup_teardown.py took 0.074 seconds
[2023-12-07T16:58:58.165+0000] {processor.py:157} INFO - Started process (PID=5559) to work on /home/ubuntu/ec2_customer_chum_venv/lib/python3.10/site-packages/airflow/example_dags/example_setup_teardown.py
[2023-12-07T16:58:58.166+0000] {processor.py:829} INFO - Processing file /home/ubuntu/ec2_customer_chum_venv/lib/python3.10/site-packages/airflow/example_dags/example_setup_teardown.py for tasks to queue
[2023-12-07T16:58:58.167+0000] {logging_mixin.py:154} INFO - [2023-12-07T16:58:58.167+0000] {dagbag.py:536} INFO - Filling up the DagBag from /home/ubuntu/ec2_customer_chum_venv/lib/python3.10/site-packages/airflow/example_dags/example_setup_teardown.py
[2023-12-07T16:58:58.175+0000] {processor.py:839} INFO - DAG(s) dict_keys(['example_setup_teardown']) retrieved from /home/ubuntu/ec2_customer_chum_venv/lib/python3.10/site-packages/airflow/example_dags/example_setup_teardown.py
[2023-12-07T16:58:58.191+0000] {logging_mixin.py:154} INFO - [2023-12-07T16:58:58.191+0000] {dag.py:2941} INFO - Sync 1 DAGs
[2023-12-07T16:58:58.213+0000] {logging_mixin.py:154} INFO - [2023-12-07T16:58:58.212+0000] {dag.py:3722} INFO - Setting next_dagrun for example_setup_teardown to 2023-12-06T16:58:58.212716+00:00, run_after=2023-12-07T16:58:58.212716+00:00
[2023-12-07T16:58:58.235+0000] {processor.py:179} INFO - Processing /home/ubuntu/ec2_customer_chum_venv/lib/python3.10/site-packages/airflow/example_dags/example_setup_teardown.py took 0.074 seconds
[2023-12-07T16:59:41.578+0000] {processor.py:157} INFO - Started process (PID=5605) to work on /home/ubuntu/ec2_customer_chum_venv/lib/python3.10/site-packages/airflow/example_dags/example_setup_teardown.py
[2023-12-07T16:59:41.579+0000] {processor.py:829} INFO - Processing file /home/ubuntu/ec2_customer_chum_venv/lib/python3.10/site-packages/airflow/example_dags/example_setup_teardown.py for tasks to queue
[2023-12-07T16:59:41.580+0000] {logging_mixin.py:154} INFO - [2023-12-07T16:59:41.580+0000] {dagbag.py:536} INFO - Filling up the DagBag from /home/ubuntu/ec2_customer_chum_venv/lib/python3.10/site-packages/airflow/example_dags/example_setup_teardown.py
[2023-12-07T16:59:41.588+0000] {processor.py:839} INFO - DAG(s) dict_keys(['example_setup_teardown']) retrieved from /home/ubuntu/ec2_customer_chum_venv/lib/python3.10/site-packages/airflow/example_dags/example_setup_teardown.py
[2023-12-07T16:59:41.605+0000] {logging_mixin.py:154} INFO - [2023-12-07T16:59:41.605+0000] {dag.py:2941} INFO - Sync 1 DAGs
[2023-12-07T16:59:41.626+0000] {logging_mixin.py:154} INFO - [2023-12-07T16:59:41.626+0000] {dag.py:3722} INFO - Setting next_dagrun for example_setup_teardown to 2023-12-06T16:59:41.626042+00:00, run_after=2023-12-07T16:59:41.626042+00:00
[2023-12-07T16:59:41.648+0000] {processor.py:179} INFO - Processing /home/ubuntu/ec2_customer_chum_venv/lib/python3.10/site-packages/airflow/example_dags/example_setup_teardown.py took 0.074 seconds
[2023-12-07T17:00:24.211+0000] {processor.py:157} INFO - Started process (PID=5648) to work on /home/ubuntu/ec2_customer_chum_venv/lib/python3.10/site-packages/airflow/example_dags/example_setup_teardown.py
[2023-12-07T17:00:24.213+0000] {processor.py:829} INFO - Processing file /home/ubuntu/ec2_customer_chum_venv/lib/python3.10/site-packages/airflow/example_dags/example_setup_teardown.py for tasks to queue
[2023-12-07T17:00:24.214+0000] {logging_mixin.py:154} INFO - [2023-12-07T17:00:24.213+0000] {dagbag.py:536} INFO - Filling up the DagBag from /home/ubuntu/ec2_customer_chum_venv/lib/python3.10/site-packages/airflow/example_dags/example_setup_teardown.py
[2023-12-07T17:00:24.222+0000] {processor.py:839} INFO - DAG(s) dict_keys(['example_setup_teardown']) retrieved from /home/ubuntu/ec2_customer_chum_venv/lib/python3.10/site-packages/airflow/example_dags/example_setup_teardown.py
[2023-12-07T17:00:24.239+0000] {logging_mixin.py:154} INFO - [2023-12-07T17:00:24.239+0000] {dag.py:2941} INFO - Sync 1 DAGs
[2023-12-07T17:00:24.259+0000] {logging_mixin.py:154} INFO - [2023-12-07T17:00:24.259+0000] {dag.py:3722} INFO - Setting next_dagrun for example_setup_teardown to 2023-12-06T17:00:24.258987+00:00, run_after=2023-12-07T17:00:24.258987+00:00
[2023-12-07T17:00:24.281+0000] {processor.py:179} INFO - Processing /home/ubuntu/ec2_customer_chum_venv/lib/python3.10/site-packages/airflow/example_dags/example_setup_teardown.py took 0.073 seconds
[2023-12-07T17:01:11.076+0000] {processor.py:157} INFO - Started process (PID=5695) to work on /home/ubuntu/ec2_customer_chum_venv/lib/python3.10/site-packages/airflow/example_dags/example_setup_teardown.py
[2023-12-07T17:01:11.077+0000] {processor.py:829} INFO - Processing file /home/ubuntu/ec2_customer_chum_venv/lib/python3.10/site-packages/airflow/example_dags/example_setup_teardown.py for tasks to queue
[2023-12-07T17:01:11.078+0000] {logging_mixin.py:154} INFO - [2023-12-07T17:01:11.078+0000] {dagbag.py:536} INFO - Filling up the DagBag from /home/ubuntu/ec2_customer_chum_venv/lib/python3.10/site-packages/airflow/example_dags/example_setup_teardown.py
[2023-12-07T17:01:11.086+0000] {processor.py:839} INFO - DAG(s) dict_keys(['example_setup_teardown']) retrieved from /home/ubuntu/ec2_customer_chum_venv/lib/python3.10/site-packages/airflow/example_dags/example_setup_teardown.py
[2023-12-07T17:01:11.104+0000] {logging_mixin.py:154} INFO - [2023-12-07T17:01:11.104+0000] {dag.py:2941} INFO - Sync 1 DAGs
[2023-12-07T17:01:11.126+0000] {logging_mixin.py:154} INFO - [2023-12-07T17:01:11.126+0000] {dag.py:3722} INFO - Setting next_dagrun for example_setup_teardown to 2023-12-06T17:01:11.125816+00:00, run_after=2023-12-07T17:01:11.125816+00:00
[2023-12-07T17:01:11.149+0000] {processor.py:179} INFO - Processing /home/ubuntu/ec2_customer_chum_venv/lib/python3.10/site-packages/airflow/example_dags/example_setup_teardown.py took 0.077 seconds
[2023-12-07T17:01:55.503+0000] {processor.py:157} INFO - Started process (PID=5741) to work on /home/ubuntu/ec2_customer_chum_venv/lib/python3.10/site-packages/airflow/example_dags/example_setup_teardown.py
[2023-12-07T17:01:55.505+0000] {processor.py:829} INFO - Processing file /home/ubuntu/ec2_customer_chum_venv/lib/python3.10/site-packages/airflow/example_dags/example_setup_teardown.py for tasks to queue
[2023-12-07T17:01:55.506+0000] {logging_mixin.py:154} INFO - [2023-12-07T17:01:55.505+0000] {dagbag.py:536} INFO - Filling up the DagBag from /home/ubuntu/ec2_customer_chum_venv/lib/python3.10/site-packages/airflow/example_dags/example_setup_teardown.py
[2023-12-07T17:01:55.514+0000] {processor.py:839} INFO - DAG(s) dict_keys(['example_setup_teardown']) retrieved from /home/ubuntu/ec2_customer_chum_venv/lib/python3.10/site-packages/airflow/example_dags/example_setup_teardown.py
[2023-12-07T17:01:55.531+0000] {logging_mixin.py:154} INFO - [2023-12-07T17:01:55.531+0000] {dag.py:2941} INFO - Sync 1 DAGs
[2023-12-07T17:01:55.552+0000] {logging_mixin.py:154} INFO - [2023-12-07T17:01:55.551+0000] {dag.py:3722} INFO - Setting next_dagrun for example_setup_teardown to 2023-12-06T17:01:55.551505+00:00, run_after=2023-12-07T17:01:55.551505+00:00
[2023-12-07T17:01:55.573+0000] {processor.py:179} INFO - Processing /home/ubuntu/ec2_customer_chum_venv/lib/python3.10/site-packages/airflow/example_dags/example_setup_teardown.py took 0.073 seconds
[2023-12-07T17:02:43.091+0000] {processor.py:157} INFO - Started process (PID=5789) to work on /home/ubuntu/ec2_customer_chum_venv/lib/python3.10/site-packages/airflow/example_dags/example_setup_teardown.py
[2023-12-07T17:02:43.092+0000] {processor.py:829} INFO - Processing file /home/ubuntu/ec2_customer_chum_venv/lib/python3.10/site-packages/airflow/example_dags/example_setup_teardown.py for tasks to queue
[2023-12-07T17:02:43.093+0000] {logging_mixin.py:154} INFO - [2023-12-07T17:02:43.093+0000] {dagbag.py:536} INFO - Filling up the DagBag from /home/ubuntu/ec2_customer_chum_venv/lib/python3.10/site-packages/airflow/example_dags/example_setup_teardown.py
[2023-12-07T17:02:43.101+0000] {processor.py:839} INFO - DAG(s) dict_keys(['example_setup_teardown']) retrieved from /home/ubuntu/ec2_customer_chum_venv/lib/python3.10/site-packages/airflow/example_dags/example_setup_teardown.py
[2023-12-07T17:02:43.118+0000] {logging_mixin.py:154} INFO - [2023-12-07T17:02:43.118+0000] {dag.py:2941} INFO - Sync 1 DAGs
[2023-12-07T17:02:43.139+0000] {logging_mixin.py:154} INFO - [2023-12-07T17:02:43.139+0000] {dag.py:3722} INFO - Setting next_dagrun for example_setup_teardown to 2023-12-06T17:02:43.139125+00:00, run_after=2023-12-07T17:02:43.139125+00:00
[2023-12-07T17:02:43.163+0000] {processor.py:179} INFO - Processing /home/ubuntu/ec2_customer_chum_venv/lib/python3.10/site-packages/airflow/example_dags/example_setup_teardown.py took 0.076 seconds
[2023-12-07T17:03:31.219+0000] {processor.py:157} INFO - Started process (PID=5837) to work on /home/ubuntu/ec2_customer_chum_venv/lib/python3.10/site-packages/airflow/example_dags/example_setup_teardown.py
[2023-12-07T17:03:31.221+0000] {processor.py:829} INFO - Processing file /home/ubuntu/ec2_customer_chum_venv/lib/python3.10/site-packages/airflow/example_dags/example_setup_teardown.py for tasks to queue
[2023-12-07T17:03:31.221+0000] {logging_mixin.py:154} INFO - [2023-12-07T17:03:31.221+0000] {dagbag.py:536} INFO - Filling up the DagBag from /home/ubuntu/ec2_customer_chum_venv/lib/python3.10/site-packages/airflow/example_dags/example_setup_teardown.py
[2023-12-07T17:03:31.229+0000] {processor.py:839} INFO - DAG(s) dict_keys(['example_setup_teardown']) retrieved from /home/ubuntu/ec2_customer_chum_venv/lib/python3.10/site-packages/airflow/example_dags/example_setup_teardown.py
[2023-12-07T17:03:31.247+0000] {logging_mixin.py:154} INFO - [2023-12-07T17:03:31.247+0000] {dag.py:2941} INFO - Sync 1 DAGs
[2023-12-07T17:03:31.268+0000] {logging_mixin.py:154} INFO - [2023-12-07T17:03:31.268+0000] {dag.py:3722} INFO - Setting next_dagrun for example_setup_teardown to 2023-12-06T17:03:31.268368+00:00, run_after=2023-12-07T17:03:31.268368+00:00
[2023-12-07T17:03:31.290+0000] {processor.py:179} INFO - Processing /home/ubuntu/ec2_customer_chum_venv/lib/python3.10/site-packages/airflow/example_dags/example_setup_teardown.py took 0.074 seconds
[2023-12-07T17:04:13.941+0000] {processor.py:157} INFO - Started process (PID=5882) to work on /home/ubuntu/ec2_customer_chum_venv/lib/python3.10/site-packages/airflow/example_dags/example_setup_teardown.py
[2023-12-07T17:04:13.942+0000] {processor.py:829} INFO - Processing file /home/ubuntu/ec2_customer_chum_venv/lib/python3.10/site-packages/airflow/example_dags/example_setup_teardown.py for tasks to queue
[2023-12-07T17:04:13.943+0000] {logging_mixin.py:154} INFO - [2023-12-07T17:04:13.943+0000] {dagbag.py:536} INFO - Filling up the DagBag from /home/ubuntu/ec2_customer_chum_venv/lib/python3.10/site-packages/airflow/example_dags/example_setup_teardown.py
[2023-12-07T17:04:13.951+0000] {processor.py:839} INFO - DAG(s) dict_keys(['example_setup_teardown']) retrieved from /home/ubuntu/ec2_customer_chum_venv/lib/python3.10/site-packages/airflow/example_dags/example_setup_teardown.py
[2023-12-07T17:04:13.969+0000] {logging_mixin.py:154} INFO - [2023-12-07T17:04:13.969+0000] {dag.py:2941} INFO - Sync 1 DAGs
[2023-12-07T17:04:13.989+0000] {logging_mixin.py:154} INFO - [2023-12-07T17:04:13.989+0000] {dag.py:3722} INFO - Setting next_dagrun for example_setup_teardown to 2023-12-06T17:04:13.989071+00:00, run_after=2023-12-07T17:04:13.989071+00:00
[2023-12-07T17:04:14.014+0000] {processor.py:179} INFO - Processing /home/ubuntu/ec2_customer_chum_venv/lib/python3.10/site-packages/airflow/example_dags/example_setup_teardown.py took 0.077 seconds
[2023-12-07T17:05:02.797+0000] {processor.py:157} INFO - Started process (PID=5934) to work on /home/ubuntu/ec2_customer_chum_venv/lib/python3.10/site-packages/airflow/example_dags/example_setup_teardown.py
[2023-12-07T17:05:02.798+0000] {processor.py:829} INFO - Processing file /home/ubuntu/ec2_customer_chum_venv/lib/python3.10/site-packages/airflow/example_dags/example_setup_teardown.py for tasks to queue
[2023-12-07T17:05:02.799+0000] {logging_mixin.py:154} INFO - [2023-12-07T17:05:02.799+0000] {dagbag.py:536} INFO - Filling up the DagBag from /home/ubuntu/ec2_customer_chum_venv/lib/python3.10/site-packages/airflow/example_dags/example_setup_teardown.py
[2023-12-07T17:05:02.808+0000] {processor.py:839} INFO - DAG(s) dict_keys(['example_setup_teardown']) retrieved from /home/ubuntu/ec2_customer_chum_venv/lib/python3.10/site-packages/airflow/example_dags/example_setup_teardown.py
[2023-12-07T17:05:02.825+0000] {logging_mixin.py:154} INFO - [2023-12-07T17:05:02.825+0000] {dag.py:2941} INFO - Sync 1 DAGs
[2023-12-07T17:05:02.846+0000] {logging_mixin.py:154} INFO - [2023-12-07T17:05:02.846+0000] {dag.py:3722} INFO - Setting next_dagrun for example_setup_teardown to 2023-12-06T17:05:02.846221+00:00, run_after=2023-12-07T17:05:02.846221+00:00
[2023-12-07T17:05:02.871+0000] {processor.py:179} INFO - Processing /home/ubuntu/ec2_customer_chum_venv/lib/python3.10/site-packages/airflow/example_dags/example_setup_teardown.py took 0.077 seconds
[2023-12-07T17:05:43.592+0000] {processor.py:157} INFO - Started process (PID=5978) to work on /home/ubuntu/ec2_customer_chum_venv/lib/python3.10/site-packages/airflow/example_dags/example_setup_teardown.py
[2023-12-07T17:05:43.594+0000] {processor.py:829} INFO - Processing file /home/ubuntu/ec2_customer_chum_venv/lib/python3.10/site-packages/airflow/example_dags/example_setup_teardown.py for tasks to queue
[2023-12-07T17:05:43.595+0000] {logging_mixin.py:154} INFO - [2023-12-07T17:05:43.594+0000] {dagbag.py:536} INFO - Filling up the DagBag from /home/ubuntu/ec2_customer_chum_venv/lib/python3.10/site-packages/airflow/example_dags/example_setup_teardown.py
[2023-12-07T17:05:43.602+0000] {processor.py:839} INFO - DAG(s) dict_keys(['example_setup_teardown']) retrieved from /home/ubuntu/ec2_customer_chum_venv/lib/python3.10/site-packages/airflow/example_dags/example_setup_teardown.py
[2023-12-07T17:05:43.620+0000] {logging_mixin.py:154} INFO - [2023-12-07T17:05:43.620+0000] {dag.py:2941} INFO - Sync 1 DAGs
[2023-12-07T17:05:43.640+0000] {logging_mixin.py:154} INFO - [2023-12-07T17:05:43.640+0000] {dag.py:3722} INFO - Setting next_dagrun for example_setup_teardown to 2023-12-06T17:05:43.639808+00:00, run_after=2023-12-07T17:05:43.639808+00:00
[2023-12-07T17:05:43.664+0000] {processor.py:179} INFO - Processing /home/ubuntu/ec2_customer_chum_venv/lib/python3.10/site-packages/airflow/example_dags/example_setup_teardown.py took 0.076 seconds
[2023-12-07T17:06:27.865+0000] {processor.py:157} INFO - Started process (PID=6024) to work on /home/ubuntu/ec2_customer_chum_venv/lib/python3.10/site-packages/airflow/example_dags/example_setup_teardown.py
[2023-12-07T17:06:27.867+0000] {processor.py:829} INFO - Processing file /home/ubuntu/ec2_customer_chum_venv/lib/python3.10/site-packages/airflow/example_dags/example_setup_teardown.py for tasks to queue
[2023-12-07T17:06:27.868+0000] {logging_mixin.py:154} INFO - [2023-12-07T17:06:27.867+0000] {dagbag.py:536} INFO - Filling up the DagBag from /home/ubuntu/ec2_customer_chum_venv/lib/python3.10/site-packages/airflow/example_dags/example_setup_teardown.py
[2023-12-07T17:06:27.875+0000] {processor.py:839} INFO - DAG(s) dict_keys(['example_setup_teardown']) retrieved from /home/ubuntu/ec2_customer_chum_venv/lib/python3.10/site-packages/airflow/example_dags/example_setup_teardown.py
[2023-12-07T17:06:27.893+0000] {logging_mixin.py:154} INFO - [2023-12-07T17:06:27.893+0000] {dag.py:2941} INFO - Sync 1 DAGs
[2023-12-07T17:06:27.914+0000] {logging_mixin.py:154} INFO - [2023-12-07T17:06:27.913+0000] {dag.py:3722} INFO - Setting next_dagrun for example_setup_teardown to 2023-12-06T17:06:27.913678+00:00, run_after=2023-12-07T17:06:27.913678+00:00
[2023-12-07T17:06:27.937+0000] {processor.py:179} INFO - Processing /home/ubuntu/ec2_customer_chum_venv/lib/python3.10/site-packages/airflow/example_dags/example_setup_teardown.py took 0.075 seconds
[2023-12-07T17:07:14.389+0000] {processor.py:157} INFO - Started process (PID=6070) to work on /home/ubuntu/ec2_customer_chum_venv/lib/python3.10/site-packages/airflow/example_dags/example_setup_teardown.py
[2023-12-07T17:07:14.391+0000] {processor.py:829} INFO - Processing file /home/ubuntu/ec2_customer_chum_venv/lib/python3.10/site-packages/airflow/example_dags/example_setup_teardown.py for tasks to queue
[2023-12-07T17:07:14.392+0000] {logging_mixin.py:154} INFO - [2023-12-07T17:07:14.391+0000] {dagbag.py:536} INFO - Filling up the DagBag from /home/ubuntu/ec2_customer_chum_venv/lib/python3.10/site-packages/airflow/example_dags/example_setup_teardown.py
[2023-12-07T17:07:14.400+0000] {processor.py:839} INFO - DAG(s) dict_keys(['example_setup_teardown']) retrieved from /home/ubuntu/ec2_customer_chum_venv/lib/python3.10/site-packages/airflow/example_dags/example_setup_teardown.py
[2023-12-07T17:07:14.418+0000] {logging_mixin.py:154} INFO - [2023-12-07T17:07:14.417+0000] {dag.py:2941} INFO - Sync 1 DAGs
[2023-12-07T17:07:14.439+0000] {logging_mixin.py:154} INFO - [2023-12-07T17:07:14.439+0000] {dag.py:3722} INFO - Setting next_dagrun for example_setup_teardown to 2023-12-06T17:07:14.438773+00:00, run_after=2023-12-07T17:07:14.438773+00:00
[2023-12-07T17:07:14.461+0000] {processor.py:179} INFO - Processing /home/ubuntu/ec2_customer_chum_venv/lib/python3.10/site-packages/airflow/example_dags/example_setup_teardown.py took 0.075 seconds
[2023-12-07T17:07:59.145+0000] {processor.py:157} INFO - Started process (PID=6116) to work on /home/ubuntu/ec2_customer_chum_venv/lib/python3.10/site-packages/airflow/example_dags/example_setup_teardown.py
[2023-12-07T17:07:59.146+0000] {processor.py:829} INFO - Processing file /home/ubuntu/ec2_customer_chum_venv/lib/python3.10/site-packages/airflow/example_dags/example_setup_teardown.py for tasks to queue
[2023-12-07T17:07:59.147+0000] {logging_mixin.py:154} INFO - [2023-12-07T17:07:59.147+0000] {dagbag.py:536} INFO - Filling up the DagBag from /home/ubuntu/ec2_customer_chum_venv/lib/python3.10/site-packages/airflow/example_dags/example_setup_teardown.py
[2023-12-07T17:07:59.155+0000] {processor.py:839} INFO - DAG(s) dict_keys(['example_setup_teardown']) retrieved from /home/ubuntu/ec2_customer_chum_venv/lib/python3.10/site-packages/airflow/example_dags/example_setup_teardown.py
[2023-12-07T17:07:59.173+0000] {logging_mixin.py:154} INFO - [2023-12-07T17:07:59.173+0000] {dag.py:2941} INFO - Sync 1 DAGs
[2023-12-07T17:07:59.194+0000] {logging_mixin.py:154} INFO - [2023-12-07T17:07:59.194+0000] {dag.py:3722} INFO - Setting next_dagrun for example_setup_teardown to 2023-12-06T17:07:59.193813+00:00, run_after=2023-12-07T17:07:59.193813+00:00
[2023-12-07T17:07:59.217+0000] {processor.py:179} INFO - Processing /home/ubuntu/ec2_customer_chum_venv/lib/python3.10/site-packages/airflow/example_dags/example_setup_teardown.py took 0.075 seconds
[2023-12-07T17:08:45.244+0000] {processor.py:157} INFO - Started process (PID=6163) to work on /home/ubuntu/ec2_customer_chum_venv/lib/python3.10/site-packages/airflow/example_dags/example_setup_teardown.py
[2023-12-07T17:08:45.246+0000] {processor.py:829} INFO - Processing file /home/ubuntu/ec2_customer_chum_venv/lib/python3.10/site-packages/airflow/example_dags/example_setup_teardown.py for tasks to queue
[2023-12-07T17:08:45.247+0000] {logging_mixin.py:154} INFO - [2023-12-07T17:08:45.246+0000] {dagbag.py:536} INFO - Filling up the DagBag from /home/ubuntu/ec2_customer_chum_venv/lib/python3.10/site-packages/airflow/example_dags/example_setup_teardown.py
[2023-12-07T17:08:45.255+0000] {processor.py:839} INFO - DAG(s) dict_keys(['example_setup_teardown']) retrieved from /home/ubuntu/ec2_customer_chum_venv/lib/python3.10/site-packages/airflow/example_dags/example_setup_teardown.py
[2023-12-07T17:08:45.272+0000] {logging_mixin.py:154} INFO - [2023-12-07T17:08:45.272+0000] {dag.py:2941} INFO - Sync 1 DAGs
[2023-12-07T17:08:45.292+0000] {logging_mixin.py:154} INFO - [2023-12-07T17:08:45.292+0000] {dag.py:3722} INFO - Setting next_dagrun for example_setup_teardown to 2023-12-06T17:08:45.292115+00:00, run_after=2023-12-07T17:08:45.292115+00:00
[2023-12-07T17:08:45.316+0000] {processor.py:179} INFO - Processing /home/ubuntu/ec2_customer_chum_venv/lib/python3.10/site-packages/airflow/example_dags/example_setup_teardown.py took 0.075 seconds
[2023-12-07T17:09:30.596+0000] {processor.py:157} INFO - Started process (PID=6210) to work on /home/ubuntu/ec2_customer_chum_venv/lib/python3.10/site-packages/airflow/example_dags/example_setup_teardown.py
[2023-12-07T17:09:30.598+0000] {processor.py:829} INFO - Processing file /home/ubuntu/ec2_customer_chum_venv/lib/python3.10/site-packages/airflow/example_dags/example_setup_teardown.py for tasks to queue
[2023-12-07T17:09:30.598+0000] {logging_mixin.py:154} INFO - [2023-12-07T17:09:30.598+0000] {dagbag.py:536} INFO - Filling up the DagBag from /home/ubuntu/ec2_customer_chum_venv/lib/python3.10/site-packages/airflow/example_dags/example_setup_teardown.py
[2023-12-07T17:09:30.606+0000] {processor.py:839} INFO - DAG(s) dict_keys(['example_setup_teardown']) retrieved from /home/ubuntu/ec2_customer_chum_venv/lib/python3.10/site-packages/airflow/example_dags/example_setup_teardown.py
[2023-12-07T17:09:30.624+0000] {logging_mixin.py:154} INFO - [2023-12-07T17:09:30.623+0000] {dag.py:2941} INFO - Sync 1 DAGs
[2023-12-07T17:09:30.644+0000] {logging_mixin.py:154} INFO - [2023-12-07T17:09:30.644+0000] {dag.py:3722} INFO - Setting next_dagrun for example_setup_teardown to 2023-12-06T17:09:30.644156+00:00, run_after=2023-12-07T17:09:30.644156+00:00
[2023-12-07T17:09:30.670+0000] {processor.py:179} INFO - Processing /home/ubuntu/ec2_customer_chum_venv/lib/python3.10/site-packages/airflow/example_dags/example_setup_teardown.py took 0.077 seconds
[2023-12-07T17:10:11.062+0000] {processor.py:157} INFO - Started process (PID=6252) to work on /home/ubuntu/ec2_customer_chum_venv/lib/python3.10/site-packages/airflow/example_dags/example_setup_teardown.py
[2023-12-07T17:10:11.064+0000] {processor.py:829} INFO - Processing file /home/ubuntu/ec2_customer_chum_venv/lib/python3.10/site-packages/airflow/example_dags/example_setup_teardown.py for tasks to queue
[2023-12-07T17:10:11.065+0000] {logging_mixin.py:154} INFO - [2023-12-07T17:10:11.065+0000] {dagbag.py:536} INFO - Filling up the DagBag from /home/ubuntu/ec2_customer_chum_venv/lib/python3.10/site-packages/airflow/example_dags/example_setup_teardown.py
[2023-12-07T17:10:11.073+0000] {processor.py:839} INFO - DAG(s) dict_keys(['example_setup_teardown']) retrieved from /home/ubuntu/ec2_customer_chum_venv/lib/python3.10/site-packages/airflow/example_dags/example_setup_teardown.py
[2023-12-07T17:10:11.092+0000] {logging_mixin.py:154} INFO - [2023-12-07T17:10:11.092+0000] {dag.py:2941} INFO - Sync 1 DAGs
[2023-12-07T17:10:11.114+0000] {logging_mixin.py:154} INFO - [2023-12-07T17:10:11.113+0000] {dag.py:3722} INFO - Setting next_dagrun for example_setup_teardown to 2023-12-06T17:10:11.113319+00:00, run_after=2023-12-07T17:10:11.113319+00:00
[2023-12-07T17:10:11.139+0000] {processor.py:179} INFO - Processing /home/ubuntu/ec2_customer_chum_venv/lib/python3.10/site-packages/airflow/example_dags/example_setup_teardown.py took 0.080 seconds
[2023-12-07T17:10:57.725+0000] {processor.py:157} INFO - Started process (PID=6300) to work on /home/ubuntu/ec2_customer_chum_venv/lib/python3.10/site-packages/airflow/example_dags/example_setup_teardown.py
[2023-12-07T17:10:57.727+0000] {processor.py:829} INFO - Processing file /home/ubuntu/ec2_customer_chum_venv/lib/python3.10/site-packages/airflow/example_dags/example_setup_teardown.py for tasks to queue
[2023-12-07T17:10:57.728+0000] {logging_mixin.py:154} INFO - [2023-12-07T17:10:57.727+0000] {dagbag.py:536} INFO - Filling up the DagBag from /home/ubuntu/ec2_customer_chum_venv/lib/python3.10/site-packages/airflow/example_dags/example_setup_teardown.py
[2023-12-07T17:10:57.736+0000] {processor.py:839} INFO - DAG(s) dict_keys(['example_setup_teardown']) retrieved from /home/ubuntu/ec2_customer_chum_venv/lib/python3.10/site-packages/airflow/example_dags/example_setup_teardown.py
[2023-12-07T17:10:57.753+0000] {logging_mixin.py:154} INFO - [2023-12-07T17:10:57.753+0000] {dag.py:2941} INFO - Sync 1 DAGs
[2023-12-07T17:10:57.774+0000] {logging_mixin.py:154} INFO - [2023-12-07T17:10:57.774+0000] {dag.py:3722} INFO - Setting next_dagrun for example_setup_teardown to 2023-12-06T17:10:57.774280+00:00, run_after=2023-12-07T17:10:57.774280+00:00
[2023-12-07T17:10:57.801+0000] {processor.py:179} INFO - Processing /home/ubuntu/ec2_customer_chum_venv/lib/python3.10/site-packages/airflow/example_dags/example_setup_teardown.py took 0.079 seconds
[2023-12-07T17:11:43.518+0000] {processor.py:157} INFO - Started process (PID=6351) to work on /home/ubuntu/ec2_customer_chum_venv/lib/python3.10/site-packages/airflow/example_dags/example_setup_teardown.py
[2023-12-07T17:11:43.519+0000] {processor.py:829} INFO - Processing file /home/ubuntu/ec2_customer_chum_venv/lib/python3.10/site-packages/airflow/example_dags/example_setup_teardown.py for tasks to queue
[2023-12-07T17:11:43.520+0000] {logging_mixin.py:154} INFO - [2023-12-07T17:11:43.520+0000] {dagbag.py:536} INFO - Filling up the DagBag from /home/ubuntu/ec2_customer_chum_venv/lib/python3.10/site-packages/airflow/example_dags/example_setup_teardown.py
[2023-12-07T17:11:43.528+0000] {processor.py:839} INFO - DAG(s) dict_keys(['example_setup_teardown']) retrieved from /home/ubuntu/ec2_customer_chum_venv/lib/python3.10/site-packages/airflow/example_dags/example_setup_teardown.py
[2023-12-07T17:11:43.545+0000] {logging_mixin.py:154} INFO - [2023-12-07T17:11:43.545+0000] {dag.py:2941} INFO - Sync 1 DAGs
[2023-12-07T17:11:43.565+0000] {logging_mixin.py:154} INFO - [2023-12-07T17:11:43.565+0000] {dag.py:3722} INFO - Setting next_dagrun for example_setup_teardown to 2023-12-06T17:11:43.565145+00:00, run_after=2023-12-07T17:11:43.565145+00:00
[2023-12-07T17:11:43.587+0000] {processor.py:179} INFO - Processing /home/ubuntu/ec2_customer_chum_venv/lib/python3.10/site-packages/airflow/example_dags/example_setup_teardown.py took 0.073 seconds
[2023-12-07T17:12:28.275+0000] {processor.py:157} INFO - Started process (PID=6397) to work on /home/ubuntu/ec2_customer_chum_venv/lib/python3.10/site-packages/airflow/example_dags/example_setup_teardown.py
[2023-12-07T17:12:28.276+0000] {processor.py:829} INFO - Processing file /home/ubuntu/ec2_customer_chum_venv/lib/python3.10/site-packages/airflow/example_dags/example_setup_teardown.py for tasks to queue
[2023-12-07T17:12:28.277+0000] {logging_mixin.py:154} INFO - [2023-12-07T17:12:28.277+0000] {dagbag.py:536} INFO - Filling up the DagBag from /home/ubuntu/ec2_customer_chum_venv/lib/python3.10/site-packages/airflow/example_dags/example_setup_teardown.py
[2023-12-07T17:12:28.285+0000] {processor.py:839} INFO - DAG(s) dict_keys(['example_setup_teardown']) retrieved from /home/ubuntu/ec2_customer_chum_venv/lib/python3.10/site-packages/airflow/example_dags/example_setup_teardown.py
[2023-12-07T17:12:28.302+0000] {logging_mixin.py:154} INFO - [2023-12-07T17:12:28.302+0000] {dag.py:2941} INFO - Sync 1 DAGs
[2023-12-07T17:12:28.323+0000] {logging_mixin.py:154} INFO - [2023-12-07T17:12:28.322+0000] {dag.py:3722} INFO - Setting next_dagrun for example_setup_teardown to 2023-12-06T17:12:28.322614+00:00, run_after=2023-12-07T17:12:28.322614+00:00
[2023-12-07T17:12:28.345+0000] {processor.py:179} INFO - Processing /home/ubuntu/ec2_customer_chum_venv/lib/python3.10/site-packages/airflow/example_dags/example_setup_teardown.py took 0.073 seconds
[2023-12-07T17:13:17.289+0000] {processor.py:157} INFO - Started process (PID=6533) to work on /home/ubuntu/ec2_customer_chum_venv/lib/python3.10/site-packages/airflow/example_dags/example_setup_teardown.py
[2023-12-07T17:13:17.291+0000] {processor.py:829} INFO - Processing file /home/ubuntu/ec2_customer_chum_venv/lib/python3.10/site-packages/airflow/example_dags/example_setup_teardown.py for tasks to queue
[2023-12-07T17:13:17.292+0000] {logging_mixin.py:154} INFO - [2023-12-07T17:13:17.291+0000] {dagbag.py:536} INFO - Filling up the DagBag from /home/ubuntu/ec2_customer_chum_venv/lib/python3.10/site-packages/airflow/example_dags/example_setup_teardown.py
[2023-12-07T17:13:17.300+0000] {processor.py:839} INFO - DAG(s) dict_keys(['example_setup_teardown']) retrieved from /home/ubuntu/ec2_customer_chum_venv/lib/python3.10/site-packages/airflow/example_dags/example_setup_teardown.py
[2023-12-07T17:13:17.317+0000] {logging_mixin.py:154} INFO - [2023-12-07T17:13:17.317+0000] {dag.py:2941} INFO - Sync 1 DAGs
[2023-12-07T17:13:17.338+0000] {logging_mixin.py:154} INFO - [2023-12-07T17:13:17.338+0000] {dag.py:3722} INFO - Setting next_dagrun for example_setup_teardown to 2023-12-06T17:13:17.338003+00:00, run_after=2023-12-07T17:13:17.338003+00:00
[2023-12-07T17:13:17.361+0000] {processor.py:179} INFO - Processing /home/ubuntu/ec2_customer_chum_venv/lib/python3.10/site-packages/airflow/example_dags/example_setup_teardown.py took 0.075 seconds
[2023-12-07T17:13:58.749+0000] {processor.py:157} INFO - Started process (PID=6579) to work on /home/ubuntu/ec2_customer_chum_venv/lib/python3.10/site-packages/airflow/example_dags/example_setup_teardown.py
[2023-12-07T17:13:58.751+0000] {processor.py:829} INFO - Processing file /home/ubuntu/ec2_customer_chum_venv/lib/python3.10/site-packages/airflow/example_dags/example_setup_teardown.py for tasks to queue
[2023-12-07T17:13:58.752+0000] {logging_mixin.py:154} INFO - [2023-12-07T17:13:58.751+0000] {dagbag.py:536} INFO - Filling up the DagBag from /home/ubuntu/ec2_customer_chum_venv/lib/python3.10/site-packages/airflow/example_dags/example_setup_teardown.py
[2023-12-07T17:13:58.760+0000] {processor.py:839} INFO - DAG(s) dict_keys(['example_setup_teardown']) retrieved from /home/ubuntu/ec2_customer_chum_venv/lib/python3.10/site-packages/airflow/example_dags/example_setup_teardown.py
[2023-12-07T17:13:58.777+0000] {logging_mixin.py:154} INFO - [2023-12-07T17:13:58.776+0000] {dag.py:2941} INFO - Sync 1 DAGs
[2023-12-07T17:13:58.797+0000] {logging_mixin.py:154} INFO - [2023-12-07T17:13:58.797+0000] {dag.py:3722} INFO - Setting next_dagrun for example_setup_teardown to 2023-12-06T17:13:58.797339+00:00, run_after=2023-12-07T17:13:58.797339+00:00
[2023-12-07T17:13:58.821+0000] {processor.py:179} INFO - Processing /home/ubuntu/ec2_customer_chum_venv/lib/python3.10/site-packages/airflow/example_dags/example_setup_teardown.py took 0.075 seconds
[2023-12-07T17:14:45.109+0000] {processor.py:157} INFO - Started process (PID=6629) to work on /home/ubuntu/ec2_customer_chum_venv/lib/python3.10/site-packages/airflow/example_dags/example_setup_teardown.py
[2023-12-07T17:14:45.110+0000] {processor.py:829} INFO - Processing file /home/ubuntu/ec2_customer_chum_venv/lib/python3.10/site-packages/airflow/example_dags/example_setup_teardown.py for tasks to queue
[2023-12-07T17:14:45.111+0000] {logging_mixin.py:154} INFO - [2023-12-07T17:14:45.111+0000] {dagbag.py:536} INFO - Filling up the DagBag from /home/ubuntu/ec2_customer_chum_venv/lib/python3.10/site-packages/airflow/example_dags/example_setup_teardown.py
[2023-12-07T17:14:45.119+0000] {processor.py:839} INFO - DAG(s) dict_keys(['example_setup_teardown']) retrieved from /home/ubuntu/ec2_customer_chum_venv/lib/python3.10/site-packages/airflow/example_dags/example_setup_teardown.py
[2023-12-07T17:14:45.138+0000] {logging_mixin.py:154} INFO - [2023-12-07T17:14:45.137+0000] {dag.py:2941} INFO - Sync 1 DAGs
[2023-12-07T17:14:45.158+0000] {logging_mixin.py:154} INFO - [2023-12-07T17:14:45.158+0000] {dag.py:3722} INFO - Setting next_dagrun for example_setup_teardown to 2023-12-06T17:14:45.158349+00:00, run_after=2023-12-07T17:14:45.158349+00:00
[2023-12-07T17:14:45.181+0000] {processor.py:179} INFO - Processing /home/ubuntu/ec2_customer_chum_venv/lib/python3.10/site-packages/airflow/example_dags/example_setup_teardown.py took 0.075 seconds
[2023-12-07T17:15:27.424+0000] {processor.py:157} INFO - Started process (PID=6737) to work on /home/ubuntu/ec2_customer_chum_venv/lib/python3.10/site-packages/airflow/example_dags/example_setup_teardown.py
[2023-12-07T17:15:27.425+0000] {processor.py:829} INFO - Processing file /home/ubuntu/ec2_customer_chum_venv/lib/python3.10/site-packages/airflow/example_dags/example_setup_teardown.py for tasks to queue
[2023-12-07T17:15:27.426+0000] {logging_mixin.py:154} INFO - [2023-12-07T17:15:27.426+0000] {dagbag.py:536} INFO - Filling up the DagBag from /home/ubuntu/ec2_customer_chum_venv/lib/python3.10/site-packages/airflow/example_dags/example_setup_teardown.py
[2023-12-07T17:15:27.434+0000] {processor.py:839} INFO - DAG(s) dict_keys(['example_setup_teardown']) retrieved from /home/ubuntu/ec2_customer_chum_venv/lib/python3.10/site-packages/airflow/example_dags/example_setup_teardown.py
[2023-12-07T17:15:27.451+0000] {logging_mixin.py:154} INFO - [2023-12-07T17:15:27.451+0000] {dag.py:2941} INFO - Sync 1 DAGs
[2023-12-07T17:15:27.472+0000] {logging_mixin.py:154} INFO - [2023-12-07T17:15:27.472+0000] {dag.py:3722} INFO - Setting next_dagrun for example_setup_teardown to 2023-12-06T17:15:27.471734+00:00, run_after=2023-12-07T17:15:27.471734+00:00
[2023-12-07T17:15:27.498+0000] {processor.py:179} INFO - Processing /home/ubuntu/ec2_customer_chum_venv/lib/python3.10/site-packages/airflow/example_dags/example_setup_teardown.py took 0.077 seconds
