[2023-12-07T16:49:48.874+0000] {processor.py:157} INFO - Started process (PID=5000) to work on /home/ubuntu/ec2_customer_chum_venv/lib/python3.10/site-packages/airflow/example_dags/example_branch_operator.py
[2023-12-07T16:49:48.875+0000] {processor.py:829} INFO - Processing file /home/ubuntu/ec2_customer_chum_venv/lib/python3.10/site-packages/airflow/example_dags/example_branch_operator.py for tasks to queue
[2023-12-07T16:49:48.876+0000] {logging_mixin.py:154} INFO - [2023-12-07T16:49:48.876+0000] {dagbag.py:536} INFO - Filling up the DagBag from /home/ubuntu/ec2_customer_chum_venv/lib/python3.10/site-packages/airflow/example_dags/example_branch_operator.py
[2023-12-07T16:49:48.886+0000] {processor.py:839} INFO - DAG(s) dict_keys(['example_branch_operator']) retrieved from /home/ubuntu/ec2_customer_chum_venv/lib/python3.10/site-packages/airflow/example_dags/example_branch_operator.py
[2023-12-07T16:49:49.002+0000] {logging_mixin.py:154} INFO - [2023-12-07T16:49:49.002+0000] {manager.py:499} INFO - Created Permission View: %s
[2023-12-07T16:49:49.017+0000] {logging_mixin.py:154} INFO - [2023-12-07T16:49:49.016+0000] {manager.py:499} INFO - Created Permission View: %s
[2023-12-07T16:49:49.028+0000] {logging_mixin.py:154} INFO - [2023-12-07T16:49:49.027+0000] {manager.py:499} INFO - Created Permission View: %s
[2023-12-07T16:49:49.028+0000] {logging_mixin.py:154} INFO - [2023-12-07T16:49:49.028+0000] {dag.py:2941} INFO - Sync 1 DAGs
[2023-12-07T16:49:49.040+0000] {logging_mixin.py:154} INFO - [2023-12-07T16:49:49.039+0000] {dag.py:2963} INFO - Creating ORM DAG for example_branch_operator
[2023-12-07T16:49:49.051+0000] {logging_mixin.py:154} INFO - [2023-12-07T16:49:49.051+0000] {dag.py:3722} INFO - Setting next_dagrun for example_branch_operator to 2023-12-06T00:00:00+00:00, run_after=2023-12-07T00:00:00+00:00
[2023-12-07T16:49:49.076+0000] {processor.py:179} INFO - Processing /home/ubuntu/ec2_customer_chum_venv/lib/python3.10/site-packages/airflow/example_dags/example_branch_operator.py took 0.205 seconds
[2023-12-07T16:50:42.117+0000] {processor.py:157} INFO - Started process (PID=5053) to work on /home/ubuntu/ec2_customer_chum_venv/lib/python3.10/site-packages/airflow/example_dags/example_branch_operator.py
[2023-12-07T16:50:42.118+0000] {processor.py:829} INFO - Processing file /home/ubuntu/ec2_customer_chum_venv/lib/python3.10/site-packages/airflow/example_dags/example_branch_operator.py for tasks to queue
[2023-12-07T16:50:42.119+0000] {logging_mixin.py:154} INFO - [2023-12-07T16:50:42.119+0000] {dagbag.py:536} INFO - Filling up the DagBag from /home/ubuntu/ec2_customer_chum_venv/lib/python3.10/site-packages/airflow/example_dags/example_branch_operator.py
[2023-12-07T16:50:42.129+0000] {processor.py:839} INFO - DAG(s) dict_keys(['example_branch_operator']) retrieved from /home/ubuntu/ec2_customer_chum_venv/lib/python3.10/site-packages/airflow/example_dags/example_branch_operator.py
[2023-12-07T16:50:42.150+0000] {logging_mixin.py:154} INFO - [2023-12-07T16:50:42.150+0000] {dag.py:2941} INFO - Sync 1 DAGs
[2023-12-07T16:50:42.175+0000] {logging_mixin.py:154} INFO - [2023-12-07T16:50:42.175+0000] {dag.py:3722} INFO - Setting next_dagrun for example_branch_operator to 2023-12-06T00:00:00+00:00, run_after=2023-12-07T00:00:00+00:00
[2023-12-07T16:50:42.200+0000] {processor.py:179} INFO - Processing /home/ubuntu/ec2_customer_chum_venv/lib/python3.10/site-packages/airflow/example_dags/example_branch_operator.py took 0.086 seconds
[2023-12-07T16:51:31.117+0000] {processor.py:157} INFO - Started process (PID=5103) to work on /home/ubuntu/ec2_customer_chum_venv/lib/python3.10/site-packages/airflow/example_dags/example_branch_operator.py
[2023-12-07T16:51:31.118+0000] {processor.py:829} INFO - Processing file /home/ubuntu/ec2_customer_chum_venv/lib/python3.10/site-packages/airflow/example_dags/example_branch_operator.py for tasks to queue
[2023-12-07T16:51:31.119+0000] {logging_mixin.py:154} INFO - [2023-12-07T16:51:31.119+0000] {dagbag.py:536} INFO - Filling up the DagBag from /home/ubuntu/ec2_customer_chum_venv/lib/python3.10/site-packages/airflow/example_dags/example_branch_operator.py
[2023-12-07T16:51:31.130+0000] {processor.py:839} INFO - DAG(s) dict_keys(['example_branch_operator']) retrieved from /home/ubuntu/ec2_customer_chum_venv/lib/python3.10/site-packages/airflow/example_dags/example_branch_operator.py
[2023-12-07T16:51:31.150+0000] {logging_mixin.py:154} INFO - [2023-12-07T16:51:31.150+0000] {dag.py:2941} INFO - Sync 1 DAGs
[2023-12-07T16:51:31.173+0000] {logging_mixin.py:154} INFO - [2023-12-07T16:51:31.172+0000] {dag.py:3722} INFO - Setting next_dagrun for example_branch_operator to 2023-12-06T00:00:00+00:00, run_after=2023-12-07T00:00:00+00:00
[2023-12-07T16:51:31.198+0000] {processor.py:179} INFO - Processing /home/ubuntu/ec2_customer_chum_venv/lib/python3.10/site-packages/airflow/example_dags/example_branch_operator.py took 0.084 seconds
[2023-12-07T16:52:20.788+0000] {processor.py:157} INFO - Started process (PID=5156) to work on /home/ubuntu/ec2_customer_chum_venv/lib/python3.10/site-packages/airflow/example_dags/example_branch_operator.py
[2023-12-07T16:52:20.790+0000] {processor.py:829} INFO - Processing file /home/ubuntu/ec2_customer_chum_venv/lib/python3.10/site-packages/airflow/example_dags/example_branch_operator.py for tasks to queue
[2023-12-07T16:52:20.791+0000] {logging_mixin.py:154} INFO - [2023-12-07T16:52:20.790+0000] {dagbag.py:536} INFO - Filling up the DagBag from /home/ubuntu/ec2_customer_chum_venv/lib/python3.10/site-packages/airflow/example_dags/example_branch_operator.py
[2023-12-07T16:52:20.801+0000] {processor.py:839} INFO - DAG(s) dict_keys(['example_branch_operator']) retrieved from /home/ubuntu/ec2_customer_chum_venv/lib/python3.10/site-packages/airflow/example_dags/example_branch_operator.py
[2023-12-07T16:52:20.822+0000] {logging_mixin.py:154} INFO - [2023-12-07T16:52:20.822+0000] {dag.py:2941} INFO - Sync 1 DAGs
[2023-12-07T16:52:20.845+0000] {logging_mixin.py:154} INFO - [2023-12-07T16:52:20.845+0000] {dag.py:3722} INFO - Setting next_dagrun for example_branch_operator to 2023-12-06T00:00:00+00:00, run_after=2023-12-07T00:00:00+00:00
[2023-12-07T16:52:20.869+0000] {processor.py:179} INFO - Processing /home/ubuntu/ec2_customer_chum_venv/lib/python3.10/site-packages/airflow/example_dags/example_branch_operator.py took 0.087 seconds
[2023-12-07T16:54:16.723+0000] {processor.py:157} INFO - Started process (PID=5263) to work on /home/ubuntu/ec2_customer_chum_venv/lib/python3.10/site-packages/airflow/example_dags/example_branch_operator.py
[2023-12-07T16:54:16.725+0000] {processor.py:829} INFO - Processing file /home/ubuntu/ec2_customer_chum_venv/lib/python3.10/site-packages/airflow/example_dags/example_branch_operator.py for tasks to queue
[2023-12-07T16:54:16.726+0000] {logging_mixin.py:154} INFO - [2023-12-07T16:54:16.726+0000] {dagbag.py:536} INFO - Filling up the DagBag from /home/ubuntu/ec2_customer_chum_venv/lib/python3.10/site-packages/airflow/example_dags/example_branch_operator.py
[2023-12-07T16:54:16.736+0000] {processor.py:839} INFO - DAG(s) dict_keys(['example_branch_operator']) retrieved from /home/ubuntu/ec2_customer_chum_venv/lib/python3.10/site-packages/airflow/example_dags/example_branch_operator.py
[2023-12-07T16:54:16.757+0000] {logging_mixin.py:154} INFO - [2023-12-07T16:54:16.756+0000] {dag.py:2941} INFO - Sync 1 DAGs
[2023-12-07T16:54:16.778+0000] {logging_mixin.py:154} INFO - [2023-12-07T16:54:16.778+0000] {dag.py:3722} INFO - Setting next_dagrun for example_branch_operator to 2023-12-06T00:00:00+00:00, run_after=2023-12-07T00:00:00+00:00
[2023-12-07T16:54:16.800+0000] {processor.py:179} INFO - Processing /home/ubuntu/ec2_customer_chum_venv/lib/python3.10/site-packages/airflow/example_dags/example_branch_operator.py took 0.080 seconds
[2023-12-07T16:55:03.186+0000] {processor.py:157} INFO - Started process (PID=5311) to work on /home/ubuntu/ec2_customer_chum_venv/lib/python3.10/site-packages/airflow/example_dags/example_branch_operator.py
[2023-12-07T16:55:03.187+0000] {processor.py:829} INFO - Processing file /home/ubuntu/ec2_customer_chum_venv/lib/python3.10/site-packages/airflow/example_dags/example_branch_operator.py for tasks to queue
[2023-12-07T16:55:03.188+0000] {logging_mixin.py:154} INFO - [2023-12-07T16:55:03.188+0000] {dagbag.py:536} INFO - Filling up the DagBag from /home/ubuntu/ec2_customer_chum_venv/lib/python3.10/site-packages/airflow/example_dags/example_branch_operator.py
[2023-12-07T16:55:03.199+0000] {processor.py:839} INFO - DAG(s) dict_keys(['example_branch_operator']) retrieved from /home/ubuntu/ec2_customer_chum_venv/lib/python3.10/site-packages/airflow/example_dags/example_branch_operator.py
[2023-12-07T16:55:03.220+0000] {logging_mixin.py:154} INFO - [2023-12-07T16:55:03.219+0000] {dag.py:2941} INFO - Sync 1 DAGs
[2023-12-07T16:55:03.244+0000] {logging_mixin.py:154} INFO - [2023-12-07T16:55:03.243+0000] {dag.py:3722} INFO - Setting next_dagrun for example_branch_operator to 2023-12-06T00:00:00+00:00, run_after=2023-12-07T00:00:00+00:00
[2023-12-07T16:55:03.271+0000] {processor.py:179} INFO - Processing /home/ubuntu/ec2_customer_chum_venv/lib/python3.10/site-packages/airflow/example_dags/example_branch_operator.py took 0.089 seconds
[2023-12-07T16:55:47.263+0000] {processor.py:157} INFO - Started process (PID=5359) to work on /home/ubuntu/ec2_customer_chum_venv/lib/python3.10/site-packages/airflow/example_dags/example_branch_operator.py
[2023-12-07T16:55:47.264+0000] {processor.py:829} INFO - Processing file /home/ubuntu/ec2_customer_chum_venv/lib/python3.10/site-packages/airflow/example_dags/example_branch_operator.py for tasks to queue
[2023-12-07T16:55:47.265+0000] {logging_mixin.py:154} INFO - [2023-12-07T16:55:47.264+0000] {dagbag.py:536} INFO - Filling up the DagBag from /home/ubuntu/ec2_customer_chum_venv/lib/python3.10/site-packages/airflow/example_dags/example_branch_operator.py
[2023-12-07T16:55:47.275+0000] {processor.py:839} INFO - DAG(s) dict_keys(['example_branch_operator']) retrieved from /home/ubuntu/ec2_customer_chum_venv/lib/python3.10/site-packages/airflow/example_dags/example_branch_operator.py
[2023-12-07T16:55:47.295+0000] {logging_mixin.py:154} INFO - [2023-12-07T16:55:47.295+0000] {dag.py:2941} INFO - Sync 1 DAGs
[2023-12-07T16:55:47.318+0000] {logging_mixin.py:154} INFO - [2023-12-07T16:55:47.318+0000] {dag.py:3722} INFO - Setting next_dagrun for example_branch_operator to 2023-12-06T00:00:00+00:00, run_after=2023-12-07T00:00:00+00:00
[2023-12-07T16:55:47.340+0000] {processor.py:179} INFO - Processing /home/ubuntu/ec2_customer_chum_venv/lib/python3.10/site-packages/airflow/example_dags/example_branch_operator.py took 0.081 seconds
[2023-12-07T16:56:32.234+0000] {processor.py:157} INFO - Started process (PID=5405) to work on /home/ubuntu/ec2_customer_chum_venv/lib/python3.10/site-packages/airflow/example_dags/example_branch_operator.py
[2023-12-07T16:56:32.236+0000] {processor.py:829} INFO - Processing file /home/ubuntu/ec2_customer_chum_venv/lib/python3.10/site-packages/airflow/example_dags/example_branch_operator.py for tasks to queue
[2023-12-07T16:56:32.236+0000] {logging_mixin.py:154} INFO - [2023-12-07T16:56:32.236+0000] {dagbag.py:536} INFO - Filling up the DagBag from /home/ubuntu/ec2_customer_chum_venv/lib/python3.10/site-packages/airflow/example_dags/example_branch_operator.py
[2023-12-07T16:56:32.247+0000] {processor.py:839} INFO - DAG(s) dict_keys(['example_branch_operator']) retrieved from /home/ubuntu/ec2_customer_chum_venv/lib/python3.10/site-packages/airflow/example_dags/example_branch_operator.py
[2023-12-07T16:56:32.266+0000] {logging_mixin.py:154} INFO - [2023-12-07T16:56:32.266+0000] {dag.py:2941} INFO - Sync 1 DAGs
[2023-12-07T16:56:32.288+0000] {logging_mixin.py:154} INFO - [2023-12-07T16:56:32.288+0000] {dag.py:3722} INFO - Setting next_dagrun for example_branch_operator to 2023-12-06T00:00:00+00:00, run_after=2023-12-07T00:00:00+00:00
[2023-12-07T16:56:32.311+0000] {processor.py:179} INFO - Processing /home/ubuntu/ec2_customer_chum_venv/lib/python3.10/site-packages/airflow/example_dags/example_branch_operator.py took 0.080 seconds
[2023-12-07T16:57:16.079+0000] {processor.py:157} INFO - Started process (PID=5451) to work on /home/ubuntu/ec2_customer_chum_venv/lib/python3.10/site-packages/airflow/example_dags/example_branch_operator.py
[2023-12-07T16:57:16.080+0000] {processor.py:829} INFO - Processing file /home/ubuntu/ec2_customer_chum_venv/lib/python3.10/site-packages/airflow/example_dags/example_branch_operator.py for tasks to queue
[2023-12-07T16:57:16.081+0000] {logging_mixin.py:154} INFO - [2023-12-07T16:57:16.081+0000] {dagbag.py:536} INFO - Filling up the DagBag from /home/ubuntu/ec2_customer_chum_venv/lib/python3.10/site-packages/airflow/example_dags/example_branch_operator.py
[2023-12-07T16:57:16.092+0000] {processor.py:839} INFO - DAG(s) dict_keys(['example_branch_operator']) retrieved from /home/ubuntu/ec2_customer_chum_venv/lib/python3.10/site-packages/airflow/example_dags/example_branch_operator.py
[2023-12-07T16:57:16.112+0000] {logging_mixin.py:154} INFO - [2023-12-07T16:57:16.112+0000] {dag.py:2941} INFO - Sync 1 DAGs
[2023-12-07T16:57:16.135+0000] {logging_mixin.py:154} INFO - [2023-12-07T16:57:16.135+0000] {dag.py:3722} INFO - Setting next_dagrun for example_branch_operator to 2023-12-06T00:00:00+00:00, run_after=2023-12-07T00:00:00+00:00
[2023-12-07T16:57:16.158+0000] {processor.py:179} INFO - Processing /home/ubuntu/ec2_customer_chum_venv/lib/python3.10/site-packages/airflow/example_dags/example_branch_operator.py took 0.082 seconds
[2023-12-07T16:57:59.701+0000] {processor.py:157} INFO - Started process (PID=5497) to work on /home/ubuntu/ec2_customer_chum_venv/lib/python3.10/site-packages/airflow/example_dags/example_branch_operator.py
[2023-12-07T16:57:59.702+0000] {processor.py:829} INFO - Processing file /home/ubuntu/ec2_customer_chum_venv/lib/python3.10/site-packages/airflow/example_dags/example_branch_operator.py for tasks to queue
[2023-12-07T16:57:59.703+0000] {logging_mixin.py:154} INFO - [2023-12-07T16:57:59.703+0000] {dagbag.py:536} INFO - Filling up the DagBag from /home/ubuntu/ec2_customer_chum_venv/lib/python3.10/site-packages/airflow/example_dags/example_branch_operator.py
[2023-12-07T16:57:59.713+0000] {processor.py:839} INFO - DAG(s) dict_keys(['example_branch_operator']) retrieved from /home/ubuntu/ec2_customer_chum_venv/lib/python3.10/site-packages/airflow/example_dags/example_branch_operator.py
[2023-12-07T16:57:59.733+0000] {logging_mixin.py:154} INFO - [2023-12-07T16:57:59.733+0000] {dag.py:2941} INFO - Sync 1 DAGs
[2023-12-07T16:57:59.756+0000] {logging_mixin.py:154} INFO - [2023-12-07T16:57:59.755+0000] {dag.py:3722} INFO - Setting next_dagrun for example_branch_operator to 2023-12-06T00:00:00+00:00, run_after=2023-12-07T00:00:00+00:00
[2023-12-07T16:57:59.778+0000] {processor.py:179} INFO - Processing /home/ubuntu/ec2_customer_chum_venv/lib/python3.10/site-packages/airflow/example_dags/example_branch_operator.py took 0.081 seconds
[2023-12-07T16:58:44.003+0000] {processor.py:157} INFO - Started process (PID=5545) to work on /home/ubuntu/ec2_customer_chum_venv/lib/python3.10/site-packages/airflow/example_dags/example_branch_operator.py
[2023-12-07T16:58:44.004+0000] {processor.py:829} INFO - Processing file /home/ubuntu/ec2_customer_chum_venv/lib/python3.10/site-packages/airflow/example_dags/example_branch_operator.py for tasks to queue
[2023-12-07T16:58:44.005+0000] {logging_mixin.py:154} INFO - [2023-12-07T16:58:44.005+0000] {dagbag.py:536} INFO - Filling up the DagBag from /home/ubuntu/ec2_customer_chum_venv/lib/python3.10/site-packages/airflow/example_dags/example_branch_operator.py
[2023-12-07T16:58:44.016+0000] {processor.py:839} INFO - DAG(s) dict_keys(['example_branch_operator']) retrieved from /home/ubuntu/ec2_customer_chum_venv/lib/python3.10/site-packages/airflow/example_dags/example_branch_operator.py
[2023-12-07T16:58:44.036+0000] {logging_mixin.py:154} INFO - [2023-12-07T16:58:44.036+0000] {dag.py:2941} INFO - Sync 1 DAGs
[2023-12-07T16:58:44.059+0000] {logging_mixin.py:154} INFO - [2023-12-07T16:58:44.059+0000] {dag.py:3722} INFO - Setting next_dagrun for example_branch_operator to 2023-12-06T00:00:00+00:00, run_after=2023-12-07T00:00:00+00:00
[2023-12-07T16:58:44.081+0000] {processor.py:179} INFO - Processing /home/ubuntu/ec2_customer_chum_venv/lib/python3.10/site-packages/airflow/example_dags/example_branch_operator.py took 0.082 seconds
[2023-12-07T16:59:39.513+0000] {processor.py:157} INFO - Started process (PID=5603) to work on /home/ubuntu/ec2_customer_chum_venv/lib/python3.10/site-packages/airflow/example_dags/example_branch_operator.py
[2023-12-07T16:59:39.514+0000] {processor.py:829} INFO - Processing file /home/ubuntu/ec2_customer_chum_venv/lib/python3.10/site-packages/airflow/example_dags/example_branch_operator.py for tasks to queue
[2023-12-07T16:59:39.515+0000] {logging_mixin.py:154} INFO - [2023-12-07T16:59:39.515+0000] {dagbag.py:536} INFO - Filling up the DagBag from /home/ubuntu/ec2_customer_chum_venv/lib/python3.10/site-packages/airflow/example_dags/example_branch_operator.py
[2023-12-07T16:59:39.526+0000] {processor.py:839} INFO - DAG(s) dict_keys(['example_branch_operator']) retrieved from /home/ubuntu/ec2_customer_chum_venv/lib/python3.10/site-packages/airflow/example_dags/example_branch_operator.py
[2023-12-07T16:59:39.546+0000] {logging_mixin.py:154} INFO - [2023-12-07T16:59:39.545+0000] {dag.py:2941} INFO - Sync 1 DAGs
[2023-12-07T16:59:39.568+0000] {logging_mixin.py:154} INFO - [2023-12-07T16:59:39.568+0000] {dag.py:3722} INFO - Setting next_dagrun for example_branch_operator to 2023-12-06T00:00:00+00:00, run_after=2023-12-07T00:00:00+00:00
[2023-12-07T16:59:39.590+0000] {processor.py:179} INFO - Processing /home/ubuntu/ec2_customer_chum_venv/lib/python3.10/site-packages/airflow/example_dags/example_branch_operator.py took 0.081 seconds
[2023-12-07T17:00:26.875+0000] {processor.py:157} INFO - Started process (PID=5651) to work on /home/ubuntu/ec2_customer_chum_venv/lib/python3.10/site-packages/airflow/example_dags/example_branch_operator.py
[2023-12-07T17:00:26.876+0000] {processor.py:829} INFO - Processing file /home/ubuntu/ec2_customer_chum_venv/lib/python3.10/site-packages/airflow/example_dags/example_branch_operator.py for tasks to queue
[2023-12-07T17:00:26.877+0000] {logging_mixin.py:154} INFO - [2023-12-07T17:00:26.877+0000] {dagbag.py:536} INFO - Filling up the DagBag from /home/ubuntu/ec2_customer_chum_venv/lib/python3.10/site-packages/airflow/example_dags/example_branch_operator.py
[2023-12-07T17:00:26.888+0000] {processor.py:839} INFO - DAG(s) dict_keys(['example_branch_operator']) retrieved from /home/ubuntu/ec2_customer_chum_venv/lib/python3.10/site-packages/airflow/example_dags/example_branch_operator.py
[2023-12-07T17:00:26.908+0000] {logging_mixin.py:154} INFO - [2023-12-07T17:00:26.908+0000] {dag.py:2941} INFO - Sync 1 DAGs
[2023-12-07T17:00:26.933+0000] {logging_mixin.py:154} INFO - [2023-12-07T17:00:26.933+0000] {dag.py:3722} INFO - Setting next_dagrun for example_branch_operator to 2023-12-06T00:00:00+00:00, run_after=2023-12-07T00:00:00+00:00
[2023-12-07T17:00:26.962+0000] {processor.py:179} INFO - Processing /home/ubuntu/ec2_customer_chum_venv/lib/python3.10/site-packages/airflow/example_dags/example_branch_operator.py took 0.091 seconds
[2023-12-07T17:01:14.926+0000] {processor.py:157} INFO - Started process (PID=5699) to work on /home/ubuntu/ec2_customer_chum_venv/lib/python3.10/site-packages/airflow/example_dags/example_branch_operator.py
[2023-12-07T17:01:14.927+0000] {processor.py:829} INFO - Processing file /home/ubuntu/ec2_customer_chum_venv/lib/python3.10/site-packages/airflow/example_dags/example_branch_operator.py for tasks to queue
[2023-12-07T17:01:14.928+0000] {logging_mixin.py:154} INFO - [2023-12-07T17:01:14.928+0000] {dagbag.py:536} INFO - Filling up the DagBag from /home/ubuntu/ec2_customer_chum_venv/lib/python3.10/site-packages/airflow/example_dags/example_branch_operator.py
[2023-12-07T17:01:14.939+0000] {processor.py:839} INFO - DAG(s) dict_keys(['example_branch_operator']) retrieved from /home/ubuntu/ec2_customer_chum_venv/lib/python3.10/site-packages/airflow/example_dags/example_branch_operator.py
[2023-12-07T17:01:14.959+0000] {logging_mixin.py:154} INFO - [2023-12-07T17:01:14.959+0000] {dag.py:2941} INFO - Sync 1 DAGs
[2023-12-07T17:01:14.981+0000] {logging_mixin.py:154} INFO - [2023-12-07T17:01:14.981+0000] {dag.py:3722} INFO - Setting next_dagrun for example_branch_operator to 2023-12-06T00:00:00+00:00, run_after=2023-12-07T00:00:00+00:00
[2023-12-07T17:01:15.005+0000] {processor.py:179} INFO - Processing /home/ubuntu/ec2_customer_chum_venv/lib/python3.10/site-packages/airflow/example_dags/example_branch_operator.py took 0.082 seconds
[2023-12-07T17:01:59.728+0000] {processor.py:157} INFO - Started process (PID=5745) to work on /home/ubuntu/ec2_customer_chum_venv/lib/python3.10/site-packages/airflow/example_dags/example_branch_operator.py
[2023-12-07T17:01:59.729+0000] {processor.py:829} INFO - Processing file /home/ubuntu/ec2_customer_chum_venv/lib/python3.10/site-packages/airflow/example_dags/example_branch_operator.py for tasks to queue
[2023-12-07T17:01:59.730+0000] {logging_mixin.py:154} INFO - [2023-12-07T17:01:59.730+0000] {dagbag.py:536} INFO - Filling up the DagBag from /home/ubuntu/ec2_customer_chum_venv/lib/python3.10/site-packages/airflow/example_dags/example_branch_operator.py
[2023-12-07T17:01:59.740+0000] {processor.py:839} INFO - DAG(s) dict_keys(['example_branch_operator']) retrieved from /home/ubuntu/ec2_customer_chum_venv/lib/python3.10/site-packages/airflow/example_dags/example_branch_operator.py
[2023-12-07T17:01:59.760+0000] {logging_mixin.py:154} INFO - [2023-12-07T17:01:59.759+0000] {dag.py:2941} INFO - Sync 1 DAGs
[2023-12-07T17:01:59.781+0000] {logging_mixin.py:154} INFO - [2023-12-07T17:01:59.781+0000] {dag.py:3722} INFO - Setting next_dagrun for example_branch_operator to 2023-12-06T00:00:00+00:00, run_after=2023-12-07T00:00:00+00:00
[2023-12-07T17:01:59.803+0000] {processor.py:179} INFO - Processing /home/ubuntu/ec2_customer_chum_venv/lib/python3.10/site-packages/airflow/example_dags/example_branch_operator.py took 0.078 seconds
[2023-12-07T17:02:48.383+0000] {processor.py:157} INFO - Started process (PID=5794) to work on /home/ubuntu/ec2_customer_chum_venv/lib/python3.10/site-packages/airflow/example_dags/example_branch_operator.py
[2023-12-07T17:02:48.385+0000] {processor.py:829} INFO - Processing file /home/ubuntu/ec2_customer_chum_venv/lib/python3.10/site-packages/airflow/example_dags/example_branch_operator.py for tasks to queue
[2023-12-07T17:02:48.385+0000] {logging_mixin.py:154} INFO - [2023-12-07T17:02:48.385+0000] {dagbag.py:536} INFO - Filling up the DagBag from /home/ubuntu/ec2_customer_chum_venv/lib/python3.10/site-packages/airflow/example_dags/example_branch_operator.py
[2023-12-07T17:02:48.395+0000] {processor.py:839} INFO - DAG(s) dict_keys(['example_branch_operator']) retrieved from /home/ubuntu/ec2_customer_chum_venv/lib/python3.10/site-packages/airflow/example_dags/example_branch_operator.py
[2023-12-07T17:02:48.415+0000] {logging_mixin.py:154} INFO - [2023-12-07T17:02:48.415+0000] {dag.py:2941} INFO - Sync 1 DAGs
[2023-12-07T17:02:48.437+0000] {logging_mixin.py:154} INFO - [2023-12-07T17:02:48.437+0000] {dag.py:3722} INFO - Setting next_dagrun for example_branch_operator to 2023-12-06T00:00:00+00:00, run_after=2023-12-07T00:00:00+00:00
[2023-12-07T17:02:48.460+0000] {processor.py:179} INFO - Processing /home/ubuntu/ec2_customer_chum_venv/lib/python3.10/site-packages/airflow/example_dags/example_branch_operator.py took 0.080 seconds
[2023-12-07T17:03:37.495+0000] {processor.py:157} INFO - Started process (PID=5844) to work on /home/ubuntu/ec2_customer_chum_venv/lib/python3.10/site-packages/airflow/example_dags/example_branch_operator.py
[2023-12-07T17:03:37.496+0000] {processor.py:829} INFO - Processing file /home/ubuntu/ec2_customer_chum_venv/lib/python3.10/site-packages/airflow/example_dags/example_branch_operator.py for tasks to queue
[2023-12-07T17:03:37.497+0000] {logging_mixin.py:154} INFO - [2023-12-07T17:03:37.497+0000] {dagbag.py:536} INFO - Filling up the DagBag from /home/ubuntu/ec2_customer_chum_venv/lib/python3.10/site-packages/airflow/example_dags/example_branch_operator.py
[2023-12-07T17:03:37.507+0000] {processor.py:839} INFO - DAG(s) dict_keys(['example_branch_operator']) retrieved from /home/ubuntu/ec2_customer_chum_venv/lib/python3.10/site-packages/airflow/example_dags/example_branch_operator.py
[2023-12-07T17:03:37.527+0000] {logging_mixin.py:154} INFO - [2023-12-07T17:03:37.527+0000] {dag.py:2941} INFO - Sync 1 DAGs
[2023-12-07T17:03:37.549+0000] {logging_mixin.py:154} INFO - [2023-12-07T17:03:37.549+0000] {dag.py:3722} INFO - Setting next_dagrun for example_branch_operator to 2023-12-06T00:00:00+00:00, run_after=2023-12-07T00:00:00+00:00
[2023-12-07T17:03:37.578+0000] {processor.py:179} INFO - Processing /home/ubuntu/ec2_customer_chum_venv/lib/python3.10/site-packages/airflow/example_dags/example_branch_operator.py took 0.086 seconds
[2023-12-07T17:04:35.518+0000] {processor.py:157} INFO - Started process (PID=5905) to work on /home/ubuntu/ec2_customer_chum_venv/lib/python3.10/site-packages/airflow/example_dags/example_branch_operator.py
[2023-12-07T17:04:35.520+0000] {processor.py:829} INFO - Processing file /home/ubuntu/ec2_customer_chum_venv/lib/python3.10/site-packages/airflow/example_dags/example_branch_operator.py for tasks to queue
[2023-12-07T17:04:35.521+0000] {logging_mixin.py:154} INFO - [2023-12-07T17:04:35.520+0000] {dagbag.py:536} INFO - Filling up the DagBag from /home/ubuntu/ec2_customer_chum_venv/lib/python3.10/site-packages/airflow/example_dags/example_branch_operator.py
[2023-12-07T17:04:35.531+0000] {processor.py:839} INFO - DAG(s) dict_keys(['example_branch_operator']) retrieved from /home/ubuntu/ec2_customer_chum_venv/lib/python3.10/site-packages/airflow/example_dags/example_branch_operator.py
[2023-12-07T17:04:35.550+0000] {logging_mixin.py:154} INFO - [2023-12-07T17:04:35.550+0000] {dag.py:2941} INFO - Sync 1 DAGs
[2023-12-07T17:04:35.572+0000] {logging_mixin.py:154} INFO - [2023-12-07T17:04:35.572+0000] {dag.py:3722} INFO - Setting next_dagrun for example_branch_operator to 2023-12-06T00:00:00+00:00, run_after=2023-12-07T00:00:00+00:00
[2023-12-07T17:04:35.594+0000] {processor.py:179} INFO - Processing /home/ubuntu/ec2_customer_chum_venv/lib/python3.10/site-packages/airflow/example_dags/example_branch_operator.py took 0.080 seconds
[2023-12-07T17:05:18.423+0000] {processor.py:157} INFO - Started process (PID=5952) to work on /home/ubuntu/ec2_customer_chum_venv/lib/python3.10/site-packages/airflow/example_dags/example_branch_operator.py
[2023-12-07T17:05:18.424+0000] {processor.py:829} INFO - Processing file /home/ubuntu/ec2_customer_chum_venv/lib/python3.10/site-packages/airflow/example_dags/example_branch_operator.py for tasks to queue
[2023-12-07T17:05:18.425+0000] {logging_mixin.py:154} INFO - [2023-12-07T17:05:18.425+0000] {dagbag.py:536} INFO - Filling up the DagBag from /home/ubuntu/ec2_customer_chum_venv/lib/python3.10/site-packages/airflow/example_dags/example_branch_operator.py
[2023-12-07T17:05:18.435+0000] {processor.py:839} INFO - DAG(s) dict_keys(['example_branch_operator']) retrieved from /home/ubuntu/ec2_customer_chum_venv/lib/python3.10/site-packages/airflow/example_dags/example_branch_operator.py
[2023-12-07T17:05:18.455+0000] {logging_mixin.py:154} INFO - [2023-12-07T17:05:18.455+0000] {dag.py:2941} INFO - Sync 1 DAGs
[2023-12-07T17:05:18.478+0000] {logging_mixin.py:154} INFO - [2023-12-07T17:05:18.477+0000] {dag.py:3722} INFO - Setting next_dagrun for example_branch_operator to 2023-12-06T00:00:00+00:00, run_after=2023-12-07T00:00:00+00:00
[2023-12-07T17:05:18.501+0000] {processor.py:179} INFO - Processing /home/ubuntu/ec2_customer_chum_venv/lib/python3.10/site-packages/airflow/example_dags/example_branch_operator.py took 0.081 seconds
[2023-12-07T17:06:03.254+0000] {processor.py:157} INFO - Started process (PID=5997) to work on /home/ubuntu/ec2_customer_chum_venv/lib/python3.10/site-packages/airflow/example_dags/example_branch_operator.py
[2023-12-07T17:06:03.255+0000] {processor.py:829} INFO - Processing file /home/ubuntu/ec2_customer_chum_venv/lib/python3.10/site-packages/airflow/example_dags/example_branch_operator.py for tasks to queue
[2023-12-07T17:06:03.256+0000] {logging_mixin.py:154} INFO - [2023-12-07T17:06:03.256+0000] {dagbag.py:536} INFO - Filling up the DagBag from /home/ubuntu/ec2_customer_chum_venv/lib/python3.10/site-packages/airflow/example_dags/example_branch_operator.py
[2023-12-07T17:06:03.267+0000] {processor.py:839} INFO - DAG(s) dict_keys(['example_branch_operator']) retrieved from /home/ubuntu/ec2_customer_chum_venv/lib/python3.10/site-packages/airflow/example_dags/example_branch_operator.py
[2023-12-07T17:06:03.287+0000] {logging_mixin.py:154} INFO - [2023-12-07T17:06:03.287+0000] {dag.py:2941} INFO - Sync 1 DAGs
[2023-12-07T17:06:03.310+0000] {logging_mixin.py:154} INFO - [2023-12-07T17:06:03.310+0000] {dag.py:3722} INFO - Setting next_dagrun for example_branch_operator to 2023-12-06T00:00:00+00:00, run_after=2023-12-07T00:00:00+00:00
[2023-12-07T17:06:03.335+0000] {processor.py:179} INFO - Processing /home/ubuntu/ec2_customer_chum_venv/lib/python3.10/site-packages/airflow/example_dags/example_branch_operator.py took 0.085 seconds
[2023-12-07T17:06:47.422+0000] {processor.py:157} INFO - Started process (PID=6043) to work on /home/ubuntu/ec2_customer_chum_venv/lib/python3.10/site-packages/airflow/example_dags/example_branch_operator.py
[2023-12-07T17:06:47.424+0000] {processor.py:829} INFO - Processing file /home/ubuntu/ec2_customer_chum_venv/lib/python3.10/site-packages/airflow/example_dags/example_branch_operator.py for tasks to queue
[2023-12-07T17:06:47.425+0000] {logging_mixin.py:154} INFO - [2023-12-07T17:06:47.425+0000] {dagbag.py:536} INFO - Filling up the DagBag from /home/ubuntu/ec2_customer_chum_venv/lib/python3.10/site-packages/airflow/example_dags/example_branch_operator.py
[2023-12-07T17:06:47.435+0000] {processor.py:839} INFO - DAG(s) dict_keys(['example_branch_operator']) retrieved from /home/ubuntu/ec2_customer_chum_venv/lib/python3.10/site-packages/airflow/example_dags/example_branch_operator.py
[2023-12-07T17:06:47.455+0000] {logging_mixin.py:154} INFO - [2023-12-07T17:06:47.454+0000] {dag.py:2941} INFO - Sync 1 DAGs
[2023-12-07T17:06:47.478+0000] {logging_mixin.py:154} INFO - [2023-12-07T17:06:47.477+0000] {dag.py:3722} INFO - Setting next_dagrun for example_branch_operator to 2023-12-06T00:00:00+00:00, run_after=2023-12-07T00:00:00+00:00
[2023-12-07T17:06:47.501+0000] {processor.py:179} INFO - Processing /home/ubuntu/ec2_customer_chum_venv/lib/python3.10/site-packages/airflow/example_dags/example_branch_operator.py took 0.082 seconds
[2023-12-07T17:07:37.691+0000] {processor.py:157} INFO - Started process (PID=6094) to work on /home/ubuntu/ec2_customer_chum_venv/lib/python3.10/site-packages/airflow/example_dags/example_branch_operator.py
[2023-12-07T17:07:37.693+0000] {processor.py:829} INFO - Processing file /home/ubuntu/ec2_customer_chum_venv/lib/python3.10/site-packages/airflow/example_dags/example_branch_operator.py for tasks to queue
[2023-12-07T17:07:37.693+0000] {logging_mixin.py:154} INFO - [2023-12-07T17:07:37.693+0000] {dagbag.py:536} INFO - Filling up the DagBag from /home/ubuntu/ec2_customer_chum_venv/lib/python3.10/site-packages/airflow/example_dags/example_branch_operator.py
[2023-12-07T17:07:37.703+0000] {processor.py:839} INFO - DAG(s) dict_keys(['example_branch_operator']) retrieved from /home/ubuntu/ec2_customer_chum_venv/lib/python3.10/site-packages/airflow/example_dags/example_branch_operator.py
[2023-12-07T17:07:37.723+0000] {logging_mixin.py:154} INFO - [2023-12-07T17:07:37.723+0000] {dag.py:2941} INFO - Sync 1 DAGs
[2023-12-07T17:07:37.745+0000] {logging_mixin.py:154} INFO - [2023-12-07T17:07:37.744+0000] {dag.py:3722} INFO - Setting next_dagrun for example_branch_operator to 2023-12-06T00:00:00+00:00, run_after=2023-12-07T00:00:00+00:00
[2023-12-07T17:07:37.767+0000] {processor.py:179} INFO - Processing /home/ubuntu/ec2_customer_chum_venv/lib/python3.10/site-packages/airflow/example_dags/example_branch_operator.py took 0.079 seconds
[2023-12-07T17:08:22.858+0000] {processor.py:157} INFO - Started process (PID=6140) to work on /home/ubuntu/ec2_customer_chum_venv/lib/python3.10/site-packages/airflow/example_dags/example_branch_operator.py
[2023-12-07T17:08:22.859+0000] {processor.py:829} INFO - Processing file /home/ubuntu/ec2_customer_chum_venv/lib/python3.10/site-packages/airflow/example_dags/example_branch_operator.py for tasks to queue
[2023-12-07T17:08:22.860+0000] {logging_mixin.py:154} INFO - [2023-12-07T17:08:22.859+0000] {dagbag.py:536} INFO - Filling up the DagBag from /home/ubuntu/ec2_customer_chum_venv/lib/python3.10/site-packages/airflow/example_dags/example_branch_operator.py
[2023-12-07T17:08:22.870+0000] {processor.py:839} INFO - DAG(s) dict_keys(['example_branch_operator']) retrieved from /home/ubuntu/ec2_customer_chum_venv/lib/python3.10/site-packages/airflow/example_dags/example_branch_operator.py
[2023-12-07T17:08:22.889+0000] {logging_mixin.py:154} INFO - [2023-12-07T17:08:22.889+0000] {dag.py:2941} INFO - Sync 1 DAGs
[2023-12-07T17:08:22.913+0000] {logging_mixin.py:154} INFO - [2023-12-07T17:08:22.913+0000] {dag.py:3722} INFO - Setting next_dagrun for example_branch_operator to 2023-12-06T00:00:00+00:00, run_after=2023-12-07T00:00:00+00:00
[2023-12-07T17:08:22.937+0000] {processor.py:179} INFO - Processing /home/ubuntu/ec2_customer_chum_venv/lib/python3.10/site-packages/airflow/example_dags/example_branch_operator.py took 0.083 seconds
[2023-12-07T17:09:09.568+0000] {processor.py:157} INFO - Started process (PID=6187) to work on /home/ubuntu/ec2_customer_chum_venv/lib/python3.10/site-packages/airflow/example_dags/example_branch_operator.py
[2023-12-07T17:09:09.569+0000] {processor.py:829} INFO - Processing file /home/ubuntu/ec2_customer_chum_venv/lib/python3.10/site-packages/airflow/example_dags/example_branch_operator.py for tasks to queue
[2023-12-07T17:09:09.570+0000] {logging_mixin.py:154} INFO - [2023-12-07T17:09:09.570+0000] {dagbag.py:536} INFO - Filling up the DagBag from /home/ubuntu/ec2_customer_chum_venv/lib/python3.10/site-packages/airflow/example_dags/example_branch_operator.py
[2023-12-07T17:09:09.580+0000] {processor.py:839} INFO - DAG(s) dict_keys(['example_branch_operator']) retrieved from /home/ubuntu/ec2_customer_chum_venv/lib/python3.10/site-packages/airflow/example_dags/example_branch_operator.py
[2023-12-07T17:09:09.600+0000] {logging_mixin.py:154} INFO - [2023-12-07T17:09:09.600+0000] {dag.py:2941} INFO - Sync 1 DAGs
[2023-12-07T17:09:09.623+0000] {logging_mixin.py:154} INFO - [2023-12-07T17:09:09.623+0000] {dag.py:3722} INFO - Setting next_dagrun for example_branch_operator to 2023-12-06T00:00:00+00:00, run_after=2023-12-07T00:00:00+00:00
[2023-12-07T17:09:09.647+0000] {processor.py:179} INFO - Processing /home/ubuntu/ec2_customer_chum_venv/lib/python3.10/site-packages/airflow/example_dags/example_branch_operator.py took 0.082 seconds
[2023-12-07T17:10:05.091+0000] {processor.py:157} INFO - Started process (PID=6246) to work on /home/ubuntu/ec2_customer_chum_venv/lib/python3.10/site-packages/airflow/example_dags/example_branch_operator.py
[2023-12-07T17:10:05.093+0000] {processor.py:829} INFO - Processing file /home/ubuntu/ec2_customer_chum_venv/lib/python3.10/site-packages/airflow/example_dags/example_branch_operator.py for tasks to queue
[2023-12-07T17:10:05.094+0000] {logging_mixin.py:154} INFO - [2023-12-07T17:10:05.093+0000] {dagbag.py:536} INFO - Filling up the DagBag from /home/ubuntu/ec2_customer_chum_venv/lib/python3.10/site-packages/airflow/example_dags/example_branch_operator.py
[2023-12-07T17:10:05.104+0000] {processor.py:839} INFO - DAG(s) dict_keys(['example_branch_operator']) retrieved from /home/ubuntu/ec2_customer_chum_venv/lib/python3.10/site-packages/airflow/example_dags/example_branch_operator.py
[2023-12-07T17:10:05.125+0000] {logging_mixin.py:154} INFO - [2023-12-07T17:10:05.125+0000] {dag.py:2941} INFO - Sync 1 DAGs
[2023-12-07T17:10:05.150+0000] {logging_mixin.py:154} INFO - [2023-12-07T17:10:05.149+0000] {dag.py:3722} INFO - Setting next_dagrun for example_branch_operator to 2023-12-06T00:00:00+00:00, run_after=2023-12-07T00:00:00+00:00
[2023-12-07T17:10:05.200+0000] {processor.py:179} INFO - Processing /home/ubuntu/ec2_customer_chum_venv/lib/python3.10/site-packages/airflow/example_dags/example_branch_operator.py took 0.112 seconds
[2023-12-07T17:10:53.154+0000] {processor.py:157} INFO - Started process (PID=6296) to work on /home/ubuntu/ec2_customer_chum_venv/lib/python3.10/site-packages/airflow/example_dags/example_branch_operator.py
[2023-12-07T17:10:53.156+0000] {processor.py:829} INFO - Processing file /home/ubuntu/ec2_customer_chum_venv/lib/python3.10/site-packages/airflow/example_dags/example_branch_operator.py for tasks to queue
[2023-12-07T17:10:53.157+0000] {logging_mixin.py:154} INFO - [2023-12-07T17:10:53.156+0000] {dagbag.py:536} INFO - Filling up the DagBag from /home/ubuntu/ec2_customer_chum_venv/lib/python3.10/site-packages/airflow/example_dags/example_branch_operator.py
[2023-12-07T17:10:53.167+0000] {processor.py:839} INFO - DAG(s) dict_keys(['example_branch_operator']) retrieved from /home/ubuntu/ec2_customer_chum_venv/lib/python3.10/site-packages/airflow/example_dags/example_branch_operator.py
[2023-12-07T17:10:53.187+0000] {logging_mixin.py:154} INFO - [2023-12-07T17:10:53.187+0000] {dag.py:2941} INFO - Sync 1 DAGs
[2023-12-07T17:10:53.209+0000] {logging_mixin.py:154} INFO - [2023-12-07T17:10:53.209+0000] {dag.py:3722} INFO - Setting next_dagrun for example_branch_operator to 2023-12-06T00:00:00+00:00, run_after=2023-12-07T00:00:00+00:00
[2023-12-07T17:10:53.233+0000] {processor.py:179} INFO - Processing /home/ubuntu/ec2_customer_chum_venv/lib/python3.10/site-packages/airflow/example_dags/example_branch_operator.py took 0.082 seconds
[2023-12-07T17:11:50.959+0000] {processor.py:157} INFO - Started process (PID=6359) to work on /home/ubuntu/ec2_customer_chum_venv/lib/python3.10/site-packages/airflow/example_dags/example_branch_operator.py
[2023-12-07T17:11:50.962+0000] {processor.py:829} INFO - Processing file /home/ubuntu/ec2_customer_chum_venv/lib/python3.10/site-packages/airflow/example_dags/example_branch_operator.py for tasks to queue
[2023-12-07T17:11:50.963+0000] {logging_mixin.py:154} INFO - [2023-12-07T17:11:50.962+0000] {dagbag.py:536} INFO - Filling up the DagBag from /home/ubuntu/ec2_customer_chum_venv/lib/python3.10/site-packages/airflow/example_dags/example_branch_operator.py
[2023-12-07T17:11:50.973+0000] {processor.py:839} INFO - DAG(s) dict_keys(['example_branch_operator']) retrieved from /home/ubuntu/ec2_customer_chum_venv/lib/python3.10/site-packages/airflow/example_dags/example_branch_operator.py
[2023-12-07T17:11:50.993+0000] {logging_mixin.py:154} INFO - [2023-12-07T17:11:50.993+0000] {dag.py:2941} INFO - Sync 1 DAGs
[2023-12-07T17:11:51.015+0000] {logging_mixin.py:154} INFO - [2023-12-07T17:11:51.015+0000] {dag.py:3722} INFO - Setting next_dagrun for example_branch_operator to 2023-12-06T00:00:00+00:00, run_after=2023-12-07T00:00:00+00:00
[2023-12-07T17:11:51.037+0000] {processor.py:179} INFO - Processing /home/ubuntu/ec2_customer_chum_venv/lib/python3.10/site-packages/airflow/example_dags/example_branch_operator.py took 0.082 seconds
[2023-12-07T17:12:35.473+0000] {processor.py:157} INFO - Started process (PID=6405) to work on /home/ubuntu/ec2_customer_chum_venv/lib/python3.10/site-packages/airflow/example_dags/example_branch_operator.py
[2023-12-07T17:12:35.475+0000] {processor.py:829} INFO - Processing file /home/ubuntu/ec2_customer_chum_venv/lib/python3.10/site-packages/airflow/example_dags/example_branch_operator.py for tasks to queue
[2023-12-07T17:12:35.475+0000] {logging_mixin.py:154} INFO - [2023-12-07T17:12:35.475+0000] {dagbag.py:536} INFO - Filling up the DagBag from /home/ubuntu/ec2_customer_chum_venv/lib/python3.10/site-packages/airflow/example_dags/example_branch_operator.py
[2023-12-07T17:12:35.486+0000] {processor.py:839} INFO - DAG(s) dict_keys(['example_branch_operator']) retrieved from /home/ubuntu/ec2_customer_chum_venv/lib/python3.10/site-packages/airflow/example_dags/example_branch_operator.py
[2023-12-07T17:12:35.506+0000] {logging_mixin.py:154} INFO - [2023-12-07T17:12:35.506+0000] {dag.py:2941} INFO - Sync 1 DAGs
[2023-12-07T17:12:35.529+0000] {logging_mixin.py:154} INFO - [2023-12-07T17:12:35.528+0000] {dag.py:3722} INFO - Setting next_dagrun for example_branch_operator to 2023-12-06T00:00:00+00:00, run_after=2023-12-07T00:00:00+00:00
[2023-12-07T17:12:35.550+0000] {processor.py:179} INFO - Processing /home/ubuntu/ec2_customer_chum_venv/lib/python3.10/site-packages/airflow/example_dags/example_branch_operator.py took 0.080 seconds
[2023-12-07T17:13:23.850+0000] {processor.py:157} INFO - Started process (PID=6541) to work on /home/ubuntu/ec2_customer_chum_venv/lib/python3.10/site-packages/airflow/example_dags/example_branch_operator.py
[2023-12-07T17:13:23.852+0000] {processor.py:829} INFO - Processing file /home/ubuntu/ec2_customer_chum_venv/lib/python3.10/site-packages/airflow/example_dags/example_branch_operator.py for tasks to queue
[2023-12-07T17:13:23.853+0000] {logging_mixin.py:154} INFO - [2023-12-07T17:13:23.852+0000] {dagbag.py:536} INFO - Filling up the DagBag from /home/ubuntu/ec2_customer_chum_venv/lib/python3.10/site-packages/airflow/example_dags/example_branch_operator.py
[2023-12-07T17:13:23.863+0000] {processor.py:839} INFO - DAG(s) dict_keys(['example_branch_operator']) retrieved from /home/ubuntu/ec2_customer_chum_venv/lib/python3.10/site-packages/airflow/example_dags/example_branch_operator.py
[2023-12-07T17:13:23.883+0000] {logging_mixin.py:154} INFO - [2023-12-07T17:13:23.883+0000] {dag.py:2941} INFO - Sync 1 DAGs
[2023-12-07T17:13:23.905+0000] {logging_mixin.py:154} INFO - [2023-12-07T17:13:23.905+0000] {dag.py:3722} INFO - Setting next_dagrun for example_branch_operator to 2023-12-06T00:00:00+00:00, run_after=2023-12-07T00:00:00+00:00
[2023-12-07T17:13:23.927+0000] {processor.py:179} INFO - Processing /home/ubuntu/ec2_customer_chum_venv/lib/python3.10/site-packages/airflow/example_dags/example_branch_operator.py took 0.081 seconds
[2023-12-07T17:14:19.353+0000] {processor.py:157} INFO - Started process (PID=6600) to work on /home/ubuntu/ec2_customer_chum_venv/lib/python3.10/site-packages/airflow/example_dags/example_branch_operator.py
[2023-12-07T17:14:19.354+0000] {processor.py:829} INFO - Processing file /home/ubuntu/ec2_customer_chum_venv/lib/python3.10/site-packages/airflow/example_dags/example_branch_operator.py for tasks to queue
[2023-12-07T17:14:19.355+0000] {logging_mixin.py:154} INFO - [2023-12-07T17:14:19.355+0000] {dagbag.py:536} INFO - Filling up the DagBag from /home/ubuntu/ec2_customer_chum_venv/lib/python3.10/site-packages/airflow/example_dags/example_branch_operator.py
[2023-12-07T17:14:19.366+0000] {processor.py:839} INFO - DAG(s) dict_keys(['example_branch_operator']) retrieved from /home/ubuntu/ec2_customer_chum_venv/lib/python3.10/site-packages/airflow/example_dags/example_branch_operator.py
[2023-12-07T17:14:19.386+0000] {logging_mixin.py:154} INFO - [2023-12-07T17:14:19.386+0000] {dag.py:2941} INFO - Sync 1 DAGs
[2023-12-07T17:14:19.409+0000] {logging_mixin.py:154} INFO - [2023-12-07T17:14:19.408+0000] {dag.py:3722} INFO - Setting next_dagrun for example_branch_operator to 2023-12-06T00:00:00+00:00, run_after=2023-12-07T00:00:00+00:00
[2023-12-07T17:14:19.432+0000] {processor.py:179} INFO - Processing /home/ubuntu/ec2_customer_chum_venv/lib/python3.10/site-packages/airflow/example_dags/example_branch_operator.py took 0.083 seconds
[2023-12-07T17:15:03.961+0000] {processor.py:157} INFO - Started process (PID=6712) to work on /home/ubuntu/ec2_customer_chum_venv/lib/python3.10/site-packages/airflow/example_dags/example_branch_operator.py
[2023-12-07T17:15:03.963+0000] {processor.py:829} INFO - Processing file /home/ubuntu/ec2_customer_chum_venv/lib/python3.10/site-packages/airflow/example_dags/example_branch_operator.py for tasks to queue
[2023-12-07T17:15:03.964+0000] {logging_mixin.py:154} INFO - [2023-12-07T17:15:03.963+0000] {dagbag.py:536} INFO - Filling up the DagBag from /home/ubuntu/ec2_customer_chum_venv/lib/python3.10/site-packages/airflow/example_dags/example_branch_operator.py
[2023-12-07T17:15:03.974+0000] {processor.py:839} INFO - DAG(s) dict_keys(['example_branch_operator']) retrieved from /home/ubuntu/ec2_customer_chum_venv/lib/python3.10/site-packages/airflow/example_dags/example_branch_operator.py
[2023-12-07T17:15:03.995+0000] {logging_mixin.py:154} INFO - [2023-12-07T17:15:03.995+0000] {dag.py:2941} INFO - Sync 1 DAGs
[2023-12-07T17:15:04.019+0000] {logging_mixin.py:154} INFO - [2023-12-07T17:15:04.019+0000] {dag.py:3722} INFO - Setting next_dagrun for example_branch_operator to 2023-12-06T00:00:00+00:00, run_after=2023-12-07T00:00:00+00:00
[2023-12-07T17:15:04.048+0000] {processor.py:179} INFO - Processing /home/ubuntu/ec2_customer_chum_venv/lib/python3.10/site-packages/airflow/example_dags/example_branch_operator.py took 0.090 seconds
