[2023-12-07T16:49:35.856+0000] {processor.py:157} INFO - Started process (PID=4989) to work on /home/ubuntu/ec2_customer_chum_venv/lib/python3.10/site-packages/airflow/example_dags/example_dynamic_task_mapping.py
[2023-12-07T16:49:35.857+0000] {processor.py:829} INFO - Processing file /home/ubuntu/ec2_customer_chum_venv/lib/python3.10/site-packages/airflow/example_dags/example_dynamic_task_mapping.py for tasks to queue
[2023-12-07T16:49:35.858+0000] {logging_mixin.py:154} INFO - [2023-12-07T16:49:35.857+0000] {dagbag.py:536} INFO - Filling up the DagBag from /home/ubuntu/ec2_customer_chum_venv/lib/python3.10/site-packages/airflow/example_dags/example_dynamic_task_mapping.py
[2023-12-07T16:49:35.866+0000] {processor.py:839} INFO - DAG(s) dict_keys(['example_dynamic_task_mapping']) retrieved from /home/ubuntu/ec2_customer_chum_venv/lib/python3.10/site-packages/airflow/example_dags/example_dynamic_task_mapping.py
[2023-12-07T16:49:35.978+0000] {logging_mixin.py:154} INFO - [2023-12-07T16:49:35.977+0000] {manager.py:499} INFO - Created Permission View: %s
[2023-12-07T16:49:35.991+0000] {logging_mixin.py:154} INFO - [2023-12-07T16:49:35.990+0000] {manager.py:499} INFO - Created Permission View: %s
[2023-12-07T16:49:36.001+0000] {logging_mixin.py:154} INFO - [2023-12-07T16:49:36.000+0000] {manager.py:499} INFO - Created Permission View: %s
[2023-12-07T16:49:36.001+0000] {logging_mixin.py:154} INFO - [2023-12-07T16:49:36.001+0000] {dag.py:2941} INFO - Sync 1 DAGs
[2023-12-07T16:49:36.014+0000] {logging_mixin.py:154} INFO - [2023-12-07T16:49:36.013+0000] {dag.py:2963} INFO - Creating ORM DAG for example_dynamic_task_mapping
[2023-12-07T16:49:36.023+0000] {logging_mixin.py:154} INFO - [2023-12-07T16:49:36.023+0000] {dag.py:3722} INFO - Setting next_dagrun for example_dynamic_task_mapping to 2022-03-04T00:00:00+00:00, run_after=2022-03-05T00:00:00+00:00
[2023-12-07T16:49:36.043+0000] {processor.py:179} INFO - Processing /home/ubuntu/ec2_customer_chum_venv/lib/python3.10/site-packages/airflow/example_dags/example_dynamic_task_mapping.py took 0.190 seconds
[2023-12-07T16:50:23.980+0000] {processor.py:157} INFO - Started process (PID=5035) to work on /home/ubuntu/ec2_customer_chum_venv/lib/python3.10/site-packages/airflow/example_dags/example_dynamic_task_mapping.py
[2023-12-07T16:50:23.982+0000] {processor.py:829} INFO - Processing file /home/ubuntu/ec2_customer_chum_venv/lib/python3.10/site-packages/airflow/example_dags/example_dynamic_task_mapping.py for tasks to queue
[2023-12-07T16:50:23.983+0000] {logging_mixin.py:154} INFO - [2023-12-07T16:50:23.983+0000] {dagbag.py:536} INFO - Filling up the DagBag from /home/ubuntu/ec2_customer_chum_venv/lib/python3.10/site-packages/airflow/example_dags/example_dynamic_task_mapping.py
[2023-12-07T16:50:23.991+0000] {processor.py:839} INFO - DAG(s) dict_keys(['example_dynamic_task_mapping']) retrieved from /home/ubuntu/ec2_customer_chum_venv/lib/python3.10/site-packages/airflow/example_dags/example_dynamic_task_mapping.py
[2023-12-07T16:50:24.007+0000] {logging_mixin.py:154} INFO - [2023-12-07T16:50:24.007+0000] {dag.py:2941} INFO - Sync 1 DAGs
[2023-12-07T16:50:24.027+0000] {logging_mixin.py:154} INFO - [2023-12-07T16:50:24.027+0000] {dag.py:3722} INFO - Setting next_dagrun for example_dynamic_task_mapping to 2022-03-04T00:00:00+00:00, run_after=2022-03-05T00:00:00+00:00
[2023-12-07T16:50:24.051+0000] {processor.py:179} INFO - Processing /home/ubuntu/ec2_customer_chum_venv/lib/python3.10/site-packages/airflow/example_dags/example_dynamic_task_mapping.py took 0.074 seconds
[2023-12-07T16:51:13.694+0000] {processor.py:157} INFO - Started process (PID=5085) to work on /home/ubuntu/ec2_customer_chum_venv/lib/python3.10/site-packages/airflow/example_dags/example_dynamic_task_mapping.py
[2023-12-07T16:51:13.696+0000] {processor.py:829} INFO - Processing file /home/ubuntu/ec2_customer_chum_venv/lib/python3.10/site-packages/airflow/example_dags/example_dynamic_task_mapping.py for tasks to queue
[2023-12-07T16:51:13.697+0000] {logging_mixin.py:154} INFO - [2023-12-07T16:51:13.697+0000] {dagbag.py:536} INFO - Filling up the DagBag from /home/ubuntu/ec2_customer_chum_venv/lib/python3.10/site-packages/airflow/example_dags/example_dynamic_task_mapping.py
[2023-12-07T16:51:13.705+0000] {processor.py:839} INFO - DAG(s) dict_keys(['example_dynamic_task_mapping']) retrieved from /home/ubuntu/ec2_customer_chum_venv/lib/python3.10/site-packages/airflow/example_dags/example_dynamic_task_mapping.py
[2023-12-07T16:51:13.722+0000] {logging_mixin.py:154} INFO - [2023-12-07T16:51:13.721+0000] {dag.py:2941} INFO - Sync 1 DAGs
[2023-12-07T16:51:13.744+0000] {logging_mixin.py:154} INFO - [2023-12-07T16:51:13.743+0000] {dag.py:3722} INFO - Setting next_dagrun for example_dynamic_task_mapping to 2022-03-04T00:00:00+00:00, run_after=2022-03-05T00:00:00+00:00
[2023-12-07T16:51:13.771+0000] {processor.py:179} INFO - Processing /home/ubuntu/ec2_customer_chum_venv/lib/python3.10/site-packages/airflow/example_dags/example_dynamic_task_mapping.py took 0.081 seconds
[2023-12-07T16:52:04.400+0000] {processor.py:157} INFO - Started process (PID=5136) to work on /home/ubuntu/ec2_customer_chum_venv/lib/python3.10/site-packages/airflow/example_dags/example_dynamic_task_mapping.py
[2023-12-07T16:52:04.402+0000] {processor.py:829} INFO - Processing file /home/ubuntu/ec2_customer_chum_venv/lib/python3.10/site-packages/airflow/example_dags/example_dynamic_task_mapping.py for tasks to queue
[2023-12-07T16:52:04.403+0000] {logging_mixin.py:154} INFO - [2023-12-07T16:52:04.402+0000] {dagbag.py:536} INFO - Filling up the DagBag from /home/ubuntu/ec2_customer_chum_venv/lib/python3.10/site-packages/airflow/example_dags/example_dynamic_task_mapping.py
[2023-12-07T16:52:04.411+0000] {processor.py:839} INFO - DAG(s) dict_keys(['example_dynamic_task_mapping']) retrieved from /home/ubuntu/ec2_customer_chum_venv/lib/python3.10/site-packages/airflow/example_dags/example_dynamic_task_mapping.py
[2023-12-07T16:52:04.427+0000] {logging_mixin.py:154} INFO - [2023-12-07T16:52:04.426+0000] {dag.py:2941} INFO - Sync 1 DAGs
[2023-12-07T16:52:04.447+0000] {logging_mixin.py:154} INFO - [2023-12-07T16:52:04.447+0000] {dag.py:3722} INFO - Setting next_dagrun for example_dynamic_task_mapping to 2022-03-04T00:00:00+00:00, run_after=2022-03-05T00:00:00+00:00
[2023-12-07T16:52:04.474+0000] {processor.py:179} INFO - Processing /home/ubuntu/ec2_customer_chum_venv/lib/python3.10/site-packages/airflow/example_dags/example_dynamic_task_mapping.py took 0.078 seconds
[2023-12-07T16:52:52.969+0000] {processor.py:157} INFO - Started process (PID=5188) to work on /home/ubuntu/ec2_customer_chum_venv/lib/python3.10/site-packages/airflow/example_dags/example_dynamic_task_mapping.py
[2023-12-07T16:52:52.970+0000] {processor.py:829} INFO - Processing file /home/ubuntu/ec2_customer_chum_venv/lib/python3.10/site-packages/airflow/example_dags/example_dynamic_task_mapping.py for tasks to queue
[2023-12-07T16:52:52.971+0000] {logging_mixin.py:154} INFO - [2023-12-07T16:52:52.971+0000] {dagbag.py:536} INFO - Filling up the DagBag from /home/ubuntu/ec2_customer_chum_venv/lib/python3.10/site-packages/airflow/example_dags/example_dynamic_task_mapping.py
[2023-12-07T16:52:52.979+0000] {processor.py:839} INFO - DAG(s) dict_keys(['example_dynamic_task_mapping']) retrieved from /home/ubuntu/ec2_customer_chum_venv/lib/python3.10/site-packages/airflow/example_dags/example_dynamic_task_mapping.py
[2023-12-07T16:52:52.995+0000] {logging_mixin.py:154} INFO - [2023-12-07T16:52:52.995+0000] {dag.py:2941} INFO - Sync 1 DAGs
[2023-12-07T16:52:53.016+0000] {logging_mixin.py:154} INFO - [2023-12-07T16:52:53.016+0000] {dag.py:3722} INFO - Setting next_dagrun for example_dynamic_task_mapping to 2022-03-04T00:00:00+00:00, run_after=2022-03-05T00:00:00+00:00
[2023-12-07T16:52:53.038+0000] {processor.py:179} INFO - Processing /home/ubuntu/ec2_customer_chum_venv/lib/python3.10/site-packages/airflow/example_dags/example_dynamic_task_mapping.py took 0.073 seconds
[2023-12-07T16:54:06.190+0000] {processor.py:157} INFO - Started process (PID=5251) to work on /home/ubuntu/ec2_customer_chum_venv/lib/python3.10/site-packages/airflow/example_dags/example_dynamic_task_mapping.py
[2023-12-07T16:54:06.193+0000] {processor.py:829} INFO - Processing file /home/ubuntu/ec2_customer_chum_venv/lib/python3.10/site-packages/airflow/example_dags/example_dynamic_task_mapping.py for tasks to queue
[2023-12-07T16:54:06.194+0000] {logging_mixin.py:154} INFO - [2023-12-07T16:54:06.193+0000] {dagbag.py:536} INFO - Filling up the DagBag from /home/ubuntu/ec2_customer_chum_venv/lib/python3.10/site-packages/airflow/example_dags/example_dynamic_task_mapping.py
[2023-12-07T16:54:06.202+0000] {processor.py:839} INFO - DAG(s) dict_keys(['example_dynamic_task_mapping']) retrieved from /home/ubuntu/ec2_customer_chum_venv/lib/python3.10/site-packages/airflow/example_dags/example_dynamic_task_mapping.py
[2023-12-07T16:54:06.222+0000] {logging_mixin.py:154} INFO - [2023-12-07T16:54:06.221+0000] {dag.py:2941} INFO - Sync 1 DAGs
[2023-12-07T16:54:06.244+0000] {logging_mixin.py:154} INFO - [2023-12-07T16:54:06.244+0000] {dag.py:3722} INFO - Setting next_dagrun for example_dynamic_task_mapping to 2022-03-04T00:00:00+00:00, run_after=2022-03-05T00:00:00+00:00
[2023-12-07T16:54:06.270+0000] {processor.py:179} INFO - Processing /home/ubuntu/ec2_customer_chum_venv/lib/python3.10/site-packages/airflow/example_dags/example_dynamic_task_mapping.py took 0.083 seconds
[2023-12-07T16:54:51.667+0000] {processor.py:157} INFO - Started process (PID=5300) to work on /home/ubuntu/ec2_customer_chum_venv/lib/python3.10/site-packages/airflow/example_dags/example_dynamic_task_mapping.py
[2023-12-07T16:54:51.669+0000] {processor.py:829} INFO - Processing file /home/ubuntu/ec2_customer_chum_venv/lib/python3.10/site-packages/airflow/example_dags/example_dynamic_task_mapping.py for tasks to queue
[2023-12-07T16:54:51.670+0000] {logging_mixin.py:154} INFO - [2023-12-07T16:54:51.669+0000] {dagbag.py:536} INFO - Filling up the DagBag from /home/ubuntu/ec2_customer_chum_venv/lib/python3.10/site-packages/airflow/example_dags/example_dynamic_task_mapping.py
[2023-12-07T16:54:51.678+0000] {processor.py:839} INFO - DAG(s) dict_keys(['example_dynamic_task_mapping']) retrieved from /home/ubuntu/ec2_customer_chum_venv/lib/python3.10/site-packages/airflow/example_dags/example_dynamic_task_mapping.py
[2023-12-07T16:54:51.693+0000] {logging_mixin.py:154} INFO - [2023-12-07T16:54:51.693+0000] {dag.py:2941} INFO - Sync 1 DAGs
[2023-12-07T16:54:51.713+0000] {logging_mixin.py:154} INFO - [2023-12-07T16:54:51.713+0000] {dag.py:3722} INFO - Setting next_dagrun for example_dynamic_task_mapping to 2022-03-04T00:00:00+00:00, run_after=2022-03-05T00:00:00+00:00
[2023-12-07T16:54:51.737+0000] {processor.py:179} INFO - Processing /home/ubuntu/ec2_customer_chum_venv/lib/python3.10/site-packages/airflow/example_dags/example_dynamic_task_mapping.py took 0.073 seconds
[2023-12-07T16:55:36.962+0000] {processor.py:157} INFO - Started process (PID=5347) to work on /home/ubuntu/ec2_customer_chum_venv/lib/python3.10/site-packages/airflow/example_dags/example_dynamic_task_mapping.py
[2023-12-07T16:55:36.964+0000] {processor.py:829} INFO - Processing file /home/ubuntu/ec2_customer_chum_venv/lib/python3.10/site-packages/airflow/example_dags/example_dynamic_task_mapping.py for tasks to queue
[2023-12-07T16:55:36.965+0000] {logging_mixin.py:154} INFO - [2023-12-07T16:55:36.964+0000] {dagbag.py:536} INFO - Filling up the DagBag from /home/ubuntu/ec2_customer_chum_venv/lib/python3.10/site-packages/airflow/example_dags/example_dynamic_task_mapping.py
[2023-12-07T16:55:36.973+0000] {processor.py:839} INFO - DAG(s) dict_keys(['example_dynamic_task_mapping']) retrieved from /home/ubuntu/ec2_customer_chum_venv/lib/python3.10/site-packages/airflow/example_dags/example_dynamic_task_mapping.py
[2023-12-07T16:55:36.990+0000] {logging_mixin.py:154} INFO - [2023-12-07T16:55:36.990+0000] {dag.py:2941} INFO - Sync 1 DAGs
[2023-12-07T16:55:37.013+0000] {logging_mixin.py:154} INFO - [2023-12-07T16:55:37.013+0000] {dag.py:3722} INFO - Setting next_dagrun for example_dynamic_task_mapping to 2022-03-04T00:00:00+00:00, run_after=2022-03-05T00:00:00+00:00
[2023-12-07T16:55:37.038+0000] {processor.py:179} INFO - Processing /home/ubuntu/ec2_customer_chum_venv/lib/python3.10/site-packages/airflow/example_dags/example_dynamic_task_mapping.py took 0.079 seconds
[2023-12-07T16:56:22.153+0000] {processor.py:157} INFO - Started process (PID=5394) to work on /home/ubuntu/ec2_customer_chum_venv/lib/python3.10/site-packages/airflow/example_dags/example_dynamic_task_mapping.py
[2023-12-07T16:56:22.155+0000] {processor.py:829} INFO - Processing file /home/ubuntu/ec2_customer_chum_venv/lib/python3.10/site-packages/airflow/example_dags/example_dynamic_task_mapping.py for tasks to queue
[2023-12-07T16:56:22.156+0000] {logging_mixin.py:154} INFO - [2023-12-07T16:56:22.155+0000] {dagbag.py:536} INFO - Filling up the DagBag from /home/ubuntu/ec2_customer_chum_venv/lib/python3.10/site-packages/airflow/example_dags/example_dynamic_task_mapping.py
[2023-12-07T16:56:22.164+0000] {processor.py:839} INFO - DAG(s) dict_keys(['example_dynamic_task_mapping']) retrieved from /home/ubuntu/ec2_customer_chum_venv/lib/python3.10/site-packages/airflow/example_dags/example_dynamic_task_mapping.py
[2023-12-07T16:56:22.180+0000] {logging_mixin.py:154} INFO - [2023-12-07T16:56:22.179+0000] {dag.py:2941} INFO - Sync 1 DAGs
[2023-12-07T16:56:22.200+0000] {logging_mixin.py:154} INFO - [2023-12-07T16:56:22.200+0000] {dag.py:3722} INFO - Setting next_dagrun for example_dynamic_task_mapping to 2022-03-04T00:00:00+00:00, run_after=2022-03-05T00:00:00+00:00
[2023-12-07T16:56:22.224+0000] {processor.py:179} INFO - Processing /home/ubuntu/ec2_customer_chum_venv/lib/python3.10/site-packages/airflow/example_dags/example_dynamic_task_mapping.py took 0.074 seconds
[2023-12-07T16:57:05.676+0000] {processor.py:157} INFO - Started process (PID=5440) to work on /home/ubuntu/ec2_customer_chum_venv/lib/python3.10/site-packages/airflow/example_dags/example_dynamic_task_mapping.py
[2023-12-07T16:57:05.678+0000] {processor.py:829} INFO - Processing file /home/ubuntu/ec2_customer_chum_venv/lib/python3.10/site-packages/airflow/example_dags/example_dynamic_task_mapping.py for tasks to queue
[2023-12-07T16:57:05.678+0000] {logging_mixin.py:154} INFO - [2023-12-07T16:57:05.678+0000] {dagbag.py:536} INFO - Filling up the DagBag from /home/ubuntu/ec2_customer_chum_venv/lib/python3.10/site-packages/airflow/example_dags/example_dynamic_task_mapping.py
[2023-12-07T16:57:05.687+0000] {processor.py:839} INFO - DAG(s) dict_keys(['example_dynamic_task_mapping']) retrieved from /home/ubuntu/ec2_customer_chum_venv/lib/python3.10/site-packages/airflow/example_dags/example_dynamic_task_mapping.py
[2023-12-07T16:57:05.704+0000] {logging_mixin.py:154} INFO - [2023-12-07T16:57:05.703+0000] {dag.py:2941} INFO - Sync 1 DAGs
[2023-12-07T16:57:05.726+0000] {logging_mixin.py:154} INFO - [2023-12-07T16:57:05.726+0000] {dag.py:3722} INFO - Setting next_dagrun for example_dynamic_task_mapping to 2022-03-04T00:00:00+00:00, run_after=2022-03-05T00:00:00+00:00
[2023-12-07T16:57:05.750+0000] {processor.py:179} INFO - Processing /home/ubuntu/ec2_customer_chum_venv/lib/python3.10/site-packages/airflow/example_dags/example_dynamic_task_mapping.py took 0.078 seconds
[2023-12-07T16:57:48.057+0000] {processor.py:157} INFO - Started process (PID=5486) to work on /home/ubuntu/ec2_customer_chum_venv/lib/python3.10/site-packages/airflow/example_dags/example_dynamic_task_mapping.py
[2023-12-07T16:57:48.058+0000] {processor.py:829} INFO - Processing file /home/ubuntu/ec2_customer_chum_venv/lib/python3.10/site-packages/airflow/example_dags/example_dynamic_task_mapping.py for tasks to queue
[2023-12-07T16:57:48.059+0000] {logging_mixin.py:154} INFO - [2023-12-07T16:57:48.059+0000] {dagbag.py:536} INFO - Filling up the DagBag from /home/ubuntu/ec2_customer_chum_venv/lib/python3.10/site-packages/airflow/example_dags/example_dynamic_task_mapping.py
[2023-12-07T16:57:48.067+0000] {processor.py:839} INFO - DAG(s) dict_keys(['example_dynamic_task_mapping']) retrieved from /home/ubuntu/ec2_customer_chum_venv/lib/python3.10/site-packages/airflow/example_dags/example_dynamic_task_mapping.py
[2023-12-07T16:57:48.083+0000] {logging_mixin.py:154} INFO - [2023-12-07T16:57:48.083+0000] {dag.py:2941} INFO - Sync 1 DAGs
[2023-12-07T16:57:48.103+0000] {logging_mixin.py:154} INFO - [2023-12-07T16:57:48.103+0000] {dag.py:3722} INFO - Setting next_dagrun for example_dynamic_task_mapping to 2022-03-04T00:00:00+00:00, run_after=2022-03-05T00:00:00+00:00
[2023-12-07T16:57:48.126+0000] {processor.py:179} INFO - Processing /home/ubuntu/ec2_customer_chum_venv/lib/python3.10/site-packages/airflow/example_dags/example_dynamic_task_mapping.py took 0.073 seconds
[2023-12-07T16:58:35.032+0000] {processor.py:157} INFO - Started process (PID=5534) to work on /home/ubuntu/ec2_customer_chum_venv/lib/python3.10/site-packages/airflow/example_dags/example_dynamic_task_mapping.py
[2023-12-07T16:58:35.033+0000] {processor.py:829} INFO - Processing file /home/ubuntu/ec2_customer_chum_venv/lib/python3.10/site-packages/airflow/example_dags/example_dynamic_task_mapping.py for tasks to queue
[2023-12-07T16:58:35.034+0000] {logging_mixin.py:154} INFO - [2023-12-07T16:58:35.034+0000] {dagbag.py:536} INFO - Filling up the DagBag from /home/ubuntu/ec2_customer_chum_venv/lib/python3.10/site-packages/airflow/example_dags/example_dynamic_task_mapping.py
[2023-12-07T16:58:35.042+0000] {processor.py:839} INFO - DAG(s) dict_keys(['example_dynamic_task_mapping']) retrieved from /home/ubuntu/ec2_customer_chum_venv/lib/python3.10/site-packages/airflow/example_dags/example_dynamic_task_mapping.py
[2023-12-07T16:58:35.059+0000] {logging_mixin.py:154} INFO - [2023-12-07T16:58:35.058+0000] {dag.py:2941} INFO - Sync 1 DAGs
[2023-12-07T16:58:35.079+0000] {logging_mixin.py:154} INFO - [2023-12-07T16:58:35.078+0000] {dag.py:3722} INFO - Setting next_dagrun for example_dynamic_task_mapping to 2022-03-04T00:00:00+00:00, run_after=2022-03-05T00:00:00+00:00
[2023-12-07T16:58:35.102+0000] {processor.py:179} INFO - Processing /home/ubuntu/ec2_customer_chum_venv/lib/python3.10/site-packages/airflow/example_dags/example_dynamic_task_mapping.py took 0.073 seconds
[2023-12-07T16:59:15.937+0000] {processor.py:157} INFO - Started process (PID=5578) to work on /home/ubuntu/ec2_customer_chum_venv/lib/python3.10/site-packages/airflow/example_dags/example_dynamic_task_mapping.py
[2023-12-07T16:59:15.939+0000] {processor.py:829} INFO - Processing file /home/ubuntu/ec2_customer_chum_venv/lib/python3.10/site-packages/airflow/example_dags/example_dynamic_task_mapping.py for tasks to queue
[2023-12-07T16:59:15.940+0000] {logging_mixin.py:154} INFO - [2023-12-07T16:59:15.939+0000] {dagbag.py:536} INFO - Filling up the DagBag from /home/ubuntu/ec2_customer_chum_venv/lib/python3.10/site-packages/airflow/example_dags/example_dynamic_task_mapping.py
[2023-12-07T16:59:15.947+0000] {processor.py:839} INFO - DAG(s) dict_keys(['example_dynamic_task_mapping']) retrieved from /home/ubuntu/ec2_customer_chum_venv/lib/python3.10/site-packages/airflow/example_dags/example_dynamic_task_mapping.py
[2023-12-07T16:59:15.964+0000] {logging_mixin.py:154} INFO - [2023-12-07T16:59:15.964+0000] {dag.py:2941} INFO - Sync 1 DAGs
[2023-12-07T16:59:15.984+0000] {logging_mixin.py:154} INFO - [2023-12-07T16:59:15.984+0000] {dag.py:3722} INFO - Setting next_dagrun for example_dynamic_task_mapping to 2022-03-04T00:00:00+00:00, run_after=2022-03-05T00:00:00+00:00
[2023-12-07T16:59:16.008+0000] {processor.py:179} INFO - Processing /home/ubuntu/ec2_customer_chum_venv/lib/python3.10/site-packages/airflow/example_dags/example_dynamic_task_mapping.py took 0.074 seconds
[2023-12-07T17:00:00.142+0000] {processor.py:157} INFO - Started process (PID=5624) to work on /home/ubuntu/ec2_customer_chum_venv/lib/python3.10/site-packages/airflow/example_dags/example_dynamic_task_mapping.py
[2023-12-07T17:00:00.144+0000] {processor.py:829} INFO - Processing file /home/ubuntu/ec2_customer_chum_venv/lib/python3.10/site-packages/airflow/example_dags/example_dynamic_task_mapping.py for tasks to queue
[2023-12-07T17:00:00.148+0000] {logging_mixin.py:154} INFO - [2023-12-07T17:00:00.145+0000] {dagbag.py:536} INFO - Filling up the DagBag from /home/ubuntu/ec2_customer_chum_venv/lib/python3.10/site-packages/airflow/example_dags/example_dynamic_task_mapping.py
[2023-12-07T17:00:00.172+0000] {processor.py:839} INFO - DAG(s) dict_keys(['example_dynamic_task_mapping']) retrieved from /home/ubuntu/ec2_customer_chum_venv/lib/python3.10/site-packages/airflow/example_dags/example_dynamic_task_mapping.py
[2023-12-07T17:00:00.236+0000] {logging_mixin.py:154} INFO - [2023-12-07T17:00:00.235+0000] {dag.py:2941} INFO - Sync 1 DAGs
[2023-12-07T17:00:00.273+0000] {logging_mixin.py:154} INFO - [2023-12-07T17:00:00.272+0000] {dag.py:3722} INFO - Setting next_dagrun for example_dynamic_task_mapping to 2022-03-04T00:00:00+00:00, run_after=2022-03-05T00:00:00+00:00
[2023-12-07T17:00:00.324+0000] {processor.py:179} INFO - Processing /home/ubuntu/ec2_customer_chum_venv/lib/python3.10/site-packages/airflow/example_dags/example_dynamic_task_mapping.py took 0.191 seconds
[2023-12-07T17:00:49.971+0000] {processor.py:157} INFO - Started process (PID=5674) to work on /home/ubuntu/ec2_customer_chum_venv/lib/python3.10/site-packages/airflow/example_dags/example_dynamic_task_mapping.py
[2023-12-07T17:00:49.972+0000] {processor.py:829} INFO - Processing file /home/ubuntu/ec2_customer_chum_venv/lib/python3.10/site-packages/airflow/example_dags/example_dynamic_task_mapping.py for tasks to queue
[2023-12-07T17:00:49.973+0000] {logging_mixin.py:154} INFO - [2023-12-07T17:00:49.973+0000] {dagbag.py:536} INFO - Filling up the DagBag from /home/ubuntu/ec2_customer_chum_venv/lib/python3.10/site-packages/airflow/example_dags/example_dynamic_task_mapping.py
[2023-12-07T17:00:49.981+0000] {processor.py:839} INFO - DAG(s) dict_keys(['example_dynamic_task_mapping']) retrieved from /home/ubuntu/ec2_customer_chum_venv/lib/python3.10/site-packages/airflow/example_dags/example_dynamic_task_mapping.py
[2023-12-07T17:00:49.997+0000] {logging_mixin.py:154} INFO - [2023-12-07T17:00:49.997+0000] {dag.py:2941} INFO - Sync 1 DAGs
[2023-12-07T17:00:50.020+0000] {logging_mixin.py:154} INFO - [2023-12-07T17:00:50.019+0000] {dag.py:3722} INFO - Setting next_dagrun for example_dynamic_task_mapping to 2022-03-04T00:00:00+00:00, run_after=2022-03-05T00:00:00+00:00
[2023-12-07T17:00:50.044+0000] {processor.py:179} INFO - Processing /home/ubuntu/ec2_customer_chum_venv/lib/python3.10/site-packages/airflow/example_dags/example_dynamic_task_mapping.py took 0.076 seconds
[2023-12-07T17:01:36.253+0000] {processor.py:157} INFO - Started process (PID=5721) to work on /home/ubuntu/ec2_customer_chum_venv/lib/python3.10/site-packages/airflow/example_dags/example_dynamic_task_mapping.py
[2023-12-07T17:01:36.255+0000] {processor.py:829} INFO - Processing file /home/ubuntu/ec2_customer_chum_venv/lib/python3.10/site-packages/airflow/example_dags/example_dynamic_task_mapping.py for tasks to queue
[2023-12-07T17:01:36.256+0000] {logging_mixin.py:154} INFO - [2023-12-07T17:01:36.255+0000] {dagbag.py:536} INFO - Filling up the DagBag from /home/ubuntu/ec2_customer_chum_venv/lib/python3.10/site-packages/airflow/example_dags/example_dynamic_task_mapping.py
[2023-12-07T17:01:36.264+0000] {processor.py:839} INFO - DAG(s) dict_keys(['example_dynamic_task_mapping']) retrieved from /home/ubuntu/ec2_customer_chum_venv/lib/python3.10/site-packages/airflow/example_dags/example_dynamic_task_mapping.py
[2023-12-07T17:01:36.280+0000] {logging_mixin.py:154} INFO - [2023-12-07T17:01:36.279+0000] {dag.py:2941} INFO - Sync 1 DAGs
[2023-12-07T17:01:36.300+0000] {logging_mixin.py:154} INFO - [2023-12-07T17:01:36.300+0000] {dag.py:3722} INFO - Setting next_dagrun for example_dynamic_task_mapping to 2022-03-04T00:00:00+00:00, run_after=2022-03-05T00:00:00+00:00
[2023-12-07T17:01:36.322+0000] {processor.py:179} INFO - Processing /home/ubuntu/ec2_customer_chum_venv/lib/python3.10/site-packages/airflow/example_dags/example_dynamic_task_mapping.py took 0.072 seconds
[2023-12-07T17:02:24.255+0000] {processor.py:157} INFO - Started process (PID=5769) to work on /home/ubuntu/ec2_customer_chum_venv/lib/python3.10/site-packages/airflow/example_dags/example_dynamic_task_mapping.py
[2023-12-07T17:02:24.257+0000] {processor.py:829} INFO - Processing file /home/ubuntu/ec2_customer_chum_venv/lib/python3.10/site-packages/airflow/example_dags/example_dynamic_task_mapping.py for tasks to queue
[2023-12-07T17:02:24.258+0000] {logging_mixin.py:154} INFO - [2023-12-07T17:02:24.257+0000] {dagbag.py:536} INFO - Filling up the DagBag from /home/ubuntu/ec2_customer_chum_venv/lib/python3.10/site-packages/airflow/example_dags/example_dynamic_task_mapping.py
[2023-12-07T17:02:24.265+0000] {processor.py:839} INFO - DAG(s) dict_keys(['example_dynamic_task_mapping']) retrieved from /home/ubuntu/ec2_customer_chum_venv/lib/python3.10/site-packages/airflow/example_dags/example_dynamic_task_mapping.py
[2023-12-07T17:02:24.281+0000] {logging_mixin.py:154} INFO - [2023-12-07T17:02:24.281+0000] {dag.py:2941} INFO - Sync 1 DAGs
[2023-12-07T17:02:24.302+0000] {logging_mixin.py:154} INFO - [2023-12-07T17:02:24.302+0000] {dag.py:3722} INFO - Setting next_dagrun for example_dynamic_task_mapping to 2022-03-04T00:00:00+00:00, run_after=2022-03-05T00:00:00+00:00
[2023-12-07T17:02:24.324+0000] {processor.py:179} INFO - Processing /home/ubuntu/ec2_customer_chum_venv/lib/python3.10/site-packages/airflow/example_dags/example_dynamic_task_mapping.py took 0.071 seconds
[2023-12-07T17:03:11.845+0000] {processor.py:157} INFO - Started process (PID=5817) to work on /home/ubuntu/ec2_customer_chum_venv/lib/python3.10/site-packages/airflow/example_dags/example_dynamic_task_mapping.py
[2023-12-07T17:03:11.847+0000] {processor.py:829} INFO - Processing file /home/ubuntu/ec2_customer_chum_venv/lib/python3.10/site-packages/airflow/example_dags/example_dynamic_task_mapping.py for tasks to queue
[2023-12-07T17:03:11.848+0000] {logging_mixin.py:154} INFO - [2023-12-07T17:03:11.847+0000] {dagbag.py:536} INFO - Filling up the DagBag from /home/ubuntu/ec2_customer_chum_venv/lib/python3.10/site-packages/airflow/example_dags/example_dynamic_task_mapping.py
[2023-12-07T17:03:11.855+0000] {processor.py:839} INFO - DAG(s) dict_keys(['example_dynamic_task_mapping']) retrieved from /home/ubuntu/ec2_customer_chum_venv/lib/python3.10/site-packages/airflow/example_dags/example_dynamic_task_mapping.py
[2023-12-07T17:03:11.871+0000] {logging_mixin.py:154} INFO - [2023-12-07T17:03:11.871+0000] {dag.py:2941} INFO - Sync 1 DAGs
[2023-12-07T17:03:11.892+0000] {logging_mixin.py:154} INFO - [2023-12-07T17:03:11.891+0000] {dag.py:3722} INFO - Setting next_dagrun for example_dynamic_task_mapping to 2022-03-04T00:00:00+00:00, run_after=2022-03-05T00:00:00+00:00
[2023-12-07T17:03:11.914+0000] {processor.py:179} INFO - Processing /home/ubuntu/ec2_customer_chum_venv/lib/python3.10/site-packages/airflow/example_dags/example_dynamic_task_mapping.py took 0.072 seconds
[2023-12-07T17:03:55.349+0000] {processor.py:157} INFO - Started process (PID=5863) to work on /home/ubuntu/ec2_customer_chum_venv/lib/python3.10/site-packages/airflow/example_dags/example_dynamic_task_mapping.py
[2023-12-07T17:03:55.350+0000] {processor.py:829} INFO - Processing file /home/ubuntu/ec2_customer_chum_venv/lib/python3.10/site-packages/airflow/example_dags/example_dynamic_task_mapping.py for tasks to queue
[2023-12-07T17:03:55.351+0000] {logging_mixin.py:154} INFO - [2023-12-07T17:03:55.351+0000] {dagbag.py:536} INFO - Filling up the DagBag from /home/ubuntu/ec2_customer_chum_venv/lib/python3.10/site-packages/airflow/example_dags/example_dynamic_task_mapping.py
[2023-12-07T17:03:55.359+0000] {processor.py:839} INFO - DAG(s) dict_keys(['example_dynamic_task_mapping']) retrieved from /home/ubuntu/ec2_customer_chum_venv/lib/python3.10/site-packages/airflow/example_dags/example_dynamic_task_mapping.py
[2023-12-07T17:03:55.374+0000] {logging_mixin.py:154} INFO - [2023-12-07T17:03:55.374+0000] {dag.py:2941} INFO - Sync 1 DAGs
[2023-12-07T17:03:55.395+0000] {logging_mixin.py:154} INFO - [2023-12-07T17:03:55.395+0000] {dag.py:3722} INFO - Setting next_dagrun for example_dynamic_task_mapping to 2022-03-04T00:00:00+00:00, run_after=2022-03-05T00:00:00+00:00
[2023-12-07T17:03:55.417+0000] {processor.py:179} INFO - Processing /home/ubuntu/ec2_customer_chum_venv/lib/python3.10/site-packages/airflow/example_dags/example_dynamic_task_mapping.py took 0.071 seconds
[2023-12-07T17:04:42.384+0000] {processor.py:157} INFO - Started process (PID=5913) to work on /home/ubuntu/ec2_customer_chum_venv/lib/python3.10/site-packages/airflow/example_dags/example_dynamic_task_mapping.py
[2023-12-07T17:04:42.386+0000] {processor.py:829} INFO - Processing file /home/ubuntu/ec2_customer_chum_venv/lib/python3.10/site-packages/airflow/example_dags/example_dynamic_task_mapping.py for tasks to queue
[2023-12-07T17:04:42.387+0000] {logging_mixin.py:154} INFO - [2023-12-07T17:04:42.386+0000] {dagbag.py:536} INFO - Filling up the DagBag from /home/ubuntu/ec2_customer_chum_venv/lib/python3.10/site-packages/airflow/example_dags/example_dynamic_task_mapping.py
[2023-12-07T17:04:42.395+0000] {processor.py:839} INFO - DAG(s) dict_keys(['example_dynamic_task_mapping']) retrieved from /home/ubuntu/ec2_customer_chum_venv/lib/python3.10/site-packages/airflow/example_dags/example_dynamic_task_mapping.py
[2023-12-07T17:04:42.411+0000] {logging_mixin.py:154} INFO - [2023-12-07T17:04:42.410+0000] {dag.py:2941} INFO - Sync 1 DAGs
[2023-12-07T17:04:42.431+0000] {logging_mixin.py:154} INFO - [2023-12-07T17:04:42.431+0000] {dag.py:3722} INFO - Setting next_dagrun for example_dynamic_task_mapping to 2022-03-04T00:00:00+00:00, run_after=2022-03-05T00:00:00+00:00
[2023-12-07T17:04:42.453+0000] {processor.py:179} INFO - Processing /home/ubuntu/ec2_customer_chum_venv/lib/python3.10/site-packages/airflow/example_dags/example_dynamic_task_mapping.py took 0.071 seconds
[2023-12-07T17:05:27.001+0000] {processor.py:157} INFO - Started process (PID=5960) to work on /home/ubuntu/ec2_customer_chum_venv/lib/python3.10/site-packages/airflow/example_dags/example_dynamic_task_mapping.py
[2023-12-07T17:05:27.003+0000] {processor.py:829} INFO - Processing file /home/ubuntu/ec2_customer_chum_venv/lib/python3.10/site-packages/airflow/example_dags/example_dynamic_task_mapping.py for tasks to queue
[2023-12-07T17:05:27.004+0000] {logging_mixin.py:154} INFO - [2023-12-07T17:05:27.003+0000] {dagbag.py:536} INFO - Filling up the DagBag from /home/ubuntu/ec2_customer_chum_venv/lib/python3.10/site-packages/airflow/example_dags/example_dynamic_task_mapping.py
[2023-12-07T17:05:27.012+0000] {processor.py:839} INFO - DAG(s) dict_keys(['example_dynamic_task_mapping']) retrieved from /home/ubuntu/ec2_customer_chum_venv/lib/python3.10/site-packages/airflow/example_dags/example_dynamic_task_mapping.py
[2023-12-07T17:05:27.028+0000] {logging_mixin.py:154} INFO - [2023-12-07T17:05:27.028+0000] {dag.py:2941} INFO - Sync 1 DAGs
[2023-12-07T17:05:27.050+0000] {logging_mixin.py:154} INFO - [2023-12-07T17:05:27.050+0000] {dag.py:3722} INFO - Setting next_dagrun for example_dynamic_task_mapping to 2022-03-04T00:00:00+00:00, run_after=2022-03-05T00:00:00+00:00
[2023-12-07T17:05:27.072+0000] {processor.py:179} INFO - Processing /home/ubuntu/ec2_customer_chum_venv/lib/python3.10/site-packages/airflow/example_dags/example_dynamic_task_mapping.py took 0.075 seconds
[2023-12-07T17:06:09.962+0000] {processor.py:157} INFO - Started process (PID=6004) to work on /home/ubuntu/ec2_customer_chum_venv/lib/python3.10/site-packages/airflow/example_dags/example_dynamic_task_mapping.py
[2023-12-07T17:06:09.964+0000] {processor.py:829} INFO - Processing file /home/ubuntu/ec2_customer_chum_venv/lib/python3.10/site-packages/airflow/example_dags/example_dynamic_task_mapping.py for tasks to queue
[2023-12-07T17:06:09.965+0000] {logging_mixin.py:154} INFO - [2023-12-07T17:06:09.964+0000] {dagbag.py:536} INFO - Filling up the DagBag from /home/ubuntu/ec2_customer_chum_venv/lib/python3.10/site-packages/airflow/example_dags/example_dynamic_task_mapping.py
[2023-12-07T17:06:09.973+0000] {processor.py:839} INFO - DAG(s) dict_keys(['example_dynamic_task_mapping']) retrieved from /home/ubuntu/ec2_customer_chum_venv/lib/python3.10/site-packages/airflow/example_dags/example_dynamic_task_mapping.py
[2023-12-07T17:06:09.990+0000] {logging_mixin.py:154} INFO - [2023-12-07T17:06:09.989+0000] {dag.py:2941} INFO - Sync 1 DAGs
[2023-12-07T17:06:10.012+0000] {logging_mixin.py:154} INFO - [2023-12-07T17:06:10.012+0000] {dag.py:3722} INFO - Setting next_dagrun for example_dynamic_task_mapping to 2022-03-04T00:00:00+00:00, run_after=2022-03-05T00:00:00+00:00
[2023-12-07T17:06:10.039+0000] {processor.py:179} INFO - Processing /home/ubuntu/ec2_customer_chum_venv/lib/python3.10/site-packages/airflow/example_dags/example_dynamic_task_mapping.py took 0.080 seconds
[2023-12-07T17:06:53.712+0000] {processor.py:157} INFO - Started process (PID=6049) to work on /home/ubuntu/ec2_customer_chum_venv/lib/python3.10/site-packages/airflow/example_dags/example_dynamic_task_mapping.py
[2023-12-07T17:06:53.713+0000] {processor.py:829} INFO - Processing file /home/ubuntu/ec2_customer_chum_venv/lib/python3.10/site-packages/airflow/example_dags/example_dynamic_task_mapping.py for tasks to queue
[2023-12-07T17:06:53.714+0000] {logging_mixin.py:154} INFO - [2023-12-07T17:06:53.714+0000] {dagbag.py:536} INFO - Filling up the DagBag from /home/ubuntu/ec2_customer_chum_venv/lib/python3.10/site-packages/airflow/example_dags/example_dynamic_task_mapping.py
[2023-12-07T17:06:53.722+0000] {processor.py:839} INFO - DAG(s) dict_keys(['example_dynamic_task_mapping']) retrieved from /home/ubuntu/ec2_customer_chum_venv/lib/python3.10/site-packages/airflow/example_dags/example_dynamic_task_mapping.py
[2023-12-07T17:06:53.738+0000] {logging_mixin.py:154} INFO - [2023-12-07T17:06:53.737+0000] {dag.py:2941} INFO - Sync 1 DAGs
[2023-12-07T17:06:53.758+0000] {logging_mixin.py:154} INFO - [2023-12-07T17:06:53.758+0000] {dag.py:3722} INFO - Setting next_dagrun for example_dynamic_task_mapping to 2022-03-04T00:00:00+00:00, run_after=2022-03-05T00:00:00+00:00
[2023-12-07T17:06:53.781+0000] {processor.py:179} INFO - Processing /home/ubuntu/ec2_customer_chum_venv/lib/python3.10/site-packages/airflow/example_dags/example_dynamic_task_mapping.py took 0.072 seconds
[2023-12-07T17:07:40.316+0000] {processor.py:157} INFO - Started process (PID=6098) to work on /home/ubuntu/ec2_customer_chum_venv/lib/python3.10/site-packages/airflow/example_dags/example_dynamic_task_mapping.py
[2023-12-07T17:07:40.317+0000] {processor.py:829} INFO - Processing file /home/ubuntu/ec2_customer_chum_venv/lib/python3.10/site-packages/airflow/example_dags/example_dynamic_task_mapping.py for tasks to queue
[2023-12-07T17:07:40.318+0000] {logging_mixin.py:154} INFO - [2023-12-07T17:07:40.317+0000] {dagbag.py:536} INFO - Filling up the DagBag from /home/ubuntu/ec2_customer_chum_venv/lib/python3.10/site-packages/airflow/example_dags/example_dynamic_task_mapping.py
[2023-12-07T17:07:40.326+0000] {processor.py:839} INFO - DAG(s) dict_keys(['example_dynamic_task_mapping']) retrieved from /home/ubuntu/ec2_customer_chum_venv/lib/python3.10/site-packages/airflow/example_dags/example_dynamic_task_mapping.py
[2023-12-07T17:07:40.342+0000] {logging_mixin.py:154} INFO - [2023-12-07T17:07:40.342+0000] {dag.py:2941} INFO - Sync 1 DAGs
[2023-12-07T17:07:40.363+0000] {logging_mixin.py:154} INFO - [2023-12-07T17:07:40.363+0000] {dag.py:3722} INFO - Setting next_dagrun for example_dynamic_task_mapping to 2022-03-04T00:00:00+00:00, run_after=2022-03-05T00:00:00+00:00
[2023-12-07T17:07:40.386+0000] {processor.py:179} INFO - Processing /home/ubuntu/ec2_customer_chum_venv/lib/python3.10/site-packages/airflow/example_dags/example_dynamic_task_mapping.py took 0.074 seconds
[2023-12-07T17:08:28.409+0000] {processor.py:157} INFO - Started process (PID=6145) to work on /home/ubuntu/ec2_customer_chum_venv/lib/python3.10/site-packages/airflow/example_dags/example_dynamic_task_mapping.py
[2023-12-07T17:08:28.411+0000] {processor.py:829} INFO - Processing file /home/ubuntu/ec2_customer_chum_venv/lib/python3.10/site-packages/airflow/example_dags/example_dynamic_task_mapping.py for tasks to queue
[2023-12-07T17:08:28.411+0000] {logging_mixin.py:154} INFO - [2023-12-07T17:08:28.411+0000] {dagbag.py:536} INFO - Filling up the DagBag from /home/ubuntu/ec2_customer_chum_venv/lib/python3.10/site-packages/airflow/example_dags/example_dynamic_task_mapping.py
[2023-12-07T17:08:28.419+0000] {processor.py:839} INFO - DAG(s) dict_keys(['example_dynamic_task_mapping']) retrieved from /home/ubuntu/ec2_customer_chum_venv/lib/python3.10/site-packages/airflow/example_dags/example_dynamic_task_mapping.py
[2023-12-07T17:08:28.435+0000] {logging_mixin.py:154} INFO - [2023-12-07T17:08:28.435+0000] {dag.py:2941} INFO - Sync 1 DAGs
[2023-12-07T17:08:28.455+0000] {logging_mixin.py:154} INFO - [2023-12-07T17:08:28.455+0000] {dag.py:3722} INFO - Setting next_dagrun for example_dynamic_task_mapping to 2022-03-04T00:00:00+00:00, run_after=2022-03-05T00:00:00+00:00
[2023-12-07T17:08:28.477+0000] {processor.py:179} INFO - Processing /home/ubuntu/ec2_customer_chum_venv/lib/python3.10/site-packages/airflow/example_dags/example_dynamic_task_mapping.py took 0.071 seconds
[2023-12-07T17:09:14.922+0000] {processor.py:157} INFO - Started process (PID=6193) to work on /home/ubuntu/ec2_customer_chum_venv/lib/python3.10/site-packages/airflow/example_dags/example_dynamic_task_mapping.py
[2023-12-07T17:09:14.924+0000] {processor.py:829} INFO - Processing file /home/ubuntu/ec2_customer_chum_venv/lib/python3.10/site-packages/airflow/example_dags/example_dynamic_task_mapping.py for tasks to queue
[2023-12-07T17:09:14.925+0000] {logging_mixin.py:154} INFO - [2023-12-07T17:09:14.924+0000] {dagbag.py:536} INFO - Filling up the DagBag from /home/ubuntu/ec2_customer_chum_venv/lib/python3.10/site-packages/airflow/example_dags/example_dynamic_task_mapping.py
[2023-12-07T17:09:14.933+0000] {processor.py:839} INFO - DAG(s) dict_keys(['example_dynamic_task_mapping']) retrieved from /home/ubuntu/ec2_customer_chum_venv/lib/python3.10/site-packages/airflow/example_dags/example_dynamic_task_mapping.py
[2023-12-07T17:09:14.949+0000] {logging_mixin.py:154} INFO - [2023-12-07T17:09:14.949+0000] {dag.py:2941} INFO - Sync 1 DAGs
[2023-12-07T17:09:14.970+0000] {logging_mixin.py:154} INFO - [2023-12-07T17:09:14.970+0000] {dag.py:3722} INFO - Setting next_dagrun for example_dynamic_task_mapping to 2022-03-04T00:00:00+00:00, run_after=2022-03-05T00:00:00+00:00
[2023-12-07T17:09:14.992+0000] {processor.py:179} INFO - Processing /home/ubuntu/ec2_customer_chum_venv/lib/python3.10/site-packages/airflow/example_dags/example_dynamic_task_mapping.py took 0.073 seconds
[2023-12-07T17:09:56.503+0000] {processor.py:157} INFO - Started process (PID=6238) to work on /home/ubuntu/ec2_customer_chum_venv/lib/python3.10/site-packages/airflow/example_dags/example_dynamic_task_mapping.py
[2023-12-07T17:09:56.504+0000] {processor.py:829} INFO - Processing file /home/ubuntu/ec2_customer_chum_venv/lib/python3.10/site-packages/airflow/example_dags/example_dynamic_task_mapping.py for tasks to queue
[2023-12-07T17:09:56.505+0000] {logging_mixin.py:154} INFO - [2023-12-07T17:09:56.505+0000] {dagbag.py:536} INFO - Filling up the DagBag from /home/ubuntu/ec2_customer_chum_venv/lib/python3.10/site-packages/airflow/example_dags/example_dynamic_task_mapping.py
[2023-12-07T17:09:56.512+0000] {processor.py:839} INFO - DAG(s) dict_keys(['example_dynamic_task_mapping']) retrieved from /home/ubuntu/ec2_customer_chum_venv/lib/python3.10/site-packages/airflow/example_dags/example_dynamic_task_mapping.py
[2023-12-07T17:09:56.529+0000] {logging_mixin.py:154} INFO - [2023-12-07T17:09:56.529+0000] {dag.py:2941} INFO - Sync 1 DAGs
[2023-12-07T17:09:56.549+0000] {logging_mixin.py:154} INFO - [2023-12-07T17:09:56.549+0000] {dag.py:3722} INFO - Setting next_dagrun for example_dynamic_task_mapping to 2022-03-04T00:00:00+00:00, run_after=2022-03-05T00:00:00+00:00
[2023-12-07T17:09:56.572+0000] {processor.py:179} INFO - Processing /home/ubuntu/ec2_customer_chum_venv/lib/python3.10/site-packages/airflow/example_dags/example_dynamic_task_mapping.py took 0.072 seconds
[2023-12-07T17:10:46.447+0000] {processor.py:157} INFO - Started process (PID=6288) to work on /home/ubuntu/ec2_customer_chum_venv/lib/python3.10/site-packages/airflow/example_dags/example_dynamic_task_mapping.py
[2023-12-07T17:10:46.448+0000] {processor.py:829} INFO - Processing file /home/ubuntu/ec2_customer_chum_venv/lib/python3.10/site-packages/airflow/example_dags/example_dynamic_task_mapping.py for tasks to queue
[2023-12-07T17:10:46.449+0000] {logging_mixin.py:154} INFO - [2023-12-07T17:10:46.449+0000] {dagbag.py:536} INFO - Filling up the DagBag from /home/ubuntu/ec2_customer_chum_venv/lib/python3.10/site-packages/airflow/example_dags/example_dynamic_task_mapping.py
[2023-12-07T17:10:46.457+0000] {processor.py:839} INFO - DAG(s) dict_keys(['example_dynamic_task_mapping']) retrieved from /home/ubuntu/ec2_customer_chum_venv/lib/python3.10/site-packages/airflow/example_dags/example_dynamic_task_mapping.py
[2023-12-07T17:10:46.473+0000] {logging_mixin.py:154} INFO - [2023-12-07T17:10:46.473+0000] {dag.py:2941} INFO - Sync 1 DAGs
[2023-12-07T17:10:46.494+0000] {logging_mixin.py:154} INFO - [2023-12-07T17:10:46.493+0000] {dag.py:3722} INFO - Setting next_dagrun for example_dynamic_task_mapping to 2022-03-04T00:00:00+00:00, run_after=2022-03-05T00:00:00+00:00
[2023-12-07T17:10:46.516+0000] {processor.py:179} INFO - Processing /home/ubuntu/ec2_customer_chum_venv/lib/python3.10/site-packages/airflow/example_dags/example_dynamic_task_mapping.py took 0.072 seconds
[2023-12-07T17:11:31.603+0000] {processor.py:157} INFO - Started process (PID=6335) to work on /home/ubuntu/ec2_customer_chum_venv/lib/python3.10/site-packages/airflow/example_dags/example_dynamic_task_mapping.py
[2023-12-07T17:11:31.604+0000] {processor.py:829} INFO - Processing file /home/ubuntu/ec2_customer_chum_venv/lib/python3.10/site-packages/airflow/example_dags/example_dynamic_task_mapping.py for tasks to queue
[2023-12-07T17:11:31.605+0000] {logging_mixin.py:154} INFO - [2023-12-07T17:11:31.605+0000] {dagbag.py:536} INFO - Filling up the DagBag from /home/ubuntu/ec2_customer_chum_venv/lib/python3.10/site-packages/airflow/example_dags/example_dynamic_task_mapping.py
[2023-12-07T17:11:31.613+0000] {processor.py:839} INFO - DAG(s) dict_keys(['example_dynamic_task_mapping']) retrieved from /home/ubuntu/ec2_customer_chum_venv/lib/python3.10/site-packages/airflow/example_dags/example_dynamic_task_mapping.py
[2023-12-07T17:11:31.630+0000] {logging_mixin.py:154} INFO - [2023-12-07T17:11:31.630+0000] {dag.py:2941} INFO - Sync 1 DAGs
[2023-12-07T17:11:31.651+0000] {logging_mixin.py:154} INFO - [2023-12-07T17:11:31.651+0000] {dag.py:3722} INFO - Setting next_dagrun for example_dynamic_task_mapping to 2022-03-04T00:00:00+00:00, run_after=2022-03-05T00:00:00+00:00
[2023-12-07T17:11:31.675+0000] {processor.py:179} INFO - Processing /home/ubuntu/ec2_customer_chum_venv/lib/python3.10/site-packages/airflow/example_dags/example_dynamic_task_mapping.py took 0.076 seconds
[2023-12-07T17:12:15.087+0000] {processor.py:157} INFO - Started process (PID=6384) to work on /home/ubuntu/ec2_customer_chum_venv/lib/python3.10/site-packages/airflow/example_dags/example_dynamic_task_mapping.py
[2023-12-07T17:12:15.089+0000] {processor.py:829} INFO - Processing file /home/ubuntu/ec2_customer_chum_venv/lib/python3.10/site-packages/airflow/example_dags/example_dynamic_task_mapping.py for tasks to queue
[2023-12-07T17:12:15.090+0000] {logging_mixin.py:154} INFO - [2023-12-07T17:12:15.089+0000] {dagbag.py:536} INFO - Filling up the DagBag from /home/ubuntu/ec2_customer_chum_venv/lib/python3.10/site-packages/airflow/example_dags/example_dynamic_task_mapping.py
[2023-12-07T17:12:15.098+0000] {processor.py:839} INFO - DAG(s) dict_keys(['example_dynamic_task_mapping']) retrieved from /home/ubuntu/ec2_customer_chum_venv/lib/python3.10/site-packages/airflow/example_dags/example_dynamic_task_mapping.py
[2023-12-07T17:12:15.115+0000] {logging_mixin.py:154} INFO - [2023-12-07T17:12:15.115+0000] {dag.py:2941} INFO - Sync 1 DAGs
[2023-12-07T17:12:15.136+0000] {logging_mixin.py:154} INFO - [2023-12-07T17:12:15.136+0000] {dag.py:3722} INFO - Setting next_dagrun for example_dynamic_task_mapping to 2022-03-04T00:00:00+00:00, run_after=2022-03-05T00:00:00+00:00
[2023-12-07T17:12:15.157+0000] {processor.py:179} INFO - Processing /home/ubuntu/ec2_customer_chum_venv/lib/python3.10/site-packages/airflow/example_dags/example_dynamic_task_mapping.py took 0.074 seconds
[2023-12-07T17:13:02.835+0000] {processor.py:157} INFO - Started process (PID=6434) to work on /home/ubuntu/ec2_customer_chum_venv/lib/python3.10/site-packages/airflow/example_dags/example_dynamic_task_mapping.py
[2023-12-07T17:13:02.836+0000] {processor.py:829} INFO - Processing file /home/ubuntu/ec2_customer_chum_venv/lib/python3.10/site-packages/airflow/example_dags/example_dynamic_task_mapping.py for tasks to queue
[2023-12-07T17:13:02.837+0000] {logging_mixin.py:154} INFO - [2023-12-07T17:13:02.837+0000] {dagbag.py:536} INFO - Filling up the DagBag from /home/ubuntu/ec2_customer_chum_venv/lib/python3.10/site-packages/airflow/example_dags/example_dynamic_task_mapping.py
[2023-12-07T17:13:02.845+0000] {processor.py:839} INFO - DAG(s) dict_keys(['example_dynamic_task_mapping']) retrieved from /home/ubuntu/ec2_customer_chum_venv/lib/python3.10/site-packages/airflow/example_dags/example_dynamic_task_mapping.py
[2023-12-07T17:13:02.862+0000] {logging_mixin.py:154} INFO - [2023-12-07T17:13:02.862+0000] {dag.py:2941} INFO - Sync 1 DAGs
[2023-12-07T17:13:02.884+0000] {logging_mixin.py:154} INFO - [2023-12-07T17:13:02.884+0000] {dag.py:3722} INFO - Setting next_dagrun for example_dynamic_task_mapping to 2022-03-04T00:00:00+00:00, run_after=2022-03-05T00:00:00+00:00
[2023-12-07T17:13:02.911+0000] {processor.py:179} INFO - Processing /home/ubuntu/ec2_customer_chum_venv/lib/python3.10/site-packages/airflow/example_dags/example_dynamic_task_mapping.py took 0.080 seconds
[2023-12-07T17:13:46.575+0000] {processor.py:157} INFO - Started process (PID=6566) to work on /home/ubuntu/ec2_customer_chum_venv/lib/python3.10/site-packages/airflow/example_dags/example_dynamic_task_mapping.py
[2023-12-07T17:13:46.576+0000] {processor.py:829} INFO - Processing file /home/ubuntu/ec2_customer_chum_venv/lib/python3.10/site-packages/airflow/example_dags/example_dynamic_task_mapping.py for tasks to queue
[2023-12-07T17:13:46.577+0000] {logging_mixin.py:154} INFO - [2023-12-07T17:13:46.577+0000] {dagbag.py:536} INFO - Filling up the DagBag from /home/ubuntu/ec2_customer_chum_venv/lib/python3.10/site-packages/airflow/example_dags/example_dynamic_task_mapping.py
[2023-12-07T17:13:46.585+0000] {processor.py:839} INFO - DAG(s) dict_keys(['example_dynamic_task_mapping']) retrieved from /home/ubuntu/ec2_customer_chum_venv/lib/python3.10/site-packages/airflow/example_dags/example_dynamic_task_mapping.py
[2023-12-07T17:13:46.602+0000] {logging_mixin.py:154} INFO - [2023-12-07T17:13:46.601+0000] {dag.py:2941} INFO - Sync 1 DAGs
[2023-12-07T17:13:46.622+0000] {logging_mixin.py:154} INFO - [2023-12-07T17:13:46.622+0000] {dag.py:3722} INFO - Setting next_dagrun for example_dynamic_task_mapping to 2022-03-04T00:00:00+00:00, run_after=2022-03-05T00:00:00+00:00
[2023-12-07T17:13:46.645+0000] {processor.py:179} INFO - Processing /home/ubuntu/ec2_customer_chum_venv/lib/python3.10/site-packages/airflow/example_dags/example_dynamic_task_mapping.py took 0.073 seconds
[2023-12-07T17:14:29.655+0000] {processor.py:157} INFO - Started process (PID=6611) to work on /home/ubuntu/ec2_customer_chum_venv/lib/python3.10/site-packages/airflow/example_dags/example_dynamic_task_mapping.py
[2023-12-07T17:14:29.656+0000] {processor.py:829} INFO - Processing file /home/ubuntu/ec2_customer_chum_venv/lib/python3.10/site-packages/airflow/example_dags/example_dynamic_task_mapping.py for tasks to queue
[2023-12-07T17:14:29.657+0000] {logging_mixin.py:154} INFO - [2023-12-07T17:14:29.657+0000] {dagbag.py:536} INFO - Filling up the DagBag from /home/ubuntu/ec2_customer_chum_venv/lib/python3.10/site-packages/airflow/example_dags/example_dynamic_task_mapping.py
[2023-12-07T17:14:29.665+0000] {processor.py:839} INFO - DAG(s) dict_keys(['example_dynamic_task_mapping']) retrieved from /home/ubuntu/ec2_customer_chum_venv/lib/python3.10/site-packages/airflow/example_dags/example_dynamic_task_mapping.py
[2023-12-07T17:14:29.682+0000] {logging_mixin.py:154} INFO - [2023-12-07T17:14:29.682+0000] {dag.py:2941} INFO - Sync 1 DAGs
[2023-12-07T17:14:29.702+0000] {logging_mixin.py:154} INFO - [2023-12-07T17:14:29.702+0000] {dag.py:3722} INFO - Setting next_dagrun for example_dynamic_task_mapping to 2022-03-04T00:00:00+00:00, run_after=2022-03-05T00:00:00+00:00
[2023-12-07T17:14:29.725+0000] {processor.py:179} INFO - Processing /home/ubuntu/ec2_customer_chum_venv/lib/python3.10/site-packages/airflow/example_dags/example_dynamic_task_mapping.py took 0.074 seconds
[2023-12-07T17:15:14.256+0000] {processor.py:157} INFO - Started process (PID=6723) to work on /home/ubuntu/ec2_customer_chum_venv/lib/python3.10/site-packages/airflow/example_dags/example_dynamic_task_mapping.py
[2023-12-07T17:15:14.257+0000] {processor.py:829} INFO - Processing file /home/ubuntu/ec2_customer_chum_venv/lib/python3.10/site-packages/airflow/example_dags/example_dynamic_task_mapping.py for tasks to queue
[2023-12-07T17:15:14.258+0000] {logging_mixin.py:154} INFO - [2023-12-07T17:15:14.258+0000] {dagbag.py:536} INFO - Filling up the DagBag from /home/ubuntu/ec2_customer_chum_venv/lib/python3.10/site-packages/airflow/example_dags/example_dynamic_task_mapping.py
[2023-12-07T17:15:14.266+0000] {processor.py:839} INFO - DAG(s) dict_keys(['example_dynamic_task_mapping']) retrieved from /home/ubuntu/ec2_customer_chum_venv/lib/python3.10/site-packages/airflow/example_dags/example_dynamic_task_mapping.py
[2023-12-07T17:15:14.282+0000] {logging_mixin.py:154} INFO - [2023-12-07T17:15:14.282+0000] {dag.py:2941} INFO - Sync 1 DAGs
[2023-12-07T17:15:14.302+0000] {logging_mixin.py:154} INFO - [2023-12-07T17:15:14.302+0000] {dag.py:3722} INFO - Setting next_dagrun for example_dynamic_task_mapping to 2022-03-04T00:00:00+00:00, run_after=2022-03-05T00:00:00+00:00
[2023-12-07T17:15:14.325+0000] {processor.py:179} INFO - Processing /home/ubuntu/ec2_customer_chum_venv/lib/python3.10/site-packages/airflow/example_dags/example_dynamic_task_mapping.py took 0.072 seconds
