[2023-12-07T16:49:52.518+0000] {processor.py:157} INFO - Started process (PID=5003) to work on /home/ubuntu/ec2_customer_chum_venv/lib/python3.10/site-packages/airflow/example_dags/example_latest_only.py
[2023-12-07T16:49:52.519+0000] {processor.py:829} INFO - Processing file /home/ubuntu/ec2_customer_chum_venv/lib/python3.10/site-packages/airflow/example_dags/example_latest_only.py for tasks to queue
[2023-12-07T16:49:52.520+0000] {logging_mixin.py:154} INFO - [2023-12-07T16:49:52.519+0000] {dagbag.py:536} INFO - Filling up the DagBag from /home/ubuntu/ec2_customer_chum_venv/lib/python3.10/site-packages/airflow/example_dags/example_latest_only.py
[2023-12-07T16:49:52.526+0000] {processor.py:839} INFO - DAG(s) dict_keys(['latest_only']) retrieved from /home/ubuntu/ec2_customer_chum_venv/lib/python3.10/site-packages/airflow/example_dags/example_latest_only.py
[2023-12-07T16:49:52.646+0000] {logging_mixin.py:154} INFO - [2023-12-07T16:49:52.646+0000] {manager.py:499} INFO - Created Permission View: %s
[2023-12-07T16:49:52.661+0000] {logging_mixin.py:154} INFO - [2023-12-07T16:49:52.660+0000] {manager.py:499} INFO - Created Permission View: %s
[2023-12-07T16:49:52.673+0000] {logging_mixin.py:154} INFO - [2023-12-07T16:49:52.673+0000] {manager.py:499} INFO - Created Permission View: %s
[2023-12-07T16:49:52.674+0000] {logging_mixin.py:154} INFO - [2023-12-07T16:49:52.674+0000] {dag.py:2941} INFO - Sync 1 DAGs
[2023-12-07T16:49:52.686+0000] {logging_mixin.py:154} INFO - [2023-12-07T16:49:52.685+0000] {dag.py:2963} INFO - Creating ORM DAG for latest_only
[2023-12-07T16:49:52.695+0000] {logging_mixin.py:154} INFO - [2023-12-07T16:49:52.695+0000] {dag.py:3722} INFO - Setting next_dagrun for latest_only to 2023-12-07T12:49:52.695371+00:00, run_after=2023-12-07T16:49:52.695371+00:00
[2023-12-07T16:49:52.724+0000] {processor.py:179} INFO - Processing /home/ubuntu/ec2_customer_chum_venv/lib/python3.10/site-packages/airflow/example_dags/example_latest_only.py took 0.209 seconds
[2023-12-07T16:50:45.651+0000] {processor.py:157} INFO - Started process (PID=5056) to work on /home/ubuntu/ec2_customer_chum_venv/lib/python3.10/site-packages/airflow/example_dags/example_latest_only.py
[2023-12-07T16:50:45.652+0000] {processor.py:829} INFO - Processing file /home/ubuntu/ec2_customer_chum_venv/lib/python3.10/site-packages/airflow/example_dags/example_latest_only.py for tasks to queue
[2023-12-07T16:50:45.653+0000] {logging_mixin.py:154} INFO - [2023-12-07T16:50:45.653+0000] {dagbag.py:536} INFO - Filling up the DagBag from /home/ubuntu/ec2_customer_chum_venv/lib/python3.10/site-packages/airflow/example_dags/example_latest_only.py
[2023-12-07T16:50:45.659+0000] {processor.py:839} INFO - DAG(s) dict_keys(['latest_only']) retrieved from /home/ubuntu/ec2_customer_chum_venv/lib/python3.10/site-packages/airflow/example_dags/example_latest_only.py
[2023-12-07T16:50:45.676+0000] {logging_mixin.py:154} INFO - [2023-12-07T16:50:45.676+0000] {dag.py:2941} INFO - Sync 1 DAGs
[2023-12-07T16:50:45.697+0000] {logging_mixin.py:154} INFO - [2023-12-07T16:50:45.697+0000] {dag.py:3722} INFO - Setting next_dagrun for latest_only to 2023-12-07T12:50:45.696907+00:00, run_after=2023-12-07T16:50:45.696907+00:00
[2023-12-07T16:50:45.719+0000] {processor.py:179} INFO - Processing /home/ubuntu/ec2_customer_chum_venv/lib/python3.10/site-packages/airflow/example_dags/example_latest_only.py took 0.072 seconds
[2023-12-07T16:51:34.085+0000] {processor.py:157} INFO - Started process (PID=5106) to work on /home/ubuntu/ec2_customer_chum_venv/lib/python3.10/site-packages/airflow/example_dags/example_latest_only.py
[2023-12-07T16:51:34.086+0000] {processor.py:829} INFO - Processing file /home/ubuntu/ec2_customer_chum_venv/lib/python3.10/site-packages/airflow/example_dags/example_latest_only.py for tasks to queue
[2023-12-07T16:51:34.087+0000] {logging_mixin.py:154} INFO - [2023-12-07T16:51:34.087+0000] {dagbag.py:536} INFO - Filling up the DagBag from /home/ubuntu/ec2_customer_chum_venv/lib/python3.10/site-packages/airflow/example_dags/example_latest_only.py
[2023-12-07T16:51:34.093+0000] {processor.py:839} INFO - DAG(s) dict_keys(['latest_only']) retrieved from /home/ubuntu/ec2_customer_chum_venv/lib/python3.10/site-packages/airflow/example_dags/example_latest_only.py
[2023-12-07T16:51:34.109+0000] {logging_mixin.py:154} INFO - [2023-12-07T16:51:34.109+0000] {dag.py:2941} INFO - Sync 1 DAGs
[2023-12-07T16:51:34.129+0000] {logging_mixin.py:154} INFO - [2023-12-07T16:51:34.129+0000] {dag.py:3722} INFO - Setting next_dagrun for latest_only to 2023-12-07T12:51:34.129362+00:00, run_after=2023-12-07T16:51:34.129362+00:00
[2023-12-07T16:51:34.159+0000] {processor.py:179} INFO - Processing /home/ubuntu/ec2_customer_chum_venv/lib/python3.10/site-packages/airflow/example_dags/example_latest_only.py took 0.077 seconds
[2023-12-07T16:52:23.540+0000] {processor.py:157} INFO - Started process (PID=5159) to work on /home/ubuntu/ec2_customer_chum_venv/lib/python3.10/site-packages/airflow/example_dags/example_latest_only.py
[2023-12-07T16:52:23.541+0000] {processor.py:829} INFO - Processing file /home/ubuntu/ec2_customer_chum_venv/lib/python3.10/site-packages/airflow/example_dags/example_latest_only.py for tasks to queue
[2023-12-07T16:52:23.542+0000] {logging_mixin.py:154} INFO - [2023-12-07T16:52:23.542+0000] {dagbag.py:536} INFO - Filling up the DagBag from /home/ubuntu/ec2_customer_chum_venv/lib/python3.10/site-packages/airflow/example_dags/example_latest_only.py
[2023-12-07T16:52:23.548+0000] {processor.py:839} INFO - DAG(s) dict_keys(['latest_only']) retrieved from /home/ubuntu/ec2_customer_chum_venv/lib/python3.10/site-packages/airflow/example_dags/example_latest_only.py
[2023-12-07T16:52:23.564+0000] {logging_mixin.py:154} INFO - [2023-12-07T16:52:23.564+0000] {dag.py:2941} INFO - Sync 1 DAGs
[2023-12-07T16:52:23.585+0000] {logging_mixin.py:154} INFO - [2023-12-07T16:52:23.585+0000] {dag.py:3722} INFO - Setting next_dagrun for latest_only to 2023-12-07T12:52:23.584791+00:00, run_after=2023-12-07T16:52:23.584791+00:00
[2023-12-07T16:52:23.608+0000] {processor.py:179} INFO - Processing /home/ubuntu/ec2_customer_chum_venv/lib/python3.10/site-packages/airflow/example_dags/example_latest_only.py took 0.072 seconds
[2023-12-07T16:54:19.591+0000] {processor.py:157} INFO - Started process (PID=5266) to work on /home/ubuntu/ec2_customer_chum_venv/lib/python3.10/site-packages/airflow/example_dags/example_latest_only.py
[2023-12-07T16:54:19.593+0000] {processor.py:829} INFO - Processing file /home/ubuntu/ec2_customer_chum_venv/lib/python3.10/site-packages/airflow/example_dags/example_latest_only.py for tasks to queue
[2023-12-07T16:54:19.594+0000] {logging_mixin.py:154} INFO - [2023-12-07T16:54:19.594+0000] {dagbag.py:536} INFO - Filling up the DagBag from /home/ubuntu/ec2_customer_chum_venv/lib/python3.10/site-packages/airflow/example_dags/example_latest_only.py
[2023-12-07T16:54:19.600+0000] {processor.py:839} INFO - DAG(s) dict_keys(['latest_only']) retrieved from /home/ubuntu/ec2_customer_chum_venv/lib/python3.10/site-packages/airflow/example_dags/example_latest_only.py
[2023-12-07T16:54:19.618+0000] {logging_mixin.py:154} INFO - [2023-12-07T16:54:19.618+0000] {dag.py:2941} INFO - Sync 1 DAGs
[2023-12-07T16:54:19.639+0000] {logging_mixin.py:154} INFO - [2023-12-07T16:54:19.639+0000] {dag.py:3722} INFO - Setting next_dagrun for latest_only to 2023-12-07T12:54:19.639150+00:00, run_after=2023-12-07T16:54:19.639150+00:00
[2023-12-07T16:54:19.663+0000] {processor.py:179} INFO - Processing /home/ubuntu/ec2_customer_chum_venv/lib/python3.10/site-packages/airflow/example_dags/example_latest_only.py took 0.075 seconds
[2023-12-07T16:55:05.952+0000] {processor.py:157} INFO - Started process (PID=5314) to work on /home/ubuntu/ec2_customer_chum_venv/lib/python3.10/site-packages/airflow/example_dags/example_latest_only.py
[2023-12-07T16:55:05.955+0000] {processor.py:829} INFO - Processing file /home/ubuntu/ec2_customer_chum_venv/lib/python3.10/site-packages/airflow/example_dags/example_latest_only.py for tasks to queue
[2023-12-07T16:55:05.956+0000] {logging_mixin.py:154} INFO - [2023-12-07T16:55:05.955+0000] {dagbag.py:536} INFO - Filling up the DagBag from /home/ubuntu/ec2_customer_chum_venv/lib/python3.10/site-packages/airflow/example_dags/example_latest_only.py
[2023-12-07T16:55:05.962+0000] {processor.py:839} INFO - DAG(s) dict_keys(['latest_only']) retrieved from /home/ubuntu/ec2_customer_chum_venv/lib/python3.10/site-packages/airflow/example_dags/example_latest_only.py
[2023-12-07T16:55:05.980+0000] {logging_mixin.py:154} INFO - [2023-12-07T16:55:05.979+0000] {dag.py:2941} INFO - Sync 1 DAGs
[2023-12-07T16:55:06.002+0000] {logging_mixin.py:154} INFO - [2023-12-07T16:55:06.002+0000] {dag.py:3722} INFO - Setting next_dagrun for latest_only to 2023-12-07T12:55:06.001746+00:00, run_after=2023-12-07T16:55:06.001746+00:00
[2023-12-07T16:55:06.028+0000] {processor.py:179} INFO - Processing /home/ubuntu/ec2_customer_chum_venv/lib/python3.10/site-packages/airflow/example_dags/example_latest_only.py took 0.079 seconds
[2023-12-07T16:55:50.418+0000] {processor.py:157} INFO - Started process (PID=5362) to work on /home/ubuntu/ec2_customer_chum_venv/lib/python3.10/site-packages/airflow/example_dags/example_latest_only.py
[2023-12-07T16:55:50.419+0000] {processor.py:829} INFO - Processing file /home/ubuntu/ec2_customer_chum_venv/lib/python3.10/site-packages/airflow/example_dags/example_latest_only.py for tasks to queue
[2023-12-07T16:55:50.420+0000] {logging_mixin.py:154} INFO - [2023-12-07T16:55:50.420+0000] {dagbag.py:536} INFO - Filling up the DagBag from /home/ubuntu/ec2_customer_chum_venv/lib/python3.10/site-packages/airflow/example_dags/example_latest_only.py
[2023-12-07T16:55:50.426+0000] {processor.py:839} INFO - DAG(s) dict_keys(['latest_only']) retrieved from /home/ubuntu/ec2_customer_chum_venv/lib/python3.10/site-packages/airflow/example_dags/example_latest_only.py
[2023-12-07T16:55:50.444+0000] {logging_mixin.py:154} INFO - [2023-12-07T16:55:50.444+0000] {dag.py:2941} INFO - Sync 1 DAGs
[2023-12-07T16:55:50.464+0000] {logging_mixin.py:154} INFO - [2023-12-07T16:55:50.464+0000] {dag.py:3722} INFO - Setting next_dagrun for latest_only to 2023-12-07T12:55:50.464095+00:00, run_after=2023-12-07T16:55:50.464095+00:00
[2023-12-07T16:55:50.488+0000] {processor.py:179} INFO - Processing /home/ubuntu/ec2_customer_chum_venv/lib/python3.10/site-packages/airflow/example_dags/example_latest_only.py took 0.073 seconds
[2023-12-07T16:56:34.847+0000] {processor.py:157} INFO - Started process (PID=5408) to work on /home/ubuntu/ec2_customer_chum_venv/lib/python3.10/site-packages/airflow/example_dags/example_latest_only.py
[2023-12-07T16:56:34.848+0000] {processor.py:829} INFO - Processing file /home/ubuntu/ec2_customer_chum_venv/lib/python3.10/site-packages/airflow/example_dags/example_latest_only.py for tasks to queue
[2023-12-07T16:56:34.849+0000] {logging_mixin.py:154} INFO - [2023-12-07T16:56:34.849+0000] {dagbag.py:536} INFO - Filling up the DagBag from /home/ubuntu/ec2_customer_chum_venv/lib/python3.10/site-packages/airflow/example_dags/example_latest_only.py
[2023-12-07T16:56:34.855+0000] {processor.py:839} INFO - DAG(s) dict_keys(['latest_only']) retrieved from /home/ubuntu/ec2_customer_chum_venv/lib/python3.10/site-packages/airflow/example_dags/example_latest_only.py
[2023-12-07T16:56:34.872+0000] {logging_mixin.py:154} INFO - [2023-12-07T16:56:34.872+0000] {dag.py:2941} INFO - Sync 1 DAGs
[2023-12-07T16:56:34.893+0000] {logging_mixin.py:154} INFO - [2023-12-07T16:56:34.893+0000] {dag.py:3722} INFO - Setting next_dagrun for latest_only to 2023-12-07T12:56:34.893349+00:00, run_after=2023-12-07T16:56:34.893349+00:00
[2023-12-07T16:56:34.919+0000] {processor.py:179} INFO - Processing /home/ubuntu/ec2_customer_chum_venv/lib/python3.10/site-packages/airflow/example_dags/example_latest_only.py took 0.076 seconds
[2023-12-07T16:57:33.152+0000] {processor.py:157} INFO - Started process (PID=5468) to work on /home/ubuntu/ec2_customer_chum_venv/lib/python3.10/site-packages/airflow/example_dags/example_latest_only.py
[2023-12-07T16:57:33.153+0000] {processor.py:829} INFO - Processing file /home/ubuntu/ec2_customer_chum_venv/lib/python3.10/site-packages/airflow/example_dags/example_latest_only.py for tasks to queue
[2023-12-07T16:57:33.154+0000] {logging_mixin.py:154} INFO - [2023-12-07T16:57:33.154+0000] {dagbag.py:536} INFO - Filling up the DagBag from /home/ubuntu/ec2_customer_chum_venv/lib/python3.10/site-packages/airflow/example_dags/example_latest_only.py
[2023-12-07T16:57:33.160+0000] {processor.py:839} INFO - DAG(s) dict_keys(['latest_only']) retrieved from /home/ubuntu/ec2_customer_chum_venv/lib/python3.10/site-packages/airflow/example_dags/example_latest_only.py
[2023-12-07T16:57:33.177+0000] {logging_mixin.py:154} INFO - [2023-12-07T16:57:33.177+0000] {dag.py:2941} INFO - Sync 1 DAGs
[2023-12-07T16:57:33.197+0000] {logging_mixin.py:154} INFO - [2023-12-07T16:57:33.197+0000] {dag.py:3722} INFO - Setting next_dagrun for latest_only to 2023-12-07T12:57:33.196962+00:00, run_after=2023-12-07T16:57:33.196962+00:00
[2023-12-07T16:57:33.220+0000] {processor.py:179} INFO - Processing /home/ubuntu/ec2_customer_chum_venv/lib/python3.10/site-packages/airflow/example_dags/example_latest_only.py took 0.071 seconds
[2023-12-07T16:58:30.726+0000] {processor.py:157} INFO - Started process (PID=5529) to work on /home/ubuntu/ec2_customer_chum_venv/lib/python3.10/site-packages/airflow/example_dags/example_latest_only.py
[2023-12-07T16:58:30.727+0000] {processor.py:829} INFO - Processing file /home/ubuntu/ec2_customer_chum_venv/lib/python3.10/site-packages/airflow/example_dags/example_latest_only.py for tasks to queue
[2023-12-07T16:58:30.728+0000] {logging_mixin.py:154} INFO - [2023-12-07T16:58:30.728+0000] {dagbag.py:536} INFO - Filling up the DagBag from /home/ubuntu/ec2_customer_chum_venv/lib/python3.10/site-packages/airflow/example_dags/example_latest_only.py
[2023-12-07T16:58:30.734+0000] {processor.py:839} INFO - DAG(s) dict_keys(['latest_only']) retrieved from /home/ubuntu/ec2_customer_chum_venv/lib/python3.10/site-packages/airflow/example_dags/example_latest_only.py
[2023-12-07T16:58:30.751+0000] {logging_mixin.py:154} INFO - [2023-12-07T16:58:30.750+0000] {dag.py:2941} INFO - Sync 1 DAGs
[2023-12-07T16:58:30.771+0000] {logging_mixin.py:154} INFO - [2023-12-07T16:58:30.771+0000] {dag.py:3722} INFO - Setting next_dagrun for latest_only to 2023-12-07T12:58:30.770869+00:00, run_after=2023-12-07T16:58:30.770869+00:00
[2023-12-07T16:58:30.793+0000] {processor.py:179} INFO - Processing /home/ubuntu/ec2_customer_chum_venv/lib/python3.10/site-packages/airflow/example_dags/example_latest_only.py took 0.071 seconds
[2023-12-07T16:59:26.435+0000] {processor.py:157} INFO - Started process (PID=5588) to work on /home/ubuntu/ec2_customer_chum_venv/lib/python3.10/site-packages/airflow/example_dags/example_latest_only.py
[2023-12-07T16:59:26.437+0000] {processor.py:829} INFO - Processing file /home/ubuntu/ec2_customer_chum_venv/lib/python3.10/site-packages/airflow/example_dags/example_latest_only.py for tasks to queue
[2023-12-07T16:59:26.438+0000] {logging_mixin.py:154} INFO - [2023-12-07T16:59:26.437+0000] {dagbag.py:536} INFO - Filling up the DagBag from /home/ubuntu/ec2_customer_chum_venv/lib/python3.10/site-packages/airflow/example_dags/example_latest_only.py
[2023-12-07T16:59:26.444+0000] {processor.py:839} INFO - DAG(s) dict_keys(['latest_only']) retrieved from /home/ubuntu/ec2_customer_chum_venv/lib/python3.10/site-packages/airflow/example_dags/example_latest_only.py
[2023-12-07T16:59:26.460+0000] {logging_mixin.py:154} INFO - [2023-12-07T16:59:26.460+0000] {dag.py:2941} INFO - Sync 1 DAGs
[2023-12-07T16:59:26.481+0000] {logging_mixin.py:154} INFO - [2023-12-07T16:59:26.480+0000] {dag.py:3722} INFO - Setting next_dagrun for latest_only to 2023-12-07T12:59:26.480704+00:00, run_after=2023-12-07T16:59:26.480704+00:00
[2023-12-07T16:59:26.503+0000] {processor.py:179} INFO - Processing /home/ubuntu/ec2_customer_chum_venv/lib/python3.10/site-packages/airflow/example_dags/example_latest_only.py took 0.071 seconds
[2023-12-07T17:00:11.730+0000] {processor.py:157} INFO - Started process (PID=5635) to work on /home/ubuntu/ec2_customer_chum_venv/lib/python3.10/site-packages/airflow/example_dags/example_latest_only.py
[2023-12-07T17:00:11.732+0000] {processor.py:829} INFO - Processing file /home/ubuntu/ec2_customer_chum_venv/lib/python3.10/site-packages/airflow/example_dags/example_latest_only.py for tasks to queue
[2023-12-07T17:00:11.732+0000] {logging_mixin.py:154} INFO - [2023-12-07T17:00:11.732+0000] {dagbag.py:536} INFO - Filling up the DagBag from /home/ubuntu/ec2_customer_chum_venv/lib/python3.10/site-packages/airflow/example_dags/example_latest_only.py
[2023-12-07T17:00:11.739+0000] {processor.py:839} INFO - DAG(s) dict_keys(['latest_only']) retrieved from /home/ubuntu/ec2_customer_chum_venv/lib/python3.10/site-packages/airflow/example_dags/example_latest_only.py
[2023-12-07T17:00:11.756+0000] {logging_mixin.py:154} INFO - [2023-12-07T17:00:11.755+0000] {dag.py:2941} INFO - Sync 1 DAGs
[2023-12-07T17:00:11.776+0000] {logging_mixin.py:154} INFO - [2023-12-07T17:00:11.775+0000] {dag.py:3722} INFO - Setting next_dagrun for latest_only to 2023-12-07T13:00:11.775541+00:00, run_after=2023-12-07T17:00:11.775541+00:00
[2023-12-07T17:00:11.798+0000] {processor.py:179} INFO - Processing /home/ubuntu/ec2_customer_chum_venv/lib/python3.10/site-packages/airflow/example_dags/example_latest_only.py took 0.071 seconds
[2023-12-07T17:01:00.790+0000] {processor.py:157} INFO - Started process (PID=5685) to work on /home/ubuntu/ec2_customer_chum_venv/lib/python3.10/site-packages/airflow/example_dags/example_latest_only.py
[2023-12-07T17:01:00.792+0000] {processor.py:829} INFO - Processing file /home/ubuntu/ec2_customer_chum_venv/lib/python3.10/site-packages/airflow/example_dags/example_latest_only.py for tasks to queue
[2023-12-07T17:01:00.793+0000] {logging_mixin.py:154} INFO - [2023-12-07T17:01:00.792+0000] {dagbag.py:536} INFO - Filling up the DagBag from /home/ubuntu/ec2_customer_chum_venv/lib/python3.10/site-packages/airflow/example_dags/example_latest_only.py
[2023-12-07T17:01:00.799+0000] {processor.py:839} INFO - DAG(s) dict_keys(['latest_only']) retrieved from /home/ubuntu/ec2_customer_chum_venv/lib/python3.10/site-packages/airflow/example_dags/example_latest_only.py
[2023-12-07T17:01:00.818+0000] {logging_mixin.py:154} INFO - [2023-12-07T17:01:00.818+0000] {dag.py:2941} INFO - Sync 1 DAGs
[2023-12-07T17:01:00.842+0000] {logging_mixin.py:154} INFO - [2023-12-07T17:01:00.842+0000] {dag.py:3722} INFO - Setting next_dagrun for latest_only to 2023-12-07T13:01:00.842057+00:00, run_after=2023-12-07T17:01:00.842057+00:00
[2023-12-07T17:01:00.868+0000] {processor.py:179} INFO - Processing /home/ubuntu/ec2_customer_chum_venv/lib/python3.10/site-packages/airflow/example_dags/example_latest_only.py took 0.081 seconds
[2023-12-07T17:01:46.602+0000] {processor.py:157} INFO - Started process (PID=5732) to work on /home/ubuntu/ec2_customer_chum_venv/lib/python3.10/site-packages/airflow/example_dags/example_latest_only.py
[2023-12-07T17:01:46.604+0000] {processor.py:829} INFO - Processing file /home/ubuntu/ec2_customer_chum_venv/lib/python3.10/site-packages/airflow/example_dags/example_latest_only.py for tasks to queue
[2023-12-07T17:01:46.605+0000] {logging_mixin.py:154} INFO - [2023-12-07T17:01:46.604+0000] {dagbag.py:536} INFO - Filling up the DagBag from /home/ubuntu/ec2_customer_chum_venv/lib/python3.10/site-packages/airflow/example_dags/example_latest_only.py
[2023-12-07T17:01:46.611+0000] {processor.py:839} INFO - DAG(s) dict_keys(['latest_only']) retrieved from /home/ubuntu/ec2_customer_chum_venv/lib/python3.10/site-packages/airflow/example_dags/example_latest_only.py
[2023-12-07T17:01:46.628+0000] {logging_mixin.py:154} INFO - [2023-12-07T17:01:46.627+0000] {dag.py:2941} INFO - Sync 1 DAGs
[2023-12-07T17:01:46.648+0000] {logging_mixin.py:154} INFO - [2023-12-07T17:01:46.648+0000] {dag.py:3722} INFO - Setting next_dagrun for latest_only to 2023-12-07T13:01:46.648022+00:00, run_after=2023-12-07T17:01:46.648022+00:00
[2023-12-07T17:01:46.670+0000] {processor.py:179} INFO - Processing /home/ubuntu/ec2_customer_chum_venv/lib/python3.10/site-packages/airflow/example_dags/example_latest_only.py took 0.071 seconds
[2023-12-07T17:02:34.653+0000] {processor.py:157} INFO - Started process (PID=5780) to work on /home/ubuntu/ec2_customer_chum_venv/lib/python3.10/site-packages/airflow/example_dags/example_latest_only.py
[2023-12-07T17:02:34.654+0000] {processor.py:829} INFO - Processing file /home/ubuntu/ec2_customer_chum_venv/lib/python3.10/site-packages/airflow/example_dags/example_latest_only.py for tasks to queue
[2023-12-07T17:02:34.655+0000] {logging_mixin.py:154} INFO - [2023-12-07T17:02:34.655+0000] {dagbag.py:536} INFO - Filling up the DagBag from /home/ubuntu/ec2_customer_chum_venv/lib/python3.10/site-packages/airflow/example_dags/example_latest_only.py
[2023-12-07T17:02:34.661+0000] {processor.py:839} INFO - DAG(s) dict_keys(['latest_only']) retrieved from /home/ubuntu/ec2_customer_chum_venv/lib/python3.10/site-packages/airflow/example_dags/example_latest_only.py
[2023-12-07T17:02:34.679+0000] {logging_mixin.py:154} INFO - [2023-12-07T17:02:34.678+0000] {dag.py:2941} INFO - Sync 1 DAGs
[2023-12-07T17:02:34.700+0000] {logging_mixin.py:154} INFO - [2023-12-07T17:02:34.700+0000] {dag.py:3722} INFO - Setting next_dagrun for latest_only to 2023-12-07T13:02:34.700140+00:00, run_after=2023-12-07T17:02:34.700140+00:00
[2023-12-07T17:02:34.722+0000] {processor.py:179} INFO - Processing /home/ubuntu/ec2_customer_chum_venv/lib/python3.10/site-packages/airflow/example_dags/example_latest_only.py took 0.073 seconds
[2023-12-07T17:03:23.396+0000] {processor.py:157} INFO - Started process (PID=5828) to work on /home/ubuntu/ec2_customer_chum_venv/lib/python3.10/site-packages/airflow/example_dags/example_latest_only.py
[2023-12-07T17:03:23.398+0000] {processor.py:829} INFO - Processing file /home/ubuntu/ec2_customer_chum_venv/lib/python3.10/site-packages/airflow/example_dags/example_latest_only.py for tasks to queue
[2023-12-07T17:03:23.398+0000] {logging_mixin.py:154} INFO - [2023-12-07T17:03:23.398+0000] {dagbag.py:536} INFO - Filling up the DagBag from /home/ubuntu/ec2_customer_chum_venv/lib/python3.10/site-packages/airflow/example_dags/example_latest_only.py
[2023-12-07T17:03:23.404+0000] {processor.py:839} INFO - DAG(s) dict_keys(['latest_only']) retrieved from /home/ubuntu/ec2_customer_chum_venv/lib/python3.10/site-packages/airflow/example_dags/example_latest_only.py
[2023-12-07T17:03:23.421+0000] {logging_mixin.py:154} INFO - [2023-12-07T17:03:23.420+0000] {dag.py:2941} INFO - Sync 1 DAGs
[2023-12-07T17:03:23.441+0000] {logging_mixin.py:154} INFO - [2023-12-07T17:03:23.440+0000] {dag.py:3722} INFO - Setting next_dagrun for latest_only to 2023-12-07T13:03:23.440615+00:00, run_after=2023-12-07T17:03:23.440615+00:00
[2023-12-07T17:03:23.466+0000] {processor.py:179} INFO - Processing /home/ubuntu/ec2_customer_chum_venv/lib/python3.10/site-packages/airflow/example_dags/example_latest_only.py took 0.073 seconds
[2023-12-07T17:04:19.963+0000] {processor.py:157} INFO - Started process (PID=5888) to work on /home/ubuntu/ec2_customer_chum_venv/lib/python3.10/site-packages/airflow/example_dags/example_latest_only.py
[2023-12-07T17:04:19.964+0000] {processor.py:829} INFO - Processing file /home/ubuntu/ec2_customer_chum_venv/lib/python3.10/site-packages/airflow/example_dags/example_latest_only.py for tasks to queue
[2023-12-07T17:04:19.965+0000] {logging_mixin.py:154} INFO - [2023-12-07T17:04:19.965+0000] {dagbag.py:536} INFO - Filling up the DagBag from /home/ubuntu/ec2_customer_chum_venv/lib/python3.10/site-packages/airflow/example_dags/example_latest_only.py
[2023-12-07T17:04:19.972+0000] {processor.py:839} INFO - DAG(s) dict_keys(['latest_only']) retrieved from /home/ubuntu/ec2_customer_chum_venv/lib/python3.10/site-packages/airflow/example_dags/example_latest_only.py
[2023-12-07T17:04:19.989+0000] {logging_mixin.py:154} INFO - [2023-12-07T17:04:19.988+0000] {dag.py:2941} INFO - Sync 1 DAGs
[2023-12-07T17:04:20.010+0000] {logging_mixin.py:154} INFO - [2023-12-07T17:04:20.010+0000] {dag.py:3722} INFO - Setting next_dagrun for latest_only to 2023-12-07T13:04:20.010081+00:00, run_after=2023-12-07T17:04:20.010081+00:00
[2023-12-07T17:04:20.034+0000] {processor.py:179} INFO - Processing /home/ubuntu/ec2_customer_chum_venv/lib/python3.10/site-packages/airflow/example_dags/example_latest_only.py took 0.074 seconds
[2023-12-07T17:05:07.960+0000] {processor.py:157} INFO - Started process (PID=5940) to work on /home/ubuntu/ec2_customer_chum_venv/lib/python3.10/site-packages/airflow/example_dags/example_latest_only.py
[2023-12-07T17:05:07.962+0000] {processor.py:829} INFO - Processing file /home/ubuntu/ec2_customer_chum_venv/lib/python3.10/site-packages/airflow/example_dags/example_latest_only.py for tasks to queue
[2023-12-07T17:05:07.963+0000] {logging_mixin.py:154} INFO - [2023-12-07T17:05:07.962+0000] {dagbag.py:536} INFO - Filling up the DagBag from /home/ubuntu/ec2_customer_chum_venv/lib/python3.10/site-packages/airflow/example_dags/example_latest_only.py
[2023-12-07T17:05:07.969+0000] {processor.py:839} INFO - DAG(s) dict_keys(['latest_only']) retrieved from /home/ubuntu/ec2_customer_chum_venv/lib/python3.10/site-packages/airflow/example_dags/example_latest_only.py
[2023-12-07T17:05:07.986+0000] {logging_mixin.py:154} INFO - [2023-12-07T17:05:07.985+0000] {dag.py:2941} INFO - Sync 1 DAGs
[2023-12-07T17:05:08.007+0000] {logging_mixin.py:154} INFO - [2023-12-07T17:05:08.007+0000] {dag.py:3722} INFO - Setting next_dagrun for latest_only to 2023-12-07T13:05:08.006843+00:00, run_after=2023-12-07T17:05:08.006843+00:00
[2023-12-07T17:05:08.032+0000] {processor.py:179} INFO - Processing /home/ubuntu/ec2_customer_chum_venv/lib/python3.10/site-packages/airflow/example_dags/example_latest_only.py took 0.075 seconds
[2023-12-07T17:06:04.394+0000] {processor.py:157} INFO - Started process (PID=5998) to work on /home/ubuntu/ec2_customer_chum_venv/lib/python3.10/site-packages/airflow/example_dags/example_latest_only.py
[2023-12-07T17:06:04.397+0000] {processor.py:829} INFO - Processing file /home/ubuntu/ec2_customer_chum_venv/lib/python3.10/site-packages/airflow/example_dags/example_latest_only.py for tasks to queue
[2023-12-07T17:06:04.398+0000] {logging_mixin.py:154} INFO - [2023-12-07T17:06:04.397+0000] {dagbag.py:536} INFO - Filling up the DagBag from /home/ubuntu/ec2_customer_chum_venv/lib/python3.10/site-packages/airflow/example_dags/example_latest_only.py
[2023-12-07T17:06:04.404+0000] {processor.py:839} INFO - DAG(s) dict_keys(['latest_only']) retrieved from /home/ubuntu/ec2_customer_chum_venv/lib/python3.10/site-packages/airflow/example_dags/example_latest_only.py
[2023-12-07T17:06:04.421+0000] {logging_mixin.py:154} INFO - [2023-12-07T17:06:04.421+0000] {dag.py:2941} INFO - Sync 1 DAGs
[2023-12-07T17:06:04.442+0000] {logging_mixin.py:154} INFO - [2023-12-07T17:06:04.442+0000] {dag.py:3722} INFO - Setting next_dagrun for latest_only to 2023-12-07T13:06:04.442087+00:00, run_after=2023-12-07T17:06:04.442087+00:00
[2023-12-07T17:06:04.467+0000] {processor.py:179} INFO - Processing /home/ubuntu/ec2_customer_chum_venv/lib/python3.10/site-packages/airflow/example_dags/example_latest_only.py took 0.076 seconds
[2023-12-07T17:07:03.923+0000] {processor.py:157} INFO - Started process (PID=6059) to work on /home/ubuntu/ec2_customer_chum_venv/lib/python3.10/site-packages/airflow/example_dags/example_latest_only.py
[2023-12-07T17:07:03.925+0000] {processor.py:829} INFO - Processing file /home/ubuntu/ec2_customer_chum_venv/lib/python3.10/site-packages/airflow/example_dags/example_latest_only.py for tasks to queue
[2023-12-07T17:07:03.926+0000] {logging_mixin.py:154} INFO - [2023-12-07T17:07:03.926+0000] {dagbag.py:536} INFO - Filling up the DagBag from /home/ubuntu/ec2_customer_chum_venv/lib/python3.10/site-packages/airflow/example_dags/example_latest_only.py
[2023-12-07T17:07:03.933+0000] {processor.py:839} INFO - DAG(s) dict_keys(['latest_only']) retrieved from /home/ubuntu/ec2_customer_chum_venv/lib/python3.10/site-packages/airflow/example_dags/example_latest_only.py
[2023-12-07T17:07:03.950+0000] {logging_mixin.py:154} INFO - [2023-12-07T17:07:03.950+0000] {dag.py:2941} INFO - Sync 1 DAGs
[2023-12-07T17:07:03.971+0000] {logging_mixin.py:154} INFO - [2023-12-07T17:07:03.971+0000] {dag.py:3722} INFO - Setting next_dagrun for latest_only to 2023-12-07T13:07:03.971176+00:00, run_after=2023-12-07T17:07:03.971176+00:00
[2023-12-07T17:07:03.994+0000] {processor.py:179} INFO - Processing /home/ubuntu/ec2_customer_chum_venv/lib/python3.10/site-packages/airflow/example_dags/example_latest_only.py took 0.074 seconds
[2023-12-07T17:07:51.285+0000] {processor.py:157} INFO - Started process (PID=6108) to work on /home/ubuntu/ec2_customer_chum_venv/lib/python3.10/site-packages/airflow/example_dags/example_latest_only.py
[2023-12-07T17:07:51.286+0000] {processor.py:829} INFO - Processing file /home/ubuntu/ec2_customer_chum_venv/lib/python3.10/site-packages/airflow/example_dags/example_latest_only.py for tasks to queue
[2023-12-07T17:07:51.287+0000] {logging_mixin.py:154} INFO - [2023-12-07T17:07:51.286+0000] {dagbag.py:536} INFO - Filling up the DagBag from /home/ubuntu/ec2_customer_chum_venv/lib/python3.10/site-packages/airflow/example_dags/example_latest_only.py
[2023-12-07T17:07:51.293+0000] {processor.py:839} INFO - DAG(s) dict_keys(['latest_only']) retrieved from /home/ubuntu/ec2_customer_chum_venv/lib/python3.10/site-packages/airflow/example_dags/example_latest_only.py
[2023-12-07T17:07:51.310+0000] {logging_mixin.py:154} INFO - [2023-12-07T17:07:51.310+0000] {dag.py:2941} INFO - Sync 1 DAGs
[2023-12-07T17:07:51.330+0000] {logging_mixin.py:154} INFO - [2023-12-07T17:07:51.330+0000] {dag.py:3722} INFO - Setting next_dagrun for latest_only to 2023-12-07T13:07:51.330063+00:00, run_after=2023-12-07T17:07:51.330063+00:00
[2023-12-07T17:07:51.352+0000] {processor.py:179} INFO - Processing /home/ubuntu/ec2_customer_chum_venv/lib/python3.10/site-packages/airflow/example_dags/example_latest_only.py took 0.071 seconds
[2023-12-07T17:08:37.599+0000] {processor.py:157} INFO - Started process (PID=6155) to work on /home/ubuntu/ec2_customer_chum_venv/lib/python3.10/site-packages/airflow/example_dags/example_latest_only.py
[2023-12-07T17:08:37.600+0000] {processor.py:829} INFO - Processing file /home/ubuntu/ec2_customer_chum_venv/lib/python3.10/site-packages/airflow/example_dags/example_latest_only.py for tasks to queue
[2023-12-07T17:08:37.601+0000] {logging_mixin.py:154} INFO - [2023-12-07T17:08:37.601+0000] {dagbag.py:536} INFO - Filling up the DagBag from /home/ubuntu/ec2_customer_chum_venv/lib/python3.10/site-packages/airflow/example_dags/example_latest_only.py
[2023-12-07T17:08:37.607+0000] {processor.py:839} INFO - DAG(s) dict_keys(['latest_only']) retrieved from /home/ubuntu/ec2_customer_chum_venv/lib/python3.10/site-packages/airflow/example_dags/example_latest_only.py
[2023-12-07T17:08:37.624+0000] {logging_mixin.py:154} INFO - [2023-12-07T17:08:37.624+0000] {dag.py:2941} INFO - Sync 1 DAGs
[2023-12-07T17:08:37.644+0000] {logging_mixin.py:154} INFO - [2023-12-07T17:08:37.644+0000] {dag.py:3722} INFO - Setting next_dagrun for latest_only to 2023-12-07T13:08:37.644275+00:00, run_after=2023-12-07T17:08:37.644275+00:00
[2023-12-07T17:08:37.669+0000] {processor.py:179} INFO - Processing /home/ubuntu/ec2_customer_chum_venv/lib/python3.10/site-packages/airflow/example_dags/example_latest_only.py took 0.074 seconds
[2023-12-07T17:09:23.875+0000] {processor.py:157} INFO - Started process (PID=6203) to work on /home/ubuntu/ec2_customer_chum_venv/lib/python3.10/site-packages/airflow/example_dags/example_latest_only.py
[2023-12-07T17:09:23.877+0000] {processor.py:829} INFO - Processing file /home/ubuntu/ec2_customer_chum_venv/lib/python3.10/site-packages/airflow/example_dags/example_latest_only.py for tasks to queue
[2023-12-07T17:09:23.877+0000] {logging_mixin.py:154} INFO - [2023-12-07T17:09:23.877+0000] {dagbag.py:536} INFO - Filling up the DagBag from /home/ubuntu/ec2_customer_chum_venv/lib/python3.10/site-packages/airflow/example_dags/example_latest_only.py
[2023-12-07T17:09:23.884+0000] {processor.py:839} INFO - DAG(s) dict_keys(['latest_only']) retrieved from /home/ubuntu/ec2_customer_chum_venv/lib/python3.10/site-packages/airflow/example_dags/example_latest_only.py
[2023-12-07T17:09:23.900+0000] {logging_mixin.py:154} INFO - [2023-12-07T17:09:23.900+0000] {dag.py:2941} INFO - Sync 1 DAGs
[2023-12-07T17:09:23.920+0000] {logging_mixin.py:154} INFO - [2023-12-07T17:09:23.920+0000] {dag.py:3722} INFO - Setting next_dagrun for latest_only to 2023-12-07T13:09:23.920372+00:00, run_after=2023-12-07T17:09:23.920372+00:00
[2023-12-07T17:09:23.943+0000] {processor.py:179} INFO - Processing /home/ubuntu/ec2_customer_chum_venv/lib/python3.10/site-packages/airflow/example_dags/example_latest_only.py took 0.071 seconds
[2023-12-07T17:10:20.549+0000] {processor.py:157} INFO - Started process (PID=6261) to work on /home/ubuntu/ec2_customer_chum_venv/lib/python3.10/site-packages/airflow/example_dags/example_latest_only.py
[2023-12-07T17:10:20.550+0000] {processor.py:829} INFO - Processing file /home/ubuntu/ec2_customer_chum_venv/lib/python3.10/site-packages/airflow/example_dags/example_latest_only.py for tasks to queue
[2023-12-07T17:10:20.551+0000] {logging_mixin.py:154} INFO - [2023-12-07T17:10:20.551+0000] {dagbag.py:536} INFO - Filling up the DagBag from /home/ubuntu/ec2_customer_chum_venv/lib/python3.10/site-packages/airflow/example_dags/example_latest_only.py
[2023-12-07T17:10:20.557+0000] {processor.py:839} INFO - DAG(s) dict_keys(['latest_only']) retrieved from /home/ubuntu/ec2_customer_chum_venv/lib/python3.10/site-packages/airflow/example_dags/example_latest_only.py
[2023-12-07T17:10:20.574+0000] {logging_mixin.py:154} INFO - [2023-12-07T17:10:20.574+0000] {dag.py:2941} INFO - Sync 1 DAGs
[2023-12-07T17:10:20.594+0000] {logging_mixin.py:154} INFO - [2023-12-07T17:10:20.594+0000] {dag.py:3722} INFO - Setting next_dagrun for latest_only to 2023-12-07T13:10:20.594071+00:00, run_after=2023-12-07T17:10:20.594071+00:00
[2023-12-07T17:10:20.616+0000] {processor.py:179} INFO - Processing /home/ubuntu/ec2_customer_chum_venv/lib/python3.10/site-packages/airflow/example_dags/example_latest_only.py took 0.071 seconds
[2023-12-07T17:11:06.987+0000] {processor.py:157} INFO - Started process (PID=6309) to work on /home/ubuntu/ec2_customer_chum_venv/lib/python3.10/site-packages/airflow/example_dags/example_latest_only.py
[2023-12-07T17:11:06.989+0000] {processor.py:829} INFO - Processing file /home/ubuntu/ec2_customer_chum_venv/lib/python3.10/site-packages/airflow/example_dags/example_latest_only.py for tasks to queue
[2023-12-07T17:11:06.990+0000] {logging_mixin.py:154} INFO - [2023-12-07T17:11:06.989+0000] {dagbag.py:536} INFO - Filling up the DagBag from /home/ubuntu/ec2_customer_chum_venv/lib/python3.10/site-packages/airflow/example_dags/example_latest_only.py
[2023-12-07T17:11:06.996+0000] {processor.py:839} INFO - DAG(s) dict_keys(['latest_only']) retrieved from /home/ubuntu/ec2_customer_chum_venv/lib/python3.10/site-packages/airflow/example_dags/example_latest_only.py
[2023-12-07T17:11:07.014+0000] {logging_mixin.py:154} INFO - [2023-12-07T17:11:07.013+0000] {dag.py:2941} INFO - Sync 1 DAGs
[2023-12-07T17:11:07.034+0000] {logging_mixin.py:154} INFO - [2023-12-07T17:11:07.034+0000] {dag.py:3722} INFO - Setting next_dagrun for latest_only to 2023-12-07T13:11:07.033882+00:00, run_after=2023-12-07T17:11:07.033882+00:00
[2023-12-07T17:11:07.058+0000] {processor.py:179} INFO - Processing /home/ubuntu/ec2_customer_chum_venv/lib/python3.10/site-packages/airflow/example_dags/example_latest_only.py took 0.075 seconds
[2023-12-07T17:11:52.516+0000] {processor.py:157} INFO - Started process (PID=6361) to work on /home/ubuntu/ec2_customer_chum_venv/lib/python3.10/site-packages/airflow/example_dags/example_latest_only.py
[2023-12-07T17:11:52.517+0000] {processor.py:829} INFO - Processing file /home/ubuntu/ec2_customer_chum_venv/lib/python3.10/site-packages/airflow/example_dags/example_latest_only.py for tasks to queue
[2023-12-07T17:11:52.518+0000] {logging_mixin.py:154} INFO - [2023-12-07T17:11:52.518+0000] {dagbag.py:536} INFO - Filling up the DagBag from /home/ubuntu/ec2_customer_chum_venv/lib/python3.10/site-packages/airflow/example_dags/example_latest_only.py
[2023-12-07T17:11:52.524+0000] {processor.py:839} INFO - DAG(s) dict_keys(['latest_only']) retrieved from /home/ubuntu/ec2_customer_chum_venv/lib/python3.10/site-packages/airflow/example_dags/example_latest_only.py
[2023-12-07T17:11:52.540+0000] {logging_mixin.py:154} INFO - [2023-12-07T17:11:52.540+0000] {dag.py:2941} INFO - Sync 1 DAGs
[2023-12-07T17:11:52.561+0000] {logging_mixin.py:154} INFO - [2023-12-07T17:11:52.560+0000] {dag.py:3722} INFO - Setting next_dagrun for latest_only to 2023-12-07T13:11:52.560529+00:00, run_after=2023-12-07T17:11:52.560529+00:00
[2023-12-07T17:11:52.582+0000] {processor.py:179} INFO - Processing /home/ubuntu/ec2_customer_chum_venv/lib/python3.10/site-packages/airflow/example_dags/example_latest_only.py took 0.069 seconds
[2023-12-07T17:12:37.485+0000] {processor.py:157} INFO - Started process (PID=6407) to work on /home/ubuntu/ec2_customer_chum_venv/lib/python3.10/site-packages/airflow/example_dags/example_latest_only.py
[2023-12-07T17:12:37.486+0000] {processor.py:829} INFO - Processing file /home/ubuntu/ec2_customer_chum_venv/lib/python3.10/site-packages/airflow/example_dags/example_latest_only.py for tasks to queue
[2023-12-07T17:12:37.487+0000] {logging_mixin.py:154} INFO - [2023-12-07T17:12:37.486+0000] {dagbag.py:536} INFO - Filling up the DagBag from /home/ubuntu/ec2_customer_chum_venv/lib/python3.10/site-packages/airflow/example_dags/example_latest_only.py
[2023-12-07T17:12:37.493+0000] {processor.py:839} INFO - DAG(s) dict_keys(['latest_only']) retrieved from /home/ubuntu/ec2_customer_chum_venv/lib/python3.10/site-packages/airflow/example_dags/example_latest_only.py
[2023-12-07T17:12:37.509+0000] {logging_mixin.py:154} INFO - [2023-12-07T17:12:37.509+0000] {dag.py:2941} INFO - Sync 1 DAGs
[2023-12-07T17:12:37.530+0000] {logging_mixin.py:154} INFO - [2023-12-07T17:12:37.530+0000] {dag.py:3722} INFO - Setting next_dagrun for latest_only to 2023-12-07T13:12:37.529912+00:00, run_after=2023-12-07T17:12:37.529912+00:00
[2023-12-07T17:12:37.554+0000] {processor.py:179} INFO - Processing /home/ubuntu/ec2_customer_chum_venv/lib/python3.10/site-packages/airflow/example_dags/example_latest_only.py took 0.073 seconds
[2023-12-07T17:13:25.153+0000] {processor.py:157} INFO - Started process (PID=6543) to work on /home/ubuntu/ec2_customer_chum_venv/lib/python3.10/site-packages/airflow/example_dags/example_latest_only.py
[2023-12-07T17:13:25.154+0000] {processor.py:829} INFO - Processing file /home/ubuntu/ec2_customer_chum_venv/lib/python3.10/site-packages/airflow/example_dags/example_latest_only.py for tasks to queue
[2023-12-07T17:13:25.155+0000] {logging_mixin.py:154} INFO - [2023-12-07T17:13:25.155+0000] {dagbag.py:536} INFO - Filling up the DagBag from /home/ubuntu/ec2_customer_chum_venv/lib/python3.10/site-packages/airflow/example_dags/example_latest_only.py
[2023-12-07T17:13:25.161+0000] {processor.py:839} INFO - DAG(s) dict_keys(['latest_only']) retrieved from /home/ubuntu/ec2_customer_chum_venv/lib/python3.10/site-packages/airflow/example_dags/example_latest_only.py
[2023-12-07T17:13:25.179+0000] {logging_mixin.py:154} INFO - [2023-12-07T17:13:25.179+0000] {dag.py:2941} INFO - Sync 1 DAGs
[2023-12-07T17:13:25.200+0000] {logging_mixin.py:154} INFO - [2023-12-07T17:13:25.200+0000] {dag.py:3722} INFO - Setting next_dagrun for latest_only to 2023-12-07T13:13:25.199768+00:00, run_after=2023-12-07T17:13:25.199768+00:00
[2023-12-07T17:13:25.223+0000] {processor.py:179} INFO - Processing /home/ubuntu/ec2_customer_chum_venv/lib/python3.10/site-packages/airflow/example_dags/example_latest_only.py took 0.074 seconds
[2023-12-07T17:14:21.641+0000] {processor.py:157} INFO - Started process (PID=6602) to work on /home/ubuntu/ec2_customer_chum_venv/lib/python3.10/site-packages/airflow/example_dags/example_latest_only.py
[2023-12-07T17:14:21.642+0000] {processor.py:829} INFO - Processing file /home/ubuntu/ec2_customer_chum_venv/lib/python3.10/site-packages/airflow/example_dags/example_latest_only.py for tasks to queue
[2023-12-07T17:14:21.643+0000] {logging_mixin.py:154} INFO - [2023-12-07T17:14:21.643+0000] {dagbag.py:536} INFO - Filling up the DagBag from /home/ubuntu/ec2_customer_chum_venv/lib/python3.10/site-packages/airflow/example_dags/example_latest_only.py
[2023-12-07T17:14:21.650+0000] {processor.py:839} INFO - DAG(s) dict_keys(['latest_only']) retrieved from /home/ubuntu/ec2_customer_chum_venv/lib/python3.10/site-packages/airflow/example_dags/example_latest_only.py
[2023-12-07T17:14:21.666+0000] {logging_mixin.py:154} INFO - [2023-12-07T17:14:21.665+0000] {dag.py:2941} INFO - Sync 1 DAGs
[2023-12-07T17:14:21.687+0000] {logging_mixin.py:154} INFO - [2023-12-07T17:14:21.687+0000] {dag.py:3722} INFO - Setting next_dagrun for latest_only to 2023-12-07T13:14:21.687289+00:00, run_after=2023-12-07T17:14:21.687289+00:00
[2023-12-07T17:14:21.710+0000] {processor.py:179} INFO - Processing /home/ubuntu/ec2_customer_chum_venv/lib/python3.10/site-packages/airflow/example_dags/example_latest_only.py took 0.072 seconds
[2023-12-07T17:15:05.411+0000] {processor.py:157} INFO - Started process (PID=6714) to work on /home/ubuntu/ec2_customer_chum_venv/lib/python3.10/site-packages/airflow/example_dags/example_latest_only.py
[2023-12-07T17:15:05.412+0000] {processor.py:829} INFO - Processing file /home/ubuntu/ec2_customer_chum_venv/lib/python3.10/site-packages/airflow/example_dags/example_latest_only.py for tasks to queue
[2023-12-07T17:15:05.413+0000] {logging_mixin.py:154} INFO - [2023-12-07T17:15:05.412+0000] {dagbag.py:536} INFO - Filling up the DagBag from /home/ubuntu/ec2_customer_chum_venv/lib/python3.10/site-packages/airflow/example_dags/example_latest_only.py
[2023-12-07T17:15:05.419+0000] {processor.py:839} INFO - DAG(s) dict_keys(['latest_only']) retrieved from /home/ubuntu/ec2_customer_chum_venv/lib/python3.10/site-packages/airflow/example_dags/example_latest_only.py
[2023-12-07T17:15:05.436+0000] {logging_mixin.py:154} INFO - [2023-12-07T17:15:05.436+0000] {dag.py:2941} INFO - Sync 1 DAGs
[2023-12-07T17:15:05.457+0000] {logging_mixin.py:154} INFO - [2023-12-07T17:15:05.457+0000] {dag.py:3722} INFO - Setting next_dagrun for latest_only to 2023-12-07T13:15:05.457328+00:00, run_after=2023-12-07T17:15:05.457328+00:00
[2023-12-07T17:15:05.481+0000] {processor.py:179} INFO - Processing /home/ubuntu/ec2_customer_chum_venv/lib/python3.10/site-packages/airflow/example_dags/example_latest_only.py took 0.074 seconds
