[2023-12-07T16:49:10.684+0000] {processor.py:157} INFO - Started process (PID=4967) to work on /home/ubuntu/ec2_customer_chum_venv/lib/python3.10/site-packages/airflow/example_dags/example_xcom.py
[2023-12-07T16:49:10.685+0000] {processor.py:829} INFO - Processing file /home/ubuntu/ec2_customer_chum_venv/lib/python3.10/site-packages/airflow/example_dags/example_xcom.py for tasks to queue
[2023-12-07T16:49:10.686+0000] {logging_mixin.py:154} INFO - [2023-12-07T16:49:10.685+0000] {dagbag.py:536} INFO - Filling up the DagBag from /home/ubuntu/ec2_customer_chum_venv/lib/python3.10/site-packages/airflow/example_dags/example_xcom.py
[2023-12-07T16:49:10.697+0000] {processor.py:839} INFO - DAG(s) dict_keys(['example_xcom']) retrieved from /home/ubuntu/ec2_customer_chum_venv/lib/python3.10/site-packages/airflow/example_dags/example_xcom.py
[2023-12-07T16:49:10.816+0000] {logging_mixin.py:154} INFO - [2023-12-07T16:49:10.816+0000] {manager.py:499} INFO - Created Permission View: %s
[2023-12-07T16:49:10.831+0000] {logging_mixin.py:154} INFO - [2023-12-07T16:49:10.830+0000] {manager.py:499} INFO - Created Permission View: %s
[2023-12-07T16:49:10.841+0000] {logging_mixin.py:154} INFO - [2023-12-07T16:49:10.840+0000] {manager.py:499} INFO - Created Permission View: %s
[2023-12-07T16:49:10.841+0000] {logging_mixin.py:154} INFO - [2023-12-07T16:49:10.841+0000] {dag.py:2941} INFO - Sync 1 DAGs
[2023-12-07T16:49:10.853+0000] {logging_mixin.py:154} INFO - [2023-12-07T16:49:10.853+0000] {dag.py:2963} INFO - Creating ORM DAG for example_xcom
[2023-12-07T16:49:10.864+0000] {logging_mixin.py:154} INFO - [2023-12-07T16:49:10.864+0000] {dag.py:3722} INFO - Setting next_dagrun for example_xcom to 2021-01-01T00:00:00+00:00, run_after=2021-01-01T00:00:00+00:00
[2023-12-07T16:49:10.888+0000] {processor.py:179} INFO - Processing /home/ubuntu/ec2_customer_chum_venv/lib/python3.10/site-packages/airflow/example_dags/example_xcom.py took 0.208 seconds
[2023-12-07T16:50:02.685+0000] {processor.py:157} INFO - Started process (PID=5014) to work on /home/ubuntu/ec2_customer_chum_venv/lib/python3.10/site-packages/airflow/example_dags/example_xcom.py
[2023-12-07T16:50:02.687+0000] {processor.py:829} INFO - Processing file /home/ubuntu/ec2_customer_chum_venv/lib/python3.10/site-packages/airflow/example_dags/example_xcom.py for tasks to queue
[2023-12-07T16:50:02.688+0000] {logging_mixin.py:154} INFO - [2023-12-07T16:50:02.687+0000] {dagbag.py:536} INFO - Filling up the DagBag from /home/ubuntu/ec2_customer_chum_venv/lib/python3.10/site-packages/airflow/example_dags/example_xcom.py
[2023-12-07T16:50:02.696+0000] {processor.py:839} INFO - DAG(s) dict_keys(['example_xcom']) retrieved from /home/ubuntu/ec2_customer_chum_venv/lib/python3.10/site-packages/airflow/example_dags/example_xcom.py
[2023-12-07T16:50:02.714+0000] {logging_mixin.py:154} INFO - [2023-12-07T16:50:02.714+0000] {dag.py:2941} INFO - Sync 1 DAGs
[2023-12-07T16:50:02.735+0000] {logging_mixin.py:154} INFO - [2023-12-07T16:50:02.735+0000] {dag.py:3722} INFO - Setting next_dagrun for example_xcom to 2021-01-01T00:00:00+00:00, run_after=2021-01-01T00:00:00+00:00
[2023-12-07T16:50:02.759+0000] {processor.py:179} INFO - Processing /home/ubuntu/ec2_customer_chum_venv/lib/python3.10/site-packages/airflow/example_dags/example_xcom.py took 0.077 seconds
[2023-12-07T16:50:49.651+0000] {processor.py:157} INFO - Started process (PID=5060) to work on /home/ubuntu/ec2_customer_chum_venv/lib/python3.10/site-packages/airflow/example_dags/example_xcom.py
[2023-12-07T16:50:49.653+0000] {processor.py:829} INFO - Processing file /home/ubuntu/ec2_customer_chum_venv/lib/python3.10/site-packages/airflow/example_dags/example_xcom.py for tasks to queue
[2023-12-07T16:50:49.654+0000] {logging_mixin.py:154} INFO - [2023-12-07T16:50:49.654+0000] {dagbag.py:536} INFO - Filling up the DagBag from /home/ubuntu/ec2_customer_chum_venv/lib/python3.10/site-packages/airflow/example_dags/example_xcom.py
[2023-12-07T16:50:49.662+0000] {processor.py:839} INFO - DAG(s) dict_keys(['example_xcom']) retrieved from /home/ubuntu/ec2_customer_chum_venv/lib/python3.10/site-packages/airflow/example_dags/example_xcom.py
[2023-12-07T16:50:49.680+0000] {logging_mixin.py:154} INFO - [2023-12-07T16:50:49.680+0000] {dag.py:2941} INFO - Sync 1 DAGs
[2023-12-07T16:50:49.701+0000] {logging_mixin.py:154} INFO - [2023-12-07T16:50:49.701+0000] {dag.py:3722} INFO - Setting next_dagrun for example_xcom to 2021-01-01T00:00:00+00:00, run_after=2021-01-01T00:00:00+00:00
[2023-12-07T16:50:49.725+0000] {processor.py:179} INFO - Processing /home/ubuntu/ec2_customer_chum_venv/lib/python3.10/site-packages/airflow/example_dags/example_xcom.py took 0.077 seconds
[2023-12-07T16:51:24.978+0000] {processor.py:157} INFO - Started process (PID=5097) to work on /home/ubuntu/ec2_customer_chum_venv/lib/python3.10/site-packages/airflow/example_dags/example_xcom.py
[2023-12-07T16:51:24.980+0000] {processor.py:829} INFO - Processing file /home/ubuntu/ec2_customer_chum_venv/lib/python3.10/site-packages/airflow/example_dags/example_xcom.py for tasks to queue
[2023-12-07T16:51:24.981+0000] {logging_mixin.py:154} INFO - [2023-12-07T16:51:24.980+0000] {dagbag.py:536} INFO - Filling up the DagBag from /home/ubuntu/ec2_customer_chum_venv/lib/python3.10/site-packages/airflow/example_dags/example_xcom.py
[2023-12-07T16:51:24.989+0000] {processor.py:839} INFO - DAG(s) dict_keys(['example_xcom']) retrieved from /home/ubuntu/ec2_customer_chum_venv/lib/python3.10/site-packages/airflow/example_dags/example_xcom.py
[2023-12-07T16:51:25.009+0000] {logging_mixin.py:154} INFO - [2023-12-07T16:51:25.009+0000] {dag.py:2941} INFO - Sync 1 DAGs
[2023-12-07T16:51:25.030+0000] {logging_mixin.py:154} INFO - [2023-12-07T16:51:25.030+0000] {dag.py:3722} INFO - Setting next_dagrun for example_xcom to 2021-01-01T00:00:00+00:00, run_after=2021-01-01T00:00:00+00:00
[2023-12-07T16:51:25.054+0000] {processor.py:179} INFO - Processing /home/ubuntu/ec2_customer_chum_venv/lib/python3.10/site-packages/airflow/example_dags/example_xcom.py took 0.080 seconds
[2023-12-07T16:52:13.399+0000] {processor.py:157} INFO - Started process (PID=5149) to work on /home/ubuntu/ec2_customer_chum_venv/lib/python3.10/site-packages/airflow/example_dags/example_xcom.py
[2023-12-07T16:52:13.400+0000] {processor.py:829} INFO - Processing file /home/ubuntu/ec2_customer_chum_venv/lib/python3.10/site-packages/airflow/example_dags/example_xcom.py for tasks to queue
[2023-12-07T16:52:13.401+0000] {logging_mixin.py:154} INFO - [2023-12-07T16:52:13.400+0000] {dagbag.py:536} INFO - Filling up the DagBag from /home/ubuntu/ec2_customer_chum_venv/lib/python3.10/site-packages/airflow/example_dags/example_xcom.py
[2023-12-07T16:52:13.409+0000] {processor.py:839} INFO - DAG(s) dict_keys(['example_xcom']) retrieved from /home/ubuntu/ec2_customer_chum_venv/lib/python3.10/site-packages/airflow/example_dags/example_xcom.py
[2023-12-07T16:52:13.427+0000] {logging_mixin.py:154} INFO - [2023-12-07T16:52:13.427+0000] {dag.py:2941} INFO - Sync 1 DAGs
[2023-12-07T16:52:13.447+0000] {logging_mixin.py:154} INFO - [2023-12-07T16:52:13.447+0000] {dag.py:3722} INFO - Setting next_dagrun for example_xcom to 2021-01-01T00:00:00+00:00, run_after=2021-01-01T00:00:00+00:00
[2023-12-07T16:52:13.471+0000] {processor.py:179} INFO - Processing /home/ubuntu/ec2_customer_chum_venv/lib/python3.10/site-packages/airflow/example_dags/example_xcom.py took 0.076 seconds
[2023-12-07T16:53:46.856+0000] {processor.py:157} INFO - Started process (PID=5230) to work on /home/ubuntu/ec2_customer_chum_venv/lib/python3.10/site-packages/airflow/example_dags/example_xcom.py
[2023-12-07T16:53:46.858+0000] {processor.py:829} INFO - Processing file /home/ubuntu/ec2_customer_chum_venv/lib/python3.10/site-packages/airflow/example_dags/example_xcom.py for tasks to queue
[2023-12-07T16:53:46.859+0000] {logging_mixin.py:154} INFO - [2023-12-07T16:53:46.858+0000] {dagbag.py:536} INFO - Filling up the DagBag from /home/ubuntu/ec2_customer_chum_venv/lib/python3.10/site-packages/airflow/example_dags/example_xcom.py
[2023-12-07T16:53:46.869+0000] {processor.py:839} INFO - DAG(s) dict_keys(['example_xcom']) retrieved from /home/ubuntu/ec2_customer_chum_venv/lib/python3.10/site-packages/airflow/example_dags/example_xcom.py
[2023-12-07T16:53:46.878+0000] {logging_mixin.py:154} INFO - [2023-12-07T16:53:46.877+0000] {dag.py:2941} INFO - Sync 1 DAGs
[2023-12-07T16:53:46.899+0000] {logging_mixin.py:154} INFO - [2023-12-07T16:53:46.899+0000] {dag.py:3722} INFO - Setting next_dagrun for example_xcom to 2021-01-01T00:00:00+00:00, run_after=2021-01-01T00:00:00+00:00
[2023-12-07T16:53:46.922+0000] {processor.py:179} INFO - Processing /home/ubuntu/ec2_customer_chum_venv/lib/python3.10/site-packages/airflow/example_dags/example_xcom.py took 0.069 seconds
[2023-12-07T16:54:31.074+0000] {processor.py:157} INFO - Started process (PID=5279) to work on /home/ubuntu/ec2_customer_chum_venv/lib/python3.10/site-packages/airflow/example_dags/example_xcom.py
[2023-12-07T16:54:31.075+0000] {processor.py:829} INFO - Processing file /home/ubuntu/ec2_customer_chum_venv/lib/python3.10/site-packages/airflow/example_dags/example_xcom.py for tasks to queue
[2023-12-07T16:54:31.076+0000] {logging_mixin.py:154} INFO - [2023-12-07T16:54:31.076+0000] {dagbag.py:536} INFO - Filling up the DagBag from /home/ubuntu/ec2_customer_chum_venv/lib/python3.10/site-packages/airflow/example_dags/example_xcom.py
[2023-12-07T16:54:31.085+0000] {processor.py:839} INFO - DAG(s) dict_keys(['example_xcom']) retrieved from /home/ubuntu/ec2_customer_chum_venv/lib/python3.10/site-packages/airflow/example_dags/example_xcom.py
[2023-12-07T16:54:31.103+0000] {logging_mixin.py:154} INFO - [2023-12-07T16:54:31.102+0000] {dag.py:2941} INFO - Sync 1 DAGs
[2023-12-07T16:54:31.122+0000] {logging_mixin.py:154} INFO - [2023-12-07T16:54:31.122+0000] {dag.py:3722} INFO - Setting next_dagrun for example_xcom to 2021-01-01T00:00:00+00:00, run_after=2021-01-01T00:00:00+00:00
[2023-12-07T16:54:31.185+0000] {processor.py:179} INFO - Processing /home/ubuntu/ec2_customer_chum_venv/lib/python3.10/site-packages/airflow/example_dags/example_xcom.py took 0.115 seconds
[2023-12-07T16:55:16.357+0000] {processor.py:157} INFO - Started process (PID=5326) to work on /home/ubuntu/ec2_customer_chum_venv/lib/python3.10/site-packages/airflow/example_dags/example_xcom.py
[2023-12-07T16:55:16.359+0000] {processor.py:829} INFO - Processing file /home/ubuntu/ec2_customer_chum_venv/lib/python3.10/site-packages/airflow/example_dags/example_xcom.py for tasks to queue
[2023-12-07T16:55:16.360+0000] {logging_mixin.py:154} INFO - [2023-12-07T16:55:16.359+0000] {dagbag.py:536} INFO - Filling up the DagBag from /home/ubuntu/ec2_customer_chum_venv/lib/python3.10/site-packages/airflow/example_dags/example_xcom.py
[2023-12-07T16:55:16.368+0000] {processor.py:839} INFO - DAG(s) dict_keys(['example_xcom']) retrieved from /home/ubuntu/ec2_customer_chum_venv/lib/python3.10/site-packages/airflow/example_dags/example_xcom.py
[2023-12-07T16:55:16.387+0000] {logging_mixin.py:154} INFO - [2023-12-07T16:55:16.387+0000] {dag.py:2941} INFO - Sync 1 DAGs
[2023-12-07T16:55:16.408+0000] {logging_mixin.py:154} INFO - [2023-12-07T16:55:16.408+0000] {dag.py:3722} INFO - Setting next_dagrun for example_xcom to 2021-01-01T00:00:00+00:00, run_after=2021-01-01T00:00:00+00:00
[2023-12-07T16:55:16.431+0000] {processor.py:179} INFO - Processing /home/ubuntu/ec2_customer_chum_venv/lib/python3.10/site-packages/airflow/example_dags/example_xcom.py took 0.077 seconds
[2023-12-07T16:56:00.561+0000] {processor.py:157} INFO - Started process (PID=5372) to work on /home/ubuntu/ec2_customer_chum_venv/lib/python3.10/site-packages/airflow/example_dags/example_xcom.py
[2023-12-07T16:56:00.562+0000] {processor.py:829} INFO - Processing file /home/ubuntu/ec2_customer_chum_venv/lib/python3.10/site-packages/airflow/example_dags/example_xcom.py for tasks to queue
[2023-12-07T16:56:00.563+0000] {logging_mixin.py:154} INFO - [2023-12-07T16:56:00.563+0000] {dagbag.py:536} INFO - Filling up the DagBag from /home/ubuntu/ec2_customer_chum_venv/lib/python3.10/site-packages/airflow/example_dags/example_xcom.py
[2023-12-07T16:56:00.571+0000] {processor.py:839} INFO - DAG(s) dict_keys(['example_xcom']) retrieved from /home/ubuntu/ec2_customer_chum_venv/lib/python3.10/site-packages/airflow/example_dags/example_xcom.py
[2023-12-07T16:56:00.589+0000] {logging_mixin.py:154} INFO - [2023-12-07T16:56:00.589+0000] {dag.py:2941} INFO - Sync 1 DAGs
[2023-12-07T16:56:00.609+0000] {logging_mixin.py:154} INFO - [2023-12-07T16:56:00.609+0000] {dag.py:3722} INFO - Setting next_dagrun for example_xcom to 2021-01-01T00:00:00+00:00, run_after=2021-01-01T00:00:00+00:00
[2023-12-07T16:56:00.631+0000] {processor.py:179} INFO - Processing /home/ubuntu/ec2_customer_chum_venv/lib/python3.10/site-packages/airflow/example_dags/example_xcom.py took 0.073 seconds
[2023-12-07T16:56:42.755+0000] {processor.py:157} INFO - Started process (PID=5418) to work on /home/ubuntu/ec2_customer_chum_venv/lib/python3.10/site-packages/airflow/example_dags/example_xcom.py
[2023-12-07T16:56:42.756+0000] {processor.py:829} INFO - Processing file /home/ubuntu/ec2_customer_chum_venv/lib/python3.10/site-packages/airflow/example_dags/example_xcom.py for tasks to queue
[2023-12-07T16:56:42.757+0000] {logging_mixin.py:154} INFO - [2023-12-07T16:56:42.757+0000] {dagbag.py:536} INFO - Filling up the DagBag from /home/ubuntu/ec2_customer_chum_venv/lib/python3.10/site-packages/airflow/example_dags/example_xcom.py
[2023-12-07T16:56:42.765+0000] {processor.py:839} INFO - DAG(s) dict_keys(['example_xcom']) retrieved from /home/ubuntu/ec2_customer_chum_venv/lib/python3.10/site-packages/airflow/example_dags/example_xcom.py
[2023-12-07T16:56:42.783+0000] {logging_mixin.py:154} INFO - [2023-12-07T16:56:42.783+0000] {dag.py:2941} INFO - Sync 1 DAGs
[2023-12-07T16:56:42.803+0000] {logging_mixin.py:154} INFO - [2023-12-07T16:56:42.803+0000] {dag.py:3722} INFO - Setting next_dagrun for example_xcom to 2021-01-01T00:00:00+00:00, run_after=2021-01-01T00:00:00+00:00
[2023-12-07T16:56:42.827+0000] {processor.py:179} INFO - Processing /home/ubuntu/ec2_customer_chum_venv/lib/python3.10/site-packages/airflow/example_dags/example_xcom.py took 0.075 seconds
[2023-12-07T16:57:26.342+0000] {processor.py:157} INFO - Started process (PID=5461) to work on /home/ubuntu/ec2_customer_chum_venv/lib/python3.10/site-packages/airflow/example_dags/example_xcom.py
[2023-12-07T16:57:26.343+0000] {processor.py:829} INFO - Processing file /home/ubuntu/ec2_customer_chum_venv/lib/python3.10/site-packages/airflow/example_dags/example_xcom.py for tasks to queue
[2023-12-07T16:57:26.344+0000] {logging_mixin.py:154} INFO - [2023-12-07T16:57:26.343+0000] {dagbag.py:536} INFO - Filling up the DagBag from /home/ubuntu/ec2_customer_chum_venv/lib/python3.10/site-packages/airflow/example_dags/example_xcom.py
[2023-12-07T16:57:26.352+0000] {processor.py:839} INFO - DAG(s) dict_keys(['example_xcom']) retrieved from /home/ubuntu/ec2_customer_chum_venv/lib/python3.10/site-packages/airflow/example_dags/example_xcom.py
[2023-12-07T16:57:26.370+0000] {logging_mixin.py:154} INFO - [2023-12-07T16:57:26.370+0000] {dag.py:2941} INFO - Sync 1 DAGs
[2023-12-07T16:57:26.390+0000] {logging_mixin.py:154} INFO - [2023-12-07T16:57:26.389+0000] {dag.py:3722} INFO - Setting next_dagrun for example_xcom to 2021-01-01T00:00:00+00:00, run_after=2021-01-01T00:00:00+00:00
[2023-12-07T16:57:26.413+0000] {processor.py:179} INFO - Processing /home/ubuntu/ec2_customer_chum_venv/lib/python3.10/site-packages/airflow/example_dags/example_xcom.py took 0.074 seconds
[2023-12-07T16:58:09.485+0000] {processor.py:157} INFO - Started process (PID=5507) to work on /home/ubuntu/ec2_customer_chum_venv/lib/python3.10/site-packages/airflow/example_dags/example_xcom.py
[2023-12-07T16:58:09.487+0000] {processor.py:829} INFO - Processing file /home/ubuntu/ec2_customer_chum_venv/lib/python3.10/site-packages/airflow/example_dags/example_xcom.py for tasks to queue
[2023-12-07T16:58:09.487+0000] {logging_mixin.py:154} INFO - [2023-12-07T16:58:09.487+0000] {dagbag.py:536} INFO - Filling up the DagBag from /home/ubuntu/ec2_customer_chum_venv/lib/python3.10/site-packages/airflow/example_dags/example_xcom.py
[2023-12-07T16:58:09.496+0000] {processor.py:839} INFO - DAG(s) dict_keys(['example_xcom']) retrieved from /home/ubuntu/ec2_customer_chum_venv/lib/python3.10/site-packages/airflow/example_dags/example_xcom.py
[2023-12-07T16:58:09.514+0000] {logging_mixin.py:154} INFO - [2023-12-07T16:58:09.514+0000] {dag.py:2941} INFO - Sync 1 DAGs
[2023-12-07T16:58:09.535+0000] {logging_mixin.py:154} INFO - [2023-12-07T16:58:09.535+0000] {dag.py:3722} INFO - Setting next_dagrun for example_xcom to 2021-01-01T00:00:00+00:00, run_after=2021-01-01T00:00:00+00:00
[2023-12-07T16:58:09.557+0000] {processor.py:179} INFO - Processing /home/ubuntu/ec2_customer_chum_venv/lib/python3.10/site-packages/airflow/example_dags/example_xcom.py took 0.075 seconds
[2023-12-07T16:58:54.157+0000] {processor.py:157} INFO - Started process (PID=5555) to work on /home/ubuntu/ec2_customer_chum_venv/lib/python3.10/site-packages/airflow/example_dags/example_xcom.py
[2023-12-07T16:58:54.158+0000] {processor.py:829} INFO - Processing file /home/ubuntu/ec2_customer_chum_venv/lib/python3.10/site-packages/airflow/example_dags/example_xcom.py for tasks to queue
[2023-12-07T16:58:54.159+0000] {logging_mixin.py:154} INFO - [2023-12-07T16:58:54.159+0000] {dagbag.py:536} INFO - Filling up the DagBag from /home/ubuntu/ec2_customer_chum_venv/lib/python3.10/site-packages/airflow/example_dags/example_xcom.py
[2023-12-07T16:58:54.167+0000] {processor.py:839} INFO - DAG(s) dict_keys(['example_xcom']) retrieved from /home/ubuntu/ec2_customer_chum_venv/lib/python3.10/site-packages/airflow/example_dags/example_xcom.py
[2023-12-07T16:58:54.185+0000] {logging_mixin.py:154} INFO - [2023-12-07T16:58:54.185+0000] {dag.py:2941} INFO - Sync 1 DAGs
[2023-12-07T16:58:54.206+0000] {logging_mixin.py:154} INFO - [2023-12-07T16:58:54.205+0000] {dag.py:3722} INFO - Setting next_dagrun for example_xcom to 2021-01-01T00:00:00+00:00, run_after=2021-01-01T00:00:00+00:00
[2023-12-07T16:58:54.227+0000] {processor.py:179} INFO - Processing /home/ubuntu/ec2_customer_chum_venv/lib/python3.10/site-packages/airflow/example_dags/example_xcom.py took 0.074 seconds
[2023-12-07T16:59:36.641+0000] {processor.py:157} INFO - Started process (PID=5598) to work on /home/ubuntu/ec2_customer_chum_venv/lib/python3.10/site-packages/airflow/example_dags/example_xcom.py
[2023-12-07T16:59:36.642+0000] {processor.py:829} INFO - Processing file /home/ubuntu/ec2_customer_chum_venv/lib/python3.10/site-packages/airflow/example_dags/example_xcom.py for tasks to queue
[2023-12-07T16:59:36.643+0000] {logging_mixin.py:154} INFO - [2023-12-07T16:59:36.642+0000] {dagbag.py:536} INFO - Filling up the DagBag from /home/ubuntu/ec2_customer_chum_venv/lib/python3.10/site-packages/airflow/example_dags/example_xcom.py
[2023-12-07T16:59:36.651+0000] {processor.py:839} INFO - DAG(s) dict_keys(['example_xcom']) retrieved from /home/ubuntu/ec2_customer_chum_venv/lib/python3.10/site-packages/airflow/example_dags/example_xcom.py
[2023-12-07T16:59:36.669+0000] {logging_mixin.py:154} INFO - [2023-12-07T16:59:36.669+0000] {dag.py:2941} INFO - Sync 1 DAGs
[2023-12-07T16:59:36.689+0000] {logging_mixin.py:154} INFO - [2023-12-07T16:59:36.689+0000] {dag.py:3722} INFO - Setting next_dagrun for example_xcom to 2021-01-01T00:00:00+00:00, run_after=2021-01-01T00:00:00+00:00
[2023-12-07T16:59:36.711+0000] {processor.py:179} INFO - Processing /home/ubuntu/ec2_customer_chum_venv/lib/python3.10/site-packages/airflow/example_dags/example_xcom.py took 0.073 seconds
[2023-12-07T17:00:19.636+0000] {processor.py:157} INFO - Started process (PID=5644) to work on /home/ubuntu/ec2_customer_chum_venv/lib/python3.10/site-packages/airflow/example_dags/example_xcom.py
[2023-12-07T17:00:19.638+0000] {processor.py:829} INFO - Processing file /home/ubuntu/ec2_customer_chum_venv/lib/python3.10/site-packages/airflow/example_dags/example_xcom.py for tasks to queue
[2023-12-07T17:00:19.639+0000] {logging_mixin.py:154} INFO - [2023-12-07T17:00:19.638+0000] {dagbag.py:536} INFO - Filling up the DagBag from /home/ubuntu/ec2_customer_chum_venv/lib/python3.10/site-packages/airflow/example_dags/example_xcom.py
[2023-12-07T17:00:19.647+0000] {processor.py:839} INFO - DAG(s) dict_keys(['example_xcom']) retrieved from /home/ubuntu/ec2_customer_chum_venv/lib/python3.10/site-packages/airflow/example_dags/example_xcom.py
[2023-12-07T17:00:19.667+0000] {logging_mixin.py:154} INFO - [2023-12-07T17:00:19.666+0000] {dag.py:2941} INFO - Sync 1 DAGs
[2023-12-07T17:00:19.688+0000] {logging_mixin.py:154} INFO - [2023-12-07T17:00:19.688+0000] {dag.py:3722} INFO - Setting next_dagrun for example_xcom to 2021-01-01T00:00:00+00:00, run_after=2021-01-01T00:00:00+00:00
[2023-12-07T17:00:19.711+0000] {processor.py:179} INFO - Processing /home/ubuntu/ec2_customer_chum_venv/lib/python3.10/site-packages/airflow/example_dags/example_xcom.py took 0.078 seconds
[2023-12-07T17:01:07.077+0000] {processor.py:157} INFO - Started process (PID=5691) to work on /home/ubuntu/ec2_customer_chum_venv/lib/python3.10/site-packages/airflow/example_dags/example_xcom.py
[2023-12-07T17:01:07.079+0000] {processor.py:829} INFO - Processing file /home/ubuntu/ec2_customer_chum_venv/lib/python3.10/site-packages/airflow/example_dags/example_xcom.py for tasks to queue
[2023-12-07T17:01:07.080+0000] {logging_mixin.py:154} INFO - [2023-12-07T17:01:07.079+0000] {dagbag.py:536} INFO - Filling up the DagBag from /home/ubuntu/ec2_customer_chum_venv/lib/python3.10/site-packages/airflow/example_dags/example_xcom.py
[2023-12-07T17:01:07.088+0000] {processor.py:839} INFO - DAG(s) dict_keys(['example_xcom']) retrieved from /home/ubuntu/ec2_customer_chum_venv/lib/python3.10/site-packages/airflow/example_dags/example_xcom.py
[2023-12-07T17:01:07.107+0000] {logging_mixin.py:154} INFO - [2023-12-07T17:01:07.107+0000] {dag.py:2941} INFO - Sync 1 DAGs
[2023-12-07T17:01:07.129+0000] {logging_mixin.py:154} INFO - [2023-12-07T17:01:07.128+0000] {dag.py:3722} INFO - Setting next_dagrun for example_xcom to 2021-01-01T00:00:00+00:00, run_after=2021-01-01T00:00:00+00:00
[2023-12-07T17:01:07.153+0000] {processor.py:179} INFO - Processing /home/ubuntu/ec2_customer_chum_venv/lib/python3.10/site-packages/airflow/example_dags/example_xcom.py took 0.080 seconds
[2023-12-07T17:01:51.708+0000] {processor.py:157} INFO - Started process (PID=5737) to work on /home/ubuntu/ec2_customer_chum_venv/lib/python3.10/site-packages/airflow/example_dags/example_xcom.py
[2023-12-07T17:01:51.710+0000] {processor.py:829} INFO - Processing file /home/ubuntu/ec2_customer_chum_venv/lib/python3.10/site-packages/airflow/example_dags/example_xcom.py for tasks to queue
[2023-12-07T17:01:51.710+0000] {logging_mixin.py:154} INFO - [2023-12-07T17:01:51.710+0000] {dagbag.py:536} INFO - Filling up the DagBag from /home/ubuntu/ec2_customer_chum_venv/lib/python3.10/site-packages/airflow/example_dags/example_xcom.py
[2023-12-07T17:01:51.719+0000] {processor.py:839} INFO - DAG(s) dict_keys(['example_xcom']) retrieved from /home/ubuntu/ec2_customer_chum_venv/lib/python3.10/site-packages/airflow/example_dags/example_xcom.py
[2023-12-07T17:01:51.738+0000] {logging_mixin.py:154} INFO - [2023-12-07T17:01:51.737+0000] {dag.py:2941} INFO - Sync 1 DAGs
[2023-12-07T17:01:51.759+0000] {logging_mixin.py:154} INFO - [2023-12-07T17:01:51.759+0000] {dag.py:3722} INFO - Setting next_dagrun for example_xcom to 2021-01-01T00:00:00+00:00, run_after=2021-01-01T00:00:00+00:00
[2023-12-07T17:01:51.784+0000] {processor.py:179} INFO - Processing /home/ubuntu/ec2_customer_chum_venv/lib/python3.10/site-packages/airflow/example_dags/example_xcom.py took 0.080 seconds
[2023-12-07T17:02:38.652+0000] {processor.py:157} INFO - Started process (PID=5785) to work on /home/ubuntu/ec2_customer_chum_venv/lib/python3.10/site-packages/airflow/example_dags/example_xcom.py
[2023-12-07T17:02:38.654+0000] {processor.py:829} INFO - Processing file /home/ubuntu/ec2_customer_chum_venv/lib/python3.10/site-packages/airflow/example_dags/example_xcom.py for tasks to queue
[2023-12-07T17:02:38.655+0000] {logging_mixin.py:154} INFO - [2023-12-07T17:02:38.654+0000] {dagbag.py:536} INFO - Filling up the DagBag from /home/ubuntu/ec2_customer_chum_venv/lib/python3.10/site-packages/airflow/example_dags/example_xcom.py
[2023-12-07T17:02:38.663+0000] {processor.py:839} INFO - DAG(s) dict_keys(['example_xcom']) retrieved from /home/ubuntu/ec2_customer_chum_venv/lib/python3.10/site-packages/airflow/example_dags/example_xcom.py
[2023-12-07T17:02:38.681+0000] {logging_mixin.py:154} INFO - [2023-12-07T17:02:38.680+0000] {dag.py:2941} INFO - Sync 1 DAGs
[2023-12-07T17:02:38.701+0000] {logging_mixin.py:154} INFO - [2023-12-07T17:02:38.700+0000] {dag.py:3722} INFO - Setting next_dagrun for example_xcom to 2021-01-01T00:00:00+00:00, run_after=2021-01-01T00:00:00+00:00
[2023-12-07T17:02:38.724+0000] {processor.py:179} INFO - Processing /home/ubuntu/ec2_customer_chum_venv/lib/python3.10/site-packages/airflow/example_dags/example_xcom.py took 0.074 seconds
[2023-12-07T17:03:27.374+0000] {processor.py:157} INFO - Started process (PID=5833) to work on /home/ubuntu/ec2_customer_chum_venv/lib/python3.10/site-packages/airflow/example_dags/example_xcom.py
[2023-12-07T17:03:27.375+0000] {processor.py:829} INFO - Processing file /home/ubuntu/ec2_customer_chum_venv/lib/python3.10/site-packages/airflow/example_dags/example_xcom.py for tasks to queue
[2023-12-07T17:03:27.376+0000] {logging_mixin.py:154} INFO - [2023-12-07T17:03:27.376+0000] {dagbag.py:536} INFO - Filling up the DagBag from /home/ubuntu/ec2_customer_chum_venv/lib/python3.10/site-packages/airflow/example_dags/example_xcom.py
[2023-12-07T17:03:27.384+0000] {processor.py:839} INFO - DAG(s) dict_keys(['example_xcom']) retrieved from /home/ubuntu/ec2_customer_chum_venv/lib/python3.10/site-packages/airflow/example_dags/example_xcom.py
[2023-12-07T17:03:27.402+0000] {logging_mixin.py:154} INFO - [2023-12-07T17:03:27.402+0000] {dag.py:2941} INFO - Sync 1 DAGs
[2023-12-07T17:03:27.422+0000] {logging_mixin.py:154} INFO - [2023-12-07T17:03:27.422+0000] {dag.py:3722} INFO - Setting next_dagrun for example_xcom to 2021-01-01T00:00:00+00:00, run_after=2021-01-01T00:00:00+00:00
[2023-12-07T17:03:27.443+0000] {processor.py:179} INFO - Processing /home/ubuntu/ec2_customer_chum_venv/lib/python3.10/site-packages/airflow/example_dags/example_xcom.py took 0.073 seconds
[2023-12-07T17:04:10.801+0000] {processor.py:157} INFO - Started process (PID=5878) to work on /home/ubuntu/ec2_customer_chum_venv/lib/python3.10/site-packages/airflow/example_dags/example_xcom.py
[2023-12-07T17:04:10.803+0000] {processor.py:829} INFO - Processing file /home/ubuntu/ec2_customer_chum_venv/lib/python3.10/site-packages/airflow/example_dags/example_xcom.py for tasks to queue
[2023-12-07T17:04:10.804+0000] {logging_mixin.py:154} INFO - [2023-12-07T17:04:10.803+0000] {dagbag.py:536} INFO - Filling up the DagBag from /home/ubuntu/ec2_customer_chum_venv/lib/python3.10/site-packages/airflow/example_dags/example_xcom.py
[2023-12-07T17:04:10.812+0000] {processor.py:839} INFO - DAG(s) dict_keys(['example_xcom']) retrieved from /home/ubuntu/ec2_customer_chum_venv/lib/python3.10/site-packages/airflow/example_dags/example_xcom.py
[2023-12-07T17:04:10.831+0000] {logging_mixin.py:154} INFO - [2023-12-07T17:04:10.831+0000] {dag.py:2941} INFO - Sync 1 DAGs
[2023-12-07T17:04:10.852+0000] {logging_mixin.py:154} INFO - [2023-12-07T17:04:10.851+0000] {dag.py:3722} INFO - Setting next_dagrun for example_xcom to 2021-01-01T00:00:00+00:00, run_after=2021-01-01T00:00:00+00:00
[2023-12-07T17:04:10.876+0000] {processor.py:179} INFO - Processing /home/ubuntu/ec2_customer_chum_venv/lib/python3.10/site-packages/airflow/example_dags/example_xcom.py took 0.078 seconds
[2023-12-07T17:04:58.226+0000] {processor.py:157} INFO - Started process (PID=5930) to work on /home/ubuntu/ec2_customer_chum_venv/lib/python3.10/site-packages/airflow/example_dags/example_xcom.py
[2023-12-07T17:04:58.227+0000] {processor.py:829} INFO - Processing file /home/ubuntu/ec2_customer_chum_venv/lib/python3.10/site-packages/airflow/example_dags/example_xcom.py for tasks to queue
[2023-12-07T17:04:58.228+0000] {logging_mixin.py:154} INFO - [2023-12-07T17:04:58.228+0000] {dagbag.py:536} INFO - Filling up the DagBag from /home/ubuntu/ec2_customer_chum_venv/lib/python3.10/site-packages/airflow/example_dags/example_xcom.py
[2023-12-07T17:04:58.236+0000] {processor.py:839} INFO - DAG(s) dict_keys(['example_xcom']) retrieved from /home/ubuntu/ec2_customer_chum_venv/lib/python3.10/site-packages/airflow/example_dags/example_xcom.py
[2023-12-07T17:04:58.254+0000] {logging_mixin.py:154} INFO - [2023-12-07T17:04:58.254+0000] {dag.py:2941} INFO - Sync 1 DAGs
[2023-12-07T17:04:58.274+0000] {logging_mixin.py:154} INFO - [2023-12-07T17:04:58.274+0000] {dag.py:3722} INFO - Setting next_dagrun for example_xcom to 2021-01-01T00:00:00+00:00, run_after=2021-01-01T00:00:00+00:00
[2023-12-07T17:04:58.298+0000] {processor.py:179} INFO - Processing /home/ubuntu/ec2_customer_chum_venv/lib/python3.10/site-packages/airflow/example_dags/example_xcom.py took 0.075 seconds
[2023-12-07T17:05:39.020+0000] {processor.py:157} INFO - Started process (PID=5974) to work on /home/ubuntu/ec2_customer_chum_venv/lib/python3.10/site-packages/airflow/example_dags/example_xcom.py
[2023-12-07T17:05:39.021+0000] {processor.py:829} INFO - Processing file /home/ubuntu/ec2_customer_chum_venv/lib/python3.10/site-packages/airflow/example_dags/example_xcom.py for tasks to queue
[2023-12-07T17:05:39.022+0000] {logging_mixin.py:154} INFO - [2023-12-07T17:05:39.021+0000] {dagbag.py:536} INFO - Filling up the DagBag from /home/ubuntu/ec2_customer_chum_venv/lib/python3.10/site-packages/airflow/example_dags/example_xcom.py
[2023-12-07T17:05:39.030+0000] {processor.py:839} INFO - DAG(s) dict_keys(['example_xcom']) retrieved from /home/ubuntu/ec2_customer_chum_venv/lib/python3.10/site-packages/airflow/example_dags/example_xcom.py
[2023-12-07T17:05:39.049+0000] {logging_mixin.py:154} INFO - [2023-12-07T17:05:39.049+0000] {dag.py:2941} INFO - Sync 1 DAGs
[2023-12-07T17:05:39.070+0000] {logging_mixin.py:154} INFO - [2023-12-07T17:05:39.069+0000] {dag.py:3722} INFO - Setting next_dagrun for example_xcom to 2021-01-01T00:00:00+00:00, run_after=2021-01-01T00:00:00+00:00
[2023-12-07T17:05:39.093+0000] {processor.py:179} INFO - Processing /home/ubuntu/ec2_customer_chum_venv/lib/python3.10/site-packages/airflow/example_dags/example_xcom.py took 0.076 seconds
[2023-12-07T17:06:23.855+0000] {processor.py:157} INFO - Started process (PID=6020) to work on /home/ubuntu/ec2_customer_chum_venv/lib/python3.10/site-packages/airflow/example_dags/example_xcom.py
[2023-12-07T17:06:23.856+0000] {processor.py:829} INFO - Processing file /home/ubuntu/ec2_customer_chum_venv/lib/python3.10/site-packages/airflow/example_dags/example_xcom.py for tasks to queue
[2023-12-07T17:06:23.857+0000] {logging_mixin.py:154} INFO - [2023-12-07T17:06:23.857+0000] {dagbag.py:536} INFO - Filling up the DagBag from /home/ubuntu/ec2_customer_chum_venv/lib/python3.10/site-packages/airflow/example_dags/example_xcom.py
[2023-12-07T17:06:23.865+0000] {processor.py:839} INFO - DAG(s) dict_keys(['example_xcom']) retrieved from /home/ubuntu/ec2_customer_chum_venv/lib/python3.10/site-packages/airflow/example_dags/example_xcom.py
[2023-12-07T17:06:23.883+0000] {logging_mixin.py:154} INFO - [2023-12-07T17:06:23.883+0000] {dag.py:2941} INFO - Sync 1 DAGs
[2023-12-07T17:06:23.903+0000] {logging_mixin.py:154} INFO - [2023-12-07T17:06:23.903+0000] {dag.py:3722} INFO - Setting next_dagrun for example_xcom to 2021-01-01T00:00:00+00:00, run_after=2021-01-01T00:00:00+00:00
[2023-12-07T17:06:23.924+0000] {processor.py:179} INFO - Processing /home/ubuntu/ec2_customer_chum_venv/lib/python3.10/site-packages/airflow/example_dags/example_xcom.py took 0.073 seconds
[2023-12-07T17:07:10.719+0000] {processor.py:157} INFO - Started process (PID=6066) to work on /home/ubuntu/ec2_customer_chum_venv/lib/python3.10/site-packages/airflow/example_dags/example_xcom.py
[2023-12-07T17:07:10.721+0000] {processor.py:829} INFO - Processing file /home/ubuntu/ec2_customer_chum_venv/lib/python3.10/site-packages/airflow/example_dags/example_xcom.py for tasks to queue
[2023-12-07T17:07:10.722+0000] {logging_mixin.py:154} INFO - [2023-12-07T17:07:10.721+0000] {dagbag.py:536} INFO - Filling up the DagBag from /home/ubuntu/ec2_customer_chum_venv/lib/python3.10/site-packages/airflow/example_dags/example_xcom.py
[2023-12-07T17:07:10.730+0000] {processor.py:839} INFO - DAG(s) dict_keys(['example_xcom']) retrieved from /home/ubuntu/ec2_customer_chum_venv/lib/python3.10/site-packages/airflow/example_dags/example_xcom.py
[2023-12-07T17:07:10.749+0000] {logging_mixin.py:154} INFO - [2023-12-07T17:07:10.748+0000] {dag.py:2941} INFO - Sync 1 DAGs
[2023-12-07T17:07:10.769+0000] {logging_mixin.py:154} INFO - [2023-12-07T17:07:10.769+0000] {dag.py:3722} INFO - Setting next_dagrun for example_xcom to 2021-01-01T00:00:00+00:00, run_after=2021-01-01T00:00:00+00:00
[2023-12-07T17:07:10.792+0000] {processor.py:179} INFO - Processing /home/ubuntu/ec2_customer_chum_venv/lib/python3.10/site-packages/airflow/example_dags/example_xcom.py took 0.075 seconds
[2023-12-07T17:07:55.287+0000] {processor.py:157} INFO - Started process (PID=6112) to work on /home/ubuntu/ec2_customer_chum_venv/lib/python3.10/site-packages/airflow/example_dags/example_xcom.py
[2023-12-07T17:07:55.288+0000] {processor.py:829} INFO - Processing file /home/ubuntu/ec2_customer_chum_venv/lib/python3.10/site-packages/airflow/example_dags/example_xcom.py for tasks to queue
[2023-12-07T17:07:55.289+0000] {logging_mixin.py:154} INFO - [2023-12-07T17:07:55.288+0000] {dagbag.py:536} INFO - Filling up the DagBag from /home/ubuntu/ec2_customer_chum_venv/lib/python3.10/site-packages/airflow/example_dags/example_xcom.py
[2023-12-07T17:07:55.297+0000] {processor.py:839} INFO - DAG(s) dict_keys(['example_xcom']) retrieved from /home/ubuntu/ec2_customer_chum_venv/lib/python3.10/site-packages/airflow/example_dags/example_xcom.py
[2023-12-07T17:07:55.315+0000] {logging_mixin.py:154} INFO - [2023-12-07T17:07:55.315+0000] {dag.py:2941} INFO - Sync 1 DAGs
[2023-12-07T17:07:55.335+0000] {logging_mixin.py:154} INFO - [2023-12-07T17:07:55.335+0000] {dag.py:3722} INFO - Setting next_dagrun for example_xcom to 2021-01-01T00:00:00+00:00, run_after=2021-01-01T00:00:00+00:00
[2023-12-07T17:07:55.357+0000] {processor.py:179} INFO - Processing /home/ubuntu/ec2_customer_chum_venv/lib/python3.10/site-packages/airflow/example_dags/example_xcom.py took 0.074 seconds
[2023-12-07T17:08:40.961+0000] {processor.py:157} INFO - Started process (PID=6159) to work on /home/ubuntu/ec2_customer_chum_venv/lib/python3.10/site-packages/airflow/example_dags/example_xcom.py
[2023-12-07T17:08:40.962+0000] {processor.py:829} INFO - Processing file /home/ubuntu/ec2_customer_chum_venv/lib/python3.10/site-packages/airflow/example_dags/example_xcom.py for tasks to queue
[2023-12-07T17:08:40.963+0000] {logging_mixin.py:154} INFO - [2023-12-07T17:08:40.963+0000] {dagbag.py:536} INFO - Filling up the DagBag from /home/ubuntu/ec2_customer_chum_venv/lib/python3.10/site-packages/airflow/example_dags/example_xcom.py
[2023-12-07T17:08:40.971+0000] {processor.py:839} INFO - DAG(s) dict_keys(['example_xcom']) retrieved from /home/ubuntu/ec2_customer_chum_venv/lib/python3.10/site-packages/airflow/example_dags/example_xcom.py
[2023-12-07T17:08:40.990+0000] {logging_mixin.py:154} INFO - [2023-12-07T17:08:40.989+0000] {dag.py:2941} INFO - Sync 1 DAGs
[2023-12-07T17:08:41.011+0000] {logging_mixin.py:154} INFO - [2023-12-07T17:08:41.011+0000] {dag.py:3722} INFO - Setting next_dagrun for example_xcom to 2021-01-01T00:00:00+00:00, run_after=2021-01-01T00:00:00+00:00
[2023-12-07T17:08:41.035+0000] {processor.py:179} INFO - Processing /home/ubuntu/ec2_customer_chum_venv/lib/python3.10/site-packages/airflow/example_dags/example_xcom.py took 0.078 seconds
[2023-12-07T17:09:26.744+0000] {processor.py:157} INFO - Started process (PID=6206) to work on /home/ubuntu/ec2_customer_chum_venv/lib/python3.10/site-packages/airflow/example_dags/example_xcom.py
[2023-12-07T17:09:26.745+0000] {processor.py:829} INFO - Processing file /home/ubuntu/ec2_customer_chum_venv/lib/python3.10/site-packages/airflow/example_dags/example_xcom.py for tasks to queue
[2023-12-07T17:09:26.746+0000] {logging_mixin.py:154} INFO - [2023-12-07T17:09:26.746+0000] {dagbag.py:536} INFO - Filling up the DagBag from /home/ubuntu/ec2_customer_chum_venv/lib/python3.10/site-packages/airflow/example_dags/example_xcom.py
[2023-12-07T17:09:26.754+0000] {processor.py:839} INFO - DAG(s) dict_keys(['example_xcom']) retrieved from /home/ubuntu/ec2_customer_chum_venv/lib/python3.10/site-packages/airflow/example_dags/example_xcom.py
[2023-12-07T17:09:26.772+0000] {logging_mixin.py:154} INFO - [2023-12-07T17:09:26.772+0000] {dag.py:2941} INFO - Sync 1 DAGs
[2023-12-07T17:09:26.791+0000] {logging_mixin.py:154} INFO - [2023-12-07T17:09:26.791+0000] {dag.py:3722} INFO - Setting next_dagrun for example_xcom to 2021-01-01T00:00:00+00:00, run_after=2021-01-01T00:00:00+00:00
[2023-12-07T17:09:26.814+0000] {processor.py:179} INFO - Processing /home/ubuntu/ec2_customer_chum_venv/lib/python3.10/site-packages/airflow/example_dags/example_xcom.py took 0.073 seconds
[2023-12-07T17:10:06.805+0000] {processor.py:157} INFO - Started process (PID=6248) to work on /home/ubuntu/ec2_customer_chum_venv/lib/python3.10/site-packages/airflow/example_dags/example_xcom.py
[2023-12-07T17:10:06.807+0000] {processor.py:829} INFO - Processing file /home/ubuntu/ec2_customer_chum_venv/lib/python3.10/site-packages/airflow/example_dags/example_xcom.py for tasks to queue
[2023-12-07T17:10:06.807+0000] {logging_mixin.py:154} INFO - [2023-12-07T17:10:06.807+0000] {dagbag.py:536} INFO - Filling up the DagBag from /home/ubuntu/ec2_customer_chum_venv/lib/python3.10/site-packages/airflow/example_dags/example_xcom.py
[2023-12-07T17:10:06.816+0000] {processor.py:839} INFO - DAG(s) dict_keys(['example_xcom']) retrieved from /home/ubuntu/ec2_customer_chum_venv/lib/python3.10/site-packages/airflow/example_dags/example_xcom.py
[2023-12-07T17:10:06.834+0000] {logging_mixin.py:154} INFO - [2023-12-07T17:10:06.834+0000] {dag.py:2941} INFO - Sync 1 DAGs
[2023-12-07T17:10:06.854+0000] {logging_mixin.py:154} INFO - [2023-12-07T17:10:06.854+0000] {dag.py:3722} INFO - Setting next_dagrun for example_xcom to 2021-01-01T00:00:00+00:00, run_after=2021-01-01T00:00:00+00:00
[2023-12-07T17:10:06.877+0000] {processor.py:179} INFO - Processing /home/ubuntu/ec2_customer_chum_venv/lib/python3.10/site-packages/airflow/example_dags/example_xcom.py took 0.075 seconds
[2023-12-07T17:10:43.905+0000] {processor.py:157} INFO - Started process (PID=6285) to work on /home/ubuntu/ec2_customer_chum_venv/lib/python3.10/site-packages/airflow/example_dags/example_xcom.py
[2023-12-07T17:10:43.907+0000] {processor.py:829} INFO - Processing file /home/ubuntu/ec2_customer_chum_venv/lib/python3.10/site-packages/airflow/example_dags/example_xcom.py for tasks to queue
[2023-12-07T17:10:43.908+0000] {logging_mixin.py:154} INFO - [2023-12-07T17:10:43.907+0000] {dagbag.py:536} INFO - Filling up the DagBag from /home/ubuntu/ec2_customer_chum_venv/lib/python3.10/site-packages/airflow/example_dags/example_xcom.py
[2023-12-07T17:10:43.916+0000] {processor.py:839} INFO - DAG(s) dict_keys(['example_xcom']) retrieved from /home/ubuntu/ec2_customer_chum_venv/lib/python3.10/site-packages/airflow/example_dags/example_xcom.py
[2023-12-07T17:10:43.935+0000] {logging_mixin.py:154} INFO - [2023-12-07T17:10:43.935+0000] {dag.py:2941} INFO - Sync 1 DAGs
[2023-12-07T17:10:43.956+0000] {logging_mixin.py:154} INFO - [2023-12-07T17:10:43.955+0000] {dag.py:3722} INFO - Setting next_dagrun for example_xcom to 2021-01-01T00:00:00+00:00, run_after=2021-01-01T00:00:00+00:00
[2023-12-07T17:10:43.979+0000] {processor.py:179} INFO - Processing /home/ubuntu/ec2_customer_chum_venv/lib/python3.10/site-packages/airflow/example_dags/example_xcom.py took 0.077 seconds
[2023-12-07T17:11:28.733+0000] {processor.py:157} INFO - Started process (PID=6331) to work on /home/ubuntu/ec2_customer_chum_venv/lib/python3.10/site-packages/airflow/example_dags/example_xcom.py
[2023-12-07T17:11:28.734+0000] {processor.py:829} INFO - Processing file /home/ubuntu/ec2_customer_chum_venv/lib/python3.10/site-packages/airflow/example_dags/example_xcom.py for tasks to queue
[2023-12-07T17:11:28.735+0000] {logging_mixin.py:154} INFO - [2023-12-07T17:11:28.735+0000] {dagbag.py:536} INFO - Filling up the DagBag from /home/ubuntu/ec2_customer_chum_venv/lib/python3.10/site-packages/airflow/example_dags/example_xcom.py
[2023-12-07T17:11:28.744+0000] {processor.py:839} INFO - DAG(s) dict_keys(['example_xcom']) retrieved from /home/ubuntu/ec2_customer_chum_venv/lib/python3.10/site-packages/airflow/example_dags/example_xcom.py
[2023-12-07T17:11:28.762+0000] {logging_mixin.py:154} INFO - [2023-12-07T17:11:28.761+0000] {dag.py:2941} INFO - Sync 1 DAGs
[2023-12-07T17:11:28.782+0000] {logging_mixin.py:154} INFO - [2023-12-07T17:11:28.782+0000] {dag.py:3722} INFO - Setting next_dagrun for example_xcom to 2021-01-01T00:00:00+00:00, run_after=2021-01-01T00:00:00+00:00
[2023-12-07T17:11:28.804+0000] {processor.py:179} INFO - Processing /home/ubuntu/ec2_customer_chum_venv/lib/python3.10/site-packages/airflow/example_dags/example_xcom.py took 0.074 seconds
[2023-12-07T17:12:11.816+0000] {processor.py:157} INFO - Started process (PID=6381) to work on /home/ubuntu/ec2_customer_chum_venv/lib/python3.10/site-packages/airflow/example_dags/example_xcom.py
[2023-12-07T17:12:11.817+0000] {processor.py:829} INFO - Processing file /home/ubuntu/ec2_customer_chum_venv/lib/python3.10/site-packages/airflow/example_dags/example_xcom.py for tasks to queue
[2023-12-07T17:12:11.818+0000] {logging_mixin.py:154} INFO - [2023-12-07T17:12:11.818+0000] {dagbag.py:536} INFO - Filling up the DagBag from /home/ubuntu/ec2_customer_chum_venv/lib/python3.10/site-packages/airflow/example_dags/example_xcom.py
[2023-12-07T17:12:11.826+0000] {processor.py:839} INFO - DAG(s) dict_keys(['example_xcom']) retrieved from /home/ubuntu/ec2_customer_chum_venv/lib/python3.10/site-packages/airflow/example_dags/example_xcom.py
[2023-12-07T17:12:11.845+0000] {logging_mixin.py:154} INFO - [2023-12-07T17:12:11.844+0000] {dag.py:2941} INFO - Sync 1 DAGs
[2023-12-07T17:12:11.865+0000] {logging_mixin.py:154} INFO - [2023-12-07T17:12:11.865+0000] {dag.py:3722} INFO - Setting next_dagrun for example_xcom to 2021-01-01T00:00:00+00:00, run_after=2021-01-01T00:00:00+00:00
[2023-12-07T17:12:11.887+0000] {processor.py:179} INFO - Processing /home/ubuntu/ec2_customer_chum_venv/lib/python3.10/site-packages/airflow/example_dags/example_xcom.py took 0.075 seconds
[2023-12-07T17:13:00.431+0000] {processor.py:157} INFO - Started process (PID=6431) to work on /home/ubuntu/ec2_customer_chum_venv/lib/python3.10/site-packages/airflow/example_dags/example_xcom.py
[2023-12-07T17:13:00.432+0000] {processor.py:829} INFO - Processing file /home/ubuntu/ec2_customer_chum_venv/lib/python3.10/site-packages/airflow/example_dags/example_xcom.py for tasks to queue
[2023-12-07T17:13:00.433+0000] {logging_mixin.py:154} INFO - [2023-12-07T17:13:00.433+0000] {dagbag.py:536} INFO - Filling up the DagBag from /home/ubuntu/ec2_customer_chum_venv/lib/python3.10/site-packages/airflow/example_dags/example_xcom.py
[2023-12-07T17:13:00.441+0000] {processor.py:839} INFO - DAG(s) dict_keys(['example_xcom']) retrieved from /home/ubuntu/ec2_customer_chum_venv/lib/python3.10/site-packages/airflow/example_dags/example_xcom.py
[2023-12-07T17:13:00.460+0000] {logging_mixin.py:154} INFO - [2023-12-07T17:13:00.460+0000] {dag.py:2941} INFO - Sync 1 DAGs
[2023-12-07T17:13:00.482+0000] {logging_mixin.py:154} INFO - [2023-12-07T17:13:00.481+0000] {dag.py:3722} INFO - Setting next_dagrun for example_xcom to 2021-01-01T00:00:00+00:00, run_after=2021-01-01T00:00:00+00:00
[2023-12-07T17:13:00.506+0000] {processor.py:179} INFO - Processing /home/ubuntu/ec2_customer_chum_venv/lib/python3.10/site-packages/airflow/example_dags/example_xcom.py took 0.079 seconds
[2023-12-07T17:13:43.300+0000] {processor.py:157} INFO - Started process (PID=6563) to work on /home/ubuntu/ec2_customer_chum_venv/lib/python3.10/site-packages/airflow/example_dags/example_xcom.py
[2023-12-07T17:13:43.301+0000] {processor.py:829} INFO - Processing file /home/ubuntu/ec2_customer_chum_venv/lib/python3.10/site-packages/airflow/example_dags/example_xcom.py for tasks to queue
[2023-12-07T17:13:43.302+0000] {logging_mixin.py:154} INFO - [2023-12-07T17:13:43.302+0000] {dagbag.py:536} INFO - Filling up the DagBag from /home/ubuntu/ec2_customer_chum_venv/lib/python3.10/site-packages/airflow/example_dags/example_xcom.py
[2023-12-07T17:13:43.310+0000] {processor.py:839} INFO - DAG(s) dict_keys(['example_xcom']) retrieved from /home/ubuntu/ec2_customer_chum_venv/lib/python3.10/site-packages/airflow/example_dags/example_xcom.py
[2023-12-07T17:13:43.328+0000] {logging_mixin.py:154} INFO - [2023-12-07T17:13:43.328+0000] {dag.py:2941} INFO - Sync 1 DAGs
[2023-12-07T17:13:43.349+0000] {logging_mixin.py:154} INFO - [2023-12-07T17:13:43.349+0000] {dag.py:3722} INFO - Setting next_dagrun for example_xcom to 2021-01-01T00:00:00+00:00, run_after=2021-01-01T00:00:00+00:00
[2023-12-07T17:13:43.376+0000] {processor.py:179} INFO - Processing /home/ubuntu/ec2_customer_chum_venv/lib/python3.10/site-packages/airflow/example_dags/example_xcom.py took 0.079 seconds
[2023-12-07T17:14:26.007+0000] {processor.py:157} INFO - Started process (PID=6607) to work on /home/ubuntu/ec2_customer_chum_venv/lib/python3.10/site-packages/airflow/example_dags/example_xcom.py
[2023-12-07T17:14:26.008+0000] {processor.py:829} INFO - Processing file /home/ubuntu/ec2_customer_chum_venv/lib/python3.10/site-packages/airflow/example_dags/example_xcom.py for tasks to queue
[2023-12-07T17:14:26.009+0000] {logging_mixin.py:154} INFO - [2023-12-07T17:14:26.009+0000] {dagbag.py:536} INFO - Filling up the DagBag from /home/ubuntu/ec2_customer_chum_venv/lib/python3.10/site-packages/airflow/example_dags/example_xcom.py
[2023-12-07T17:14:26.018+0000] {processor.py:839} INFO - DAG(s) dict_keys(['example_xcom']) retrieved from /home/ubuntu/ec2_customer_chum_venv/lib/python3.10/site-packages/airflow/example_dags/example_xcom.py
[2023-12-07T17:14:26.037+0000] {logging_mixin.py:154} INFO - [2023-12-07T17:14:26.037+0000] {dag.py:2941} INFO - Sync 1 DAGs
[2023-12-07T17:14:26.058+0000] {logging_mixin.py:154} INFO - [2023-12-07T17:14:26.057+0000] {dag.py:3722} INFO - Setting next_dagrun for example_xcom to 2021-01-01T00:00:00+00:00, run_after=2021-01-01T00:00:00+00:00
[2023-12-07T17:14:26.080+0000] {processor.py:179} INFO - Processing /home/ubuntu/ec2_customer_chum_venv/lib/python3.10/site-packages/airflow/example_dags/example_xcom.py took 0.077 seconds
[2023-12-07T17:15:10.244+0000] {processor.py:157} INFO - Started process (PID=6719) to work on /home/ubuntu/ec2_customer_chum_venv/lib/python3.10/site-packages/airflow/example_dags/example_xcom.py
[2023-12-07T17:15:10.245+0000] {processor.py:829} INFO - Processing file /home/ubuntu/ec2_customer_chum_venv/lib/python3.10/site-packages/airflow/example_dags/example_xcom.py for tasks to queue
[2023-12-07T17:15:10.246+0000] {logging_mixin.py:154} INFO - [2023-12-07T17:15:10.246+0000] {dagbag.py:536} INFO - Filling up the DagBag from /home/ubuntu/ec2_customer_chum_venv/lib/python3.10/site-packages/airflow/example_dags/example_xcom.py
[2023-12-07T17:15:10.255+0000] {processor.py:839} INFO - DAG(s) dict_keys(['example_xcom']) retrieved from /home/ubuntu/ec2_customer_chum_venv/lib/python3.10/site-packages/airflow/example_dags/example_xcom.py
[2023-12-07T17:15:10.274+0000] {logging_mixin.py:154} INFO - [2023-12-07T17:15:10.274+0000] {dag.py:2941} INFO - Sync 1 DAGs
[2023-12-07T17:15:10.295+0000] {logging_mixin.py:154} INFO - [2023-12-07T17:15:10.295+0000] {dag.py:3722} INFO - Setting next_dagrun for example_xcom to 2021-01-01T00:00:00+00:00, run_after=2021-01-01T00:00:00+00:00
[2023-12-07T17:15:10.320+0000] {processor.py:179} INFO - Processing /home/ubuntu/ec2_customer_chum_venv/lib/python3.10/site-packages/airflow/example_dags/example_xcom.py took 0.080 seconds
