[2023-12-07T16:49:18.532+0000] {processor.py:157} INFO - Started process (PID=4974) to work on /home/ubuntu/ec2_customer_chum_venv/lib/python3.10/site-packages/airflow/example_dags/example_skip_dag.py
[2023-12-07T16:49:18.533+0000] {processor.py:829} INFO - Processing file /home/ubuntu/ec2_customer_chum_venv/lib/python3.10/site-packages/airflow/example_dags/example_skip_dag.py for tasks to queue
[2023-12-07T16:49:18.533+0000] {logging_mixin.py:154} INFO - [2023-12-07T16:49:18.533+0000] {dagbag.py:536} INFO - Filling up the DagBag from /home/ubuntu/ec2_customer_chum_venv/lib/python3.10/site-packages/airflow/example_dags/example_skip_dag.py
[2023-12-07T16:49:18.543+0000] {processor.py:839} INFO - DAG(s) dict_keys(['example_skip_dag']) retrieved from /home/ubuntu/ec2_customer_chum_venv/lib/python3.10/site-packages/airflow/example_dags/example_skip_dag.py
[2023-12-07T16:49:18.657+0000] {logging_mixin.py:154} INFO - [2023-12-07T16:49:18.656+0000] {manager.py:499} INFO - Created Permission View: %s
[2023-12-07T16:49:18.670+0000] {logging_mixin.py:154} INFO - [2023-12-07T16:49:18.670+0000] {manager.py:499} INFO - Created Permission View: %s
[2023-12-07T16:49:18.680+0000] {logging_mixin.py:154} INFO - [2023-12-07T16:49:18.680+0000] {manager.py:499} INFO - Created Permission View: %s
[2023-12-07T16:49:18.681+0000] {logging_mixin.py:154} INFO - [2023-12-07T16:49:18.681+0000] {dag.py:2941} INFO - Sync 1 DAGs
[2023-12-07T16:49:18.694+0000] {logging_mixin.py:154} INFO - [2023-12-07T16:49:18.693+0000] {dag.py:2963} INFO - Creating ORM DAG for example_skip_dag
[2023-12-07T16:49:18.703+0000] {logging_mixin.py:154} INFO - [2023-12-07T16:49:18.703+0000] {dag.py:3722} INFO - Setting next_dagrun for example_skip_dag to 2023-12-06T16:49:18.702895+00:00, run_after=2023-12-07T16:49:18.702895+00:00
[2023-12-07T16:49:18.728+0000] {processor.py:179} INFO - Processing /home/ubuntu/ec2_customer_chum_venv/lib/python3.10/site-packages/airflow/example_dags/example_skip_dag.py took 0.199 seconds
[2023-12-07T16:50:08.529+0000] {processor.py:157} INFO - Started process (PID=5020) to work on /home/ubuntu/ec2_customer_chum_venv/lib/python3.10/site-packages/airflow/example_dags/example_skip_dag.py
[2023-12-07T16:50:08.531+0000] {processor.py:829} INFO - Processing file /home/ubuntu/ec2_customer_chum_venv/lib/python3.10/site-packages/airflow/example_dags/example_skip_dag.py for tasks to queue
[2023-12-07T16:50:08.532+0000] {logging_mixin.py:154} INFO - [2023-12-07T16:50:08.531+0000] {dagbag.py:536} INFO - Filling up the DagBag from /home/ubuntu/ec2_customer_chum_venv/lib/python3.10/site-packages/airflow/example_dags/example_skip_dag.py
[2023-12-07T16:50:08.540+0000] {processor.py:839} INFO - DAG(s) dict_keys(['example_skip_dag']) retrieved from /home/ubuntu/ec2_customer_chum_venv/lib/python3.10/site-packages/airflow/example_dags/example_skip_dag.py
[2023-12-07T16:50:08.558+0000] {logging_mixin.py:154} INFO - [2023-12-07T16:50:08.558+0000] {dag.py:2941} INFO - Sync 1 DAGs
[2023-12-07T16:50:08.578+0000] {logging_mixin.py:154} INFO - [2023-12-07T16:50:08.578+0000] {dag.py:3722} INFO - Setting next_dagrun for example_skip_dag to 2023-12-06T16:50:08.578248+00:00, run_after=2023-12-07T16:50:08.578248+00:00
[2023-12-07T16:50:08.602+0000] {processor.py:179} INFO - Processing /home/ubuntu/ec2_customer_chum_venv/lib/python3.10/site-packages/airflow/example_dags/example_skip_dag.py took 0.076 seconds
[2023-12-07T16:50:54.804+0000] {processor.py:157} INFO - Started process (PID=5066) to work on /home/ubuntu/ec2_customer_chum_venv/lib/python3.10/site-packages/airflow/example_dags/example_skip_dag.py
[2023-12-07T16:50:54.806+0000] {processor.py:829} INFO - Processing file /home/ubuntu/ec2_customer_chum_venv/lib/python3.10/site-packages/airflow/example_dags/example_skip_dag.py for tasks to queue
[2023-12-07T16:50:54.807+0000] {logging_mixin.py:154} INFO - [2023-12-07T16:50:54.806+0000] {dagbag.py:536} INFO - Filling up the DagBag from /home/ubuntu/ec2_customer_chum_venv/lib/python3.10/site-packages/airflow/example_dags/example_skip_dag.py
[2023-12-07T16:50:54.815+0000] {processor.py:839} INFO - DAG(s) dict_keys(['example_skip_dag']) retrieved from /home/ubuntu/ec2_customer_chum_venv/lib/python3.10/site-packages/airflow/example_dags/example_skip_dag.py
[2023-12-07T16:50:54.833+0000] {logging_mixin.py:154} INFO - [2023-12-07T16:50:54.832+0000] {dag.py:2941} INFO - Sync 1 DAGs
[2023-12-07T16:50:54.854+0000] {logging_mixin.py:154} INFO - [2023-12-07T16:50:54.853+0000] {dag.py:3722} INFO - Setting next_dagrun for example_skip_dag to 2023-12-06T16:50:54.853587+00:00, run_after=2023-12-07T16:50:54.853587+00:00
[2023-12-07T16:50:54.878+0000] {processor.py:179} INFO - Processing /home/ubuntu/ec2_customer_chum_venv/lib/python3.10/site-packages/airflow/example_dags/example_skip_dag.py took 0.077 seconds
[2023-12-07T16:51:44.229+0000] {processor.py:157} INFO - Started process (PID=5116) to work on /home/ubuntu/ec2_customer_chum_venv/lib/python3.10/site-packages/airflow/example_dags/example_skip_dag.py
[2023-12-07T16:51:44.230+0000] {processor.py:829} INFO - Processing file /home/ubuntu/ec2_customer_chum_venv/lib/python3.10/site-packages/airflow/example_dags/example_skip_dag.py for tasks to queue
[2023-12-07T16:51:44.231+0000] {logging_mixin.py:154} INFO - [2023-12-07T16:51:44.231+0000] {dagbag.py:536} INFO - Filling up the DagBag from /home/ubuntu/ec2_customer_chum_venv/lib/python3.10/site-packages/airflow/example_dags/example_skip_dag.py
[2023-12-07T16:51:44.239+0000] {processor.py:839} INFO - DAG(s) dict_keys(['example_skip_dag']) retrieved from /home/ubuntu/ec2_customer_chum_venv/lib/python3.10/site-packages/airflow/example_dags/example_skip_dag.py
[2023-12-07T16:51:44.258+0000] {logging_mixin.py:154} INFO - [2023-12-07T16:51:44.258+0000] {dag.py:2941} INFO - Sync 1 DAGs
[2023-12-07T16:51:44.279+0000] {logging_mixin.py:154} INFO - [2023-12-07T16:51:44.278+0000] {dag.py:3722} INFO - Setting next_dagrun for example_skip_dag to 2023-12-06T16:51:44.278506+00:00, run_after=2023-12-07T16:51:44.278506+00:00
[2023-12-07T16:51:44.301+0000] {processor.py:179} INFO - Processing /home/ubuntu/ec2_customer_chum_venv/lib/python3.10/site-packages/airflow/example_dags/example_skip_dag.py took 0.075 seconds
[2023-12-07T16:52:32.845+0000] {processor.py:157} INFO - Started process (PID=5168) to work on /home/ubuntu/ec2_customer_chum_venv/lib/python3.10/site-packages/airflow/example_dags/example_skip_dag.py
[2023-12-07T16:52:32.847+0000] {processor.py:829} INFO - Processing file /home/ubuntu/ec2_customer_chum_venv/lib/python3.10/site-packages/airflow/example_dags/example_skip_dag.py for tasks to queue
[2023-12-07T16:52:32.848+0000] {logging_mixin.py:154} INFO - [2023-12-07T16:52:32.847+0000] {dagbag.py:536} INFO - Filling up the DagBag from /home/ubuntu/ec2_customer_chum_venv/lib/python3.10/site-packages/airflow/example_dags/example_skip_dag.py
[2023-12-07T16:52:32.855+0000] {processor.py:839} INFO - DAG(s) dict_keys(['example_skip_dag']) retrieved from /home/ubuntu/ec2_customer_chum_venv/lib/python3.10/site-packages/airflow/example_dags/example_skip_dag.py
[2023-12-07T16:52:32.873+0000] {logging_mixin.py:154} INFO - [2023-12-07T16:52:32.873+0000] {dag.py:2941} INFO - Sync 1 DAGs
[2023-12-07T16:52:32.894+0000] {logging_mixin.py:154} INFO - [2023-12-07T16:52:32.894+0000] {dag.py:3722} INFO - Setting next_dagrun for example_skip_dag to 2023-12-06T16:52:32.893851+00:00, run_after=2023-12-07T16:52:32.893851+00:00
[2023-12-07T16:52:32.919+0000] {processor.py:179} INFO - Processing /home/ubuntu/ec2_customer_chum_venv/lib/python3.10/site-packages/airflow/example_dags/example_skip_dag.py took 0.078 seconds
[2023-12-07T16:53:52.294+0000] {processor.py:157} INFO - Started process (PID=5236) to work on /home/ubuntu/ec2_customer_chum_venv/lib/python3.10/site-packages/airflow/example_dags/example_skip_dag.py
[2023-12-07T16:53:52.295+0000] {processor.py:829} INFO - Processing file /home/ubuntu/ec2_customer_chum_venv/lib/python3.10/site-packages/airflow/example_dags/example_skip_dag.py for tasks to queue
[2023-12-07T16:53:52.296+0000] {logging_mixin.py:154} INFO - [2023-12-07T16:53:52.295+0000] {dagbag.py:536} INFO - Filling up the DagBag from /home/ubuntu/ec2_customer_chum_venv/lib/python3.10/site-packages/airflow/example_dags/example_skip_dag.py
[2023-12-07T16:53:52.306+0000] {processor.py:839} INFO - DAG(s) dict_keys(['example_skip_dag']) retrieved from /home/ubuntu/ec2_customer_chum_venv/lib/python3.10/site-packages/airflow/example_dags/example_skip_dag.py
[2023-12-07T16:53:52.314+0000] {logging_mixin.py:154} INFO - [2023-12-07T16:53:52.314+0000] {dag.py:2941} INFO - Sync 1 DAGs
[2023-12-07T16:53:52.336+0000] {logging_mixin.py:154} INFO - [2023-12-07T16:53:52.335+0000] {dag.py:3722} INFO - Setting next_dagrun for example_skip_dag to 2023-12-06T16:53:52.335660+00:00, run_after=2023-12-07T16:53:52.335660+00:00
[2023-12-07T16:53:52.359+0000] {processor.py:179} INFO - Processing /home/ubuntu/ec2_customer_chum_venv/lib/python3.10/site-packages/airflow/example_dags/example_skip_dag.py took 0.069 seconds
[2023-12-07T16:54:37.294+0000] {processor.py:157} INFO - Started process (PID=5285) to work on /home/ubuntu/ec2_customer_chum_venv/lib/python3.10/site-packages/airflow/example_dags/example_skip_dag.py
[2023-12-07T16:54:37.296+0000] {processor.py:829} INFO - Processing file /home/ubuntu/ec2_customer_chum_venv/lib/python3.10/site-packages/airflow/example_dags/example_skip_dag.py for tasks to queue
[2023-12-07T16:54:37.296+0000] {logging_mixin.py:154} INFO - [2023-12-07T16:54:37.296+0000] {dagbag.py:536} INFO - Filling up the DagBag from /home/ubuntu/ec2_customer_chum_venv/lib/python3.10/site-packages/airflow/example_dags/example_skip_dag.py
[2023-12-07T16:54:37.305+0000] {processor.py:839} INFO - DAG(s) dict_keys(['example_skip_dag']) retrieved from /home/ubuntu/ec2_customer_chum_venv/lib/python3.10/site-packages/airflow/example_dags/example_skip_dag.py
[2023-12-07T16:54:37.323+0000] {logging_mixin.py:154} INFO - [2023-12-07T16:54:37.322+0000] {dag.py:2941} INFO - Sync 1 DAGs
[2023-12-07T16:54:37.343+0000] {logging_mixin.py:154} INFO - [2023-12-07T16:54:37.343+0000] {dag.py:3722} INFO - Setting next_dagrun for example_skip_dag to 2023-12-06T16:54:37.342775+00:00, run_after=2023-12-07T16:54:37.342775+00:00
[2023-12-07T16:54:37.365+0000] {processor.py:179} INFO - Processing /home/ubuntu/ec2_customer_chum_venv/lib/python3.10/site-packages/airflow/example_dags/example_skip_dag.py took 0.074 seconds
[2023-12-07T16:55:22.646+0000] {processor.py:157} INFO - Started process (PID=5332) to work on /home/ubuntu/ec2_customer_chum_venv/lib/python3.10/site-packages/airflow/example_dags/example_skip_dag.py
[2023-12-07T16:55:22.648+0000] {processor.py:829} INFO - Processing file /home/ubuntu/ec2_customer_chum_venv/lib/python3.10/site-packages/airflow/example_dags/example_skip_dag.py for tasks to queue
[2023-12-07T16:55:22.648+0000] {logging_mixin.py:154} INFO - [2023-12-07T16:55:22.648+0000] {dagbag.py:536} INFO - Filling up the DagBag from /home/ubuntu/ec2_customer_chum_venv/lib/python3.10/site-packages/airflow/example_dags/example_skip_dag.py
[2023-12-07T16:55:22.656+0000] {processor.py:839} INFO - DAG(s) dict_keys(['example_skip_dag']) retrieved from /home/ubuntu/ec2_customer_chum_venv/lib/python3.10/site-packages/airflow/example_dags/example_skip_dag.py
[2023-12-07T16:55:22.674+0000] {logging_mixin.py:154} INFO - [2023-12-07T16:55:22.673+0000] {dag.py:2941} INFO - Sync 1 DAGs
[2023-12-07T16:55:22.695+0000] {logging_mixin.py:154} INFO - [2023-12-07T16:55:22.694+0000] {dag.py:3722} INFO - Setting next_dagrun for example_skip_dag to 2023-12-06T16:55:22.694528+00:00, run_after=2023-12-07T16:55:22.694528+00:00
[2023-12-07T16:55:22.716+0000] {processor.py:179} INFO - Processing /home/ubuntu/ec2_customer_chum_venv/lib/python3.10/site-packages/airflow/example_dags/example_skip_dag.py took 0.074 seconds
[2023-12-07T16:56:06.753+0000] {processor.py:157} INFO - Started process (PID=5378) to work on /home/ubuntu/ec2_customer_chum_venv/lib/python3.10/site-packages/airflow/example_dags/example_skip_dag.py
[2023-12-07T16:56:06.755+0000] {processor.py:829} INFO - Processing file /home/ubuntu/ec2_customer_chum_venv/lib/python3.10/site-packages/airflow/example_dags/example_skip_dag.py for tasks to queue
[2023-12-07T16:56:06.756+0000] {logging_mixin.py:154} INFO - [2023-12-07T16:56:06.756+0000] {dagbag.py:536} INFO - Filling up the DagBag from /home/ubuntu/ec2_customer_chum_venv/lib/python3.10/site-packages/airflow/example_dags/example_skip_dag.py
[2023-12-07T16:56:06.764+0000] {processor.py:839} INFO - DAG(s) dict_keys(['example_skip_dag']) retrieved from /home/ubuntu/ec2_customer_chum_venv/lib/python3.10/site-packages/airflow/example_dags/example_skip_dag.py
[2023-12-07T16:56:06.781+0000] {logging_mixin.py:154} INFO - [2023-12-07T16:56:06.781+0000] {dag.py:2941} INFO - Sync 1 DAGs
[2023-12-07T16:56:06.801+0000] {logging_mixin.py:154} INFO - [2023-12-07T16:56:06.801+0000] {dag.py:3722} INFO - Setting next_dagrun for example_skip_dag to 2023-12-06T16:56:06.801099+00:00, run_after=2023-12-07T16:56:06.801099+00:00
[2023-12-07T16:56:06.826+0000] {processor.py:179} INFO - Processing /home/ubuntu/ec2_customer_chum_venv/lib/python3.10/site-packages/airflow/example_dags/example_skip_dag.py took 0.076 seconds
[2023-12-07T16:56:49.060+0000] {processor.py:157} INFO - Started process (PID=5424) to work on /home/ubuntu/ec2_customer_chum_venv/lib/python3.10/site-packages/airflow/example_dags/example_skip_dag.py
[2023-12-07T16:56:49.062+0000] {processor.py:829} INFO - Processing file /home/ubuntu/ec2_customer_chum_venv/lib/python3.10/site-packages/airflow/example_dags/example_skip_dag.py for tasks to queue
[2023-12-07T16:56:49.063+0000] {logging_mixin.py:154} INFO - [2023-12-07T16:56:49.062+0000] {dagbag.py:536} INFO - Filling up the DagBag from /home/ubuntu/ec2_customer_chum_venv/lib/python3.10/site-packages/airflow/example_dags/example_skip_dag.py
[2023-12-07T16:56:49.071+0000] {processor.py:839} INFO - DAG(s) dict_keys(['example_skip_dag']) retrieved from /home/ubuntu/ec2_customer_chum_venv/lib/python3.10/site-packages/airflow/example_dags/example_skip_dag.py
[2023-12-07T16:56:49.088+0000] {logging_mixin.py:154} INFO - [2023-12-07T16:56:49.088+0000] {dag.py:2941} INFO - Sync 1 DAGs
[2023-12-07T16:56:49.109+0000] {logging_mixin.py:154} INFO - [2023-12-07T16:56:49.108+0000] {dag.py:3722} INFO - Setting next_dagrun for example_skip_dag to 2023-12-06T16:56:49.108571+00:00, run_after=2023-12-07T16:56:49.108571+00:00
[2023-12-07T16:56:49.133+0000] {processor.py:179} INFO - Processing /home/ubuntu/ec2_customer_chum_venv/lib/python3.10/site-packages/airflow/example_dags/example_skip_dag.py took 0.076 seconds
[2023-12-07T16:57:36.583+0000] {processor.py:157} INFO - Started process (PID=5471) to work on /home/ubuntu/ec2_customer_chum_venv/lib/python3.10/site-packages/airflow/example_dags/example_skip_dag.py
[2023-12-07T16:57:36.584+0000] {processor.py:829} INFO - Processing file /home/ubuntu/ec2_customer_chum_venv/lib/python3.10/site-packages/airflow/example_dags/example_skip_dag.py for tasks to queue
[2023-12-07T16:57:36.585+0000] {logging_mixin.py:154} INFO - [2023-12-07T16:57:36.585+0000] {dagbag.py:536} INFO - Filling up the DagBag from /home/ubuntu/ec2_customer_chum_venv/lib/python3.10/site-packages/airflow/example_dags/example_skip_dag.py
[2023-12-07T16:57:36.593+0000] {processor.py:839} INFO - DAG(s) dict_keys(['example_skip_dag']) retrieved from /home/ubuntu/ec2_customer_chum_venv/lib/python3.10/site-packages/airflow/example_dags/example_skip_dag.py
[2023-12-07T16:57:36.611+0000] {logging_mixin.py:154} INFO - [2023-12-07T16:57:36.611+0000] {dag.py:2941} INFO - Sync 1 DAGs
[2023-12-07T16:57:36.631+0000] {logging_mixin.py:154} INFO - [2023-12-07T16:57:36.631+0000] {dag.py:3722} INFO - Setting next_dagrun for example_skip_dag to 2023-12-06T16:57:36.631186+00:00, run_after=2023-12-07T16:57:36.631186+00:00
[2023-12-07T16:57:36.653+0000] {processor.py:179} INFO - Processing /home/ubuntu/ec2_customer_chum_venv/lib/python3.10/site-packages/airflow/example_dags/example_skip_dag.py took 0.074 seconds
[2023-12-07T16:58:16.904+0000] {processor.py:157} INFO - Started process (PID=5515) to work on /home/ubuntu/ec2_customer_chum_venv/lib/python3.10/site-packages/airflow/example_dags/example_skip_dag.py
[2023-12-07T16:58:16.905+0000] {processor.py:829} INFO - Processing file /home/ubuntu/ec2_customer_chum_venv/lib/python3.10/site-packages/airflow/example_dags/example_skip_dag.py for tasks to queue
[2023-12-07T16:58:16.906+0000] {logging_mixin.py:154} INFO - [2023-12-07T16:58:16.906+0000] {dagbag.py:536} INFO - Filling up the DagBag from /home/ubuntu/ec2_customer_chum_venv/lib/python3.10/site-packages/airflow/example_dags/example_skip_dag.py
[2023-12-07T16:58:16.914+0000] {processor.py:839} INFO - DAG(s) dict_keys(['example_skip_dag']) retrieved from /home/ubuntu/ec2_customer_chum_venv/lib/python3.10/site-packages/airflow/example_dags/example_skip_dag.py
[2023-12-07T16:58:16.932+0000] {logging_mixin.py:154} INFO - [2023-12-07T16:58:16.932+0000] {dag.py:2941} INFO - Sync 1 DAGs
[2023-12-07T16:58:16.953+0000] {logging_mixin.py:154} INFO - [2023-12-07T16:58:16.953+0000] {dag.py:3722} INFO - Setting next_dagrun for example_skip_dag to 2023-12-06T16:58:16.953021+00:00, run_after=2023-12-07T16:58:16.953021+00:00
[2023-12-07T16:58:16.976+0000] {processor.py:179} INFO - Processing /home/ubuntu/ec2_customer_chum_venv/lib/python3.10/site-packages/airflow/example_dags/example_skip_dag.py took 0.076 seconds
[2023-12-07T16:59:00.444+0000] {processor.py:157} INFO - Started process (PID=5561) to work on /home/ubuntu/ec2_customer_chum_venv/lib/python3.10/site-packages/airflow/example_dags/example_skip_dag.py
[2023-12-07T16:59:00.445+0000] {processor.py:829} INFO - Processing file /home/ubuntu/ec2_customer_chum_venv/lib/python3.10/site-packages/airflow/example_dags/example_skip_dag.py for tasks to queue
[2023-12-07T16:59:00.446+0000] {logging_mixin.py:154} INFO - [2023-12-07T16:59:00.446+0000] {dagbag.py:536} INFO - Filling up the DagBag from /home/ubuntu/ec2_customer_chum_venv/lib/python3.10/site-packages/airflow/example_dags/example_skip_dag.py
[2023-12-07T16:59:00.454+0000] {processor.py:839} INFO - DAG(s) dict_keys(['example_skip_dag']) retrieved from /home/ubuntu/ec2_customer_chum_venv/lib/python3.10/site-packages/airflow/example_dags/example_skip_dag.py
[2023-12-07T16:59:00.472+0000] {logging_mixin.py:154} INFO - [2023-12-07T16:59:00.472+0000] {dag.py:2941} INFO - Sync 1 DAGs
[2023-12-07T16:59:00.493+0000] {logging_mixin.py:154} INFO - [2023-12-07T16:59:00.493+0000] {dag.py:3722} INFO - Setting next_dagrun for example_skip_dag to 2023-12-06T16:59:00.492758+00:00, run_after=2023-12-07T16:59:00.492758+00:00
[2023-12-07T16:59:00.515+0000] {processor.py:179} INFO - Processing /home/ubuntu/ec2_customer_chum_venv/lib/python3.10/site-packages/airflow/example_dags/example_skip_dag.py took 0.074 seconds
[2023-12-07T16:59:43.510+0000] {processor.py:157} INFO - Started process (PID=5607) to work on /home/ubuntu/ec2_customer_chum_venv/lib/python3.10/site-packages/airflow/example_dags/example_skip_dag.py
[2023-12-07T16:59:43.511+0000] {processor.py:829} INFO - Processing file /home/ubuntu/ec2_customer_chum_venv/lib/python3.10/site-packages/airflow/example_dags/example_skip_dag.py for tasks to queue
[2023-12-07T16:59:43.512+0000] {logging_mixin.py:154} INFO - [2023-12-07T16:59:43.511+0000] {dagbag.py:536} INFO - Filling up the DagBag from /home/ubuntu/ec2_customer_chum_venv/lib/python3.10/site-packages/airflow/example_dags/example_skip_dag.py
[2023-12-07T16:59:43.520+0000] {processor.py:839} INFO - DAG(s) dict_keys(['example_skip_dag']) retrieved from /home/ubuntu/ec2_customer_chum_venv/lib/python3.10/site-packages/airflow/example_dags/example_skip_dag.py
[2023-12-07T16:59:43.537+0000] {logging_mixin.py:154} INFO - [2023-12-07T16:59:43.537+0000] {dag.py:2941} INFO - Sync 1 DAGs
[2023-12-07T16:59:43.558+0000] {logging_mixin.py:154} INFO - [2023-12-07T16:59:43.558+0000] {dag.py:3722} INFO - Setting next_dagrun for example_skip_dag to 2023-12-06T16:59:43.557823+00:00, run_after=2023-12-07T16:59:43.557823+00:00
[2023-12-07T16:59:43.580+0000] {processor.py:179} INFO - Processing /home/ubuntu/ec2_customer_chum_venv/lib/python3.10/site-packages/airflow/example_dags/example_skip_dag.py took 0.073 seconds
[2023-12-07T17:00:31.094+0000] {processor.py:157} INFO - Started process (PID=5655) to work on /home/ubuntu/ec2_customer_chum_venv/lib/python3.10/site-packages/airflow/example_dags/example_skip_dag.py
[2023-12-07T17:00:31.096+0000] {processor.py:829} INFO - Processing file /home/ubuntu/ec2_customer_chum_venv/lib/python3.10/site-packages/airflow/example_dags/example_skip_dag.py for tasks to queue
[2023-12-07T17:00:31.097+0000] {logging_mixin.py:154} INFO - [2023-12-07T17:00:31.096+0000] {dagbag.py:536} INFO - Filling up the DagBag from /home/ubuntu/ec2_customer_chum_venv/lib/python3.10/site-packages/airflow/example_dags/example_skip_dag.py
[2023-12-07T17:00:31.105+0000] {processor.py:839} INFO - DAG(s) dict_keys(['example_skip_dag']) retrieved from /home/ubuntu/ec2_customer_chum_venv/lib/python3.10/site-packages/airflow/example_dags/example_skip_dag.py
[2023-12-07T17:00:31.124+0000] {logging_mixin.py:154} INFO - [2023-12-07T17:00:31.124+0000] {dag.py:2941} INFO - Sync 1 DAGs
[2023-12-07T17:00:31.146+0000] {logging_mixin.py:154} INFO - [2023-12-07T17:00:31.146+0000] {dag.py:3722} INFO - Setting next_dagrun for example_skip_dag to 2023-12-06T17:00:31.145800+00:00, run_after=2023-12-07T17:00:31.145800+00:00
[2023-12-07T17:00:31.172+0000] {processor.py:179} INFO - Processing /home/ubuntu/ec2_customer_chum_venv/lib/python3.10/site-packages/airflow/example_dags/example_skip_dag.py took 0.081 seconds
[2023-12-07T17:01:13.376+0000] {processor.py:157} INFO - Started process (PID=5697) to work on /home/ubuntu/ec2_customer_chum_venv/lib/python3.10/site-packages/airflow/example_dags/example_skip_dag.py
[2023-12-07T17:01:13.377+0000] {processor.py:829} INFO - Processing file /home/ubuntu/ec2_customer_chum_venv/lib/python3.10/site-packages/airflow/example_dags/example_skip_dag.py for tasks to queue
[2023-12-07T17:01:13.378+0000] {logging_mixin.py:154} INFO - [2023-12-07T17:01:13.378+0000] {dagbag.py:536} INFO - Filling up the DagBag from /home/ubuntu/ec2_customer_chum_venv/lib/python3.10/site-packages/airflow/example_dags/example_skip_dag.py
[2023-12-07T17:01:13.387+0000] {processor.py:839} INFO - DAG(s) dict_keys(['example_skip_dag']) retrieved from /home/ubuntu/ec2_customer_chum_venv/lib/python3.10/site-packages/airflow/example_dags/example_skip_dag.py
[2023-12-07T17:01:13.406+0000] {logging_mixin.py:154} INFO - [2023-12-07T17:01:13.406+0000] {dag.py:2941} INFO - Sync 1 DAGs
[2023-12-07T17:01:13.427+0000] {logging_mixin.py:154} INFO - [2023-12-07T17:01:13.427+0000] {dag.py:3722} INFO - Setting next_dagrun for example_skip_dag to 2023-12-06T17:01:13.427143+00:00, run_after=2023-12-07T17:01:13.427143+00:00
[2023-12-07T17:01:13.451+0000] {processor.py:179} INFO - Processing /home/ubuntu/ec2_customer_chum_venv/lib/python3.10/site-packages/airflow/example_dags/example_skip_dag.py took 0.079 seconds
[2023-12-07T17:01:57.438+0000] {processor.py:157} INFO - Started process (PID=5743) to work on /home/ubuntu/ec2_customer_chum_venv/lib/python3.10/site-packages/airflow/example_dags/example_skip_dag.py
[2023-12-07T17:01:57.440+0000] {processor.py:829} INFO - Processing file /home/ubuntu/ec2_customer_chum_venv/lib/python3.10/site-packages/airflow/example_dags/example_skip_dag.py for tasks to queue
[2023-12-07T17:01:57.441+0000] {logging_mixin.py:154} INFO - [2023-12-07T17:01:57.440+0000] {dagbag.py:536} INFO - Filling up the DagBag from /home/ubuntu/ec2_customer_chum_venv/lib/python3.10/site-packages/airflow/example_dags/example_skip_dag.py
[2023-12-07T17:01:57.448+0000] {processor.py:839} INFO - DAG(s) dict_keys(['example_skip_dag']) retrieved from /home/ubuntu/ec2_customer_chum_venv/lib/python3.10/site-packages/airflow/example_dags/example_skip_dag.py
[2023-12-07T17:01:57.466+0000] {logging_mixin.py:154} INFO - [2023-12-07T17:01:57.466+0000] {dag.py:2941} INFO - Sync 1 DAGs
[2023-12-07T17:01:57.487+0000] {logging_mixin.py:154} INFO - [2023-12-07T17:01:57.487+0000] {dag.py:3722} INFO - Setting next_dagrun for example_skip_dag to 2023-12-06T17:01:57.486723+00:00, run_after=2023-12-07T17:01:57.486723+00:00
[2023-12-07T17:01:57.511+0000] {processor.py:179} INFO - Processing /home/ubuntu/ec2_customer_chum_venv/lib/python3.10/site-packages/airflow/example_dags/example_skip_dag.py took 0.076 seconds
[2023-12-07T17:02:44.952+0000] {processor.py:157} INFO - Started process (PID=5791) to work on /home/ubuntu/ec2_customer_chum_venv/lib/python3.10/site-packages/airflow/example_dags/example_skip_dag.py
[2023-12-07T17:02:44.954+0000] {processor.py:829} INFO - Processing file /home/ubuntu/ec2_customer_chum_venv/lib/python3.10/site-packages/airflow/example_dags/example_skip_dag.py for tasks to queue
[2023-12-07T17:02:44.955+0000] {logging_mixin.py:154} INFO - [2023-12-07T17:02:44.954+0000] {dagbag.py:536} INFO - Filling up the DagBag from /home/ubuntu/ec2_customer_chum_venv/lib/python3.10/site-packages/airflow/example_dags/example_skip_dag.py
[2023-12-07T17:02:44.962+0000] {processor.py:839} INFO - DAG(s) dict_keys(['example_skip_dag']) retrieved from /home/ubuntu/ec2_customer_chum_venv/lib/python3.10/site-packages/airflow/example_dags/example_skip_dag.py
[2023-12-07T17:02:44.980+0000] {logging_mixin.py:154} INFO - [2023-12-07T17:02:44.980+0000] {dag.py:2941} INFO - Sync 1 DAGs
[2023-12-07T17:02:45.001+0000] {logging_mixin.py:154} INFO - [2023-12-07T17:02:45.001+0000] {dag.py:3722} INFO - Setting next_dagrun for example_skip_dag to 2023-12-06T17:02:45.000861+00:00, run_after=2023-12-07T17:02:45.000861+00:00
[2023-12-07T17:02:45.032+0000] {processor.py:179} INFO - Processing /home/ubuntu/ec2_customer_chum_venv/lib/python3.10/site-packages/airflow/example_dags/example_skip_dag.py took 0.083 seconds
[2023-12-07T17:03:33.499+0000] {processor.py:157} INFO - Started process (PID=5839) to work on /home/ubuntu/ec2_customer_chum_venv/lib/python3.10/site-packages/airflow/example_dags/example_skip_dag.py
[2023-12-07T17:03:33.500+0000] {processor.py:829} INFO - Processing file /home/ubuntu/ec2_customer_chum_venv/lib/python3.10/site-packages/airflow/example_dags/example_skip_dag.py for tasks to queue
[2023-12-07T17:03:33.501+0000] {logging_mixin.py:154} INFO - [2023-12-07T17:03:33.501+0000] {dagbag.py:536} INFO - Filling up the DagBag from /home/ubuntu/ec2_customer_chum_venv/lib/python3.10/site-packages/airflow/example_dags/example_skip_dag.py
[2023-12-07T17:03:33.509+0000] {processor.py:839} INFO - DAG(s) dict_keys(['example_skip_dag']) retrieved from /home/ubuntu/ec2_customer_chum_venv/lib/python3.10/site-packages/airflow/example_dags/example_skip_dag.py
[2023-12-07T17:03:33.527+0000] {logging_mixin.py:154} INFO - [2023-12-07T17:03:33.527+0000] {dag.py:2941} INFO - Sync 1 DAGs
[2023-12-07T17:03:33.548+0000] {logging_mixin.py:154} INFO - [2023-12-07T17:03:33.548+0000] {dag.py:3722} INFO - Setting next_dagrun for example_skip_dag to 2023-12-06T17:03:33.548250+00:00, run_after=2023-12-07T17:03:33.548250+00:00
[2023-12-07T17:03:33.571+0000] {processor.py:179} INFO - Processing /home/ubuntu/ec2_customer_chum_venv/lib/python3.10/site-packages/airflow/example_dags/example_skip_dag.py took 0.075 seconds
[2023-12-07T17:04:16.098+0000] {processor.py:157} INFO - Started process (PID=5884) to work on /home/ubuntu/ec2_customer_chum_venv/lib/python3.10/site-packages/airflow/example_dags/example_skip_dag.py
[2023-12-07T17:04:16.099+0000] {processor.py:829} INFO - Processing file /home/ubuntu/ec2_customer_chum_venv/lib/python3.10/site-packages/airflow/example_dags/example_skip_dag.py for tasks to queue
[2023-12-07T17:04:16.100+0000] {logging_mixin.py:154} INFO - [2023-12-07T17:04:16.099+0000] {dagbag.py:536} INFO - Filling up the DagBag from /home/ubuntu/ec2_customer_chum_venv/lib/python3.10/site-packages/airflow/example_dags/example_skip_dag.py
[2023-12-07T17:04:16.108+0000] {processor.py:839} INFO - DAG(s) dict_keys(['example_skip_dag']) retrieved from /home/ubuntu/ec2_customer_chum_venv/lib/python3.10/site-packages/airflow/example_dags/example_skip_dag.py
[2023-12-07T17:04:16.127+0000] {logging_mixin.py:154} INFO - [2023-12-07T17:04:16.126+0000] {dag.py:2941} INFO - Sync 1 DAGs
[2023-12-07T17:04:16.148+0000] {logging_mixin.py:154} INFO - [2023-12-07T17:04:16.147+0000] {dag.py:3722} INFO - Setting next_dagrun for example_skip_dag to 2023-12-06T17:04:16.147527+00:00, run_after=2023-12-07T17:04:16.147527+00:00
[2023-12-07T17:04:16.170+0000] {processor.py:179} INFO - Processing /home/ubuntu/ec2_customer_chum_venv/lib/python3.10/site-packages/airflow/example_dags/example_skip_dag.py took 0.076 seconds
[2023-12-07T17:05:04.123+0000] {processor.py:157} INFO - Started process (PID=5936) to work on /home/ubuntu/ec2_customer_chum_venv/lib/python3.10/site-packages/airflow/example_dags/example_skip_dag.py
[2023-12-07T17:05:04.124+0000] {processor.py:829} INFO - Processing file /home/ubuntu/ec2_customer_chum_venv/lib/python3.10/site-packages/airflow/example_dags/example_skip_dag.py for tasks to queue
[2023-12-07T17:05:04.125+0000] {logging_mixin.py:154} INFO - [2023-12-07T17:05:04.125+0000] {dagbag.py:536} INFO - Filling up the DagBag from /home/ubuntu/ec2_customer_chum_venv/lib/python3.10/site-packages/airflow/example_dags/example_skip_dag.py
[2023-12-07T17:05:04.134+0000] {processor.py:839} INFO - DAG(s) dict_keys(['example_skip_dag']) retrieved from /home/ubuntu/ec2_customer_chum_venv/lib/python3.10/site-packages/airflow/example_dags/example_skip_dag.py
[2023-12-07T17:05:04.153+0000] {logging_mixin.py:154} INFO - [2023-12-07T17:05:04.153+0000] {dag.py:2941} INFO - Sync 1 DAGs
[2023-12-07T17:05:04.176+0000] {logging_mixin.py:154} INFO - [2023-12-07T17:05:04.176+0000] {dag.py:3722} INFO - Setting next_dagrun for example_skip_dag to 2023-12-06T17:05:04.175718+00:00, run_after=2023-12-07T17:05:04.175718+00:00
[2023-12-07T17:05:04.202+0000] {processor.py:179} INFO - Processing /home/ubuntu/ec2_customer_chum_venv/lib/python3.10/site-packages/airflow/example_dags/example_skip_dag.py took 0.083 seconds
[2023-12-07T17:05:45.421+0000] {processor.py:157} INFO - Started process (PID=5980) to work on /home/ubuntu/ec2_customer_chum_venv/lib/python3.10/site-packages/airflow/example_dags/example_skip_dag.py
[2023-12-07T17:05:45.423+0000] {processor.py:829} INFO - Processing file /home/ubuntu/ec2_customer_chum_venv/lib/python3.10/site-packages/airflow/example_dags/example_skip_dag.py for tasks to queue
[2023-12-07T17:05:45.423+0000] {logging_mixin.py:154} INFO - [2023-12-07T17:05:45.423+0000] {dagbag.py:536} INFO - Filling up the DagBag from /home/ubuntu/ec2_customer_chum_venv/lib/python3.10/site-packages/airflow/example_dags/example_skip_dag.py
[2023-12-07T17:05:45.431+0000] {processor.py:839} INFO - DAG(s) dict_keys(['example_skip_dag']) retrieved from /home/ubuntu/ec2_customer_chum_venv/lib/python3.10/site-packages/airflow/example_dags/example_skip_dag.py
[2023-12-07T17:05:45.450+0000] {logging_mixin.py:154} INFO - [2023-12-07T17:05:45.450+0000] {dag.py:2941} INFO - Sync 1 DAGs
[2023-12-07T17:05:45.470+0000] {logging_mixin.py:154} INFO - [2023-12-07T17:05:45.470+0000] {dag.py:3722} INFO - Setting next_dagrun for example_skip_dag to 2023-12-06T17:05:45.469828+00:00, run_after=2023-12-07T17:05:45.469828+00:00
[2023-12-07T17:05:45.491+0000] {processor.py:179} INFO - Processing /home/ubuntu/ec2_customer_chum_venv/lib/python3.10/site-packages/airflow/example_dags/example_skip_dag.py took 0.073 seconds
[2023-12-07T17:06:30.107+0000] {processor.py:157} INFO - Started process (PID=6026) to work on /home/ubuntu/ec2_customer_chum_venv/lib/python3.10/site-packages/airflow/example_dags/example_skip_dag.py
[2023-12-07T17:06:30.109+0000] {processor.py:829} INFO - Processing file /home/ubuntu/ec2_customer_chum_venv/lib/python3.10/site-packages/airflow/example_dags/example_skip_dag.py for tasks to queue
[2023-12-07T17:06:30.110+0000] {logging_mixin.py:154} INFO - [2023-12-07T17:06:30.109+0000] {dagbag.py:536} INFO - Filling up the DagBag from /home/ubuntu/ec2_customer_chum_venv/lib/python3.10/site-packages/airflow/example_dags/example_skip_dag.py
[2023-12-07T17:06:30.118+0000] {processor.py:839} INFO - DAG(s) dict_keys(['example_skip_dag']) retrieved from /home/ubuntu/ec2_customer_chum_venv/lib/python3.10/site-packages/airflow/example_dags/example_skip_dag.py
[2023-12-07T17:06:30.137+0000] {logging_mixin.py:154} INFO - [2023-12-07T17:06:30.137+0000] {dag.py:2941} INFO - Sync 1 DAGs
[2023-12-07T17:06:30.159+0000] {logging_mixin.py:154} INFO - [2023-12-07T17:06:30.159+0000] {dag.py:3722} INFO - Setting next_dagrun for example_skip_dag to 2023-12-06T17:06:30.158829+00:00, run_after=2023-12-07T17:06:30.158829+00:00
[2023-12-07T17:06:30.182+0000] {processor.py:179} INFO - Processing /home/ubuntu/ec2_customer_chum_venv/lib/python3.10/site-packages/airflow/example_dags/example_skip_dag.py took 0.079 seconds
[2023-12-07T17:07:16.671+0000] {processor.py:157} INFO - Started process (PID=6072) to work on /home/ubuntu/ec2_customer_chum_venv/lib/python3.10/site-packages/airflow/example_dags/example_skip_dag.py
[2023-12-07T17:07:16.673+0000] {processor.py:829} INFO - Processing file /home/ubuntu/ec2_customer_chum_venv/lib/python3.10/site-packages/airflow/example_dags/example_skip_dag.py for tasks to queue
[2023-12-07T17:07:16.674+0000] {logging_mixin.py:154} INFO - [2023-12-07T17:07:16.673+0000] {dagbag.py:536} INFO - Filling up the DagBag from /home/ubuntu/ec2_customer_chum_venv/lib/python3.10/site-packages/airflow/example_dags/example_skip_dag.py
[2023-12-07T17:07:16.682+0000] {processor.py:839} INFO - DAG(s) dict_keys(['example_skip_dag']) retrieved from /home/ubuntu/ec2_customer_chum_venv/lib/python3.10/site-packages/airflow/example_dags/example_skip_dag.py
[2023-12-07T17:07:16.700+0000] {logging_mixin.py:154} INFO - [2023-12-07T17:07:16.700+0000] {dag.py:2941} INFO - Sync 1 DAGs
[2023-12-07T17:07:16.722+0000] {logging_mixin.py:154} INFO - [2023-12-07T17:07:16.721+0000] {dag.py:3722} INFO - Setting next_dagrun for example_skip_dag to 2023-12-06T17:07:16.721702+00:00, run_after=2023-12-07T17:07:16.721702+00:00
[2023-12-07T17:07:16.745+0000] {processor.py:179} INFO - Processing /home/ubuntu/ec2_customer_chum_venv/lib/python3.10/site-packages/airflow/example_dags/example_skip_dag.py took 0.077 seconds
[2023-12-07T17:08:00.958+0000] {processor.py:157} INFO - Started process (PID=6118) to work on /home/ubuntu/ec2_customer_chum_venv/lib/python3.10/site-packages/airflow/example_dags/example_skip_dag.py
[2023-12-07T17:08:00.959+0000] {processor.py:829} INFO - Processing file /home/ubuntu/ec2_customer_chum_venv/lib/python3.10/site-packages/airflow/example_dags/example_skip_dag.py for tasks to queue
[2023-12-07T17:08:00.960+0000] {logging_mixin.py:154} INFO - [2023-12-07T17:08:00.960+0000] {dagbag.py:536} INFO - Filling up the DagBag from /home/ubuntu/ec2_customer_chum_venv/lib/python3.10/site-packages/airflow/example_dags/example_skip_dag.py
[2023-12-07T17:08:00.968+0000] {processor.py:839} INFO - DAG(s) dict_keys(['example_skip_dag']) retrieved from /home/ubuntu/ec2_customer_chum_venv/lib/python3.10/site-packages/airflow/example_dags/example_skip_dag.py
[2023-12-07T17:08:00.986+0000] {logging_mixin.py:154} INFO - [2023-12-07T17:08:00.986+0000] {dag.py:2941} INFO - Sync 1 DAGs
[2023-12-07T17:08:01.006+0000] {logging_mixin.py:154} INFO - [2023-12-07T17:08:01.006+0000] {dag.py:3722} INFO - Setting next_dagrun for example_skip_dag to 2023-12-06T17:08:01.006110+00:00, run_after=2023-12-07T17:08:01.006110+00:00
[2023-12-07T17:08:01.029+0000] {processor.py:179} INFO - Processing /home/ubuntu/ec2_customer_chum_venv/lib/python3.10/site-packages/airflow/example_dags/example_skip_dag.py took 0.074 seconds
[2023-12-07T17:08:47.528+0000] {processor.py:157} INFO - Started process (PID=6165) to work on /home/ubuntu/ec2_customer_chum_venv/lib/python3.10/site-packages/airflow/example_dags/example_skip_dag.py
[2023-12-07T17:08:47.529+0000] {processor.py:829} INFO - Processing file /home/ubuntu/ec2_customer_chum_venv/lib/python3.10/site-packages/airflow/example_dags/example_skip_dag.py for tasks to queue
[2023-12-07T17:08:47.530+0000] {logging_mixin.py:154} INFO - [2023-12-07T17:08:47.529+0000] {dagbag.py:536} INFO - Filling up the DagBag from /home/ubuntu/ec2_customer_chum_venv/lib/python3.10/site-packages/airflow/example_dags/example_skip_dag.py
[2023-12-07T17:08:47.538+0000] {processor.py:839} INFO - DAG(s) dict_keys(['example_skip_dag']) retrieved from /home/ubuntu/ec2_customer_chum_venv/lib/python3.10/site-packages/airflow/example_dags/example_skip_dag.py
[2023-12-07T17:08:47.556+0000] {logging_mixin.py:154} INFO - [2023-12-07T17:08:47.556+0000] {dag.py:2941} INFO - Sync 1 DAGs
[2023-12-07T17:08:47.577+0000] {logging_mixin.py:154} INFO - [2023-12-07T17:08:47.576+0000] {dag.py:3722} INFO - Setting next_dagrun for example_skip_dag to 2023-12-06T17:08:47.576663+00:00, run_after=2023-12-07T17:08:47.576663+00:00
[2023-12-07T17:08:47.600+0000] {processor.py:179} INFO - Processing /home/ubuntu/ec2_customer_chum_venv/lib/python3.10/site-packages/airflow/example_dags/example_skip_dag.py took 0.076 seconds
[2023-12-07T17:09:31.899+0000] {processor.py:157} INFO - Started process (PID=6212) to work on /home/ubuntu/ec2_customer_chum_venv/lib/python3.10/site-packages/airflow/example_dags/example_skip_dag.py
[2023-12-07T17:09:31.900+0000] {processor.py:829} INFO - Processing file /home/ubuntu/ec2_customer_chum_venv/lib/python3.10/site-packages/airflow/example_dags/example_skip_dag.py for tasks to queue
[2023-12-07T17:09:31.901+0000] {logging_mixin.py:154} INFO - [2023-12-07T17:09:31.901+0000] {dagbag.py:536} INFO - Filling up the DagBag from /home/ubuntu/ec2_customer_chum_venv/lib/python3.10/site-packages/airflow/example_dags/example_skip_dag.py
[2023-12-07T17:09:31.910+0000] {processor.py:839} INFO - DAG(s) dict_keys(['example_skip_dag']) retrieved from /home/ubuntu/ec2_customer_chum_venv/lib/python3.10/site-packages/airflow/example_dags/example_skip_dag.py
[2023-12-07T17:09:31.928+0000] {logging_mixin.py:154} INFO - [2023-12-07T17:09:31.928+0000] {dag.py:2941} INFO - Sync 1 DAGs
[2023-12-07T17:09:31.949+0000] {logging_mixin.py:154} INFO - [2023-12-07T17:09:31.949+0000] {dag.py:3722} INFO - Setting next_dagrun for example_skip_dag to 2023-12-06T17:09:31.948797+00:00, run_after=2023-12-07T17:09:31.948797+00:00
[2023-12-07T17:09:31.973+0000] {processor.py:179} INFO - Processing /home/ubuntu/ec2_customer_chum_venv/lib/python3.10/site-packages/airflow/example_dags/example_skip_dag.py took 0.077 seconds
[2023-12-07T17:10:13.110+0000] {processor.py:157} INFO - Started process (PID=6254) to work on /home/ubuntu/ec2_customer_chum_venv/lib/python3.10/site-packages/airflow/example_dags/example_skip_dag.py
[2023-12-07T17:10:13.112+0000] {processor.py:829} INFO - Processing file /home/ubuntu/ec2_customer_chum_venv/lib/python3.10/site-packages/airflow/example_dags/example_skip_dag.py for tasks to queue
[2023-12-07T17:10:13.113+0000] {logging_mixin.py:154} INFO - [2023-12-07T17:10:13.112+0000] {dagbag.py:536} INFO - Filling up the DagBag from /home/ubuntu/ec2_customer_chum_venv/lib/python3.10/site-packages/airflow/example_dags/example_skip_dag.py
[2023-12-07T17:10:13.121+0000] {processor.py:839} INFO - DAG(s) dict_keys(['example_skip_dag']) retrieved from /home/ubuntu/ec2_customer_chum_venv/lib/python3.10/site-packages/airflow/example_dags/example_skip_dag.py
[2023-12-07T17:10:13.139+0000] {logging_mixin.py:154} INFO - [2023-12-07T17:10:13.139+0000] {dag.py:2941} INFO - Sync 1 DAGs
[2023-12-07T17:10:13.160+0000] {logging_mixin.py:154} INFO - [2023-12-07T17:10:13.159+0000] {dag.py:3722} INFO - Setting next_dagrun for example_skip_dag to 2023-12-06T17:10:13.159540+00:00, run_after=2023-12-07T17:10:13.159540+00:00
[2023-12-07T17:10:13.182+0000] {processor.py:179} INFO - Processing /home/ubuntu/ec2_customer_chum_venv/lib/python3.10/site-packages/airflow/example_dags/example_skip_dag.py took 0.076 seconds
[2023-12-07T17:10:59.454+0000] {processor.py:157} INFO - Started process (PID=6302) to work on /home/ubuntu/ec2_customer_chum_venv/lib/python3.10/site-packages/airflow/example_dags/example_skip_dag.py
[2023-12-07T17:10:59.456+0000] {processor.py:829} INFO - Processing file /home/ubuntu/ec2_customer_chum_venv/lib/python3.10/site-packages/airflow/example_dags/example_skip_dag.py for tasks to queue
[2023-12-07T17:10:59.456+0000] {logging_mixin.py:154} INFO - [2023-12-07T17:10:59.456+0000] {dagbag.py:536} INFO - Filling up the DagBag from /home/ubuntu/ec2_customer_chum_venv/lib/python3.10/site-packages/airflow/example_dags/example_skip_dag.py
[2023-12-07T17:10:59.464+0000] {processor.py:839} INFO - DAG(s) dict_keys(['example_skip_dag']) retrieved from /home/ubuntu/ec2_customer_chum_venv/lib/python3.10/site-packages/airflow/example_dags/example_skip_dag.py
[2023-12-07T17:10:59.482+0000] {logging_mixin.py:154} INFO - [2023-12-07T17:10:59.482+0000] {dag.py:2941} INFO - Sync 1 DAGs
[2023-12-07T17:10:59.502+0000] {logging_mixin.py:154} INFO - [2023-12-07T17:10:59.502+0000] {dag.py:3722} INFO - Setting next_dagrun for example_skip_dag to 2023-12-06T17:10:59.501891+00:00, run_after=2023-12-07T17:10:59.501891+00:00
[2023-12-07T17:10:59.524+0000] {processor.py:179} INFO - Processing /home/ubuntu/ec2_customer_chum_venv/lib/python3.10/site-packages/airflow/example_dags/example_skip_dag.py took 0.073 seconds
[2023-12-07T17:11:45.811+0000] {processor.py:157} INFO - Started process (PID=6353) to work on /home/ubuntu/ec2_customer_chum_venv/lib/python3.10/site-packages/airflow/example_dags/example_skip_dag.py
[2023-12-07T17:11:45.812+0000] {processor.py:829} INFO - Processing file /home/ubuntu/ec2_customer_chum_venv/lib/python3.10/site-packages/airflow/example_dags/example_skip_dag.py for tasks to queue
[2023-12-07T17:11:45.813+0000] {logging_mixin.py:154} INFO - [2023-12-07T17:11:45.812+0000] {dagbag.py:536} INFO - Filling up the DagBag from /home/ubuntu/ec2_customer_chum_venv/lib/python3.10/site-packages/airflow/example_dags/example_skip_dag.py
[2023-12-07T17:11:45.821+0000] {processor.py:839} INFO - DAG(s) dict_keys(['example_skip_dag']) retrieved from /home/ubuntu/ec2_customer_chum_venv/lib/python3.10/site-packages/airflow/example_dags/example_skip_dag.py
[2023-12-07T17:11:45.839+0000] {logging_mixin.py:154} INFO - [2023-12-07T17:11:45.839+0000] {dag.py:2941} INFO - Sync 1 DAGs
[2023-12-07T17:11:45.859+0000] {logging_mixin.py:154} INFO - [2023-12-07T17:11:45.859+0000] {dag.py:3722} INFO - Setting next_dagrun for example_skip_dag to 2023-12-06T17:11:45.859320+00:00, run_after=2023-12-07T17:11:45.859320+00:00
[2023-12-07T17:11:45.882+0000] {processor.py:179} INFO - Processing /home/ubuntu/ec2_customer_chum_venv/lib/python3.10/site-packages/airflow/example_dags/example_skip_dag.py took 0.075 seconds
[2023-12-07T17:12:30.553+0000] {processor.py:157} INFO - Started process (PID=6399) to work on /home/ubuntu/ec2_customer_chum_venv/lib/python3.10/site-packages/airflow/example_dags/example_skip_dag.py
[2023-12-07T17:12:30.555+0000] {processor.py:829} INFO - Processing file /home/ubuntu/ec2_customer_chum_venv/lib/python3.10/site-packages/airflow/example_dags/example_skip_dag.py for tasks to queue
[2023-12-07T17:12:30.556+0000] {logging_mixin.py:154} INFO - [2023-12-07T17:12:30.556+0000] {dagbag.py:536} INFO - Filling up the DagBag from /home/ubuntu/ec2_customer_chum_venv/lib/python3.10/site-packages/airflow/example_dags/example_skip_dag.py
[2023-12-07T17:12:30.564+0000] {processor.py:839} INFO - DAG(s) dict_keys(['example_skip_dag']) retrieved from /home/ubuntu/ec2_customer_chum_venv/lib/python3.10/site-packages/airflow/example_dags/example_skip_dag.py
[2023-12-07T17:12:30.582+0000] {logging_mixin.py:154} INFO - [2023-12-07T17:12:30.582+0000] {dag.py:2941} INFO - Sync 1 DAGs
[2023-12-07T17:12:30.603+0000] {logging_mixin.py:154} INFO - [2023-12-07T17:12:30.602+0000] {dag.py:3722} INFO - Setting next_dagrun for example_skip_dag to 2023-12-06T17:12:30.602606+00:00, run_after=2023-12-07T17:12:30.602606+00:00
[2023-12-07T17:12:30.627+0000] {processor.py:179} INFO - Processing /home/ubuntu/ec2_customer_chum_venv/lib/python3.10/site-packages/airflow/example_dags/example_skip_dag.py took 0.077 seconds
[2023-12-07T17:13:17.978+0000] {processor.py:157} INFO - Started process (PID=6535) to work on /home/ubuntu/ec2_customer_chum_venv/lib/python3.10/site-packages/airflow/example_dags/example_skip_dag.py
[2023-12-07T17:13:17.979+0000] {processor.py:829} INFO - Processing file /home/ubuntu/ec2_customer_chum_venv/lib/python3.10/site-packages/airflow/example_dags/example_skip_dag.py for tasks to queue
[2023-12-07T17:13:17.980+0000] {logging_mixin.py:154} INFO - [2023-12-07T17:13:17.980+0000] {dagbag.py:536} INFO - Filling up the DagBag from /home/ubuntu/ec2_customer_chum_venv/lib/python3.10/site-packages/airflow/example_dags/example_skip_dag.py
[2023-12-07T17:13:17.988+0000] {processor.py:839} INFO - DAG(s) dict_keys(['example_skip_dag']) retrieved from /home/ubuntu/ec2_customer_chum_venv/lib/python3.10/site-packages/airflow/example_dags/example_skip_dag.py
[2023-12-07T17:13:18.007+0000] {logging_mixin.py:154} INFO - [2023-12-07T17:13:18.006+0000] {dag.py:2941} INFO - Sync 1 DAGs
[2023-12-07T17:13:18.028+0000] {logging_mixin.py:154} INFO - [2023-12-07T17:13:18.028+0000] {dag.py:3722} INFO - Setting next_dagrun for example_skip_dag to 2023-12-06T17:13:18.027735+00:00, run_after=2023-12-07T17:13:18.027735+00:00
[2023-12-07T17:13:18.051+0000] {processor.py:179} INFO - Processing /home/ubuntu/ec2_customer_chum_venv/lib/python3.10/site-packages/airflow/example_dags/example_skip_dag.py took 0.077 seconds
[2023-12-07T17:14:01.048+0000] {processor.py:157} INFO - Started process (PID=6581) to work on /home/ubuntu/ec2_customer_chum_venv/lib/python3.10/site-packages/airflow/example_dags/example_skip_dag.py
[2023-12-07T17:14:01.049+0000] {processor.py:829} INFO - Processing file /home/ubuntu/ec2_customer_chum_venv/lib/python3.10/site-packages/airflow/example_dags/example_skip_dag.py for tasks to queue
[2023-12-07T17:14:01.050+0000] {logging_mixin.py:154} INFO - [2023-12-07T17:14:01.049+0000] {dagbag.py:536} INFO - Filling up the DagBag from /home/ubuntu/ec2_customer_chum_venv/lib/python3.10/site-packages/airflow/example_dags/example_skip_dag.py
[2023-12-07T17:14:01.058+0000] {processor.py:839} INFO - DAG(s) dict_keys(['example_skip_dag']) retrieved from /home/ubuntu/ec2_customer_chum_venv/lib/python3.10/site-packages/airflow/example_dags/example_skip_dag.py
[2023-12-07T17:14:01.076+0000] {logging_mixin.py:154} INFO - [2023-12-07T17:14:01.075+0000] {dag.py:2941} INFO - Sync 1 DAGs
[2023-12-07T17:14:01.097+0000] {logging_mixin.py:154} INFO - [2023-12-07T17:14:01.097+0000] {dag.py:3722} INFO - Setting next_dagrun for example_skip_dag to 2023-12-06T17:14:01.097299+00:00, run_after=2023-12-07T17:14:01.097299+00:00
[2023-12-07T17:14:01.121+0000] {processor.py:179} INFO - Processing /home/ubuntu/ec2_customer_chum_venv/lib/python3.10/site-packages/airflow/example_dags/example_skip_dag.py took 0.077 seconds
[2023-12-07T17:14:47.401+0000] {processor.py:157} INFO - Started process (PID=6694) to work on /home/ubuntu/ec2_customer_chum_venv/lib/python3.10/site-packages/airflow/example_dags/example_skip_dag.py
[2023-12-07T17:14:47.403+0000] {processor.py:829} INFO - Processing file /home/ubuntu/ec2_customer_chum_venv/lib/python3.10/site-packages/airflow/example_dags/example_skip_dag.py for tasks to queue
[2023-12-07T17:14:47.404+0000] {logging_mixin.py:154} INFO - [2023-12-07T17:14:47.403+0000] {dagbag.py:536} INFO - Filling up the DagBag from /home/ubuntu/ec2_customer_chum_venv/lib/python3.10/site-packages/airflow/example_dags/example_skip_dag.py
[2023-12-07T17:14:47.411+0000] {processor.py:839} INFO - DAG(s) dict_keys(['example_skip_dag']) retrieved from /home/ubuntu/ec2_customer_chum_venv/lib/python3.10/site-packages/airflow/example_dags/example_skip_dag.py
[2023-12-07T17:14:47.430+0000] {logging_mixin.py:154} INFO - [2023-12-07T17:14:47.429+0000] {dag.py:2941} INFO - Sync 1 DAGs
[2023-12-07T17:14:47.451+0000] {logging_mixin.py:154} INFO - [2023-12-07T17:14:47.450+0000] {dag.py:3722} INFO - Setting next_dagrun for example_skip_dag to 2023-12-06T17:14:47.450695+00:00, run_after=2023-12-07T17:14:47.450695+00:00
[2023-12-07T17:14:47.475+0000] {processor.py:179} INFO - Processing /home/ubuntu/ec2_customer_chum_venv/lib/python3.10/site-packages/airflow/example_dags/example_skip_dag.py took 0.077 seconds
[2023-12-07T17:15:29.704+0000] {processor.py:157} INFO - Started process (PID=6739) to work on /home/ubuntu/ec2_customer_chum_venv/lib/python3.10/site-packages/airflow/example_dags/example_skip_dag.py
[2023-12-07T17:15:29.706+0000] {processor.py:829} INFO - Processing file /home/ubuntu/ec2_customer_chum_venv/lib/python3.10/site-packages/airflow/example_dags/example_skip_dag.py for tasks to queue
[2023-12-07T17:15:29.706+0000] {logging_mixin.py:154} INFO - [2023-12-07T17:15:29.706+0000] {dagbag.py:536} INFO - Filling up the DagBag from /home/ubuntu/ec2_customer_chum_venv/lib/python3.10/site-packages/airflow/example_dags/example_skip_dag.py
[2023-12-07T17:15:29.714+0000] {processor.py:839} INFO - DAG(s) dict_keys(['example_skip_dag']) retrieved from /home/ubuntu/ec2_customer_chum_venv/lib/python3.10/site-packages/airflow/example_dags/example_skip_dag.py
[2023-12-07T17:15:29.732+0000] {logging_mixin.py:154} INFO - [2023-12-07T17:15:29.732+0000] {dag.py:2941} INFO - Sync 1 DAGs
[2023-12-07T17:15:29.752+0000] {logging_mixin.py:154} INFO - [2023-12-07T17:15:29.752+0000] {dag.py:3722} INFO - Setting next_dagrun for example_skip_dag to 2023-12-06T17:15:29.752130+00:00, run_after=2023-12-07T17:15:29.752130+00:00
[2023-12-07T17:15:29.775+0000] {processor.py:179} INFO - Processing /home/ubuntu/ec2_customer_chum_venv/lib/python3.10/site-packages/airflow/example_dags/example_skip_dag.py took 0.074 seconds
