[2023-12-07T16:49:27.920+0000] {processor.py:157} INFO - Started process (PID=4982) to work on /home/ubuntu/ec2_customer_chum_venv/lib/python3.10/site-packages/airflow/example_dags/example_python_operator.py
[2023-12-07T16:49:27.920+0000] {processor.py:829} INFO - Processing file /home/ubuntu/ec2_customer_chum_venv/lib/python3.10/site-packages/airflow/example_dags/example_python_operator.py for tasks to queue
[2023-12-07T16:49:27.921+0000] {logging_mixin.py:154} INFO - [2023-12-07T16:49:27.921+0000] {dagbag.py:536} INFO - Filling up the DagBag from /home/ubuntu/ec2_customer_chum_venv/lib/python3.10/site-packages/airflow/example_dags/example_python_operator.py
[2023-12-07T16:49:27.931+0000] {logging_mixin.py:154} INFO - [2023-12-07T16:49:27.931+0000] {example_python_operator.py:86} WARNING - The virtalenv_python example task requires virtualenv, please install it.
[2023-12-07T16:49:27.931+0000] {processor.py:839} INFO - DAG(s) dict_keys(['example_python_operator']) retrieved from /home/ubuntu/ec2_customer_chum_venv/lib/python3.10/site-packages/airflow/example_dags/example_python_operator.py
[2023-12-07T16:49:28.046+0000] {logging_mixin.py:154} INFO - [2023-12-07T16:49:28.046+0000] {manager.py:499} INFO - Created Permission View: %s
[2023-12-07T16:49:28.062+0000] {logging_mixin.py:154} INFO - [2023-12-07T16:49:28.061+0000] {manager.py:499} INFO - Created Permission View: %s
[2023-12-07T16:49:28.072+0000] {logging_mixin.py:154} INFO - [2023-12-07T16:49:28.072+0000] {manager.py:499} INFO - Created Permission View: %s
[2023-12-07T16:49:28.072+0000] {logging_mixin.py:154} INFO - [2023-12-07T16:49:28.072+0000] {dag.py:2941} INFO - Sync 1 DAGs
[2023-12-07T16:49:28.084+0000] {logging_mixin.py:154} INFO - [2023-12-07T16:49:28.084+0000] {dag.py:2963} INFO - Creating ORM DAG for example_python_operator
[2023-12-07T16:49:28.085+0000] {logging_mixin.py:154} INFO - [2023-12-07T16:49:28.084+0000] {dag.py:3722} INFO - Setting next_dagrun for example_python_operator to None, run_after=None
[2023-12-07T16:49:28.107+0000] {processor.py:179} INFO - Processing /home/ubuntu/ec2_customer_chum_venv/lib/python3.10/site-packages/airflow/example_dags/example_python_operator.py took 0.191 seconds
[2023-12-07T16:50:17.154+0000] {processor.py:157} INFO - Started process (PID=5028) to work on /home/ubuntu/ec2_customer_chum_venv/lib/python3.10/site-packages/airflow/example_dags/example_python_operator.py
[2023-12-07T16:50:17.155+0000] {processor.py:829} INFO - Processing file /home/ubuntu/ec2_customer_chum_venv/lib/python3.10/site-packages/airflow/example_dags/example_python_operator.py for tasks to queue
[2023-12-07T16:50:17.156+0000] {logging_mixin.py:154} INFO - [2023-12-07T16:50:17.156+0000] {dagbag.py:536} INFO - Filling up the DagBag from /home/ubuntu/ec2_customer_chum_venv/lib/python3.10/site-packages/airflow/example_dags/example_python_operator.py
[2023-12-07T16:50:17.165+0000] {logging_mixin.py:154} INFO - [2023-12-07T16:50:17.165+0000] {example_python_operator.py:86} WARNING - The virtalenv_python example task requires virtualenv, please install it.
[2023-12-07T16:50:17.166+0000] {processor.py:839} INFO - DAG(s) dict_keys(['example_python_operator']) retrieved from /home/ubuntu/ec2_customer_chum_venv/lib/python3.10/site-packages/airflow/example_dags/example_python_operator.py
[2023-12-07T16:50:17.184+0000] {logging_mixin.py:154} INFO - [2023-12-07T16:50:17.184+0000] {dag.py:2941} INFO - Sync 1 DAGs
[2023-12-07T16:50:17.196+0000] {logging_mixin.py:154} INFO - [2023-12-07T16:50:17.196+0000] {dag.py:3722} INFO - Setting next_dagrun for example_python_operator to None, run_after=None
[2023-12-07T16:50:17.220+0000] {processor.py:179} INFO - Processing /home/ubuntu/ec2_customer_chum_venv/lib/python3.10/site-packages/airflow/example_dags/example_python_operator.py took 0.070 seconds
[2023-12-07T16:51:02.402+0000] {processor.py:157} INFO - Started process (PID=5074) to work on /home/ubuntu/ec2_customer_chum_venv/lib/python3.10/site-packages/airflow/example_dags/example_python_operator.py
[2023-12-07T16:51:02.405+0000] {processor.py:829} INFO - Processing file /home/ubuntu/ec2_customer_chum_venv/lib/python3.10/site-packages/airflow/example_dags/example_python_operator.py for tasks to queue
[2023-12-07T16:51:02.406+0000] {logging_mixin.py:154} INFO - [2023-12-07T16:51:02.405+0000] {dagbag.py:536} INFO - Filling up the DagBag from /home/ubuntu/ec2_customer_chum_venv/lib/python3.10/site-packages/airflow/example_dags/example_python_operator.py
[2023-12-07T16:51:02.415+0000] {logging_mixin.py:154} INFO - [2023-12-07T16:51:02.415+0000] {example_python_operator.py:86} WARNING - The virtalenv_python example task requires virtualenv, please install it.
[2023-12-07T16:51:02.416+0000] {processor.py:839} INFO - DAG(s) dict_keys(['example_python_operator']) retrieved from /home/ubuntu/ec2_customer_chum_venv/lib/python3.10/site-packages/airflow/example_dags/example_python_operator.py
[2023-12-07T16:51:02.434+0000] {logging_mixin.py:154} INFO - [2023-12-07T16:51:02.434+0000] {dag.py:2941} INFO - Sync 1 DAGs
[2023-12-07T16:51:02.447+0000] {logging_mixin.py:154} INFO - [2023-12-07T16:51:02.447+0000] {dag.py:3722} INFO - Setting next_dagrun for example_python_operator to None, run_after=None
[2023-12-07T16:51:02.476+0000] {processor.py:179} INFO - Processing /home/ubuntu/ec2_customer_chum_venv/lib/python3.10/site-packages/airflow/example_dags/example_python_operator.py took 0.078 seconds
[2023-12-07T16:51:52.784+0000] {processor.py:157} INFO - Started process (PID=5124) to work on /home/ubuntu/ec2_customer_chum_venv/lib/python3.10/site-packages/airflow/example_dags/example_python_operator.py
[2023-12-07T16:51:52.786+0000] {processor.py:829} INFO - Processing file /home/ubuntu/ec2_customer_chum_venv/lib/python3.10/site-packages/airflow/example_dags/example_python_operator.py for tasks to queue
[2023-12-07T16:51:52.787+0000] {logging_mixin.py:154} INFO - [2023-12-07T16:51:52.786+0000] {dagbag.py:536} INFO - Filling up the DagBag from /home/ubuntu/ec2_customer_chum_venv/lib/python3.10/site-packages/airflow/example_dags/example_python_operator.py
[2023-12-07T16:51:52.796+0000] {logging_mixin.py:154} INFO - [2023-12-07T16:51:52.796+0000] {example_python_operator.py:86} WARNING - The virtalenv_python example task requires virtualenv, please install it.
[2023-12-07T16:51:52.797+0000] {processor.py:839} INFO - DAG(s) dict_keys(['example_python_operator']) retrieved from /home/ubuntu/ec2_customer_chum_venv/lib/python3.10/site-packages/airflow/example_dags/example_python_operator.py
[2023-12-07T16:51:52.815+0000] {logging_mixin.py:154} INFO - [2023-12-07T16:51:52.815+0000] {dag.py:2941} INFO - Sync 1 DAGs
[2023-12-07T16:51:52.827+0000] {logging_mixin.py:154} INFO - [2023-12-07T16:51:52.827+0000] {dag.py:3722} INFO - Setting next_dagrun for example_python_operator to None, run_after=None
[2023-12-07T16:51:52.849+0000] {processor.py:179} INFO - Processing /home/ubuntu/ec2_customer_chum_venv/lib/python3.10/site-packages/airflow/example_dags/example_python_operator.py took 0.068 seconds
[2023-12-07T16:52:41.629+0000] {processor.py:157} INFO - Started process (PID=5176) to work on /home/ubuntu/ec2_customer_chum_venv/lib/python3.10/site-packages/airflow/example_dags/example_python_operator.py
[2023-12-07T16:52:41.630+0000] {processor.py:829} INFO - Processing file /home/ubuntu/ec2_customer_chum_venv/lib/python3.10/site-packages/airflow/example_dags/example_python_operator.py for tasks to queue
[2023-12-07T16:52:41.631+0000] {logging_mixin.py:154} INFO - [2023-12-07T16:52:41.631+0000] {dagbag.py:536} INFO - Filling up the DagBag from /home/ubuntu/ec2_customer_chum_venv/lib/python3.10/site-packages/airflow/example_dags/example_python_operator.py
[2023-12-07T16:52:41.640+0000] {logging_mixin.py:154} INFO - [2023-12-07T16:52:41.640+0000] {example_python_operator.py:86} WARNING - The virtalenv_python example task requires virtualenv, please install it.
[2023-12-07T16:52:41.641+0000] {processor.py:839} INFO - DAG(s) dict_keys(['example_python_operator']) retrieved from /home/ubuntu/ec2_customer_chum_venv/lib/python3.10/site-packages/airflow/example_dags/example_python_operator.py
[2023-12-07T16:52:41.659+0000] {logging_mixin.py:154} INFO - [2023-12-07T16:52:41.659+0000] {dag.py:2941} INFO - Sync 1 DAGs
[2023-12-07T16:52:41.671+0000] {logging_mixin.py:154} INFO - [2023-12-07T16:52:41.671+0000] {dag.py:3722} INFO - Setting next_dagrun for example_python_operator to None, run_after=None
[2023-12-07T16:52:41.696+0000] {processor.py:179} INFO - Processing /home/ubuntu/ec2_customer_chum_venv/lib/python3.10/site-packages/airflow/example_dags/example_python_operator.py took 0.071 seconds
[2023-12-07T16:53:58.750+0000] {processor.py:157} INFO - Started process (PID=5244) to work on /home/ubuntu/ec2_customer_chum_venv/lib/python3.10/site-packages/airflow/example_dags/example_python_operator.py
[2023-12-07T16:53:58.752+0000] {processor.py:829} INFO - Processing file /home/ubuntu/ec2_customer_chum_venv/lib/python3.10/site-packages/airflow/example_dags/example_python_operator.py for tasks to queue
[2023-12-07T16:53:58.753+0000] {logging_mixin.py:154} INFO - [2023-12-07T16:53:58.752+0000] {dagbag.py:536} INFO - Filling up the DagBag from /home/ubuntu/ec2_customer_chum_venv/lib/python3.10/site-packages/airflow/example_dags/example_python_operator.py
[2023-12-07T16:53:58.762+0000] {logging_mixin.py:154} INFO - [2023-12-07T16:53:58.762+0000] {example_python_operator.py:86} WARNING - The virtalenv_python example task requires virtualenv, please install it.
[2023-12-07T16:53:58.762+0000] {processor.py:839} INFO - DAG(s) dict_keys(['example_python_operator']) retrieved from /home/ubuntu/ec2_customer_chum_venv/lib/python3.10/site-packages/airflow/example_dags/example_python_operator.py
[2023-12-07T16:53:58.771+0000] {logging_mixin.py:154} INFO - [2023-12-07T16:53:58.770+0000] {dag.py:2941} INFO - Sync 1 DAGs
[2023-12-07T16:53:58.784+0000] {logging_mixin.py:154} INFO - [2023-12-07T16:53:58.784+0000] {dag.py:3722} INFO - Setting next_dagrun for example_python_operator to None, run_after=None
[2023-12-07T16:53:58.808+0000] {processor.py:179} INFO - Processing /home/ubuntu/ec2_customer_chum_venv/lib/python3.10/site-packages/airflow/example_dags/example_python_operator.py took 0.062 seconds
[2023-12-07T16:54:44.228+0000] {processor.py:157} INFO - Started process (PID=5293) to work on /home/ubuntu/ec2_customer_chum_venv/lib/python3.10/site-packages/airflow/example_dags/example_python_operator.py
[2023-12-07T16:54:44.229+0000] {processor.py:829} INFO - Processing file /home/ubuntu/ec2_customer_chum_venv/lib/python3.10/site-packages/airflow/example_dags/example_python_operator.py for tasks to queue
[2023-12-07T16:54:44.230+0000] {logging_mixin.py:154} INFO - [2023-12-07T16:54:44.229+0000] {dagbag.py:536} INFO - Filling up the DagBag from /home/ubuntu/ec2_customer_chum_venv/lib/python3.10/site-packages/airflow/example_dags/example_python_operator.py
[2023-12-07T16:54:44.240+0000] {logging_mixin.py:154} INFO - [2023-12-07T16:54:44.239+0000] {example_python_operator.py:86} WARNING - The virtalenv_python example task requires virtualenv, please install it.
[2023-12-07T16:54:44.240+0000] {processor.py:839} INFO - DAG(s) dict_keys(['example_python_operator']) retrieved from /home/ubuntu/ec2_customer_chum_venv/lib/python3.10/site-packages/airflow/example_dags/example_python_operator.py
[2023-12-07T16:54:44.259+0000] {logging_mixin.py:154} INFO - [2023-12-07T16:54:44.259+0000] {dag.py:2941} INFO - Sync 1 DAGs
[2023-12-07T16:54:44.271+0000] {logging_mixin.py:154} INFO - [2023-12-07T16:54:44.271+0000] {dag.py:3722} INFO - Setting next_dagrun for example_python_operator to None, run_after=None
[2023-12-07T16:54:44.293+0000] {processor.py:179} INFO - Processing /home/ubuntu/ec2_customer_chum_venv/lib/python3.10/site-packages/airflow/example_dags/example_python_operator.py took 0.069 seconds
[2023-12-07T16:55:30.040+0000] {processor.py:157} INFO - Started process (PID=5340) to work on /home/ubuntu/ec2_customer_chum_venv/lib/python3.10/site-packages/airflow/example_dags/example_python_operator.py
[2023-12-07T16:55:30.043+0000] {processor.py:829} INFO - Processing file /home/ubuntu/ec2_customer_chum_venv/lib/python3.10/site-packages/airflow/example_dags/example_python_operator.py for tasks to queue
[2023-12-07T16:55:30.044+0000] {logging_mixin.py:154} INFO - [2023-12-07T16:55:30.044+0000] {dagbag.py:536} INFO - Filling up the DagBag from /home/ubuntu/ec2_customer_chum_venv/lib/python3.10/site-packages/airflow/example_dags/example_python_operator.py
[2023-12-07T16:55:30.054+0000] {logging_mixin.py:154} INFO - [2023-12-07T16:55:30.054+0000] {example_python_operator.py:86} WARNING - The virtalenv_python example task requires virtualenv, please install it.
[2023-12-07T16:55:30.055+0000] {processor.py:839} INFO - DAG(s) dict_keys(['example_python_operator']) retrieved from /home/ubuntu/ec2_customer_chum_venv/lib/python3.10/site-packages/airflow/example_dags/example_python_operator.py
[2023-12-07T16:55:30.074+0000] {logging_mixin.py:154} INFO - [2023-12-07T16:55:30.074+0000] {dag.py:2941} INFO - Sync 1 DAGs
[2023-12-07T16:55:30.087+0000] {logging_mixin.py:154} INFO - [2023-12-07T16:55:30.087+0000] {dag.py:3722} INFO - Setting next_dagrun for example_python_operator to None, run_after=None
[2023-12-07T16:55:30.112+0000] {processor.py:179} INFO - Processing /home/ubuntu/ec2_customer_chum_venv/lib/python3.10/site-packages/airflow/example_dags/example_python_operator.py took 0.076 seconds
[2023-12-07T16:56:15.386+0000] {processor.py:157} INFO - Started process (PID=5386) to work on /home/ubuntu/ec2_customer_chum_venv/lib/python3.10/site-packages/airflow/example_dags/example_python_operator.py
[2023-12-07T16:56:15.387+0000] {processor.py:829} INFO - Processing file /home/ubuntu/ec2_customer_chum_venv/lib/python3.10/site-packages/airflow/example_dags/example_python_operator.py for tasks to queue
[2023-12-07T16:56:15.388+0000] {logging_mixin.py:154} INFO - [2023-12-07T16:56:15.388+0000] {dagbag.py:536} INFO - Filling up the DagBag from /home/ubuntu/ec2_customer_chum_venv/lib/python3.10/site-packages/airflow/example_dags/example_python_operator.py
[2023-12-07T16:56:15.397+0000] {logging_mixin.py:154} INFO - [2023-12-07T16:56:15.397+0000] {example_python_operator.py:86} WARNING - The virtalenv_python example task requires virtualenv, please install it.
[2023-12-07T16:56:15.398+0000] {processor.py:839} INFO - DAG(s) dict_keys(['example_python_operator']) retrieved from /home/ubuntu/ec2_customer_chum_venv/lib/python3.10/site-packages/airflow/example_dags/example_python_operator.py
[2023-12-07T16:56:15.416+0000] {logging_mixin.py:154} INFO - [2023-12-07T16:56:15.416+0000] {dag.py:2941} INFO - Sync 1 DAGs
[2023-12-07T16:56:15.428+0000] {logging_mixin.py:154} INFO - [2023-12-07T16:56:15.428+0000] {dag.py:3722} INFO - Setting next_dagrun for example_python_operator to None, run_after=None
[2023-12-07T16:56:15.450+0000] {processor.py:179} INFO - Processing /home/ubuntu/ec2_customer_chum_venv/lib/python3.10/site-packages/airflow/example_dags/example_python_operator.py took 0.068 seconds
[2023-12-07T16:56:57.428+0000] {processor.py:157} INFO - Started process (PID=5432) to work on /home/ubuntu/ec2_customer_chum_venv/lib/python3.10/site-packages/airflow/example_dags/example_python_operator.py
[2023-12-07T16:56:57.429+0000] {processor.py:829} INFO - Processing file /home/ubuntu/ec2_customer_chum_venv/lib/python3.10/site-packages/airflow/example_dags/example_python_operator.py for tasks to queue
[2023-12-07T16:56:57.430+0000] {logging_mixin.py:154} INFO - [2023-12-07T16:56:57.430+0000] {dagbag.py:536} INFO - Filling up the DagBag from /home/ubuntu/ec2_customer_chum_venv/lib/python3.10/site-packages/airflow/example_dags/example_python_operator.py
[2023-12-07T16:56:57.440+0000] {logging_mixin.py:154} INFO - [2023-12-07T16:56:57.439+0000] {example_python_operator.py:86} WARNING - The virtalenv_python example task requires virtualenv, please install it.
[2023-12-07T16:56:57.440+0000] {processor.py:839} INFO - DAG(s) dict_keys(['example_python_operator']) retrieved from /home/ubuntu/ec2_customer_chum_venv/lib/python3.10/site-packages/airflow/example_dags/example_python_operator.py
[2023-12-07T16:56:57.459+0000] {logging_mixin.py:154} INFO - [2023-12-07T16:56:57.459+0000] {dag.py:2941} INFO - Sync 1 DAGs
[2023-12-07T16:56:57.471+0000] {logging_mixin.py:154} INFO - [2023-12-07T16:56:57.470+0000] {dag.py:3722} INFO - Setting next_dagrun for example_python_operator to None, run_after=None
[2023-12-07T16:56:57.494+0000] {processor.py:179} INFO - Processing /home/ubuntu/ec2_customer_chum_venv/lib/python3.10/site-packages/airflow/example_dags/example_python_operator.py took 0.069 seconds
[2023-12-07T16:57:40.911+0000] {processor.py:157} INFO - Started process (PID=5479) to work on /home/ubuntu/ec2_customer_chum_venv/lib/python3.10/site-packages/airflow/example_dags/example_python_operator.py
[2023-12-07T16:57:40.912+0000] {processor.py:829} INFO - Processing file /home/ubuntu/ec2_customer_chum_venv/lib/python3.10/site-packages/airflow/example_dags/example_python_operator.py for tasks to queue
[2023-12-07T16:57:40.913+0000] {logging_mixin.py:154} INFO - [2023-12-07T16:57:40.913+0000] {dagbag.py:536} INFO - Filling up the DagBag from /home/ubuntu/ec2_customer_chum_venv/lib/python3.10/site-packages/airflow/example_dags/example_python_operator.py
[2023-12-07T16:57:40.923+0000] {logging_mixin.py:154} INFO - [2023-12-07T16:57:40.923+0000] {example_python_operator.py:86} WARNING - The virtalenv_python example task requires virtualenv, please install it.
[2023-12-07T16:57:40.924+0000] {processor.py:839} INFO - DAG(s) dict_keys(['example_python_operator']) retrieved from /home/ubuntu/ec2_customer_chum_venv/lib/python3.10/site-packages/airflow/example_dags/example_python_operator.py
[2023-12-07T16:57:40.943+0000] {logging_mixin.py:154} INFO - [2023-12-07T16:57:40.942+0000] {dag.py:2941} INFO - Sync 1 DAGs
[2023-12-07T16:57:40.955+0000] {logging_mixin.py:154} INFO - [2023-12-07T16:57:40.955+0000] {dag.py:3722} INFO - Setting next_dagrun for example_python_operator to None, run_after=None
[2023-12-07T16:57:40.978+0000] {processor.py:179} INFO - Processing /home/ubuntu/ec2_customer_chum_venv/lib/python3.10/site-packages/airflow/example_dags/example_python_operator.py took 0.071 seconds
[2023-12-07T16:58:24.627+0000] {processor.py:157} INFO - Started process (PID=5523) to work on /home/ubuntu/ec2_customer_chum_venv/lib/python3.10/site-packages/airflow/example_dags/example_python_operator.py
[2023-12-07T16:58:24.628+0000] {processor.py:829} INFO - Processing file /home/ubuntu/ec2_customer_chum_venv/lib/python3.10/site-packages/airflow/example_dags/example_python_operator.py for tasks to queue
[2023-12-07T16:58:24.629+0000] {logging_mixin.py:154} INFO - [2023-12-07T16:58:24.628+0000] {dagbag.py:536} INFO - Filling up the DagBag from /home/ubuntu/ec2_customer_chum_venv/lib/python3.10/site-packages/airflow/example_dags/example_python_operator.py
[2023-12-07T16:58:24.638+0000] {logging_mixin.py:154} INFO - [2023-12-07T16:58:24.638+0000] {example_python_operator.py:86} WARNING - The virtalenv_python example task requires virtualenv, please install it.
[2023-12-07T16:58:24.639+0000] {processor.py:839} INFO - DAG(s) dict_keys(['example_python_operator']) retrieved from /home/ubuntu/ec2_customer_chum_venv/lib/python3.10/site-packages/airflow/example_dags/example_python_operator.py
[2023-12-07T16:58:24.657+0000] {logging_mixin.py:154} INFO - [2023-12-07T16:58:24.657+0000] {dag.py:2941} INFO - Sync 1 DAGs
[2023-12-07T16:58:24.669+0000] {logging_mixin.py:154} INFO - [2023-12-07T16:58:24.669+0000] {dag.py:3722} INFO - Setting next_dagrun for example_python_operator to None, run_after=None
[2023-12-07T16:58:24.690+0000] {processor.py:179} INFO - Processing /home/ubuntu/ec2_customer_chum_venv/lib/python3.10/site-packages/airflow/example_dags/example_python_operator.py took 0.067 seconds
[2023-12-07T16:59:07.325+0000] {processor.py:157} INFO - Started process (PID=5569) to work on /home/ubuntu/ec2_customer_chum_venv/lib/python3.10/site-packages/airflow/example_dags/example_python_operator.py
[2023-12-07T16:59:07.326+0000] {processor.py:829} INFO - Processing file /home/ubuntu/ec2_customer_chum_venv/lib/python3.10/site-packages/airflow/example_dags/example_python_operator.py for tasks to queue
[2023-12-07T16:59:07.327+0000] {logging_mixin.py:154} INFO - [2023-12-07T16:59:07.327+0000] {dagbag.py:536} INFO - Filling up the DagBag from /home/ubuntu/ec2_customer_chum_venv/lib/python3.10/site-packages/airflow/example_dags/example_python_operator.py
[2023-12-07T16:59:07.337+0000] {logging_mixin.py:154} INFO - [2023-12-07T16:59:07.337+0000] {example_python_operator.py:86} WARNING - The virtalenv_python example task requires virtualenv, please install it.
[2023-12-07T16:59:07.337+0000] {processor.py:839} INFO - DAG(s) dict_keys(['example_python_operator']) retrieved from /home/ubuntu/ec2_customer_chum_venv/lib/python3.10/site-packages/airflow/example_dags/example_python_operator.py
[2023-12-07T16:59:07.365+0000] {logging_mixin.py:154} INFO - [2023-12-07T16:59:07.364+0000] {dag.py:2941} INFO - Sync 1 DAGs
[2023-12-07T16:59:07.377+0000] {logging_mixin.py:154} INFO - [2023-12-07T16:59:07.377+0000] {dag.py:3722} INFO - Setting next_dagrun for example_python_operator to None, run_after=None
[2023-12-07T16:59:07.403+0000] {processor.py:179} INFO - Processing /home/ubuntu/ec2_customer_chum_venv/lib/python3.10/site-packages/airflow/example_dags/example_python_operator.py took 0.081 seconds
[2023-12-07T16:59:52.188+0000] {processor.py:157} INFO - Started process (PID=5616) to work on /home/ubuntu/ec2_customer_chum_venv/lib/python3.10/site-packages/airflow/example_dags/example_python_operator.py
[2023-12-07T16:59:52.190+0000] {processor.py:829} INFO - Processing file /home/ubuntu/ec2_customer_chum_venv/lib/python3.10/site-packages/airflow/example_dags/example_python_operator.py for tasks to queue
[2023-12-07T16:59:52.191+0000] {logging_mixin.py:154} INFO - [2023-12-07T16:59:52.190+0000] {dagbag.py:536} INFO - Filling up the DagBag from /home/ubuntu/ec2_customer_chum_venv/lib/python3.10/site-packages/airflow/example_dags/example_python_operator.py
[2023-12-07T16:59:52.200+0000] {logging_mixin.py:154} INFO - [2023-12-07T16:59:52.200+0000] {example_python_operator.py:86} WARNING - The virtalenv_python example task requires virtualenv, please install it.
[2023-12-07T16:59:52.201+0000] {processor.py:839} INFO - DAG(s) dict_keys(['example_python_operator']) retrieved from /home/ubuntu/ec2_customer_chum_venv/lib/python3.10/site-packages/airflow/example_dags/example_python_operator.py
[2023-12-07T16:59:52.220+0000] {logging_mixin.py:154} INFO - [2023-12-07T16:59:52.220+0000] {dag.py:2941} INFO - Sync 1 DAGs
[2023-12-07T16:59:52.233+0000] {logging_mixin.py:154} INFO - [2023-12-07T16:59:52.233+0000] {dag.py:3722} INFO - Setting next_dagrun for example_python_operator to None, run_after=None
[2023-12-07T16:59:52.257+0000] {processor.py:179} INFO - Processing /home/ubuntu/ec2_customer_chum_venv/lib/python3.10/site-packages/airflow/example_dags/example_python_operator.py took 0.072 seconds
[2023-12-07T17:00:39.252+0000] {processor.py:157} INFO - Started process (PID=5663) to work on /home/ubuntu/ec2_customer_chum_venv/lib/python3.10/site-packages/airflow/example_dags/example_python_operator.py
[2023-12-07T17:00:39.253+0000] {processor.py:829} INFO - Processing file /home/ubuntu/ec2_customer_chum_venv/lib/python3.10/site-packages/airflow/example_dags/example_python_operator.py for tasks to queue
[2023-12-07T17:00:39.254+0000] {logging_mixin.py:154} INFO - [2023-12-07T17:00:39.254+0000] {dagbag.py:536} INFO - Filling up the DagBag from /home/ubuntu/ec2_customer_chum_venv/lib/python3.10/site-packages/airflow/example_dags/example_python_operator.py
[2023-12-07T17:00:39.264+0000] {logging_mixin.py:154} INFO - [2023-12-07T17:00:39.264+0000] {example_python_operator.py:86} WARNING - The virtalenv_python example task requires virtualenv, please install it.
[2023-12-07T17:00:39.264+0000] {processor.py:839} INFO - DAG(s) dict_keys(['example_python_operator']) retrieved from /home/ubuntu/ec2_customer_chum_venv/lib/python3.10/site-packages/airflow/example_dags/example_python_operator.py
[2023-12-07T17:00:39.283+0000] {logging_mixin.py:154} INFO - [2023-12-07T17:00:39.283+0000] {dag.py:2941} INFO - Sync 1 DAGs
[2023-12-07T17:00:39.295+0000] {logging_mixin.py:154} INFO - [2023-12-07T17:00:39.295+0000] {dag.py:3722} INFO - Setting next_dagrun for example_python_operator to None, run_after=None
[2023-12-07T17:00:39.348+0000] {processor.py:179} INFO - Processing /home/ubuntu/ec2_customer_chum_venv/lib/python3.10/site-packages/airflow/example_dags/example_python_operator.py took 0.099 seconds
[2023-12-07T17:01:26.237+0000] {processor.py:157} INFO - Started process (PID=5711) to work on /home/ubuntu/ec2_customer_chum_venv/lib/python3.10/site-packages/airflow/example_dags/example_python_operator.py
[2023-12-07T17:01:26.238+0000] {processor.py:829} INFO - Processing file /home/ubuntu/ec2_customer_chum_venv/lib/python3.10/site-packages/airflow/example_dags/example_python_operator.py for tasks to queue
[2023-12-07T17:01:26.239+0000] {logging_mixin.py:154} INFO - [2023-12-07T17:01:26.239+0000] {dagbag.py:536} INFO - Filling up the DagBag from /home/ubuntu/ec2_customer_chum_venv/lib/python3.10/site-packages/airflow/example_dags/example_python_operator.py
[2023-12-07T17:01:26.249+0000] {logging_mixin.py:154} INFO - [2023-12-07T17:01:26.249+0000] {example_python_operator.py:86} WARNING - The virtalenv_python example task requires virtualenv, please install it.
[2023-12-07T17:01:26.249+0000] {processor.py:839} INFO - DAG(s) dict_keys(['example_python_operator']) retrieved from /home/ubuntu/ec2_customer_chum_venv/lib/python3.10/site-packages/airflow/example_dags/example_python_operator.py
[2023-12-07T17:01:26.268+0000] {logging_mixin.py:154} INFO - [2023-12-07T17:01:26.268+0000] {dag.py:2941} INFO - Sync 1 DAGs
[2023-12-07T17:01:26.281+0000] {logging_mixin.py:154} INFO - [2023-12-07T17:01:26.280+0000] {dag.py:3722} INFO - Setting next_dagrun for example_python_operator to None, run_after=None
[2023-12-07T17:01:26.305+0000] {processor.py:179} INFO - Processing /home/ubuntu/ec2_customer_chum_venv/lib/python3.10/site-packages/airflow/example_dags/example_python_operator.py took 0.071 seconds
[2023-12-07T17:02:11.663+0000] {processor.py:157} INFO - Started process (PID=5757) to work on /home/ubuntu/ec2_customer_chum_venv/lib/python3.10/site-packages/airflow/example_dags/example_python_operator.py
[2023-12-07T17:02:11.664+0000] {processor.py:829} INFO - Processing file /home/ubuntu/ec2_customer_chum_venv/lib/python3.10/site-packages/airflow/example_dags/example_python_operator.py for tasks to queue
[2023-12-07T17:02:11.665+0000] {logging_mixin.py:154} INFO - [2023-12-07T17:02:11.665+0000] {dagbag.py:536} INFO - Filling up the DagBag from /home/ubuntu/ec2_customer_chum_venv/lib/python3.10/site-packages/airflow/example_dags/example_python_operator.py
[2023-12-07T17:02:11.675+0000] {logging_mixin.py:154} INFO - [2023-12-07T17:02:11.674+0000] {example_python_operator.py:86} WARNING - The virtalenv_python example task requires virtualenv, please install it.
[2023-12-07T17:02:11.675+0000] {processor.py:839} INFO - DAG(s) dict_keys(['example_python_operator']) retrieved from /home/ubuntu/ec2_customer_chum_venv/lib/python3.10/site-packages/airflow/example_dags/example_python_operator.py
[2023-12-07T17:02:11.693+0000] {logging_mixin.py:154} INFO - [2023-12-07T17:02:11.693+0000] {dag.py:2941} INFO - Sync 1 DAGs
[2023-12-07T17:02:11.705+0000] {logging_mixin.py:154} INFO - [2023-12-07T17:02:11.705+0000] {dag.py:3722} INFO - Setting next_dagrun for example_python_operator to None, run_after=None
[2023-12-07T17:02:11.728+0000] {processor.py:179} INFO - Processing /home/ubuntu/ec2_customer_chum_venv/lib/python3.10/site-packages/airflow/example_dags/example_python_operator.py took 0.068 seconds
[2023-12-07T17:02:59.250+0000] {processor.py:157} INFO - Started process (PID=5805) to work on /home/ubuntu/ec2_customer_chum_venv/lib/python3.10/site-packages/airflow/example_dags/example_python_operator.py
[2023-12-07T17:02:59.252+0000] {processor.py:829} INFO - Processing file /home/ubuntu/ec2_customer_chum_venv/lib/python3.10/site-packages/airflow/example_dags/example_python_operator.py for tasks to queue
[2023-12-07T17:02:59.252+0000] {logging_mixin.py:154} INFO - [2023-12-07T17:02:59.252+0000] {dagbag.py:536} INFO - Filling up the DagBag from /home/ubuntu/ec2_customer_chum_venv/lib/python3.10/site-packages/airflow/example_dags/example_python_operator.py
[2023-12-07T17:02:59.262+0000] {logging_mixin.py:154} INFO - [2023-12-07T17:02:59.262+0000] {example_python_operator.py:86} WARNING - The virtalenv_python example task requires virtualenv, please install it.
[2023-12-07T17:02:59.262+0000] {processor.py:839} INFO - DAG(s) dict_keys(['example_python_operator']) retrieved from /home/ubuntu/ec2_customer_chum_venv/lib/python3.10/site-packages/airflow/example_dags/example_python_operator.py
[2023-12-07T17:02:59.280+0000] {logging_mixin.py:154} INFO - [2023-12-07T17:02:59.280+0000] {dag.py:2941} INFO - Sync 1 DAGs
[2023-12-07T17:02:59.292+0000] {logging_mixin.py:154} INFO - [2023-12-07T17:02:59.292+0000] {dag.py:3722} INFO - Setting next_dagrun for example_python_operator to None, run_after=None
[2023-12-07T17:02:59.316+0000] {processor.py:179} INFO - Processing /home/ubuntu/ec2_customer_chum_venv/lib/python3.10/site-packages/airflow/example_dags/example_python_operator.py took 0.069 seconds
[2023-12-07T17:03:45.818+0000] {processor.py:157} INFO - Started process (PID=5854) to work on /home/ubuntu/ec2_customer_chum_venv/lib/python3.10/site-packages/airflow/example_dags/example_python_operator.py
[2023-12-07T17:03:45.819+0000] {processor.py:829} INFO - Processing file /home/ubuntu/ec2_customer_chum_venv/lib/python3.10/site-packages/airflow/example_dags/example_python_operator.py for tasks to queue
[2023-12-07T17:03:45.820+0000] {logging_mixin.py:154} INFO - [2023-12-07T17:03:45.820+0000] {dagbag.py:536} INFO - Filling up the DagBag from /home/ubuntu/ec2_customer_chum_venv/lib/python3.10/site-packages/airflow/example_dags/example_python_operator.py
[2023-12-07T17:03:45.830+0000] {logging_mixin.py:154} INFO - [2023-12-07T17:03:45.830+0000] {example_python_operator.py:86} WARNING - The virtalenv_python example task requires virtualenv, please install it.
[2023-12-07T17:03:45.830+0000] {processor.py:839} INFO - DAG(s) dict_keys(['example_python_operator']) retrieved from /home/ubuntu/ec2_customer_chum_venv/lib/python3.10/site-packages/airflow/example_dags/example_python_operator.py
[2023-12-07T17:03:45.849+0000] {logging_mixin.py:154} INFO - [2023-12-07T17:03:45.848+0000] {dag.py:2941} INFO - Sync 1 DAGs
[2023-12-07T17:03:45.861+0000] {logging_mixin.py:154} INFO - [2023-12-07T17:03:45.861+0000] {dag.py:3722} INFO - Setting next_dagrun for example_python_operator to None, run_after=None
[2023-12-07T17:03:45.885+0000] {processor.py:179} INFO - Processing /home/ubuntu/ec2_customer_chum_venv/lib/python3.10/site-packages/airflow/example_dags/example_python_operator.py took 0.070 seconds
[2023-12-07T17:04:27.940+0000] {processor.py:157} INFO - Started process (PID=5896) to work on /home/ubuntu/ec2_customer_chum_venv/lib/python3.10/site-packages/airflow/example_dags/example_python_operator.py
[2023-12-07T17:04:27.942+0000] {processor.py:829} INFO - Processing file /home/ubuntu/ec2_customer_chum_venv/lib/python3.10/site-packages/airflow/example_dags/example_python_operator.py for tasks to queue
[2023-12-07T17:04:27.942+0000] {logging_mixin.py:154} INFO - [2023-12-07T17:04:27.942+0000] {dagbag.py:536} INFO - Filling up the DagBag from /home/ubuntu/ec2_customer_chum_venv/lib/python3.10/site-packages/airflow/example_dags/example_python_operator.py
[2023-12-07T17:04:27.952+0000] {logging_mixin.py:154} INFO - [2023-12-07T17:04:27.952+0000] {example_python_operator.py:86} WARNING - The virtalenv_python example task requires virtualenv, please install it.
[2023-12-07T17:04:27.952+0000] {processor.py:839} INFO - DAG(s) dict_keys(['example_python_operator']) retrieved from /home/ubuntu/ec2_customer_chum_venv/lib/python3.10/site-packages/airflow/example_dags/example_python_operator.py
[2023-12-07T17:04:27.971+0000] {logging_mixin.py:154} INFO - [2023-12-07T17:04:27.971+0000] {dag.py:2941} INFO - Sync 1 DAGs
[2023-12-07T17:04:27.983+0000] {logging_mixin.py:154} INFO - [2023-12-07T17:04:27.983+0000] {dag.py:3722} INFO - Setting next_dagrun for example_python_operator to None, run_after=None
[2023-12-07T17:04:28.008+0000] {processor.py:179} INFO - Processing /home/ubuntu/ec2_customer_chum_venv/lib/python3.10/site-packages/airflow/example_dags/example_python_operator.py took 0.072 seconds
[2023-12-07T17:05:12.797+0000] {processor.py:157} INFO - Started process (PID=5945) to work on /home/ubuntu/ec2_customer_chum_venv/lib/python3.10/site-packages/airflow/example_dags/example_python_operator.py
[2023-12-07T17:05:12.798+0000] {processor.py:829} INFO - Processing file /home/ubuntu/ec2_customer_chum_venv/lib/python3.10/site-packages/airflow/example_dags/example_python_operator.py for tasks to queue
[2023-12-07T17:05:12.799+0000] {logging_mixin.py:154} INFO - [2023-12-07T17:05:12.799+0000] {dagbag.py:536} INFO - Filling up the DagBag from /home/ubuntu/ec2_customer_chum_venv/lib/python3.10/site-packages/airflow/example_dags/example_python_operator.py
[2023-12-07T17:05:12.809+0000] {logging_mixin.py:154} INFO - [2023-12-07T17:05:12.809+0000] {example_python_operator.py:86} WARNING - The virtalenv_python example task requires virtualenv, please install it.
[2023-12-07T17:05:12.810+0000] {processor.py:839} INFO - DAG(s) dict_keys(['example_python_operator']) retrieved from /home/ubuntu/ec2_customer_chum_venv/lib/python3.10/site-packages/airflow/example_dags/example_python_operator.py
[2023-12-07T17:05:12.829+0000] {logging_mixin.py:154} INFO - [2023-12-07T17:05:12.829+0000] {dag.py:2941} INFO - Sync 1 DAGs
[2023-12-07T17:05:12.842+0000] {logging_mixin.py:154} INFO - [2023-12-07T17:05:12.841+0000] {dag.py:3722} INFO - Setting next_dagrun for example_python_operator to None, run_after=None
[2023-12-07T17:05:12.868+0000] {processor.py:179} INFO - Processing /home/ubuntu/ec2_customer_chum_venv/lib/python3.10/site-packages/airflow/example_dags/example_python_operator.py took 0.074 seconds
[2023-12-07T17:05:55.822+0000] {processor.py:157} INFO - Started process (PID=5990) to work on /home/ubuntu/ec2_customer_chum_venv/lib/python3.10/site-packages/airflow/example_dags/example_python_operator.py
[2023-12-07T17:05:55.824+0000] {processor.py:829} INFO - Processing file /home/ubuntu/ec2_customer_chum_venv/lib/python3.10/site-packages/airflow/example_dags/example_python_operator.py for tasks to queue
[2023-12-07T17:05:55.824+0000] {logging_mixin.py:154} INFO - [2023-12-07T17:05:55.824+0000] {dagbag.py:536} INFO - Filling up the DagBag from /home/ubuntu/ec2_customer_chum_venv/lib/python3.10/site-packages/airflow/example_dags/example_python_operator.py
[2023-12-07T17:05:55.834+0000] {logging_mixin.py:154} INFO - [2023-12-07T17:05:55.834+0000] {example_python_operator.py:86} WARNING - The virtalenv_python example task requires virtualenv, please install it.
[2023-12-07T17:05:55.835+0000] {processor.py:839} INFO - DAG(s) dict_keys(['example_python_operator']) retrieved from /home/ubuntu/ec2_customer_chum_venv/lib/python3.10/site-packages/airflow/example_dags/example_python_operator.py
[2023-12-07T17:05:55.853+0000] {logging_mixin.py:154} INFO - [2023-12-07T17:05:55.853+0000] {dag.py:2941} INFO - Sync 1 DAGs
[2023-12-07T17:05:55.866+0000] {logging_mixin.py:154} INFO - [2023-12-07T17:05:55.865+0000] {dag.py:3722} INFO - Setting next_dagrun for example_python_operator to None, run_after=None
[2023-12-07T17:05:55.889+0000] {processor.py:179} INFO - Processing /home/ubuntu/ec2_customer_chum_venv/lib/python3.10/site-packages/airflow/example_dags/example_python_operator.py took 0.070 seconds
[2023-12-07T17:06:40.175+0000] {processor.py:157} INFO - Started process (PID=6036) to work on /home/ubuntu/ec2_customer_chum_venv/lib/python3.10/site-packages/airflow/example_dags/example_python_operator.py
[2023-12-07T17:06:40.176+0000] {processor.py:829} INFO - Processing file /home/ubuntu/ec2_customer_chum_venv/lib/python3.10/site-packages/airflow/example_dags/example_python_operator.py for tasks to queue
[2023-12-07T17:06:40.177+0000] {logging_mixin.py:154} INFO - [2023-12-07T17:06:40.177+0000] {dagbag.py:536} INFO - Filling up the DagBag from /home/ubuntu/ec2_customer_chum_venv/lib/python3.10/site-packages/airflow/example_dags/example_python_operator.py
[2023-12-07T17:06:40.187+0000] {logging_mixin.py:154} INFO - [2023-12-07T17:06:40.187+0000] {example_python_operator.py:86} WARNING - The virtalenv_python example task requires virtualenv, please install it.
[2023-12-07T17:06:40.187+0000] {processor.py:839} INFO - DAG(s) dict_keys(['example_python_operator']) retrieved from /home/ubuntu/ec2_customer_chum_venv/lib/python3.10/site-packages/airflow/example_dags/example_python_operator.py
[2023-12-07T17:06:40.206+0000] {logging_mixin.py:154} INFO - [2023-12-07T17:06:40.206+0000] {dag.py:2941} INFO - Sync 1 DAGs
[2023-12-07T17:06:40.219+0000] {logging_mixin.py:154} INFO - [2023-12-07T17:06:40.218+0000] {dag.py:3722} INFO - Setting next_dagrun for example_python_operator to None, run_after=None
[2023-12-07T17:06:40.244+0000] {processor.py:179} INFO - Processing /home/ubuntu/ec2_customer_chum_venv/lib/python3.10/site-packages/airflow/example_dags/example_python_operator.py took 0.072 seconds
[2023-12-07T17:07:29.531+0000] {processor.py:157} INFO - Started process (PID=6086) to work on /home/ubuntu/ec2_customer_chum_venv/lib/python3.10/site-packages/airflow/example_dags/example_python_operator.py
[2023-12-07T17:07:29.533+0000] {processor.py:829} INFO - Processing file /home/ubuntu/ec2_customer_chum_venv/lib/python3.10/site-packages/airflow/example_dags/example_python_operator.py for tasks to queue
[2023-12-07T17:07:29.534+0000] {logging_mixin.py:154} INFO - [2023-12-07T17:07:29.533+0000] {dagbag.py:536} INFO - Filling up the DagBag from /home/ubuntu/ec2_customer_chum_venv/lib/python3.10/site-packages/airflow/example_dags/example_python_operator.py
[2023-12-07T17:07:29.543+0000] {logging_mixin.py:154} INFO - [2023-12-07T17:07:29.543+0000] {example_python_operator.py:86} WARNING - The virtalenv_python example task requires virtualenv, please install it.
[2023-12-07T17:07:29.543+0000] {processor.py:839} INFO - DAG(s) dict_keys(['example_python_operator']) retrieved from /home/ubuntu/ec2_customer_chum_venv/lib/python3.10/site-packages/airflow/example_dags/example_python_operator.py
[2023-12-07T17:07:29.561+0000] {logging_mixin.py:154} INFO - [2023-12-07T17:07:29.561+0000] {dag.py:2941} INFO - Sync 1 DAGs
[2023-12-07T17:07:29.573+0000] {logging_mixin.py:154} INFO - [2023-12-07T17:07:29.573+0000] {dag.py:3722} INFO - Setting next_dagrun for example_python_operator to None, run_after=None
[2023-12-07T17:07:29.596+0000] {processor.py:179} INFO - Processing /home/ubuntu/ec2_customer_chum_venv/lib/python3.10/site-packages/airflow/example_dags/example_python_operator.py took 0.068 seconds
[2023-12-07T17:08:14.957+0000] {processor.py:157} INFO - Started process (PID=6132) to work on /home/ubuntu/ec2_customer_chum_venv/lib/python3.10/site-packages/airflow/example_dags/example_python_operator.py
[2023-12-07T17:08:14.959+0000] {processor.py:829} INFO - Processing file /home/ubuntu/ec2_customer_chum_venv/lib/python3.10/site-packages/airflow/example_dags/example_python_operator.py for tasks to queue
[2023-12-07T17:08:14.960+0000] {logging_mixin.py:154} INFO - [2023-12-07T17:08:14.959+0000] {dagbag.py:536} INFO - Filling up the DagBag from /home/ubuntu/ec2_customer_chum_venv/lib/python3.10/site-packages/airflow/example_dags/example_python_operator.py
[2023-12-07T17:08:14.969+0000] {logging_mixin.py:154} INFO - [2023-12-07T17:08:14.969+0000] {example_python_operator.py:86} WARNING - The virtalenv_python example task requires virtualenv, please install it.
[2023-12-07T17:08:14.970+0000] {processor.py:839} INFO - DAG(s) dict_keys(['example_python_operator']) retrieved from /home/ubuntu/ec2_customer_chum_venv/lib/python3.10/site-packages/airflow/example_dags/example_python_operator.py
[2023-12-07T17:08:14.988+0000] {logging_mixin.py:154} INFO - [2023-12-07T17:08:14.988+0000] {dag.py:2941} INFO - Sync 1 DAGs
[2023-12-07T17:08:15.000+0000] {logging_mixin.py:154} INFO - [2023-12-07T17:08:15.000+0000] {dag.py:3722} INFO - Setting next_dagrun for example_python_operator to None, run_after=None
[2023-12-07T17:08:15.029+0000] {processor.py:179} INFO - Processing /home/ubuntu/ec2_customer_chum_venv/lib/python3.10/site-packages/airflow/example_dags/example_python_operator.py took 0.075 seconds
[2023-12-07T17:09:00.389+0000] {processor.py:157} INFO - Started process (PID=6179) to work on /home/ubuntu/ec2_customer_chum_venv/lib/python3.10/site-packages/airflow/example_dags/example_python_operator.py
[2023-12-07T17:09:00.390+0000] {processor.py:829} INFO - Processing file /home/ubuntu/ec2_customer_chum_venv/lib/python3.10/site-packages/airflow/example_dags/example_python_operator.py for tasks to queue
[2023-12-07T17:09:00.391+0000] {logging_mixin.py:154} INFO - [2023-12-07T17:09:00.391+0000] {dagbag.py:536} INFO - Filling up the DagBag from /home/ubuntu/ec2_customer_chum_venv/lib/python3.10/site-packages/airflow/example_dags/example_python_operator.py
[2023-12-07T17:09:00.401+0000] {logging_mixin.py:154} INFO - [2023-12-07T17:09:00.401+0000] {example_python_operator.py:86} WARNING - The virtalenv_python example task requires virtualenv, please install it.
[2023-12-07T17:09:00.401+0000] {processor.py:839} INFO - DAG(s) dict_keys(['example_python_operator']) retrieved from /home/ubuntu/ec2_customer_chum_venv/lib/python3.10/site-packages/airflow/example_dags/example_python_operator.py
[2023-12-07T17:09:00.420+0000] {logging_mixin.py:154} INFO - [2023-12-07T17:09:00.420+0000] {dag.py:2941} INFO - Sync 1 DAGs
[2023-12-07T17:09:00.433+0000] {logging_mixin.py:154} INFO - [2023-12-07T17:09:00.433+0000] {dag.py:3722} INFO - Setting next_dagrun for example_python_operator to None, run_after=None
[2023-12-07T17:09:00.457+0000] {processor.py:179} INFO - Processing /home/ubuntu/ec2_customer_chum_venv/lib/python3.10/site-packages/airflow/example_dags/example_python_operator.py took 0.072 seconds
[2023-12-07T17:09:44.586+0000] {processor.py:157} INFO - Started process (PID=6225) to work on /home/ubuntu/ec2_customer_chum_venv/lib/python3.10/site-packages/airflow/example_dags/example_python_operator.py
[2023-12-07T17:09:44.588+0000] {processor.py:829} INFO - Processing file /home/ubuntu/ec2_customer_chum_venv/lib/python3.10/site-packages/airflow/example_dags/example_python_operator.py for tasks to queue
[2023-12-07T17:09:44.589+0000] {logging_mixin.py:154} INFO - [2023-12-07T17:09:44.588+0000] {dagbag.py:536} INFO - Filling up the DagBag from /home/ubuntu/ec2_customer_chum_venv/lib/python3.10/site-packages/airflow/example_dags/example_python_operator.py
[2023-12-07T17:09:44.598+0000] {logging_mixin.py:154} INFO - [2023-12-07T17:09:44.598+0000] {example_python_operator.py:86} WARNING - The virtalenv_python example task requires virtualenv, please install it.
[2023-12-07T17:09:44.599+0000] {processor.py:839} INFO - DAG(s) dict_keys(['example_python_operator']) retrieved from /home/ubuntu/ec2_customer_chum_venv/lib/python3.10/site-packages/airflow/example_dags/example_python_operator.py
[2023-12-07T17:09:44.617+0000] {logging_mixin.py:154} INFO - [2023-12-07T17:09:44.617+0000] {dag.py:2941} INFO - Sync 1 DAGs
[2023-12-07T17:09:44.629+0000] {logging_mixin.py:154} INFO - [2023-12-07T17:09:44.629+0000] {dag.py:3722} INFO - Setting next_dagrun for example_python_operator to None, run_after=None
[2023-12-07T17:09:44.653+0000] {processor.py:179} INFO - Processing /home/ubuntu/ec2_customer_chum_venv/lib/python3.10/site-packages/airflow/example_dags/example_python_operator.py took 0.071 seconds
[2023-12-07T17:10:29.813+0000] {processor.py:157} INFO - Started process (PID=6270) to work on /home/ubuntu/ec2_customer_chum_venv/lib/python3.10/site-packages/airflow/example_dags/example_python_operator.py
[2023-12-07T17:10:29.814+0000] {processor.py:829} INFO - Processing file /home/ubuntu/ec2_customer_chum_venv/lib/python3.10/site-packages/airflow/example_dags/example_python_operator.py for tasks to queue
[2023-12-07T17:10:29.815+0000] {logging_mixin.py:154} INFO - [2023-12-07T17:10:29.815+0000] {dagbag.py:536} INFO - Filling up the DagBag from /home/ubuntu/ec2_customer_chum_venv/lib/python3.10/site-packages/airflow/example_dags/example_python_operator.py
[2023-12-07T17:10:29.824+0000] {logging_mixin.py:154} INFO - [2023-12-07T17:10:29.824+0000] {example_python_operator.py:86} WARNING - The virtalenv_python example task requires virtualenv, please install it.
[2023-12-07T17:10:29.825+0000] {processor.py:839} INFO - DAG(s) dict_keys(['example_python_operator']) retrieved from /home/ubuntu/ec2_customer_chum_venv/lib/python3.10/site-packages/airflow/example_dags/example_python_operator.py
[2023-12-07T17:10:29.844+0000] {logging_mixin.py:154} INFO - [2023-12-07T17:10:29.844+0000] {dag.py:2941} INFO - Sync 1 DAGs
[2023-12-07T17:10:29.856+0000] {logging_mixin.py:154} INFO - [2023-12-07T17:10:29.856+0000] {dag.py:3722} INFO - Setting next_dagrun for example_python_operator to None, run_after=None
[2023-12-07T17:10:29.880+0000] {processor.py:179} INFO - Processing /home/ubuntu/ec2_customer_chum_venv/lib/python3.10/site-packages/airflow/example_dags/example_python_operator.py took 0.070 seconds
[2023-12-07T17:11:13.857+0000] {processor.py:157} INFO - Started process (PID=6316) to work on /home/ubuntu/ec2_customer_chum_venv/lib/python3.10/site-packages/airflow/example_dags/example_python_operator.py
[2023-12-07T17:11:13.859+0000] {processor.py:829} INFO - Processing file /home/ubuntu/ec2_customer_chum_venv/lib/python3.10/site-packages/airflow/example_dags/example_python_operator.py for tasks to queue
[2023-12-07T17:11:13.859+0000] {logging_mixin.py:154} INFO - [2023-12-07T17:11:13.859+0000] {dagbag.py:536} INFO - Filling up the DagBag from /home/ubuntu/ec2_customer_chum_venv/lib/python3.10/site-packages/airflow/example_dags/example_python_operator.py
[2023-12-07T17:11:13.869+0000] {logging_mixin.py:154} INFO - [2023-12-07T17:11:13.869+0000] {example_python_operator.py:86} WARNING - The virtalenv_python example task requires virtualenv, please install it.
[2023-12-07T17:11:13.870+0000] {processor.py:839} INFO - DAG(s) dict_keys(['example_python_operator']) retrieved from /home/ubuntu/ec2_customer_chum_venv/lib/python3.10/site-packages/airflow/example_dags/example_python_operator.py
[2023-12-07T17:11:13.889+0000] {logging_mixin.py:154} INFO - [2023-12-07T17:11:13.889+0000] {dag.py:2941} INFO - Sync 1 DAGs
[2023-12-07T17:11:13.901+0000] {logging_mixin.py:154} INFO - [2023-12-07T17:11:13.901+0000] {dag.py:3722} INFO - Setting next_dagrun for example_python_operator to None, run_after=None
[2023-12-07T17:11:13.928+0000] {processor.py:179} INFO - Processing /home/ubuntu/ec2_customer_chum_venv/lib/python3.10/site-packages/airflow/example_dags/example_python_operator.py took 0.074 seconds
[2023-12-07T17:12:00.165+0000] {processor.py:157} INFO - Started process (PID=6369) to work on /home/ubuntu/ec2_customer_chum_venv/lib/python3.10/site-packages/airflow/example_dags/example_python_operator.py
[2023-12-07T17:12:00.170+0000] {processor.py:829} INFO - Processing file /home/ubuntu/ec2_customer_chum_venv/lib/python3.10/site-packages/airflow/example_dags/example_python_operator.py for tasks to queue
[2023-12-07T17:12:00.171+0000] {logging_mixin.py:154} INFO - [2023-12-07T17:12:00.170+0000] {dagbag.py:536} INFO - Filling up the DagBag from /home/ubuntu/ec2_customer_chum_venv/lib/python3.10/site-packages/airflow/example_dags/example_python_operator.py
[2023-12-07T17:12:00.194+0000] {logging_mixin.py:154} INFO - [2023-12-07T17:12:00.194+0000] {example_python_operator.py:86} WARNING - The virtalenv_python example task requires virtualenv, please install it.
[2023-12-07T17:12:00.197+0000] {processor.py:839} INFO - DAG(s) dict_keys(['example_python_operator']) retrieved from /home/ubuntu/ec2_customer_chum_venv/lib/python3.10/site-packages/airflow/example_dags/example_python_operator.py
[2023-12-07T17:12:00.270+0000] {logging_mixin.py:154} INFO - [2023-12-07T17:12:00.269+0000] {dag.py:2941} INFO - Sync 1 DAGs
[2023-12-07T17:12:00.298+0000] {logging_mixin.py:154} INFO - [2023-12-07T17:12:00.298+0000] {dag.py:3722} INFO - Setting next_dagrun for example_python_operator to None, run_after=None
[2023-12-07T17:12:00.363+0000] {processor.py:179} INFO - Processing /home/ubuntu/ec2_customer_chum_venv/lib/python3.10/site-packages/airflow/example_dags/example_python_operator.py took 0.210 seconds
[2023-12-07T17:12:46.639+0000] {processor.py:157} INFO - Started process (PID=6416) to work on /home/ubuntu/ec2_customer_chum_venv/lib/python3.10/site-packages/airflow/example_dags/example_python_operator.py
[2023-12-07T17:12:46.641+0000] {processor.py:829} INFO - Processing file /home/ubuntu/ec2_customer_chum_venv/lib/python3.10/site-packages/airflow/example_dags/example_python_operator.py for tasks to queue
[2023-12-07T17:12:46.642+0000] {logging_mixin.py:154} INFO - [2023-12-07T17:12:46.641+0000] {dagbag.py:536} INFO - Filling up the DagBag from /home/ubuntu/ec2_customer_chum_venv/lib/python3.10/site-packages/airflow/example_dags/example_python_operator.py
[2023-12-07T17:12:46.651+0000] {logging_mixin.py:154} INFO - [2023-12-07T17:12:46.651+0000] {example_python_operator.py:86} WARNING - The virtalenv_python example task requires virtualenv, please install it.
[2023-12-07T17:12:46.652+0000] {processor.py:839} INFO - DAG(s) dict_keys(['example_python_operator']) retrieved from /home/ubuntu/ec2_customer_chum_venv/lib/python3.10/site-packages/airflow/example_dags/example_python_operator.py
[2023-12-07T17:12:46.670+0000] {logging_mixin.py:154} INFO - [2023-12-07T17:12:46.670+0000] {dag.py:2941} INFO - Sync 1 DAGs
[2023-12-07T17:12:46.682+0000] {logging_mixin.py:154} INFO - [2023-12-07T17:12:46.682+0000] {dag.py:3722} INFO - Setting next_dagrun for example_python_operator to None, run_after=None
[2023-12-07T17:12:46.704+0000] {processor.py:179} INFO - Processing /home/ubuntu/ec2_customer_chum_venv/lib/python3.10/site-packages/airflow/example_dags/example_python_operator.py took 0.068 seconds
[2023-12-07T17:13:32.999+0000] {processor.py:157} INFO - Started process (PID=6551) to work on /home/ubuntu/ec2_customer_chum_venv/lib/python3.10/site-packages/airflow/example_dags/example_python_operator.py
[2023-12-07T17:13:33.001+0000] {processor.py:829} INFO - Processing file /home/ubuntu/ec2_customer_chum_venv/lib/python3.10/site-packages/airflow/example_dags/example_python_operator.py for tasks to queue
[2023-12-07T17:13:33.002+0000] {logging_mixin.py:154} INFO - [2023-12-07T17:13:33.001+0000] {dagbag.py:536} INFO - Filling up the DagBag from /home/ubuntu/ec2_customer_chum_venv/lib/python3.10/site-packages/airflow/example_dags/example_python_operator.py
[2023-12-07T17:13:33.012+0000] {logging_mixin.py:154} INFO - [2023-12-07T17:13:33.011+0000] {example_python_operator.py:86} WARNING - The virtalenv_python example task requires virtualenv, please install it.
[2023-12-07T17:13:33.012+0000] {processor.py:839} INFO - DAG(s) dict_keys(['example_python_operator']) retrieved from /home/ubuntu/ec2_customer_chum_venv/lib/python3.10/site-packages/airflow/example_dags/example_python_operator.py
[2023-12-07T17:13:33.030+0000] {logging_mixin.py:154} INFO - [2023-12-07T17:13:33.030+0000] {dag.py:2941} INFO - Sync 1 DAGs
[2023-12-07T17:13:33.042+0000] {logging_mixin.py:154} INFO - [2023-12-07T17:13:33.042+0000] {dag.py:3722} INFO - Setting next_dagrun for example_python_operator to None, run_after=None
[2023-12-07T17:13:33.066+0000] {processor.py:179} INFO - Processing /home/ubuntu/ec2_customer_chum_venv/lib/python3.10/site-packages/airflow/example_dags/example_python_operator.py took 0.071 seconds
[2023-12-07T17:14:14.203+0000] {processor.py:157} INFO - Started process (PID=6594) to work on /home/ubuntu/ec2_customer_chum_venv/lib/python3.10/site-packages/airflow/example_dags/example_python_operator.py
[2023-12-07T17:14:14.204+0000] {processor.py:829} INFO - Processing file /home/ubuntu/ec2_customer_chum_venv/lib/python3.10/site-packages/airflow/example_dags/example_python_operator.py for tasks to queue
[2023-12-07T17:14:14.205+0000] {logging_mixin.py:154} INFO - [2023-12-07T17:14:14.205+0000] {dagbag.py:536} INFO - Filling up the DagBag from /home/ubuntu/ec2_customer_chum_venv/lib/python3.10/site-packages/airflow/example_dags/example_python_operator.py
[2023-12-07T17:14:14.215+0000] {logging_mixin.py:154} INFO - [2023-12-07T17:14:14.214+0000] {example_python_operator.py:86} WARNING - The virtalenv_python example task requires virtualenv, please install it.
[2023-12-07T17:14:14.215+0000] {processor.py:839} INFO - DAG(s) dict_keys(['example_python_operator']) retrieved from /home/ubuntu/ec2_customer_chum_venv/lib/python3.10/site-packages/airflow/example_dags/example_python_operator.py
[2023-12-07T17:14:14.234+0000] {logging_mixin.py:154} INFO - [2023-12-07T17:14:14.234+0000] {dag.py:2941} INFO - Sync 1 DAGs
[2023-12-07T17:14:14.246+0000] {logging_mixin.py:154} INFO - [2023-12-07T17:14:14.246+0000] {dag.py:3722} INFO - Setting next_dagrun for example_python_operator to None, run_after=None
[2023-12-07T17:14:14.269+0000] {processor.py:179} INFO - Processing /home/ubuntu/ec2_customer_chum_venv/lib/python3.10/site-packages/airflow/example_dags/example_python_operator.py took 0.069 seconds
[2023-12-07T17:14:57.655+0000] {processor.py:157} INFO - Started process (PID=6705) to work on /home/ubuntu/ec2_customer_chum_venv/lib/python3.10/site-packages/airflow/example_dags/example_python_operator.py
[2023-12-07T17:14:57.656+0000] {processor.py:829} INFO - Processing file /home/ubuntu/ec2_customer_chum_venv/lib/python3.10/site-packages/airflow/example_dags/example_python_operator.py for tasks to queue
[2023-12-07T17:14:57.657+0000] {logging_mixin.py:154} INFO - [2023-12-07T17:14:57.657+0000] {dagbag.py:536} INFO - Filling up the DagBag from /home/ubuntu/ec2_customer_chum_venv/lib/python3.10/site-packages/airflow/example_dags/example_python_operator.py
[2023-12-07T17:14:57.667+0000] {logging_mixin.py:154} INFO - [2023-12-07T17:14:57.667+0000] {example_python_operator.py:86} WARNING - The virtalenv_python example task requires virtualenv, please install it.
[2023-12-07T17:14:57.667+0000] {processor.py:839} INFO - DAG(s) dict_keys(['example_python_operator']) retrieved from /home/ubuntu/ec2_customer_chum_venv/lib/python3.10/site-packages/airflow/example_dags/example_python_operator.py
[2023-12-07T17:14:57.686+0000] {logging_mixin.py:154} INFO - [2023-12-07T17:14:57.685+0000] {dag.py:2941} INFO - Sync 1 DAGs
[2023-12-07T17:14:57.698+0000] {logging_mixin.py:154} INFO - [2023-12-07T17:14:57.697+0000] {dag.py:3722} INFO - Setting next_dagrun for example_python_operator to None, run_after=None
[2023-12-07T17:14:57.721+0000] {processor.py:179} INFO - Processing /home/ubuntu/ec2_customer_chum_venv/lib/python3.10/site-packages/airflow/example_dags/example_python_operator.py took 0.069 seconds
