[2023-12-07T16:49:26.565+0000] {processor.py:157} INFO - Started process (PID=4981) to work on /home/ubuntu/ec2_customer_chum_venv/lib/python3.10/site-packages/airflow/example_dags/example_params_ui_tutorial.py
[2023-12-07T16:49:26.566+0000] {processor.py:829} INFO - Processing file /home/ubuntu/ec2_customer_chum_venv/lib/python3.10/site-packages/airflow/example_dags/example_params_ui_tutorial.py for tasks to queue
[2023-12-07T16:49:26.567+0000] {logging_mixin.py:154} INFO - [2023-12-07T16:49:26.566+0000] {dagbag.py:536} INFO - Filling up the DagBag from /home/ubuntu/ec2_customer_chum_venv/lib/python3.10/site-packages/airflow/example_dags/example_params_ui_tutorial.py
[2023-12-07T16:49:26.599+0000] {processor.py:839} INFO - DAG(s) dict_keys(['example_params_ui_tutorial']) retrieved from /home/ubuntu/ec2_customer_chum_venv/lib/python3.10/site-packages/airflow/example_dags/example_params_ui_tutorial.py
[2023-12-07T16:49:26.746+0000] {logging_mixin.py:154} INFO - [2023-12-07T16:49:26.746+0000] {manager.py:499} INFO - Created Permission View: %s
[2023-12-07T16:49:26.761+0000] {logging_mixin.py:154} INFO - [2023-12-07T16:49:26.760+0000] {manager.py:499} INFO - Created Permission View: %s
[2023-12-07T16:49:26.771+0000] {logging_mixin.py:154} INFO - [2023-12-07T16:49:26.771+0000] {manager.py:499} INFO - Created Permission View: %s
[2023-12-07T16:49:26.771+0000] {logging_mixin.py:154} INFO - [2023-12-07T16:49:26.771+0000] {dag.py:2941} INFO - Sync 1 DAGs
[2023-12-07T16:49:26.783+0000] {logging_mixin.py:154} INFO - [2023-12-07T16:49:26.782+0000] {dag.py:2963} INFO - Creating ORM DAG for example_params_ui_tutorial
[2023-12-07T16:49:26.783+0000] {logging_mixin.py:154} INFO - [2023-12-07T16:49:26.783+0000] {dag.py:3722} INFO - Setting next_dagrun for example_params_ui_tutorial to None, run_after=None
[2023-12-07T16:49:26.807+0000] {processor.py:179} INFO - Processing /home/ubuntu/ec2_customer_chum_venv/lib/python3.10/site-packages/airflow/example_dags/example_params_ui_tutorial.py took 0.246 seconds
[2023-12-07T16:50:15.908+0000] {processor.py:157} INFO - Started process (PID=5027) to work on /home/ubuntu/ec2_customer_chum_venv/lib/python3.10/site-packages/airflow/example_dags/example_params_ui_tutorial.py
[2023-12-07T16:50:15.910+0000] {processor.py:829} INFO - Processing file /home/ubuntu/ec2_customer_chum_venv/lib/python3.10/site-packages/airflow/example_dags/example_params_ui_tutorial.py for tasks to queue
[2023-12-07T16:50:15.911+0000] {logging_mixin.py:154} INFO - [2023-12-07T16:50:15.911+0000] {dagbag.py:536} INFO - Filling up the DagBag from /home/ubuntu/ec2_customer_chum_venv/lib/python3.10/site-packages/airflow/example_dags/example_params_ui_tutorial.py
[2023-12-07T16:50:15.944+0000] {processor.py:839} INFO - DAG(s) dict_keys(['example_params_ui_tutorial']) retrieved from /home/ubuntu/ec2_customer_chum_venv/lib/python3.10/site-packages/airflow/example_dags/example_params_ui_tutorial.py
[2023-12-07T16:50:15.994+0000] {logging_mixin.py:154} INFO - [2023-12-07T16:50:15.994+0000] {dag.py:2941} INFO - Sync 1 DAGs
[2023-12-07T16:50:16.007+0000] {logging_mixin.py:154} INFO - [2023-12-07T16:50:16.007+0000] {dag.py:3722} INFO - Setting next_dagrun for example_params_ui_tutorial to None, run_after=None
[2023-12-07T16:50:16.036+0000] {processor.py:179} INFO - Processing /home/ubuntu/ec2_customer_chum_venv/lib/python3.10/site-packages/airflow/example_dags/example_params_ui_tutorial.py took 0.131 seconds
[2023-12-07T16:51:01.438+0000] {processor.py:157} INFO - Started process (PID=5073) to work on /home/ubuntu/ec2_customer_chum_venv/lib/python3.10/site-packages/airflow/example_dags/example_params_ui_tutorial.py
[2023-12-07T16:51:01.440+0000] {processor.py:829} INFO - Processing file /home/ubuntu/ec2_customer_chum_venv/lib/python3.10/site-packages/airflow/example_dags/example_params_ui_tutorial.py for tasks to queue
[2023-12-07T16:51:01.441+0000] {logging_mixin.py:154} INFO - [2023-12-07T16:51:01.440+0000] {dagbag.py:536} INFO - Filling up the DagBag from /home/ubuntu/ec2_customer_chum_venv/lib/python3.10/site-packages/airflow/example_dags/example_params_ui_tutorial.py
[2023-12-07T16:51:01.474+0000] {processor.py:839} INFO - DAG(s) dict_keys(['example_params_ui_tutorial']) retrieved from /home/ubuntu/ec2_customer_chum_venv/lib/python3.10/site-packages/airflow/example_dags/example_params_ui_tutorial.py
[2023-12-07T16:51:01.527+0000] {logging_mixin.py:154} INFO - [2023-12-07T16:51:01.527+0000] {dag.py:2941} INFO - Sync 1 DAGs
[2023-12-07T16:51:01.540+0000] {logging_mixin.py:154} INFO - [2023-12-07T16:51:01.540+0000] {dag.py:3722} INFO - Setting next_dagrun for example_params_ui_tutorial to None, run_after=None
[2023-12-07T16:51:01.566+0000] {processor.py:179} INFO - Processing /home/ubuntu/ec2_customer_chum_venv/lib/python3.10/site-packages/airflow/example_dags/example_params_ui_tutorial.py took 0.131 seconds
[2023-12-07T16:51:51.533+0000] {processor.py:157} INFO - Started process (PID=5123) to work on /home/ubuntu/ec2_customer_chum_venv/lib/python3.10/site-packages/airflow/example_dags/example_params_ui_tutorial.py
[2023-12-07T16:51:51.535+0000] {processor.py:829} INFO - Processing file /home/ubuntu/ec2_customer_chum_venv/lib/python3.10/site-packages/airflow/example_dags/example_params_ui_tutorial.py for tasks to queue
[2023-12-07T16:51:51.536+0000] {logging_mixin.py:154} INFO - [2023-12-07T16:51:51.535+0000] {dagbag.py:536} INFO - Filling up the DagBag from /home/ubuntu/ec2_customer_chum_venv/lib/python3.10/site-packages/airflow/example_dags/example_params_ui_tutorial.py
[2023-12-07T16:51:51.568+0000] {processor.py:839} INFO - DAG(s) dict_keys(['example_params_ui_tutorial']) retrieved from /home/ubuntu/ec2_customer_chum_venv/lib/python3.10/site-packages/airflow/example_dags/example_params_ui_tutorial.py
[2023-12-07T16:51:51.618+0000] {logging_mixin.py:154} INFO - [2023-12-07T16:51:51.618+0000] {dag.py:2941} INFO - Sync 1 DAGs
[2023-12-07T16:51:51.630+0000] {logging_mixin.py:154} INFO - [2023-12-07T16:51:51.630+0000] {dag.py:3722} INFO - Setting next_dagrun for example_params_ui_tutorial to None, run_after=None
[2023-12-07T16:51:51.654+0000] {processor.py:179} INFO - Processing /home/ubuntu/ec2_customer_chum_venv/lib/python3.10/site-packages/airflow/example_dags/example_params_ui_tutorial.py took 0.124 seconds
[2023-12-07T16:52:40.388+0000] {processor.py:157} INFO - Started process (PID=5175) to work on /home/ubuntu/ec2_customer_chum_venv/lib/python3.10/site-packages/airflow/example_dags/example_params_ui_tutorial.py
[2023-12-07T16:52:40.390+0000] {processor.py:829} INFO - Processing file /home/ubuntu/ec2_customer_chum_venv/lib/python3.10/site-packages/airflow/example_dags/example_params_ui_tutorial.py for tasks to queue
[2023-12-07T16:52:40.391+0000] {logging_mixin.py:154} INFO - [2023-12-07T16:52:40.390+0000] {dagbag.py:536} INFO - Filling up the DagBag from /home/ubuntu/ec2_customer_chum_venv/lib/python3.10/site-packages/airflow/example_dags/example_params_ui_tutorial.py
[2023-12-07T16:52:40.422+0000] {processor.py:839} INFO - DAG(s) dict_keys(['example_params_ui_tutorial']) retrieved from /home/ubuntu/ec2_customer_chum_venv/lib/python3.10/site-packages/airflow/example_dags/example_params_ui_tutorial.py
[2023-12-07T16:52:40.470+0000] {logging_mixin.py:154} INFO - [2023-12-07T16:52:40.470+0000] {dag.py:2941} INFO - Sync 1 DAGs
[2023-12-07T16:52:40.482+0000] {logging_mixin.py:154} INFO - [2023-12-07T16:52:40.482+0000] {dag.py:3722} INFO - Setting next_dagrun for example_params_ui_tutorial to None, run_after=None
[2023-12-07T16:52:40.508+0000] {processor.py:179} INFO - Processing /home/ubuntu/ec2_customer_chum_venv/lib/python3.10/site-packages/airflow/example_dags/example_params_ui_tutorial.py took 0.123 seconds
[2023-12-07T16:53:57.599+0000] {processor.py:157} INFO - Started process (PID=5243) to work on /home/ubuntu/ec2_customer_chum_venv/lib/python3.10/site-packages/airflow/example_dags/example_params_ui_tutorial.py
[2023-12-07T16:53:57.600+0000] {processor.py:829} INFO - Processing file /home/ubuntu/ec2_customer_chum_venv/lib/python3.10/site-packages/airflow/example_dags/example_params_ui_tutorial.py for tasks to queue
[2023-12-07T16:53:57.601+0000] {logging_mixin.py:154} INFO - [2023-12-07T16:53:57.601+0000] {dagbag.py:536} INFO - Filling up the DagBag from /home/ubuntu/ec2_customer_chum_venv/lib/python3.10/site-packages/airflow/example_dags/example_params_ui_tutorial.py
[2023-12-07T16:53:57.632+0000] {processor.py:839} INFO - DAG(s) dict_keys(['example_params_ui_tutorial']) retrieved from /home/ubuntu/ec2_customer_chum_venv/lib/python3.10/site-packages/airflow/example_dags/example_params_ui_tutorial.py
[2023-12-07T16:53:57.641+0000] {logging_mixin.py:154} INFO - [2023-12-07T16:53:57.641+0000] {dag.py:2941} INFO - Sync 1 DAGs
[2023-12-07T16:53:57.655+0000] {logging_mixin.py:154} INFO - [2023-12-07T16:53:57.655+0000] {dag.py:3722} INFO - Setting next_dagrun for example_params_ui_tutorial to None, run_after=None
[2023-12-07T16:53:57.679+0000] {processor.py:179} INFO - Processing /home/ubuntu/ec2_customer_chum_venv/lib/python3.10/site-packages/airflow/example_dags/example_params_ui_tutorial.py took 0.083 seconds
[2023-12-07T16:54:43.647+0000] {processor.py:157} INFO - Started process (PID=5292) to work on /home/ubuntu/ec2_customer_chum_venv/lib/python3.10/site-packages/airflow/example_dags/example_params_ui_tutorial.py
[2023-12-07T16:54:43.649+0000] {processor.py:829} INFO - Processing file /home/ubuntu/ec2_customer_chum_venv/lib/python3.10/site-packages/airflow/example_dags/example_params_ui_tutorial.py for tasks to queue
[2023-12-07T16:54:43.649+0000] {logging_mixin.py:154} INFO - [2023-12-07T16:54:43.649+0000] {dagbag.py:536} INFO - Filling up the DagBag from /home/ubuntu/ec2_customer_chum_venv/lib/python3.10/site-packages/airflow/example_dags/example_params_ui_tutorial.py
[2023-12-07T16:54:43.681+0000] {processor.py:839} INFO - DAG(s) dict_keys(['example_params_ui_tutorial']) retrieved from /home/ubuntu/ec2_customer_chum_venv/lib/python3.10/site-packages/airflow/example_dags/example_params_ui_tutorial.py
[2023-12-07T16:54:43.729+0000] {logging_mixin.py:154} INFO - [2023-12-07T16:54:43.729+0000] {dag.py:2941} INFO - Sync 1 DAGs
[2023-12-07T16:54:43.741+0000] {logging_mixin.py:154} INFO - [2023-12-07T16:54:43.741+0000] {dag.py:3722} INFO - Setting next_dagrun for example_params_ui_tutorial to None, run_after=None
[2023-12-07T16:54:43.763+0000] {processor.py:179} INFO - Processing /home/ubuntu/ec2_customer_chum_venv/lib/python3.10/site-packages/airflow/example_dags/example_params_ui_tutorial.py took 0.119 seconds
[2023-12-07T16:55:28.785+0000] {processor.py:157} INFO - Started process (PID=5339) to work on /home/ubuntu/ec2_customer_chum_venv/lib/python3.10/site-packages/airflow/example_dags/example_params_ui_tutorial.py
[2023-12-07T16:55:28.787+0000] {processor.py:829} INFO - Processing file /home/ubuntu/ec2_customer_chum_venv/lib/python3.10/site-packages/airflow/example_dags/example_params_ui_tutorial.py for tasks to queue
[2023-12-07T16:55:28.787+0000] {logging_mixin.py:154} INFO - [2023-12-07T16:55:28.787+0000] {dagbag.py:536} INFO - Filling up the DagBag from /home/ubuntu/ec2_customer_chum_venv/lib/python3.10/site-packages/airflow/example_dags/example_params_ui_tutorial.py
[2023-12-07T16:55:28.820+0000] {processor.py:839} INFO - DAG(s) dict_keys(['example_params_ui_tutorial']) retrieved from /home/ubuntu/ec2_customer_chum_venv/lib/python3.10/site-packages/airflow/example_dags/example_params_ui_tutorial.py
[2023-12-07T16:55:28.869+0000] {logging_mixin.py:154} INFO - [2023-12-07T16:55:28.868+0000] {dag.py:2941} INFO - Sync 1 DAGs
[2023-12-07T16:55:28.881+0000] {logging_mixin.py:154} INFO - [2023-12-07T16:55:28.881+0000] {dag.py:3722} INFO - Setting next_dagrun for example_params_ui_tutorial to None, run_after=None
[2023-12-07T16:55:28.904+0000] {processor.py:179} INFO - Processing /home/ubuntu/ec2_customer_chum_venv/lib/python3.10/site-packages/airflow/example_dags/example_params_ui_tutorial.py took 0.122 seconds
[2023-12-07T16:56:14.145+0000] {processor.py:157} INFO - Started process (PID=5385) to work on /home/ubuntu/ec2_customer_chum_venv/lib/python3.10/site-packages/airflow/example_dags/example_params_ui_tutorial.py
[2023-12-07T16:56:14.146+0000] {processor.py:829} INFO - Processing file /home/ubuntu/ec2_customer_chum_venv/lib/python3.10/site-packages/airflow/example_dags/example_params_ui_tutorial.py for tasks to queue
[2023-12-07T16:56:14.147+0000] {logging_mixin.py:154} INFO - [2023-12-07T16:56:14.147+0000] {dagbag.py:536} INFO - Filling up the DagBag from /home/ubuntu/ec2_customer_chum_venv/lib/python3.10/site-packages/airflow/example_dags/example_params_ui_tutorial.py
[2023-12-07T16:56:14.180+0000] {processor.py:839} INFO - DAG(s) dict_keys(['example_params_ui_tutorial']) retrieved from /home/ubuntu/ec2_customer_chum_venv/lib/python3.10/site-packages/airflow/example_dags/example_params_ui_tutorial.py
[2023-12-07T16:56:14.229+0000] {logging_mixin.py:154} INFO - [2023-12-07T16:56:14.228+0000] {dag.py:2941} INFO - Sync 1 DAGs
[2023-12-07T16:56:14.241+0000] {logging_mixin.py:154} INFO - [2023-12-07T16:56:14.240+0000] {dag.py:3722} INFO - Setting next_dagrun for example_params_ui_tutorial to None, run_after=None
[2023-12-07T16:56:14.263+0000] {processor.py:179} INFO - Processing /home/ubuntu/ec2_customer_chum_venv/lib/python3.10/site-packages/airflow/example_dags/example_params_ui_tutorial.py took 0.121 seconds
[2023-12-07T16:56:56.188+0000] {processor.py:157} INFO - Started process (PID=5431) to work on /home/ubuntu/ec2_customer_chum_venv/lib/python3.10/site-packages/airflow/example_dags/example_params_ui_tutorial.py
[2023-12-07T16:56:56.189+0000] {processor.py:829} INFO - Processing file /home/ubuntu/ec2_customer_chum_venv/lib/python3.10/site-packages/airflow/example_dags/example_params_ui_tutorial.py for tasks to queue
[2023-12-07T16:56:56.190+0000] {logging_mixin.py:154} INFO - [2023-12-07T16:56:56.190+0000] {dagbag.py:536} INFO - Filling up the DagBag from /home/ubuntu/ec2_customer_chum_venv/lib/python3.10/site-packages/airflow/example_dags/example_params_ui_tutorial.py
[2023-12-07T16:56:56.222+0000] {processor.py:839} INFO - DAG(s) dict_keys(['example_params_ui_tutorial']) retrieved from /home/ubuntu/ec2_customer_chum_venv/lib/python3.10/site-packages/airflow/example_dags/example_params_ui_tutorial.py
[2023-12-07T16:56:56.272+0000] {logging_mixin.py:154} INFO - [2023-12-07T16:56:56.272+0000] {dag.py:2941} INFO - Sync 1 DAGs
[2023-12-07T16:56:56.284+0000] {logging_mixin.py:154} INFO - [2023-12-07T16:56:56.284+0000] {dag.py:3722} INFO - Setting next_dagrun for example_params_ui_tutorial to None, run_after=None
[2023-12-07T16:56:56.307+0000] {processor.py:179} INFO - Processing /home/ubuntu/ec2_customer_chum_venv/lib/python3.10/site-packages/airflow/example_dags/example_params_ui_tutorial.py took 0.123 seconds
[2023-12-07T16:57:40.593+0000] {processor.py:157} INFO - Started process (PID=5478) to work on /home/ubuntu/ec2_customer_chum_venv/lib/python3.10/site-packages/airflow/example_dags/example_params_ui_tutorial.py
[2023-12-07T16:57:40.594+0000] {processor.py:829} INFO - Processing file /home/ubuntu/ec2_customer_chum_venv/lib/python3.10/site-packages/airflow/example_dags/example_params_ui_tutorial.py for tasks to queue
[2023-12-07T16:57:40.595+0000] {logging_mixin.py:154} INFO - [2023-12-07T16:57:40.595+0000] {dagbag.py:536} INFO - Filling up the DagBag from /home/ubuntu/ec2_customer_chum_venv/lib/python3.10/site-packages/airflow/example_dags/example_params_ui_tutorial.py
[2023-12-07T16:57:40.627+0000] {processor.py:839} INFO - DAG(s) dict_keys(['example_params_ui_tutorial']) retrieved from /home/ubuntu/ec2_customer_chum_venv/lib/python3.10/site-packages/airflow/example_dags/example_params_ui_tutorial.py
[2023-12-07T16:57:40.676+0000] {logging_mixin.py:154} INFO - [2023-12-07T16:57:40.675+0000] {dag.py:2941} INFO - Sync 1 DAGs
[2023-12-07T16:57:40.687+0000] {logging_mixin.py:154} INFO - [2023-12-07T16:57:40.687+0000] {dag.py:3722} INFO - Setting next_dagrun for example_params_ui_tutorial to None, run_after=None
[2023-12-07T16:57:40.710+0000] {processor.py:179} INFO - Processing /home/ubuntu/ec2_customer_chum_venv/lib/python3.10/site-packages/airflow/example_dags/example_params_ui_tutorial.py took 0.121 seconds
[2023-12-07T16:58:23.750+0000] {processor.py:157} INFO - Started process (PID=5522) to work on /home/ubuntu/ec2_customer_chum_venv/lib/python3.10/site-packages/airflow/example_dags/example_params_ui_tutorial.py
[2023-12-07T16:58:23.752+0000] {processor.py:829} INFO - Processing file /home/ubuntu/ec2_customer_chum_venv/lib/python3.10/site-packages/airflow/example_dags/example_params_ui_tutorial.py for tasks to queue
[2023-12-07T16:58:23.753+0000] {logging_mixin.py:154} INFO - [2023-12-07T16:58:23.752+0000] {dagbag.py:536} INFO - Filling up the DagBag from /home/ubuntu/ec2_customer_chum_venv/lib/python3.10/site-packages/airflow/example_dags/example_params_ui_tutorial.py
[2023-12-07T16:58:23.784+0000] {processor.py:839} INFO - DAG(s) dict_keys(['example_params_ui_tutorial']) retrieved from /home/ubuntu/ec2_customer_chum_venv/lib/python3.10/site-packages/airflow/example_dags/example_params_ui_tutorial.py
[2023-12-07T16:58:23.834+0000] {logging_mixin.py:154} INFO - [2023-12-07T16:58:23.833+0000] {dag.py:2941} INFO - Sync 1 DAGs
[2023-12-07T16:58:23.846+0000] {logging_mixin.py:154} INFO - [2023-12-07T16:58:23.845+0000] {dag.py:3722} INFO - Setting next_dagrun for example_params_ui_tutorial to None, run_after=None
[2023-12-07T16:58:23.869+0000] {processor.py:179} INFO - Processing /home/ubuntu/ec2_customer_chum_venv/lib/python3.10/site-packages/airflow/example_dags/example_params_ui_tutorial.py took 0.122 seconds
[2023-12-07T16:59:06.847+0000] {processor.py:157} INFO - Started process (PID=5568) to work on /home/ubuntu/ec2_customer_chum_venv/lib/python3.10/site-packages/airflow/example_dags/example_params_ui_tutorial.py
[2023-12-07T16:59:06.849+0000] {processor.py:829} INFO - Processing file /home/ubuntu/ec2_customer_chum_venv/lib/python3.10/site-packages/airflow/example_dags/example_params_ui_tutorial.py for tasks to queue
[2023-12-07T16:59:06.850+0000] {logging_mixin.py:154} INFO - [2023-12-07T16:59:06.849+0000] {dagbag.py:536} INFO - Filling up the DagBag from /home/ubuntu/ec2_customer_chum_venv/lib/python3.10/site-packages/airflow/example_dags/example_params_ui_tutorial.py
[2023-12-07T16:59:06.882+0000] {processor.py:839} INFO - DAG(s) dict_keys(['example_params_ui_tutorial']) retrieved from /home/ubuntu/ec2_customer_chum_venv/lib/python3.10/site-packages/airflow/example_dags/example_params_ui_tutorial.py
[2023-12-07T16:59:06.932+0000] {logging_mixin.py:154} INFO - [2023-12-07T16:59:06.931+0000] {dag.py:2941} INFO - Sync 1 DAGs
[2023-12-07T16:59:06.944+0000] {logging_mixin.py:154} INFO - [2023-12-07T16:59:06.944+0000] {dag.py:3722} INFO - Setting next_dagrun for example_params_ui_tutorial to None, run_after=None
[2023-12-07T16:59:06.968+0000] {processor.py:179} INFO - Processing /home/ubuntu/ec2_customer_chum_venv/lib/python3.10/site-packages/airflow/example_dags/example_params_ui_tutorial.py took 0.124 seconds
[2023-12-07T16:59:50.948+0000] {processor.py:157} INFO - Started process (PID=5615) to work on /home/ubuntu/ec2_customer_chum_venv/lib/python3.10/site-packages/airflow/example_dags/example_params_ui_tutorial.py
[2023-12-07T16:59:50.949+0000] {processor.py:829} INFO - Processing file /home/ubuntu/ec2_customer_chum_venv/lib/python3.10/site-packages/airflow/example_dags/example_params_ui_tutorial.py for tasks to queue
[2023-12-07T16:59:50.950+0000] {logging_mixin.py:154} INFO - [2023-12-07T16:59:50.950+0000] {dagbag.py:536} INFO - Filling up the DagBag from /home/ubuntu/ec2_customer_chum_venv/lib/python3.10/site-packages/airflow/example_dags/example_params_ui_tutorial.py
[2023-12-07T16:59:50.983+0000] {processor.py:839} INFO - DAG(s) dict_keys(['example_params_ui_tutorial']) retrieved from /home/ubuntu/ec2_customer_chum_venv/lib/python3.10/site-packages/airflow/example_dags/example_params_ui_tutorial.py
[2023-12-07T16:59:51.032+0000] {logging_mixin.py:154} INFO - [2023-12-07T16:59:51.032+0000] {dag.py:2941} INFO - Sync 1 DAGs
[2023-12-07T16:59:51.044+0000] {logging_mixin.py:154} INFO - [2023-12-07T16:59:51.044+0000] {dag.py:3722} INFO - Setting next_dagrun for example_params_ui_tutorial to None, run_after=None
[2023-12-07T16:59:51.067+0000] {processor.py:179} INFO - Processing /home/ubuntu/ec2_customer_chum_venv/lib/python3.10/site-packages/airflow/example_dags/example_params_ui_tutorial.py took 0.123 seconds
[2023-12-07T17:00:38.008+0000] {processor.py:157} INFO - Started process (PID=5662) to work on /home/ubuntu/ec2_customer_chum_venv/lib/python3.10/site-packages/airflow/example_dags/example_params_ui_tutorial.py
[2023-12-07T17:00:38.009+0000] {processor.py:829} INFO - Processing file /home/ubuntu/ec2_customer_chum_venv/lib/python3.10/site-packages/airflow/example_dags/example_params_ui_tutorial.py for tasks to queue
[2023-12-07T17:00:38.010+0000] {logging_mixin.py:154} INFO - [2023-12-07T17:00:38.010+0000] {dagbag.py:536} INFO - Filling up the DagBag from /home/ubuntu/ec2_customer_chum_venv/lib/python3.10/site-packages/airflow/example_dags/example_params_ui_tutorial.py
[2023-12-07T17:00:38.044+0000] {processor.py:839} INFO - DAG(s) dict_keys(['example_params_ui_tutorial']) retrieved from /home/ubuntu/ec2_customer_chum_venv/lib/python3.10/site-packages/airflow/example_dags/example_params_ui_tutorial.py
[2023-12-07T17:00:38.093+0000] {logging_mixin.py:154} INFO - [2023-12-07T17:00:38.093+0000] {dag.py:2941} INFO - Sync 1 DAGs
[2023-12-07T17:00:38.106+0000] {logging_mixin.py:154} INFO - [2023-12-07T17:00:38.106+0000] {dag.py:3722} INFO - Setting next_dagrun for example_params_ui_tutorial to None, run_after=None
[2023-12-07T17:00:38.129+0000] {processor.py:179} INFO - Processing /home/ubuntu/ec2_customer_chum_venv/lib/python3.10/site-packages/airflow/example_dags/example_params_ui_tutorial.py took 0.125 seconds
[2023-12-07T17:01:25.071+0000] {processor.py:157} INFO - Started process (PID=5710) to work on /home/ubuntu/ec2_customer_chum_venv/lib/python3.10/site-packages/airflow/example_dags/example_params_ui_tutorial.py
[2023-12-07T17:01:25.073+0000] {processor.py:829} INFO - Processing file /home/ubuntu/ec2_customer_chum_venv/lib/python3.10/site-packages/airflow/example_dags/example_params_ui_tutorial.py for tasks to queue
[2023-12-07T17:01:25.074+0000] {logging_mixin.py:154} INFO - [2023-12-07T17:01:25.073+0000] {dagbag.py:536} INFO - Filling up the DagBag from /home/ubuntu/ec2_customer_chum_venv/lib/python3.10/site-packages/airflow/example_dags/example_params_ui_tutorial.py
[2023-12-07T17:01:25.107+0000] {processor.py:839} INFO - DAG(s) dict_keys(['example_params_ui_tutorial']) retrieved from /home/ubuntu/ec2_customer_chum_venv/lib/python3.10/site-packages/airflow/example_dags/example_params_ui_tutorial.py
[2023-12-07T17:01:25.157+0000] {logging_mixin.py:154} INFO - [2023-12-07T17:01:25.157+0000] {dag.py:2941} INFO - Sync 1 DAGs
[2023-12-07T17:01:25.170+0000] {logging_mixin.py:154} INFO - [2023-12-07T17:01:25.169+0000] {dag.py:3722} INFO - Setting next_dagrun for example_params_ui_tutorial to None, run_after=None
[2023-12-07T17:01:25.194+0000] {processor.py:179} INFO - Processing /home/ubuntu/ec2_customer_chum_venv/lib/python3.10/site-packages/airflow/example_dags/example_params_ui_tutorial.py took 0.126 seconds
[2023-12-07T17:02:11.174+0000] {processor.py:157} INFO - Started process (PID=5756) to work on /home/ubuntu/ec2_customer_chum_venv/lib/python3.10/site-packages/airflow/example_dags/example_params_ui_tutorial.py
[2023-12-07T17:02:11.176+0000] {processor.py:829} INFO - Processing file /home/ubuntu/ec2_customer_chum_venv/lib/python3.10/site-packages/airflow/example_dags/example_params_ui_tutorial.py for tasks to queue
[2023-12-07T17:02:11.177+0000] {logging_mixin.py:154} INFO - [2023-12-07T17:02:11.176+0000] {dagbag.py:536} INFO - Filling up the DagBag from /home/ubuntu/ec2_customer_chum_venv/lib/python3.10/site-packages/airflow/example_dags/example_params_ui_tutorial.py
[2023-12-07T17:02:11.209+0000] {processor.py:839} INFO - DAG(s) dict_keys(['example_params_ui_tutorial']) retrieved from /home/ubuntu/ec2_customer_chum_venv/lib/python3.10/site-packages/airflow/example_dags/example_params_ui_tutorial.py
[2023-12-07T17:02:11.257+0000] {logging_mixin.py:154} INFO - [2023-12-07T17:02:11.257+0000] {dag.py:2941} INFO - Sync 1 DAGs
[2023-12-07T17:02:11.269+0000] {logging_mixin.py:154} INFO - [2023-12-07T17:02:11.269+0000] {dag.py:3722} INFO - Setting next_dagrun for example_params_ui_tutorial to None, run_after=None
[2023-12-07T17:02:11.293+0000] {processor.py:179} INFO - Processing /home/ubuntu/ec2_customer_chum_venv/lib/python3.10/site-packages/airflow/example_dags/example_params_ui_tutorial.py took 0.122 seconds
[2023-12-07T17:02:58.233+0000] {processor.py:157} INFO - Started process (PID=5804) to work on /home/ubuntu/ec2_customer_chum_venv/lib/python3.10/site-packages/airflow/example_dags/example_params_ui_tutorial.py
[2023-12-07T17:02:58.234+0000] {processor.py:829} INFO - Processing file /home/ubuntu/ec2_customer_chum_venv/lib/python3.10/site-packages/airflow/example_dags/example_params_ui_tutorial.py for tasks to queue
[2023-12-07T17:02:58.235+0000] {logging_mixin.py:154} INFO - [2023-12-07T17:02:58.235+0000] {dagbag.py:536} INFO - Filling up the DagBag from /home/ubuntu/ec2_customer_chum_venv/lib/python3.10/site-packages/airflow/example_dags/example_params_ui_tutorial.py
[2023-12-07T17:02:58.267+0000] {processor.py:839} INFO - DAG(s) dict_keys(['example_params_ui_tutorial']) retrieved from /home/ubuntu/ec2_customer_chum_venv/lib/python3.10/site-packages/airflow/example_dags/example_params_ui_tutorial.py
[2023-12-07T17:02:58.315+0000] {logging_mixin.py:154} INFO - [2023-12-07T17:02:58.315+0000] {dag.py:2941} INFO - Sync 1 DAGs
[2023-12-07T17:02:58.327+0000] {logging_mixin.py:154} INFO - [2023-12-07T17:02:58.327+0000] {dag.py:3722} INFO - Setting next_dagrun for example_params_ui_tutorial to None, run_after=None
[2023-12-07T17:02:58.349+0000] {processor.py:179} INFO - Processing /home/ubuntu/ec2_customer_chum_venv/lib/python3.10/site-packages/airflow/example_dags/example_params_ui_tutorial.py took 0.119 seconds
[2023-12-07T17:03:45.525+0000] {processor.py:157} INFO - Started process (PID=5853) to work on /home/ubuntu/ec2_customer_chum_venv/lib/python3.10/site-packages/airflow/example_dags/example_params_ui_tutorial.py
[2023-12-07T17:03:45.526+0000] {processor.py:829} INFO - Processing file /home/ubuntu/ec2_customer_chum_venv/lib/python3.10/site-packages/airflow/example_dags/example_params_ui_tutorial.py for tasks to queue
[2023-12-07T17:03:45.527+0000] {logging_mixin.py:154} INFO - [2023-12-07T17:03:45.527+0000] {dagbag.py:536} INFO - Filling up the DagBag from /home/ubuntu/ec2_customer_chum_venv/lib/python3.10/site-packages/airflow/example_dags/example_params_ui_tutorial.py
[2023-12-07T17:03:45.559+0000] {processor.py:839} INFO - DAG(s) dict_keys(['example_params_ui_tutorial']) retrieved from /home/ubuntu/ec2_customer_chum_venv/lib/python3.10/site-packages/airflow/example_dags/example_params_ui_tutorial.py
[2023-12-07T17:03:45.608+0000] {logging_mixin.py:154} INFO - [2023-12-07T17:03:45.608+0000] {dag.py:2941} INFO - Sync 1 DAGs
[2023-12-07T17:03:45.619+0000] {logging_mixin.py:154} INFO - [2023-12-07T17:03:45.619+0000] {dag.py:3722} INFO - Setting next_dagrun for example_params_ui_tutorial to None, run_after=None
[2023-12-07T17:03:45.643+0000] {processor.py:179} INFO - Processing /home/ubuntu/ec2_customer_chum_venv/lib/python3.10/site-packages/airflow/example_dags/example_params_ui_tutorial.py took 0.121 seconds
[2023-12-07T17:04:26.834+0000] {processor.py:157} INFO - Started process (PID=5895) to work on /home/ubuntu/ec2_customer_chum_venv/lib/python3.10/site-packages/airflow/example_dags/example_params_ui_tutorial.py
[2023-12-07T17:04:26.835+0000] {processor.py:829} INFO - Processing file /home/ubuntu/ec2_customer_chum_venv/lib/python3.10/site-packages/airflow/example_dags/example_params_ui_tutorial.py for tasks to queue
[2023-12-07T17:04:26.836+0000] {logging_mixin.py:154} INFO - [2023-12-07T17:04:26.836+0000] {dagbag.py:536} INFO - Filling up the DagBag from /home/ubuntu/ec2_customer_chum_venv/lib/python3.10/site-packages/airflow/example_dags/example_params_ui_tutorial.py
[2023-12-07T17:04:26.868+0000] {processor.py:839} INFO - DAG(s) dict_keys(['example_params_ui_tutorial']) retrieved from /home/ubuntu/ec2_customer_chum_venv/lib/python3.10/site-packages/airflow/example_dags/example_params_ui_tutorial.py
[2023-12-07T17:04:26.918+0000] {logging_mixin.py:154} INFO - [2023-12-07T17:04:26.917+0000] {dag.py:2941} INFO - Sync 1 DAGs
[2023-12-07T17:04:26.930+0000] {logging_mixin.py:154} INFO - [2023-12-07T17:04:26.930+0000] {dag.py:3722} INFO - Setting next_dagrun for example_params_ui_tutorial to None, run_after=None
[2023-12-07T17:04:26.956+0000] {processor.py:179} INFO - Processing /home/ubuntu/ec2_customer_chum_venv/lib/python3.10/site-packages/airflow/example_dags/example_params_ui_tutorial.py took 0.126 seconds
[2023-12-07T17:05:11.556+0000] {processor.py:157} INFO - Started process (PID=5944) to work on /home/ubuntu/ec2_customer_chum_venv/lib/python3.10/site-packages/airflow/example_dags/example_params_ui_tutorial.py
[2023-12-07T17:05:11.558+0000] {processor.py:829} INFO - Processing file /home/ubuntu/ec2_customer_chum_venv/lib/python3.10/site-packages/airflow/example_dags/example_params_ui_tutorial.py for tasks to queue
[2023-12-07T17:05:11.559+0000] {logging_mixin.py:154} INFO - [2023-12-07T17:05:11.558+0000] {dagbag.py:536} INFO - Filling up the DagBag from /home/ubuntu/ec2_customer_chum_venv/lib/python3.10/site-packages/airflow/example_dags/example_params_ui_tutorial.py
[2023-12-07T17:05:11.590+0000] {processor.py:839} INFO - DAG(s) dict_keys(['example_params_ui_tutorial']) retrieved from /home/ubuntu/ec2_customer_chum_venv/lib/python3.10/site-packages/airflow/example_dags/example_params_ui_tutorial.py
[2023-12-07T17:05:11.639+0000] {logging_mixin.py:154} INFO - [2023-12-07T17:05:11.639+0000] {dag.py:2941} INFO - Sync 1 DAGs
[2023-12-07T17:05:11.651+0000] {logging_mixin.py:154} INFO - [2023-12-07T17:05:11.650+0000] {dag.py:3722} INFO - Setting next_dagrun for example_params_ui_tutorial to None, run_after=None
[2023-12-07T17:05:11.674+0000] {processor.py:179} INFO - Processing /home/ubuntu/ec2_customer_chum_venv/lib/python3.10/site-packages/airflow/example_dags/example_params_ui_tutorial.py took 0.121 seconds
[2023-12-07T17:05:54.571+0000] {processor.py:157} INFO - Started process (PID=5989) to work on /home/ubuntu/ec2_customer_chum_venv/lib/python3.10/site-packages/airflow/example_dags/example_params_ui_tutorial.py
[2023-12-07T17:05:54.572+0000] {processor.py:829} INFO - Processing file /home/ubuntu/ec2_customer_chum_venv/lib/python3.10/site-packages/airflow/example_dags/example_params_ui_tutorial.py for tasks to queue
[2023-12-07T17:05:54.573+0000] {logging_mixin.py:154} INFO - [2023-12-07T17:05:54.573+0000] {dagbag.py:536} INFO - Filling up the DagBag from /home/ubuntu/ec2_customer_chum_venv/lib/python3.10/site-packages/airflow/example_dags/example_params_ui_tutorial.py
[2023-12-07T17:05:54.606+0000] {processor.py:839} INFO - DAG(s) dict_keys(['example_params_ui_tutorial']) retrieved from /home/ubuntu/ec2_customer_chum_venv/lib/python3.10/site-packages/airflow/example_dags/example_params_ui_tutorial.py
[2023-12-07T17:05:54.655+0000] {logging_mixin.py:154} INFO - [2023-12-07T17:05:54.655+0000] {dag.py:2941} INFO - Sync 1 DAGs
[2023-12-07T17:05:54.667+0000] {logging_mixin.py:154} INFO - [2023-12-07T17:05:54.667+0000] {dag.py:3722} INFO - Setting next_dagrun for example_params_ui_tutorial to None, run_after=None
[2023-12-07T17:05:54.689+0000] {processor.py:179} INFO - Processing /home/ubuntu/ec2_customer_chum_venv/lib/python3.10/site-packages/airflow/example_dags/example_params_ui_tutorial.py took 0.122 seconds
[2023-12-07T17:06:38.930+0000] {processor.py:157} INFO - Started process (PID=6035) to work on /home/ubuntu/ec2_customer_chum_venv/lib/python3.10/site-packages/airflow/example_dags/example_params_ui_tutorial.py
[2023-12-07T17:06:38.932+0000] {processor.py:829} INFO - Processing file /home/ubuntu/ec2_customer_chum_venv/lib/python3.10/site-packages/airflow/example_dags/example_params_ui_tutorial.py for tasks to queue
[2023-12-07T17:06:38.932+0000] {logging_mixin.py:154} INFO - [2023-12-07T17:06:38.932+0000] {dagbag.py:536} INFO - Filling up the DagBag from /home/ubuntu/ec2_customer_chum_venv/lib/python3.10/site-packages/airflow/example_dags/example_params_ui_tutorial.py
[2023-12-07T17:06:38.965+0000] {processor.py:839} INFO - DAG(s) dict_keys(['example_params_ui_tutorial']) retrieved from /home/ubuntu/ec2_customer_chum_venv/lib/python3.10/site-packages/airflow/example_dags/example_params_ui_tutorial.py
[2023-12-07T17:06:39.014+0000] {logging_mixin.py:154} INFO - [2023-12-07T17:06:39.014+0000] {dag.py:2941} INFO - Sync 1 DAGs
[2023-12-07T17:06:39.026+0000] {logging_mixin.py:154} INFO - [2023-12-07T17:06:39.026+0000] {dag.py:3722} INFO - Setting next_dagrun for example_params_ui_tutorial to None, run_after=None
[2023-12-07T17:06:39.050+0000] {processor.py:179} INFO - Processing /home/ubuntu/ec2_customer_chum_venv/lib/python3.10/site-packages/airflow/example_dags/example_params_ui_tutorial.py took 0.123 seconds
[2023-12-07T17:07:28.722+0000] {processor.py:157} INFO - Started process (PID=6085) to work on /home/ubuntu/ec2_customer_chum_venv/lib/python3.10/site-packages/airflow/example_dags/example_params_ui_tutorial.py
[2023-12-07T17:07:28.723+0000] {processor.py:829} INFO - Processing file /home/ubuntu/ec2_customer_chum_venv/lib/python3.10/site-packages/airflow/example_dags/example_params_ui_tutorial.py for tasks to queue
[2023-12-07T17:07:28.724+0000] {logging_mixin.py:154} INFO - [2023-12-07T17:07:28.723+0000] {dagbag.py:536} INFO - Filling up the DagBag from /home/ubuntu/ec2_customer_chum_venv/lib/python3.10/site-packages/airflow/example_dags/example_params_ui_tutorial.py
[2023-12-07T17:07:28.756+0000] {processor.py:839} INFO - DAG(s) dict_keys(['example_params_ui_tutorial']) retrieved from /home/ubuntu/ec2_customer_chum_venv/lib/python3.10/site-packages/airflow/example_dags/example_params_ui_tutorial.py
[2023-12-07T17:07:28.806+0000] {logging_mixin.py:154} INFO - [2023-12-07T17:07:28.805+0000] {dag.py:2941} INFO - Sync 1 DAGs
[2023-12-07T17:07:28.818+0000] {logging_mixin.py:154} INFO - [2023-12-07T17:07:28.818+0000] {dag.py:3722} INFO - Setting next_dagrun for example_params_ui_tutorial to None, run_after=None
[2023-12-07T17:07:28.842+0000] {processor.py:179} INFO - Processing /home/ubuntu/ec2_customer_chum_venv/lib/python3.10/site-packages/airflow/example_dags/example_params_ui_tutorial.py took 0.124 seconds
[2023-12-07T17:08:14.693+0000] {processor.py:157} INFO - Started process (PID=6131) to work on /home/ubuntu/ec2_customer_chum_venv/lib/python3.10/site-packages/airflow/example_dags/example_params_ui_tutorial.py
[2023-12-07T17:08:14.695+0000] {processor.py:829} INFO - Processing file /home/ubuntu/ec2_customer_chum_venv/lib/python3.10/site-packages/airflow/example_dags/example_params_ui_tutorial.py for tasks to queue
[2023-12-07T17:08:14.696+0000] {logging_mixin.py:154} INFO - [2023-12-07T17:08:14.695+0000] {dagbag.py:536} INFO - Filling up the DagBag from /home/ubuntu/ec2_customer_chum_venv/lib/python3.10/site-packages/airflow/example_dags/example_params_ui_tutorial.py
[2023-12-07T17:08:14.727+0000] {processor.py:839} INFO - DAG(s) dict_keys(['example_params_ui_tutorial']) retrieved from /home/ubuntu/ec2_customer_chum_venv/lib/python3.10/site-packages/airflow/example_dags/example_params_ui_tutorial.py
[2023-12-07T17:08:14.775+0000] {logging_mixin.py:154} INFO - [2023-12-07T17:08:14.775+0000] {dag.py:2941} INFO - Sync 1 DAGs
[2023-12-07T17:08:14.787+0000] {logging_mixin.py:154} INFO - [2023-12-07T17:08:14.787+0000] {dag.py:3722} INFO - Setting next_dagrun for example_params_ui_tutorial to None, run_after=None
[2023-12-07T17:08:14.810+0000] {processor.py:179} INFO - Processing /home/ubuntu/ec2_customer_chum_venv/lib/python3.10/site-packages/airflow/example_dags/example_params_ui_tutorial.py took 0.120 seconds
[2023-12-07T17:09:00.123+0000] {processor.py:157} INFO - Started process (PID=6178) to work on /home/ubuntu/ec2_customer_chum_venv/lib/python3.10/site-packages/airflow/example_dags/example_params_ui_tutorial.py
[2023-12-07T17:09:00.126+0000] {processor.py:829} INFO - Processing file /home/ubuntu/ec2_customer_chum_venv/lib/python3.10/site-packages/airflow/example_dags/example_params_ui_tutorial.py for tasks to queue
[2023-12-07T17:09:00.127+0000] {logging_mixin.py:154} INFO - [2023-12-07T17:09:00.126+0000] {dagbag.py:536} INFO - Filling up the DagBag from /home/ubuntu/ec2_customer_chum_venv/lib/python3.10/site-packages/airflow/example_dags/example_params_ui_tutorial.py
[2023-12-07T17:09:00.168+0000] {processor.py:839} INFO - DAG(s) dict_keys(['example_params_ui_tutorial']) retrieved from /home/ubuntu/ec2_customer_chum_venv/lib/python3.10/site-packages/airflow/example_dags/example_params_ui_tutorial.py
[2023-12-07T17:09:00.221+0000] {logging_mixin.py:154} INFO - [2023-12-07T17:09:00.220+0000] {dag.py:2941} INFO - Sync 1 DAGs
[2023-12-07T17:09:00.234+0000] {logging_mixin.py:154} INFO - [2023-12-07T17:09:00.234+0000] {dag.py:3722} INFO - Setting next_dagrun for example_params_ui_tutorial to None, run_after=None
[2023-12-07T17:09:00.269+0000] {processor.py:179} INFO - Processing /home/ubuntu/ec2_customer_chum_venv/lib/python3.10/site-packages/airflow/example_dags/example_params_ui_tutorial.py took 0.155 seconds
[2023-12-07T17:09:43.343+0000] {processor.py:157} INFO - Started process (PID=6224) to work on /home/ubuntu/ec2_customer_chum_venv/lib/python3.10/site-packages/airflow/example_dags/example_params_ui_tutorial.py
[2023-12-07T17:09:43.345+0000] {processor.py:829} INFO - Processing file /home/ubuntu/ec2_customer_chum_venv/lib/python3.10/site-packages/airflow/example_dags/example_params_ui_tutorial.py for tasks to queue
[2023-12-07T17:09:43.345+0000] {logging_mixin.py:154} INFO - [2023-12-07T17:09:43.345+0000] {dagbag.py:536} INFO - Filling up the DagBag from /home/ubuntu/ec2_customer_chum_venv/lib/python3.10/site-packages/airflow/example_dags/example_params_ui_tutorial.py
[2023-12-07T17:09:43.377+0000] {processor.py:839} INFO - DAG(s) dict_keys(['example_params_ui_tutorial']) retrieved from /home/ubuntu/ec2_customer_chum_venv/lib/python3.10/site-packages/airflow/example_dags/example_params_ui_tutorial.py
[2023-12-07T17:09:43.426+0000] {logging_mixin.py:154} INFO - [2023-12-07T17:09:43.426+0000] {dag.py:2941} INFO - Sync 1 DAGs
[2023-12-07T17:09:43.438+0000] {logging_mixin.py:154} INFO - [2023-12-07T17:09:43.437+0000] {dag.py:3722} INFO - Setting next_dagrun for example_params_ui_tutorial to None, run_after=None
[2023-12-07T17:09:43.461+0000] {processor.py:179} INFO - Processing /home/ubuntu/ec2_customer_chum_venv/lib/python3.10/site-packages/airflow/example_dags/example_params_ui_tutorial.py took 0.121 seconds
[2023-12-07T17:10:28.572+0000] {processor.py:157} INFO - Started process (PID=6269) to work on /home/ubuntu/ec2_customer_chum_venv/lib/python3.10/site-packages/airflow/example_dags/example_params_ui_tutorial.py
[2023-12-07T17:10:28.574+0000] {processor.py:829} INFO - Processing file /home/ubuntu/ec2_customer_chum_venv/lib/python3.10/site-packages/airflow/example_dags/example_params_ui_tutorial.py for tasks to queue
[2023-12-07T17:10:28.574+0000] {logging_mixin.py:154} INFO - [2023-12-07T17:10:28.574+0000] {dagbag.py:536} INFO - Filling up the DagBag from /home/ubuntu/ec2_customer_chum_venv/lib/python3.10/site-packages/airflow/example_dags/example_params_ui_tutorial.py
[2023-12-07T17:10:28.606+0000] {processor.py:839} INFO - DAG(s) dict_keys(['example_params_ui_tutorial']) retrieved from /home/ubuntu/ec2_customer_chum_venv/lib/python3.10/site-packages/airflow/example_dags/example_params_ui_tutorial.py
[2023-12-07T17:10:28.655+0000] {logging_mixin.py:154} INFO - [2023-12-07T17:10:28.654+0000] {dag.py:2941} INFO - Sync 1 DAGs
[2023-12-07T17:10:28.666+0000] {logging_mixin.py:154} INFO - [2023-12-07T17:10:28.666+0000] {dag.py:3722} INFO - Setting next_dagrun for example_params_ui_tutorial to None, run_after=None
[2023-12-07T17:10:28.688+0000] {processor.py:179} INFO - Processing /home/ubuntu/ec2_customer_chum_venv/lib/python3.10/site-packages/airflow/example_dags/example_params_ui_tutorial.py took 0.120 seconds
[2023-12-07T17:11:12.988+0000] {processor.py:157} INFO - Started process (PID=6315) to work on /home/ubuntu/ec2_customer_chum_venv/lib/python3.10/site-packages/airflow/example_dags/example_params_ui_tutorial.py
[2023-12-07T17:11:12.990+0000] {processor.py:829} INFO - Processing file /home/ubuntu/ec2_customer_chum_venv/lib/python3.10/site-packages/airflow/example_dags/example_params_ui_tutorial.py for tasks to queue
[2023-12-07T17:11:12.991+0000] {logging_mixin.py:154} INFO - [2023-12-07T17:11:12.990+0000] {dagbag.py:536} INFO - Filling up the DagBag from /home/ubuntu/ec2_customer_chum_venv/lib/python3.10/site-packages/airflow/example_dags/example_params_ui_tutorial.py
[2023-12-07T17:11:13.023+0000] {processor.py:839} INFO - DAG(s) dict_keys(['example_params_ui_tutorial']) retrieved from /home/ubuntu/ec2_customer_chum_venv/lib/python3.10/site-packages/airflow/example_dags/example_params_ui_tutorial.py
[2023-12-07T17:11:13.073+0000] {logging_mixin.py:154} INFO - [2023-12-07T17:11:13.073+0000] {dag.py:2941} INFO - Sync 1 DAGs
[2023-12-07T17:11:13.086+0000] {logging_mixin.py:154} INFO - [2023-12-07T17:11:13.085+0000] {dag.py:3722} INFO - Setting next_dagrun for example_params_ui_tutorial to None, run_after=None
[2023-12-07T17:11:13.111+0000] {processor.py:179} INFO - Processing /home/ubuntu/ec2_customer_chum_venv/lib/python3.10/site-packages/airflow/example_dags/example_params_ui_tutorial.py took 0.126 seconds
[2023-12-07T17:11:59.527+0000] {processor.py:157} INFO - Started process (PID=6368) to work on /home/ubuntu/ec2_customer_chum_venv/lib/python3.10/site-packages/airflow/example_dags/example_params_ui_tutorial.py
[2023-12-07T17:11:59.529+0000] {processor.py:829} INFO - Processing file /home/ubuntu/ec2_customer_chum_venv/lib/python3.10/site-packages/airflow/example_dags/example_params_ui_tutorial.py for tasks to queue
[2023-12-07T17:11:59.530+0000] {logging_mixin.py:154} INFO - [2023-12-07T17:11:59.529+0000] {dagbag.py:536} INFO - Filling up the DagBag from /home/ubuntu/ec2_customer_chum_venv/lib/python3.10/site-packages/airflow/example_dags/example_params_ui_tutorial.py
[2023-12-07T17:11:59.562+0000] {processor.py:839} INFO - DAG(s) dict_keys(['example_params_ui_tutorial']) retrieved from /home/ubuntu/ec2_customer_chum_venv/lib/python3.10/site-packages/airflow/example_dags/example_params_ui_tutorial.py
[2023-12-07T17:11:59.610+0000] {logging_mixin.py:154} INFO - [2023-12-07T17:11:59.610+0000] {dag.py:2941} INFO - Sync 1 DAGs
[2023-12-07T17:11:59.622+0000] {logging_mixin.py:154} INFO - [2023-12-07T17:11:59.622+0000] {dag.py:3722} INFO - Setting next_dagrun for example_params_ui_tutorial to None, run_after=None
[2023-12-07T17:11:59.645+0000] {processor.py:179} INFO - Processing /home/ubuntu/ec2_customer_chum_venv/lib/python3.10/site-packages/airflow/example_dags/example_params_ui_tutorial.py took 0.122 seconds
[2023-12-07T17:12:45.617+0000] {processor.py:157} INFO - Started process (PID=6415) to work on /home/ubuntu/ec2_customer_chum_venv/lib/python3.10/site-packages/airflow/example_dags/example_params_ui_tutorial.py
[2023-12-07T17:12:45.619+0000] {processor.py:829} INFO - Processing file /home/ubuntu/ec2_customer_chum_venv/lib/python3.10/site-packages/airflow/example_dags/example_params_ui_tutorial.py for tasks to queue
[2023-12-07T17:12:45.620+0000] {logging_mixin.py:154} INFO - [2023-12-07T17:12:45.619+0000] {dagbag.py:536} INFO - Filling up the DagBag from /home/ubuntu/ec2_customer_chum_venv/lib/python3.10/site-packages/airflow/example_dags/example_params_ui_tutorial.py
[2023-12-07T17:12:45.651+0000] {processor.py:839} INFO - DAG(s) dict_keys(['example_params_ui_tutorial']) retrieved from /home/ubuntu/ec2_customer_chum_venv/lib/python3.10/site-packages/airflow/example_dags/example_params_ui_tutorial.py
[2023-12-07T17:12:45.700+0000] {logging_mixin.py:154} INFO - [2023-12-07T17:12:45.700+0000] {dag.py:2941} INFO - Sync 1 DAGs
[2023-12-07T17:12:45.713+0000] {logging_mixin.py:154} INFO - [2023-12-07T17:12:45.712+0000] {dag.py:3722} INFO - Setting next_dagrun for example_params_ui_tutorial to None, run_after=None
[2023-12-07T17:12:45.735+0000] {processor.py:179} INFO - Processing /home/ubuntu/ec2_customer_chum_venv/lib/python3.10/site-packages/airflow/example_dags/example_params_ui_tutorial.py took 0.121 seconds
[2023-12-07T17:13:32.422+0000] {processor.py:157} INFO - Started process (PID=6550) to work on /home/ubuntu/ec2_customer_chum_venv/lib/python3.10/site-packages/airflow/example_dags/example_params_ui_tutorial.py
[2023-12-07T17:13:32.423+0000] {processor.py:829} INFO - Processing file /home/ubuntu/ec2_customer_chum_venv/lib/python3.10/site-packages/airflow/example_dags/example_params_ui_tutorial.py for tasks to queue
[2023-12-07T17:13:32.424+0000] {logging_mixin.py:154} INFO - [2023-12-07T17:13:32.424+0000] {dagbag.py:536} INFO - Filling up the DagBag from /home/ubuntu/ec2_customer_chum_venv/lib/python3.10/site-packages/airflow/example_dags/example_params_ui_tutorial.py
[2023-12-07T17:13:32.456+0000] {processor.py:839} INFO - DAG(s) dict_keys(['example_params_ui_tutorial']) retrieved from /home/ubuntu/ec2_customer_chum_venv/lib/python3.10/site-packages/airflow/example_dags/example_params_ui_tutorial.py
[2023-12-07T17:13:32.505+0000] {logging_mixin.py:154} INFO - [2023-12-07T17:13:32.505+0000] {dag.py:2941} INFO - Sync 1 DAGs
[2023-12-07T17:13:32.517+0000] {logging_mixin.py:154} INFO - [2023-12-07T17:13:32.517+0000] {dag.py:3722} INFO - Setting next_dagrun for example_params_ui_tutorial to None, run_after=None
[2023-12-07T17:13:32.566+0000] {processor.py:179} INFO - Processing /home/ubuntu/ec2_customer_chum_venv/lib/python3.10/site-packages/airflow/example_dags/example_params_ui_tutorial.py took 0.147 seconds
[2023-12-07T17:14:13.623+0000] {processor.py:157} INFO - Started process (PID=6593) to work on /home/ubuntu/ec2_customer_chum_venv/lib/python3.10/site-packages/airflow/example_dags/example_params_ui_tutorial.py
[2023-12-07T17:14:13.625+0000] {processor.py:829} INFO - Processing file /home/ubuntu/ec2_customer_chum_venv/lib/python3.10/site-packages/airflow/example_dags/example_params_ui_tutorial.py for tasks to queue
[2023-12-07T17:14:13.626+0000] {logging_mixin.py:154} INFO - [2023-12-07T17:14:13.625+0000] {dagbag.py:536} INFO - Filling up the DagBag from /home/ubuntu/ec2_customer_chum_venv/lib/python3.10/site-packages/airflow/example_dags/example_params_ui_tutorial.py
[2023-12-07T17:14:13.657+0000] {processor.py:839} INFO - DAG(s) dict_keys(['example_params_ui_tutorial']) retrieved from /home/ubuntu/ec2_customer_chum_venv/lib/python3.10/site-packages/airflow/example_dags/example_params_ui_tutorial.py
[2023-12-07T17:14:13.707+0000] {logging_mixin.py:154} INFO - [2023-12-07T17:14:13.706+0000] {dag.py:2941} INFO - Sync 1 DAGs
[2023-12-07T17:14:13.719+0000] {logging_mixin.py:154} INFO - [2023-12-07T17:14:13.718+0000] {dag.py:3722} INFO - Setting next_dagrun for example_params_ui_tutorial to None, run_after=None
[2023-12-07T17:14:13.741+0000] {processor.py:179} INFO - Processing /home/ubuntu/ec2_customer_chum_venv/lib/python3.10/site-packages/airflow/example_dags/example_params_ui_tutorial.py took 0.121 seconds
[2023-12-07T17:14:56.415+0000] {processor.py:157} INFO - Started process (PID=6704) to work on /home/ubuntu/ec2_customer_chum_venv/lib/python3.10/site-packages/airflow/example_dags/example_params_ui_tutorial.py
[2023-12-07T17:14:56.416+0000] {processor.py:829} INFO - Processing file /home/ubuntu/ec2_customer_chum_venv/lib/python3.10/site-packages/airflow/example_dags/example_params_ui_tutorial.py for tasks to queue
[2023-12-07T17:14:56.417+0000] {logging_mixin.py:154} INFO - [2023-12-07T17:14:56.417+0000] {dagbag.py:536} INFO - Filling up the DagBag from /home/ubuntu/ec2_customer_chum_venv/lib/python3.10/site-packages/airflow/example_dags/example_params_ui_tutorial.py
[2023-12-07T17:14:56.449+0000] {processor.py:839} INFO - DAG(s) dict_keys(['example_params_ui_tutorial']) retrieved from /home/ubuntu/ec2_customer_chum_venv/lib/python3.10/site-packages/airflow/example_dags/example_params_ui_tutorial.py
[2023-12-07T17:14:56.499+0000] {logging_mixin.py:154} INFO - [2023-12-07T17:14:56.499+0000] {dag.py:2941} INFO - Sync 1 DAGs
[2023-12-07T17:14:56.511+0000] {logging_mixin.py:154} INFO - [2023-12-07T17:14:56.511+0000] {dag.py:3722} INFO - Setting next_dagrun for example_params_ui_tutorial to None, run_after=None
[2023-12-07T17:14:56.533+0000] {processor.py:179} INFO - Processing /home/ubuntu/ec2_customer_chum_venv/lib/python3.10/site-packages/airflow/example_dags/example_params_ui_tutorial.py took 0.121 seconds
