[2023-12-07T16:49:42.175+0000] {processor.py:157} INFO - Started process (PID=4994) to work on /home/ubuntu/ec2_customer_chum_venv/lib/python3.10/site-packages/airflow/example_dags/example_branch_python_dop_operator_3.py
[2023-12-07T16:49:42.176+0000] {processor.py:829} INFO - Processing file /home/ubuntu/ec2_customer_chum_venv/lib/python3.10/site-packages/airflow/example_dags/example_branch_python_dop_operator_3.py for tasks to queue
[2023-12-07T16:49:42.176+0000] {logging_mixin.py:154} INFO - [2023-12-07T16:49:42.176+0000] {dagbag.py:536} INFO - Filling up the DagBag from /home/ubuntu/ec2_customer_chum_venv/lib/python3.10/site-packages/airflow/example_dags/example_branch_python_dop_operator_3.py
[2023-12-07T16:49:42.187+0000] {processor.py:839} INFO - DAG(s) dict_keys(['example_branch_dop_operator_v3']) retrieved from /home/ubuntu/ec2_customer_chum_venv/lib/python3.10/site-packages/airflow/example_dags/example_branch_python_dop_operator_3.py
[2023-12-07T16:49:42.302+0000] {logging_mixin.py:154} INFO - [2023-12-07T16:49:42.301+0000] {manager.py:499} INFO - Created Permission View: %s
[2023-12-07T16:49:42.315+0000] {logging_mixin.py:154} INFO - [2023-12-07T16:49:42.314+0000] {manager.py:499} INFO - Created Permission View: %s
[2023-12-07T16:49:42.324+0000] {logging_mixin.py:154} INFO - [2023-12-07T16:49:42.324+0000] {manager.py:499} INFO - Created Permission View: %s
[2023-12-07T16:49:42.325+0000] {logging_mixin.py:154} INFO - [2023-12-07T16:49:42.324+0000] {dag.py:2941} INFO - Sync 1 DAGs
[2023-12-07T16:49:42.336+0000] {logging_mixin.py:154} INFO - [2023-12-07T16:49:42.335+0000] {dag.py:2963} INFO - Creating ORM DAG for example_branch_dop_operator_v3
[2023-12-07T16:49:42.349+0000] {logging_mixin.py:154} INFO - [2023-12-07T16:49:42.349+0000] {dag.py:3722} INFO - Setting next_dagrun for example_branch_dop_operator_v3 to 2023-12-07T16:48:00+00:00, run_after=2023-12-07T16:49:00+00:00
[2023-12-07T16:49:42.372+0000] {processor.py:179} INFO - Processing /home/ubuntu/ec2_customer_chum_venv/lib/python3.10/site-packages/airflow/example_dags/example_branch_python_dop_operator_3.py took 0.200 seconds
[2023-12-07T16:50:29.130+0000] {processor.py:157} INFO - Started process (PID=5040) to work on /home/ubuntu/ec2_customer_chum_venv/lib/python3.10/site-packages/airflow/example_dags/example_branch_python_dop_operator_3.py
[2023-12-07T16:50:29.131+0000] {processor.py:829} INFO - Processing file /home/ubuntu/ec2_customer_chum_venv/lib/python3.10/site-packages/airflow/example_dags/example_branch_python_dop_operator_3.py for tasks to queue
[2023-12-07T16:50:29.132+0000] {logging_mixin.py:154} INFO - [2023-12-07T16:50:29.132+0000] {dagbag.py:536} INFO - Filling up the DagBag from /home/ubuntu/ec2_customer_chum_venv/lib/python3.10/site-packages/airflow/example_dags/example_branch_python_dop_operator_3.py
[2023-12-07T16:50:29.142+0000] {processor.py:839} INFO - DAG(s) dict_keys(['example_branch_dop_operator_v3']) retrieved from /home/ubuntu/ec2_customer_chum_venv/lib/python3.10/site-packages/airflow/example_dags/example_branch_python_dop_operator_3.py
[2023-12-07T16:50:29.159+0000] {logging_mixin.py:154} INFO - [2023-12-07T16:50:29.159+0000] {dag.py:2941} INFO - Sync 1 DAGs
[2023-12-07T16:50:29.184+0000] {logging_mixin.py:154} INFO - [2023-12-07T16:50:29.184+0000] {dag.py:3722} INFO - Setting next_dagrun for example_branch_dop_operator_v3 to 2023-12-07T16:49:00+00:00, run_after=2023-12-07T16:50:00+00:00
[2023-12-07T16:50:29.208+0000] {processor.py:179} INFO - Processing /home/ubuntu/ec2_customer_chum_venv/lib/python3.10/site-packages/airflow/example_dags/example_branch_python_dop_operator_3.py took 0.081 seconds
[2023-12-07T16:51:18.964+0000] {processor.py:157} INFO - Started process (PID=5091) to work on /home/ubuntu/ec2_customer_chum_venv/lib/python3.10/site-packages/airflow/example_dags/example_branch_python_dop_operator_3.py
[2023-12-07T16:51:18.965+0000] {processor.py:829} INFO - Processing file /home/ubuntu/ec2_customer_chum_venv/lib/python3.10/site-packages/airflow/example_dags/example_branch_python_dop_operator_3.py for tasks to queue
[2023-12-07T16:51:18.966+0000] {logging_mixin.py:154} INFO - [2023-12-07T16:51:18.966+0000] {dagbag.py:536} INFO - Filling up the DagBag from /home/ubuntu/ec2_customer_chum_venv/lib/python3.10/site-packages/airflow/example_dags/example_branch_python_dop_operator_3.py
[2023-12-07T16:51:18.976+0000] {processor.py:839} INFO - DAG(s) dict_keys(['example_branch_dop_operator_v3']) retrieved from /home/ubuntu/ec2_customer_chum_venv/lib/python3.10/site-packages/airflow/example_dags/example_branch_python_dop_operator_3.py
[2023-12-07T16:51:18.994+0000] {logging_mixin.py:154} INFO - [2023-12-07T16:51:18.993+0000] {dag.py:2941} INFO - Sync 1 DAGs
[2023-12-07T16:51:19.020+0000] {logging_mixin.py:154} INFO - [2023-12-07T16:51:19.019+0000] {dag.py:3722} INFO - Setting next_dagrun for example_branch_dop_operator_v3 to 2023-12-07T16:50:00+00:00, run_after=2023-12-07T16:51:00+00:00
[2023-12-07T16:51:19.044+0000] {processor.py:179} INFO - Processing /home/ubuntu/ec2_customer_chum_venv/lib/python3.10/site-packages/airflow/example_dags/example_branch_python_dop_operator_3.py took 0.084 seconds
[2023-12-07T16:52:09.247+0000] {processor.py:157} INFO - Started process (PID=5143) to work on /home/ubuntu/ec2_customer_chum_venv/lib/python3.10/site-packages/airflow/example_dags/example_branch_python_dop_operator_3.py
[2023-12-07T16:52:09.248+0000] {processor.py:829} INFO - Processing file /home/ubuntu/ec2_customer_chum_venv/lib/python3.10/site-packages/airflow/example_dags/example_branch_python_dop_operator_3.py for tasks to queue
[2023-12-07T16:52:09.249+0000] {logging_mixin.py:154} INFO - [2023-12-07T16:52:09.249+0000] {dagbag.py:536} INFO - Filling up the DagBag from /home/ubuntu/ec2_customer_chum_venv/lib/python3.10/site-packages/airflow/example_dags/example_branch_python_dop_operator_3.py
[2023-12-07T16:52:09.259+0000] {processor.py:839} INFO - DAG(s) dict_keys(['example_branch_dop_operator_v3']) retrieved from /home/ubuntu/ec2_customer_chum_venv/lib/python3.10/site-packages/airflow/example_dags/example_branch_python_dop_operator_3.py
[2023-12-07T16:52:09.276+0000] {logging_mixin.py:154} INFO - [2023-12-07T16:52:09.276+0000] {dag.py:2941} INFO - Sync 1 DAGs
[2023-12-07T16:52:09.301+0000] {logging_mixin.py:154} INFO - [2023-12-07T16:52:09.301+0000] {dag.py:3722} INFO - Setting next_dagrun for example_branch_dop_operator_v3 to 2023-12-07T16:51:00+00:00, run_after=2023-12-07T16:52:00+00:00
[2023-12-07T16:52:09.325+0000] {processor.py:179} INFO - Processing /home/ubuntu/ec2_customer_chum_venv/lib/python3.10/site-packages/airflow/example_dags/example_branch_python_dop_operator_3.py took 0.082 seconds
[2023-12-07T16:52:57.492+0000] {processor.py:157} INFO - Started process (PID=5193) to work on /home/ubuntu/ec2_customer_chum_venv/lib/python3.10/site-packages/airflow/example_dags/example_branch_python_dop_operator_3.py
[2023-12-07T16:52:57.493+0000] {processor.py:829} INFO - Processing file /home/ubuntu/ec2_customer_chum_venv/lib/python3.10/site-packages/airflow/example_dags/example_branch_python_dop_operator_3.py for tasks to queue
[2023-12-07T16:52:57.494+0000] {logging_mixin.py:154} INFO - [2023-12-07T16:52:57.493+0000] {dagbag.py:536} INFO - Filling up the DagBag from /home/ubuntu/ec2_customer_chum_venv/lib/python3.10/site-packages/airflow/example_dags/example_branch_python_dop_operator_3.py
[2023-12-07T16:52:57.504+0000] {processor.py:839} INFO - DAG(s) dict_keys(['example_branch_dop_operator_v3']) retrieved from /home/ubuntu/ec2_customer_chum_venv/lib/python3.10/site-packages/airflow/example_dags/example_branch_python_dop_operator_3.py
[2023-12-07T16:52:57.521+0000] {logging_mixin.py:154} INFO - [2023-12-07T16:52:57.521+0000] {dag.py:2941} INFO - Sync 1 DAGs
[2023-12-07T16:52:57.546+0000] {logging_mixin.py:154} INFO - [2023-12-07T16:52:57.546+0000] {dag.py:3722} INFO - Setting next_dagrun for example_branch_dop_operator_v3 to 2023-12-07T16:51:00+00:00, run_after=2023-12-07T16:52:00+00:00
[2023-12-07T16:52:57.570+0000] {processor.py:179} INFO - Processing /home/ubuntu/ec2_customer_chum_venv/lib/python3.10/site-packages/airflow/example_dags/example_branch_python_dop_operator_3.py took 0.082 seconds
[2023-12-07T16:54:10.230+0000] {processor.py:157} INFO - Started process (PID=5256) to work on /home/ubuntu/ec2_customer_chum_venv/lib/python3.10/site-packages/airflow/example_dags/example_branch_python_dop_operator_3.py
[2023-12-07T16:54:10.231+0000] {processor.py:829} INFO - Processing file /home/ubuntu/ec2_customer_chum_venv/lib/python3.10/site-packages/airflow/example_dags/example_branch_python_dop_operator_3.py for tasks to queue
[2023-12-07T16:54:10.232+0000] {logging_mixin.py:154} INFO - [2023-12-07T16:54:10.232+0000] {dagbag.py:536} INFO - Filling up the DagBag from /home/ubuntu/ec2_customer_chum_venv/lib/python3.10/site-packages/airflow/example_dags/example_branch_python_dop_operator_3.py
[2023-12-07T16:54:10.242+0000] {processor.py:839} INFO - DAG(s) dict_keys(['example_branch_dop_operator_v3']) retrieved from /home/ubuntu/ec2_customer_chum_venv/lib/python3.10/site-packages/airflow/example_dags/example_branch_python_dop_operator_3.py
[2023-12-07T16:54:10.262+0000] {logging_mixin.py:154} INFO - [2023-12-07T16:54:10.261+0000] {dag.py:2941} INFO - Sync 1 DAGs
[2023-12-07T16:54:10.289+0000] {logging_mixin.py:154} INFO - [2023-12-07T16:54:10.288+0000] {dag.py:3722} INFO - Setting next_dagrun for example_branch_dop_operator_v3 to 2023-12-07T16:53:00+00:00, run_after=2023-12-07T16:54:00+00:00
[2023-12-07T16:54:10.311+0000] {processor.py:179} INFO - Processing /home/ubuntu/ec2_customer_chum_venv/lib/python3.10/site-packages/airflow/example_dags/example_branch_python_dop_operator_3.py took 0.085 seconds
[2023-12-07T16:54:56.814+0000] {processor.py:157} INFO - Started process (PID=5305) to work on /home/ubuntu/ec2_customer_chum_venv/lib/python3.10/site-packages/airflow/example_dags/example_branch_python_dop_operator_3.py
[2023-12-07T16:54:56.816+0000] {processor.py:829} INFO - Processing file /home/ubuntu/ec2_customer_chum_venv/lib/python3.10/site-packages/airflow/example_dags/example_branch_python_dop_operator_3.py for tasks to queue
[2023-12-07T16:54:56.817+0000] {logging_mixin.py:154} INFO - [2023-12-07T16:54:56.817+0000] {dagbag.py:536} INFO - Filling up the DagBag from /home/ubuntu/ec2_customer_chum_venv/lib/python3.10/site-packages/airflow/example_dags/example_branch_python_dop_operator_3.py
[2023-12-07T16:54:56.827+0000] {processor.py:839} INFO - DAG(s) dict_keys(['example_branch_dop_operator_v3']) retrieved from /home/ubuntu/ec2_customer_chum_venv/lib/python3.10/site-packages/airflow/example_dags/example_branch_python_dop_operator_3.py
[2023-12-07T16:54:56.844+0000] {logging_mixin.py:154} INFO - [2023-12-07T16:54:56.844+0000] {dag.py:2941} INFO - Sync 1 DAGs
[2023-12-07T16:54:56.869+0000] {logging_mixin.py:154} INFO - [2023-12-07T16:54:56.869+0000] {dag.py:3722} INFO - Setting next_dagrun for example_branch_dop_operator_v3 to 2023-12-07T16:53:00+00:00, run_after=2023-12-07T16:54:00+00:00
[2023-12-07T16:54:56.894+0000] {processor.py:179} INFO - Processing /home/ubuntu/ec2_customer_chum_venv/lib/python3.10/site-packages/airflow/example_dags/example_branch_python_dop_operator_3.py took 0.082 seconds
[2023-12-07T16:55:40.962+0000] {processor.py:157} INFO - Started process (PID=5353) to work on /home/ubuntu/ec2_customer_chum_venv/lib/python3.10/site-packages/airflow/example_dags/example_branch_python_dop_operator_3.py
[2023-12-07T16:55:40.964+0000] {processor.py:829} INFO - Processing file /home/ubuntu/ec2_customer_chum_venv/lib/python3.10/site-packages/airflow/example_dags/example_branch_python_dop_operator_3.py for tasks to queue
[2023-12-07T16:55:40.965+0000] {logging_mixin.py:154} INFO - [2023-12-07T16:55:40.964+0000] {dagbag.py:536} INFO - Filling up the DagBag from /home/ubuntu/ec2_customer_chum_venv/lib/python3.10/site-packages/airflow/example_dags/example_branch_python_dop_operator_3.py
[2023-12-07T16:55:40.974+0000] {processor.py:839} INFO - DAG(s) dict_keys(['example_branch_dop_operator_v3']) retrieved from /home/ubuntu/ec2_customer_chum_venv/lib/python3.10/site-packages/airflow/example_dags/example_branch_python_dop_operator_3.py
[2023-12-07T16:55:40.992+0000] {logging_mixin.py:154} INFO - [2023-12-07T16:55:40.992+0000] {dag.py:2941} INFO - Sync 1 DAGs
[2023-12-07T16:55:41.019+0000] {logging_mixin.py:154} INFO - [2023-12-07T16:55:41.019+0000] {dag.py:3722} INFO - Setting next_dagrun for example_branch_dop_operator_v3 to 2023-12-07T16:54:00+00:00, run_after=2023-12-07T16:55:00+00:00
[2023-12-07T16:55:41.043+0000] {processor.py:179} INFO - Processing /home/ubuntu/ec2_customer_chum_venv/lib/python3.10/site-packages/airflow/example_dags/example_branch_python_dop_operator_3.py took 0.084 seconds
[2023-12-07T16:56:27.142+0000] {processor.py:157} INFO - Started process (PID=5399) to work on /home/ubuntu/ec2_customer_chum_venv/lib/python3.10/site-packages/airflow/example_dags/example_branch_python_dop_operator_3.py
[2023-12-07T16:56:27.143+0000] {processor.py:829} INFO - Processing file /home/ubuntu/ec2_customer_chum_venv/lib/python3.10/site-packages/airflow/example_dags/example_branch_python_dop_operator_3.py for tasks to queue
[2023-12-07T16:56:27.144+0000] {logging_mixin.py:154} INFO - [2023-12-07T16:56:27.144+0000] {dagbag.py:536} INFO - Filling up the DagBag from /home/ubuntu/ec2_customer_chum_venv/lib/python3.10/site-packages/airflow/example_dags/example_branch_python_dop_operator_3.py
[2023-12-07T16:56:27.154+0000] {processor.py:839} INFO - DAG(s) dict_keys(['example_branch_dop_operator_v3']) retrieved from /home/ubuntu/ec2_customer_chum_venv/lib/python3.10/site-packages/airflow/example_dags/example_branch_python_dop_operator_3.py
[2023-12-07T16:56:27.171+0000] {logging_mixin.py:154} INFO - [2023-12-07T16:56:27.171+0000] {dag.py:2941} INFO - Sync 1 DAGs
[2023-12-07T16:56:27.196+0000] {logging_mixin.py:154} INFO - [2023-12-07T16:56:27.196+0000] {dag.py:3722} INFO - Setting next_dagrun for example_branch_dop_operator_v3 to 2023-12-07T16:55:00+00:00, run_after=2023-12-07T16:56:00+00:00
[2023-12-07T16:56:27.219+0000] {processor.py:179} INFO - Processing /home/ubuntu/ec2_customer_chum_venv/lib/python3.10/site-packages/airflow/example_dags/example_branch_python_dop_operator_3.py took 0.080 seconds
[2023-12-07T16:57:10.188+0000] {processor.py:157} INFO - Started process (PID=5445) to work on /home/ubuntu/ec2_customer_chum_venv/lib/python3.10/site-packages/airflow/example_dags/example_branch_python_dop_operator_3.py
[2023-12-07T16:57:10.189+0000] {processor.py:829} INFO - Processing file /home/ubuntu/ec2_customer_chum_venv/lib/python3.10/site-packages/airflow/example_dags/example_branch_python_dop_operator_3.py for tasks to queue
[2023-12-07T16:57:10.190+0000] {logging_mixin.py:154} INFO - [2023-12-07T16:57:10.190+0000] {dagbag.py:536} INFO - Filling up the DagBag from /home/ubuntu/ec2_customer_chum_venv/lib/python3.10/site-packages/airflow/example_dags/example_branch_python_dop_operator_3.py
[2023-12-07T16:57:10.200+0000] {processor.py:839} INFO - DAG(s) dict_keys(['example_branch_dop_operator_v3']) retrieved from /home/ubuntu/ec2_customer_chum_venv/lib/python3.10/site-packages/airflow/example_dags/example_branch_python_dop_operator_3.py
[2023-12-07T16:57:10.217+0000] {logging_mixin.py:154} INFO - [2023-12-07T16:57:10.217+0000] {dag.py:2941} INFO - Sync 1 DAGs
[2023-12-07T16:57:10.242+0000] {logging_mixin.py:154} INFO - [2023-12-07T16:57:10.242+0000] {dag.py:3722} INFO - Setting next_dagrun for example_branch_dop_operator_v3 to 2023-12-07T16:56:00+00:00, run_after=2023-12-07T16:57:00+00:00
[2023-12-07T16:57:10.265+0000] {processor.py:179} INFO - Processing /home/ubuntu/ec2_customer_chum_venv/lib/python3.10/site-packages/airflow/example_dags/example_branch_python_dop_operator_3.py took 0.080 seconds
[2023-12-07T16:57:53.315+0000] {processor.py:157} INFO - Started process (PID=5491) to work on /home/ubuntu/ec2_customer_chum_venv/lib/python3.10/site-packages/airflow/example_dags/example_branch_python_dop_operator_3.py
[2023-12-07T16:57:53.316+0000] {processor.py:829} INFO - Processing file /home/ubuntu/ec2_customer_chum_venv/lib/python3.10/site-packages/airflow/example_dags/example_branch_python_dop_operator_3.py for tasks to queue
[2023-12-07T16:57:53.317+0000] {logging_mixin.py:154} INFO - [2023-12-07T16:57:53.317+0000] {dagbag.py:536} INFO - Filling up the DagBag from /home/ubuntu/ec2_customer_chum_venv/lib/python3.10/site-packages/airflow/example_dags/example_branch_python_dop_operator_3.py
[2023-12-07T16:57:53.327+0000] {processor.py:839} INFO - DAG(s) dict_keys(['example_branch_dop_operator_v3']) retrieved from /home/ubuntu/ec2_customer_chum_venv/lib/python3.10/site-packages/airflow/example_dags/example_branch_python_dop_operator_3.py
[2023-12-07T16:57:53.344+0000] {logging_mixin.py:154} INFO - [2023-12-07T16:57:53.344+0000] {dag.py:2941} INFO - Sync 1 DAGs
[2023-12-07T16:57:53.369+0000] {logging_mixin.py:154} INFO - [2023-12-07T16:57:53.368+0000] {dag.py:3722} INFO - Setting next_dagrun for example_branch_dop_operator_v3 to 2023-12-07T16:56:00+00:00, run_after=2023-12-07T16:57:00+00:00
[2023-12-07T16:57:53.391+0000] {processor.py:179} INFO - Processing /home/ubuntu/ec2_customer_chum_venv/lib/python3.10/site-packages/airflow/example_dags/example_branch_python_dop_operator_3.py took 0.079 seconds
[2023-12-07T16:58:37.896+0000] {processor.py:157} INFO - Started process (PID=5539) to work on /home/ubuntu/ec2_customer_chum_venv/lib/python3.10/site-packages/airflow/example_dags/example_branch_python_dop_operator_3.py
[2023-12-07T16:58:37.898+0000] {processor.py:829} INFO - Processing file /home/ubuntu/ec2_customer_chum_venv/lib/python3.10/site-packages/airflow/example_dags/example_branch_python_dop_operator_3.py for tasks to queue
[2023-12-07T16:58:37.898+0000] {logging_mixin.py:154} INFO - [2023-12-07T16:58:37.898+0000] {dagbag.py:536} INFO - Filling up the DagBag from /home/ubuntu/ec2_customer_chum_venv/lib/python3.10/site-packages/airflow/example_dags/example_branch_python_dop_operator_3.py
[2023-12-07T16:58:37.908+0000] {processor.py:839} INFO - DAG(s) dict_keys(['example_branch_dop_operator_v3']) retrieved from /home/ubuntu/ec2_customer_chum_venv/lib/python3.10/site-packages/airflow/example_dags/example_branch_python_dop_operator_3.py
[2023-12-07T16:58:37.925+0000] {logging_mixin.py:154} INFO - [2023-12-07T16:58:37.925+0000] {dag.py:2941} INFO - Sync 1 DAGs
[2023-12-07T16:58:37.950+0000] {logging_mixin.py:154} INFO - [2023-12-07T16:58:37.950+0000] {dag.py:3722} INFO - Setting next_dagrun for example_branch_dop_operator_v3 to 2023-12-07T16:57:00+00:00, run_after=2023-12-07T16:58:00+00:00
[2023-12-07T16:58:37.974+0000] {processor.py:179} INFO - Processing /home/ubuntu/ec2_customer_chum_venv/lib/python3.10/site-packages/airflow/example_dags/example_branch_python_dop_operator_3.py took 0.081 seconds
[2023-12-07T16:59:21.191+0000] {processor.py:157} INFO - Started process (PID=5583) to work on /home/ubuntu/ec2_customer_chum_venv/lib/python3.10/site-packages/airflow/example_dags/example_branch_python_dop_operator_3.py
[2023-12-07T16:59:21.192+0000] {processor.py:829} INFO - Processing file /home/ubuntu/ec2_customer_chum_venv/lib/python3.10/site-packages/airflow/example_dags/example_branch_python_dop_operator_3.py for tasks to queue
[2023-12-07T16:59:21.193+0000] {logging_mixin.py:154} INFO - [2023-12-07T16:59:21.193+0000] {dagbag.py:536} INFO - Filling up the DagBag from /home/ubuntu/ec2_customer_chum_venv/lib/python3.10/site-packages/airflow/example_dags/example_branch_python_dop_operator_3.py
[2023-12-07T16:59:21.203+0000] {processor.py:839} INFO - DAG(s) dict_keys(['example_branch_dop_operator_v3']) retrieved from /home/ubuntu/ec2_customer_chum_venv/lib/python3.10/site-packages/airflow/example_dags/example_branch_python_dop_operator_3.py
[2023-12-07T16:59:21.220+0000] {logging_mixin.py:154} INFO - [2023-12-07T16:59:21.220+0000] {dag.py:2941} INFO - Sync 1 DAGs
[2023-12-07T16:59:21.245+0000] {logging_mixin.py:154} INFO - [2023-12-07T16:59:21.245+0000] {dag.py:3722} INFO - Setting next_dagrun for example_branch_dop_operator_v3 to 2023-12-07T16:58:00+00:00, run_after=2023-12-07T16:59:00+00:00
[2023-12-07T16:59:21.268+0000] {processor.py:179} INFO - Processing /home/ubuntu/ec2_customer_chum_venv/lib/python3.10/site-packages/airflow/example_dags/example_branch_python_dop_operator_3.py took 0.081 seconds
[2023-12-07T17:00:05.236+0000] {processor.py:157} INFO - Started process (PID=5629) to work on /home/ubuntu/ec2_customer_chum_venv/lib/python3.10/site-packages/airflow/example_dags/example_branch_python_dop_operator_3.py
[2023-12-07T17:00:05.238+0000] {processor.py:829} INFO - Processing file /home/ubuntu/ec2_customer_chum_venv/lib/python3.10/site-packages/airflow/example_dags/example_branch_python_dop_operator_3.py for tasks to queue
[2023-12-07T17:00:05.239+0000] {logging_mixin.py:154} INFO - [2023-12-07T17:00:05.238+0000] {dagbag.py:536} INFO - Filling up the DagBag from /home/ubuntu/ec2_customer_chum_venv/lib/python3.10/site-packages/airflow/example_dags/example_branch_python_dop_operator_3.py
[2023-12-07T17:00:05.250+0000] {processor.py:839} INFO - DAG(s) dict_keys(['example_branch_dop_operator_v3']) retrieved from /home/ubuntu/ec2_customer_chum_venv/lib/python3.10/site-packages/airflow/example_dags/example_branch_python_dop_operator_3.py
[2023-12-07T17:00:05.268+0000] {logging_mixin.py:154} INFO - [2023-12-07T17:00:05.268+0000] {dag.py:2941} INFO - Sync 1 DAGs
[2023-12-07T17:00:05.296+0000] {logging_mixin.py:154} INFO - [2023-12-07T17:00:05.296+0000] {dag.py:3722} INFO - Setting next_dagrun for example_branch_dop_operator_v3 to 2023-12-07T16:59:00+00:00, run_after=2023-12-07T17:00:00+00:00
[2023-12-07T17:00:05.321+0000] {processor.py:179} INFO - Processing /home/ubuntu/ec2_customer_chum_venv/lib/python3.10/site-packages/airflow/example_dags/example_branch_python_dop_operator_3.py took 0.088 seconds
[2023-12-07T17:00:54.638+0000] {processor.py:157} INFO - Started process (PID=5679) to work on /home/ubuntu/ec2_customer_chum_venv/lib/python3.10/site-packages/airflow/example_dags/example_branch_python_dop_operator_3.py
[2023-12-07T17:00:54.639+0000] {processor.py:829} INFO - Processing file /home/ubuntu/ec2_customer_chum_venv/lib/python3.10/site-packages/airflow/example_dags/example_branch_python_dop_operator_3.py for tasks to queue
[2023-12-07T17:00:54.640+0000] {logging_mixin.py:154} INFO - [2023-12-07T17:00:54.640+0000] {dagbag.py:536} INFO - Filling up the DagBag from /home/ubuntu/ec2_customer_chum_venv/lib/python3.10/site-packages/airflow/example_dags/example_branch_python_dop_operator_3.py
[2023-12-07T17:00:54.650+0000] {processor.py:839} INFO - DAG(s) dict_keys(['example_branch_dop_operator_v3']) retrieved from /home/ubuntu/ec2_customer_chum_venv/lib/python3.10/site-packages/airflow/example_dags/example_branch_python_dop_operator_3.py
[2023-12-07T17:00:54.667+0000] {logging_mixin.py:154} INFO - [2023-12-07T17:00:54.667+0000] {dag.py:2941} INFO - Sync 1 DAGs
[2023-12-07T17:00:54.693+0000] {logging_mixin.py:154} INFO - [2023-12-07T17:00:54.693+0000] {dag.py:3722} INFO - Setting next_dagrun for example_branch_dop_operator_v3 to 2023-12-07T16:59:00+00:00, run_after=2023-12-07T17:00:00+00:00
[2023-12-07T17:00:54.718+0000] {processor.py:179} INFO - Processing /home/ubuntu/ec2_customer_chum_venv/lib/python3.10/site-packages/airflow/example_dags/example_branch_python_dop_operator_3.py took 0.083 seconds
[2023-12-07T17:01:40.536+0000] {processor.py:157} INFO - Started process (PID=5726) to work on /home/ubuntu/ec2_customer_chum_venv/lib/python3.10/site-packages/airflow/example_dags/example_branch_python_dop_operator_3.py
[2023-12-07T17:01:40.538+0000] {processor.py:829} INFO - Processing file /home/ubuntu/ec2_customer_chum_venv/lib/python3.10/site-packages/airflow/example_dags/example_branch_python_dop_operator_3.py for tasks to queue
[2023-12-07T17:01:40.539+0000] {logging_mixin.py:154} INFO - [2023-12-07T17:01:40.538+0000] {dagbag.py:536} INFO - Filling up the DagBag from /home/ubuntu/ec2_customer_chum_venv/lib/python3.10/site-packages/airflow/example_dags/example_branch_python_dop_operator_3.py
[2023-12-07T17:01:40.549+0000] {processor.py:839} INFO - DAG(s) dict_keys(['example_branch_dop_operator_v3']) retrieved from /home/ubuntu/ec2_customer_chum_venv/lib/python3.10/site-packages/airflow/example_dags/example_branch_python_dop_operator_3.py
[2023-12-07T17:01:40.566+0000] {logging_mixin.py:154} INFO - [2023-12-07T17:01:40.566+0000] {dag.py:2941} INFO - Sync 1 DAGs
[2023-12-07T17:01:40.591+0000] {logging_mixin.py:154} INFO - [2023-12-07T17:01:40.591+0000] {dag.py:3722} INFO - Setting next_dagrun for example_branch_dop_operator_v3 to 2023-12-07T17:00:00+00:00, run_after=2023-12-07T17:01:00+00:00
[2023-12-07T17:01:40.615+0000] {processor.py:179} INFO - Processing /home/ubuntu/ec2_customer_chum_venv/lib/python3.10/site-packages/airflow/example_dags/example_branch_python_dop_operator_3.py took 0.082 seconds
[2023-12-07T17:02:28.254+0000] {processor.py:157} INFO - Started process (PID=5774) to work on /home/ubuntu/ec2_customer_chum_venv/lib/python3.10/site-packages/airflow/example_dags/example_branch_python_dop_operator_3.py
[2023-12-07T17:02:28.256+0000] {processor.py:829} INFO - Processing file /home/ubuntu/ec2_customer_chum_venv/lib/python3.10/site-packages/airflow/example_dags/example_branch_python_dop_operator_3.py for tasks to queue
[2023-12-07T17:02:28.257+0000] {logging_mixin.py:154} INFO - [2023-12-07T17:02:28.256+0000] {dagbag.py:536} INFO - Filling up the DagBag from /home/ubuntu/ec2_customer_chum_venv/lib/python3.10/site-packages/airflow/example_dags/example_branch_python_dop_operator_3.py
[2023-12-07T17:02:28.266+0000] {processor.py:839} INFO - DAG(s) dict_keys(['example_branch_dop_operator_v3']) retrieved from /home/ubuntu/ec2_customer_chum_venv/lib/python3.10/site-packages/airflow/example_dags/example_branch_python_dop_operator_3.py
[2023-12-07T17:02:28.283+0000] {logging_mixin.py:154} INFO - [2023-12-07T17:02:28.283+0000] {dag.py:2941} INFO - Sync 1 DAGs
[2023-12-07T17:02:28.309+0000] {logging_mixin.py:154} INFO - [2023-12-07T17:02:28.308+0000] {dag.py:3722} INFO - Setting next_dagrun for example_branch_dop_operator_v3 to 2023-12-07T17:01:00+00:00, run_after=2023-12-07T17:02:00+00:00
[2023-12-07T17:02:28.332+0000] {processor.py:179} INFO - Processing /home/ubuntu/ec2_customer_chum_venv/lib/python3.10/site-packages/airflow/example_dags/example_branch_python_dop_operator_3.py took 0.081 seconds
[2023-12-07T17:03:16.533+0000] {processor.py:157} INFO - Started process (PID=5822) to work on /home/ubuntu/ec2_customer_chum_venv/lib/python3.10/site-packages/airflow/example_dags/example_branch_python_dop_operator_3.py
[2023-12-07T17:03:16.535+0000] {processor.py:829} INFO - Processing file /home/ubuntu/ec2_customer_chum_venv/lib/python3.10/site-packages/airflow/example_dags/example_branch_python_dop_operator_3.py for tasks to queue
[2023-12-07T17:03:16.536+0000] {logging_mixin.py:154} INFO - [2023-12-07T17:03:16.535+0000] {dagbag.py:536} INFO - Filling up the DagBag from /home/ubuntu/ec2_customer_chum_venv/lib/python3.10/site-packages/airflow/example_dags/example_branch_python_dop_operator_3.py
[2023-12-07T17:03:16.546+0000] {processor.py:839} INFO - DAG(s) dict_keys(['example_branch_dop_operator_v3']) retrieved from /home/ubuntu/ec2_customer_chum_venv/lib/python3.10/site-packages/airflow/example_dags/example_branch_python_dop_operator_3.py
[2023-12-07T17:03:16.563+0000] {logging_mixin.py:154} INFO - [2023-12-07T17:03:16.563+0000] {dag.py:2941} INFO - Sync 1 DAGs
[2023-12-07T17:03:16.589+0000] {logging_mixin.py:154} INFO - [2023-12-07T17:03:16.588+0000] {dag.py:3722} INFO - Setting next_dagrun for example_branch_dop_operator_v3 to 2023-12-07T17:02:00+00:00, run_after=2023-12-07T17:03:00+00:00
[2023-12-07T17:03:16.611+0000] {processor.py:179} INFO - Processing /home/ubuntu/ec2_customer_chum_venv/lib/python3.10/site-packages/airflow/example_dags/example_branch_python_dop_operator_3.py took 0.082 seconds
[2023-12-07T17:03:59.938+0000] {processor.py:157} INFO - Started process (PID=5868) to work on /home/ubuntu/ec2_customer_chum_venv/lib/python3.10/site-packages/airflow/example_dags/example_branch_python_dop_operator_3.py
[2023-12-07T17:03:59.940+0000] {processor.py:829} INFO - Processing file /home/ubuntu/ec2_customer_chum_venv/lib/python3.10/site-packages/airflow/example_dags/example_branch_python_dop_operator_3.py for tasks to queue
[2023-12-07T17:03:59.940+0000] {logging_mixin.py:154} INFO - [2023-12-07T17:03:59.940+0000] {dagbag.py:536} INFO - Filling up the DagBag from /home/ubuntu/ec2_customer_chum_venv/lib/python3.10/site-packages/airflow/example_dags/example_branch_python_dop_operator_3.py
[2023-12-07T17:03:59.950+0000] {processor.py:839} INFO - DAG(s) dict_keys(['example_branch_dop_operator_v3']) retrieved from /home/ubuntu/ec2_customer_chum_venv/lib/python3.10/site-packages/airflow/example_dags/example_branch_python_dop_operator_3.py
[2023-12-07T17:03:59.967+0000] {logging_mixin.py:154} INFO - [2023-12-07T17:03:59.967+0000] {dag.py:2941} INFO - Sync 1 DAGs
[2023-12-07T17:03:59.993+0000] {logging_mixin.py:154} INFO - [2023-12-07T17:03:59.992+0000] {dag.py:3722} INFO - Setting next_dagrun for example_branch_dop_operator_v3 to 2023-12-07T17:02:00+00:00, run_after=2023-12-07T17:03:00+00:00
[2023-12-07T17:04:00.034+0000] {processor.py:179} INFO - Processing /home/ubuntu/ec2_customer_chum_venv/lib/python3.10/site-packages/airflow/example_dags/example_branch_python_dop_operator_3.py took 0.099 seconds
[2023-12-07T17:04:47.533+0000] {processor.py:157} INFO - Started process (PID=5919) to work on /home/ubuntu/ec2_customer_chum_venv/lib/python3.10/site-packages/airflow/example_dags/example_branch_python_dop_operator_3.py
[2023-12-07T17:04:47.534+0000] {processor.py:829} INFO - Processing file /home/ubuntu/ec2_customer_chum_venv/lib/python3.10/site-packages/airflow/example_dags/example_branch_python_dop_operator_3.py for tasks to queue
[2023-12-07T17:04:47.535+0000] {logging_mixin.py:154} INFO - [2023-12-07T17:04:47.535+0000] {dagbag.py:536} INFO - Filling up the DagBag from /home/ubuntu/ec2_customer_chum_venv/lib/python3.10/site-packages/airflow/example_dags/example_branch_python_dop_operator_3.py
[2023-12-07T17:04:47.545+0000] {processor.py:839} INFO - DAG(s) dict_keys(['example_branch_dop_operator_v3']) retrieved from /home/ubuntu/ec2_customer_chum_venv/lib/python3.10/site-packages/airflow/example_dags/example_branch_python_dop_operator_3.py
[2023-12-07T17:04:47.563+0000] {logging_mixin.py:154} INFO - [2023-12-07T17:04:47.562+0000] {dag.py:2941} INFO - Sync 1 DAGs
[2023-12-07T17:04:47.588+0000] {logging_mixin.py:154} INFO - [2023-12-07T17:04:47.588+0000] {dag.py:3722} INFO - Setting next_dagrun for example_branch_dop_operator_v3 to 2023-12-07T17:03:00+00:00, run_after=2023-12-07T17:04:00+00:00
[2023-12-07T17:04:47.612+0000] {processor.py:179} INFO - Processing /home/ubuntu/ec2_customer_chum_venv/lib/python3.10/site-packages/airflow/example_dags/example_branch_python_dop_operator_3.py took 0.082 seconds
[2023-12-07T17:05:31.011+0000] {processor.py:157} INFO - Started process (PID=5965) to work on /home/ubuntu/ec2_customer_chum_venv/lib/python3.10/site-packages/airflow/example_dags/example_branch_python_dop_operator_3.py
[2023-12-07T17:05:31.012+0000] {processor.py:829} INFO - Processing file /home/ubuntu/ec2_customer_chum_venv/lib/python3.10/site-packages/airflow/example_dags/example_branch_python_dop_operator_3.py for tasks to queue
[2023-12-07T17:05:31.013+0000] {logging_mixin.py:154} INFO - [2023-12-07T17:05:31.012+0000] {dagbag.py:536} INFO - Filling up the DagBag from /home/ubuntu/ec2_customer_chum_venv/lib/python3.10/site-packages/airflow/example_dags/example_branch_python_dop_operator_3.py
[2023-12-07T17:05:31.023+0000] {processor.py:839} INFO - DAG(s) dict_keys(['example_branch_dop_operator_v3']) retrieved from /home/ubuntu/ec2_customer_chum_venv/lib/python3.10/site-packages/airflow/example_dags/example_branch_python_dop_operator_3.py
[2023-12-07T17:05:31.041+0000] {logging_mixin.py:154} INFO - [2023-12-07T17:05:31.041+0000] {dag.py:2941} INFO - Sync 1 DAGs
[2023-12-07T17:05:31.069+0000] {logging_mixin.py:154} INFO - [2023-12-07T17:05:31.068+0000] {dag.py:3722} INFO - Setting next_dagrun for example_branch_dop_operator_v3 to 2023-12-07T17:04:00+00:00, run_after=2023-12-07T17:05:00+00:00
[2023-12-07T17:05:31.093+0000] {processor.py:179} INFO - Processing /home/ubuntu/ec2_customer_chum_venv/lib/python3.10/site-packages/airflow/example_dags/example_branch_python_dop_operator_3.py took 0.086 seconds
[2023-12-07T17:06:13.821+0000] {processor.py:157} INFO - Started process (PID=6009) to work on /home/ubuntu/ec2_customer_chum_venv/lib/python3.10/site-packages/airflow/example_dags/example_branch_python_dop_operator_3.py
[2023-12-07T17:06:13.822+0000] {processor.py:829} INFO - Processing file /home/ubuntu/ec2_customer_chum_venv/lib/python3.10/site-packages/airflow/example_dags/example_branch_python_dop_operator_3.py for tasks to queue
[2023-12-07T17:06:13.823+0000] {logging_mixin.py:154} INFO - [2023-12-07T17:06:13.823+0000] {dagbag.py:536} INFO - Filling up the DagBag from /home/ubuntu/ec2_customer_chum_venv/lib/python3.10/site-packages/airflow/example_dags/example_branch_python_dop_operator_3.py
[2023-12-07T17:06:13.833+0000] {processor.py:839} INFO - DAG(s) dict_keys(['example_branch_dop_operator_v3']) retrieved from /home/ubuntu/ec2_customer_chum_venv/lib/python3.10/site-packages/airflow/example_dags/example_branch_python_dop_operator_3.py
[2023-12-07T17:06:13.851+0000] {logging_mixin.py:154} INFO - [2023-12-07T17:06:13.850+0000] {dag.py:2941} INFO - Sync 1 DAGs
[2023-12-07T17:06:13.876+0000] {logging_mixin.py:154} INFO - [2023-12-07T17:06:13.876+0000] {dag.py:3722} INFO - Setting next_dagrun for example_branch_dop_operator_v3 to 2023-12-07T17:05:00+00:00, run_after=2023-12-07T17:06:00+00:00
[2023-12-07T17:06:13.900+0000] {processor.py:179} INFO - Processing /home/ubuntu/ec2_customer_chum_venv/lib/python3.10/site-packages/airflow/example_dags/example_branch_python_dop_operator_3.py took 0.082 seconds
[2023-12-07T17:06:58.296+0000] {processor.py:157} INFO - Started process (PID=6054) to work on /home/ubuntu/ec2_customer_chum_venv/lib/python3.10/site-packages/airflow/example_dags/example_branch_python_dop_operator_3.py
[2023-12-07T17:06:58.297+0000] {processor.py:829} INFO - Processing file /home/ubuntu/ec2_customer_chum_venv/lib/python3.10/site-packages/airflow/example_dags/example_branch_python_dop_operator_3.py for tasks to queue
[2023-12-07T17:06:58.298+0000] {logging_mixin.py:154} INFO - [2023-12-07T17:06:58.298+0000] {dagbag.py:536} INFO - Filling up the DagBag from /home/ubuntu/ec2_customer_chum_venv/lib/python3.10/site-packages/airflow/example_dags/example_branch_python_dop_operator_3.py
[2023-12-07T17:06:58.308+0000] {processor.py:839} INFO - DAG(s) dict_keys(['example_branch_dop_operator_v3']) retrieved from /home/ubuntu/ec2_customer_chum_venv/lib/python3.10/site-packages/airflow/example_dags/example_branch_python_dop_operator_3.py
[2023-12-07T17:06:58.324+0000] {logging_mixin.py:154} INFO - [2023-12-07T17:06:58.324+0000] {dag.py:2941} INFO - Sync 1 DAGs
[2023-12-07T17:06:58.349+0000] {logging_mixin.py:154} INFO - [2023-12-07T17:06:58.349+0000] {dag.py:3722} INFO - Setting next_dagrun for example_branch_dop_operator_v3 to 2023-12-07T17:05:00+00:00, run_after=2023-12-07T17:06:00+00:00
[2023-12-07T17:06:58.370+0000] {processor.py:179} INFO - Processing /home/ubuntu/ec2_customer_chum_venv/lib/python3.10/site-packages/airflow/example_dags/example_branch_python_dop_operator_3.py took 0.078 seconds
[2023-12-07T17:07:45.815+0000] {processor.py:157} INFO - Started process (PID=6103) to work on /home/ubuntu/ec2_customer_chum_venv/lib/python3.10/site-packages/airflow/example_dags/example_branch_python_dop_operator_3.py
[2023-12-07T17:07:45.817+0000] {processor.py:829} INFO - Processing file /home/ubuntu/ec2_customer_chum_venv/lib/python3.10/site-packages/airflow/example_dags/example_branch_python_dop_operator_3.py for tasks to queue
[2023-12-07T17:07:45.818+0000] {logging_mixin.py:154} INFO - [2023-12-07T17:07:45.817+0000] {dagbag.py:536} INFO - Filling up the DagBag from /home/ubuntu/ec2_customer_chum_venv/lib/python3.10/site-packages/airflow/example_dags/example_branch_python_dop_operator_3.py
[2023-12-07T17:07:45.828+0000] {processor.py:839} INFO - DAG(s) dict_keys(['example_branch_dop_operator_v3']) retrieved from /home/ubuntu/ec2_customer_chum_venv/lib/python3.10/site-packages/airflow/example_dags/example_branch_python_dop_operator_3.py
[2023-12-07T17:07:45.845+0000] {logging_mixin.py:154} INFO - [2023-12-07T17:07:45.845+0000] {dag.py:2941} INFO - Sync 1 DAGs
[2023-12-07T17:07:45.871+0000] {logging_mixin.py:154} INFO - [2023-12-07T17:07:45.870+0000] {dag.py:3722} INFO - Setting next_dagrun for example_branch_dop_operator_v3 to 2023-12-07T17:06:00+00:00, run_after=2023-12-07T17:07:00+00:00
[2023-12-07T17:07:45.894+0000] {processor.py:179} INFO - Processing /home/ubuntu/ec2_customer_chum_venv/lib/python3.10/site-packages/airflow/example_dags/example_branch_python_dop_operator_3.py took 0.082 seconds
[2023-12-07T17:08:32.385+0000] {processor.py:157} INFO - Started process (PID=6150) to work on /home/ubuntu/ec2_customer_chum_venv/lib/python3.10/site-packages/airflow/example_dags/example_branch_python_dop_operator_3.py
[2023-12-07T17:08:32.386+0000] {processor.py:829} INFO - Processing file /home/ubuntu/ec2_customer_chum_venv/lib/python3.10/site-packages/airflow/example_dags/example_branch_python_dop_operator_3.py for tasks to queue
[2023-12-07T17:08:32.387+0000] {logging_mixin.py:154} INFO - [2023-12-07T17:08:32.386+0000] {dagbag.py:536} INFO - Filling up the DagBag from /home/ubuntu/ec2_customer_chum_venv/lib/python3.10/site-packages/airflow/example_dags/example_branch_python_dop_operator_3.py
[2023-12-07T17:08:32.396+0000] {processor.py:839} INFO - DAG(s) dict_keys(['example_branch_dop_operator_v3']) retrieved from /home/ubuntu/ec2_customer_chum_venv/lib/python3.10/site-packages/airflow/example_dags/example_branch_python_dop_operator_3.py
[2023-12-07T17:08:32.413+0000] {logging_mixin.py:154} INFO - [2023-12-07T17:08:32.413+0000] {dag.py:2941} INFO - Sync 1 DAGs
[2023-12-07T17:08:32.439+0000] {logging_mixin.py:154} INFO - [2023-12-07T17:08:32.439+0000] {dag.py:3722} INFO - Setting next_dagrun for example_branch_dop_operator_v3 to 2023-12-07T17:07:00+00:00, run_after=2023-12-07T17:08:00+00:00
[2023-12-07T17:08:32.462+0000] {processor.py:179} INFO - Processing /home/ubuntu/ec2_customer_chum_venv/lib/python3.10/site-packages/airflow/example_dags/example_branch_python_dop_operator_3.py took 0.081 seconds
[2023-12-07T17:09:19.053+0000] {processor.py:157} INFO - Started process (PID=6198) to work on /home/ubuntu/ec2_customer_chum_venv/lib/python3.10/site-packages/airflow/example_dags/example_branch_python_dop_operator_3.py
[2023-12-07T17:09:19.054+0000] {processor.py:829} INFO - Processing file /home/ubuntu/ec2_customer_chum_venv/lib/python3.10/site-packages/airflow/example_dags/example_branch_python_dop_operator_3.py for tasks to queue
[2023-12-07T17:09:19.055+0000] {logging_mixin.py:154} INFO - [2023-12-07T17:09:19.054+0000] {dagbag.py:536} INFO - Filling up the DagBag from /home/ubuntu/ec2_customer_chum_venv/lib/python3.10/site-packages/airflow/example_dags/example_branch_python_dop_operator_3.py
[2023-12-07T17:09:19.065+0000] {processor.py:839} INFO - DAG(s) dict_keys(['example_branch_dop_operator_v3']) retrieved from /home/ubuntu/ec2_customer_chum_venv/lib/python3.10/site-packages/airflow/example_dags/example_branch_python_dop_operator_3.py
[2023-12-07T17:09:19.082+0000] {logging_mixin.py:154} INFO - [2023-12-07T17:09:19.082+0000] {dag.py:2941} INFO - Sync 1 DAGs
[2023-12-07T17:09:19.107+0000] {logging_mixin.py:154} INFO - [2023-12-07T17:09:19.107+0000] {dag.py:3722} INFO - Setting next_dagrun for example_branch_dop_operator_v3 to 2023-12-07T17:08:00+00:00, run_after=2023-12-07T17:09:00+00:00
[2023-12-07T17:09:19.131+0000] {processor.py:179} INFO - Processing /home/ubuntu/ec2_customer_chum_venv/lib/python3.10/site-packages/airflow/example_dags/example_branch_python_dop_operator_3.py took 0.082 seconds
[2023-12-07T17:10:01.654+0000] {processor.py:157} INFO - Started process (PID=6243) to work on /home/ubuntu/ec2_customer_chum_venv/lib/python3.10/site-packages/airflow/example_dags/example_branch_python_dop_operator_3.py
[2023-12-07T17:10:01.655+0000] {processor.py:829} INFO - Processing file /home/ubuntu/ec2_customer_chum_venv/lib/python3.10/site-packages/airflow/example_dags/example_branch_python_dop_operator_3.py for tasks to queue
[2023-12-07T17:10:01.656+0000] {logging_mixin.py:154} INFO - [2023-12-07T17:10:01.656+0000] {dagbag.py:536} INFO - Filling up the DagBag from /home/ubuntu/ec2_customer_chum_venv/lib/python3.10/site-packages/airflow/example_dags/example_branch_python_dop_operator_3.py
[2023-12-07T17:10:01.666+0000] {processor.py:839} INFO - DAG(s) dict_keys(['example_branch_dop_operator_v3']) retrieved from /home/ubuntu/ec2_customer_chum_venv/lib/python3.10/site-packages/airflow/example_dags/example_branch_python_dop_operator_3.py
[2023-12-07T17:10:01.684+0000] {logging_mixin.py:154} INFO - [2023-12-07T17:10:01.684+0000] {dag.py:2941} INFO - Sync 1 DAGs
[2023-12-07T17:10:01.712+0000] {logging_mixin.py:154} INFO - [2023-12-07T17:10:01.711+0000] {dag.py:3722} INFO - Setting next_dagrun for example_branch_dop_operator_v3 to 2023-12-07T17:09:00+00:00, run_after=2023-12-07T17:10:00+00:00
[2023-12-07T17:10:01.737+0000] {processor.py:179} INFO - Processing /home/ubuntu/ec2_customer_chum_venv/lib/python3.10/site-packages/airflow/example_dags/example_branch_python_dop_operator_3.py took 0.087 seconds
[2023-12-07T17:10:51.435+0000] {processor.py:157} INFO - Started process (PID=6293) to work on /home/ubuntu/ec2_customer_chum_venv/lib/python3.10/site-packages/airflow/example_dags/example_branch_python_dop_operator_3.py
[2023-12-07T17:10:51.437+0000] {processor.py:829} INFO - Processing file /home/ubuntu/ec2_customer_chum_venv/lib/python3.10/site-packages/airflow/example_dags/example_branch_python_dop_operator_3.py for tasks to queue
[2023-12-07T17:10:51.437+0000] {logging_mixin.py:154} INFO - [2023-12-07T17:10:51.437+0000] {dagbag.py:536} INFO - Filling up the DagBag from /home/ubuntu/ec2_customer_chum_venv/lib/python3.10/site-packages/airflow/example_dags/example_branch_python_dop_operator_3.py
[2023-12-07T17:10:51.447+0000] {processor.py:839} INFO - DAG(s) dict_keys(['example_branch_dop_operator_v3']) retrieved from /home/ubuntu/ec2_customer_chum_venv/lib/python3.10/site-packages/airflow/example_dags/example_branch_python_dop_operator_3.py
[2023-12-07T17:10:51.465+0000] {logging_mixin.py:154} INFO - [2023-12-07T17:10:51.465+0000] {dag.py:2941} INFO - Sync 1 DAGs
[2023-12-07T17:10:51.490+0000] {logging_mixin.py:154} INFO - [2023-12-07T17:10:51.490+0000] {dag.py:3722} INFO - Setting next_dagrun for example_branch_dop_operator_v3 to 2023-12-07T17:09:00+00:00, run_after=2023-12-07T17:10:00+00:00
[2023-12-07T17:10:51.515+0000] {processor.py:179} INFO - Processing /home/ubuntu/ec2_customer_chum_venv/lib/python3.10/site-packages/airflow/example_dags/example_branch_python_dop_operator_3.py took 0.083 seconds
[2023-12-07T17:11:35.613+0000] {processor.py:157} INFO - Started process (PID=6342) to work on /home/ubuntu/ec2_customer_chum_venv/lib/python3.10/site-packages/airflow/example_dags/example_branch_python_dop_operator_3.py
[2023-12-07T17:11:35.615+0000] {processor.py:829} INFO - Processing file /home/ubuntu/ec2_customer_chum_venv/lib/python3.10/site-packages/airflow/example_dags/example_branch_python_dop_operator_3.py for tasks to queue
[2023-12-07T17:11:35.616+0000] {logging_mixin.py:154} INFO - [2023-12-07T17:11:35.615+0000] {dagbag.py:536} INFO - Filling up the DagBag from /home/ubuntu/ec2_customer_chum_venv/lib/python3.10/site-packages/airflow/example_dags/example_branch_python_dop_operator_3.py
[2023-12-07T17:11:35.625+0000] {processor.py:839} INFO - DAG(s) dict_keys(['example_branch_dop_operator_v3']) retrieved from /home/ubuntu/ec2_customer_chum_venv/lib/python3.10/site-packages/airflow/example_dags/example_branch_python_dop_operator_3.py
[2023-12-07T17:11:35.642+0000] {logging_mixin.py:154} INFO - [2023-12-07T17:11:35.642+0000] {dag.py:2941} INFO - Sync 1 DAGs
[2023-12-07T17:11:35.668+0000] {logging_mixin.py:154} INFO - [2023-12-07T17:11:35.668+0000] {dag.py:3722} INFO - Setting next_dagrun for example_branch_dop_operator_v3 to 2023-12-07T17:10:00+00:00, run_after=2023-12-07T17:11:00+00:00
[2023-12-07T17:11:35.691+0000] {processor.py:179} INFO - Processing /home/ubuntu/ec2_customer_chum_venv/lib/python3.10/site-packages/airflow/example_dags/example_branch_python_dop_operator_3.py took 0.081 seconds
[2023-12-07T17:12:19.691+0000] {processor.py:157} INFO - Started process (PID=6389) to work on /home/ubuntu/ec2_customer_chum_venv/lib/python3.10/site-packages/airflow/example_dags/example_branch_python_dop_operator_3.py
[2023-12-07T17:12:19.694+0000] {processor.py:829} INFO - Processing file /home/ubuntu/ec2_customer_chum_venv/lib/python3.10/site-packages/airflow/example_dags/example_branch_python_dop_operator_3.py for tasks to queue
[2023-12-07T17:12:19.695+0000] {logging_mixin.py:154} INFO - [2023-12-07T17:12:19.694+0000] {dagbag.py:536} INFO - Filling up the DagBag from /home/ubuntu/ec2_customer_chum_venv/lib/python3.10/site-packages/airflow/example_dags/example_branch_python_dop_operator_3.py
[2023-12-07T17:12:19.704+0000] {processor.py:839} INFO - DAG(s) dict_keys(['example_branch_dop_operator_v3']) retrieved from /home/ubuntu/ec2_customer_chum_venv/lib/python3.10/site-packages/airflow/example_dags/example_branch_python_dop_operator_3.py
[2023-12-07T17:12:19.722+0000] {logging_mixin.py:154} INFO - [2023-12-07T17:12:19.722+0000] {dag.py:2941} INFO - Sync 1 DAGs
[2023-12-07T17:12:19.747+0000] {logging_mixin.py:154} INFO - [2023-12-07T17:12:19.747+0000] {dag.py:3722} INFO - Setting next_dagrun for example_branch_dop_operator_v3 to 2023-12-07T17:11:00+00:00, run_after=2023-12-07T17:12:00+00:00
[2023-12-07T17:12:19.770+0000] {processor.py:179} INFO - Processing /home/ubuntu/ec2_customer_chum_venv/lib/python3.10/site-packages/airflow/example_dags/example_branch_python_dop_operator_3.py took 0.082 seconds
[2023-12-07T17:13:08.399+0000] {processor.py:157} INFO - Started process (PID=6524) to work on /home/ubuntu/ec2_customer_chum_venv/lib/python3.10/site-packages/airflow/example_dags/example_branch_python_dop_operator_3.py
[2023-12-07T17:13:08.400+0000] {processor.py:829} INFO - Processing file /home/ubuntu/ec2_customer_chum_venv/lib/python3.10/site-packages/airflow/example_dags/example_branch_python_dop_operator_3.py for tasks to queue
[2023-12-07T17:13:08.401+0000] {logging_mixin.py:154} INFO - [2023-12-07T17:13:08.401+0000] {dagbag.py:536} INFO - Filling up the DagBag from /home/ubuntu/ec2_customer_chum_venv/lib/python3.10/site-packages/airflow/example_dags/example_branch_python_dop_operator_3.py
[2023-12-07T17:13:08.411+0000] {processor.py:839} INFO - DAG(s) dict_keys(['example_branch_dop_operator_v3']) retrieved from /home/ubuntu/ec2_customer_chum_venv/lib/python3.10/site-packages/airflow/example_dags/example_branch_python_dop_operator_3.py
[2023-12-07T17:13:08.428+0000] {logging_mixin.py:154} INFO - [2023-12-07T17:13:08.428+0000] {dag.py:2941} INFO - Sync 1 DAGs
[2023-12-07T17:13:08.453+0000] {logging_mixin.py:154} INFO - [2023-12-07T17:13:08.453+0000] {dag.py:3722} INFO - Setting next_dagrun for example_branch_dop_operator_v3 to 2023-12-07T17:12:00+00:00, run_after=2023-12-07T17:13:00+00:00
[2023-12-07T17:13:08.476+0000] {processor.py:179} INFO - Processing /home/ubuntu/ec2_customer_chum_venv/lib/python3.10/site-packages/airflow/example_dags/example_branch_python_dop_operator_3.py took 0.081 seconds
[2023-12-07T17:13:50.741+0000] {processor.py:157} INFO - Started process (PID=6571) to work on /home/ubuntu/ec2_customer_chum_venv/lib/python3.10/site-packages/airflow/example_dags/example_branch_python_dop_operator_3.py
[2023-12-07T17:13:50.742+0000] {processor.py:829} INFO - Processing file /home/ubuntu/ec2_customer_chum_venv/lib/python3.10/site-packages/airflow/example_dags/example_branch_python_dop_operator_3.py for tasks to queue
[2023-12-07T17:13:50.743+0000] {logging_mixin.py:154} INFO - [2023-12-07T17:13:50.743+0000] {dagbag.py:536} INFO - Filling up the DagBag from /home/ubuntu/ec2_customer_chum_venv/lib/python3.10/site-packages/airflow/example_dags/example_branch_python_dop_operator_3.py
[2023-12-07T17:13:50.753+0000] {processor.py:839} INFO - DAG(s) dict_keys(['example_branch_dop_operator_v3']) retrieved from /home/ubuntu/ec2_customer_chum_venv/lib/python3.10/site-packages/airflow/example_dags/example_branch_python_dop_operator_3.py
[2023-12-07T17:13:50.772+0000] {logging_mixin.py:154} INFO - [2023-12-07T17:13:50.771+0000] {dag.py:2941} INFO - Sync 1 DAGs
[2023-12-07T17:13:50.798+0000] {logging_mixin.py:154} INFO - [2023-12-07T17:13:50.797+0000] {dag.py:3722} INFO - Setting next_dagrun for example_branch_dop_operator_v3 to 2023-12-07T17:12:00+00:00, run_after=2023-12-07T17:13:00+00:00
[2023-12-07T17:13:50.823+0000] {processor.py:179} INFO - Processing /home/ubuntu/ec2_customer_chum_venv/lib/python3.10/site-packages/airflow/example_dags/example_branch_python_dop_operator_3.py took 0.085 seconds
[2023-12-07T17:14:34.804+0000] {processor.py:157} INFO - Started process (PID=6616) to work on /home/ubuntu/ec2_customer_chum_venv/lib/python3.10/site-packages/airflow/example_dags/example_branch_python_dop_operator_3.py
[2023-12-07T17:14:34.806+0000] {processor.py:829} INFO - Processing file /home/ubuntu/ec2_customer_chum_venv/lib/python3.10/site-packages/airflow/example_dags/example_branch_python_dop_operator_3.py for tasks to queue
[2023-12-07T17:14:34.806+0000] {logging_mixin.py:154} INFO - [2023-12-07T17:14:34.806+0000] {dagbag.py:536} INFO - Filling up the DagBag from /home/ubuntu/ec2_customer_chum_venv/lib/python3.10/site-packages/airflow/example_dags/example_branch_python_dop_operator_3.py
[2023-12-07T17:14:34.816+0000] {processor.py:839} INFO - DAG(s) dict_keys(['example_branch_dop_operator_v3']) retrieved from /home/ubuntu/ec2_customer_chum_venv/lib/python3.10/site-packages/airflow/example_dags/example_branch_python_dop_operator_3.py
[2023-12-07T17:14:34.833+0000] {logging_mixin.py:154} INFO - [2023-12-07T17:14:34.833+0000] {dag.py:2941} INFO - Sync 1 DAGs
[2023-12-07T17:14:34.858+0000] {logging_mixin.py:154} INFO - [2023-12-07T17:14:34.858+0000] {dag.py:3722} INFO - Setting next_dagrun for example_branch_dop_operator_v3 to 2023-12-07T17:13:00+00:00, run_after=2023-12-07T17:14:00+00:00
[2023-12-07T17:14:34.882+0000] {processor.py:179} INFO - Processing /home/ubuntu/ec2_customer_chum_venv/lib/python3.10/site-packages/airflow/example_dags/example_branch_python_dop_operator_3.py took 0.082 seconds
[2023-12-07T17:15:18.266+0000] {processor.py:157} INFO - Started process (PID=6728) to work on /home/ubuntu/ec2_customer_chum_venv/lib/python3.10/site-packages/airflow/example_dags/example_branch_python_dop_operator_3.py
[2023-12-07T17:15:18.268+0000] {processor.py:829} INFO - Processing file /home/ubuntu/ec2_customer_chum_venv/lib/python3.10/site-packages/airflow/example_dags/example_branch_python_dop_operator_3.py for tasks to queue
[2023-12-07T17:15:18.269+0000] {logging_mixin.py:154} INFO - [2023-12-07T17:15:18.268+0000] {dagbag.py:536} INFO - Filling up the DagBag from /home/ubuntu/ec2_customer_chum_venv/lib/python3.10/site-packages/airflow/example_dags/example_branch_python_dop_operator_3.py
[2023-12-07T17:15:18.279+0000] {processor.py:839} INFO - DAG(s) dict_keys(['example_branch_dop_operator_v3']) retrieved from /home/ubuntu/ec2_customer_chum_venv/lib/python3.10/site-packages/airflow/example_dags/example_branch_python_dop_operator_3.py
[2023-12-07T17:15:18.296+0000] {logging_mixin.py:154} INFO - [2023-12-07T17:15:18.296+0000] {dag.py:2941} INFO - Sync 1 DAGs
[2023-12-07T17:15:18.321+0000] {logging_mixin.py:154} INFO - [2023-12-07T17:15:18.321+0000] {dag.py:3722} INFO - Setting next_dagrun for example_branch_dop_operator_v3 to 2023-12-07T17:14:00+00:00, run_after=2023-12-07T17:15:00+00:00
[2023-12-07T17:15:18.347+0000] {processor.py:179} INFO - Processing /home/ubuntu/ec2_customer_chum_venv/lib/python3.10/site-packages/airflow/example_dags/example_branch_python_dop_operator_3.py took 0.085 seconds
