[2023-12-07T16:49:20.265+0000] {processor.py:157} INFO - Started process (PID=4976) to work on /home/ubuntu/ec2_customer_chum_venv/lib/python3.10/site-packages/airflow/example_dags/example_task_group_decorator.py
[2023-12-07T16:49:20.266+0000] {processor.py:829} INFO - Processing file /home/ubuntu/ec2_customer_chum_venv/lib/python3.10/site-packages/airflow/example_dags/example_task_group_decorator.py for tasks to queue
[2023-12-07T16:49:20.267+0000] {logging_mixin.py:154} INFO - [2023-12-07T16:49:20.266+0000] {dagbag.py:536} INFO - Filling up the DagBag from /home/ubuntu/ec2_customer_chum_venv/lib/python3.10/site-packages/airflow/example_dags/example_task_group_decorator.py
[2023-12-07T16:49:20.286+0000] {processor.py:839} INFO - DAG(s) dict_keys(['example_task_group_decorator']) retrieved from /home/ubuntu/ec2_customer_chum_venv/lib/python3.10/site-packages/airflow/example_dags/example_task_group_decorator.py
[2023-12-07T16:49:20.403+0000] {logging_mixin.py:154} INFO - [2023-12-07T16:49:20.402+0000] {manager.py:499} INFO - Created Permission View: %s
[2023-12-07T16:49:20.416+0000] {logging_mixin.py:154} INFO - [2023-12-07T16:49:20.416+0000] {manager.py:499} INFO - Created Permission View: %s
[2023-12-07T16:49:20.427+0000] {logging_mixin.py:154} INFO - [2023-12-07T16:49:20.427+0000] {manager.py:499} INFO - Created Permission View: %s
[2023-12-07T16:49:20.427+0000] {logging_mixin.py:154} INFO - [2023-12-07T16:49:20.427+0000] {dag.py:2941} INFO - Sync 1 DAGs
[2023-12-07T16:49:20.440+0000] {logging_mixin.py:154} INFO - [2023-12-07T16:49:20.440+0000] {dag.py:2963} INFO - Creating ORM DAG for example_task_group_decorator
[2023-12-07T16:49:20.449+0000] {logging_mixin.py:154} INFO - [2023-12-07T16:49:20.449+0000] {dag.py:3722} INFO - Setting next_dagrun for example_task_group_decorator to 2023-12-06T16:49:20.449193+00:00, run_after=2023-12-07T16:49:20.449193+00:00
[2023-12-07T16:49:20.474+0000] {processor.py:179} INFO - Processing /home/ubuntu/ec2_customer_chum_venv/lib/python3.10/site-packages/airflow/example_dags/example_task_group_decorator.py took 0.212 seconds
[2023-12-07T16:50:10.819+0000] {processor.py:157} INFO - Started process (PID=5022) to work on /home/ubuntu/ec2_customer_chum_venv/lib/python3.10/site-packages/airflow/example_dags/example_task_group_decorator.py
[2023-12-07T16:50:10.821+0000] {processor.py:829} INFO - Processing file /home/ubuntu/ec2_customer_chum_venv/lib/python3.10/site-packages/airflow/example_dags/example_task_group_decorator.py for tasks to queue
[2023-12-07T16:50:10.822+0000] {logging_mixin.py:154} INFO - [2023-12-07T16:50:10.821+0000] {dagbag.py:536} INFO - Filling up the DagBag from /home/ubuntu/ec2_customer_chum_venv/lib/python3.10/site-packages/airflow/example_dags/example_task_group_decorator.py
[2023-12-07T16:50:10.839+0000] {processor.py:839} INFO - DAG(s) dict_keys(['example_task_group_decorator']) retrieved from /home/ubuntu/ec2_customer_chum_venv/lib/python3.10/site-packages/airflow/example_dags/example_task_group_decorator.py
[2023-12-07T16:50:10.860+0000] {logging_mixin.py:154} INFO - [2023-12-07T16:50:10.860+0000] {dag.py:2941} INFO - Sync 1 DAGs
[2023-12-07T16:50:10.882+0000] {logging_mixin.py:154} INFO - [2023-12-07T16:50:10.881+0000] {dag.py:3722} INFO - Setting next_dagrun for example_task_group_decorator to 2023-12-06T16:50:10.881601+00:00, run_after=2023-12-07T16:50:10.881601+00:00
[2023-12-07T16:50:10.907+0000] {processor.py:179} INFO - Processing /home/ubuntu/ec2_customer_chum_venv/lib/python3.10/site-packages/airflow/example_dags/example_task_group_decorator.py took 0.091 seconds
[2023-12-07T16:50:57.098+0000] {processor.py:157} INFO - Started process (PID=5068) to work on /home/ubuntu/ec2_customer_chum_venv/lib/python3.10/site-packages/airflow/example_dags/example_task_group_decorator.py
[2023-12-07T16:50:57.099+0000] {processor.py:829} INFO - Processing file /home/ubuntu/ec2_customer_chum_venv/lib/python3.10/site-packages/airflow/example_dags/example_task_group_decorator.py for tasks to queue
[2023-12-07T16:50:57.100+0000] {logging_mixin.py:154} INFO - [2023-12-07T16:50:57.100+0000] {dagbag.py:536} INFO - Filling up the DagBag from /home/ubuntu/ec2_customer_chum_venv/lib/python3.10/site-packages/airflow/example_dags/example_task_group_decorator.py
[2023-12-07T16:50:57.118+0000] {processor.py:839} INFO - DAG(s) dict_keys(['example_task_group_decorator']) retrieved from /home/ubuntu/ec2_customer_chum_venv/lib/python3.10/site-packages/airflow/example_dags/example_task_group_decorator.py
[2023-12-07T16:50:57.147+0000] {logging_mixin.py:154} INFO - [2023-12-07T16:50:57.147+0000] {dag.py:2941} INFO - Sync 1 DAGs
[2023-12-07T16:50:57.168+0000] {logging_mixin.py:154} INFO - [2023-12-07T16:50:57.168+0000] {dag.py:3722} INFO - Setting next_dagrun for example_task_group_decorator to 2023-12-06T16:50:57.167856+00:00, run_after=2023-12-07T16:50:57.167856+00:00
[2023-12-07T16:50:57.192+0000] {processor.py:179} INFO - Processing /home/ubuntu/ec2_customer_chum_venv/lib/python3.10/site-packages/airflow/example_dags/example_task_group_decorator.py took 0.098 seconds
[2023-12-07T16:51:46.508+0000] {processor.py:157} INFO - Started process (PID=5118) to work on /home/ubuntu/ec2_customer_chum_venv/lib/python3.10/site-packages/airflow/example_dags/example_task_group_decorator.py
[2023-12-07T16:51:46.510+0000] {processor.py:829} INFO - Processing file /home/ubuntu/ec2_customer_chum_venv/lib/python3.10/site-packages/airflow/example_dags/example_task_group_decorator.py for tasks to queue
[2023-12-07T16:51:46.511+0000] {logging_mixin.py:154} INFO - [2023-12-07T16:51:46.510+0000] {dagbag.py:536} INFO - Filling up the DagBag from /home/ubuntu/ec2_customer_chum_venv/lib/python3.10/site-packages/airflow/example_dags/example_task_group_decorator.py
[2023-12-07T16:51:46.528+0000] {processor.py:839} INFO - DAG(s) dict_keys(['example_task_group_decorator']) retrieved from /home/ubuntu/ec2_customer_chum_venv/lib/python3.10/site-packages/airflow/example_dags/example_task_group_decorator.py
[2023-12-07T16:51:46.549+0000] {logging_mixin.py:154} INFO - [2023-12-07T16:51:46.549+0000] {dag.py:2941} INFO - Sync 1 DAGs
[2023-12-07T16:51:46.569+0000] {logging_mixin.py:154} INFO - [2023-12-07T16:51:46.569+0000] {dag.py:3722} INFO - Setting next_dagrun for example_task_group_decorator to 2023-12-06T16:51:46.569283+00:00, run_after=2023-12-07T16:51:46.569283+00:00
[2023-12-07T16:51:46.592+0000] {processor.py:179} INFO - Processing /home/ubuntu/ec2_customer_chum_venv/lib/python3.10/site-packages/airflow/example_dags/example_task_group_decorator.py took 0.087 seconds
[2023-12-07T16:52:34.830+0000] {processor.py:157} INFO - Started process (PID=5170) to work on /home/ubuntu/ec2_customer_chum_venv/lib/python3.10/site-packages/airflow/example_dags/example_task_group_decorator.py
[2023-12-07T16:52:34.832+0000] {processor.py:829} INFO - Processing file /home/ubuntu/ec2_customer_chum_venv/lib/python3.10/site-packages/airflow/example_dags/example_task_group_decorator.py for tasks to queue
[2023-12-07T16:52:34.833+0000] {logging_mixin.py:154} INFO - [2023-12-07T16:52:34.832+0000] {dagbag.py:536} INFO - Filling up the DagBag from /home/ubuntu/ec2_customer_chum_venv/lib/python3.10/site-packages/airflow/example_dags/example_task_group_decorator.py
[2023-12-07T16:52:34.850+0000] {processor.py:839} INFO - DAG(s) dict_keys(['example_task_group_decorator']) retrieved from /home/ubuntu/ec2_customer_chum_venv/lib/python3.10/site-packages/airflow/example_dags/example_task_group_decorator.py
[2023-12-07T16:52:34.872+0000] {logging_mixin.py:154} INFO - [2023-12-07T16:52:34.872+0000] {dag.py:2941} INFO - Sync 1 DAGs
[2023-12-07T16:52:34.894+0000] {logging_mixin.py:154} INFO - [2023-12-07T16:52:34.893+0000] {dag.py:3722} INFO - Setting next_dagrun for example_task_group_decorator to 2023-12-06T16:52:34.893443+00:00, run_after=2023-12-07T16:52:34.893443+00:00
[2023-12-07T16:52:34.918+0000] {processor.py:179} INFO - Processing /home/ubuntu/ec2_customer_chum_venv/lib/python3.10/site-packages/airflow/example_dags/example_task_group_decorator.py took 0.091 seconds
[2023-12-07T16:53:53.599+0000] {processor.py:157} INFO - Started process (PID=5238) to work on /home/ubuntu/ec2_customer_chum_venv/lib/python3.10/site-packages/airflow/example_dags/example_task_group_decorator.py
[2023-12-07T16:53:53.603+0000] {processor.py:829} INFO - Processing file /home/ubuntu/ec2_customer_chum_venv/lib/python3.10/site-packages/airflow/example_dags/example_task_group_decorator.py for tasks to queue
[2023-12-07T16:53:53.604+0000] {logging_mixin.py:154} INFO - [2023-12-07T16:53:53.603+0000] {dagbag.py:536} INFO - Filling up the DagBag from /home/ubuntu/ec2_customer_chum_venv/lib/python3.10/site-packages/airflow/example_dags/example_task_group_decorator.py
[2023-12-07T16:53:53.623+0000] {processor.py:839} INFO - DAG(s) dict_keys(['example_task_group_decorator']) retrieved from /home/ubuntu/ec2_customer_chum_venv/lib/python3.10/site-packages/airflow/example_dags/example_task_group_decorator.py
[2023-12-07T16:53:53.631+0000] {logging_mixin.py:154} INFO - [2023-12-07T16:53:53.631+0000] {dag.py:2941} INFO - Sync 1 DAGs
[2023-12-07T16:53:53.652+0000] {logging_mixin.py:154} INFO - [2023-12-07T16:53:53.652+0000] {dag.py:3722} INFO - Setting next_dagrun for example_task_group_decorator to 2023-12-06T16:53:53.651764+00:00, run_after=2023-12-07T16:53:53.651764+00:00
[2023-12-07T16:53:53.675+0000] {processor.py:179} INFO - Processing /home/ubuntu/ec2_customer_chum_venv/lib/python3.10/site-packages/airflow/example_dags/example_task_group_decorator.py took 0.079 seconds
[2023-12-07T16:54:38.121+0000] {processor.py:157} INFO - Started process (PID=5287) to work on /home/ubuntu/ec2_customer_chum_venv/lib/python3.10/site-packages/airflow/example_dags/example_task_group_decorator.py
[2023-12-07T16:54:38.123+0000] {processor.py:829} INFO - Processing file /home/ubuntu/ec2_customer_chum_venv/lib/python3.10/site-packages/airflow/example_dags/example_task_group_decorator.py for tasks to queue
[2023-12-07T16:54:38.124+0000] {logging_mixin.py:154} INFO - [2023-12-07T16:54:38.123+0000] {dagbag.py:536} INFO - Filling up the DagBag from /home/ubuntu/ec2_customer_chum_venv/lib/python3.10/site-packages/airflow/example_dags/example_task_group_decorator.py
[2023-12-07T16:54:38.141+0000] {processor.py:839} INFO - DAG(s) dict_keys(['example_task_group_decorator']) retrieved from /home/ubuntu/ec2_customer_chum_venv/lib/python3.10/site-packages/airflow/example_dags/example_task_group_decorator.py
[2023-12-07T16:54:38.161+0000] {logging_mixin.py:154} INFO - [2023-12-07T16:54:38.161+0000] {dag.py:2941} INFO - Sync 1 DAGs
[2023-12-07T16:54:38.181+0000] {logging_mixin.py:154} INFO - [2023-12-07T16:54:38.180+0000] {dag.py:3722} INFO - Setting next_dagrun for example_task_group_decorator to 2023-12-06T16:54:38.180720+00:00, run_after=2023-12-07T16:54:38.180720+00:00
[2023-12-07T16:54:38.203+0000] {processor.py:179} INFO - Processing /home/ubuntu/ec2_customer_chum_venv/lib/python3.10/site-packages/airflow/example_dags/example_task_group_decorator.py took 0.085 seconds
[2023-12-07T16:55:24.195+0000] {processor.py:157} INFO - Started process (PID=5334) to work on /home/ubuntu/ec2_customer_chum_venv/lib/python3.10/site-packages/airflow/example_dags/example_task_group_decorator.py
[2023-12-07T16:55:24.197+0000] {processor.py:829} INFO - Processing file /home/ubuntu/ec2_customer_chum_venv/lib/python3.10/site-packages/airflow/example_dags/example_task_group_decorator.py for tasks to queue
[2023-12-07T16:55:24.198+0000] {logging_mixin.py:154} INFO - [2023-12-07T16:55:24.197+0000] {dagbag.py:536} INFO - Filling up the DagBag from /home/ubuntu/ec2_customer_chum_venv/lib/python3.10/site-packages/airflow/example_dags/example_task_group_decorator.py
[2023-12-07T16:55:24.215+0000] {processor.py:839} INFO - DAG(s) dict_keys(['example_task_group_decorator']) retrieved from /home/ubuntu/ec2_customer_chum_venv/lib/python3.10/site-packages/airflow/example_dags/example_task_group_decorator.py
[2023-12-07T16:55:24.236+0000] {logging_mixin.py:154} INFO - [2023-12-07T16:55:24.235+0000] {dag.py:2941} INFO - Sync 1 DAGs
[2023-12-07T16:55:24.256+0000] {logging_mixin.py:154} INFO - [2023-12-07T16:55:24.256+0000] {dag.py:3722} INFO - Setting next_dagrun for example_task_group_decorator to 2023-12-06T16:55:24.256383+00:00, run_after=2023-12-07T16:55:24.256383+00:00
[2023-12-07T16:55:24.279+0000] {processor.py:179} INFO - Processing /home/ubuntu/ec2_customer_chum_venv/lib/python3.10/site-packages/airflow/example_dags/example_task_group_decorator.py took 0.087 seconds
[2023-12-07T16:56:08.479+0000] {processor.py:157} INFO - Started process (PID=5380) to work on /home/ubuntu/ec2_customer_chum_venv/lib/python3.10/site-packages/airflow/example_dags/example_task_group_decorator.py
[2023-12-07T16:56:08.480+0000] {processor.py:829} INFO - Processing file /home/ubuntu/ec2_customer_chum_venv/lib/python3.10/site-packages/airflow/example_dags/example_task_group_decorator.py for tasks to queue
[2023-12-07T16:56:08.481+0000] {logging_mixin.py:154} INFO - [2023-12-07T16:56:08.480+0000] {dagbag.py:536} INFO - Filling up the DagBag from /home/ubuntu/ec2_customer_chum_venv/lib/python3.10/site-packages/airflow/example_dags/example_task_group_decorator.py
[2023-12-07T16:56:08.498+0000] {processor.py:839} INFO - DAG(s) dict_keys(['example_task_group_decorator']) retrieved from /home/ubuntu/ec2_customer_chum_venv/lib/python3.10/site-packages/airflow/example_dags/example_task_group_decorator.py
[2023-12-07T16:56:08.519+0000] {logging_mixin.py:154} INFO - [2023-12-07T16:56:08.519+0000] {dag.py:2941} INFO - Sync 1 DAGs
[2023-12-07T16:56:08.540+0000] {logging_mixin.py:154} INFO - [2023-12-07T16:56:08.540+0000] {dag.py:3722} INFO - Setting next_dagrun for example_task_group_decorator to 2023-12-06T16:56:08.539992+00:00, run_after=2023-12-07T16:56:08.539992+00:00
[2023-12-07T16:56:08.562+0000] {processor.py:179} INFO - Processing /home/ubuntu/ec2_customer_chum_venv/lib/python3.10/site-packages/airflow/example_dags/example_task_group_decorator.py took 0.087 seconds
[2023-12-07T16:56:51.342+0000] {processor.py:157} INFO - Started process (PID=5426) to work on /home/ubuntu/ec2_customer_chum_venv/lib/python3.10/site-packages/airflow/example_dags/example_task_group_decorator.py
[2023-12-07T16:56:51.344+0000] {processor.py:829} INFO - Processing file /home/ubuntu/ec2_customer_chum_venv/lib/python3.10/site-packages/airflow/example_dags/example_task_group_decorator.py for tasks to queue
[2023-12-07T16:56:51.345+0000] {logging_mixin.py:154} INFO - [2023-12-07T16:56:51.344+0000] {dagbag.py:536} INFO - Filling up the DagBag from /home/ubuntu/ec2_customer_chum_venv/lib/python3.10/site-packages/airflow/example_dags/example_task_group_decorator.py
[2023-12-07T16:56:51.362+0000] {processor.py:839} INFO - DAG(s) dict_keys(['example_task_group_decorator']) retrieved from /home/ubuntu/ec2_customer_chum_venv/lib/python3.10/site-packages/airflow/example_dags/example_task_group_decorator.py
[2023-12-07T16:56:51.382+0000] {logging_mixin.py:154} INFO - [2023-12-07T16:56:51.382+0000] {dag.py:2941} INFO - Sync 1 DAGs
[2023-12-07T16:56:51.403+0000] {logging_mixin.py:154} INFO - [2023-12-07T16:56:51.403+0000] {dag.py:3722} INFO - Setting next_dagrun for example_task_group_decorator to 2023-12-06T16:56:51.403248+00:00, run_after=2023-12-07T16:56:51.403248+00:00
[2023-12-07T16:56:51.428+0000] {processor.py:179} INFO - Processing /home/ubuntu/ec2_customer_chum_venv/lib/python3.10/site-packages/airflow/example_dags/example_task_group_decorator.py took 0.089 seconds
[2023-12-07T16:57:37.581+0000] {processor.py:157} INFO - Started process (PID=5473) to work on /home/ubuntu/ec2_customer_chum_venv/lib/python3.10/site-packages/airflow/example_dags/example_task_group_decorator.py
[2023-12-07T16:57:37.583+0000] {processor.py:829} INFO - Processing file /home/ubuntu/ec2_customer_chum_venv/lib/python3.10/site-packages/airflow/example_dags/example_task_group_decorator.py for tasks to queue
[2023-12-07T16:57:37.584+0000] {logging_mixin.py:154} INFO - [2023-12-07T16:57:37.583+0000] {dagbag.py:536} INFO - Filling up the DagBag from /home/ubuntu/ec2_customer_chum_venv/lib/python3.10/site-packages/airflow/example_dags/example_task_group_decorator.py
[2023-12-07T16:57:37.600+0000] {processor.py:839} INFO - DAG(s) dict_keys(['example_task_group_decorator']) retrieved from /home/ubuntu/ec2_customer_chum_venv/lib/python3.10/site-packages/airflow/example_dags/example_task_group_decorator.py
[2023-12-07T16:57:37.621+0000] {logging_mixin.py:154} INFO - [2023-12-07T16:57:37.621+0000] {dag.py:2941} INFO - Sync 1 DAGs
[2023-12-07T16:57:37.642+0000] {logging_mixin.py:154} INFO - [2023-12-07T16:57:37.641+0000] {dag.py:3722} INFO - Setting next_dagrun for example_task_group_decorator to 2023-12-06T16:57:37.641523+00:00, run_after=2023-12-07T16:57:37.641523+00:00
[2023-12-07T16:57:37.664+0000] {processor.py:179} INFO - Processing /home/ubuntu/ec2_customer_chum_venv/lib/python3.10/site-packages/airflow/example_dags/example_task_group_decorator.py took 0.086 seconds
[2023-12-07T16:58:19.184+0000] {processor.py:157} INFO - Started process (PID=5517) to work on /home/ubuntu/ec2_customer_chum_venv/lib/python3.10/site-packages/airflow/example_dags/example_task_group_decorator.py
[2023-12-07T16:58:19.185+0000] {processor.py:829} INFO - Processing file /home/ubuntu/ec2_customer_chum_venv/lib/python3.10/site-packages/airflow/example_dags/example_task_group_decorator.py for tasks to queue
[2023-12-07T16:58:19.186+0000] {logging_mixin.py:154} INFO - [2023-12-07T16:58:19.186+0000] {dagbag.py:536} INFO - Filling up the DagBag from /home/ubuntu/ec2_customer_chum_venv/lib/python3.10/site-packages/airflow/example_dags/example_task_group_decorator.py
[2023-12-07T16:58:19.203+0000] {processor.py:839} INFO - DAG(s) dict_keys(['example_task_group_decorator']) retrieved from /home/ubuntu/ec2_customer_chum_venv/lib/python3.10/site-packages/airflow/example_dags/example_task_group_decorator.py
[2023-12-07T16:58:19.224+0000] {logging_mixin.py:154} INFO - [2023-12-07T16:58:19.224+0000] {dag.py:2941} INFO - Sync 1 DAGs
[2023-12-07T16:58:19.245+0000] {logging_mixin.py:154} INFO - [2023-12-07T16:58:19.244+0000] {dag.py:3722} INFO - Setting next_dagrun for example_task_group_decorator to 2023-12-06T16:58:19.244550+00:00, run_after=2023-12-07T16:58:19.244550+00:00
[2023-12-07T16:58:19.267+0000] {processor.py:179} INFO - Processing /home/ubuntu/ec2_customer_chum_venv/lib/python3.10/site-packages/airflow/example_dags/example_task_group_decorator.py took 0.087 seconds
[2023-12-07T16:59:02.017+0000] {processor.py:157} INFO - Started process (PID=5563) to work on /home/ubuntu/ec2_customer_chum_venv/lib/python3.10/site-packages/airflow/example_dags/example_task_group_decorator.py
[2023-12-07T16:59:02.018+0000] {processor.py:829} INFO - Processing file /home/ubuntu/ec2_customer_chum_venv/lib/python3.10/site-packages/airflow/example_dags/example_task_group_decorator.py for tasks to queue
[2023-12-07T16:59:02.019+0000] {logging_mixin.py:154} INFO - [2023-12-07T16:59:02.019+0000] {dagbag.py:536} INFO - Filling up the DagBag from /home/ubuntu/ec2_customer_chum_venv/lib/python3.10/site-packages/airflow/example_dags/example_task_group_decorator.py
[2023-12-07T16:59:02.037+0000] {processor.py:839} INFO - DAG(s) dict_keys(['example_task_group_decorator']) retrieved from /home/ubuntu/ec2_customer_chum_venv/lib/python3.10/site-packages/airflow/example_dags/example_task_group_decorator.py
[2023-12-07T16:59:02.059+0000] {logging_mixin.py:154} INFO - [2023-12-07T16:59:02.059+0000] {dag.py:2941} INFO - Sync 1 DAGs
[2023-12-07T16:59:02.081+0000] {logging_mixin.py:154} INFO - [2023-12-07T16:59:02.081+0000] {dag.py:3722} INFO - Setting next_dagrun for example_task_group_decorator to 2023-12-06T16:59:02.080999+00:00, run_after=2023-12-07T16:59:02.080999+00:00
[2023-12-07T16:59:02.105+0000] {processor.py:179} INFO - Processing /home/ubuntu/ec2_customer_chum_venv/lib/python3.10/site-packages/airflow/example_dags/example_task_group_decorator.py took 0.092 seconds
[2023-12-07T16:59:45.800+0000] {processor.py:157} INFO - Started process (PID=5610) to work on /home/ubuntu/ec2_customer_chum_venv/lib/python3.10/site-packages/airflow/example_dags/example_task_group_decorator.py
[2023-12-07T16:59:45.801+0000] {processor.py:829} INFO - Processing file /home/ubuntu/ec2_customer_chum_venv/lib/python3.10/site-packages/airflow/example_dags/example_task_group_decorator.py for tasks to queue
[2023-12-07T16:59:45.802+0000] {logging_mixin.py:154} INFO - [2023-12-07T16:59:45.802+0000] {dagbag.py:536} INFO - Filling up the DagBag from /home/ubuntu/ec2_customer_chum_venv/lib/python3.10/site-packages/airflow/example_dags/example_task_group_decorator.py
[2023-12-07T16:59:45.819+0000] {processor.py:839} INFO - DAG(s) dict_keys(['example_task_group_decorator']) retrieved from /home/ubuntu/ec2_customer_chum_venv/lib/python3.10/site-packages/airflow/example_dags/example_task_group_decorator.py
[2023-12-07T16:59:45.840+0000] {logging_mixin.py:154} INFO - [2023-12-07T16:59:45.840+0000] {dag.py:2941} INFO - Sync 1 DAGs
[2023-12-07T16:59:45.861+0000] {logging_mixin.py:154} INFO - [2023-12-07T16:59:45.860+0000] {dag.py:3722} INFO - Setting next_dagrun for example_task_group_decorator to 2023-12-06T16:59:45.860465+00:00, run_after=2023-12-07T16:59:45.860465+00:00
[2023-12-07T16:59:45.886+0000] {processor.py:179} INFO - Processing /home/ubuntu/ec2_customer_chum_venv/lib/python3.10/site-packages/airflow/example_dags/example_task_group_decorator.py took 0.089 seconds
[2023-12-07T17:00:33.211+0000] {processor.py:157} INFO - Started process (PID=5657) to work on /home/ubuntu/ec2_customer_chum_venv/lib/python3.10/site-packages/airflow/example_dags/example_task_group_decorator.py
[2023-12-07T17:00:33.213+0000] {processor.py:829} INFO - Processing file /home/ubuntu/ec2_customer_chum_venv/lib/python3.10/site-packages/airflow/example_dags/example_task_group_decorator.py for tasks to queue
[2023-12-07T17:00:33.214+0000] {logging_mixin.py:154} INFO - [2023-12-07T17:00:33.214+0000] {dagbag.py:536} INFO - Filling up the DagBag from /home/ubuntu/ec2_customer_chum_venv/lib/python3.10/site-packages/airflow/example_dags/example_task_group_decorator.py
[2023-12-07T17:00:33.231+0000] {processor.py:839} INFO - DAG(s) dict_keys(['example_task_group_decorator']) retrieved from /home/ubuntu/ec2_customer_chum_venv/lib/python3.10/site-packages/airflow/example_dags/example_task_group_decorator.py
[2023-12-07T17:00:33.253+0000] {logging_mixin.py:154} INFO - [2023-12-07T17:00:33.253+0000] {dag.py:2941} INFO - Sync 1 DAGs
[2023-12-07T17:00:33.276+0000] {logging_mixin.py:154} INFO - [2023-12-07T17:00:33.276+0000] {dag.py:3722} INFO - Setting next_dagrun for example_task_group_decorator to 2023-12-06T17:00:33.275934+00:00, run_after=2023-12-07T17:00:33.275934+00:00
[2023-12-07T17:00:33.302+0000] {processor.py:179} INFO - Processing /home/ubuntu/ec2_customer_chum_venv/lib/python3.10/site-packages/airflow/example_dags/example_task_group_decorator.py took 0.094 seconds
[2023-12-07T17:01:20.801+0000] {processor.py:157} INFO - Started process (PID=5705) to work on /home/ubuntu/ec2_customer_chum_venv/lib/python3.10/site-packages/airflow/example_dags/example_task_group_decorator.py
[2023-12-07T17:01:20.802+0000] {processor.py:829} INFO - Processing file /home/ubuntu/ec2_customer_chum_venv/lib/python3.10/site-packages/airflow/example_dags/example_task_group_decorator.py for tasks to queue
[2023-12-07T17:01:20.803+0000] {logging_mixin.py:154} INFO - [2023-12-07T17:01:20.802+0000] {dagbag.py:536} INFO - Filling up the DagBag from /home/ubuntu/ec2_customer_chum_venv/lib/python3.10/site-packages/airflow/example_dags/example_task_group_decorator.py
[2023-12-07T17:01:20.820+0000] {processor.py:839} INFO - DAG(s) dict_keys(['example_task_group_decorator']) retrieved from /home/ubuntu/ec2_customer_chum_venv/lib/python3.10/site-packages/airflow/example_dags/example_task_group_decorator.py
[2023-12-07T17:01:20.842+0000] {logging_mixin.py:154} INFO - [2023-12-07T17:01:20.841+0000] {dag.py:2941} INFO - Sync 1 DAGs
[2023-12-07T17:01:20.863+0000] {logging_mixin.py:154} INFO - [2023-12-07T17:01:20.863+0000] {dag.py:3722} INFO - Setting next_dagrun for example_task_group_decorator to 2023-12-06T17:01:20.862782+00:00, run_after=2023-12-07T17:01:20.862782+00:00
[2023-12-07T17:01:20.888+0000] {processor.py:179} INFO - Processing /home/ubuntu/ec2_customer_chum_venv/lib/python3.10/site-packages/airflow/example_dags/example_task_group_decorator.py took 0.091 seconds
[2023-12-07T17:02:05.645+0000] {processor.py:157} INFO - Started process (PID=5751) to work on /home/ubuntu/ec2_customer_chum_venv/lib/python3.10/site-packages/airflow/example_dags/example_task_group_decorator.py
[2023-12-07T17:02:05.647+0000] {processor.py:829} INFO - Processing file /home/ubuntu/ec2_customer_chum_venv/lib/python3.10/site-packages/airflow/example_dags/example_task_group_decorator.py for tasks to queue
[2023-12-07T17:02:05.648+0000] {logging_mixin.py:154} INFO - [2023-12-07T17:02:05.648+0000] {dagbag.py:536} INFO - Filling up the DagBag from /home/ubuntu/ec2_customer_chum_venv/lib/python3.10/site-packages/airflow/example_dags/example_task_group_decorator.py
[2023-12-07T17:02:05.665+0000] {processor.py:839} INFO - DAG(s) dict_keys(['example_task_group_decorator']) retrieved from /home/ubuntu/ec2_customer_chum_venv/lib/python3.10/site-packages/airflow/example_dags/example_task_group_decorator.py
[2023-12-07T17:02:05.687+0000] {logging_mixin.py:154} INFO - [2023-12-07T17:02:05.686+0000] {dag.py:2941} INFO - Sync 1 DAGs
[2023-12-07T17:02:05.707+0000] {logging_mixin.py:154} INFO - [2023-12-07T17:02:05.707+0000] {dag.py:3722} INFO - Setting next_dagrun for example_task_group_decorator to 2023-12-06T17:02:05.707186+00:00, run_after=2023-12-07T17:02:05.707186+00:00
[2023-12-07T17:02:05.731+0000] {processor.py:179} INFO - Processing /home/ubuntu/ec2_customer_chum_venv/lib/python3.10/site-packages/airflow/example_dags/example_task_group_decorator.py took 0.089 seconds
[2023-12-07T17:02:53.521+0000] {processor.py:157} INFO - Started process (PID=5799) to work on /home/ubuntu/ec2_customer_chum_venv/lib/python3.10/site-packages/airflow/example_dags/example_task_group_decorator.py
[2023-12-07T17:02:53.522+0000] {processor.py:829} INFO - Processing file /home/ubuntu/ec2_customer_chum_venv/lib/python3.10/site-packages/airflow/example_dags/example_task_group_decorator.py for tasks to queue
[2023-12-07T17:02:53.523+0000] {logging_mixin.py:154} INFO - [2023-12-07T17:02:53.522+0000] {dagbag.py:536} INFO - Filling up the DagBag from /home/ubuntu/ec2_customer_chum_venv/lib/python3.10/site-packages/airflow/example_dags/example_task_group_decorator.py
[2023-12-07T17:02:53.540+0000] {processor.py:839} INFO - DAG(s) dict_keys(['example_task_group_decorator']) retrieved from /home/ubuntu/ec2_customer_chum_venv/lib/python3.10/site-packages/airflow/example_dags/example_task_group_decorator.py
[2023-12-07T17:02:53.561+0000] {logging_mixin.py:154} INFO - [2023-12-07T17:02:53.561+0000] {dag.py:2941} INFO - Sync 1 DAGs
[2023-12-07T17:02:53.582+0000] {logging_mixin.py:154} INFO - [2023-12-07T17:02:53.581+0000] {dag.py:3722} INFO - Setting next_dagrun for example_task_group_decorator to 2023-12-06T17:02:53.581581+00:00, run_after=2023-12-07T17:02:53.581581+00:00
[2023-12-07T17:02:53.605+0000] {processor.py:179} INFO - Processing /home/ubuntu/ec2_customer_chum_venv/lib/python3.10/site-packages/airflow/example_dags/example_task_group_decorator.py took 0.087 seconds
[2023-12-07T17:03:35.219+0000] {processor.py:157} INFO - Started process (PID=5841) to work on /home/ubuntu/ec2_customer_chum_venv/lib/python3.10/site-packages/airflow/example_dags/example_task_group_decorator.py
[2023-12-07T17:03:35.220+0000] {processor.py:829} INFO - Processing file /home/ubuntu/ec2_customer_chum_venv/lib/python3.10/site-packages/airflow/example_dags/example_task_group_decorator.py for tasks to queue
[2023-12-07T17:03:35.221+0000] {logging_mixin.py:154} INFO - [2023-12-07T17:03:35.221+0000] {dagbag.py:536} INFO - Filling up the DagBag from /home/ubuntu/ec2_customer_chum_venv/lib/python3.10/site-packages/airflow/example_dags/example_task_group_decorator.py
[2023-12-07T17:03:35.238+0000] {processor.py:839} INFO - DAG(s) dict_keys(['example_task_group_decorator']) retrieved from /home/ubuntu/ec2_customer_chum_venv/lib/python3.10/site-packages/airflow/example_dags/example_task_group_decorator.py
[2023-12-07T17:03:35.259+0000] {logging_mixin.py:154} INFO - [2023-12-07T17:03:35.259+0000] {dag.py:2941} INFO - Sync 1 DAGs
[2023-12-07T17:03:35.279+0000] {logging_mixin.py:154} INFO - [2023-12-07T17:03:35.279+0000] {dag.py:3722} INFO - Setting next_dagrun for example_task_group_decorator to 2023-12-06T17:03:35.279206+00:00, run_after=2023-12-07T17:03:35.279206+00:00
[2023-12-07T17:03:35.302+0000] {processor.py:179} INFO - Processing /home/ubuntu/ec2_customer_chum_venv/lib/python3.10/site-packages/airflow/example_dags/example_task_group_decorator.py took 0.086 seconds
[2023-12-07T17:04:17.683+0000] {processor.py:157} INFO - Started process (PID=5886) to work on /home/ubuntu/ec2_customer_chum_venv/lib/python3.10/site-packages/airflow/example_dags/example_task_group_decorator.py
[2023-12-07T17:04:17.685+0000] {processor.py:829} INFO - Processing file /home/ubuntu/ec2_customer_chum_venv/lib/python3.10/site-packages/airflow/example_dags/example_task_group_decorator.py for tasks to queue
[2023-12-07T17:04:17.686+0000] {logging_mixin.py:154} INFO - [2023-12-07T17:04:17.685+0000] {dagbag.py:536} INFO - Filling up the DagBag from /home/ubuntu/ec2_customer_chum_venv/lib/python3.10/site-packages/airflow/example_dags/example_task_group_decorator.py
[2023-12-07T17:04:17.703+0000] {processor.py:839} INFO - DAG(s) dict_keys(['example_task_group_decorator']) retrieved from /home/ubuntu/ec2_customer_chum_venv/lib/python3.10/site-packages/airflow/example_dags/example_task_group_decorator.py
[2023-12-07T17:04:17.724+0000] {logging_mixin.py:154} INFO - [2023-12-07T17:04:17.723+0000] {dag.py:2941} INFO - Sync 1 DAGs
[2023-12-07T17:04:17.744+0000] {logging_mixin.py:154} INFO - [2023-12-07T17:04:17.743+0000] {dag.py:3722} INFO - Setting next_dagrun for example_task_group_decorator to 2023-12-06T17:04:17.743649+00:00, run_after=2023-12-07T17:04:17.743649+00:00
[2023-12-07T17:04:17.766+0000] {processor.py:179} INFO - Processing /home/ubuntu/ec2_customer_chum_venv/lib/python3.10/site-packages/airflow/example_dags/example_task_group_decorator.py took 0.086 seconds
[2023-12-07T17:05:06.406+0000] {processor.py:157} INFO - Started process (PID=5938) to work on /home/ubuntu/ec2_customer_chum_venv/lib/python3.10/site-packages/airflow/example_dags/example_task_group_decorator.py
[2023-12-07T17:05:06.408+0000] {processor.py:829} INFO - Processing file /home/ubuntu/ec2_customer_chum_venv/lib/python3.10/site-packages/airflow/example_dags/example_task_group_decorator.py for tasks to queue
[2023-12-07T17:05:06.409+0000] {logging_mixin.py:154} INFO - [2023-12-07T17:05:06.408+0000] {dagbag.py:536} INFO - Filling up the DagBag from /home/ubuntu/ec2_customer_chum_venv/lib/python3.10/site-packages/airflow/example_dags/example_task_group_decorator.py
[2023-12-07T17:05:06.425+0000] {processor.py:839} INFO - DAG(s) dict_keys(['example_task_group_decorator']) retrieved from /home/ubuntu/ec2_customer_chum_venv/lib/python3.10/site-packages/airflow/example_dags/example_task_group_decorator.py
[2023-12-07T17:05:06.446+0000] {logging_mixin.py:154} INFO - [2023-12-07T17:05:06.446+0000] {dag.py:2941} INFO - Sync 1 DAGs
[2023-12-07T17:05:06.465+0000] {logging_mixin.py:154} INFO - [2023-12-07T17:05:06.465+0000] {dag.py:3722} INFO - Setting next_dagrun for example_task_group_decorator to 2023-12-06T17:05:06.465500+00:00, run_after=2023-12-07T17:05:06.465500+00:00
[2023-12-07T17:05:06.488+0000] {processor.py:179} INFO - Processing /home/ubuntu/ec2_customer_chum_venv/lib/python3.10/site-packages/airflow/example_dags/example_task_group_decorator.py took 0.085 seconds
[2023-12-07T17:05:49.421+0000] {processor.py:157} INFO - Started process (PID=5984) to work on /home/ubuntu/ec2_customer_chum_venv/lib/python3.10/site-packages/airflow/example_dags/example_task_group_decorator.py
[2023-12-07T17:05:49.422+0000] {processor.py:829} INFO - Processing file /home/ubuntu/ec2_customer_chum_venv/lib/python3.10/site-packages/airflow/example_dags/example_task_group_decorator.py for tasks to queue
[2023-12-07T17:05:49.423+0000] {logging_mixin.py:154} INFO - [2023-12-07T17:05:49.423+0000] {dagbag.py:536} INFO - Filling up the DagBag from /home/ubuntu/ec2_customer_chum_venv/lib/python3.10/site-packages/airflow/example_dags/example_task_group_decorator.py
[2023-12-07T17:05:49.440+0000] {processor.py:839} INFO - DAG(s) dict_keys(['example_task_group_decorator']) retrieved from /home/ubuntu/ec2_customer_chum_venv/lib/python3.10/site-packages/airflow/example_dags/example_task_group_decorator.py
[2023-12-07T17:05:49.461+0000] {logging_mixin.py:154} INFO - [2023-12-07T17:05:49.461+0000] {dag.py:2941} INFO - Sync 1 DAGs
[2023-12-07T17:05:49.481+0000] {logging_mixin.py:154} INFO - [2023-12-07T17:05:49.481+0000] {dag.py:3722} INFO - Setting next_dagrun for example_task_group_decorator to 2023-12-06T17:05:49.480816+00:00, run_after=2023-12-07T17:05:49.480816+00:00
[2023-12-07T17:05:49.503+0000] {processor.py:179} INFO - Processing /home/ubuntu/ec2_customer_chum_venv/lib/python3.10/site-packages/airflow/example_dags/example_task_group_decorator.py took 0.086 seconds
[2023-12-07T17:06:34.434+0000] {processor.py:157} INFO - Started process (PID=6030) to work on /home/ubuntu/ec2_customer_chum_venv/lib/python3.10/site-packages/airflow/example_dags/example_task_group_decorator.py
[2023-12-07T17:06:34.436+0000] {processor.py:829} INFO - Processing file /home/ubuntu/ec2_customer_chum_venv/lib/python3.10/site-packages/airflow/example_dags/example_task_group_decorator.py for tasks to queue
[2023-12-07T17:06:34.437+0000] {logging_mixin.py:154} INFO - [2023-12-07T17:06:34.437+0000] {dagbag.py:536} INFO - Filling up the DagBag from /home/ubuntu/ec2_customer_chum_venv/lib/python3.10/site-packages/airflow/example_dags/example_task_group_decorator.py
[2023-12-07T17:06:34.454+0000] {processor.py:839} INFO - DAG(s) dict_keys(['example_task_group_decorator']) retrieved from /home/ubuntu/ec2_customer_chum_venv/lib/python3.10/site-packages/airflow/example_dags/example_task_group_decorator.py
[2023-12-07T17:06:34.475+0000] {logging_mixin.py:154} INFO - [2023-12-07T17:06:34.475+0000] {dag.py:2941} INFO - Sync 1 DAGs
[2023-12-07T17:06:34.495+0000] {logging_mixin.py:154} INFO - [2023-12-07T17:06:34.494+0000] {dag.py:3722} INFO - Setting next_dagrun for example_task_group_decorator to 2023-12-06T17:06:34.494686+00:00, run_after=2023-12-07T17:06:34.494686+00:00
[2023-12-07T17:06:34.520+0000] {processor.py:179} INFO - Processing /home/ubuntu/ec2_customer_chum_venv/lib/python3.10/site-packages/airflow/example_dags/example_task_group_decorator.py took 0.089 seconds
[2023-12-07T17:07:18.165+0000] {processor.py:157} INFO - Started process (PID=6074) to work on /home/ubuntu/ec2_customer_chum_venv/lib/python3.10/site-packages/airflow/example_dags/example_task_group_decorator.py
[2023-12-07T17:07:18.167+0000] {processor.py:829} INFO - Processing file /home/ubuntu/ec2_customer_chum_venv/lib/python3.10/site-packages/airflow/example_dags/example_task_group_decorator.py for tasks to queue
[2023-12-07T17:07:18.167+0000] {logging_mixin.py:154} INFO - [2023-12-07T17:07:18.167+0000] {dagbag.py:536} INFO - Filling up the DagBag from /home/ubuntu/ec2_customer_chum_venv/lib/python3.10/site-packages/airflow/example_dags/example_task_group_decorator.py
[2023-12-07T17:07:18.184+0000] {processor.py:839} INFO - DAG(s) dict_keys(['example_task_group_decorator']) retrieved from /home/ubuntu/ec2_customer_chum_venv/lib/python3.10/site-packages/airflow/example_dags/example_task_group_decorator.py
[2023-12-07T17:07:18.206+0000] {logging_mixin.py:154} INFO - [2023-12-07T17:07:18.205+0000] {dag.py:2941} INFO - Sync 1 DAGs
[2023-12-07T17:07:18.226+0000] {logging_mixin.py:154} INFO - [2023-12-07T17:07:18.226+0000] {dag.py:3722} INFO - Setting next_dagrun for example_task_group_decorator to 2023-12-06T17:07:18.225851+00:00, run_after=2023-12-07T17:07:18.225851+00:00
[2023-12-07T17:07:18.248+0000] {processor.py:179} INFO - Processing /home/ubuntu/ec2_customer_chum_venv/lib/python3.10/site-packages/airflow/example_dags/example_task_group_decorator.py took 0.086 seconds
[2023-12-07T17:08:03.239+0000] {processor.py:157} INFO - Started process (PID=6120) to work on /home/ubuntu/ec2_customer_chum_venv/lib/python3.10/site-packages/airflow/example_dags/example_task_group_decorator.py
[2023-12-07T17:08:03.241+0000] {processor.py:829} INFO - Processing file /home/ubuntu/ec2_customer_chum_venv/lib/python3.10/site-packages/airflow/example_dags/example_task_group_decorator.py for tasks to queue
[2023-12-07T17:08:03.242+0000] {logging_mixin.py:154} INFO - [2023-12-07T17:08:03.241+0000] {dagbag.py:536} INFO - Filling up the DagBag from /home/ubuntu/ec2_customer_chum_venv/lib/python3.10/site-packages/airflow/example_dags/example_task_group_decorator.py
[2023-12-07T17:08:03.259+0000] {processor.py:839} INFO - DAG(s) dict_keys(['example_task_group_decorator']) retrieved from /home/ubuntu/ec2_customer_chum_venv/lib/python3.10/site-packages/airflow/example_dags/example_task_group_decorator.py
[2023-12-07T17:08:03.281+0000] {logging_mixin.py:154} INFO - [2023-12-07T17:08:03.281+0000] {dag.py:2941} INFO - Sync 1 DAGs
[2023-12-07T17:08:03.302+0000] {logging_mixin.py:154} INFO - [2023-12-07T17:08:03.302+0000] {dag.py:3722} INFO - Setting next_dagrun for example_task_group_decorator to 2023-12-06T17:08:03.301826+00:00, run_after=2023-12-07T17:08:03.301826+00:00
[2023-12-07T17:08:03.325+0000] {processor.py:179} INFO - Processing /home/ubuntu/ec2_customer_chum_venv/lib/python3.10/site-packages/airflow/example_dags/example_task_group_decorator.py took 0.089 seconds
[2023-12-07T17:08:49.537+0000] {processor.py:157} INFO - Started process (PID=6167) to work on /home/ubuntu/ec2_customer_chum_venv/lib/python3.10/site-packages/airflow/example_dags/example_task_group_decorator.py
[2023-12-07T17:08:49.538+0000] {processor.py:829} INFO - Processing file /home/ubuntu/ec2_customer_chum_venv/lib/python3.10/site-packages/airflow/example_dags/example_task_group_decorator.py for tasks to queue
[2023-12-07T17:08:49.539+0000] {logging_mixin.py:154} INFO - [2023-12-07T17:08:49.539+0000] {dagbag.py:536} INFO - Filling up the DagBag from /home/ubuntu/ec2_customer_chum_venv/lib/python3.10/site-packages/airflow/example_dags/example_task_group_decorator.py
[2023-12-07T17:08:49.556+0000] {processor.py:839} INFO - DAG(s) dict_keys(['example_task_group_decorator']) retrieved from /home/ubuntu/ec2_customer_chum_venv/lib/python3.10/site-packages/airflow/example_dags/example_task_group_decorator.py
[2023-12-07T17:08:49.577+0000] {logging_mixin.py:154} INFO - [2023-12-07T17:08:49.577+0000] {dag.py:2941} INFO - Sync 1 DAGs
[2023-12-07T17:08:49.597+0000] {logging_mixin.py:154} INFO - [2023-12-07T17:08:49.597+0000] {dag.py:3722} INFO - Setting next_dagrun for example_task_group_decorator to 2023-12-06T17:08:49.596985+00:00, run_after=2023-12-07T17:08:49.596985+00:00
[2023-12-07T17:08:49.622+0000] {processor.py:179} INFO - Processing /home/ubuntu/ec2_customer_chum_venv/lib/python3.10/site-packages/airflow/example_dags/example_task_group_decorator.py took 0.088 seconds
[2023-12-07T17:09:34.181+0000] {processor.py:157} INFO - Started process (PID=6214) to work on /home/ubuntu/ec2_customer_chum_venv/lib/python3.10/site-packages/airflow/example_dags/example_task_group_decorator.py
[2023-12-07T17:09:34.183+0000] {processor.py:829} INFO - Processing file /home/ubuntu/ec2_customer_chum_venv/lib/python3.10/site-packages/airflow/example_dags/example_task_group_decorator.py for tasks to queue
[2023-12-07T17:09:34.183+0000] {logging_mixin.py:154} INFO - [2023-12-07T17:09:34.183+0000] {dagbag.py:536} INFO - Filling up the DagBag from /home/ubuntu/ec2_customer_chum_venv/lib/python3.10/site-packages/airflow/example_dags/example_task_group_decorator.py
[2023-12-07T17:09:34.200+0000] {processor.py:839} INFO - DAG(s) dict_keys(['example_task_group_decorator']) retrieved from /home/ubuntu/ec2_customer_chum_venv/lib/python3.10/site-packages/airflow/example_dags/example_task_group_decorator.py
[2023-12-07T17:09:34.221+0000] {logging_mixin.py:154} INFO - [2023-12-07T17:09:34.220+0000] {dag.py:2941} INFO - Sync 1 DAGs
[2023-12-07T17:09:34.240+0000] {logging_mixin.py:154} INFO - [2023-12-07T17:09:34.240+0000] {dag.py:3722} INFO - Setting next_dagrun for example_task_group_decorator to 2023-12-06T17:09:34.240238+00:00, run_after=2023-12-07T17:09:34.240238+00:00
[2023-12-07T17:09:34.264+0000] {processor.py:179} INFO - Processing /home/ubuntu/ec2_customer_chum_venv/lib/python3.10/site-packages/airflow/example_dags/example_task_group_decorator.py took 0.086 seconds
[2023-12-07T17:10:15.390+0000] {processor.py:157} INFO - Started process (PID=6256) to work on /home/ubuntu/ec2_customer_chum_venv/lib/python3.10/site-packages/airflow/example_dags/example_task_group_decorator.py
[2023-12-07T17:10:15.391+0000] {processor.py:829} INFO - Processing file /home/ubuntu/ec2_customer_chum_venv/lib/python3.10/site-packages/airflow/example_dags/example_task_group_decorator.py for tasks to queue
[2023-12-07T17:10:15.392+0000] {logging_mixin.py:154} INFO - [2023-12-07T17:10:15.392+0000] {dagbag.py:536} INFO - Filling up the DagBag from /home/ubuntu/ec2_customer_chum_venv/lib/python3.10/site-packages/airflow/example_dags/example_task_group_decorator.py
[2023-12-07T17:10:15.410+0000] {processor.py:839} INFO - DAG(s) dict_keys(['example_task_group_decorator']) retrieved from /home/ubuntu/ec2_customer_chum_venv/lib/python3.10/site-packages/airflow/example_dags/example_task_group_decorator.py
[2023-12-07T17:10:15.431+0000] {logging_mixin.py:154} INFO - [2023-12-07T17:10:15.430+0000] {dag.py:2941} INFO - Sync 1 DAGs
[2023-12-07T17:10:15.451+0000] {logging_mixin.py:154} INFO - [2023-12-07T17:10:15.451+0000] {dag.py:3722} INFO - Setting next_dagrun for example_task_group_decorator to 2023-12-06T17:10:15.450969+00:00, run_after=2023-12-07T17:10:15.450969+00:00
[2023-12-07T17:10:15.474+0000] {processor.py:179} INFO - Processing /home/ubuntu/ec2_customer_chum_venv/lib/python3.10/site-packages/airflow/example_dags/example_task_group_decorator.py took 0.088 seconds
[2023-12-07T17:11:01.591+0000] {processor.py:157} INFO - Started process (PID=6304) to work on /home/ubuntu/ec2_customer_chum_venv/lib/python3.10/site-packages/airflow/example_dags/example_task_group_decorator.py
[2023-12-07T17:11:01.593+0000] {processor.py:829} INFO - Processing file /home/ubuntu/ec2_customer_chum_venv/lib/python3.10/site-packages/airflow/example_dags/example_task_group_decorator.py for tasks to queue
[2023-12-07T17:11:01.594+0000] {logging_mixin.py:154} INFO - [2023-12-07T17:11:01.594+0000] {dagbag.py:536} INFO - Filling up the DagBag from /home/ubuntu/ec2_customer_chum_venv/lib/python3.10/site-packages/airflow/example_dags/example_task_group_decorator.py
[2023-12-07T17:11:01.619+0000] {processor.py:839} INFO - DAG(s) dict_keys(['example_task_group_decorator']) retrieved from /home/ubuntu/ec2_customer_chum_venv/lib/python3.10/site-packages/airflow/example_dags/example_task_group_decorator.py
[2023-12-07T17:11:01.645+0000] {logging_mixin.py:154} INFO - [2023-12-07T17:11:01.645+0000] {dag.py:2941} INFO - Sync 1 DAGs
[2023-12-07T17:11:01.670+0000] {logging_mixin.py:154} INFO - [2023-12-07T17:11:01.670+0000] {dag.py:3722} INFO - Setting next_dagrun for example_task_group_decorator to 2023-12-06T17:11:01.670074+00:00, run_after=2023-12-07T17:11:01.670074+00:00
[2023-12-07T17:11:01.705+0000] {processor.py:179} INFO - Processing /home/ubuntu/ec2_customer_chum_venv/lib/python3.10/site-packages/airflow/example_dags/example_task_group_decorator.py took 0.117 seconds
[2023-12-07T17:11:47.124+0000] {processor.py:157} INFO - Started process (PID=6355) to work on /home/ubuntu/ec2_customer_chum_venv/lib/python3.10/site-packages/airflow/example_dags/example_task_group_decorator.py
[2023-12-07T17:11:47.126+0000] {processor.py:829} INFO - Processing file /home/ubuntu/ec2_customer_chum_venv/lib/python3.10/site-packages/airflow/example_dags/example_task_group_decorator.py for tasks to queue
[2023-12-07T17:11:47.126+0000] {logging_mixin.py:154} INFO - [2023-12-07T17:11:47.126+0000] {dagbag.py:536} INFO - Filling up the DagBag from /home/ubuntu/ec2_customer_chum_venv/lib/python3.10/site-packages/airflow/example_dags/example_task_group_decorator.py
[2023-12-07T17:11:47.143+0000] {processor.py:839} INFO - DAG(s) dict_keys(['example_task_group_decorator']) retrieved from /home/ubuntu/ec2_customer_chum_venv/lib/python3.10/site-packages/airflow/example_dags/example_task_group_decorator.py
[2023-12-07T17:11:47.165+0000] {logging_mixin.py:154} INFO - [2023-12-07T17:11:47.164+0000] {dag.py:2941} INFO - Sync 1 DAGs
[2023-12-07T17:11:47.185+0000] {logging_mixin.py:154} INFO - [2023-12-07T17:11:47.185+0000] {dag.py:3722} INFO - Setting next_dagrun for example_task_group_decorator to 2023-12-06T17:11:47.185000+00:00, run_after=2023-12-07T17:11:47.185000+00:00
[2023-12-07T17:11:47.210+0000] {processor.py:179} INFO - Processing /home/ubuntu/ec2_customer_chum_venv/lib/python3.10/site-packages/airflow/example_dags/example_task_group_decorator.py took 0.089 seconds
[2023-12-07T17:12:32.287+0000] {processor.py:157} INFO - Started process (PID=6401) to work on /home/ubuntu/ec2_customer_chum_venv/lib/python3.10/site-packages/airflow/example_dags/example_task_group_decorator.py
[2023-12-07T17:12:32.288+0000] {processor.py:829} INFO - Processing file /home/ubuntu/ec2_customer_chum_venv/lib/python3.10/site-packages/airflow/example_dags/example_task_group_decorator.py for tasks to queue
[2023-12-07T17:12:32.289+0000] {logging_mixin.py:154} INFO - [2023-12-07T17:12:32.289+0000] {dagbag.py:536} INFO - Filling up the DagBag from /home/ubuntu/ec2_customer_chum_venv/lib/python3.10/site-packages/airflow/example_dags/example_task_group_decorator.py
[2023-12-07T17:12:32.306+0000] {processor.py:839} INFO - DAG(s) dict_keys(['example_task_group_decorator']) retrieved from /home/ubuntu/ec2_customer_chum_venv/lib/python3.10/site-packages/airflow/example_dags/example_task_group_decorator.py
[2023-12-07T17:12:32.327+0000] {logging_mixin.py:154} INFO - [2023-12-07T17:12:32.327+0000] {dag.py:2941} INFO - Sync 1 DAGs
[2023-12-07T17:12:32.348+0000] {logging_mixin.py:154} INFO - [2023-12-07T17:12:32.348+0000] {dag.py:3722} INFO - Setting next_dagrun for example_task_group_decorator to 2023-12-06T17:12:32.348370+00:00, run_after=2023-12-07T17:12:32.348370+00:00
[2023-12-07T17:12:32.373+0000] {processor.py:179} INFO - Processing /home/ubuntu/ec2_customer_chum_venv/lib/python3.10/site-packages/airflow/example_dags/example_task_group_decorator.py took 0.090 seconds
[2023-12-07T17:13:20.260+0000] {processor.py:157} INFO - Started process (PID=6537) to work on /home/ubuntu/ec2_customer_chum_venv/lib/python3.10/site-packages/airflow/example_dags/example_task_group_decorator.py
[2023-12-07T17:13:20.261+0000] {processor.py:829} INFO - Processing file /home/ubuntu/ec2_customer_chum_venv/lib/python3.10/site-packages/airflow/example_dags/example_task_group_decorator.py for tasks to queue
[2023-12-07T17:13:20.262+0000] {logging_mixin.py:154} INFO - [2023-12-07T17:13:20.262+0000] {dagbag.py:536} INFO - Filling up the DagBag from /home/ubuntu/ec2_customer_chum_venv/lib/python3.10/site-packages/airflow/example_dags/example_task_group_decorator.py
[2023-12-07T17:13:20.279+0000] {processor.py:839} INFO - DAG(s) dict_keys(['example_task_group_decorator']) retrieved from /home/ubuntu/ec2_customer_chum_venv/lib/python3.10/site-packages/airflow/example_dags/example_task_group_decorator.py
[2023-12-07T17:13:20.300+0000] {logging_mixin.py:154} INFO - [2023-12-07T17:13:20.300+0000] {dag.py:2941} INFO - Sync 1 DAGs
[2023-12-07T17:13:20.321+0000] {logging_mixin.py:154} INFO - [2023-12-07T17:13:20.320+0000] {dag.py:3722} INFO - Setting next_dagrun for example_task_group_decorator to 2023-12-06T17:13:20.320641+00:00, run_after=2023-12-07T17:13:20.320641+00:00
[2023-12-07T17:13:20.343+0000] {processor.py:179} INFO - Processing /home/ubuntu/ec2_customer_chum_venv/lib/python3.10/site-packages/airflow/example_dags/example_task_group_decorator.py took 0.087 seconds
[2023-12-07T17:14:03.328+0000] {processor.py:157} INFO - Started process (PID=6583) to work on /home/ubuntu/ec2_customer_chum_venv/lib/python3.10/site-packages/airflow/example_dags/example_task_group_decorator.py
[2023-12-07T17:14:03.330+0000] {processor.py:829} INFO - Processing file /home/ubuntu/ec2_customer_chum_venv/lib/python3.10/site-packages/airflow/example_dags/example_task_group_decorator.py for tasks to queue
[2023-12-07T17:14:03.331+0000] {logging_mixin.py:154} INFO - [2023-12-07T17:14:03.330+0000] {dagbag.py:536} INFO - Filling up the DagBag from /home/ubuntu/ec2_customer_chum_venv/lib/python3.10/site-packages/airflow/example_dags/example_task_group_decorator.py
[2023-12-07T17:14:03.348+0000] {processor.py:839} INFO - DAG(s) dict_keys(['example_task_group_decorator']) retrieved from /home/ubuntu/ec2_customer_chum_venv/lib/python3.10/site-packages/airflow/example_dags/example_task_group_decorator.py
[2023-12-07T17:14:03.370+0000] {logging_mixin.py:154} INFO - [2023-12-07T17:14:03.370+0000] {dag.py:2941} INFO - Sync 1 DAGs
[2023-12-07T17:14:03.392+0000] {logging_mixin.py:154} INFO - [2023-12-07T17:14:03.392+0000] {dag.py:3722} INFO - Setting next_dagrun for example_task_group_decorator to 2023-12-06T17:14:03.392033+00:00, run_after=2023-12-07T17:14:03.392033+00:00
[2023-12-07T17:14:03.417+0000] {processor.py:179} INFO - Processing /home/ubuntu/ec2_customer_chum_venv/lib/python3.10/site-packages/airflow/example_dags/example_task_group_decorator.py took 0.092 seconds
[2023-12-07T17:14:48.853+0000] {processor.py:157} INFO - Started process (PID=6696) to work on /home/ubuntu/ec2_customer_chum_venv/lib/python3.10/site-packages/airflow/example_dags/example_task_group_decorator.py
[2023-12-07T17:14:48.854+0000] {processor.py:829} INFO - Processing file /home/ubuntu/ec2_customer_chum_venv/lib/python3.10/site-packages/airflow/example_dags/example_task_group_decorator.py for tasks to queue
[2023-12-07T17:14:48.855+0000] {logging_mixin.py:154} INFO - [2023-12-07T17:14:48.854+0000] {dagbag.py:536} INFO - Filling up the DagBag from /home/ubuntu/ec2_customer_chum_venv/lib/python3.10/site-packages/airflow/example_dags/example_task_group_decorator.py
[2023-12-07T17:14:48.872+0000] {processor.py:839} INFO - DAG(s) dict_keys(['example_task_group_decorator']) retrieved from /home/ubuntu/ec2_customer_chum_venv/lib/python3.10/site-packages/airflow/example_dags/example_task_group_decorator.py
[2023-12-07T17:14:48.892+0000] {logging_mixin.py:154} INFO - [2023-12-07T17:14:48.892+0000] {dag.py:2941} INFO - Sync 1 DAGs
[2023-12-07T17:14:48.912+0000] {logging_mixin.py:154} INFO - [2023-12-07T17:14:48.912+0000] {dag.py:3722} INFO - Setting next_dagrun for example_task_group_decorator to 2023-12-06T17:14:48.911797+00:00, run_after=2023-12-07T17:14:48.911797+00:00
[2023-12-07T17:14:48.933+0000] {processor.py:179} INFO - Processing /home/ubuntu/ec2_customer_chum_venv/lib/python3.10/site-packages/airflow/example_dags/example_task_group_decorator.py took 0.084 seconds
[2023-12-07T17:15:31.424+0000] {processor.py:157} INFO - Started process (PID=6741) to work on /home/ubuntu/ec2_customer_chum_venv/lib/python3.10/site-packages/airflow/example_dags/example_task_group_decorator.py
[2023-12-07T17:15:31.425+0000] {processor.py:829} INFO - Processing file /home/ubuntu/ec2_customer_chum_venv/lib/python3.10/site-packages/airflow/example_dags/example_task_group_decorator.py for tasks to queue
[2023-12-07T17:15:31.426+0000] {logging_mixin.py:154} INFO - [2023-12-07T17:15:31.426+0000] {dagbag.py:536} INFO - Filling up the DagBag from /home/ubuntu/ec2_customer_chum_venv/lib/python3.10/site-packages/airflow/example_dags/example_task_group_decorator.py
[2023-12-07T17:15:31.443+0000] {processor.py:839} INFO - DAG(s) dict_keys(['example_task_group_decorator']) retrieved from /home/ubuntu/ec2_customer_chum_venv/lib/python3.10/site-packages/airflow/example_dags/example_task_group_decorator.py
[2023-12-07T17:15:31.464+0000] {logging_mixin.py:154} INFO - [2023-12-07T17:15:31.464+0000] {dag.py:2941} INFO - Sync 1 DAGs
[2023-12-07T17:15:31.485+0000] {logging_mixin.py:154} INFO - [2023-12-07T17:15:31.485+0000] {dag.py:3722} INFO - Setting next_dagrun for example_task_group_decorator to 2023-12-06T17:15:31.485396+00:00, run_after=2023-12-07T17:15:31.485396+00:00
[2023-12-07T17:15:31.511+0000] {processor.py:179} INFO - Processing /home/ubuntu/ec2_customer_chum_venv/lib/python3.10/site-packages/airflow/example_dags/example_task_group_decorator.py took 0.090 seconds
