[2023-12-07T16:49:13.381+0000] {processor.py:157} INFO - Started process (PID=4969) to work on /home/ubuntu/ec2_customer_chum_venv/lib/python3.10/site-packages/airflow/example_dags/example_sensors.py
[2023-12-07T16:49:13.382+0000] {processor.py:829} INFO - Processing file /home/ubuntu/ec2_customer_chum_venv/lib/python3.10/site-packages/airflow/example_dags/example_sensors.py for tasks to queue
[2023-12-07T16:49:13.382+0000] {logging_mixin.py:154} INFO - [2023-12-07T16:49:13.382+0000] {dagbag.py:536} INFO - Filling up the DagBag from /home/ubuntu/ec2_customer_chum_venv/lib/python3.10/site-packages/airflow/example_dags/example_sensors.py
[2023-12-07T16:49:13.396+0000] {processor.py:839} INFO - DAG(s) dict_keys(['example_sensors']) retrieved from /home/ubuntu/ec2_customer_chum_venv/lib/python3.10/site-packages/airflow/example_dags/example_sensors.py
[2023-12-07T16:49:13.519+0000] {logging_mixin.py:154} INFO - [2023-12-07T16:49:13.518+0000] {manager.py:499} INFO - Created Permission View: %s
[2023-12-07T16:49:13.532+0000] {logging_mixin.py:154} INFO - [2023-12-07T16:49:13.532+0000] {manager.py:499} INFO - Created Permission View: %s
[2023-12-07T16:49:13.542+0000] {logging_mixin.py:154} INFO - [2023-12-07T16:49:13.542+0000] {manager.py:499} INFO - Created Permission View: %s
[2023-12-07T16:49:13.543+0000] {logging_mixin.py:154} INFO - [2023-12-07T16:49:13.542+0000] {dag.py:2941} INFO - Sync 1 DAGs
[2023-12-07T16:49:13.555+0000] {logging_mixin.py:154} INFO - [2023-12-07T16:49:13.555+0000] {dag.py:2963} INFO - Creating ORM DAG for example_sensors
[2023-12-07T16:49:13.556+0000] {logging_mixin.py:154} INFO - [2023-12-07T16:49:13.555+0000] {dag.py:3722} INFO - Setting next_dagrun for example_sensors to None, run_after=None
[2023-12-07T16:49:13.579+0000] {processor.py:179} INFO - Processing /home/ubuntu/ec2_customer_chum_venv/lib/python3.10/site-packages/airflow/example_dags/example_sensors.py took 0.201 seconds
[2023-12-07T16:50:04.531+0000] {processor.py:157} INFO - Started process (PID=5016) to work on /home/ubuntu/ec2_customer_chum_venv/lib/python3.10/site-packages/airflow/example_dags/example_sensors.py
[2023-12-07T16:50:04.533+0000] {processor.py:829} INFO - Processing file /home/ubuntu/ec2_customer_chum_venv/lib/python3.10/site-packages/airflow/example_dags/example_sensors.py for tasks to queue
[2023-12-07T16:50:04.534+0000] {logging_mixin.py:154} INFO - [2023-12-07T16:50:04.534+0000] {dagbag.py:536} INFO - Filling up the DagBag from /home/ubuntu/ec2_customer_chum_venv/lib/python3.10/site-packages/airflow/example_dags/example_sensors.py
[2023-12-07T16:50:04.545+0000] {processor.py:839} INFO - DAG(s) dict_keys(['example_sensors']) retrieved from /home/ubuntu/ec2_customer_chum_venv/lib/python3.10/site-packages/airflow/example_dags/example_sensors.py
[2023-12-07T16:50:04.568+0000] {logging_mixin.py:154} INFO - [2023-12-07T16:50:04.568+0000] {dag.py:2941} INFO - Sync 1 DAGs
[2023-12-07T16:50:04.581+0000] {logging_mixin.py:154} INFO - [2023-12-07T16:50:04.580+0000] {dag.py:3722} INFO - Setting next_dagrun for example_sensors to None, run_after=None
[2023-12-07T16:50:04.605+0000] {processor.py:179} INFO - Processing /home/ubuntu/ec2_customer_chum_venv/lib/python3.10/site-packages/airflow/example_dags/example_sensors.py took 0.077 seconds
[2023-12-07T16:50:51.946+0000] {processor.py:157} INFO - Started process (PID=5062) to work on /home/ubuntu/ec2_customer_chum_venv/lib/python3.10/site-packages/airflow/example_dags/example_sensors.py
[2023-12-07T16:50:51.948+0000] {processor.py:829} INFO - Processing file /home/ubuntu/ec2_customer_chum_venv/lib/python3.10/site-packages/airflow/example_dags/example_sensors.py for tasks to queue
[2023-12-07T16:50:51.949+0000] {logging_mixin.py:154} INFO - [2023-12-07T16:50:51.948+0000] {dagbag.py:536} INFO - Filling up the DagBag from /home/ubuntu/ec2_customer_chum_venv/lib/python3.10/site-packages/airflow/example_dags/example_sensors.py
[2023-12-07T16:50:51.959+0000] {processor.py:839} INFO - DAG(s) dict_keys(['example_sensors']) retrieved from /home/ubuntu/ec2_customer_chum_venv/lib/python3.10/site-packages/airflow/example_dags/example_sensors.py
[2023-12-07T16:50:51.981+0000] {logging_mixin.py:154} INFO - [2023-12-07T16:50:51.981+0000] {dag.py:2941} INFO - Sync 1 DAGs
[2023-12-07T16:50:51.994+0000] {logging_mixin.py:154} INFO - [2023-12-07T16:50:51.994+0000] {dag.py:3722} INFO - Setting next_dagrun for example_sensors to None, run_after=None
[2023-12-07T16:50:52.018+0000] {processor.py:179} INFO - Processing /home/ubuntu/ec2_customer_chum_venv/lib/python3.10/site-packages/airflow/example_dags/example_sensors.py took 0.076 seconds
[2023-12-07T16:51:40.843+0000] {processor.py:157} INFO - Started process (PID=5112) to work on /home/ubuntu/ec2_customer_chum_venv/lib/python3.10/site-packages/airflow/example_dags/example_sensors.py
[2023-12-07T16:51:40.845+0000] {processor.py:829} INFO - Processing file /home/ubuntu/ec2_customer_chum_venv/lib/python3.10/site-packages/airflow/example_dags/example_sensors.py for tasks to queue
[2023-12-07T16:51:40.846+0000] {logging_mixin.py:154} INFO - [2023-12-07T16:51:40.845+0000] {dagbag.py:536} INFO - Filling up the DagBag from /home/ubuntu/ec2_customer_chum_venv/lib/python3.10/site-packages/airflow/example_dags/example_sensors.py
[2023-12-07T16:51:40.856+0000] {processor.py:839} INFO - DAG(s) dict_keys(['example_sensors']) retrieved from /home/ubuntu/ec2_customer_chum_venv/lib/python3.10/site-packages/airflow/example_dags/example_sensors.py
[2023-12-07T16:51:40.879+0000] {logging_mixin.py:154} INFO - [2023-12-07T16:51:40.878+0000] {dag.py:2941} INFO - Sync 1 DAGs
[2023-12-07T16:51:40.891+0000] {logging_mixin.py:154} INFO - [2023-12-07T16:51:40.891+0000] {dag.py:3722} INFO - Setting next_dagrun for example_sensors to None, run_after=None
[2023-12-07T16:51:40.914+0000] {processor.py:179} INFO - Processing /home/ubuntu/ec2_customer_chum_venv/lib/python3.10/site-packages/airflow/example_dags/example_sensors.py took 0.074 seconds
[2023-12-07T16:52:28.846+0000] {processor.py:157} INFO - Started process (PID=5164) to work on /home/ubuntu/ec2_customer_chum_venv/lib/python3.10/site-packages/airflow/example_dags/example_sensors.py
[2023-12-07T16:52:28.848+0000] {processor.py:829} INFO - Processing file /home/ubuntu/ec2_customer_chum_venv/lib/python3.10/site-packages/airflow/example_dags/example_sensors.py for tasks to queue
[2023-12-07T16:52:28.848+0000] {logging_mixin.py:154} INFO - [2023-12-07T16:52:28.848+0000] {dagbag.py:536} INFO - Filling up the DagBag from /home/ubuntu/ec2_customer_chum_venv/lib/python3.10/site-packages/airflow/example_dags/example_sensors.py
[2023-12-07T16:52:28.859+0000] {processor.py:839} INFO - DAG(s) dict_keys(['example_sensors']) retrieved from /home/ubuntu/ec2_customer_chum_venv/lib/python3.10/site-packages/airflow/example_dags/example_sensors.py
[2023-12-07T16:52:28.880+0000] {logging_mixin.py:154} INFO - [2023-12-07T16:52:28.880+0000] {dag.py:2941} INFO - Sync 1 DAGs
[2023-12-07T16:52:28.893+0000] {logging_mixin.py:154} INFO - [2023-12-07T16:52:28.892+0000] {dag.py:3722} INFO - Setting next_dagrun for example_sensors to None, run_after=None
[2023-12-07T16:52:28.916+0000] {processor.py:179} INFO - Processing /home/ubuntu/ec2_customer_chum_venv/lib/python3.10/site-packages/airflow/example_dags/example_sensors.py took 0.073 seconds
[2023-12-07T16:53:48.454+0000] {processor.py:157} INFO - Started process (PID=5232) to work on /home/ubuntu/ec2_customer_chum_venv/lib/python3.10/site-packages/airflow/example_dags/example_sensors.py
[2023-12-07T16:53:48.455+0000] {processor.py:829} INFO - Processing file /home/ubuntu/ec2_customer_chum_venv/lib/python3.10/site-packages/airflow/example_dags/example_sensors.py for tasks to queue
[2023-12-07T16:53:48.456+0000] {logging_mixin.py:154} INFO - [2023-12-07T16:53:48.456+0000] {dagbag.py:536} INFO - Filling up the DagBag from /home/ubuntu/ec2_customer_chum_venv/lib/python3.10/site-packages/airflow/example_dags/example_sensors.py
[2023-12-07T16:53:48.469+0000] {processor.py:839} INFO - DAG(s) dict_keys(['example_sensors']) retrieved from /home/ubuntu/ec2_customer_chum_venv/lib/python3.10/site-packages/airflow/example_dags/example_sensors.py
[2023-12-07T16:53:48.478+0000] {logging_mixin.py:154} INFO - [2023-12-07T16:53:48.478+0000] {dag.py:2941} INFO - Sync 1 DAGs
[2023-12-07T16:53:48.491+0000] {logging_mixin.py:154} INFO - [2023-12-07T16:53:48.490+0000] {dag.py:3722} INFO - Setting next_dagrun for example_sensors to None, run_after=None
[2023-12-07T16:53:48.513+0000] {processor.py:179} INFO - Processing /home/ubuntu/ec2_customer_chum_venv/lib/python3.10/site-packages/airflow/example_dags/example_sensors.py took 0.063 seconds
[2023-12-07T16:54:33.453+0000] {processor.py:157} INFO - Started process (PID=5281) to work on /home/ubuntu/ec2_customer_chum_venv/lib/python3.10/site-packages/airflow/example_dags/example_sensors.py
[2023-12-07T16:54:33.455+0000] {processor.py:829} INFO - Processing file /home/ubuntu/ec2_customer_chum_venv/lib/python3.10/site-packages/airflow/example_dags/example_sensors.py for tasks to queue
[2023-12-07T16:54:33.456+0000] {logging_mixin.py:154} INFO - [2023-12-07T16:54:33.455+0000] {dagbag.py:536} INFO - Filling up the DagBag from /home/ubuntu/ec2_customer_chum_venv/lib/python3.10/site-packages/airflow/example_dags/example_sensors.py
[2023-12-07T16:54:33.466+0000] {processor.py:839} INFO - DAG(s) dict_keys(['example_sensors']) retrieved from /home/ubuntu/ec2_customer_chum_venv/lib/python3.10/site-packages/airflow/example_dags/example_sensors.py
[2023-12-07T16:54:33.488+0000] {logging_mixin.py:154} INFO - [2023-12-07T16:54:33.487+0000] {dag.py:2941} INFO - Sync 1 DAGs
[2023-12-07T16:54:33.499+0000] {logging_mixin.py:154} INFO - [2023-12-07T16:54:33.499+0000] {dag.py:3722} INFO - Setting next_dagrun for example_sensors to None, run_after=None
[2023-12-07T16:54:33.522+0000] {processor.py:179} INFO - Processing /home/ubuntu/ec2_customer_chum_venv/lib/python3.10/site-packages/airflow/example_dags/example_sensors.py took 0.072 seconds
[2023-12-07T16:55:18.639+0000] {processor.py:157} INFO - Started process (PID=5328) to work on /home/ubuntu/ec2_customer_chum_venv/lib/python3.10/site-packages/airflow/example_dags/example_sensors.py
[2023-12-07T16:55:18.640+0000] {processor.py:829} INFO - Processing file /home/ubuntu/ec2_customer_chum_venv/lib/python3.10/site-packages/airflow/example_dags/example_sensors.py for tasks to queue
[2023-12-07T16:55:18.641+0000] {logging_mixin.py:154} INFO - [2023-12-07T16:55:18.640+0000] {dagbag.py:536} INFO - Filling up the DagBag from /home/ubuntu/ec2_customer_chum_venv/lib/python3.10/site-packages/airflow/example_dags/example_sensors.py
[2023-12-07T16:55:18.652+0000] {processor.py:839} INFO - DAG(s) dict_keys(['example_sensors']) retrieved from /home/ubuntu/ec2_customer_chum_venv/lib/python3.10/site-packages/airflow/example_dags/example_sensors.py
[2023-12-07T16:55:18.674+0000] {logging_mixin.py:154} INFO - [2023-12-07T16:55:18.674+0000] {dag.py:2941} INFO - Sync 1 DAGs
[2023-12-07T16:55:18.687+0000] {logging_mixin.py:154} INFO - [2023-12-07T16:55:18.687+0000] {dag.py:3722} INFO - Setting next_dagrun for example_sensors to None, run_after=None
[2023-12-07T16:55:18.711+0000] {processor.py:179} INFO - Processing /home/ubuntu/ec2_customer_chum_venv/lib/python3.10/site-packages/airflow/example_dags/example_sensors.py took 0.075 seconds
[2023-12-07T16:56:02.754+0000] {processor.py:157} INFO - Started process (PID=5374) to work on /home/ubuntu/ec2_customer_chum_venv/lib/python3.10/site-packages/airflow/example_dags/example_sensors.py
[2023-12-07T16:56:02.756+0000] {processor.py:829} INFO - Processing file /home/ubuntu/ec2_customer_chum_venv/lib/python3.10/site-packages/airflow/example_dags/example_sensors.py for tasks to queue
[2023-12-07T16:56:02.757+0000] {logging_mixin.py:154} INFO - [2023-12-07T16:56:02.756+0000] {dagbag.py:536} INFO - Filling up the DagBag from /home/ubuntu/ec2_customer_chum_venv/lib/python3.10/site-packages/airflow/example_dags/example_sensors.py
[2023-12-07T16:56:02.767+0000] {processor.py:839} INFO - DAG(s) dict_keys(['example_sensors']) retrieved from /home/ubuntu/ec2_customer_chum_venv/lib/python3.10/site-packages/airflow/example_dags/example_sensors.py
[2023-12-07T16:56:02.790+0000] {logging_mixin.py:154} INFO - [2023-12-07T16:56:02.790+0000] {dag.py:2941} INFO - Sync 1 DAGs
[2023-12-07T16:56:02.802+0000] {logging_mixin.py:154} INFO - [2023-12-07T16:56:02.802+0000] {dag.py:3722} INFO - Setting next_dagrun for example_sensors to None, run_after=None
[2023-12-07T16:56:02.826+0000] {processor.py:179} INFO - Processing /home/ubuntu/ec2_customer_chum_venv/lib/python3.10/site-packages/airflow/example_dags/example_sensors.py took 0.076 seconds
[2023-12-07T16:56:45.049+0000] {processor.py:157} INFO - Started process (PID=5420) to work on /home/ubuntu/ec2_customer_chum_venv/lib/python3.10/site-packages/airflow/example_dags/example_sensors.py
[2023-12-07T16:56:45.050+0000] {processor.py:829} INFO - Processing file /home/ubuntu/ec2_customer_chum_venv/lib/python3.10/site-packages/airflow/example_dags/example_sensors.py for tasks to queue
[2023-12-07T16:56:45.051+0000] {logging_mixin.py:154} INFO - [2023-12-07T16:56:45.051+0000] {dagbag.py:536} INFO - Filling up the DagBag from /home/ubuntu/ec2_customer_chum_venv/lib/python3.10/site-packages/airflow/example_dags/example_sensors.py
[2023-12-07T16:56:45.062+0000] {processor.py:839} INFO - DAG(s) dict_keys(['example_sensors']) retrieved from /home/ubuntu/ec2_customer_chum_venv/lib/python3.10/site-packages/airflow/example_dags/example_sensors.py
[2023-12-07T16:56:45.085+0000] {logging_mixin.py:154} INFO - [2023-12-07T16:56:45.085+0000] {dag.py:2941} INFO - Sync 1 DAGs
[2023-12-07T16:56:45.098+0000] {logging_mixin.py:154} INFO - [2023-12-07T16:56:45.098+0000] {dag.py:3722} INFO - Setting next_dagrun for example_sensors to None, run_after=None
[2023-12-07T16:56:45.124+0000] {processor.py:179} INFO - Processing /home/ubuntu/ec2_customer_chum_venv/lib/python3.10/site-packages/airflow/example_dags/example_sensors.py took 0.079 seconds
[2023-12-07T16:57:28.622+0000] {processor.py:157} INFO - Started process (PID=5463) to work on /home/ubuntu/ec2_customer_chum_venv/lib/python3.10/site-packages/airflow/example_dags/example_sensors.py
[2023-12-07T16:57:28.624+0000] {processor.py:829} INFO - Processing file /home/ubuntu/ec2_customer_chum_venv/lib/python3.10/site-packages/airflow/example_dags/example_sensors.py for tasks to queue
[2023-12-07T16:57:28.624+0000] {logging_mixin.py:154} INFO - [2023-12-07T16:57:28.624+0000] {dagbag.py:536} INFO - Filling up the DagBag from /home/ubuntu/ec2_customer_chum_venv/lib/python3.10/site-packages/airflow/example_dags/example_sensors.py
[2023-12-07T16:57:28.635+0000] {processor.py:839} INFO - DAG(s) dict_keys(['example_sensors']) retrieved from /home/ubuntu/ec2_customer_chum_venv/lib/python3.10/site-packages/airflow/example_dags/example_sensors.py
[2023-12-07T16:57:28.656+0000] {logging_mixin.py:154} INFO - [2023-12-07T16:57:28.656+0000] {dag.py:2941} INFO - Sync 1 DAGs
[2023-12-07T16:57:28.668+0000] {logging_mixin.py:154} INFO - [2023-12-07T16:57:28.668+0000] {dag.py:3722} INFO - Setting next_dagrun for example_sensors to None, run_after=None
[2023-12-07T16:57:28.691+0000] {processor.py:179} INFO - Processing /home/ubuntu/ec2_customer_chum_venv/lib/python3.10/site-packages/airflow/example_dags/example_sensors.py took 0.072 seconds
[2023-12-07T16:58:11.319+0000] {processor.py:157} INFO - Started process (PID=5509) to work on /home/ubuntu/ec2_customer_chum_venv/lib/python3.10/site-packages/airflow/example_dags/example_sensors.py
[2023-12-07T16:58:11.320+0000] {processor.py:829} INFO - Processing file /home/ubuntu/ec2_customer_chum_venv/lib/python3.10/site-packages/airflow/example_dags/example_sensors.py for tasks to queue
[2023-12-07T16:58:11.321+0000] {logging_mixin.py:154} INFO - [2023-12-07T16:58:11.321+0000] {dagbag.py:536} INFO - Filling up the DagBag from /home/ubuntu/ec2_customer_chum_venv/lib/python3.10/site-packages/airflow/example_dags/example_sensors.py
[2023-12-07T16:58:11.332+0000] {processor.py:839} INFO - DAG(s) dict_keys(['example_sensors']) retrieved from /home/ubuntu/ec2_customer_chum_venv/lib/python3.10/site-packages/airflow/example_dags/example_sensors.py
[2023-12-07T16:58:11.354+0000] {logging_mixin.py:154} INFO - [2023-12-07T16:58:11.353+0000] {dag.py:2941} INFO - Sync 1 DAGs
[2023-12-07T16:58:11.366+0000] {logging_mixin.py:154} INFO - [2023-12-07T16:58:11.366+0000] {dag.py:3722} INFO - Setting next_dagrun for example_sensors to None, run_after=None
[2023-12-07T16:58:11.389+0000] {processor.py:179} INFO - Processing /home/ubuntu/ec2_customer_chum_venv/lib/python3.10/site-packages/airflow/example_dags/example_sensors.py took 0.073 seconds
[2023-12-07T16:58:56.053+0000] {processor.py:157} INFO - Started process (PID=5557) to work on /home/ubuntu/ec2_customer_chum_venv/lib/python3.10/site-packages/airflow/example_dags/example_sensors.py
[2023-12-07T16:58:56.054+0000] {processor.py:829} INFO - Processing file /home/ubuntu/ec2_customer_chum_venv/lib/python3.10/site-packages/airflow/example_dags/example_sensors.py for tasks to queue
[2023-12-07T16:58:56.055+0000] {logging_mixin.py:154} INFO - [2023-12-07T16:58:56.055+0000] {dagbag.py:536} INFO - Filling up the DagBag from /home/ubuntu/ec2_customer_chum_venv/lib/python3.10/site-packages/airflow/example_dags/example_sensors.py
[2023-12-07T16:58:56.066+0000] {processor.py:839} INFO - DAG(s) dict_keys(['example_sensors']) retrieved from /home/ubuntu/ec2_customer_chum_venv/lib/python3.10/site-packages/airflow/example_dags/example_sensors.py
[2023-12-07T16:58:56.088+0000] {logging_mixin.py:154} INFO - [2023-12-07T16:58:56.088+0000] {dag.py:2941} INFO - Sync 1 DAGs
[2023-12-07T16:58:56.100+0000] {logging_mixin.py:154} INFO - [2023-12-07T16:58:56.100+0000] {dag.py:3722} INFO - Setting next_dagrun for example_sensors to None, run_after=None
[2023-12-07T16:58:56.123+0000] {processor.py:179} INFO - Processing /home/ubuntu/ec2_customer_chum_venv/lib/python3.10/site-packages/airflow/example_dags/example_sensors.py took 0.073 seconds
[2023-12-07T16:59:37.864+0000] {processor.py:157} INFO - Started process (PID=5600) to work on /home/ubuntu/ec2_customer_chum_venv/lib/python3.10/site-packages/airflow/example_dags/example_sensors.py
[2023-12-07T16:59:37.865+0000] {processor.py:829} INFO - Processing file /home/ubuntu/ec2_customer_chum_venv/lib/python3.10/site-packages/airflow/example_dags/example_sensors.py for tasks to queue
[2023-12-07T16:59:37.866+0000] {logging_mixin.py:154} INFO - [2023-12-07T16:59:37.866+0000] {dagbag.py:536} INFO - Filling up the DagBag from /home/ubuntu/ec2_customer_chum_venv/lib/python3.10/site-packages/airflow/example_dags/example_sensors.py
[2023-12-07T16:59:37.877+0000] {processor.py:839} INFO - DAG(s) dict_keys(['example_sensors']) retrieved from /home/ubuntu/ec2_customer_chum_venv/lib/python3.10/site-packages/airflow/example_dags/example_sensors.py
[2023-12-07T16:59:37.898+0000] {logging_mixin.py:154} INFO - [2023-12-07T16:59:37.898+0000] {dag.py:2941} INFO - Sync 1 DAGs
[2023-12-07T16:59:37.910+0000] {logging_mixin.py:154} INFO - [2023-12-07T16:59:37.910+0000] {dag.py:3722} INFO - Setting next_dagrun for example_sensors to None, run_after=None
[2023-12-07T16:59:37.932+0000] {processor.py:179} INFO - Processing /home/ubuntu/ec2_customer_chum_venv/lib/python3.10/site-packages/airflow/example_dags/example_sensors.py took 0.071 seconds
[2023-12-07T17:00:21.929+0000] {processor.py:157} INFO - Started process (PID=5646) to work on /home/ubuntu/ec2_customer_chum_venv/lib/python3.10/site-packages/airflow/example_dags/example_sensors.py
[2023-12-07T17:00:21.930+0000] {processor.py:829} INFO - Processing file /home/ubuntu/ec2_customer_chum_venv/lib/python3.10/site-packages/airflow/example_dags/example_sensors.py for tasks to queue
[2023-12-07T17:00:21.931+0000] {logging_mixin.py:154} INFO - [2023-12-07T17:00:21.931+0000] {dagbag.py:536} INFO - Filling up the DagBag from /home/ubuntu/ec2_customer_chum_venv/lib/python3.10/site-packages/airflow/example_dags/example_sensors.py
[2023-12-07T17:00:21.942+0000] {processor.py:839} INFO - DAG(s) dict_keys(['example_sensors']) retrieved from /home/ubuntu/ec2_customer_chum_venv/lib/python3.10/site-packages/airflow/example_dags/example_sensors.py
[2023-12-07T17:00:21.964+0000] {logging_mixin.py:154} INFO - [2023-12-07T17:00:21.964+0000] {dag.py:2941} INFO - Sync 1 DAGs
[2023-12-07T17:00:21.976+0000] {logging_mixin.py:154} INFO - [2023-12-07T17:00:21.976+0000] {dag.py:3722} INFO - Setting next_dagrun for example_sensors to None, run_after=None
[2023-12-07T17:00:21.999+0000] {processor.py:179} INFO - Processing /home/ubuntu/ec2_customer_chum_venv/lib/python3.10/site-packages/airflow/example_dags/example_sensors.py took 0.073 seconds
[2023-12-07T17:01:09.359+0000] {processor.py:157} INFO - Started process (PID=5693) to work on /home/ubuntu/ec2_customer_chum_venv/lib/python3.10/site-packages/airflow/example_dags/example_sensors.py
[2023-12-07T17:01:09.360+0000] {processor.py:829} INFO - Processing file /home/ubuntu/ec2_customer_chum_venv/lib/python3.10/site-packages/airflow/example_dags/example_sensors.py for tasks to queue
[2023-12-07T17:01:09.361+0000] {logging_mixin.py:154} INFO - [2023-12-07T17:01:09.361+0000] {dagbag.py:536} INFO - Filling up the DagBag from /home/ubuntu/ec2_customer_chum_venv/lib/python3.10/site-packages/airflow/example_dags/example_sensors.py
[2023-12-07T17:01:09.371+0000] {processor.py:839} INFO - DAG(s) dict_keys(['example_sensors']) retrieved from /home/ubuntu/ec2_customer_chum_venv/lib/python3.10/site-packages/airflow/example_dags/example_sensors.py
[2023-12-07T17:01:09.393+0000] {logging_mixin.py:154} INFO - [2023-12-07T17:01:09.393+0000] {dag.py:2941} INFO - Sync 1 DAGs
[2023-12-07T17:01:09.405+0000] {logging_mixin.py:154} INFO - [2023-12-07T17:01:09.405+0000] {dag.py:3722} INFO - Setting next_dagrun for example_sensors to None, run_after=None
[2023-12-07T17:01:09.428+0000] {processor.py:179} INFO - Processing /home/ubuntu/ec2_customer_chum_venv/lib/python3.10/site-packages/airflow/example_dags/example_sensors.py took 0.072 seconds
[2023-12-07T17:01:53.439+0000] {processor.py:157} INFO - Started process (PID=5739) to work on /home/ubuntu/ec2_customer_chum_venv/lib/python3.10/site-packages/airflow/example_dags/example_sensors.py
[2023-12-07T17:01:53.441+0000] {processor.py:829} INFO - Processing file /home/ubuntu/ec2_customer_chum_venv/lib/python3.10/site-packages/airflow/example_dags/example_sensors.py for tasks to queue
[2023-12-07T17:01:53.442+0000] {logging_mixin.py:154} INFO - [2023-12-07T17:01:53.441+0000] {dagbag.py:536} INFO - Filling up the DagBag from /home/ubuntu/ec2_customer_chum_venv/lib/python3.10/site-packages/airflow/example_dags/example_sensors.py
[2023-12-07T17:01:53.452+0000] {processor.py:839} INFO - DAG(s) dict_keys(['example_sensors']) retrieved from /home/ubuntu/ec2_customer_chum_venv/lib/python3.10/site-packages/airflow/example_dags/example_sensors.py
[2023-12-07T17:01:53.474+0000] {logging_mixin.py:154} INFO - [2023-12-07T17:01:53.474+0000] {dag.py:2941} INFO - Sync 1 DAGs
[2023-12-07T17:01:53.486+0000] {logging_mixin.py:154} INFO - [2023-12-07T17:01:53.486+0000] {dag.py:3722} INFO - Setting next_dagrun for example_sensors to None, run_after=None
[2023-12-07T17:01:53.511+0000] {processor.py:179} INFO - Processing /home/ubuntu/ec2_customer_chum_venv/lib/python3.10/site-packages/airflow/example_dags/example_sensors.py took 0.076 seconds
[2023-12-07T17:02:40.945+0000] {processor.py:157} INFO - Started process (PID=5787) to work on /home/ubuntu/ec2_customer_chum_venv/lib/python3.10/site-packages/airflow/example_dags/example_sensors.py
[2023-12-07T17:02:40.947+0000] {processor.py:829} INFO - Processing file /home/ubuntu/ec2_customer_chum_venv/lib/python3.10/site-packages/airflow/example_dags/example_sensors.py for tasks to queue
[2023-12-07T17:02:40.947+0000] {logging_mixin.py:154} INFO - [2023-12-07T17:02:40.947+0000] {dagbag.py:536} INFO - Filling up the DagBag from /home/ubuntu/ec2_customer_chum_venv/lib/python3.10/site-packages/airflow/example_dags/example_sensors.py
[2023-12-07T17:02:40.958+0000] {processor.py:839} INFO - DAG(s) dict_keys(['example_sensors']) retrieved from /home/ubuntu/ec2_customer_chum_venv/lib/python3.10/site-packages/airflow/example_dags/example_sensors.py
[2023-12-07T17:02:40.980+0000] {logging_mixin.py:154} INFO - [2023-12-07T17:02:40.980+0000] {dag.py:2941} INFO - Sync 1 DAGs
[2023-12-07T17:02:40.992+0000] {logging_mixin.py:154} INFO - [2023-12-07T17:02:40.992+0000] {dag.py:3722} INFO - Setting next_dagrun for example_sensors to None, run_after=None
[2023-12-07T17:02:41.017+0000] {processor.py:179} INFO - Processing /home/ubuntu/ec2_customer_chum_venv/lib/python3.10/site-packages/airflow/example_dags/example_sensors.py took 0.075 seconds
[2023-12-07T17:03:29.656+0000] {processor.py:157} INFO - Started process (PID=5835) to work on /home/ubuntu/ec2_customer_chum_venv/lib/python3.10/site-packages/airflow/example_dags/example_sensors.py
[2023-12-07T17:03:29.658+0000] {processor.py:829} INFO - Processing file /home/ubuntu/ec2_customer_chum_venv/lib/python3.10/site-packages/airflow/example_dags/example_sensors.py for tasks to queue
[2023-12-07T17:03:29.659+0000] {logging_mixin.py:154} INFO - [2023-12-07T17:03:29.658+0000] {dagbag.py:536} INFO - Filling up the DagBag from /home/ubuntu/ec2_customer_chum_venv/lib/python3.10/site-packages/airflow/example_dags/example_sensors.py
[2023-12-07T17:03:29.669+0000] {processor.py:839} INFO - DAG(s) dict_keys(['example_sensors']) retrieved from /home/ubuntu/ec2_customer_chum_venv/lib/python3.10/site-packages/airflow/example_dags/example_sensors.py
[2023-12-07T17:03:29.690+0000] {logging_mixin.py:154} INFO - [2023-12-07T17:03:29.690+0000] {dag.py:2941} INFO - Sync 1 DAGs
[2023-12-07T17:03:29.702+0000] {logging_mixin.py:154} INFO - [2023-12-07T17:03:29.702+0000] {dag.py:3722} INFO - Setting next_dagrun for example_sensors to None, run_after=None
[2023-12-07T17:03:29.725+0000] {processor.py:179} INFO - Processing /home/ubuntu/ec2_customer_chum_venv/lib/python3.10/site-packages/airflow/example_dags/example_sensors.py took 0.072 seconds
[2023-12-07T17:04:12.532+0000] {processor.py:157} INFO - Started process (PID=5880) to work on /home/ubuntu/ec2_customer_chum_venv/lib/python3.10/site-packages/airflow/example_dags/example_sensors.py
[2023-12-07T17:04:12.533+0000] {processor.py:829} INFO - Processing file /home/ubuntu/ec2_customer_chum_venv/lib/python3.10/site-packages/airflow/example_dags/example_sensors.py for tasks to queue
[2023-12-07T17:04:12.534+0000] {logging_mixin.py:154} INFO - [2023-12-07T17:04:12.534+0000] {dagbag.py:536} INFO - Filling up the DagBag from /home/ubuntu/ec2_customer_chum_venv/lib/python3.10/site-packages/airflow/example_dags/example_sensors.py
[2023-12-07T17:04:12.545+0000] {processor.py:839} INFO - DAG(s) dict_keys(['example_sensors']) retrieved from /home/ubuntu/ec2_customer_chum_venv/lib/python3.10/site-packages/airflow/example_dags/example_sensors.py
[2023-12-07T17:04:12.567+0000] {logging_mixin.py:154} INFO - [2023-12-07T17:04:12.567+0000] {dag.py:2941} INFO - Sync 1 DAGs
[2023-12-07T17:04:12.579+0000] {logging_mixin.py:154} INFO - [2023-12-07T17:04:12.579+0000] {dag.py:3722} INFO - Setting next_dagrun for example_sensors to None, run_after=None
[2023-12-07T17:04:12.601+0000] {processor.py:179} INFO - Processing /home/ubuntu/ec2_customer_chum_venv/lib/python3.10/site-packages/airflow/example_dags/example_sensors.py took 0.072 seconds
[2023-12-07T17:05:00.514+0000] {processor.py:157} INFO - Started process (PID=5932) to work on /home/ubuntu/ec2_customer_chum_venv/lib/python3.10/site-packages/airflow/example_dags/example_sensors.py
[2023-12-07T17:05:00.516+0000] {processor.py:829} INFO - Processing file /home/ubuntu/ec2_customer_chum_venv/lib/python3.10/site-packages/airflow/example_dags/example_sensors.py for tasks to queue
[2023-12-07T17:05:00.517+0000] {logging_mixin.py:154} INFO - [2023-12-07T17:05:00.517+0000] {dagbag.py:536} INFO - Filling up the DagBag from /home/ubuntu/ec2_customer_chum_venv/lib/python3.10/site-packages/airflow/example_dags/example_sensors.py
[2023-12-07T17:05:00.528+0000] {processor.py:839} INFO - DAG(s) dict_keys(['example_sensors']) retrieved from /home/ubuntu/ec2_customer_chum_venv/lib/python3.10/site-packages/airflow/example_dags/example_sensors.py
[2023-12-07T17:05:00.557+0000] {logging_mixin.py:154} INFO - [2023-12-07T17:05:00.556+0000] {dag.py:2941} INFO - Sync 1 DAGs
[2023-12-07T17:05:00.572+0000] {logging_mixin.py:154} INFO - [2023-12-07T17:05:00.572+0000] {dag.py:3722} INFO - Setting next_dagrun for example_sensors to None, run_after=None
[2023-12-07T17:05:00.601+0000] {processor.py:179} INFO - Processing /home/ubuntu/ec2_customer_chum_venv/lib/python3.10/site-packages/airflow/example_dags/example_sensors.py took 0.091 seconds
[2023-12-07T17:05:41.311+0000] {processor.py:157} INFO - Started process (PID=5976) to work on /home/ubuntu/ec2_customer_chum_venv/lib/python3.10/site-packages/airflow/example_dags/example_sensors.py
[2023-12-07T17:05:41.312+0000] {processor.py:829} INFO - Processing file /home/ubuntu/ec2_customer_chum_venv/lib/python3.10/site-packages/airflow/example_dags/example_sensors.py for tasks to queue
[2023-12-07T17:05:41.313+0000] {logging_mixin.py:154} INFO - [2023-12-07T17:05:41.313+0000] {dagbag.py:536} INFO - Filling up the DagBag from /home/ubuntu/ec2_customer_chum_venv/lib/python3.10/site-packages/airflow/example_dags/example_sensors.py
[2023-12-07T17:05:41.323+0000] {processor.py:839} INFO - DAG(s) dict_keys(['example_sensors']) retrieved from /home/ubuntu/ec2_customer_chum_venv/lib/python3.10/site-packages/airflow/example_dags/example_sensors.py
[2023-12-07T17:05:41.346+0000] {logging_mixin.py:154} INFO - [2023-12-07T17:05:41.346+0000] {dag.py:2941} INFO - Sync 1 DAGs
[2023-12-07T17:05:41.359+0000] {logging_mixin.py:154} INFO - [2023-12-07T17:05:41.359+0000] {dag.py:3722} INFO - Setting next_dagrun for example_sensors to None, run_after=None
[2023-12-07T17:05:41.382+0000] {processor.py:179} INFO - Processing /home/ubuntu/ec2_customer_chum_venv/lib/python3.10/site-packages/airflow/example_dags/example_sensors.py took 0.075 seconds
[2023-12-07T17:06:25.574+0000] {processor.py:157} INFO - Started process (PID=6022) to work on /home/ubuntu/ec2_customer_chum_venv/lib/python3.10/site-packages/airflow/example_dags/example_sensors.py
[2023-12-07T17:06:25.576+0000] {processor.py:829} INFO - Processing file /home/ubuntu/ec2_customer_chum_venv/lib/python3.10/site-packages/airflow/example_dags/example_sensors.py for tasks to queue
[2023-12-07T17:06:25.577+0000] {logging_mixin.py:154} INFO - [2023-12-07T17:06:25.576+0000] {dagbag.py:536} INFO - Filling up the DagBag from /home/ubuntu/ec2_customer_chum_venv/lib/python3.10/site-packages/airflow/example_dags/example_sensors.py
[2023-12-07T17:06:25.587+0000] {processor.py:839} INFO - DAG(s) dict_keys(['example_sensors']) retrieved from /home/ubuntu/ec2_customer_chum_venv/lib/python3.10/site-packages/airflow/example_dags/example_sensors.py
[2023-12-07T17:06:25.609+0000] {logging_mixin.py:154} INFO - [2023-12-07T17:06:25.609+0000] {dag.py:2941} INFO - Sync 1 DAGs
[2023-12-07T17:06:25.622+0000] {logging_mixin.py:154} INFO - [2023-12-07T17:06:25.622+0000] {dag.py:3722} INFO - Setting next_dagrun for example_sensors to None, run_after=None
[2023-12-07T17:06:25.645+0000] {processor.py:179} INFO - Processing /home/ubuntu/ec2_customer_chum_venv/lib/python3.10/site-packages/airflow/example_dags/example_sensors.py took 0.074 seconds
[2023-12-07T17:07:13.014+0000] {processor.py:157} INFO - Started process (PID=6068) to work on /home/ubuntu/ec2_customer_chum_venv/lib/python3.10/site-packages/airflow/example_dags/example_sensors.py
[2023-12-07T17:07:13.015+0000] {processor.py:829} INFO - Processing file /home/ubuntu/ec2_customer_chum_venv/lib/python3.10/site-packages/airflow/example_dags/example_sensors.py for tasks to queue
[2023-12-07T17:07:13.016+0000] {logging_mixin.py:154} INFO - [2023-12-07T17:07:13.015+0000] {dagbag.py:536} INFO - Filling up the DagBag from /home/ubuntu/ec2_customer_chum_venv/lib/python3.10/site-packages/airflow/example_dags/example_sensors.py
[2023-12-07T17:07:13.026+0000] {processor.py:839} INFO - DAG(s) dict_keys(['example_sensors']) retrieved from /home/ubuntu/ec2_customer_chum_venv/lib/python3.10/site-packages/airflow/example_dags/example_sensors.py
[2023-12-07T17:07:13.049+0000] {logging_mixin.py:154} INFO - [2023-12-07T17:07:13.048+0000] {dag.py:2941} INFO - Sync 1 DAGs
[2023-12-07T17:07:13.061+0000] {logging_mixin.py:154} INFO - [2023-12-07T17:07:13.060+0000] {dag.py:3722} INFO - Setting next_dagrun for example_sensors to None, run_after=None
[2023-12-07T17:07:13.082+0000] {processor.py:179} INFO - Processing /home/ubuntu/ec2_customer_chum_venv/lib/python3.10/site-packages/airflow/example_dags/example_sensors.py took 0.072 seconds
[2023-12-07T17:07:57.566+0000] {processor.py:157} INFO - Started process (PID=6114) to work on /home/ubuntu/ec2_customer_chum_venv/lib/python3.10/site-packages/airflow/example_dags/example_sensors.py
[2023-12-07T17:07:57.568+0000] {processor.py:829} INFO - Processing file /home/ubuntu/ec2_customer_chum_venv/lib/python3.10/site-packages/airflow/example_dags/example_sensors.py for tasks to queue
[2023-12-07T17:07:57.569+0000] {logging_mixin.py:154} INFO - [2023-12-07T17:07:57.568+0000] {dagbag.py:536} INFO - Filling up the DagBag from /home/ubuntu/ec2_customer_chum_venv/lib/python3.10/site-packages/airflow/example_dags/example_sensors.py
[2023-12-07T17:07:57.579+0000] {processor.py:839} INFO - DAG(s) dict_keys(['example_sensors']) retrieved from /home/ubuntu/ec2_customer_chum_venv/lib/python3.10/site-packages/airflow/example_dags/example_sensors.py
[2023-12-07T17:07:57.601+0000] {logging_mixin.py:154} INFO - [2023-12-07T17:07:57.601+0000] {dag.py:2941} INFO - Sync 1 DAGs
[2023-12-07T17:07:57.613+0000] {logging_mixin.py:154} INFO - [2023-12-07T17:07:57.613+0000] {dag.py:3722} INFO - Setting next_dagrun for example_sensors to None, run_after=None
[2023-12-07T17:07:57.635+0000] {processor.py:179} INFO - Processing /home/ubuntu/ec2_customer_chum_venv/lib/python3.10/site-packages/airflow/example_dags/example_sensors.py took 0.072 seconds
[2023-12-07T17:08:43.244+0000] {processor.py:157} INFO - Started process (PID=6161) to work on /home/ubuntu/ec2_customer_chum_venv/lib/python3.10/site-packages/airflow/example_dags/example_sensors.py
[2023-12-07T17:08:43.245+0000] {processor.py:829} INFO - Processing file /home/ubuntu/ec2_customer_chum_venv/lib/python3.10/site-packages/airflow/example_dags/example_sensors.py for tasks to queue
[2023-12-07T17:08:43.246+0000] {logging_mixin.py:154} INFO - [2023-12-07T17:08:43.246+0000] {dagbag.py:536} INFO - Filling up the DagBag from /home/ubuntu/ec2_customer_chum_venv/lib/python3.10/site-packages/airflow/example_dags/example_sensors.py
[2023-12-07T17:08:43.256+0000] {processor.py:839} INFO - DAG(s) dict_keys(['example_sensors']) retrieved from /home/ubuntu/ec2_customer_chum_venv/lib/python3.10/site-packages/airflow/example_dags/example_sensors.py
[2023-12-07T17:08:43.279+0000] {logging_mixin.py:154} INFO - [2023-12-07T17:08:43.279+0000] {dag.py:2941} INFO - Sync 1 DAGs
[2023-12-07T17:08:43.291+0000] {logging_mixin.py:154} INFO - [2023-12-07T17:08:43.291+0000] {dag.py:3722} INFO - Setting next_dagrun for example_sensors to None, run_after=None
[2023-12-07T17:08:43.314+0000] {processor.py:179} INFO - Processing /home/ubuntu/ec2_customer_chum_venv/lib/python3.10/site-packages/airflow/example_dags/example_sensors.py took 0.074 seconds
[2023-12-07T17:09:29.025+0000] {processor.py:157} INFO - Started process (PID=6208) to work on /home/ubuntu/ec2_customer_chum_venv/lib/python3.10/site-packages/airflow/example_dags/example_sensors.py
[2023-12-07T17:09:29.026+0000] {processor.py:829} INFO - Processing file /home/ubuntu/ec2_customer_chum_venv/lib/python3.10/site-packages/airflow/example_dags/example_sensors.py for tasks to queue
[2023-12-07T17:09:29.027+0000] {logging_mixin.py:154} INFO - [2023-12-07T17:09:29.027+0000] {dagbag.py:536} INFO - Filling up the DagBag from /home/ubuntu/ec2_customer_chum_venv/lib/python3.10/site-packages/airflow/example_dags/example_sensors.py
[2023-12-07T17:09:29.037+0000] {processor.py:839} INFO - DAG(s) dict_keys(['example_sensors']) retrieved from /home/ubuntu/ec2_customer_chum_venv/lib/python3.10/site-packages/airflow/example_dags/example_sensors.py
[2023-12-07T17:09:29.059+0000] {logging_mixin.py:154} INFO - [2023-12-07T17:09:29.059+0000] {dag.py:2941} INFO - Sync 1 DAGs
[2023-12-07T17:09:29.071+0000] {logging_mixin.py:154} INFO - [2023-12-07T17:09:29.071+0000] {dag.py:3722} INFO - Setting next_dagrun for example_sensors to None, run_after=None
[2023-12-07T17:09:29.093+0000] {processor.py:179} INFO - Processing /home/ubuntu/ec2_customer_chum_venv/lib/python3.10/site-packages/airflow/example_dags/example_sensors.py took 0.072 seconds
[2023-12-07T17:10:09.100+0000] {processor.py:157} INFO - Started process (PID=6250) to work on /home/ubuntu/ec2_customer_chum_venv/lib/python3.10/site-packages/airflow/example_dags/example_sensors.py
[2023-12-07T17:10:09.101+0000] {processor.py:829} INFO - Processing file /home/ubuntu/ec2_customer_chum_venv/lib/python3.10/site-packages/airflow/example_dags/example_sensors.py for tasks to queue
[2023-12-07T17:10:09.102+0000] {logging_mixin.py:154} INFO - [2023-12-07T17:10:09.102+0000] {dagbag.py:536} INFO - Filling up the DagBag from /home/ubuntu/ec2_customer_chum_venv/lib/python3.10/site-packages/airflow/example_dags/example_sensors.py
[2023-12-07T17:10:09.112+0000] {processor.py:839} INFO - DAG(s) dict_keys(['example_sensors']) retrieved from /home/ubuntu/ec2_customer_chum_venv/lib/python3.10/site-packages/airflow/example_dags/example_sensors.py
[2023-12-07T17:10:09.133+0000] {logging_mixin.py:154} INFO - [2023-12-07T17:10:09.133+0000] {dag.py:2941} INFO - Sync 1 DAGs
[2023-12-07T17:10:09.145+0000] {logging_mixin.py:154} INFO - [2023-12-07T17:10:09.145+0000] {dag.py:3722} INFO - Setting next_dagrun for example_sensors to None, run_after=None
[2023-12-07T17:10:09.167+0000] {processor.py:179} INFO - Processing /home/ubuntu/ec2_customer_chum_venv/lib/python3.10/site-packages/airflow/example_dags/example_sensors.py took 0.071 seconds
[2023-12-07T17:10:46.195+0000] {processor.py:157} INFO - Started process (PID=6287) to work on /home/ubuntu/ec2_customer_chum_venv/lib/python3.10/site-packages/airflow/example_dags/example_sensors.py
[2023-12-07T17:10:46.196+0000] {processor.py:829} INFO - Processing file /home/ubuntu/ec2_customer_chum_venv/lib/python3.10/site-packages/airflow/example_dags/example_sensors.py for tasks to queue
[2023-12-07T17:10:46.197+0000] {logging_mixin.py:154} INFO - [2023-12-07T17:10:46.197+0000] {dagbag.py:536} INFO - Filling up the DagBag from /home/ubuntu/ec2_customer_chum_venv/lib/python3.10/site-packages/airflow/example_dags/example_sensors.py
[2023-12-07T17:10:46.207+0000] {processor.py:839} INFO - DAG(s) dict_keys(['example_sensors']) retrieved from /home/ubuntu/ec2_customer_chum_venv/lib/python3.10/site-packages/airflow/example_dags/example_sensors.py
[2023-12-07T17:10:46.230+0000] {logging_mixin.py:154} INFO - [2023-12-07T17:10:46.229+0000] {dag.py:2941} INFO - Sync 1 DAGs
[2023-12-07T17:10:46.242+0000] {logging_mixin.py:154} INFO - [2023-12-07T17:10:46.241+0000] {dag.py:3722} INFO - Setting next_dagrun for example_sensors to None, run_after=None
[2023-12-07T17:10:46.265+0000] {processor.py:179} INFO - Processing /home/ubuntu/ec2_customer_chum_venv/lib/python3.10/site-packages/airflow/example_dags/example_sensors.py took 0.074 seconds
[2023-12-07T17:11:30.463+0000] {processor.py:157} INFO - Started process (PID=6334) to work on /home/ubuntu/ec2_customer_chum_venv/lib/python3.10/site-packages/airflow/example_dags/example_sensors.py
[2023-12-07T17:11:30.464+0000] {processor.py:829} INFO - Processing file /home/ubuntu/ec2_customer_chum_venv/lib/python3.10/site-packages/airflow/example_dags/example_sensors.py for tasks to queue
[2023-12-07T17:11:30.465+0000] {logging_mixin.py:154} INFO - [2023-12-07T17:11:30.465+0000] {dagbag.py:536} INFO - Filling up the DagBag from /home/ubuntu/ec2_customer_chum_venv/lib/python3.10/site-packages/airflow/example_dags/example_sensors.py
[2023-12-07T17:11:30.475+0000] {processor.py:839} INFO - DAG(s) dict_keys(['example_sensors']) retrieved from /home/ubuntu/ec2_customer_chum_venv/lib/python3.10/site-packages/airflow/example_dags/example_sensors.py
[2023-12-07T17:11:30.497+0000] {logging_mixin.py:154} INFO - [2023-12-07T17:11:30.497+0000] {dag.py:2941} INFO - Sync 1 DAGs
[2023-12-07T17:11:30.509+0000] {logging_mixin.py:154} INFO - [2023-12-07T17:11:30.509+0000] {dag.py:3722} INFO - Setting next_dagrun for example_sensors to None, run_after=None
[2023-12-07T17:11:30.532+0000] {processor.py:179} INFO - Processing /home/ubuntu/ec2_customer_chum_venv/lib/python3.10/site-packages/airflow/example_dags/example_sensors.py took 0.073 seconds
[2023-12-07T17:12:13.947+0000] {processor.py:157} INFO - Started process (PID=6383) to work on /home/ubuntu/ec2_customer_chum_venv/lib/python3.10/site-packages/airflow/example_dags/example_sensors.py
[2023-12-07T17:12:13.948+0000] {processor.py:829} INFO - Processing file /home/ubuntu/ec2_customer_chum_venv/lib/python3.10/site-packages/airflow/example_dags/example_sensors.py for tasks to queue
[2023-12-07T17:12:13.949+0000] {logging_mixin.py:154} INFO - [2023-12-07T17:12:13.949+0000] {dagbag.py:536} INFO - Filling up the DagBag from /home/ubuntu/ec2_customer_chum_venv/lib/python3.10/site-packages/airflow/example_dags/example_sensors.py
[2023-12-07T17:12:13.960+0000] {processor.py:839} INFO - DAG(s) dict_keys(['example_sensors']) retrieved from /home/ubuntu/ec2_customer_chum_venv/lib/python3.10/site-packages/airflow/example_dags/example_sensors.py
[2023-12-07T17:12:13.982+0000] {logging_mixin.py:154} INFO - [2023-12-07T17:12:13.982+0000] {dag.py:2941} INFO - Sync 1 DAGs
[2023-12-07T17:12:13.995+0000] {logging_mixin.py:154} INFO - [2023-12-07T17:12:13.995+0000] {dag.py:3722} INFO - Setting next_dagrun for example_sensors to None, run_after=None
[2023-12-07T17:12:14.019+0000] {processor.py:179} INFO - Processing /home/ubuntu/ec2_customer_chum_venv/lib/python3.10/site-packages/airflow/example_dags/example_sensors.py took 0.076 seconds
[2023-12-07T17:13:02.150+0000] {processor.py:157} INFO - Started process (PID=6433) to work on /home/ubuntu/ec2_customer_chum_venv/lib/python3.10/site-packages/airflow/example_dags/example_sensors.py
[2023-12-07T17:13:02.152+0000] {processor.py:829} INFO - Processing file /home/ubuntu/ec2_customer_chum_venv/lib/python3.10/site-packages/airflow/example_dags/example_sensors.py for tasks to queue
[2023-12-07T17:13:02.153+0000] {logging_mixin.py:154} INFO - [2023-12-07T17:13:02.152+0000] {dagbag.py:536} INFO - Filling up the DagBag from /home/ubuntu/ec2_customer_chum_venv/lib/python3.10/site-packages/airflow/example_dags/example_sensors.py
[2023-12-07T17:13:02.164+0000] {processor.py:839} INFO - DAG(s) dict_keys(['example_sensors']) retrieved from /home/ubuntu/ec2_customer_chum_venv/lib/python3.10/site-packages/airflow/example_dags/example_sensors.py
[2023-12-07T17:13:02.187+0000] {logging_mixin.py:154} INFO - [2023-12-07T17:13:02.187+0000] {dag.py:2941} INFO - Sync 1 DAGs
[2023-12-07T17:13:02.200+0000] {logging_mixin.py:154} INFO - [2023-12-07T17:13:02.200+0000] {dag.py:3722} INFO - Setting next_dagrun for example_sensors to None, run_after=None
[2023-12-07T17:13:02.226+0000] {processor.py:179} INFO - Processing /home/ubuntu/ec2_customer_chum_venv/lib/python3.10/site-packages/airflow/example_dags/example_sensors.py took 0.080 seconds
[2023-12-07T17:13:45.436+0000] {processor.py:157} INFO - Started process (PID=6565) to work on /home/ubuntu/ec2_customer_chum_venv/lib/python3.10/site-packages/airflow/example_dags/example_sensors.py
[2023-12-07T17:13:45.437+0000] {processor.py:829} INFO - Processing file /home/ubuntu/ec2_customer_chum_venv/lib/python3.10/site-packages/airflow/example_dags/example_sensors.py for tasks to queue
[2023-12-07T17:13:45.438+0000] {logging_mixin.py:154} INFO - [2023-12-07T17:13:45.438+0000] {dagbag.py:536} INFO - Filling up the DagBag from /home/ubuntu/ec2_customer_chum_venv/lib/python3.10/site-packages/airflow/example_dags/example_sensors.py
[2023-12-07T17:13:45.449+0000] {processor.py:839} INFO - DAG(s) dict_keys(['example_sensors']) retrieved from /home/ubuntu/ec2_customer_chum_venv/lib/python3.10/site-packages/airflow/example_dags/example_sensors.py
[2023-12-07T17:13:45.471+0000] {logging_mixin.py:154} INFO - [2023-12-07T17:13:45.471+0000] {dag.py:2941} INFO - Sync 1 DAGs
[2023-12-07T17:13:45.483+0000] {logging_mixin.py:154} INFO - [2023-12-07T17:13:45.483+0000] {dag.py:3722} INFO - Setting next_dagrun for example_sensors to None, run_after=None
[2023-12-07T17:13:45.506+0000] {processor.py:179} INFO - Processing /home/ubuntu/ec2_customer_chum_venv/lib/python3.10/site-packages/airflow/example_dags/example_sensors.py took 0.073 seconds
[2023-12-07T17:14:28.286+0000] {processor.py:157} INFO - Started process (PID=6609) to work on /home/ubuntu/ec2_customer_chum_venv/lib/python3.10/site-packages/airflow/example_dags/example_sensors.py
[2023-12-07T17:14:28.288+0000] {processor.py:829} INFO - Processing file /home/ubuntu/ec2_customer_chum_venv/lib/python3.10/site-packages/airflow/example_dags/example_sensors.py for tasks to queue
[2023-12-07T17:14:28.289+0000] {logging_mixin.py:154} INFO - [2023-12-07T17:14:28.288+0000] {dagbag.py:536} INFO - Filling up the DagBag from /home/ubuntu/ec2_customer_chum_venv/lib/python3.10/site-packages/airflow/example_dags/example_sensors.py
[2023-12-07T17:14:28.300+0000] {processor.py:839} INFO - DAG(s) dict_keys(['example_sensors']) retrieved from /home/ubuntu/ec2_customer_chum_venv/lib/python3.10/site-packages/airflow/example_dags/example_sensors.py
[2023-12-07T17:14:28.322+0000] {logging_mixin.py:154} INFO - [2023-12-07T17:14:28.322+0000] {dag.py:2941} INFO - Sync 1 DAGs
[2023-12-07T17:14:28.335+0000] {logging_mixin.py:154} INFO - [2023-12-07T17:14:28.334+0000] {dag.py:3722} INFO - Setting next_dagrun for example_sensors to None, run_after=None
[2023-12-07T17:14:28.357+0000] {processor.py:179} INFO - Processing /home/ubuntu/ec2_customer_chum_venv/lib/python3.10/site-packages/airflow/example_dags/example_sensors.py took 0.074 seconds
[2023-12-07T17:15:11.975+0000] {processor.py:157} INFO - Started process (PID=6721) to work on /home/ubuntu/ec2_customer_chum_venv/lib/python3.10/site-packages/airflow/example_dags/example_sensors.py
[2023-12-07T17:15:11.976+0000] {processor.py:829} INFO - Processing file /home/ubuntu/ec2_customer_chum_venv/lib/python3.10/site-packages/airflow/example_dags/example_sensors.py for tasks to queue
[2023-12-07T17:15:11.977+0000] {logging_mixin.py:154} INFO - [2023-12-07T17:15:11.977+0000] {dagbag.py:536} INFO - Filling up the DagBag from /home/ubuntu/ec2_customer_chum_venv/lib/python3.10/site-packages/airflow/example_dags/example_sensors.py
[2023-12-07T17:15:11.988+0000] {processor.py:839} INFO - DAG(s) dict_keys(['example_sensors']) retrieved from /home/ubuntu/ec2_customer_chum_venv/lib/python3.10/site-packages/airflow/example_dags/example_sensors.py
[2023-12-07T17:15:12.011+0000] {logging_mixin.py:154} INFO - [2023-12-07T17:15:12.011+0000] {dag.py:2941} INFO - Sync 1 DAGs
[2023-12-07T17:15:12.024+0000] {logging_mixin.py:154} INFO - [2023-12-07T17:15:12.024+0000] {dag.py:3722} INFO - Setting next_dagrun for example_sensors to None, run_after=None
[2023-12-07T17:15:12.050+0000] {processor.py:179} INFO - Processing /home/ubuntu/ec2_customer_chum_venv/lib/python3.10/site-packages/airflow/example_dags/example_sensors.py took 0.078 seconds
