[2023-12-07T16:49:47.525+0000] {processor.py:157} INFO - Started process (PID=4999) to work on /home/ubuntu/ec2_customer_chum_venv/lib/python3.10/site-packages/airflow/example_dags/example_complex.py
[2023-12-07T16:49:47.526+0000] {processor.py:829} INFO - Processing file /home/ubuntu/ec2_customer_chum_venv/lib/python3.10/site-packages/airflow/example_dags/example_complex.py for tasks to queue
[2023-12-07T16:49:47.527+0000] {logging_mixin.py:154} INFO - [2023-12-07T16:49:47.526+0000] {dagbag.py:536} INFO - Filling up the DagBag from /home/ubuntu/ec2_customer_chum_venv/lib/python3.10/site-packages/airflow/example_dags/example_complex.py
[2023-12-07T16:49:47.538+0000] {processor.py:839} INFO - DAG(s) dict_keys(['example_complex']) retrieved from /home/ubuntu/ec2_customer_chum_venv/lib/python3.10/site-packages/airflow/example_dags/example_complex.py
[2023-12-07T16:49:47.661+0000] {logging_mixin.py:154} INFO - [2023-12-07T16:49:47.661+0000] {manager.py:499} INFO - Created Permission View: %s
[2023-12-07T16:49:47.676+0000] {logging_mixin.py:154} INFO - [2023-12-07T16:49:47.675+0000] {manager.py:499} INFO - Created Permission View: %s
[2023-12-07T16:49:47.687+0000] {logging_mixin.py:154} INFO - [2023-12-07T16:49:47.686+0000] {manager.py:499} INFO - Created Permission View: %s
[2023-12-07T16:49:47.687+0000] {logging_mixin.py:154} INFO - [2023-12-07T16:49:47.687+0000] {dag.py:2941} INFO - Sync 1 DAGs
[2023-12-07T16:49:47.698+0000] {logging_mixin.py:154} INFO - [2023-12-07T16:49:47.698+0000] {dag.py:2963} INFO - Creating ORM DAG for example_complex
[2023-12-07T16:49:47.699+0000] {logging_mixin.py:154} INFO - [2023-12-07T16:49:47.699+0000] {dag.py:3722} INFO - Setting next_dagrun for example_complex to None, run_after=None
[2023-12-07T16:49:47.758+0000] {processor.py:179} INFO - Processing /home/ubuntu/ec2_customer_chum_venv/lib/python3.10/site-packages/airflow/example_dags/example_complex.py took 0.236 seconds
[2023-12-07T16:50:41.802+0000] {processor.py:157} INFO - Started process (PID=5052) to work on /home/ubuntu/ec2_customer_chum_venv/lib/python3.10/site-packages/airflow/example_dags/example_complex.py
[2023-12-07T16:50:41.804+0000] {processor.py:829} INFO - Processing file /home/ubuntu/ec2_customer_chum_venv/lib/python3.10/site-packages/airflow/example_dags/example_complex.py for tasks to queue
[2023-12-07T16:50:41.805+0000] {logging_mixin.py:154} INFO - [2023-12-07T16:50:41.804+0000] {dagbag.py:536} INFO - Filling up the DagBag from /home/ubuntu/ec2_customer_chum_venv/lib/python3.10/site-packages/airflow/example_dags/example_complex.py
[2023-12-07T16:50:41.817+0000] {processor.py:839} INFO - DAG(s) dict_keys(['example_complex']) retrieved from /home/ubuntu/ec2_customer_chum_venv/lib/python3.10/site-packages/airflow/example_dags/example_complex.py
[2023-12-07T16:50:41.845+0000] {logging_mixin.py:154} INFO - [2023-12-07T16:50:41.844+0000] {dag.py:2941} INFO - Sync 1 DAGs
[2023-12-07T16:50:41.857+0000] {logging_mixin.py:154} INFO - [2023-12-07T16:50:41.857+0000] {dag.py:3722} INFO - Setting next_dagrun for example_complex to None, run_after=None
[2023-12-07T16:50:41.881+0000] {processor.py:179} INFO - Processing /home/ubuntu/ec2_customer_chum_venv/lib/python3.10/site-packages/airflow/example_dags/example_complex.py took 0.082 seconds
[2023-12-07T16:51:30.638+0000] {processor.py:157} INFO - Started process (PID=5102) to work on /home/ubuntu/ec2_customer_chum_venv/lib/python3.10/site-packages/airflow/example_dags/example_complex.py
[2023-12-07T16:51:30.639+0000] {processor.py:829} INFO - Processing file /home/ubuntu/ec2_customer_chum_venv/lib/python3.10/site-packages/airflow/example_dags/example_complex.py for tasks to queue
[2023-12-07T16:51:30.640+0000] {logging_mixin.py:154} INFO - [2023-12-07T16:51:30.640+0000] {dagbag.py:536} INFO - Filling up the DagBag from /home/ubuntu/ec2_customer_chum_venv/lib/python3.10/site-packages/airflow/example_dags/example_complex.py
[2023-12-07T16:51:30.652+0000] {processor.py:839} INFO - DAG(s) dict_keys(['example_complex']) retrieved from /home/ubuntu/ec2_customer_chum_venv/lib/python3.10/site-packages/airflow/example_dags/example_complex.py
[2023-12-07T16:51:30.680+0000] {logging_mixin.py:154} INFO - [2023-12-07T16:51:30.680+0000] {dag.py:2941} INFO - Sync 1 DAGs
[2023-12-07T16:51:30.693+0000] {logging_mixin.py:154} INFO - [2023-12-07T16:51:30.693+0000] {dag.py:3722} INFO - Setting next_dagrun for example_complex to None, run_after=None
[2023-12-07T16:51:30.718+0000] {processor.py:179} INFO - Processing /home/ubuntu/ec2_customer_chum_venv/lib/python3.10/site-packages/airflow/example_dags/example_complex.py took 0.083 seconds
[2023-12-07T16:52:19.646+0000] {processor.py:157} INFO - Started process (PID=5155) to work on /home/ubuntu/ec2_customer_chum_venv/lib/python3.10/site-packages/airflow/example_dags/example_complex.py
[2023-12-07T16:52:19.648+0000] {processor.py:829} INFO - Processing file /home/ubuntu/ec2_customer_chum_venv/lib/python3.10/site-packages/airflow/example_dags/example_complex.py for tasks to queue
[2023-12-07T16:52:19.649+0000] {logging_mixin.py:154} INFO - [2023-12-07T16:52:19.649+0000] {dagbag.py:536} INFO - Filling up the DagBag from /home/ubuntu/ec2_customer_chum_venv/lib/python3.10/site-packages/airflow/example_dags/example_complex.py
[2023-12-07T16:52:19.661+0000] {processor.py:839} INFO - DAG(s) dict_keys(['example_complex']) retrieved from /home/ubuntu/ec2_customer_chum_venv/lib/python3.10/site-packages/airflow/example_dags/example_complex.py
[2023-12-07T16:52:19.689+0000] {logging_mixin.py:154} INFO - [2023-12-07T16:52:19.689+0000] {dag.py:2941} INFO - Sync 1 DAGs
[2023-12-07T16:52:19.702+0000] {logging_mixin.py:154} INFO - [2023-12-07T16:52:19.702+0000] {dag.py:3722} INFO - Setting next_dagrun for example_complex to None, run_after=None
[2023-12-07T16:52:19.729+0000] {processor.py:179} INFO - Processing /home/ubuntu/ec2_customer_chum_venv/lib/python3.10/site-packages/airflow/example_dags/example_complex.py took 0.086 seconds
[2023-12-07T16:54:15.584+0000] {processor.py:157} INFO - Started process (PID=5262) to work on /home/ubuntu/ec2_customer_chum_venv/lib/python3.10/site-packages/airflow/example_dags/example_complex.py
[2023-12-07T16:54:15.586+0000] {processor.py:829} INFO - Processing file /home/ubuntu/ec2_customer_chum_venv/lib/python3.10/site-packages/airflow/example_dags/example_complex.py for tasks to queue
[2023-12-07T16:54:15.587+0000] {logging_mixin.py:154} INFO - [2023-12-07T16:54:15.586+0000] {dagbag.py:536} INFO - Filling up the DagBag from /home/ubuntu/ec2_customer_chum_venv/lib/python3.10/site-packages/airflow/example_dags/example_complex.py
[2023-12-07T16:54:15.598+0000] {processor.py:839} INFO - DAG(s) dict_keys(['example_complex']) retrieved from /home/ubuntu/ec2_customer_chum_venv/lib/python3.10/site-packages/airflow/example_dags/example_complex.py
[2023-12-07T16:54:15.626+0000] {logging_mixin.py:154} INFO - [2023-12-07T16:54:15.626+0000] {dag.py:2941} INFO - Sync 1 DAGs
[2023-12-07T16:54:15.639+0000] {logging_mixin.py:154} INFO - [2023-12-07T16:54:15.638+0000] {dag.py:3722} INFO - Setting next_dagrun for example_complex to None, run_after=None
[2023-12-07T16:54:15.673+0000] {processor.py:179} INFO - Processing /home/ubuntu/ec2_customer_chum_venv/lib/python3.10/site-packages/airflow/example_dags/example_complex.py took 0.092 seconds
[2023-12-07T16:55:01.943+0000] {processor.py:157} INFO - Started process (PID=5310) to work on /home/ubuntu/ec2_customer_chum_venv/lib/python3.10/site-packages/airflow/example_dags/example_complex.py
[2023-12-07T16:55:01.945+0000] {processor.py:829} INFO - Processing file /home/ubuntu/ec2_customer_chum_venv/lib/python3.10/site-packages/airflow/example_dags/example_complex.py for tasks to queue
[2023-12-07T16:55:01.946+0000] {logging_mixin.py:154} INFO - [2023-12-07T16:55:01.946+0000] {dagbag.py:536} INFO - Filling up the DagBag from /home/ubuntu/ec2_customer_chum_venv/lib/python3.10/site-packages/airflow/example_dags/example_complex.py
[2023-12-07T16:55:01.958+0000] {processor.py:839} INFO - DAG(s) dict_keys(['example_complex']) retrieved from /home/ubuntu/ec2_customer_chum_venv/lib/python3.10/site-packages/airflow/example_dags/example_complex.py
[2023-12-07T16:55:01.989+0000] {logging_mixin.py:154} INFO - [2023-12-07T16:55:01.988+0000] {dag.py:2941} INFO - Sync 1 DAGs
[2023-12-07T16:55:02.002+0000] {logging_mixin.py:154} INFO - [2023-12-07T16:55:02.002+0000] {dag.py:3722} INFO - Setting next_dagrun for example_complex to None, run_after=None
[2023-12-07T16:55:02.039+0000] {processor.py:179} INFO - Processing /home/ubuntu/ec2_customer_chum_venv/lib/python3.10/site-packages/airflow/example_dags/example_complex.py took 0.100 seconds
[2023-12-07T16:55:46.114+0000] {processor.py:157} INFO - Started process (PID=5358) to work on /home/ubuntu/ec2_customer_chum_venv/lib/python3.10/site-packages/airflow/example_dags/example_complex.py
[2023-12-07T16:55:46.115+0000] {processor.py:829} INFO - Processing file /home/ubuntu/ec2_customer_chum_venv/lib/python3.10/site-packages/airflow/example_dags/example_complex.py for tasks to queue
[2023-12-07T16:55:46.116+0000] {logging_mixin.py:154} INFO - [2023-12-07T16:55:46.116+0000] {dagbag.py:536} INFO - Filling up the DagBag from /home/ubuntu/ec2_customer_chum_venv/lib/python3.10/site-packages/airflow/example_dags/example_complex.py
[2023-12-07T16:55:46.128+0000] {processor.py:839} INFO - DAG(s) dict_keys(['example_complex']) retrieved from /home/ubuntu/ec2_customer_chum_venv/lib/python3.10/site-packages/airflow/example_dags/example_complex.py
[2023-12-07T16:55:46.156+0000] {logging_mixin.py:154} INFO - [2023-12-07T16:55:46.156+0000] {dag.py:2941} INFO - Sync 1 DAGs
[2023-12-07T16:55:46.168+0000] {logging_mixin.py:154} INFO - [2023-12-07T16:55:46.168+0000] {dag.py:3722} INFO - Setting next_dagrun for example_complex to None, run_after=None
[2023-12-07T16:55:46.190+0000] {processor.py:179} INFO - Processing /home/ubuntu/ec2_customer_chum_venv/lib/python3.10/site-packages/airflow/example_dags/example_complex.py took 0.080 seconds
[2023-12-07T16:56:31.094+0000] {processor.py:157} INFO - Started process (PID=5404) to work on /home/ubuntu/ec2_customer_chum_venv/lib/python3.10/site-packages/airflow/example_dags/example_complex.py
[2023-12-07T16:56:31.096+0000] {processor.py:829} INFO - Processing file /home/ubuntu/ec2_customer_chum_venv/lib/python3.10/site-packages/airflow/example_dags/example_complex.py for tasks to queue
[2023-12-07T16:56:31.097+0000] {logging_mixin.py:154} INFO - [2023-12-07T16:56:31.096+0000] {dagbag.py:536} INFO - Filling up the DagBag from /home/ubuntu/ec2_customer_chum_venv/lib/python3.10/site-packages/airflow/example_dags/example_complex.py
[2023-12-07T16:56:31.109+0000] {processor.py:839} INFO - DAG(s) dict_keys(['example_complex']) retrieved from /home/ubuntu/ec2_customer_chum_venv/lib/python3.10/site-packages/airflow/example_dags/example_complex.py
[2023-12-07T16:56:31.137+0000] {logging_mixin.py:154} INFO - [2023-12-07T16:56:31.136+0000] {dag.py:2941} INFO - Sync 1 DAGs
[2023-12-07T16:56:31.149+0000] {logging_mixin.py:154} INFO - [2023-12-07T16:56:31.149+0000] {dag.py:3722} INFO - Setting next_dagrun for example_complex to None, run_after=None
[2023-12-07T16:56:31.172+0000] {processor.py:179} INFO - Processing /home/ubuntu/ec2_customer_chum_venv/lib/python3.10/site-packages/airflow/example_dags/example_complex.py took 0.081 seconds
[2023-12-07T16:57:14.935+0000] {processor.py:157} INFO - Started process (PID=5450) to work on /home/ubuntu/ec2_customer_chum_venv/lib/python3.10/site-packages/airflow/example_dags/example_complex.py
[2023-12-07T16:57:14.936+0000] {processor.py:829} INFO - Processing file /home/ubuntu/ec2_customer_chum_venv/lib/python3.10/site-packages/airflow/example_dags/example_complex.py for tasks to queue
[2023-12-07T16:57:14.937+0000] {logging_mixin.py:154} INFO - [2023-12-07T16:57:14.937+0000] {dagbag.py:536} INFO - Filling up the DagBag from /home/ubuntu/ec2_customer_chum_venv/lib/python3.10/site-packages/airflow/example_dags/example_complex.py
[2023-12-07T16:57:14.948+0000] {processor.py:839} INFO - DAG(s) dict_keys(['example_complex']) retrieved from /home/ubuntu/ec2_customer_chum_venv/lib/python3.10/site-packages/airflow/example_dags/example_complex.py
[2023-12-07T16:57:14.976+0000] {logging_mixin.py:154} INFO - [2023-12-07T16:57:14.976+0000] {dag.py:2941} INFO - Sync 1 DAGs
[2023-12-07T16:57:14.989+0000] {logging_mixin.py:154} INFO - [2023-12-07T16:57:14.989+0000] {dag.py:3722} INFO - Setting next_dagrun for example_complex to None, run_after=None
[2023-12-07T16:57:15.026+0000] {processor.py:179} INFO - Processing /home/ubuntu/ec2_customer_chum_venv/lib/python3.10/site-packages/airflow/example_dags/example_complex.py took 0.095 seconds
[2023-12-07T16:57:58.561+0000] {processor.py:157} INFO - Started process (PID=5496) to work on /home/ubuntu/ec2_customer_chum_venv/lib/python3.10/site-packages/airflow/example_dags/example_complex.py
[2023-12-07T16:57:58.562+0000] {processor.py:829} INFO - Processing file /home/ubuntu/ec2_customer_chum_venv/lib/python3.10/site-packages/airflow/example_dags/example_complex.py for tasks to queue
[2023-12-07T16:57:58.563+0000] {logging_mixin.py:154} INFO - [2023-12-07T16:57:58.563+0000] {dagbag.py:536} INFO - Filling up the DagBag from /home/ubuntu/ec2_customer_chum_venv/lib/python3.10/site-packages/airflow/example_dags/example_complex.py
[2023-12-07T16:57:58.575+0000] {processor.py:839} INFO - DAG(s) dict_keys(['example_complex']) retrieved from /home/ubuntu/ec2_customer_chum_venv/lib/python3.10/site-packages/airflow/example_dags/example_complex.py
[2023-12-07T16:57:58.602+0000] {logging_mixin.py:154} INFO - [2023-12-07T16:57:58.602+0000] {dag.py:2941} INFO - Sync 1 DAGs
[2023-12-07T16:57:58.614+0000] {logging_mixin.py:154} INFO - [2023-12-07T16:57:58.614+0000] {dag.py:3722} INFO - Setting next_dagrun for example_complex to None, run_after=None
[2023-12-07T16:57:58.635+0000] {processor.py:179} INFO - Processing /home/ubuntu/ec2_customer_chum_venv/lib/python3.10/site-packages/airflow/example_dags/example_complex.py took 0.077 seconds
[2023-12-07T16:58:42.862+0000] {processor.py:157} INFO - Started process (PID=5544) to work on /home/ubuntu/ec2_customer_chum_venv/lib/python3.10/site-packages/airflow/example_dags/example_complex.py
[2023-12-07T16:58:42.863+0000] {processor.py:829} INFO - Processing file /home/ubuntu/ec2_customer_chum_venv/lib/python3.10/site-packages/airflow/example_dags/example_complex.py for tasks to queue
[2023-12-07T16:58:42.864+0000] {logging_mixin.py:154} INFO - [2023-12-07T16:58:42.864+0000] {dagbag.py:536} INFO - Filling up the DagBag from /home/ubuntu/ec2_customer_chum_venv/lib/python3.10/site-packages/airflow/example_dags/example_complex.py
[2023-12-07T16:58:42.876+0000] {processor.py:839} INFO - DAG(s) dict_keys(['example_complex']) retrieved from /home/ubuntu/ec2_customer_chum_venv/lib/python3.10/site-packages/airflow/example_dags/example_complex.py
[2023-12-07T16:58:42.903+0000] {logging_mixin.py:154} INFO - [2023-12-07T16:58:42.903+0000] {dag.py:2941} INFO - Sync 1 DAGs
[2023-12-07T16:58:42.916+0000] {logging_mixin.py:154} INFO - [2023-12-07T16:58:42.916+0000] {dag.py:3722} INFO - Setting next_dagrun for example_complex to None, run_after=None
[2023-12-07T16:58:42.940+0000] {processor.py:179} INFO - Processing /home/ubuntu/ec2_customer_chum_venv/lib/python3.10/site-packages/airflow/example_dags/example_complex.py took 0.082 seconds
[2023-12-07T16:59:38.361+0000] {processor.py:157} INFO - Started process (PID=5602) to work on /home/ubuntu/ec2_customer_chum_venv/lib/python3.10/site-packages/airflow/example_dags/example_complex.py
[2023-12-07T16:59:38.362+0000] {processor.py:829} INFO - Processing file /home/ubuntu/ec2_customer_chum_venv/lib/python3.10/site-packages/airflow/example_dags/example_complex.py for tasks to queue
[2023-12-07T16:59:38.363+0000] {logging_mixin.py:154} INFO - [2023-12-07T16:59:38.363+0000] {dagbag.py:536} INFO - Filling up the DagBag from /home/ubuntu/ec2_customer_chum_venv/lib/python3.10/site-packages/airflow/example_dags/example_complex.py
[2023-12-07T16:59:38.375+0000] {processor.py:839} INFO - DAG(s) dict_keys(['example_complex']) retrieved from /home/ubuntu/ec2_customer_chum_venv/lib/python3.10/site-packages/airflow/example_dags/example_complex.py
[2023-12-07T16:59:38.403+0000] {logging_mixin.py:154} INFO - [2023-12-07T16:59:38.402+0000] {dag.py:2941} INFO - Sync 1 DAGs
[2023-12-07T16:59:38.415+0000] {logging_mixin.py:154} INFO - [2023-12-07T16:59:38.414+0000] {dag.py:3722} INFO - Setting next_dagrun for example_complex to None, run_after=None
[2023-12-07T16:59:38.437+0000] {processor.py:179} INFO - Processing /home/ubuntu/ec2_customer_chum_venv/lib/python3.10/site-packages/airflow/example_dags/example_complex.py took 0.080 seconds
[2023-12-07T17:00:25.731+0000] {processor.py:157} INFO - Started process (PID=5650) to work on /home/ubuntu/ec2_customer_chum_venv/lib/python3.10/site-packages/airflow/example_dags/example_complex.py
[2023-12-07T17:00:25.732+0000] {processor.py:829} INFO - Processing file /home/ubuntu/ec2_customer_chum_venv/lib/python3.10/site-packages/airflow/example_dags/example_complex.py for tasks to queue
[2023-12-07T17:00:25.733+0000] {logging_mixin.py:154} INFO - [2023-12-07T17:00:25.733+0000] {dagbag.py:536} INFO - Filling up the DagBag from /home/ubuntu/ec2_customer_chum_venv/lib/python3.10/site-packages/airflow/example_dags/example_complex.py
[2023-12-07T17:00:25.745+0000] {processor.py:839} INFO - DAG(s) dict_keys(['example_complex']) retrieved from /home/ubuntu/ec2_customer_chum_venv/lib/python3.10/site-packages/airflow/example_dags/example_complex.py
[2023-12-07T17:00:25.773+0000] {logging_mixin.py:154} INFO - [2023-12-07T17:00:25.773+0000] {dag.py:2941} INFO - Sync 1 DAGs
[2023-12-07T17:00:25.785+0000] {logging_mixin.py:154} INFO - [2023-12-07T17:00:25.785+0000] {dag.py:3722} INFO - Setting next_dagrun for example_complex to None, run_after=None
[2023-12-07T17:00:25.810+0000] {processor.py:179} INFO - Processing /home/ubuntu/ec2_customer_chum_venv/lib/python3.10/site-packages/airflow/example_dags/example_complex.py took 0.083 seconds
[2023-12-07T17:01:13.783+0000] {processor.py:157} INFO - Started process (PID=5698) to work on /home/ubuntu/ec2_customer_chum_venv/lib/python3.10/site-packages/airflow/example_dags/example_complex.py
[2023-12-07T17:01:13.785+0000] {processor.py:829} INFO - Processing file /home/ubuntu/ec2_customer_chum_venv/lib/python3.10/site-packages/airflow/example_dags/example_complex.py for tasks to queue
[2023-12-07T17:01:13.786+0000] {logging_mixin.py:154} INFO - [2023-12-07T17:01:13.785+0000] {dagbag.py:536} INFO - Filling up the DagBag from /home/ubuntu/ec2_customer_chum_venv/lib/python3.10/site-packages/airflow/example_dags/example_complex.py
[2023-12-07T17:01:13.798+0000] {processor.py:839} INFO - DAG(s) dict_keys(['example_complex']) retrieved from /home/ubuntu/ec2_customer_chum_venv/lib/python3.10/site-packages/airflow/example_dags/example_complex.py
[2023-12-07T17:01:13.827+0000] {logging_mixin.py:154} INFO - [2023-12-07T17:01:13.827+0000] {dag.py:2941} INFO - Sync 1 DAGs
[2023-12-07T17:01:13.840+0000] {logging_mixin.py:154} INFO - [2023-12-07T17:01:13.840+0000] {dag.py:3722} INFO - Setting next_dagrun for example_complex to None, run_after=None
[2023-12-07T17:01:13.866+0000] {processor.py:179} INFO - Processing /home/ubuntu/ec2_customer_chum_venv/lib/python3.10/site-packages/airflow/example_dags/example_complex.py took 0.086 seconds
[2023-12-07T17:01:58.589+0000] {processor.py:157} INFO - Started process (PID=5744) to work on /home/ubuntu/ec2_customer_chum_venv/lib/python3.10/site-packages/airflow/example_dags/example_complex.py
[2023-12-07T17:01:58.590+0000] {processor.py:829} INFO - Processing file /home/ubuntu/ec2_customer_chum_venv/lib/python3.10/site-packages/airflow/example_dags/example_complex.py for tasks to queue
[2023-12-07T17:01:58.591+0000] {logging_mixin.py:154} INFO - [2023-12-07T17:01:58.590+0000] {dagbag.py:536} INFO - Filling up the DagBag from /home/ubuntu/ec2_customer_chum_venv/lib/python3.10/site-packages/airflow/example_dags/example_complex.py
[2023-12-07T17:01:58.602+0000] {processor.py:839} INFO - DAG(s) dict_keys(['example_complex']) retrieved from /home/ubuntu/ec2_customer_chum_venv/lib/python3.10/site-packages/airflow/example_dags/example_complex.py
[2023-12-07T17:01:58.630+0000] {logging_mixin.py:154} INFO - [2023-12-07T17:01:58.630+0000] {dag.py:2941} INFO - Sync 1 DAGs
[2023-12-07T17:01:58.642+0000] {logging_mixin.py:154} INFO - [2023-12-07T17:01:58.642+0000] {dag.py:3722} INFO - Setting next_dagrun for example_complex to None, run_after=None
[2023-12-07T17:01:58.664+0000] {processor.py:179} INFO - Processing /home/ubuntu/ec2_customer_chum_venv/lib/python3.10/site-packages/airflow/example_dags/example_complex.py took 0.079 seconds
[2023-12-07T17:02:47.244+0000] {processor.py:157} INFO - Started process (PID=5793) to work on /home/ubuntu/ec2_customer_chum_venv/lib/python3.10/site-packages/airflow/example_dags/example_complex.py
[2023-12-07T17:02:47.245+0000] {processor.py:829} INFO - Processing file /home/ubuntu/ec2_customer_chum_venv/lib/python3.10/site-packages/airflow/example_dags/example_complex.py for tasks to queue
[2023-12-07T17:02:47.246+0000] {logging_mixin.py:154} INFO - [2023-12-07T17:02:47.246+0000] {dagbag.py:536} INFO - Filling up the DagBag from /home/ubuntu/ec2_customer_chum_venv/lib/python3.10/site-packages/airflow/example_dags/example_complex.py
[2023-12-07T17:02:47.258+0000] {processor.py:839} INFO - DAG(s) dict_keys(['example_complex']) retrieved from /home/ubuntu/ec2_customer_chum_venv/lib/python3.10/site-packages/airflow/example_dags/example_complex.py
[2023-12-07T17:02:47.286+0000] {logging_mixin.py:154} INFO - [2023-12-07T17:02:47.286+0000] {dag.py:2941} INFO - Sync 1 DAGs
[2023-12-07T17:02:47.298+0000] {logging_mixin.py:154} INFO - [2023-12-07T17:02:47.298+0000] {dag.py:3722} INFO - Setting next_dagrun for example_complex to None, run_after=None
[2023-12-07T17:02:47.322+0000] {processor.py:179} INFO - Processing /home/ubuntu/ec2_customer_chum_venv/lib/python3.10/site-packages/airflow/example_dags/example_complex.py took 0.081 seconds
[2023-12-07T17:03:36.820+0000] {processor.py:157} INFO - Started process (PID=5843) to work on /home/ubuntu/ec2_customer_chum_venv/lib/python3.10/site-packages/airflow/example_dags/example_complex.py
[2023-12-07T17:03:36.821+0000] {processor.py:829} INFO - Processing file /home/ubuntu/ec2_customer_chum_venv/lib/python3.10/site-packages/airflow/example_dags/example_complex.py for tasks to queue
[2023-12-07T17:03:36.822+0000] {logging_mixin.py:154} INFO - [2023-12-07T17:03:36.822+0000] {dagbag.py:536} INFO - Filling up the DagBag from /home/ubuntu/ec2_customer_chum_venv/lib/python3.10/site-packages/airflow/example_dags/example_complex.py
[2023-12-07T17:03:36.834+0000] {processor.py:839} INFO - DAG(s) dict_keys(['example_complex']) retrieved from /home/ubuntu/ec2_customer_chum_venv/lib/python3.10/site-packages/airflow/example_dags/example_complex.py
[2023-12-07T17:03:36.862+0000] {logging_mixin.py:154} INFO - [2023-12-07T17:03:36.862+0000] {dag.py:2941} INFO - Sync 1 DAGs
[2023-12-07T17:03:36.874+0000] {logging_mixin.py:154} INFO - [2023-12-07T17:03:36.874+0000] {dag.py:3722} INFO - Setting next_dagrun for example_complex to None, run_after=None
[2023-12-07T17:03:36.898+0000] {processor.py:179} INFO - Processing /home/ubuntu/ec2_customer_chum_venv/lib/python3.10/site-packages/airflow/example_dags/example_complex.py took 0.082 seconds
[2023-12-07T17:04:34.378+0000] {processor.py:157} INFO - Started process (PID=5904) to work on /home/ubuntu/ec2_customer_chum_venv/lib/python3.10/site-packages/airflow/example_dags/example_complex.py
[2023-12-07T17:04:34.380+0000] {processor.py:829} INFO - Processing file /home/ubuntu/ec2_customer_chum_venv/lib/python3.10/site-packages/airflow/example_dags/example_complex.py for tasks to queue
[2023-12-07T17:04:34.381+0000] {logging_mixin.py:154} INFO - [2023-12-07T17:04:34.380+0000] {dagbag.py:536} INFO - Filling up the DagBag from /home/ubuntu/ec2_customer_chum_venv/lib/python3.10/site-packages/airflow/example_dags/example_complex.py
[2023-12-07T17:04:34.393+0000] {processor.py:839} INFO - DAG(s) dict_keys(['example_complex']) retrieved from /home/ubuntu/ec2_customer_chum_venv/lib/python3.10/site-packages/airflow/example_dags/example_complex.py
[2023-12-07T17:04:34.421+0000] {logging_mixin.py:154} INFO - [2023-12-07T17:04:34.420+0000] {dag.py:2941} INFO - Sync 1 DAGs
[2023-12-07T17:04:34.433+0000] {logging_mixin.py:154} INFO - [2023-12-07T17:04:34.433+0000] {dag.py:3722} INFO - Setting next_dagrun for example_complex to None, run_after=None
[2023-12-07T17:04:34.456+0000] {processor.py:179} INFO - Processing /home/ubuntu/ec2_customer_chum_venv/lib/python3.10/site-packages/airflow/example_dags/example_complex.py took 0.081 seconds
[2023-12-07T17:05:18.103+0000] {processor.py:157} INFO - Started process (PID=5951) to work on /home/ubuntu/ec2_customer_chum_venv/lib/python3.10/site-packages/airflow/example_dags/example_complex.py
[2023-12-07T17:05:18.104+0000] {processor.py:829} INFO - Processing file /home/ubuntu/ec2_customer_chum_venv/lib/python3.10/site-packages/airflow/example_dags/example_complex.py for tasks to queue
[2023-12-07T17:05:18.105+0000] {logging_mixin.py:154} INFO - [2023-12-07T17:05:18.105+0000] {dagbag.py:536} INFO - Filling up the DagBag from /home/ubuntu/ec2_customer_chum_venv/lib/python3.10/site-packages/airflow/example_dags/example_complex.py
[2023-12-07T17:05:18.117+0000] {processor.py:839} INFO - DAG(s) dict_keys(['example_complex']) retrieved from /home/ubuntu/ec2_customer_chum_venv/lib/python3.10/site-packages/airflow/example_dags/example_complex.py
[2023-12-07T17:05:18.145+0000] {logging_mixin.py:154} INFO - [2023-12-07T17:05:18.145+0000] {dag.py:2941} INFO - Sync 1 DAGs
[2023-12-07T17:05:18.158+0000] {logging_mixin.py:154} INFO - [2023-12-07T17:05:18.158+0000] {dag.py:3722} INFO - Setting next_dagrun for example_complex to None, run_after=None
[2023-12-07T17:05:18.181+0000] {processor.py:179} INFO - Processing /home/ubuntu/ec2_customer_chum_venv/lib/python3.10/site-packages/airflow/example_dags/example_complex.py took 0.082 seconds
[2023-12-07T17:06:02.114+0000] {processor.py:157} INFO - Started process (PID=5996) to work on /home/ubuntu/ec2_customer_chum_venv/lib/python3.10/site-packages/airflow/example_dags/example_complex.py
[2023-12-07T17:06:02.115+0000] {processor.py:829} INFO - Processing file /home/ubuntu/ec2_customer_chum_venv/lib/python3.10/site-packages/airflow/example_dags/example_complex.py for tasks to queue
[2023-12-07T17:06:02.116+0000] {logging_mixin.py:154} INFO - [2023-12-07T17:06:02.116+0000] {dagbag.py:536} INFO - Filling up the DagBag from /home/ubuntu/ec2_customer_chum_venv/lib/python3.10/site-packages/airflow/example_dags/example_complex.py
[2023-12-07T17:06:02.129+0000] {processor.py:839} INFO - DAG(s) dict_keys(['example_complex']) retrieved from /home/ubuntu/ec2_customer_chum_venv/lib/python3.10/site-packages/airflow/example_dags/example_complex.py
[2023-12-07T17:06:02.158+0000] {logging_mixin.py:154} INFO - [2023-12-07T17:06:02.158+0000] {dag.py:2941} INFO - Sync 1 DAGs
[2023-12-07T17:06:02.171+0000] {logging_mixin.py:154} INFO - [2023-12-07T17:06:02.171+0000] {dag.py:3722} INFO - Setting next_dagrun for example_complex to None, run_after=None
[2023-12-07T17:06:02.198+0000] {processor.py:179} INFO - Processing /home/ubuntu/ec2_customer_chum_venv/lib/python3.10/site-packages/airflow/example_dags/example_complex.py took 0.088 seconds
[2023-12-07T17:06:46.273+0000] {processor.py:157} INFO - Started process (PID=6042) to work on /home/ubuntu/ec2_customer_chum_venv/lib/python3.10/site-packages/airflow/example_dags/example_complex.py
[2023-12-07T17:06:46.274+0000] {processor.py:829} INFO - Processing file /home/ubuntu/ec2_customer_chum_venv/lib/python3.10/site-packages/airflow/example_dags/example_complex.py for tasks to queue
[2023-12-07T17:06:46.275+0000] {logging_mixin.py:154} INFO - [2023-12-07T17:06:46.274+0000] {dagbag.py:536} INFO - Filling up the DagBag from /home/ubuntu/ec2_customer_chum_venv/lib/python3.10/site-packages/airflow/example_dags/example_complex.py
[2023-12-07T17:06:46.286+0000] {processor.py:839} INFO - DAG(s) dict_keys(['example_complex']) retrieved from /home/ubuntu/ec2_customer_chum_venv/lib/python3.10/site-packages/airflow/example_dags/example_complex.py
[2023-12-07T17:06:46.314+0000] {logging_mixin.py:154} INFO - [2023-12-07T17:06:46.313+0000] {dag.py:2941} INFO - Sync 1 DAGs
[2023-12-07T17:06:46.326+0000] {logging_mixin.py:154} INFO - [2023-12-07T17:06:46.326+0000] {dag.py:3722} INFO - Setting next_dagrun for example_complex to None, run_after=None
[2023-12-07T17:06:46.348+0000] {processor.py:179} INFO - Processing /home/ubuntu/ec2_customer_chum_venv/lib/python3.10/site-packages/airflow/example_dags/example_complex.py took 0.078 seconds
[2023-12-07T17:07:37.113+0000] {processor.py:157} INFO - Started process (PID=6093) to work on /home/ubuntu/ec2_customer_chum_venv/lib/python3.10/site-packages/airflow/example_dags/example_complex.py
[2023-12-07T17:07:37.114+0000] {processor.py:829} INFO - Processing file /home/ubuntu/ec2_customer_chum_venv/lib/python3.10/site-packages/airflow/example_dags/example_complex.py for tasks to queue
[2023-12-07T17:07:37.115+0000] {logging_mixin.py:154} INFO - [2023-12-07T17:07:37.114+0000] {dagbag.py:536} INFO - Filling up the DagBag from /home/ubuntu/ec2_customer_chum_venv/lib/python3.10/site-packages/airflow/example_dags/example_complex.py
[2023-12-07T17:07:37.127+0000] {processor.py:839} INFO - DAG(s) dict_keys(['example_complex']) retrieved from /home/ubuntu/ec2_customer_chum_venv/lib/python3.10/site-packages/airflow/example_dags/example_complex.py
[2023-12-07T17:07:37.155+0000] {logging_mixin.py:154} INFO - [2023-12-07T17:07:37.155+0000] {dag.py:2941} INFO - Sync 1 DAGs
[2023-12-07T17:07:37.167+0000] {logging_mixin.py:154} INFO - [2023-12-07T17:07:37.167+0000] {dag.py:3722} INFO - Setting next_dagrun for example_complex to None, run_after=None
[2023-12-07T17:07:37.189+0000] {processor.py:179} INFO - Processing /home/ubuntu/ec2_customer_chum_venv/lib/python3.10/site-packages/airflow/example_dags/example_complex.py took 0.080 seconds
[2023-12-07T17:08:21.718+0000] {processor.py:157} INFO - Started process (PID=6139) to work on /home/ubuntu/ec2_customer_chum_venv/lib/python3.10/site-packages/airflow/example_dags/example_complex.py
[2023-12-07T17:08:21.719+0000] {processor.py:829} INFO - Processing file /home/ubuntu/ec2_customer_chum_venv/lib/python3.10/site-packages/airflow/example_dags/example_complex.py for tasks to queue
[2023-12-07T17:08:21.720+0000] {logging_mixin.py:154} INFO - [2023-12-07T17:08:21.720+0000] {dagbag.py:536} INFO - Filling up the DagBag from /home/ubuntu/ec2_customer_chum_venv/lib/python3.10/site-packages/airflow/example_dags/example_complex.py
[2023-12-07T17:08:21.732+0000] {processor.py:839} INFO - DAG(s) dict_keys(['example_complex']) retrieved from /home/ubuntu/ec2_customer_chum_venv/lib/python3.10/site-packages/airflow/example_dags/example_complex.py
[2023-12-07T17:08:21.760+0000] {logging_mixin.py:154} INFO - [2023-12-07T17:08:21.759+0000] {dag.py:2941} INFO - Sync 1 DAGs
[2023-12-07T17:08:21.772+0000] {logging_mixin.py:154} INFO - [2023-12-07T17:08:21.772+0000] {dag.py:3722} INFO - Setting next_dagrun for example_complex to None, run_after=None
[2023-12-07T17:08:21.795+0000] {processor.py:179} INFO - Processing /home/ubuntu/ec2_customer_chum_venv/lib/python3.10/site-packages/airflow/example_dags/example_complex.py took 0.080 seconds
[2023-12-07T17:09:08.429+0000] {processor.py:157} INFO - Started process (PID=6186) to work on /home/ubuntu/ec2_customer_chum_venv/lib/python3.10/site-packages/airflow/example_dags/example_complex.py
[2023-12-07T17:09:08.430+0000] {processor.py:829} INFO - Processing file /home/ubuntu/ec2_customer_chum_venv/lib/python3.10/site-packages/airflow/example_dags/example_complex.py for tasks to queue
[2023-12-07T17:09:08.431+0000] {logging_mixin.py:154} INFO - [2023-12-07T17:09:08.431+0000] {dagbag.py:536} INFO - Filling up the DagBag from /home/ubuntu/ec2_customer_chum_venv/lib/python3.10/site-packages/airflow/example_dags/example_complex.py
[2023-12-07T17:09:08.443+0000] {processor.py:839} INFO - DAG(s) dict_keys(['example_complex']) retrieved from /home/ubuntu/ec2_customer_chum_venv/lib/python3.10/site-packages/airflow/example_dags/example_complex.py
[2023-12-07T17:09:08.471+0000] {logging_mixin.py:154} INFO - [2023-12-07T17:09:08.471+0000] {dag.py:2941} INFO - Sync 1 DAGs
[2023-12-07T17:09:08.483+0000] {logging_mixin.py:154} INFO - [2023-12-07T17:09:08.483+0000] {dag.py:3722} INFO - Setting next_dagrun for example_complex to None, run_after=None
[2023-12-07T17:09:08.507+0000] {processor.py:179} INFO - Processing /home/ubuntu/ec2_customer_chum_venv/lib/python3.10/site-packages/airflow/example_dags/example_complex.py took 0.081 seconds
[2023-12-07T17:09:50.773+0000] {processor.py:157} INFO - Started process (PID=6232) to work on /home/ubuntu/ec2_customer_chum_venv/lib/python3.10/site-packages/airflow/example_dags/example_complex.py
[2023-12-07T17:09:50.774+0000] {processor.py:829} INFO - Processing file /home/ubuntu/ec2_customer_chum_venv/lib/python3.10/site-packages/airflow/example_dags/example_complex.py for tasks to queue
[2023-12-07T17:09:50.775+0000] {logging_mixin.py:154} INFO - [2023-12-07T17:09:50.775+0000] {dagbag.py:536} INFO - Filling up the DagBag from /home/ubuntu/ec2_customer_chum_venv/lib/python3.10/site-packages/airflow/example_dags/example_complex.py
[2023-12-07T17:09:50.787+0000] {processor.py:839} INFO - DAG(s) dict_keys(['example_complex']) retrieved from /home/ubuntu/ec2_customer_chum_venv/lib/python3.10/site-packages/airflow/example_dags/example_complex.py
[2023-12-07T17:09:50.815+0000] {logging_mixin.py:154} INFO - [2023-12-07T17:09:50.815+0000] {dag.py:2941} INFO - Sync 1 DAGs
[2023-12-07T17:09:50.828+0000] {logging_mixin.py:154} INFO - [2023-12-07T17:09:50.827+0000] {dag.py:3722} INFO - Setting next_dagrun for example_complex to None, run_after=None
[2023-12-07T17:09:50.852+0000] {processor.py:179} INFO - Processing /home/ubuntu/ec2_customer_chum_venv/lib/python3.10/site-packages/airflow/example_dags/example_complex.py took 0.082 seconds
[2023-12-07T17:10:37.604+0000] {processor.py:157} INFO - Started process (PID=6278) to work on /home/ubuntu/ec2_customer_chum_venv/lib/python3.10/site-packages/airflow/example_dags/example_complex.py
[2023-12-07T17:10:37.605+0000] {processor.py:829} INFO - Processing file /home/ubuntu/ec2_customer_chum_venv/lib/python3.10/site-packages/airflow/example_dags/example_complex.py for tasks to queue
[2023-12-07T17:10:37.606+0000] {logging_mixin.py:154} INFO - [2023-12-07T17:10:37.606+0000] {dagbag.py:536} INFO - Filling up the DagBag from /home/ubuntu/ec2_customer_chum_venv/lib/python3.10/site-packages/airflow/example_dags/example_complex.py
[2023-12-07T17:10:37.618+0000] {processor.py:839} INFO - DAG(s) dict_keys(['example_complex']) retrieved from /home/ubuntu/ec2_customer_chum_venv/lib/python3.10/site-packages/airflow/example_dags/example_complex.py
[2023-12-07T17:10:37.646+0000] {logging_mixin.py:154} INFO - [2023-12-07T17:10:37.646+0000] {dag.py:2941} INFO - Sync 1 DAGs
[2023-12-07T17:10:37.659+0000] {logging_mixin.py:154} INFO - [2023-12-07T17:10:37.658+0000] {dag.py:3722} INFO - Setting next_dagrun for example_complex to None, run_after=None
[2023-12-07T17:10:37.682+0000] {processor.py:179} INFO - Processing /home/ubuntu/ec2_customer_chum_venv/lib/python3.10/site-packages/airflow/example_dags/example_complex.py took 0.081 seconds
[2023-12-07T17:11:21.988+0000] {processor.py:157} INFO - Started process (PID=6324) to work on /home/ubuntu/ec2_customer_chum_venv/lib/python3.10/site-packages/airflow/example_dags/example_complex.py
[2023-12-07T17:11:21.989+0000] {processor.py:829} INFO - Processing file /home/ubuntu/ec2_customer_chum_venv/lib/python3.10/site-packages/airflow/example_dags/example_complex.py for tasks to queue
[2023-12-07T17:11:21.990+0000] {logging_mixin.py:154} INFO - [2023-12-07T17:11:21.989+0000] {dagbag.py:536} INFO - Filling up the DagBag from /home/ubuntu/ec2_customer_chum_venv/lib/python3.10/site-packages/airflow/example_dags/example_complex.py
[2023-12-07T17:11:22.001+0000] {processor.py:839} INFO - DAG(s) dict_keys(['example_complex']) retrieved from /home/ubuntu/ec2_customer_chum_venv/lib/python3.10/site-packages/airflow/example_dags/example_complex.py
[2023-12-07T17:11:22.030+0000] {logging_mixin.py:154} INFO - [2023-12-07T17:11:22.030+0000] {dag.py:2941} INFO - Sync 1 DAGs
[2023-12-07T17:11:22.043+0000] {logging_mixin.py:154} INFO - [2023-12-07T17:11:22.043+0000] {dag.py:3722} INFO - Setting next_dagrun for example_complex to None, run_after=None
[2023-12-07T17:11:22.066+0000] {processor.py:179} INFO - Processing /home/ubuntu/ec2_customer_chum_venv/lib/python3.10/site-packages/airflow/example_dags/example_complex.py took 0.082 seconds
[2023-12-07T17:12:07.907+0000] {processor.py:157} INFO - Started process (PID=6377) to work on /home/ubuntu/ec2_customer_chum_venv/lib/python3.10/site-packages/airflow/example_dags/example_complex.py
[2023-12-07T17:12:07.908+0000] {processor.py:829} INFO - Processing file /home/ubuntu/ec2_customer_chum_venv/lib/python3.10/site-packages/airflow/example_dags/example_complex.py for tasks to queue
[2023-12-07T17:12:07.909+0000] {logging_mixin.py:154} INFO - [2023-12-07T17:12:07.909+0000] {dagbag.py:536} INFO - Filling up the DagBag from /home/ubuntu/ec2_customer_chum_venv/lib/python3.10/site-packages/airflow/example_dags/example_complex.py
[2023-12-07T17:12:07.921+0000] {processor.py:839} INFO - DAG(s) dict_keys(['example_complex']) retrieved from /home/ubuntu/ec2_customer_chum_venv/lib/python3.10/site-packages/airflow/example_dags/example_complex.py
[2023-12-07T17:12:07.949+0000] {logging_mixin.py:154} INFO - [2023-12-07T17:12:07.949+0000] {dag.py:2941} INFO - Sync 1 DAGs
[2023-12-07T17:12:07.961+0000] {logging_mixin.py:154} INFO - [2023-12-07T17:12:07.961+0000] {dag.py:3722} INFO - Setting next_dagrun for example_complex to None, run_after=None
[2023-12-07T17:12:07.984+0000] {processor.py:179} INFO - Processing /home/ubuntu/ec2_customer_chum_venv/lib/python3.10/site-packages/airflow/example_dags/example_complex.py took 0.081 seconds
[2023-12-07T17:12:54.724+0000] {processor.py:157} INFO - Started process (PID=6426) to work on /home/ubuntu/ec2_customer_chum_venv/lib/python3.10/site-packages/airflow/example_dags/example_complex.py
[2023-12-07T17:12:54.725+0000] {processor.py:829} INFO - Processing file /home/ubuntu/ec2_customer_chum_venv/lib/python3.10/site-packages/airflow/example_dags/example_complex.py for tasks to queue
[2023-12-07T17:12:54.726+0000] {logging_mixin.py:154} INFO - [2023-12-07T17:12:54.726+0000] {dagbag.py:536} INFO - Filling up the DagBag from /home/ubuntu/ec2_customer_chum_venv/lib/python3.10/site-packages/airflow/example_dags/example_complex.py
[2023-12-07T17:12:54.738+0000] {processor.py:839} INFO - DAG(s) dict_keys(['example_complex']) retrieved from /home/ubuntu/ec2_customer_chum_venv/lib/python3.10/site-packages/airflow/example_dags/example_complex.py
[2023-12-07T17:12:54.765+0000] {logging_mixin.py:154} INFO - [2023-12-07T17:12:54.765+0000] {dag.py:2941} INFO - Sync 1 DAGs
[2023-12-07T17:12:54.777+0000] {logging_mixin.py:154} INFO - [2023-12-07T17:12:54.777+0000] {dag.py:3722} INFO - Setting next_dagrun for example_complex to None, run_after=None
[2023-12-07T17:12:54.800+0000] {processor.py:179} INFO - Processing /home/ubuntu/ec2_customer_chum_venv/lib/python3.10/site-packages/airflow/example_dags/example_complex.py took 0.079 seconds
[2023-12-07T17:13:39.907+0000] {processor.py:157} INFO - Started process (PID=6560) to work on /home/ubuntu/ec2_customer_chum_venv/lib/python3.10/site-packages/airflow/example_dags/example_complex.py
[2023-12-07T17:13:39.909+0000] {processor.py:829} INFO - Processing file /home/ubuntu/ec2_customer_chum_venv/lib/python3.10/site-packages/airflow/example_dags/example_complex.py for tasks to queue
[2023-12-07T17:13:39.909+0000] {logging_mixin.py:154} INFO - [2023-12-07T17:13:39.909+0000] {dagbag.py:536} INFO - Filling up the DagBag from /home/ubuntu/ec2_customer_chum_venv/lib/python3.10/site-packages/airflow/example_dags/example_complex.py
[2023-12-07T17:13:39.921+0000] {processor.py:839} INFO - DAG(s) dict_keys(['example_complex']) retrieved from /home/ubuntu/ec2_customer_chum_venv/lib/python3.10/site-packages/airflow/example_dags/example_complex.py
[2023-12-07T17:13:39.950+0000] {logging_mixin.py:154} INFO - [2023-12-07T17:13:39.949+0000] {dag.py:2941} INFO - Sync 1 DAGs
[2023-12-07T17:13:39.962+0000] {logging_mixin.py:154} INFO - [2023-12-07T17:13:39.962+0000] {dag.py:3722} INFO - Setting next_dagrun for example_complex to None, run_after=None
[2023-12-07T17:13:39.988+0000] {processor.py:179} INFO - Processing /home/ubuntu/ec2_customer_chum_venv/lib/python3.10/site-packages/airflow/example_dags/example_complex.py took 0.084 seconds
[2023-12-07T17:14:38.529+0000] {processor.py:157} INFO - Started process (PID=6620) to work on /home/ubuntu/ec2_customer_chum_venv/lib/python3.10/site-packages/airflow/example_dags/example_complex.py
[2023-12-07T17:14:38.530+0000] {processor.py:829} INFO - Processing file /home/ubuntu/ec2_customer_chum_venv/lib/python3.10/site-packages/airflow/example_dags/example_complex.py for tasks to queue
[2023-12-07T17:14:38.531+0000] {logging_mixin.py:154} INFO - [2023-12-07T17:14:38.531+0000] {dagbag.py:536} INFO - Filling up the DagBag from /home/ubuntu/ec2_customer_chum_venv/lib/python3.10/site-packages/airflow/example_dags/example_complex.py
[2023-12-07T17:14:38.543+0000] {processor.py:839} INFO - DAG(s) dict_keys(['example_complex']) retrieved from /home/ubuntu/ec2_customer_chum_venv/lib/python3.10/site-packages/airflow/example_dags/example_complex.py
[2023-12-07T17:14:38.570+0000] {logging_mixin.py:154} INFO - [2023-12-07T17:14:38.569+0000] {dag.py:2941} INFO - Sync 1 DAGs
[2023-12-07T17:14:38.581+0000] {logging_mixin.py:154} INFO - [2023-12-07T17:14:38.581+0000] {dag.py:3722} INFO - Setting next_dagrun for example_complex to None, run_after=None
[2023-12-07T17:14:38.603+0000] {processor.py:179} INFO - Processing /home/ubuntu/ec2_customer_chum_venv/lib/python3.10/site-packages/airflow/example_dags/example_complex.py took 0.078 seconds
[2023-12-07T17:15:35.490+0000] {processor.py:157} INFO - Started process (PID=6745) to work on /home/ubuntu/ec2_customer_chum_venv/lib/python3.10/site-packages/airflow/example_dags/example_complex.py
[2023-12-07T17:15:35.492+0000] {processor.py:829} INFO - Processing file /home/ubuntu/ec2_customer_chum_venv/lib/python3.10/site-packages/airflow/example_dags/example_complex.py for tasks to queue
[2023-12-07T17:15:35.493+0000] {logging_mixin.py:154} INFO - [2023-12-07T17:15:35.492+0000] {dagbag.py:536} INFO - Filling up the DagBag from /home/ubuntu/ec2_customer_chum_venv/lib/python3.10/site-packages/airflow/example_dags/example_complex.py
[2023-12-07T17:15:35.505+0000] {processor.py:839} INFO - DAG(s) dict_keys(['example_complex']) retrieved from /home/ubuntu/ec2_customer_chum_venv/lib/python3.10/site-packages/airflow/example_dags/example_complex.py
[2023-12-07T17:15:35.533+0000] {logging_mixin.py:154} INFO - [2023-12-07T17:15:35.533+0000] {dag.py:2941} INFO - Sync 1 DAGs
[2023-12-07T17:15:35.545+0000] {logging_mixin.py:154} INFO - [2023-12-07T17:15:35.545+0000] {dag.py:3722} INFO - Setting next_dagrun for example_complex to None, run_after=None
[2023-12-07T17:15:35.568+0000] {processor.py:179} INFO - Processing /home/ubuntu/ec2_customer_chum_venv/lib/python3.10/site-packages/airflow/example_dags/example_complex.py took 0.081 seconds
