[2023-12-07T16:49:43.527+0000] {processor.py:157} INFO - Started process (PID=4995) to work on /home/ubuntu/ec2_customer_chum_venv/lib/python3.10/site-packages/airflow/example_dags/example_external_task_marker_dag.py
[2023-12-07T16:49:43.528+0000] {processor.py:829} INFO - Processing file /home/ubuntu/ec2_customer_chum_venv/lib/python3.10/site-packages/airflow/example_dags/example_external_task_marker_dag.py for tasks to queue
[2023-12-07T16:49:43.529+0000] {logging_mixin.py:154} INFO - [2023-12-07T16:49:43.528+0000] {dagbag.py:536} INFO - Filling up the DagBag from /home/ubuntu/ec2_customer_chum_venv/lib/python3.10/site-packages/airflow/example_dags/example_external_task_marker_dag.py
[2023-12-07T16:49:43.535+0000] {processor.py:839} INFO - DAG(s) dict_keys(['example_external_task_marker_child', 'example_external_task_marker_parent']) retrieved from /home/ubuntu/ec2_customer_chum_venv/lib/python3.10/site-packages/airflow/example_dags/example_external_task_marker_dag.py
[2023-12-07T16:49:43.646+0000] {logging_mixin.py:154} INFO - [2023-12-07T16:49:43.646+0000] {manager.py:499} INFO - Created Permission View: %s
[2023-12-07T16:49:43.660+0000] {logging_mixin.py:154} INFO - [2023-12-07T16:49:43.660+0000] {manager.py:499} INFO - Created Permission View: %s
[2023-12-07T16:49:43.669+0000] {logging_mixin.py:154} INFO - [2023-12-07T16:49:43.669+0000] {manager.py:499} INFO - Created Permission View: %s
[2023-12-07T16:49:43.691+0000] {logging_mixin.py:154} INFO - [2023-12-07T16:49:43.691+0000] {manager.py:499} INFO - Created Permission View: %s
[2023-12-07T16:49:43.700+0000] {logging_mixin.py:154} INFO - [2023-12-07T16:49:43.700+0000] {manager.py:499} INFO - Created Permission View: %s
[2023-12-07T16:49:43.709+0000] {logging_mixin.py:154} INFO - [2023-12-07T16:49:43.709+0000] {manager.py:499} INFO - Created Permission View: %s
[2023-12-07T16:49:43.710+0000] {logging_mixin.py:154} INFO - [2023-12-07T16:49:43.710+0000] {dag.py:2941} INFO - Sync 2 DAGs
[2023-12-07T16:49:43.721+0000] {logging_mixin.py:154} INFO - [2023-12-07T16:49:43.721+0000] {dag.py:2963} INFO - Creating ORM DAG for example_external_task_marker_parent
[2023-12-07T16:49:43.721+0000] {logging_mixin.py:154} INFO - [2023-12-07T16:49:43.721+0000] {dag.py:2963} INFO - Creating ORM DAG for example_external_task_marker_child
[2023-12-07T16:49:43.722+0000] {logging_mixin.py:154} INFO - [2023-12-07T16:49:43.722+0000] {dag.py:3722} INFO - Setting next_dagrun for example_external_task_marker_child to None, run_after=None
[2023-12-07T16:49:43.722+0000] {logging_mixin.py:154} INFO - [2023-12-07T16:49:43.722+0000] {dag.py:3722} INFO - Setting next_dagrun for example_external_task_marker_parent to None, run_after=None
[2023-12-07T16:49:43.745+0000] {processor.py:179} INFO - Processing /home/ubuntu/ec2_customer_chum_venv/lib/python3.10/site-packages/airflow/example_dags/example_external_task_marker_dag.py took 0.222 seconds
[2023-12-07T16:50:37.691+0000] {processor.py:157} INFO - Started process (PID=5048) to work on /home/ubuntu/ec2_customer_chum_venv/lib/python3.10/site-packages/airflow/example_dags/example_external_task_marker_dag.py
[2023-12-07T16:50:37.693+0000] {processor.py:829} INFO - Processing file /home/ubuntu/ec2_customer_chum_venv/lib/python3.10/site-packages/airflow/example_dags/example_external_task_marker_dag.py for tasks to queue
[2023-12-07T16:50:37.694+0000] {logging_mixin.py:154} INFO - [2023-12-07T16:50:37.693+0000] {dagbag.py:536} INFO - Filling up the DagBag from /home/ubuntu/ec2_customer_chum_venv/lib/python3.10/site-packages/airflow/example_dags/example_external_task_marker_dag.py
[2023-12-07T16:50:37.700+0000] {processor.py:839} INFO - DAG(s) dict_keys(['example_external_task_marker_parent', 'example_external_task_marker_child']) retrieved from /home/ubuntu/ec2_customer_chum_venv/lib/python3.10/site-packages/airflow/example_dags/example_external_task_marker_dag.py
[2023-12-07T16:50:37.721+0000] {logging_mixin.py:154} INFO - [2023-12-07T16:50:37.720+0000] {dag.py:2941} INFO - Sync 2 DAGs
[2023-12-07T16:50:37.733+0000] {logging_mixin.py:154} INFO - [2023-12-07T16:50:37.733+0000] {dag.py:3722} INFO - Setting next_dagrun for example_external_task_marker_child to None, run_after=None
[2023-12-07T16:50:37.736+0000] {logging_mixin.py:154} INFO - [2023-12-07T16:50:37.736+0000] {dag.py:3722} INFO - Setting next_dagrun for example_external_task_marker_parent to None, run_after=None
[2023-12-07T16:50:37.758+0000] {processor.py:179} INFO - Processing /home/ubuntu/ec2_customer_chum_venv/lib/python3.10/site-packages/airflow/example_dags/example_external_task_marker_dag.py took 0.070 seconds
[2023-12-07T16:51:25.961+0000] {processor.py:157} INFO - Started process (PID=5098) to work on /home/ubuntu/ec2_customer_chum_venv/lib/python3.10/site-packages/airflow/example_dags/example_external_task_marker_dag.py
[2023-12-07T16:51:25.962+0000] {processor.py:829} INFO - Processing file /home/ubuntu/ec2_customer_chum_venv/lib/python3.10/site-packages/airflow/example_dags/example_external_task_marker_dag.py for tasks to queue
[2023-12-07T16:51:25.963+0000] {logging_mixin.py:154} INFO - [2023-12-07T16:51:25.963+0000] {dagbag.py:536} INFO - Filling up the DagBag from /home/ubuntu/ec2_customer_chum_venv/lib/python3.10/site-packages/airflow/example_dags/example_external_task_marker_dag.py
[2023-12-07T16:51:25.970+0000] {processor.py:839} INFO - DAG(s) dict_keys(['example_external_task_marker_child', 'example_external_task_marker_parent']) retrieved from /home/ubuntu/ec2_customer_chum_venv/lib/python3.10/site-packages/airflow/example_dags/example_external_task_marker_dag.py
[2023-12-07T16:51:25.991+0000] {logging_mixin.py:154} INFO - [2023-12-07T16:51:25.991+0000] {dag.py:2941} INFO - Sync 2 DAGs
[2023-12-07T16:51:26.004+0000] {logging_mixin.py:154} INFO - [2023-12-07T16:51:26.004+0000] {dag.py:3722} INFO - Setting next_dagrun for example_external_task_marker_child to None, run_after=None
[2023-12-07T16:51:26.008+0000] {logging_mixin.py:154} INFO - [2023-12-07T16:51:26.008+0000] {dag.py:3722} INFO - Setting next_dagrun for example_external_task_marker_parent to None, run_after=None
[2023-12-07T16:51:26.035+0000] {processor.py:179} INFO - Processing /home/ubuntu/ec2_customer_chum_venv/lib/python3.10/site-packages/airflow/example_dags/example_external_task_marker_dag.py took 0.078 seconds
[2023-12-07T16:52:15.680+0000] {processor.py:157} INFO - Started process (PID=5151) to work on /home/ubuntu/ec2_customer_chum_venv/lib/python3.10/site-packages/airflow/example_dags/example_external_task_marker_dag.py
[2023-12-07T16:52:15.682+0000] {processor.py:829} INFO - Processing file /home/ubuntu/ec2_customer_chum_venv/lib/python3.10/site-packages/airflow/example_dags/example_external_task_marker_dag.py for tasks to queue
[2023-12-07T16:52:15.683+0000] {logging_mixin.py:154} INFO - [2023-12-07T16:52:15.683+0000] {dagbag.py:536} INFO - Filling up the DagBag from /home/ubuntu/ec2_customer_chum_venv/lib/python3.10/site-packages/airflow/example_dags/example_external_task_marker_dag.py
[2023-12-07T16:52:15.690+0000] {processor.py:839} INFO - DAG(s) dict_keys(['example_external_task_marker_parent', 'example_external_task_marker_child']) retrieved from /home/ubuntu/ec2_customer_chum_venv/lib/python3.10/site-packages/airflow/example_dags/example_external_task_marker_dag.py
[2023-12-07T16:52:15.710+0000] {logging_mixin.py:154} INFO - [2023-12-07T16:52:15.710+0000] {dag.py:2941} INFO - Sync 2 DAGs
[2023-12-07T16:52:15.722+0000] {logging_mixin.py:154} INFO - [2023-12-07T16:52:15.722+0000] {dag.py:3722} INFO - Setting next_dagrun for example_external_task_marker_child to None, run_after=None
[2023-12-07T16:52:15.726+0000] {logging_mixin.py:154} INFO - [2023-12-07T16:52:15.725+0000] {dag.py:3722} INFO - Setting next_dagrun for example_external_task_marker_parent to None, run_after=None
[2023-12-07T16:52:15.747+0000] {processor.py:179} INFO - Processing /home/ubuntu/ec2_customer_chum_venv/lib/python3.10/site-packages/airflow/example_dags/example_external_task_marker_dag.py took 0.070 seconds
[2023-12-07T16:54:11.371+0000] {processor.py:157} INFO - Started process (PID=5257) to work on /home/ubuntu/ec2_customer_chum_venv/lib/python3.10/site-packages/airflow/example_dags/example_external_task_marker_dag.py
[2023-12-07T16:54:11.373+0000] {processor.py:829} INFO - Processing file /home/ubuntu/ec2_customer_chum_venv/lib/python3.10/site-packages/airflow/example_dags/example_external_task_marker_dag.py for tasks to queue
[2023-12-07T16:54:11.374+0000] {logging_mixin.py:154} INFO - [2023-12-07T16:54:11.374+0000] {dagbag.py:536} INFO - Filling up the DagBag from /home/ubuntu/ec2_customer_chum_venv/lib/python3.10/site-packages/airflow/example_dags/example_external_task_marker_dag.py
[2023-12-07T16:54:11.381+0000] {processor.py:839} INFO - DAG(s) dict_keys(['example_external_task_marker_parent', 'example_external_task_marker_child']) retrieved from /home/ubuntu/ec2_customer_chum_venv/lib/python3.10/site-packages/airflow/example_dags/example_external_task_marker_dag.py
[2023-12-07T16:54:11.402+0000] {logging_mixin.py:154} INFO - [2023-12-07T16:54:11.401+0000] {dag.py:2941} INFO - Sync 2 DAGs
[2023-12-07T16:54:11.415+0000] {logging_mixin.py:154} INFO - [2023-12-07T16:54:11.414+0000] {dag.py:3722} INFO - Setting next_dagrun for example_external_task_marker_child to None, run_after=None
[2023-12-07T16:54:11.418+0000] {logging_mixin.py:154} INFO - [2023-12-07T16:54:11.418+0000] {dag.py:3722} INFO - Setting next_dagrun for example_external_task_marker_parent to None, run_after=None
[2023-12-07T16:54:11.438+0000] {processor.py:179} INFO - Processing /home/ubuntu/ec2_customer_chum_venv/lib/python3.10/site-packages/airflow/example_dags/example_external_task_marker_dag.py took 0.070 seconds
[2023-12-07T16:54:57.954+0000] {processor.py:157} INFO - Started process (PID=5306) to work on /home/ubuntu/ec2_customer_chum_venv/lib/python3.10/site-packages/airflow/example_dags/example_external_task_marker_dag.py
[2023-12-07T16:54:57.955+0000] {processor.py:829} INFO - Processing file /home/ubuntu/ec2_customer_chum_venv/lib/python3.10/site-packages/airflow/example_dags/example_external_task_marker_dag.py for tasks to queue
[2023-12-07T16:54:57.956+0000] {logging_mixin.py:154} INFO - [2023-12-07T16:54:57.956+0000] {dagbag.py:536} INFO - Filling up the DagBag from /home/ubuntu/ec2_customer_chum_venv/lib/python3.10/site-packages/airflow/example_dags/example_external_task_marker_dag.py
[2023-12-07T16:54:57.963+0000] {processor.py:839} INFO - DAG(s) dict_keys(['example_external_task_marker_parent', 'example_external_task_marker_child']) retrieved from /home/ubuntu/ec2_customer_chum_venv/lib/python3.10/site-packages/airflow/example_dags/example_external_task_marker_dag.py
[2023-12-07T16:54:57.984+0000] {logging_mixin.py:154} INFO - [2023-12-07T16:54:57.983+0000] {dag.py:2941} INFO - Sync 2 DAGs
[2023-12-07T16:54:57.996+0000] {logging_mixin.py:154} INFO - [2023-12-07T16:54:57.996+0000] {dag.py:3722} INFO - Setting next_dagrun for example_external_task_marker_child to None, run_after=None
[2023-12-07T16:54:57.999+0000] {logging_mixin.py:154} INFO - [2023-12-07T16:54:57.999+0000] {dag.py:3722} INFO - Setting next_dagrun for example_external_task_marker_parent to None, run_after=None
[2023-12-07T16:54:58.023+0000] {processor.py:179} INFO - Processing /home/ubuntu/ec2_customer_chum_venv/lib/python3.10/site-packages/airflow/example_dags/example_external_task_marker_dag.py took 0.072 seconds
[2023-12-07T16:55:42.114+0000] {processor.py:157} INFO - Started process (PID=5354) to work on /home/ubuntu/ec2_customer_chum_venv/lib/python3.10/site-packages/airflow/example_dags/example_external_task_marker_dag.py
[2023-12-07T16:55:42.115+0000] {processor.py:829} INFO - Processing file /home/ubuntu/ec2_customer_chum_venv/lib/python3.10/site-packages/airflow/example_dags/example_external_task_marker_dag.py for tasks to queue
[2023-12-07T16:55:42.116+0000] {logging_mixin.py:154} INFO - [2023-12-07T16:55:42.116+0000] {dagbag.py:536} INFO - Filling up the DagBag from /home/ubuntu/ec2_customer_chum_venv/lib/python3.10/site-packages/airflow/example_dags/example_external_task_marker_dag.py
[2023-12-07T16:55:42.123+0000] {processor.py:839} INFO - DAG(s) dict_keys(['example_external_task_marker_child', 'example_external_task_marker_parent']) retrieved from /home/ubuntu/ec2_customer_chum_venv/lib/python3.10/site-packages/airflow/example_dags/example_external_task_marker_dag.py
[2023-12-07T16:55:42.144+0000] {logging_mixin.py:154} INFO - [2023-12-07T16:55:42.144+0000] {dag.py:2941} INFO - Sync 2 DAGs
[2023-12-07T16:55:42.157+0000] {logging_mixin.py:154} INFO - [2023-12-07T16:55:42.156+0000] {dag.py:3722} INFO - Setting next_dagrun for example_external_task_marker_child to None, run_after=None
[2023-12-07T16:55:42.160+0000] {logging_mixin.py:154} INFO - [2023-12-07T16:55:42.160+0000] {dag.py:3722} INFO - Setting next_dagrun for example_external_task_marker_parent to None, run_after=None
[2023-12-07T16:55:42.181+0000] {processor.py:179} INFO - Processing /home/ubuntu/ec2_customer_chum_venv/lib/python3.10/site-packages/airflow/example_dags/example_external_task_marker_dag.py took 0.071 seconds
[2023-12-07T16:56:27.306+0000] {processor.py:157} INFO - Started process (PID=5400) to work on /home/ubuntu/ec2_customer_chum_venv/lib/python3.10/site-packages/airflow/example_dags/example_external_task_marker_dag.py
[2023-12-07T16:56:27.307+0000] {processor.py:829} INFO - Processing file /home/ubuntu/ec2_customer_chum_venv/lib/python3.10/site-packages/airflow/example_dags/example_external_task_marker_dag.py for tasks to queue
[2023-12-07T16:56:27.308+0000] {logging_mixin.py:154} INFO - [2023-12-07T16:56:27.308+0000] {dagbag.py:536} INFO - Filling up the DagBag from /home/ubuntu/ec2_customer_chum_venv/lib/python3.10/site-packages/airflow/example_dags/example_external_task_marker_dag.py
[2023-12-07T16:56:27.315+0000] {processor.py:839} INFO - DAG(s) dict_keys(['example_external_task_marker_parent', 'example_external_task_marker_child']) retrieved from /home/ubuntu/ec2_customer_chum_venv/lib/python3.10/site-packages/airflow/example_dags/example_external_task_marker_dag.py
[2023-12-07T16:56:27.336+0000] {logging_mixin.py:154} INFO - [2023-12-07T16:56:27.336+0000] {dag.py:2941} INFO - Sync 2 DAGs
[2023-12-07T16:56:27.349+0000] {logging_mixin.py:154} INFO - [2023-12-07T16:56:27.349+0000] {dag.py:3722} INFO - Setting next_dagrun for example_external_task_marker_child to None, run_after=None
[2023-12-07T16:56:27.352+0000] {logging_mixin.py:154} INFO - [2023-12-07T16:56:27.352+0000] {dag.py:3722} INFO - Setting next_dagrun for example_external_task_marker_parent to None, run_after=None
[2023-12-07T16:56:27.374+0000] {processor.py:179} INFO - Processing /home/ubuntu/ec2_customer_chum_venv/lib/python3.10/site-packages/airflow/example_dags/example_external_task_marker_dag.py took 0.072 seconds
[2023-12-07T16:57:10.485+0000] {processor.py:157} INFO - Started process (PID=5446) to work on /home/ubuntu/ec2_customer_chum_venv/lib/python3.10/site-packages/airflow/example_dags/example_external_task_marker_dag.py
[2023-12-07T16:57:10.486+0000] {processor.py:829} INFO - Processing file /home/ubuntu/ec2_customer_chum_venv/lib/python3.10/site-packages/airflow/example_dags/example_external_task_marker_dag.py for tasks to queue
[2023-12-07T16:57:10.487+0000] {logging_mixin.py:154} INFO - [2023-12-07T16:57:10.487+0000] {dagbag.py:536} INFO - Filling up the DagBag from /home/ubuntu/ec2_customer_chum_venv/lib/python3.10/site-packages/airflow/example_dags/example_external_task_marker_dag.py
[2023-12-07T16:57:10.494+0000] {processor.py:839} INFO - DAG(s) dict_keys(['example_external_task_marker_parent', 'example_external_task_marker_child']) retrieved from /home/ubuntu/ec2_customer_chum_venv/lib/python3.10/site-packages/airflow/example_dags/example_external_task_marker_dag.py
[2023-12-07T16:57:10.515+0000] {logging_mixin.py:154} INFO - [2023-12-07T16:57:10.514+0000] {dag.py:2941} INFO - Sync 2 DAGs
[2023-12-07T16:57:10.527+0000] {logging_mixin.py:154} INFO - [2023-12-07T16:57:10.527+0000] {dag.py:3722} INFO - Setting next_dagrun for example_external_task_marker_child to None, run_after=None
[2023-12-07T16:57:10.531+0000] {logging_mixin.py:154} INFO - [2023-12-07T16:57:10.531+0000] {dag.py:3722} INFO - Setting next_dagrun for example_external_task_marker_parent to None, run_after=None
[2023-12-07T16:57:10.550+0000] {processor.py:179} INFO - Processing /home/ubuntu/ec2_customer_chum_venv/lib/python3.10/site-packages/airflow/example_dags/example_external_task_marker_dag.py took 0.069 seconds
[2023-12-07T16:57:54.343+0000] {processor.py:157} INFO - Started process (PID=5492) to work on /home/ubuntu/ec2_customer_chum_venv/lib/python3.10/site-packages/airflow/example_dags/example_external_task_marker_dag.py
[2023-12-07T16:57:54.344+0000] {processor.py:829} INFO - Processing file /home/ubuntu/ec2_customer_chum_venv/lib/python3.10/site-packages/airflow/example_dags/example_external_task_marker_dag.py for tasks to queue
[2023-12-07T16:57:54.345+0000] {logging_mixin.py:154} INFO - [2023-12-07T16:57:54.345+0000] {dagbag.py:536} INFO - Filling up the DagBag from /home/ubuntu/ec2_customer_chum_venv/lib/python3.10/site-packages/airflow/example_dags/example_external_task_marker_dag.py
[2023-12-07T16:57:54.352+0000] {processor.py:839} INFO - DAG(s) dict_keys(['example_external_task_marker_child', 'example_external_task_marker_parent']) retrieved from /home/ubuntu/ec2_customer_chum_venv/lib/python3.10/site-packages/airflow/example_dags/example_external_task_marker_dag.py
[2023-12-07T16:57:54.373+0000] {logging_mixin.py:154} INFO - [2023-12-07T16:57:54.372+0000] {dag.py:2941} INFO - Sync 2 DAGs
[2023-12-07T16:57:54.384+0000] {logging_mixin.py:154} INFO - [2023-12-07T16:57:54.384+0000] {dag.py:3722} INFO - Setting next_dagrun for example_external_task_marker_child to None, run_after=None
[2023-12-07T16:57:54.388+0000] {logging_mixin.py:154} INFO - [2023-12-07T16:57:54.387+0000] {dag.py:3722} INFO - Setting next_dagrun for example_external_task_marker_parent to None, run_after=None
[2023-12-07T16:57:54.407+0000] {processor.py:179} INFO - Processing /home/ubuntu/ec2_customer_chum_venv/lib/python3.10/site-packages/airflow/example_dags/example_external_task_marker_dag.py took 0.068 seconds
[2023-12-07T16:58:39.044+0000] {processor.py:157} INFO - Started process (PID=5540) to work on /home/ubuntu/ec2_customer_chum_venv/lib/python3.10/site-packages/airflow/example_dags/example_external_task_marker_dag.py
[2023-12-07T16:58:39.045+0000] {processor.py:829} INFO - Processing file /home/ubuntu/ec2_customer_chum_venv/lib/python3.10/site-packages/airflow/example_dags/example_external_task_marker_dag.py for tasks to queue
[2023-12-07T16:58:39.046+0000] {logging_mixin.py:154} INFO - [2023-12-07T16:58:39.046+0000] {dagbag.py:536} INFO - Filling up the DagBag from /home/ubuntu/ec2_customer_chum_venv/lib/python3.10/site-packages/airflow/example_dags/example_external_task_marker_dag.py
[2023-12-07T16:58:39.053+0000] {processor.py:839} INFO - DAG(s) dict_keys(['example_external_task_marker_parent', 'example_external_task_marker_child']) retrieved from /home/ubuntu/ec2_customer_chum_venv/lib/python3.10/site-packages/airflow/example_dags/example_external_task_marker_dag.py
[2023-12-07T16:58:39.073+0000] {logging_mixin.py:154} INFO - [2023-12-07T16:58:39.073+0000] {dag.py:2941} INFO - Sync 2 DAGs
[2023-12-07T16:58:39.085+0000] {logging_mixin.py:154} INFO - [2023-12-07T16:58:39.085+0000] {dag.py:3722} INFO - Setting next_dagrun for example_external_task_marker_child to None, run_after=None
[2023-12-07T16:58:39.089+0000] {logging_mixin.py:154} INFO - [2023-12-07T16:58:39.089+0000] {dag.py:3722} INFO - Setting next_dagrun for example_external_task_marker_parent to None, run_after=None
[2023-12-07T16:58:39.110+0000] {processor.py:179} INFO - Processing /home/ubuntu/ec2_customer_chum_venv/lib/python3.10/site-packages/airflow/example_dags/example_external_task_marker_dag.py took 0.070 seconds
[2023-12-07T16:59:22.330+0000] {processor.py:157} INFO - Started process (PID=5584) to work on /home/ubuntu/ec2_customer_chum_venv/lib/python3.10/site-packages/airflow/example_dags/example_external_task_marker_dag.py
[2023-12-07T16:59:22.331+0000] {processor.py:829} INFO - Processing file /home/ubuntu/ec2_customer_chum_venv/lib/python3.10/site-packages/airflow/example_dags/example_external_task_marker_dag.py for tasks to queue
[2023-12-07T16:59:22.332+0000] {logging_mixin.py:154} INFO - [2023-12-07T16:59:22.332+0000] {dagbag.py:536} INFO - Filling up the DagBag from /home/ubuntu/ec2_customer_chum_venv/lib/python3.10/site-packages/airflow/example_dags/example_external_task_marker_dag.py
[2023-12-07T16:59:22.339+0000] {processor.py:839} INFO - DAG(s) dict_keys(['example_external_task_marker_child', 'example_external_task_marker_parent']) retrieved from /home/ubuntu/ec2_customer_chum_venv/lib/python3.10/site-packages/airflow/example_dags/example_external_task_marker_dag.py
[2023-12-07T16:59:22.360+0000] {logging_mixin.py:154} INFO - [2023-12-07T16:59:22.360+0000] {dag.py:2941} INFO - Sync 2 DAGs
[2023-12-07T16:59:22.373+0000] {logging_mixin.py:154} INFO - [2023-12-07T16:59:22.373+0000] {dag.py:3722} INFO - Setting next_dagrun for example_external_task_marker_child to None, run_after=None
[2023-12-07T16:59:22.376+0000] {logging_mixin.py:154} INFO - [2023-12-07T16:59:22.376+0000] {dag.py:3722} INFO - Setting next_dagrun for example_external_task_marker_parent to None, run_after=None
[2023-12-07T16:59:22.396+0000] {processor.py:179} INFO - Processing /home/ubuntu/ec2_customer_chum_venv/lib/python3.10/site-packages/airflow/example_dags/example_external_task_marker_dag.py took 0.069 seconds
[2023-12-07T17:00:06.376+0000] {processor.py:157} INFO - Started process (PID=5630) to work on /home/ubuntu/ec2_customer_chum_venv/lib/python3.10/site-packages/airflow/example_dags/example_external_task_marker_dag.py
[2023-12-07T17:00:06.377+0000] {processor.py:829} INFO - Processing file /home/ubuntu/ec2_customer_chum_venv/lib/python3.10/site-packages/airflow/example_dags/example_external_task_marker_dag.py for tasks to queue
[2023-12-07T17:00:06.378+0000] {logging_mixin.py:154} INFO - [2023-12-07T17:00:06.378+0000] {dagbag.py:536} INFO - Filling up the DagBag from /home/ubuntu/ec2_customer_chum_venv/lib/python3.10/site-packages/airflow/example_dags/example_external_task_marker_dag.py
[2023-12-07T17:00:06.385+0000] {processor.py:839} INFO - DAG(s) dict_keys(['example_external_task_marker_child', 'example_external_task_marker_parent']) retrieved from /home/ubuntu/ec2_customer_chum_venv/lib/python3.10/site-packages/airflow/example_dags/example_external_task_marker_dag.py
[2023-12-07T17:00:06.406+0000] {logging_mixin.py:154} INFO - [2023-12-07T17:00:06.406+0000] {dag.py:2941} INFO - Sync 2 DAGs
[2023-12-07T17:00:06.419+0000] {logging_mixin.py:154} INFO - [2023-12-07T17:00:06.419+0000] {dag.py:3722} INFO - Setting next_dagrun for example_external_task_marker_child to None, run_after=None
[2023-12-07T17:00:06.422+0000] {logging_mixin.py:154} INFO - [2023-12-07T17:00:06.422+0000] {dag.py:3722} INFO - Setting next_dagrun for example_external_task_marker_parent to None, run_after=None
[2023-12-07T17:00:06.444+0000] {processor.py:179} INFO - Processing /home/ubuntu/ec2_customer_chum_venv/lib/python3.10/site-packages/airflow/example_dags/example_external_task_marker_dag.py took 0.071 seconds
[2023-12-07T17:00:55.704+0000] {processor.py:157} INFO - Started process (PID=5680) to work on /home/ubuntu/ec2_customer_chum_venv/lib/python3.10/site-packages/airflow/example_dags/example_external_task_marker_dag.py
[2023-12-07T17:00:55.705+0000] {processor.py:829} INFO - Processing file /home/ubuntu/ec2_customer_chum_venv/lib/python3.10/site-packages/airflow/example_dags/example_external_task_marker_dag.py for tasks to queue
[2023-12-07T17:00:55.706+0000] {logging_mixin.py:154} INFO - [2023-12-07T17:00:55.706+0000] {dagbag.py:536} INFO - Filling up the DagBag from /home/ubuntu/ec2_customer_chum_venv/lib/python3.10/site-packages/airflow/example_dags/example_external_task_marker_dag.py
[2023-12-07T17:00:55.713+0000] {processor.py:839} INFO - DAG(s) dict_keys(['example_external_task_marker_child', 'example_external_task_marker_parent']) retrieved from /home/ubuntu/ec2_customer_chum_venv/lib/python3.10/site-packages/airflow/example_dags/example_external_task_marker_dag.py
[2023-12-07T17:00:55.734+0000] {logging_mixin.py:154} INFO - [2023-12-07T17:00:55.733+0000] {dag.py:2941} INFO - Sync 2 DAGs
[2023-12-07T17:00:55.746+0000] {logging_mixin.py:154} INFO - [2023-12-07T17:00:55.746+0000] {dag.py:3722} INFO - Setting next_dagrun for example_external_task_marker_child to None, run_after=None
[2023-12-07T17:00:55.749+0000] {logging_mixin.py:154} INFO - [2023-12-07T17:00:55.749+0000] {dag.py:3722} INFO - Setting next_dagrun for example_external_task_marker_parent to None, run_after=None
[2023-12-07T17:00:55.771+0000] {processor.py:179} INFO - Processing /home/ubuntu/ec2_customer_chum_venv/lib/python3.10/site-packages/airflow/example_dags/example_external_task_marker_dag.py took 0.070 seconds
[2023-12-07T17:01:41.379+0000] {processor.py:157} INFO - Started process (PID=5727) to work on /home/ubuntu/ec2_customer_chum_venv/lib/python3.10/site-packages/airflow/example_dags/example_external_task_marker_dag.py
[2023-12-07T17:01:41.380+0000] {processor.py:829} INFO - Processing file /home/ubuntu/ec2_customer_chum_venv/lib/python3.10/site-packages/airflow/example_dags/example_external_task_marker_dag.py for tasks to queue
[2023-12-07T17:01:41.381+0000] {logging_mixin.py:154} INFO - [2023-12-07T17:01:41.381+0000] {dagbag.py:536} INFO - Filling up the DagBag from /home/ubuntu/ec2_customer_chum_venv/lib/python3.10/site-packages/airflow/example_dags/example_external_task_marker_dag.py
[2023-12-07T17:01:41.388+0000] {processor.py:839} INFO - DAG(s) dict_keys(['example_external_task_marker_parent', 'example_external_task_marker_child']) retrieved from /home/ubuntu/ec2_customer_chum_venv/lib/python3.10/site-packages/airflow/example_dags/example_external_task_marker_dag.py
[2023-12-07T17:01:41.409+0000] {logging_mixin.py:154} INFO - [2023-12-07T17:01:41.409+0000] {dag.py:2941} INFO - Sync 2 DAGs
[2023-12-07T17:01:41.422+0000] {logging_mixin.py:154} INFO - [2023-12-07T17:01:41.422+0000] {dag.py:3722} INFO - Setting next_dagrun for example_external_task_marker_child to None, run_after=None
[2023-12-07T17:01:41.425+0000] {logging_mixin.py:154} INFO - [2023-12-07T17:01:41.425+0000] {dag.py:3722} INFO - Setting next_dagrun for example_external_task_marker_parent to None, run_after=None
[2023-12-07T17:01:41.447+0000] {processor.py:179} INFO - Processing /home/ubuntu/ec2_customer_chum_venv/lib/python3.10/site-packages/airflow/example_dags/example_external_task_marker_dag.py took 0.072 seconds
[2023-12-07T17:02:29.403+0000] {processor.py:157} INFO - Started process (PID=5775) to work on /home/ubuntu/ec2_customer_chum_venv/lib/python3.10/site-packages/airflow/example_dags/example_external_task_marker_dag.py
[2023-12-07T17:02:29.405+0000] {processor.py:829} INFO - Processing file /home/ubuntu/ec2_customer_chum_venv/lib/python3.10/site-packages/airflow/example_dags/example_external_task_marker_dag.py for tasks to queue
[2023-12-07T17:02:29.406+0000] {logging_mixin.py:154} INFO - [2023-12-07T17:02:29.405+0000] {dagbag.py:536} INFO - Filling up the DagBag from /home/ubuntu/ec2_customer_chum_venv/lib/python3.10/site-packages/airflow/example_dags/example_external_task_marker_dag.py
[2023-12-07T17:02:29.412+0000] {processor.py:839} INFO - DAG(s) dict_keys(['example_external_task_marker_child', 'example_external_task_marker_parent']) retrieved from /home/ubuntu/ec2_customer_chum_venv/lib/python3.10/site-packages/airflow/example_dags/example_external_task_marker_dag.py
[2023-12-07T17:02:29.432+0000] {logging_mixin.py:154} INFO - [2023-12-07T17:02:29.432+0000] {dag.py:2941} INFO - Sync 2 DAGs
[2023-12-07T17:02:29.445+0000] {logging_mixin.py:154} INFO - [2023-12-07T17:02:29.444+0000] {dag.py:3722} INFO - Setting next_dagrun for example_external_task_marker_child to None, run_after=None
[2023-12-07T17:02:29.448+0000] {logging_mixin.py:154} INFO - [2023-12-07T17:02:29.447+0000] {dag.py:3722} INFO - Setting next_dagrun for example_external_task_marker_parent to None, run_after=None
[2023-12-07T17:02:29.470+0000] {processor.py:179} INFO - Processing /home/ubuntu/ec2_customer_chum_venv/lib/python3.10/site-packages/airflow/example_dags/example_external_task_marker_dag.py took 0.069 seconds
[2023-12-07T17:03:17.673+0000] {processor.py:157} INFO - Started process (PID=5823) to work on /home/ubuntu/ec2_customer_chum_venv/lib/python3.10/site-packages/airflow/example_dags/example_external_task_marker_dag.py
[2023-12-07T17:03:17.674+0000] {processor.py:829} INFO - Processing file /home/ubuntu/ec2_customer_chum_venv/lib/python3.10/site-packages/airflow/example_dags/example_external_task_marker_dag.py for tasks to queue
[2023-12-07T17:03:17.675+0000] {logging_mixin.py:154} INFO - [2023-12-07T17:03:17.675+0000] {dagbag.py:536} INFO - Filling up the DagBag from /home/ubuntu/ec2_customer_chum_venv/lib/python3.10/site-packages/airflow/example_dags/example_external_task_marker_dag.py
[2023-12-07T17:03:17.682+0000] {processor.py:839} INFO - DAG(s) dict_keys(['example_external_task_marker_parent', 'example_external_task_marker_child']) retrieved from /home/ubuntu/ec2_customer_chum_venv/lib/python3.10/site-packages/airflow/example_dags/example_external_task_marker_dag.py
[2023-12-07T17:03:17.703+0000] {logging_mixin.py:154} INFO - [2023-12-07T17:03:17.702+0000] {dag.py:2941} INFO - Sync 2 DAGs
[2023-12-07T17:03:17.715+0000] {logging_mixin.py:154} INFO - [2023-12-07T17:03:17.715+0000] {dag.py:3722} INFO - Setting next_dagrun for example_external_task_marker_child to None, run_after=None
[2023-12-07T17:03:17.718+0000] {logging_mixin.py:154} INFO - [2023-12-07T17:03:17.718+0000] {dag.py:3722} INFO - Setting next_dagrun for example_external_task_marker_parent to None, run_after=None
[2023-12-07T17:03:17.739+0000] {processor.py:179} INFO - Processing /home/ubuntu/ec2_customer_chum_venv/lib/python3.10/site-packages/airflow/example_dags/example_external_task_marker_dag.py took 0.069 seconds
[2023-12-07T17:04:01.080+0000] {processor.py:157} INFO - Started process (PID=5869) to work on /home/ubuntu/ec2_customer_chum_venv/lib/python3.10/site-packages/airflow/example_dags/example_external_task_marker_dag.py
[2023-12-07T17:04:01.081+0000] {processor.py:829} INFO - Processing file /home/ubuntu/ec2_customer_chum_venv/lib/python3.10/site-packages/airflow/example_dags/example_external_task_marker_dag.py for tasks to queue
[2023-12-07T17:04:01.082+0000] {logging_mixin.py:154} INFO - [2023-12-07T17:04:01.082+0000] {dagbag.py:536} INFO - Filling up the DagBag from /home/ubuntu/ec2_customer_chum_venv/lib/python3.10/site-packages/airflow/example_dags/example_external_task_marker_dag.py
[2023-12-07T17:04:01.089+0000] {processor.py:839} INFO - DAG(s) dict_keys(['example_external_task_marker_parent', 'example_external_task_marker_child']) retrieved from /home/ubuntu/ec2_customer_chum_venv/lib/python3.10/site-packages/airflow/example_dags/example_external_task_marker_dag.py
[2023-12-07T17:04:01.110+0000] {logging_mixin.py:154} INFO - [2023-12-07T17:04:01.109+0000] {dag.py:2941} INFO - Sync 2 DAGs
[2023-12-07T17:04:01.122+0000] {logging_mixin.py:154} INFO - [2023-12-07T17:04:01.122+0000] {dag.py:3722} INFO - Setting next_dagrun for example_external_task_marker_child to None, run_after=None
[2023-12-07T17:04:01.126+0000] {logging_mixin.py:154} INFO - [2023-12-07T17:04:01.125+0000] {dag.py:3722} INFO - Setting next_dagrun for example_external_task_marker_parent to None, run_after=None
[2023-12-07T17:04:01.146+0000] {processor.py:179} INFO - Processing /home/ubuntu/ec2_customer_chum_venv/lib/python3.10/site-packages/airflow/example_dags/example_external_task_marker_dag.py took 0.069 seconds
[2023-12-07T17:04:48.682+0000] {processor.py:157} INFO - Started process (PID=5920) to work on /home/ubuntu/ec2_customer_chum_venv/lib/python3.10/site-packages/airflow/example_dags/example_external_task_marker_dag.py
[2023-12-07T17:04:48.684+0000] {processor.py:829} INFO - Processing file /home/ubuntu/ec2_customer_chum_venv/lib/python3.10/site-packages/airflow/example_dags/example_external_task_marker_dag.py for tasks to queue
[2023-12-07T17:04:48.685+0000] {logging_mixin.py:154} INFO - [2023-12-07T17:04:48.684+0000] {dagbag.py:536} INFO - Filling up the DagBag from /home/ubuntu/ec2_customer_chum_venv/lib/python3.10/site-packages/airflow/example_dags/example_external_task_marker_dag.py
[2023-12-07T17:04:48.691+0000] {processor.py:839} INFO - DAG(s) dict_keys(['example_external_task_marker_child', 'example_external_task_marker_parent']) retrieved from /home/ubuntu/ec2_customer_chum_venv/lib/python3.10/site-packages/airflow/example_dags/example_external_task_marker_dag.py
[2023-12-07T17:04:48.711+0000] {logging_mixin.py:154} INFO - [2023-12-07T17:04:48.711+0000] {dag.py:2941} INFO - Sync 2 DAGs
[2023-12-07T17:04:48.723+0000] {logging_mixin.py:154} INFO - [2023-12-07T17:04:48.723+0000] {dag.py:3722} INFO - Setting next_dagrun for example_external_task_marker_child to None, run_after=None
[2023-12-07T17:04:48.726+0000] {logging_mixin.py:154} INFO - [2023-12-07T17:04:48.726+0000] {dag.py:3722} INFO - Setting next_dagrun for example_external_task_marker_parent to None, run_after=None
[2023-12-07T17:04:48.746+0000] {processor.py:179} INFO - Processing /home/ubuntu/ec2_customer_chum_venv/lib/python3.10/site-packages/airflow/example_dags/example_external_task_marker_dag.py took 0.067 seconds
[2023-12-07T17:05:32.151+0000] {processor.py:157} INFO - Started process (PID=5966) to work on /home/ubuntu/ec2_customer_chum_venv/lib/python3.10/site-packages/airflow/example_dags/example_external_task_marker_dag.py
[2023-12-07T17:05:32.152+0000] {processor.py:829} INFO - Processing file /home/ubuntu/ec2_customer_chum_venv/lib/python3.10/site-packages/airflow/example_dags/example_external_task_marker_dag.py for tasks to queue
[2023-12-07T17:05:32.153+0000] {logging_mixin.py:154} INFO - [2023-12-07T17:05:32.152+0000] {dagbag.py:536} INFO - Filling up the DagBag from /home/ubuntu/ec2_customer_chum_venv/lib/python3.10/site-packages/airflow/example_dags/example_external_task_marker_dag.py
[2023-12-07T17:05:32.159+0000] {processor.py:839} INFO - DAG(s) dict_keys(['example_external_task_marker_parent', 'example_external_task_marker_child']) retrieved from /home/ubuntu/ec2_customer_chum_venv/lib/python3.10/site-packages/airflow/example_dags/example_external_task_marker_dag.py
[2023-12-07T17:05:32.180+0000] {logging_mixin.py:154} INFO - [2023-12-07T17:05:32.180+0000] {dag.py:2941} INFO - Sync 2 DAGs
[2023-12-07T17:05:32.193+0000] {logging_mixin.py:154} INFO - [2023-12-07T17:05:32.193+0000] {dag.py:3722} INFO - Setting next_dagrun for example_external_task_marker_child to None, run_after=None
[2023-12-07T17:05:32.196+0000] {logging_mixin.py:154} INFO - [2023-12-07T17:05:32.196+0000] {dag.py:3722} INFO - Setting next_dagrun for example_external_task_marker_parent to None, run_after=None
[2023-12-07T17:05:32.219+0000] {processor.py:179} INFO - Processing /home/ubuntu/ec2_customer_chum_venv/lib/python3.10/site-packages/airflow/example_dags/example_external_task_marker_dag.py took 0.071 seconds
[2023-12-07T17:06:14.964+0000] {processor.py:157} INFO - Started process (PID=6010) to work on /home/ubuntu/ec2_customer_chum_venv/lib/python3.10/site-packages/airflow/example_dags/example_external_task_marker_dag.py
[2023-12-07T17:06:14.966+0000] {processor.py:829} INFO - Processing file /home/ubuntu/ec2_customer_chum_venv/lib/python3.10/site-packages/airflow/example_dags/example_external_task_marker_dag.py for tasks to queue
[2023-12-07T17:06:14.966+0000] {logging_mixin.py:154} INFO - [2023-12-07T17:06:14.966+0000] {dagbag.py:536} INFO - Filling up the DagBag from /home/ubuntu/ec2_customer_chum_venv/lib/python3.10/site-packages/airflow/example_dags/example_external_task_marker_dag.py
[2023-12-07T17:06:14.973+0000] {processor.py:839} INFO - DAG(s) dict_keys(['example_external_task_marker_child', 'example_external_task_marker_parent']) retrieved from /home/ubuntu/ec2_customer_chum_venv/lib/python3.10/site-packages/airflow/example_dags/example_external_task_marker_dag.py
[2023-12-07T17:06:14.994+0000] {logging_mixin.py:154} INFO - [2023-12-07T17:06:14.994+0000] {dag.py:2941} INFO - Sync 2 DAGs
[2023-12-07T17:06:15.007+0000] {logging_mixin.py:154} INFO - [2023-12-07T17:06:15.006+0000] {dag.py:3722} INFO - Setting next_dagrun for example_external_task_marker_child to None, run_after=None
[2023-12-07T17:06:15.011+0000] {logging_mixin.py:154} INFO - [2023-12-07T17:06:15.010+0000] {dag.py:3722} INFO - Setting next_dagrun for example_external_task_marker_parent to None, run_after=None
[2023-12-07T17:06:15.037+0000] {processor.py:179} INFO - Processing /home/ubuntu/ec2_customer_chum_venv/lib/python3.10/site-packages/airflow/example_dags/example_external_task_marker_dag.py took 0.076 seconds
[2023-12-07T17:06:59.250+0000] {processor.py:157} INFO - Started process (PID=6055) to work on /home/ubuntu/ec2_customer_chum_venv/lib/python3.10/site-packages/airflow/example_dags/example_external_task_marker_dag.py
[2023-12-07T17:06:59.251+0000] {processor.py:829} INFO - Processing file /home/ubuntu/ec2_customer_chum_venv/lib/python3.10/site-packages/airflow/example_dags/example_external_task_marker_dag.py for tasks to queue
[2023-12-07T17:06:59.252+0000] {logging_mixin.py:154} INFO - [2023-12-07T17:06:59.251+0000] {dagbag.py:536} INFO - Filling up the DagBag from /home/ubuntu/ec2_customer_chum_venv/lib/python3.10/site-packages/airflow/example_dags/example_external_task_marker_dag.py
[2023-12-07T17:06:59.258+0000] {processor.py:839} INFO - DAG(s) dict_keys(['example_external_task_marker_parent', 'example_external_task_marker_child']) retrieved from /home/ubuntu/ec2_customer_chum_venv/lib/python3.10/site-packages/airflow/example_dags/example_external_task_marker_dag.py
[2023-12-07T17:06:59.279+0000] {logging_mixin.py:154} INFO - [2023-12-07T17:06:59.278+0000] {dag.py:2941} INFO - Sync 2 DAGs
[2023-12-07T17:06:59.291+0000] {logging_mixin.py:154} INFO - [2023-12-07T17:06:59.291+0000] {dag.py:3722} INFO - Setting next_dagrun for example_external_task_marker_child to None, run_after=None
[2023-12-07T17:06:59.294+0000] {logging_mixin.py:154} INFO - [2023-12-07T17:06:59.294+0000] {dag.py:3722} INFO - Setting next_dagrun for example_external_task_marker_parent to None, run_after=None
[2023-12-07T17:06:59.313+0000] {processor.py:179} INFO - Processing /home/ubuntu/ec2_customer_chum_venv/lib/python3.10/site-packages/airflow/example_dags/example_external_task_marker_dag.py took 0.067 seconds
[2023-12-07T17:07:46.955+0000] {processor.py:157} INFO - Started process (PID=6104) to work on /home/ubuntu/ec2_customer_chum_venv/lib/python3.10/site-packages/airflow/example_dags/example_external_task_marker_dag.py
[2023-12-07T17:07:46.956+0000] {processor.py:829} INFO - Processing file /home/ubuntu/ec2_customer_chum_venv/lib/python3.10/site-packages/airflow/example_dags/example_external_task_marker_dag.py for tasks to queue
[2023-12-07T17:07:46.957+0000] {logging_mixin.py:154} INFO - [2023-12-07T17:07:46.957+0000] {dagbag.py:536} INFO - Filling up the DagBag from /home/ubuntu/ec2_customer_chum_venv/lib/python3.10/site-packages/airflow/example_dags/example_external_task_marker_dag.py
[2023-12-07T17:07:46.964+0000] {processor.py:839} INFO - DAG(s) dict_keys(['example_external_task_marker_child', 'example_external_task_marker_parent']) retrieved from /home/ubuntu/ec2_customer_chum_venv/lib/python3.10/site-packages/airflow/example_dags/example_external_task_marker_dag.py
[2023-12-07T17:07:46.985+0000] {logging_mixin.py:154} INFO - [2023-12-07T17:07:46.985+0000] {dag.py:2941} INFO - Sync 2 DAGs
[2023-12-07T17:07:46.997+0000] {logging_mixin.py:154} INFO - [2023-12-07T17:07:46.997+0000] {dag.py:3722} INFO - Setting next_dagrun for example_external_task_marker_child to None, run_after=None
[2023-12-07T17:07:47.000+0000] {logging_mixin.py:154} INFO - [2023-12-07T17:07:47.000+0000] {dag.py:3722} INFO - Setting next_dagrun for example_external_task_marker_parent to None, run_after=None
[2023-12-07T17:07:47.021+0000] {processor.py:179} INFO - Processing /home/ubuntu/ec2_customer_chum_venv/lib/python3.10/site-packages/airflow/example_dags/example_external_task_marker_dag.py took 0.069 seconds
[2023-12-07T17:08:33.524+0000] {processor.py:157} INFO - Started process (PID=6151) to work on /home/ubuntu/ec2_customer_chum_venv/lib/python3.10/site-packages/airflow/example_dags/example_external_task_marker_dag.py
[2023-12-07T17:08:33.525+0000] {processor.py:829} INFO - Processing file /home/ubuntu/ec2_customer_chum_venv/lib/python3.10/site-packages/airflow/example_dags/example_external_task_marker_dag.py for tasks to queue
[2023-12-07T17:08:33.526+0000] {logging_mixin.py:154} INFO - [2023-12-07T17:08:33.526+0000] {dagbag.py:536} INFO - Filling up the DagBag from /home/ubuntu/ec2_customer_chum_venv/lib/python3.10/site-packages/airflow/example_dags/example_external_task_marker_dag.py
[2023-12-07T17:08:33.533+0000] {processor.py:839} INFO - DAG(s) dict_keys(['example_external_task_marker_parent', 'example_external_task_marker_child']) retrieved from /home/ubuntu/ec2_customer_chum_venv/lib/python3.10/site-packages/airflow/example_dags/example_external_task_marker_dag.py
[2023-12-07T17:08:33.554+0000] {logging_mixin.py:154} INFO - [2023-12-07T17:08:33.554+0000] {dag.py:2941} INFO - Sync 2 DAGs
[2023-12-07T17:08:33.567+0000] {logging_mixin.py:154} INFO - [2023-12-07T17:08:33.566+0000] {dag.py:3722} INFO - Setting next_dagrun for example_external_task_marker_child to None, run_after=None
[2023-12-07T17:08:33.570+0000] {logging_mixin.py:154} INFO - [2023-12-07T17:08:33.569+0000] {dag.py:3722} INFO - Setting next_dagrun for example_external_task_marker_parent to None, run_after=None
[2023-12-07T17:08:33.590+0000] {processor.py:179} INFO - Processing /home/ubuntu/ec2_customer_chum_venv/lib/python3.10/site-packages/airflow/example_dags/example_external_task_marker_dag.py took 0.070 seconds
[2023-12-07T17:09:20.191+0000] {processor.py:157} INFO - Started process (PID=6199) to work on /home/ubuntu/ec2_customer_chum_venv/lib/python3.10/site-packages/airflow/example_dags/example_external_task_marker_dag.py
[2023-12-07T17:09:20.193+0000] {processor.py:829} INFO - Processing file /home/ubuntu/ec2_customer_chum_venv/lib/python3.10/site-packages/airflow/example_dags/example_external_task_marker_dag.py for tasks to queue
[2023-12-07T17:09:20.194+0000] {logging_mixin.py:154} INFO - [2023-12-07T17:09:20.193+0000] {dagbag.py:536} INFO - Filling up the DagBag from /home/ubuntu/ec2_customer_chum_venv/lib/python3.10/site-packages/airflow/example_dags/example_external_task_marker_dag.py
[2023-12-07T17:09:20.200+0000] {processor.py:839} INFO - DAG(s) dict_keys(['example_external_task_marker_child', 'example_external_task_marker_parent']) retrieved from /home/ubuntu/ec2_customer_chum_venv/lib/python3.10/site-packages/airflow/example_dags/example_external_task_marker_dag.py
[2023-12-07T17:09:20.220+0000] {logging_mixin.py:154} INFO - [2023-12-07T17:09:20.220+0000] {dag.py:2941} INFO - Sync 2 DAGs
[2023-12-07T17:09:20.232+0000] {logging_mixin.py:154} INFO - [2023-12-07T17:09:20.232+0000] {dag.py:3722} INFO - Setting next_dagrun for example_external_task_marker_child to None, run_after=None
[2023-12-07T17:09:20.235+0000] {logging_mixin.py:154} INFO - [2023-12-07T17:09:20.235+0000] {dag.py:3722} INFO - Setting next_dagrun for example_external_task_marker_parent to None, run_after=None
[2023-12-07T17:09:20.255+0000] {processor.py:179} INFO - Processing /home/ubuntu/ec2_customer_chum_venv/lib/python3.10/site-packages/airflow/example_dags/example_external_task_marker_dag.py took 0.067 seconds
[2023-12-07T17:10:02.806+0000] {processor.py:157} INFO - Started process (PID=6244) to work on /home/ubuntu/ec2_customer_chum_venv/lib/python3.10/site-packages/airflow/example_dags/example_external_task_marker_dag.py
[2023-12-07T17:10:02.807+0000] {processor.py:829} INFO - Processing file /home/ubuntu/ec2_customer_chum_venv/lib/python3.10/site-packages/airflow/example_dags/example_external_task_marker_dag.py for tasks to queue
[2023-12-07T17:10:02.808+0000] {logging_mixin.py:154} INFO - [2023-12-07T17:10:02.808+0000] {dagbag.py:536} INFO - Filling up the DagBag from /home/ubuntu/ec2_customer_chum_venv/lib/python3.10/site-packages/airflow/example_dags/example_external_task_marker_dag.py
[2023-12-07T17:10:02.815+0000] {processor.py:839} INFO - DAG(s) dict_keys(['example_external_task_marker_parent', 'example_external_task_marker_child']) retrieved from /home/ubuntu/ec2_customer_chum_venv/lib/python3.10/site-packages/airflow/example_dags/example_external_task_marker_dag.py
[2023-12-07T17:10:02.837+0000] {logging_mixin.py:154} INFO - [2023-12-07T17:10:02.837+0000] {dag.py:2941} INFO - Sync 2 DAGs
[2023-12-07T17:10:02.851+0000] {logging_mixin.py:154} INFO - [2023-12-07T17:10:02.850+0000] {dag.py:3722} INFO - Setting next_dagrun for example_external_task_marker_child to None, run_after=None
[2023-12-07T17:10:02.854+0000] {logging_mixin.py:154} INFO - [2023-12-07T17:10:02.854+0000] {dag.py:3722} INFO - Setting next_dagrun for example_external_task_marker_parent to None, run_after=None
[2023-12-07T17:10:02.878+0000] {processor.py:179} INFO - Processing /home/ubuntu/ec2_customer_chum_venv/lib/python3.10/site-packages/airflow/example_dags/example_external_task_marker_dag.py took 0.075 seconds
[2023-12-07T17:10:51.592+0000] {processor.py:157} INFO - Started process (PID=6294) to work on /home/ubuntu/ec2_customer_chum_venv/lib/python3.10/site-packages/airflow/example_dags/example_external_task_marker_dag.py
[2023-12-07T17:10:51.593+0000] {processor.py:829} INFO - Processing file /home/ubuntu/ec2_customer_chum_venv/lib/python3.10/site-packages/airflow/example_dags/example_external_task_marker_dag.py for tasks to queue
[2023-12-07T17:10:51.594+0000] {logging_mixin.py:154} INFO - [2023-12-07T17:10:51.594+0000] {dagbag.py:536} INFO - Filling up the DagBag from /home/ubuntu/ec2_customer_chum_venv/lib/python3.10/site-packages/airflow/example_dags/example_external_task_marker_dag.py
[2023-12-07T17:10:51.600+0000] {processor.py:839} INFO - DAG(s) dict_keys(['example_external_task_marker_child', 'example_external_task_marker_parent']) retrieved from /home/ubuntu/ec2_customer_chum_venv/lib/python3.10/site-packages/airflow/example_dags/example_external_task_marker_dag.py
[2023-12-07T17:10:51.624+0000] {logging_mixin.py:154} INFO - [2023-12-07T17:10:51.624+0000] {dag.py:2941} INFO - Sync 2 DAGs
[2023-12-07T17:10:51.637+0000] {logging_mixin.py:154} INFO - [2023-12-07T17:10:51.636+0000] {dag.py:3722} INFO - Setting next_dagrun for example_external_task_marker_child to None, run_after=None
[2023-12-07T17:10:51.640+0000] {logging_mixin.py:154} INFO - [2023-12-07T17:10:51.640+0000] {dag.py:3722} INFO - Setting next_dagrun for example_external_task_marker_parent to None, run_after=None
[2023-12-07T17:10:51.661+0000] {processor.py:179} INFO - Processing /home/ubuntu/ec2_customer_chum_venv/lib/python3.10/site-packages/airflow/example_dags/example_external_task_marker_dag.py took 0.073 seconds
[2023-12-07T17:11:36.753+0000] {processor.py:157} INFO - Started process (PID=6343) to work on /home/ubuntu/ec2_customer_chum_venv/lib/python3.10/site-packages/airflow/example_dags/example_external_task_marker_dag.py
[2023-12-07T17:11:36.754+0000] {processor.py:829} INFO - Processing file /home/ubuntu/ec2_customer_chum_venv/lib/python3.10/site-packages/airflow/example_dags/example_external_task_marker_dag.py for tasks to queue
[2023-12-07T17:11:36.755+0000] {logging_mixin.py:154} INFO - [2023-12-07T17:11:36.754+0000] {dagbag.py:536} INFO - Filling up the DagBag from /home/ubuntu/ec2_customer_chum_venv/lib/python3.10/site-packages/airflow/example_dags/example_external_task_marker_dag.py
[2023-12-07T17:11:36.761+0000] {processor.py:839} INFO - DAG(s) dict_keys(['example_external_task_marker_child', 'example_external_task_marker_parent']) retrieved from /home/ubuntu/ec2_customer_chum_venv/lib/python3.10/site-packages/airflow/example_dags/example_external_task_marker_dag.py
[2023-12-07T17:11:36.782+0000] {logging_mixin.py:154} INFO - [2023-12-07T17:11:36.782+0000] {dag.py:2941} INFO - Sync 2 DAGs
[2023-12-07T17:11:36.795+0000] {logging_mixin.py:154} INFO - [2023-12-07T17:11:36.795+0000] {dag.py:3722} INFO - Setting next_dagrun for example_external_task_marker_child to None, run_after=None
[2023-12-07T17:11:36.798+0000] {logging_mixin.py:154} INFO - [2023-12-07T17:11:36.798+0000] {dag.py:3722} INFO - Setting next_dagrun for example_external_task_marker_parent to None, run_after=None
[2023-12-07T17:11:36.820+0000] {processor.py:179} INFO - Processing /home/ubuntu/ec2_customer_chum_venv/lib/python3.10/site-packages/airflow/example_dags/example_external_task_marker_dag.py took 0.071 seconds
[2023-12-07T17:12:20.830+0000] {processor.py:157} INFO - Started process (PID=6390) to work on /home/ubuntu/ec2_customer_chum_venv/lib/python3.10/site-packages/airflow/example_dags/example_external_task_marker_dag.py
[2023-12-07T17:12:20.832+0000] {processor.py:829} INFO - Processing file /home/ubuntu/ec2_customer_chum_venv/lib/python3.10/site-packages/airflow/example_dags/example_external_task_marker_dag.py for tasks to queue
[2023-12-07T17:12:20.832+0000] {logging_mixin.py:154} INFO - [2023-12-07T17:12:20.832+0000] {dagbag.py:536} INFO - Filling up the DagBag from /home/ubuntu/ec2_customer_chum_venv/lib/python3.10/site-packages/airflow/example_dags/example_external_task_marker_dag.py
[2023-12-07T17:12:20.839+0000] {processor.py:839} INFO - DAG(s) dict_keys(['example_external_task_marker_child', 'example_external_task_marker_parent']) retrieved from /home/ubuntu/ec2_customer_chum_venv/lib/python3.10/site-packages/airflow/example_dags/example_external_task_marker_dag.py
[2023-12-07T17:12:20.860+0000] {logging_mixin.py:154} INFO - [2023-12-07T17:12:20.860+0000] {dag.py:2941} INFO - Sync 2 DAGs
[2023-12-07T17:12:20.872+0000] {logging_mixin.py:154} INFO - [2023-12-07T17:12:20.872+0000] {dag.py:3722} INFO - Setting next_dagrun for example_external_task_marker_child to None, run_after=None
[2023-12-07T17:12:20.876+0000] {logging_mixin.py:154} INFO - [2023-12-07T17:12:20.875+0000] {dag.py:3722} INFO - Setting next_dagrun for example_external_task_marker_parent to None, run_after=None
[2023-12-07T17:12:20.896+0000] {processor.py:179} INFO - Processing /home/ubuntu/ec2_customer_chum_venv/lib/python3.10/site-packages/airflow/example_dags/example_external_task_marker_dag.py took 0.069 seconds
[2023-12-07T17:13:09.539+0000] {processor.py:157} INFO - Started process (PID=6525) to work on /home/ubuntu/ec2_customer_chum_venv/lib/python3.10/site-packages/airflow/example_dags/example_external_task_marker_dag.py
[2023-12-07T17:13:09.540+0000] {processor.py:829} INFO - Processing file /home/ubuntu/ec2_customer_chum_venv/lib/python3.10/site-packages/airflow/example_dags/example_external_task_marker_dag.py for tasks to queue
[2023-12-07T17:13:09.541+0000] {logging_mixin.py:154} INFO - [2023-12-07T17:13:09.541+0000] {dagbag.py:536} INFO - Filling up the DagBag from /home/ubuntu/ec2_customer_chum_venv/lib/python3.10/site-packages/airflow/example_dags/example_external_task_marker_dag.py
[2023-12-07T17:13:09.548+0000] {processor.py:839} INFO - DAG(s) dict_keys(['example_external_task_marker_child', 'example_external_task_marker_parent']) retrieved from /home/ubuntu/ec2_customer_chum_venv/lib/python3.10/site-packages/airflow/example_dags/example_external_task_marker_dag.py
[2023-12-07T17:13:09.572+0000] {logging_mixin.py:154} INFO - [2023-12-07T17:13:09.572+0000] {dag.py:2941} INFO - Sync 2 DAGs
[2023-12-07T17:13:09.584+0000] {logging_mixin.py:154} INFO - [2023-12-07T17:13:09.584+0000] {dag.py:3722} INFO - Setting next_dagrun for example_external_task_marker_child to None, run_after=None
[2023-12-07T17:13:09.587+0000] {logging_mixin.py:154} INFO - [2023-12-07T17:13:09.587+0000] {dag.py:3722} INFO - Setting next_dagrun for example_external_task_marker_parent to None, run_after=None
[2023-12-07T17:13:09.607+0000] {processor.py:179} INFO - Processing /home/ubuntu/ec2_customer_chum_venv/lib/python3.10/site-packages/airflow/example_dags/example_external_task_marker_dag.py took 0.072 seconds
[2023-12-07T17:13:51.882+0000] {processor.py:157} INFO - Started process (PID=6572) to work on /home/ubuntu/ec2_customer_chum_venv/lib/python3.10/site-packages/airflow/example_dags/example_external_task_marker_dag.py
[2023-12-07T17:13:51.884+0000] {processor.py:829} INFO - Processing file /home/ubuntu/ec2_customer_chum_venv/lib/python3.10/site-packages/airflow/example_dags/example_external_task_marker_dag.py for tasks to queue
[2023-12-07T17:13:51.884+0000] {logging_mixin.py:154} INFO - [2023-12-07T17:13:51.884+0000] {dagbag.py:536} INFO - Filling up the DagBag from /home/ubuntu/ec2_customer_chum_venv/lib/python3.10/site-packages/airflow/example_dags/example_external_task_marker_dag.py
[2023-12-07T17:13:51.891+0000] {processor.py:839} INFO - DAG(s) dict_keys(['example_external_task_marker_parent', 'example_external_task_marker_child']) retrieved from /home/ubuntu/ec2_customer_chum_venv/lib/python3.10/site-packages/airflow/example_dags/example_external_task_marker_dag.py
[2023-12-07T17:13:51.912+0000] {logging_mixin.py:154} INFO - [2023-12-07T17:13:51.912+0000] {dag.py:2941} INFO - Sync 2 DAGs
[2023-12-07T17:13:51.925+0000] {logging_mixin.py:154} INFO - [2023-12-07T17:13:51.925+0000] {dag.py:3722} INFO - Setting next_dagrun for example_external_task_marker_child to None, run_after=None
[2023-12-07T17:13:51.928+0000] {logging_mixin.py:154} INFO - [2023-12-07T17:13:51.928+0000] {dag.py:3722} INFO - Setting next_dagrun for example_external_task_marker_parent to None, run_after=None
[2023-12-07T17:13:51.951+0000] {processor.py:179} INFO - Processing /home/ubuntu/ec2_customer_chum_venv/lib/python3.10/site-packages/airflow/example_dags/example_external_task_marker_dag.py took 0.072 seconds
[2023-12-07T17:14:35.009+0000] {processor.py:157} INFO - Started process (PID=6617) to work on /home/ubuntu/ec2_customer_chum_venv/lib/python3.10/site-packages/airflow/example_dags/example_external_task_marker_dag.py
[2023-12-07T17:14:35.010+0000] {processor.py:829} INFO - Processing file /home/ubuntu/ec2_customer_chum_venv/lib/python3.10/site-packages/airflow/example_dags/example_external_task_marker_dag.py for tasks to queue
[2023-12-07T17:14:35.011+0000] {logging_mixin.py:154} INFO - [2023-12-07T17:14:35.011+0000] {dagbag.py:536} INFO - Filling up the DagBag from /home/ubuntu/ec2_customer_chum_venv/lib/python3.10/site-packages/airflow/example_dags/example_external_task_marker_dag.py
[2023-12-07T17:14:35.018+0000] {processor.py:839} INFO - DAG(s) dict_keys(['example_external_task_marker_child', 'example_external_task_marker_parent']) retrieved from /home/ubuntu/ec2_customer_chum_venv/lib/python3.10/site-packages/airflow/example_dags/example_external_task_marker_dag.py
[2023-12-07T17:14:35.040+0000] {logging_mixin.py:154} INFO - [2023-12-07T17:14:35.040+0000] {dag.py:2941} INFO - Sync 2 DAGs
[2023-12-07T17:14:35.053+0000] {logging_mixin.py:154} INFO - [2023-12-07T17:14:35.052+0000] {dag.py:3722} INFO - Setting next_dagrun for example_external_task_marker_child to None, run_after=None
[2023-12-07T17:14:35.056+0000] {logging_mixin.py:154} INFO - [2023-12-07T17:14:35.056+0000] {dag.py:3722} INFO - Setting next_dagrun for example_external_task_marker_parent to None, run_after=None
[2023-12-07T17:14:35.079+0000] {processor.py:179} INFO - Processing /home/ubuntu/ec2_customer_chum_venv/lib/python3.10/site-packages/airflow/example_dags/example_external_task_marker_dag.py took 0.074 seconds
[2023-12-07T17:15:19.106+0000] {processor.py:157} INFO - Started process (PID=6729) to work on /home/ubuntu/ec2_customer_chum_venv/lib/python3.10/site-packages/airflow/example_dags/example_external_task_marker_dag.py
[2023-12-07T17:15:19.108+0000] {processor.py:829} INFO - Processing file /home/ubuntu/ec2_customer_chum_venv/lib/python3.10/site-packages/airflow/example_dags/example_external_task_marker_dag.py for tasks to queue
[2023-12-07T17:15:19.109+0000] {logging_mixin.py:154} INFO - [2023-12-07T17:15:19.109+0000] {dagbag.py:536} INFO - Filling up the DagBag from /home/ubuntu/ec2_customer_chum_venv/lib/python3.10/site-packages/airflow/example_dags/example_external_task_marker_dag.py
[2023-12-07T17:15:19.116+0000] {processor.py:839} INFO - DAG(s) dict_keys(['example_external_task_marker_parent', 'example_external_task_marker_child']) retrieved from /home/ubuntu/ec2_customer_chum_venv/lib/python3.10/site-packages/airflow/example_dags/example_external_task_marker_dag.py
[2023-12-07T17:15:19.138+0000] {logging_mixin.py:154} INFO - [2023-12-07T17:15:19.138+0000] {dag.py:2941} INFO - Sync 2 DAGs
[2023-12-07T17:15:19.151+0000] {logging_mixin.py:154} INFO - [2023-12-07T17:15:19.150+0000] {dag.py:3722} INFO - Setting next_dagrun for example_external_task_marker_child to None, run_after=None
[2023-12-07T17:15:19.154+0000] {logging_mixin.py:154} INFO - [2023-12-07T17:15:19.154+0000] {dag.py:3722} INFO - Setting next_dagrun for example_external_task_marker_parent to None, run_after=None
[2023-12-07T17:15:19.181+0000] {processor.py:179} INFO - Processing /home/ubuntu/ec2_customer_chum_venv/lib/python3.10/site-packages/airflow/example_dags/example_external_task_marker_dag.py took 0.078 seconds
