[2023-12-07T16:49:25.324+0000] {processor.py:157} INFO - Started process (PID=4980) to work on /home/ubuntu/ec2_customer_chum_venv/lib/python3.10/site-packages/airflow/example_dags/example_time_delta_sensor_async.py
[2023-12-07T16:49:25.325+0000] {processor.py:829} INFO - Processing file /home/ubuntu/ec2_customer_chum_venv/lib/python3.10/site-packages/airflow/example_dags/example_time_delta_sensor_async.py for tasks to queue
[2023-12-07T16:49:25.326+0000] {logging_mixin.py:154} INFO - [2023-12-07T16:49:25.325+0000] {dagbag.py:536} INFO - Filling up the DagBag from /home/ubuntu/ec2_customer_chum_venv/lib/python3.10/site-packages/airflow/example_dags/example_time_delta_sensor_async.py
[2023-12-07T16:49:25.331+0000] {processor.py:839} INFO - DAG(s) dict_keys(['example_time_delta_sensor_async']) retrieved from /home/ubuntu/ec2_customer_chum_venv/lib/python3.10/site-packages/airflow/example_dags/example_time_delta_sensor_async.py
[2023-12-07T16:49:25.444+0000] {logging_mixin.py:154} INFO - [2023-12-07T16:49:25.443+0000] {manager.py:499} INFO - Created Permission View: %s
[2023-12-07T16:49:25.458+0000] {logging_mixin.py:154} INFO - [2023-12-07T16:49:25.457+0000] {manager.py:499} INFO - Created Permission View: %s
[2023-12-07T16:49:25.468+0000] {logging_mixin.py:154} INFO - [2023-12-07T16:49:25.468+0000] {manager.py:499} INFO - Created Permission View: %s
[2023-12-07T16:49:25.468+0000] {logging_mixin.py:154} INFO - [2023-12-07T16:49:25.468+0000] {dag.py:2941} INFO - Sync 1 DAGs
[2023-12-07T16:49:25.481+0000] {logging_mixin.py:154} INFO - [2023-12-07T16:49:25.481+0000] {dag.py:2963} INFO - Creating ORM DAG for example_time_delta_sensor_async
[2023-12-07T16:49:25.482+0000] {logging_mixin.py:154} INFO - [2023-12-07T16:49:25.481+0000] {dag.py:3722} INFO - Setting next_dagrun for example_time_delta_sensor_async to None, run_after=None
[2023-12-07T16:49:25.502+0000] {processor.py:179} INFO - Processing /home/ubuntu/ec2_customer_chum_venv/lib/python3.10/site-packages/airflow/example_dags/example_time_delta_sensor_async.py took 0.182 seconds
[2023-12-07T16:50:14.831+0000] {processor.py:157} INFO - Started process (PID=5026) to work on /home/ubuntu/ec2_customer_chum_venv/lib/python3.10/site-packages/airflow/example_dags/example_time_delta_sensor_async.py
[2023-12-07T16:50:14.832+0000] {processor.py:829} INFO - Processing file /home/ubuntu/ec2_customer_chum_venv/lib/python3.10/site-packages/airflow/example_dags/example_time_delta_sensor_async.py for tasks to queue
[2023-12-07T16:50:14.833+0000] {logging_mixin.py:154} INFO - [2023-12-07T16:50:14.833+0000] {dagbag.py:536} INFO - Filling up the DagBag from /home/ubuntu/ec2_customer_chum_venv/lib/python3.10/site-packages/airflow/example_dags/example_time_delta_sensor_async.py
[2023-12-07T16:50:14.839+0000] {processor.py:839} INFO - DAG(s) dict_keys(['example_time_delta_sensor_async']) retrieved from /home/ubuntu/ec2_customer_chum_venv/lib/python3.10/site-packages/airflow/example_dags/example_time_delta_sensor_async.py
[2023-12-07T16:50:14.857+0000] {logging_mixin.py:154} INFO - [2023-12-07T16:50:14.856+0000] {dag.py:2941} INFO - Sync 1 DAGs
[2023-12-07T16:50:14.869+0000] {logging_mixin.py:154} INFO - [2023-12-07T16:50:14.869+0000] {dag.py:3722} INFO - Setting next_dagrun for example_time_delta_sensor_async to None, run_after=None
[2023-12-07T16:50:14.892+0000] {processor.py:179} INFO - Processing /home/ubuntu/ec2_customer_chum_venv/lib/python3.10/site-packages/airflow/example_dags/example_time_delta_sensor_async.py took 0.064 seconds
[2023-12-07T16:51:01.275+0000] {processor.py:157} INFO - Started process (PID=5072) to work on /home/ubuntu/ec2_customer_chum_venv/lib/python3.10/site-packages/airflow/example_dags/example_time_delta_sensor_async.py
[2023-12-07T16:51:01.277+0000] {processor.py:829} INFO - Processing file /home/ubuntu/ec2_customer_chum_venv/lib/python3.10/site-packages/airflow/example_dags/example_time_delta_sensor_async.py for tasks to queue
[2023-12-07T16:51:01.278+0000] {logging_mixin.py:154} INFO - [2023-12-07T16:51:01.277+0000] {dagbag.py:536} INFO - Filling up the DagBag from /home/ubuntu/ec2_customer_chum_venv/lib/python3.10/site-packages/airflow/example_dags/example_time_delta_sensor_async.py
[2023-12-07T16:51:01.283+0000] {processor.py:839} INFO - DAG(s) dict_keys(['example_time_delta_sensor_async']) retrieved from /home/ubuntu/ec2_customer_chum_venv/lib/python3.10/site-packages/airflow/example_dags/example_time_delta_sensor_async.py
[2023-12-07T16:51:01.301+0000] {logging_mixin.py:154} INFO - [2023-12-07T16:51:01.300+0000] {dag.py:2941} INFO - Sync 1 DAGs
[2023-12-07T16:51:01.314+0000] {logging_mixin.py:154} INFO - [2023-12-07T16:51:01.313+0000] {dag.py:3722} INFO - Setting next_dagrun for example_time_delta_sensor_async to None, run_after=None
[2023-12-07T16:51:01.340+0000] {processor.py:179} INFO - Processing /home/ubuntu/ec2_customer_chum_venv/lib/python3.10/site-packages/airflow/example_dags/example_time_delta_sensor_async.py took 0.069 seconds
[2023-12-07T16:51:50.392+0000] {processor.py:157} INFO - Started process (PID=5122) to work on /home/ubuntu/ec2_customer_chum_venv/lib/python3.10/site-packages/airflow/example_dags/example_time_delta_sensor_async.py
[2023-12-07T16:51:50.393+0000] {processor.py:829} INFO - Processing file /home/ubuntu/ec2_customer_chum_venv/lib/python3.10/site-packages/airflow/example_dags/example_time_delta_sensor_async.py for tasks to queue
[2023-12-07T16:51:50.394+0000] {logging_mixin.py:154} INFO - [2023-12-07T16:51:50.394+0000] {dagbag.py:536} INFO - Filling up the DagBag from /home/ubuntu/ec2_customer_chum_venv/lib/python3.10/site-packages/airflow/example_dags/example_time_delta_sensor_async.py
[2023-12-07T16:51:50.399+0000] {processor.py:839} INFO - DAG(s) dict_keys(['example_time_delta_sensor_async']) retrieved from /home/ubuntu/ec2_customer_chum_venv/lib/python3.10/site-packages/airflow/example_dags/example_time_delta_sensor_async.py
[2023-12-07T16:51:50.417+0000] {logging_mixin.py:154} INFO - [2023-12-07T16:51:50.416+0000] {dag.py:2941} INFO - Sync 1 DAGs
[2023-12-07T16:51:50.429+0000] {logging_mixin.py:154} INFO - [2023-12-07T16:51:50.428+0000] {dag.py:3722} INFO - Setting next_dagrun for example_time_delta_sensor_async to None, run_after=None
[2023-12-07T16:51:50.451+0000] {processor.py:179} INFO - Processing /home/ubuntu/ec2_customer_chum_venv/lib/python3.10/site-packages/airflow/example_dags/example_time_delta_sensor_async.py took 0.062 seconds
[2023-12-07T16:52:39.248+0000] {processor.py:157} INFO - Started process (PID=5174) to work on /home/ubuntu/ec2_customer_chum_venv/lib/python3.10/site-packages/airflow/example_dags/example_time_delta_sensor_async.py
[2023-12-07T16:52:39.250+0000] {processor.py:829} INFO - Processing file /home/ubuntu/ec2_customer_chum_venv/lib/python3.10/site-packages/airflow/example_dags/example_time_delta_sensor_async.py for tasks to queue
[2023-12-07T16:52:39.250+0000] {logging_mixin.py:154} INFO - [2023-12-07T16:52:39.250+0000] {dagbag.py:536} INFO - Filling up the DagBag from /home/ubuntu/ec2_customer_chum_venv/lib/python3.10/site-packages/airflow/example_dags/example_time_delta_sensor_async.py
[2023-12-07T16:52:39.255+0000] {processor.py:839} INFO - DAG(s) dict_keys(['example_time_delta_sensor_async']) retrieved from /home/ubuntu/ec2_customer_chum_venv/lib/python3.10/site-packages/airflow/example_dags/example_time_delta_sensor_async.py
[2023-12-07T16:52:39.273+0000] {logging_mixin.py:154} INFO - [2023-12-07T16:52:39.272+0000] {dag.py:2941} INFO - Sync 1 DAGs
[2023-12-07T16:52:39.285+0000] {logging_mixin.py:154} INFO - [2023-12-07T16:52:39.285+0000] {dag.py:3722} INFO - Setting next_dagrun for example_time_delta_sensor_async to None, run_after=None
[2023-12-07T16:52:39.310+0000] {processor.py:179} INFO - Processing /home/ubuntu/ec2_customer_chum_venv/lib/python3.10/site-packages/airflow/example_dags/example_time_delta_sensor_async.py took 0.065 seconds
[2023-12-07T16:53:57.447+0000] {processor.py:157} INFO - Started process (PID=5242) to work on /home/ubuntu/ec2_customer_chum_venv/lib/python3.10/site-packages/airflow/example_dags/example_time_delta_sensor_async.py
[2023-12-07T16:53:57.451+0000] {processor.py:829} INFO - Processing file /home/ubuntu/ec2_customer_chum_venv/lib/python3.10/site-packages/airflow/example_dags/example_time_delta_sensor_async.py for tasks to queue
[2023-12-07T16:53:57.452+0000] {logging_mixin.py:154} INFO - [2023-12-07T16:53:57.451+0000] {dagbag.py:536} INFO - Filling up the DagBag from /home/ubuntu/ec2_customer_chum_venv/lib/python3.10/site-packages/airflow/example_dags/example_time_delta_sensor_async.py
[2023-12-07T16:53:57.457+0000] {processor.py:839} INFO - DAG(s) dict_keys(['example_time_delta_sensor_async']) retrieved from /home/ubuntu/ec2_customer_chum_venv/lib/python3.10/site-packages/airflow/example_dags/example_time_delta_sensor_async.py
[2023-12-07T16:53:57.466+0000] {logging_mixin.py:154} INFO - [2023-12-07T16:53:57.466+0000] {dag.py:2941} INFO - Sync 1 DAGs
[2023-12-07T16:53:57.479+0000] {logging_mixin.py:154} INFO - [2023-12-07T16:53:57.479+0000] {dag.py:3722} INFO - Setting next_dagrun for example_time_delta_sensor_async to None, run_after=None
[2023-12-07T16:53:57.503+0000] {processor.py:179} INFO - Processing /home/ubuntu/ec2_customer_chum_venv/lib/python3.10/site-packages/airflow/example_dags/example_time_delta_sensor_async.py took 0.059 seconds
[2023-12-07T16:54:42.507+0000] {processor.py:157} INFO - Started process (PID=5291) to work on /home/ubuntu/ec2_customer_chum_venv/lib/python3.10/site-packages/airflow/example_dags/example_time_delta_sensor_async.py
[2023-12-07T16:54:42.508+0000] {processor.py:829} INFO - Processing file /home/ubuntu/ec2_customer_chum_venv/lib/python3.10/site-packages/airflow/example_dags/example_time_delta_sensor_async.py for tasks to queue
[2023-12-07T16:54:42.509+0000] {logging_mixin.py:154} INFO - [2023-12-07T16:54:42.508+0000] {dagbag.py:536} INFO - Filling up the DagBag from /home/ubuntu/ec2_customer_chum_venv/lib/python3.10/site-packages/airflow/example_dags/example_time_delta_sensor_async.py
[2023-12-07T16:54:42.514+0000] {processor.py:839} INFO - DAG(s) dict_keys(['example_time_delta_sensor_async']) retrieved from /home/ubuntu/ec2_customer_chum_venv/lib/python3.10/site-packages/airflow/example_dags/example_time_delta_sensor_async.py
[2023-12-07T16:54:42.531+0000] {logging_mixin.py:154} INFO - [2023-12-07T16:54:42.531+0000] {dag.py:2941} INFO - Sync 1 DAGs
[2023-12-07T16:54:42.543+0000] {logging_mixin.py:154} INFO - [2023-12-07T16:54:42.542+0000] {dag.py:3722} INFO - Setting next_dagrun for example_time_delta_sensor_async to None, run_after=None
[2023-12-07T16:54:42.564+0000] {processor.py:179} INFO - Processing /home/ubuntu/ec2_customer_chum_venv/lib/python3.10/site-packages/airflow/example_dags/example_time_delta_sensor_async.py took 0.061 seconds
[2023-12-07T16:55:27.800+0000] {processor.py:157} INFO - Started process (PID=5338) to work on /home/ubuntu/ec2_customer_chum_venv/lib/python3.10/site-packages/airflow/example_dags/example_time_delta_sensor_async.py
[2023-12-07T16:55:27.803+0000] {processor.py:829} INFO - Processing file /home/ubuntu/ec2_customer_chum_venv/lib/python3.10/site-packages/airflow/example_dags/example_time_delta_sensor_async.py for tasks to queue
[2023-12-07T16:55:27.803+0000] {logging_mixin.py:154} INFO - [2023-12-07T16:55:27.803+0000] {dagbag.py:536} INFO - Filling up the DagBag from /home/ubuntu/ec2_customer_chum_venv/lib/python3.10/site-packages/airflow/example_dags/example_time_delta_sensor_async.py
[2023-12-07T16:55:27.809+0000] {processor.py:839} INFO - DAG(s) dict_keys(['example_time_delta_sensor_async']) retrieved from /home/ubuntu/ec2_customer_chum_venv/lib/python3.10/site-packages/airflow/example_dags/example_time_delta_sensor_async.py
[2023-12-07T16:55:27.827+0000] {logging_mixin.py:154} INFO - [2023-12-07T16:55:27.827+0000] {dag.py:2941} INFO - Sync 1 DAGs
[2023-12-07T16:55:27.840+0000] {logging_mixin.py:154} INFO - [2023-12-07T16:55:27.840+0000] {dag.py:3722} INFO - Setting next_dagrun for example_time_delta_sensor_async to None, run_after=None
[2023-12-07T16:55:27.864+0000] {processor.py:179} INFO - Processing /home/ubuntu/ec2_customer_chum_venv/lib/python3.10/site-packages/airflow/example_dags/example_time_delta_sensor_async.py took 0.067 seconds
[2023-12-07T16:56:13.004+0000] {processor.py:157} INFO - Started process (PID=5384) to work on /home/ubuntu/ec2_customer_chum_venv/lib/python3.10/site-packages/airflow/example_dags/example_time_delta_sensor_async.py
[2023-12-07T16:56:13.005+0000] {processor.py:829} INFO - Processing file /home/ubuntu/ec2_customer_chum_venv/lib/python3.10/site-packages/airflow/example_dags/example_time_delta_sensor_async.py for tasks to queue
[2023-12-07T16:56:13.006+0000] {logging_mixin.py:154} INFO - [2023-12-07T16:56:13.006+0000] {dagbag.py:536} INFO - Filling up the DagBag from /home/ubuntu/ec2_customer_chum_venv/lib/python3.10/site-packages/airflow/example_dags/example_time_delta_sensor_async.py
[2023-12-07T16:56:13.012+0000] {processor.py:839} INFO - DAG(s) dict_keys(['example_time_delta_sensor_async']) retrieved from /home/ubuntu/ec2_customer_chum_venv/lib/python3.10/site-packages/airflow/example_dags/example_time_delta_sensor_async.py
[2023-12-07T16:56:13.029+0000] {logging_mixin.py:154} INFO - [2023-12-07T16:56:13.028+0000] {dag.py:2941} INFO - Sync 1 DAGs
[2023-12-07T16:56:13.041+0000] {logging_mixin.py:154} INFO - [2023-12-07T16:56:13.041+0000] {dag.py:3722} INFO - Setting next_dagrun for example_time_delta_sensor_async to None, run_after=None
[2023-12-07T16:56:13.065+0000] {processor.py:179} INFO - Processing /home/ubuntu/ec2_customer_chum_venv/lib/python3.10/site-packages/airflow/example_dags/example_time_delta_sensor_async.py took 0.065 seconds
[2023-12-07T16:56:55.046+0000] {processor.py:157} INFO - Started process (PID=5430) to work on /home/ubuntu/ec2_customer_chum_venv/lib/python3.10/site-packages/airflow/example_dags/example_time_delta_sensor_async.py
[2023-12-07T16:56:55.048+0000] {processor.py:829} INFO - Processing file /home/ubuntu/ec2_customer_chum_venv/lib/python3.10/site-packages/airflow/example_dags/example_time_delta_sensor_async.py for tasks to queue
[2023-12-07T16:56:55.048+0000] {logging_mixin.py:154} INFO - [2023-12-07T16:56:55.048+0000] {dagbag.py:536} INFO - Filling up the DagBag from /home/ubuntu/ec2_customer_chum_venv/lib/python3.10/site-packages/airflow/example_dags/example_time_delta_sensor_async.py
[2023-12-07T16:56:55.054+0000] {processor.py:839} INFO - DAG(s) dict_keys(['example_time_delta_sensor_async']) retrieved from /home/ubuntu/ec2_customer_chum_venv/lib/python3.10/site-packages/airflow/example_dags/example_time_delta_sensor_async.py
[2023-12-07T16:56:55.071+0000] {logging_mixin.py:154} INFO - [2023-12-07T16:56:55.071+0000] {dag.py:2941} INFO - Sync 1 DAGs
[2023-12-07T16:56:55.083+0000] {logging_mixin.py:154} INFO - [2023-12-07T16:56:55.083+0000] {dag.py:3722} INFO - Setting next_dagrun for example_time_delta_sensor_async to None, run_after=None
[2023-12-07T16:56:55.105+0000] {processor.py:179} INFO - Processing /home/ubuntu/ec2_customer_chum_venv/lib/python3.10/site-packages/airflow/example_dags/example_time_delta_sensor_async.py took 0.062 seconds
[2023-12-07T16:57:39.442+0000] {processor.py:157} INFO - Started process (PID=5477) to work on /home/ubuntu/ec2_customer_chum_venv/lib/python3.10/site-packages/airflow/example_dags/example_time_delta_sensor_async.py
[2023-12-07T16:57:39.443+0000] {processor.py:829} INFO - Processing file /home/ubuntu/ec2_customer_chum_venv/lib/python3.10/site-packages/airflow/example_dags/example_time_delta_sensor_async.py for tasks to queue
[2023-12-07T16:57:39.444+0000] {logging_mixin.py:154} INFO - [2023-12-07T16:57:39.443+0000] {dagbag.py:536} INFO - Filling up the DagBag from /home/ubuntu/ec2_customer_chum_venv/lib/python3.10/site-packages/airflow/example_dags/example_time_delta_sensor_async.py
[2023-12-07T16:57:39.449+0000] {processor.py:839} INFO - DAG(s) dict_keys(['example_time_delta_sensor_async']) retrieved from /home/ubuntu/ec2_customer_chum_venv/lib/python3.10/site-packages/airflow/example_dags/example_time_delta_sensor_async.py
[2023-12-07T16:57:39.467+0000] {logging_mixin.py:154} INFO - [2023-12-07T16:57:39.466+0000] {dag.py:2941} INFO - Sync 1 DAGs
[2023-12-07T16:57:39.479+0000] {logging_mixin.py:154} INFO - [2023-12-07T16:57:39.479+0000] {dag.py:3722} INFO - Setting next_dagrun for example_time_delta_sensor_async to None, run_after=None
[2023-12-07T16:57:39.501+0000] {processor.py:179} INFO - Processing /home/ubuntu/ec2_customer_chum_venv/lib/python3.10/site-packages/airflow/example_dags/example_time_delta_sensor_async.py took 0.063 seconds
[2023-12-07T16:58:22.610+0000] {processor.py:157} INFO - Started process (PID=5521) to work on /home/ubuntu/ec2_customer_chum_venv/lib/python3.10/site-packages/airflow/example_dags/example_time_delta_sensor_async.py
[2023-12-07T16:58:22.611+0000] {processor.py:829} INFO - Processing file /home/ubuntu/ec2_customer_chum_venv/lib/python3.10/site-packages/airflow/example_dags/example_time_delta_sensor_async.py for tasks to queue
[2023-12-07T16:58:22.612+0000] {logging_mixin.py:154} INFO - [2023-12-07T16:58:22.611+0000] {dagbag.py:536} INFO - Filling up the DagBag from /home/ubuntu/ec2_customer_chum_venv/lib/python3.10/site-packages/airflow/example_dags/example_time_delta_sensor_async.py
[2023-12-07T16:58:22.618+0000] {processor.py:839} INFO - DAG(s) dict_keys(['example_time_delta_sensor_async']) retrieved from /home/ubuntu/ec2_customer_chum_venv/lib/python3.10/site-packages/airflow/example_dags/example_time_delta_sensor_async.py
[2023-12-07T16:58:22.634+0000] {logging_mixin.py:154} INFO - [2023-12-07T16:58:22.634+0000] {dag.py:2941} INFO - Sync 1 DAGs
[2023-12-07T16:58:22.646+0000] {logging_mixin.py:154} INFO - [2023-12-07T16:58:22.646+0000] {dag.py:3722} INFO - Setting next_dagrun for example_time_delta_sensor_async to None, run_after=None
[2023-12-07T16:58:22.669+0000] {processor.py:179} INFO - Processing /home/ubuntu/ec2_customer_chum_venv/lib/python3.10/site-packages/airflow/example_dags/example_time_delta_sensor_async.py took 0.063 seconds
[2023-12-07T16:59:05.706+0000] {processor.py:157} INFO - Started process (PID=5567) to work on /home/ubuntu/ec2_customer_chum_venv/lib/python3.10/site-packages/airflow/example_dags/example_time_delta_sensor_async.py
[2023-12-07T16:59:05.708+0000] {processor.py:829} INFO - Processing file /home/ubuntu/ec2_customer_chum_venv/lib/python3.10/site-packages/airflow/example_dags/example_time_delta_sensor_async.py for tasks to queue
[2023-12-07T16:59:05.709+0000] {logging_mixin.py:154} INFO - [2023-12-07T16:59:05.708+0000] {dagbag.py:536} INFO - Filling up the DagBag from /home/ubuntu/ec2_customer_chum_venv/lib/python3.10/site-packages/airflow/example_dags/example_time_delta_sensor_async.py
[2023-12-07T16:59:05.714+0000] {processor.py:839} INFO - DAG(s) dict_keys(['example_time_delta_sensor_async']) retrieved from /home/ubuntu/ec2_customer_chum_venv/lib/python3.10/site-packages/airflow/example_dags/example_time_delta_sensor_async.py
[2023-12-07T16:59:05.731+0000] {logging_mixin.py:154} INFO - [2023-12-07T16:59:05.731+0000] {dag.py:2941} INFO - Sync 1 DAGs
[2023-12-07T16:59:05.744+0000] {logging_mixin.py:154} INFO - [2023-12-07T16:59:05.744+0000] {dag.py:3722} INFO - Setting next_dagrun for example_time_delta_sensor_async to None, run_after=None
[2023-12-07T16:59:05.767+0000] {processor.py:179} INFO - Processing /home/ubuntu/ec2_customer_chum_venv/lib/python3.10/site-packages/airflow/example_dags/example_time_delta_sensor_async.py took 0.064 seconds
[2023-12-07T16:59:49.807+0000] {processor.py:157} INFO - Started process (PID=5614) to work on /home/ubuntu/ec2_customer_chum_venv/lib/python3.10/site-packages/airflow/example_dags/example_time_delta_sensor_async.py
[2023-12-07T16:59:49.809+0000] {processor.py:829} INFO - Processing file /home/ubuntu/ec2_customer_chum_venv/lib/python3.10/site-packages/airflow/example_dags/example_time_delta_sensor_async.py for tasks to queue
[2023-12-07T16:59:49.810+0000] {logging_mixin.py:154} INFO - [2023-12-07T16:59:49.809+0000] {dagbag.py:536} INFO - Filling up the DagBag from /home/ubuntu/ec2_customer_chum_venv/lib/python3.10/site-packages/airflow/example_dags/example_time_delta_sensor_async.py
[2023-12-07T16:59:49.815+0000] {processor.py:839} INFO - DAG(s) dict_keys(['example_time_delta_sensor_async']) retrieved from /home/ubuntu/ec2_customer_chum_venv/lib/python3.10/site-packages/airflow/example_dags/example_time_delta_sensor_async.py
[2023-12-07T16:59:49.832+0000] {logging_mixin.py:154} INFO - [2023-12-07T16:59:49.832+0000] {dag.py:2941} INFO - Sync 1 DAGs
[2023-12-07T16:59:49.845+0000] {logging_mixin.py:154} INFO - [2023-12-07T16:59:49.845+0000] {dag.py:3722} INFO - Setting next_dagrun for example_time_delta_sensor_async to None, run_after=None
[2023-12-07T16:59:49.866+0000] {processor.py:179} INFO - Processing /home/ubuntu/ec2_customer_chum_venv/lib/python3.10/site-packages/airflow/example_dags/example_time_delta_sensor_async.py took 0.062 seconds
[2023-12-07T17:00:37.389+0000] {processor.py:157} INFO - Started process (PID=5661) to work on /home/ubuntu/ec2_customer_chum_venv/lib/python3.10/site-packages/airflow/example_dags/example_time_delta_sensor_async.py
[2023-12-07T17:00:37.391+0000] {processor.py:829} INFO - Processing file /home/ubuntu/ec2_customer_chum_venv/lib/python3.10/site-packages/airflow/example_dags/example_time_delta_sensor_async.py for tasks to queue
[2023-12-07T17:00:37.392+0000] {logging_mixin.py:154} INFO - [2023-12-07T17:00:37.391+0000] {dagbag.py:536} INFO - Filling up the DagBag from /home/ubuntu/ec2_customer_chum_venv/lib/python3.10/site-packages/airflow/example_dags/example_time_delta_sensor_async.py
[2023-12-07T17:00:37.397+0000] {processor.py:839} INFO - DAG(s) dict_keys(['example_time_delta_sensor_async']) retrieved from /home/ubuntu/ec2_customer_chum_venv/lib/python3.10/site-packages/airflow/example_dags/example_time_delta_sensor_async.py
[2023-12-07T17:00:37.414+0000] {logging_mixin.py:154} INFO - [2023-12-07T17:00:37.414+0000] {dag.py:2941} INFO - Sync 1 DAGs
[2023-12-07T17:00:37.426+0000] {logging_mixin.py:154} INFO - [2023-12-07T17:00:37.426+0000] {dag.py:3722} INFO - Setting next_dagrun for example_time_delta_sensor_async to None, run_after=None
[2023-12-07T17:00:37.450+0000] {processor.py:179} INFO - Processing /home/ubuntu/ec2_customer_chum_venv/lib/python3.10/site-packages/airflow/example_dags/example_time_delta_sensor_async.py took 0.064 seconds
[2023-12-07T17:01:23.925+0000] {processor.py:157} INFO - Started process (PID=5709) to work on /home/ubuntu/ec2_customer_chum_venv/lib/python3.10/site-packages/airflow/example_dags/example_time_delta_sensor_async.py
[2023-12-07T17:01:23.926+0000] {processor.py:829} INFO - Processing file /home/ubuntu/ec2_customer_chum_venv/lib/python3.10/site-packages/airflow/example_dags/example_time_delta_sensor_async.py for tasks to queue
[2023-12-07T17:01:23.927+0000] {logging_mixin.py:154} INFO - [2023-12-07T17:01:23.927+0000] {dagbag.py:536} INFO - Filling up the DagBag from /home/ubuntu/ec2_customer_chum_venv/lib/python3.10/site-packages/airflow/example_dags/example_time_delta_sensor_async.py
[2023-12-07T17:01:23.933+0000] {processor.py:839} INFO - DAG(s) dict_keys(['example_time_delta_sensor_async']) retrieved from /home/ubuntu/ec2_customer_chum_venv/lib/python3.10/site-packages/airflow/example_dags/example_time_delta_sensor_async.py
[2023-12-07T17:01:23.950+0000] {logging_mixin.py:154} INFO - [2023-12-07T17:01:23.950+0000] {dag.py:2941} INFO - Sync 1 DAGs
[2023-12-07T17:01:23.963+0000] {logging_mixin.py:154} INFO - [2023-12-07T17:01:23.963+0000] {dag.py:3722} INFO - Setting next_dagrun for example_time_delta_sensor_async to None, run_after=None
[2023-12-07T17:01:23.986+0000] {processor.py:179} INFO - Processing /home/ubuntu/ec2_customer_chum_venv/lib/python3.10/site-packages/airflow/example_dags/example_time_delta_sensor_async.py took 0.064 seconds
[2023-12-07T17:02:10.033+0000] {processor.py:157} INFO - Started process (PID=5755) to work on /home/ubuntu/ec2_customer_chum_venv/lib/python3.10/site-packages/airflow/example_dags/example_time_delta_sensor_async.py
[2023-12-07T17:02:10.034+0000] {processor.py:829} INFO - Processing file /home/ubuntu/ec2_customer_chum_venv/lib/python3.10/site-packages/airflow/example_dags/example_time_delta_sensor_async.py for tasks to queue
[2023-12-07T17:02:10.035+0000] {logging_mixin.py:154} INFO - [2023-12-07T17:02:10.035+0000] {dagbag.py:536} INFO - Filling up the DagBag from /home/ubuntu/ec2_customer_chum_venv/lib/python3.10/site-packages/airflow/example_dags/example_time_delta_sensor_async.py
[2023-12-07T17:02:10.041+0000] {processor.py:839} INFO - DAG(s) dict_keys(['example_time_delta_sensor_async']) retrieved from /home/ubuntu/ec2_customer_chum_venv/lib/python3.10/site-packages/airflow/example_dags/example_time_delta_sensor_async.py
[2023-12-07T17:02:10.063+0000] {logging_mixin.py:154} INFO - [2023-12-07T17:02:10.063+0000] {dag.py:2941} INFO - Sync 1 DAGs
[2023-12-07T17:02:10.076+0000] {logging_mixin.py:154} INFO - [2023-12-07T17:02:10.075+0000] {dag.py:3722} INFO - Setting next_dagrun for example_time_delta_sensor_async to None, run_after=None
[2023-12-07T17:02:10.100+0000] {processor.py:179} INFO - Processing /home/ubuntu/ec2_customer_chum_venv/lib/python3.10/site-packages/airflow/example_dags/example_time_delta_sensor_async.py took 0.070 seconds
[2023-12-07T17:02:57.090+0000] {processor.py:157} INFO - Started process (PID=5803) to work on /home/ubuntu/ec2_customer_chum_venv/lib/python3.10/site-packages/airflow/example_dags/example_time_delta_sensor_async.py
[2023-12-07T17:02:57.091+0000] {processor.py:829} INFO - Processing file /home/ubuntu/ec2_customer_chum_venv/lib/python3.10/site-packages/airflow/example_dags/example_time_delta_sensor_async.py for tasks to queue
[2023-12-07T17:02:57.092+0000] {logging_mixin.py:154} INFO - [2023-12-07T17:02:57.092+0000] {dagbag.py:536} INFO - Filling up the DagBag from /home/ubuntu/ec2_customer_chum_venv/lib/python3.10/site-packages/airflow/example_dags/example_time_delta_sensor_async.py
[2023-12-07T17:02:57.097+0000] {processor.py:839} INFO - DAG(s) dict_keys(['example_time_delta_sensor_async']) retrieved from /home/ubuntu/ec2_customer_chum_venv/lib/python3.10/site-packages/airflow/example_dags/example_time_delta_sensor_async.py
[2023-12-07T17:02:57.115+0000] {logging_mixin.py:154} INFO - [2023-12-07T17:02:57.115+0000] {dag.py:2941} INFO - Sync 1 DAGs
[2023-12-07T17:02:57.127+0000] {logging_mixin.py:154} INFO - [2023-12-07T17:02:57.127+0000] {dag.py:3722} INFO - Setting next_dagrun for example_time_delta_sensor_async to None, run_after=None
[2023-12-07T17:02:57.149+0000] {processor.py:179} INFO - Processing /home/ubuntu/ec2_customer_chum_venv/lib/python3.10/site-packages/airflow/example_dags/example_time_delta_sensor_async.py took 0.062 seconds
[2023-12-07T17:03:44.797+0000] {processor.py:157} INFO - Started process (PID=5852) to work on /home/ubuntu/ec2_customer_chum_venv/lib/python3.10/site-packages/airflow/example_dags/example_time_delta_sensor_async.py
[2023-12-07T17:03:44.799+0000] {processor.py:829} INFO - Processing file /home/ubuntu/ec2_customer_chum_venv/lib/python3.10/site-packages/airflow/example_dags/example_time_delta_sensor_async.py for tasks to queue
[2023-12-07T17:03:44.800+0000] {logging_mixin.py:154} INFO - [2023-12-07T17:03:44.799+0000] {dagbag.py:536} INFO - Filling up the DagBag from /home/ubuntu/ec2_customer_chum_venv/lib/python3.10/site-packages/airflow/example_dags/example_time_delta_sensor_async.py
[2023-12-07T17:03:44.805+0000] {processor.py:839} INFO - DAG(s) dict_keys(['example_time_delta_sensor_async']) retrieved from /home/ubuntu/ec2_customer_chum_venv/lib/python3.10/site-packages/airflow/example_dags/example_time_delta_sensor_async.py
[2023-12-07T17:03:44.823+0000] {logging_mixin.py:154} INFO - [2023-12-07T17:03:44.823+0000] {dag.py:2941} INFO - Sync 1 DAGs
[2023-12-07T17:03:44.836+0000] {logging_mixin.py:154} INFO - [2023-12-07T17:03:44.835+0000] {dag.py:3722} INFO - Setting next_dagrun for example_time_delta_sensor_async to None, run_after=None
[2023-12-07T17:03:44.858+0000] {processor.py:179} INFO - Processing /home/ubuntu/ec2_customer_chum_venv/lib/python3.10/site-packages/airflow/example_dags/example_time_delta_sensor_async.py took 0.064 seconds
[2023-12-07T17:04:26.244+0000] {processor.py:157} INFO - Started process (PID=5894) to work on /home/ubuntu/ec2_customer_chum_venv/lib/python3.10/site-packages/airflow/example_dags/example_time_delta_sensor_async.py
[2023-12-07T17:04:26.246+0000] {processor.py:829} INFO - Processing file /home/ubuntu/ec2_customer_chum_venv/lib/python3.10/site-packages/airflow/example_dags/example_time_delta_sensor_async.py for tasks to queue
[2023-12-07T17:04:26.247+0000] {logging_mixin.py:154} INFO - [2023-12-07T17:04:26.246+0000] {dagbag.py:536} INFO - Filling up the DagBag from /home/ubuntu/ec2_customer_chum_venv/lib/python3.10/site-packages/airflow/example_dags/example_time_delta_sensor_async.py
[2023-12-07T17:04:26.252+0000] {processor.py:839} INFO - DAG(s) dict_keys(['example_time_delta_sensor_async']) retrieved from /home/ubuntu/ec2_customer_chum_venv/lib/python3.10/site-packages/airflow/example_dags/example_time_delta_sensor_async.py
[2023-12-07T17:04:26.269+0000] {logging_mixin.py:154} INFO - [2023-12-07T17:04:26.269+0000] {dag.py:2941} INFO - Sync 1 DAGs
[2023-12-07T17:04:26.280+0000] {logging_mixin.py:154} INFO - [2023-12-07T17:04:26.280+0000] {dag.py:3722} INFO - Setting next_dagrun for example_time_delta_sensor_async to None, run_after=None
[2023-12-07T17:04:26.304+0000] {processor.py:179} INFO - Processing /home/ubuntu/ec2_customer_chum_venv/lib/python3.10/site-packages/airflow/example_dags/example_time_delta_sensor_async.py took 0.063 seconds
[2023-12-07T17:05:10.415+0000] {processor.py:157} INFO - Started process (PID=5943) to work on /home/ubuntu/ec2_customer_chum_venv/lib/python3.10/site-packages/airflow/example_dags/example_time_delta_sensor_async.py
[2023-12-07T17:05:10.417+0000] {processor.py:829} INFO - Processing file /home/ubuntu/ec2_customer_chum_venv/lib/python3.10/site-packages/airflow/example_dags/example_time_delta_sensor_async.py for tasks to queue
[2023-12-07T17:05:10.418+0000] {logging_mixin.py:154} INFO - [2023-12-07T17:05:10.417+0000] {dagbag.py:536} INFO - Filling up the DagBag from /home/ubuntu/ec2_customer_chum_venv/lib/python3.10/site-packages/airflow/example_dags/example_time_delta_sensor_async.py
[2023-12-07T17:05:10.424+0000] {processor.py:839} INFO - DAG(s) dict_keys(['example_time_delta_sensor_async']) retrieved from /home/ubuntu/ec2_customer_chum_venv/lib/python3.10/site-packages/airflow/example_dags/example_time_delta_sensor_async.py
[2023-12-07T17:05:10.441+0000] {logging_mixin.py:154} INFO - [2023-12-07T17:05:10.440+0000] {dag.py:2941} INFO - Sync 1 DAGs
[2023-12-07T17:05:10.453+0000] {logging_mixin.py:154} INFO - [2023-12-07T17:05:10.452+0000] {dag.py:3722} INFO - Setting next_dagrun for example_time_delta_sensor_async to None, run_after=None
[2023-12-07T17:05:10.477+0000] {processor.py:179} INFO - Processing /home/ubuntu/ec2_customer_chum_venv/lib/python3.10/site-packages/airflow/example_dags/example_time_delta_sensor_async.py took 0.065 seconds
[2023-12-07T17:05:53.991+0000] {processor.py:157} INFO - Started process (PID=5988) to work on /home/ubuntu/ec2_customer_chum_venv/lib/python3.10/site-packages/airflow/example_dags/example_time_delta_sensor_async.py
[2023-12-07T17:05:53.993+0000] {processor.py:829} INFO - Processing file /home/ubuntu/ec2_customer_chum_venv/lib/python3.10/site-packages/airflow/example_dags/example_time_delta_sensor_async.py for tasks to queue
[2023-12-07T17:05:53.994+0000] {logging_mixin.py:154} INFO - [2023-12-07T17:05:53.993+0000] {dagbag.py:536} INFO - Filling up the DagBag from /home/ubuntu/ec2_customer_chum_venv/lib/python3.10/site-packages/airflow/example_dags/example_time_delta_sensor_async.py
[2023-12-07T17:05:53.999+0000] {processor.py:839} INFO - DAG(s) dict_keys(['example_time_delta_sensor_async']) retrieved from /home/ubuntu/ec2_customer_chum_venv/lib/python3.10/site-packages/airflow/example_dags/example_time_delta_sensor_async.py
[2023-12-07T17:05:54.018+0000] {logging_mixin.py:154} INFO - [2023-12-07T17:05:54.018+0000] {dag.py:2941} INFO - Sync 1 DAGs
[2023-12-07T17:05:54.030+0000] {logging_mixin.py:154} INFO - [2023-12-07T17:05:54.030+0000] {dag.py:3722} INFO - Setting next_dagrun for example_time_delta_sensor_async to None, run_after=None
[2023-12-07T17:05:54.053+0000] {processor.py:179} INFO - Processing /home/ubuntu/ec2_customer_chum_venv/lib/python3.10/site-packages/airflow/example_dags/example_time_delta_sensor_async.py took 0.065 seconds
[2023-12-07T17:06:38.008+0000] {processor.py:157} INFO - Started process (PID=6034) to work on /home/ubuntu/ec2_customer_chum_venv/lib/python3.10/site-packages/airflow/example_dags/example_time_delta_sensor_async.py
[2023-12-07T17:06:38.010+0000] {processor.py:829} INFO - Processing file /home/ubuntu/ec2_customer_chum_venv/lib/python3.10/site-packages/airflow/example_dags/example_time_delta_sensor_async.py for tasks to queue
[2023-12-07T17:06:38.011+0000] {logging_mixin.py:154} INFO - [2023-12-07T17:06:38.010+0000] {dagbag.py:536} INFO - Filling up the DagBag from /home/ubuntu/ec2_customer_chum_venv/lib/python3.10/site-packages/airflow/example_dags/example_time_delta_sensor_async.py
[2023-12-07T17:06:38.016+0000] {processor.py:839} INFO - DAG(s) dict_keys(['example_time_delta_sensor_async']) retrieved from /home/ubuntu/ec2_customer_chum_venv/lib/python3.10/site-packages/airflow/example_dags/example_time_delta_sensor_async.py
[2023-12-07T17:06:38.034+0000] {logging_mixin.py:154} INFO - [2023-12-07T17:06:38.034+0000] {dag.py:2941} INFO - Sync 1 DAGs
[2023-12-07T17:06:38.047+0000] {logging_mixin.py:154} INFO - [2023-12-07T17:06:38.047+0000] {dag.py:3722} INFO - Setting next_dagrun for example_time_delta_sensor_async to None, run_after=None
[2023-12-07T17:06:38.071+0000] {processor.py:179} INFO - Processing /home/ubuntu/ec2_customer_chum_venv/lib/python3.10/site-packages/airflow/example_dags/example_time_delta_sensor_async.py took 0.067 seconds
[2023-12-07T17:07:28.542+0000] {processor.py:157} INFO - Started process (PID=6084) to work on /home/ubuntu/ec2_customer_chum_venv/lib/python3.10/site-packages/airflow/example_dags/example_time_delta_sensor_async.py
[2023-12-07T17:07:28.543+0000] {processor.py:829} INFO - Processing file /home/ubuntu/ec2_customer_chum_venv/lib/python3.10/site-packages/airflow/example_dags/example_time_delta_sensor_async.py for tasks to queue
[2023-12-07T17:07:28.544+0000] {logging_mixin.py:154} INFO - [2023-12-07T17:07:28.544+0000] {dagbag.py:536} INFO - Filling up the DagBag from /home/ubuntu/ec2_customer_chum_venv/lib/python3.10/site-packages/airflow/example_dags/example_time_delta_sensor_async.py
[2023-12-07T17:07:28.549+0000] {processor.py:839} INFO - DAG(s) dict_keys(['example_time_delta_sensor_async']) retrieved from /home/ubuntu/ec2_customer_chum_venv/lib/python3.10/site-packages/airflow/example_dags/example_time_delta_sensor_async.py
[2023-12-07T17:07:28.567+0000] {logging_mixin.py:154} INFO - [2023-12-07T17:07:28.567+0000] {dag.py:2941} INFO - Sync 1 DAGs
[2023-12-07T17:07:28.580+0000] {logging_mixin.py:154} INFO - [2023-12-07T17:07:28.579+0000] {dag.py:3722} INFO - Setting next_dagrun for example_time_delta_sensor_async to None, run_after=None
[2023-12-07T17:07:28.603+0000] {processor.py:179} INFO - Processing /home/ubuntu/ec2_customer_chum_venv/lib/python3.10/site-packages/airflow/example_dags/example_time_delta_sensor_async.py took 0.065 seconds
[2023-12-07T17:08:13.542+0000] {processor.py:157} INFO - Started process (PID=6130) to work on /home/ubuntu/ec2_customer_chum_venv/lib/python3.10/site-packages/airflow/example_dags/example_time_delta_sensor_async.py
[2023-12-07T17:08:13.544+0000] {processor.py:829} INFO - Processing file /home/ubuntu/ec2_customer_chum_venv/lib/python3.10/site-packages/airflow/example_dags/example_time_delta_sensor_async.py for tasks to queue
[2023-12-07T17:08:13.544+0000] {logging_mixin.py:154} INFO - [2023-12-07T17:08:13.544+0000] {dagbag.py:536} INFO - Filling up the DagBag from /home/ubuntu/ec2_customer_chum_venv/lib/python3.10/site-packages/airflow/example_dags/example_time_delta_sensor_async.py
[2023-12-07T17:08:13.549+0000] {processor.py:839} INFO - DAG(s) dict_keys(['example_time_delta_sensor_async']) retrieved from /home/ubuntu/ec2_customer_chum_venv/lib/python3.10/site-packages/airflow/example_dags/example_time_delta_sensor_async.py
[2023-12-07T17:08:13.567+0000] {logging_mixin.py:154} INFO - [2023-12-07T17:08:13.566+0000] {dag.py:2941} INFO - Sync 1 DAGs
[2023-12-07T17:08:13.578+0000] {logging_mixin.py:154} INFO - [2023-12-07T17:08:13.578+0000] {dag.py:3722} INFO - Setting next_dagrun for example_time_delta_sensor_async to None, run_after=None
[2023-12-07T17:08:13.600+0000] {processor.py:179} INFO - Processing /home/ubuntu/ec2_customer_chum_venv/lib/python3.10/site-packages/airflow/example_dags/example_time_delta_sensor_async.py took 0.062 seconds
[2023-12-07T17:08:59.842+0000] {processor.py:157} INFO - Started process (PID=6177) to work on /home/ubuntu/ec2_customer_chum_venv/lib/python3.10/site-packages/airflow/example_dags/example_time_delta_sensor_async.py
[2023-12-07T17:08:59.843+0000] {processor.py:829} INFO - Processing file /home/ubuntu/ec2_customer_chum_venv/lib/python3.10/site-packages/airflow/example_dags/example_time_delta_sensor_async.py for tasks to queue
[2023-12-07T17:08:59.844+0000] {logging_mixin.py:154} INFO - [2023-12-07T17:08:59.844+0000] {dagbag.py:536} INFO - Filling up the DagBag from /home/ubuntu/ec2_customer_chum_venv/lib/python3.10/site-packages/airflow/example_dags/example_time_delta_sensor_async.py
[2023-12-07T17:08:59.849+0000] {processor.py:839} INFO - DAG(s) dict_keys(['example_time_delta_sensor_async']) retrieved from /home/ubuntu/ec2_customer_chum_venv/lib/python3.10/site-packages/airflow/example_dags/example_time_delta_sensor_async.py
[2023-12-07T17:08:59.866+0000] {logging_mixin.py:154} INFO - [2023-12-07T17:08:59.866+0000] {dag.py:2941} INFO - Sync 1 DAGs
[2023-12-07T17:08:59.878+0000] {logging_mixin.py:154} INFO - [2023-12-07T17:08:59.878+0000] {dag.py:3722} INFO - Setting next_dagrun for example_time_delta_sensor_async to None, run_after=None
[2023-12-07T17:08:59.901+0000] {processor.py:179} INFO - Processing /home/ubuntu/ec2_customer_chum_venv/lib/python3.10/site-packages/airflow/example_dags/example_time_delta_sensor_async.py took 0.062 seconds
[2023-12-07T17:09:42.203+0000] {processor.py:157} INFO - Started process (PID=6223) to work on /home/ubuntu/ec2_customer_chum_venv/lib/python3.10/site-packages/airflow/example_dags/example_time_delta_sensor_async.py
[2023-12-07T17:09:42.204+0000] {processor.py:829} INFO - Processing file /home/ubuntu/ec2_customer_chum_venv/lib/python3.10/site-packages/airflow/example_dags/example_time_delta_sensor_async.py for tasks to queue
[2023-12-07T17:09:42.205+0000] {logging_mixin.py:154} INFO - [2023-12-07T17:09:42.205+0000] {dagbag.py:536} INFO - Filling up the DagBag from /home/ubuntu/ec2_customer_chum_venv/lib/python3.10/site-packages/airflow/example_dags/example_time_delta_sensor_async.py
[2023-12-07T17:09:42.210+0000] {processor.py:839} INFO - DAG(s) dict_keys(['example_time_delta_sensor_async']) retrieved from /home/ubuntu/ec2_customer_chum_venv/lib/python3.10/site-packages/airflow/example_dags/example_time_delta_sensor_async.py
[2023-12-07T17:09:42.228+0000] {logging_mixin.py:154} INFO - [2023-12-07T17:09:42.228+0000] {dag.py:2941} INFO - Sync 1 DAGs
[2023-12-07T17:09:42.241+0000] {logging_mixin.py:154} INFO - [2023-12-07T17:09:42.240+0000] {dag.py:3722} INFO - Setting next_dagrun for example_time_delta_sensor_async to None, run_after=None
[2023-12-07T17:09:42.263+0000] {processor.py:179} INFO - Processing /home/ubuntu/ec2_customer_chum_venv/lib/python3.10/site-packages/airflow/example_dags/example_time_delta_sensor_async.py took 0.064 seconds
[2023-12-07T17:10:27.421+0000] {processor.py:157} INFO - Started process (PID=6268) to work on /home/ubuntu/ec2_customer_chum_venv/lib/python3.10/site-packages/airflow/example_dags/example_time_delta_sensor_async.py
[2023-12-07T17:10:27.422+0000] {processor.py:829} INFO - Processing file /home/ubuntu/ec2_customer_chum_venv/lib/python3.10/site-packages/airflow/example_dags/example_time_delta_sensor_async.py for tasks to queue
[2023-12-07T17:10:27.423+0000] {logging_mixin.py:154} INFO - [2023-12-07T17:10:27.423+0000] {dagbag.py:536} INFO - Filling up the DagBag from /home/ubuntu/ec2_customer_chum_venv/lib/python3.10/site-packages/airflow/example_dags/example_time_delta_sensor_async.py
[2023-12-07T17:10:27.428+0000] {processor.py:839} INFO - DAG(s) dict_keys(['example_time_delta_sensor_async']) retrieved from /home/ubuntu/ec2_customer_chum_venv/lib/python3.10/site-packages/airflow/example_dags/example_time_delta_sensor_async.py
[2023-12-07T17:10:27.446+0000] {logging_mixin.py:154} INFO - [2023-12-07T17:10:27.446+0000] {dag.py:2941} INFO - Sync 1 DAGs
[2023-12-07T17:10:27.458+0000] {logging_mixin.py:154} INFO - [2023-12-07T17:10:27.458+0000] {dag.py:3722} INFO - Setting next_dagrun for example_time_delta_sensor_async to None, run_after=None
[2023-12-07T17:10:27.480+0000] {processor.py:179} INFO - Processing /home/ubuntu/ec2_customer_chum_venv/lib/python3.10/site-packages/airflow/example_dags/example_time_delta_sensor_async.py took 0.063 seconds
[2023-12-07T17:11:11.845+0000] {processor.py:157} INFO - Started process (PID=6314) to work on /home/ubuntu/ec2_customer_chum_venv/lib/python3.10/site-packages/airflow/example_dags/example_time_delta_sensor_async.py
[2023-12-07T17:11:11.847+0000] {processor.py:829} INFO - Processing file /home/ubuntu/ec2_customer_chum_venv/lib/python3.10/site-packages/airflow/example_dags/example_time_delta_sensor_async.py for tasks to queue
[2023-12-07T17:11:11.847+0000] {logging_mixin.py:154} INFO - [2023-12-07T17:11:11.847+0000] {dagbag.py:536} INFO - Filling up the DagBag from /home/ubuntu/ec2_customer_chum_venv/lib/python3.10/site-packages/airflow/example_dags/example_time_delta_sensor_async.py
[2023-12-07T17:11:11.853+0000] {processor.py:839} INFO - DAG(s) dict_keys(['example_time_delta_sensor_async']) retrieved from /home/ubuntu/ec2_customer_chum_venv/lib/python3.10/site-packages/airflow/example_dags/example_time_delta_sensor_async.py
[2023-12-07T17:11:11.870+0000] {logging_mixin.py:154} INFO - [2023-12-07T17:11:11.870+0000] {dag.py:2941} INFO - Sync 1 DAGs
[2023-12-07T17:11:11.882+0000] {logging_mixin.py:154} INFO - [2023-12-07T17:11:11.882+0000] {dag.py:3722} INFO - Setting next_dagrun for example_time_delta_sensor_async to None, run_after=None
[2023-12-07T17:11:11.905+0000] {processor.py:179} INFO - Processing /home/ubuntu/ec2_customer_chum_venv/lib/python3.10/site-packages/airflow/example_dags/example_time_delta_sensor_async.py took 0.063 seconds
[2023-12-07T17:11:58.387+0000] {processor.py:157} INFO - Started process (PID=6367) to work on /home/ubuntu/ec2_customer_chum_venv/lib/python3.10/site-packages/airflow/example_dags/example_time_delta_sensor_async.py
[2023-12-07T17:11:58.388+0000] {processor.py:829} INFO - Processing file /home/ubuntu/ec2_customer_chum_venv/lib/python3.10/site-packages/airflow/example_dags/example_time_delta_sensor_async.py for tasks to queue
[2023-12-07T17:11:58.389+0000] {logging_mixin.py:154} INFO - [2023-12-07T17:11:58.388+0000] {dagbag.py:536} INFO - Filling up the DagBag from /home/ubuntu/ec2_customer_chum_venv/lib/python3.10/site-packages/airflow/example_dags/example_time_delta_sensor_async.py
[2023-12-07T17:11:58.394+0000] {processor.py:839} INFO - DAG(s) dict_keys(['example_time_delta_sensor_async']) retrieved from /home/ubuntu/ec2_customer_chum_venv/lib/python3.10/site-packages/airflow/example_dags/example_time_delta_sensor_async.py
[2023-12-07T17:11:58.411+0000] {logging_mixin.py:154} INFO - [2023-12-07T17:11:58.411+0000] {dag.py:2941} INFO - Sync 1 DAGs
[2023-12-07T17:11:58.423+0000] {logging_mixin.py:154} INFO - [2023-12-07T17:11:58.423+0000] {dag.py:3722} INFO - Setting next_dagrun for example_time_delta_sensor_async to None, run_after=None
[2023-12-07T17:11:58.446+0000] {processor.py:179} INFO - Processing /home/ubuntu/ec2_customer_chum_venv/lib/python3.10/site-packages/airflow/example_dags/example_time_delta_sensor_async.py took 0.063 seconds
[2023-12-07T17:12:44.477+0000] {processor.py:157} INFO - Started process (PID=6414) to work on /home/ubuntu/ec2_customer_chum_venv/lib/python3.10/site-packages/airflow/example_dags/example_time_delta_sensor_async.py
[2023-12-07T17:12:44.478+0000] {processor.py:829} INFO - Processing file /home/ubuntu/ec2_customer_chum_venv/lib/python3.10/site-packages/airflow/example_dags/example_time_delta_sensor_async.py for tasks to queue
[2023-12-07T17:12:44.479+0000] {logging_mixin.py:154} INFO - [2023-12-07T17:12:44.479+0000] {dagbag.py:536} INFO - Filling up the DagBag from /home/ubuntu/ec2_customer_chum_venv/lib/python3.10/site-packages/airflow/example_dags/example_time_delta_sensor_async.py
[2023-12-07T17:12:44.484+0000] {processor.py:839} INFO - DAG(s) dict_keys(['example_time_delta_sensor_async']) retrieved from /home/ubuntu/ec2_customer_chum_venv/lib/python3.10/site-packages/airflow/example_dags/example_time_delta_sensor_async.py
[2023-12-07T17:12:44.501+0000] {logging_mixin.py:154} INFO - [2023-12-07T17:12:44.501+0000] {dag.py:2941} INFO - Sync 1 DAGs
[2023-12-07T17:12:44.513+0000] {logging_mixin.py:154} INFO - [2023-12-07T17:12:44.513+0000] {dag.py:3722} INFO - Setting next_dagrun for example_time_delta_sensor_async to None, run_after=None
[2023-12-07T17:12:44.537+0000] {processor.py:179} INFO - Processing /home/ubuntu/ec2_customer_chum_venv/lib/python3.10/site-packages/airflow/example_dags/example_time_delta_sensor_async.py took 0.064 seconds
[2023-12-07T17:13:31.281+0000] {processor.py:157} INFO - Started process (PID=6549) to work on /home/ubuntu/ec2_customer_chum_venv/lib/python3.10/site-packages/airflow/example_dags/example_time_delta_sensor_async.py
[2023-12-07T17:13:31.283+0000] {processor.py:829} INFO - Processing file /home/ubuntu/ec2_customer_chum_venv/lib/python3.10/site-packages/airflow/example_dags/example_time_delta_sensor_async.py for tasks to queue
[2023-12-07T17:13:31.284+0000] {logging_mixin.py:154} INFO - [2023-12-07T17:13:31.283+0000] {dagbag.py:536} INFO - Filling up the DagBag from /home/ubuntu/ec2_customer_chum_venv/lib/python3.10/site-packages/airflow/example_dags/example_time_delta_sensor_async.py
[2023-12-07T17:13:31.289+0000] {processor.py:839} INFO - DAG(s) dict_keys(['example_time_delta_sensor_async']) retrieved from /home/ubuntu/ec2_customer_chum_venv/lib/python3.10/site-packages/airflow/example_dags/example_time_delta_sensor_async.py
[2023-12-07T17:13:31.307+0000] {logging_mixin.py:154} INFO - [2023-12-07T17:13:31.307+0000] {dag.py:2941} INFO - Sync 1 DAGs
[2023-12-07T17:13:31.319+0000] {logging_mixin.py:154} INFO - [2023-12-07T17:13:31.319+0000] {dag.py:3722} INFO - Setting next_dagrun for example_time_delta_sensor_async to None, run_after=None
[2023-12-07T17:13:31.346+0000] {processor.py:179} INFO - Processing /home/ubuntu/ec2_customer_chum_venv/lib/python3.10/site-packages/airflow/example_dags/example_time_delta_sensor_async.py took 0.068 seconds
[2023-12-07T17:14:12.483+0000] {processor.py:157} INFO - Started process (PID=6592) to work on /home/ubuntu/ec2_customer_chum_venv/lib/python3.10/site-packages/airflow/example_dags/example_time_delta_sensor_async.py
[2023-12-07T17:14:12.484+0000] {processor.py:829} INFO - Processing file /home/ubuntu/ec2_customer_chum_venv/lib/python3.10/site-packages/airflow/example_dags/example_time_delta_sensor_async.py for tasks to queue
[2023-12-07T17:14:12.485+0000] {logging_mixin.py:154} INFO - [2023-12-07T17:14:12.485+0000] {dagbag.py:536} INFO - Filling up the DagBag from /home/ubuntu/ec2_customer_chum_venv/lib/python3.10/site-packages/airflow/example_dags/example_time_delta_sensor_async.py
[2023-12-07T17:14:12.490+0000] {processor.py:839} INFO - DAG(s) dict_keys(['example_time_delta_sensor_async']) retrieved from /home/ubuntu/ec2_customer_chum_venv/lib/python3.10/site-packages/airflow/example_dags/example_time_delta_sensor_async.py
[2023-12-07T17:14:12.507+0000] {logging_mixin.py:154} INFO - [2023-12-07T17:14:12.507+0000] {dag.py:2941} INFO - Sync 1 DAGs
[2023-12-07T17:14:12.520+0000] {logging_mixin.py:154} INFO - [2023-12-07T17:14:12.520+0000] {dag.py:3722} INFO - Setting next_dagrun for example_time_delta_sensor_async to None, run_after=None
[2023-12-07T17:14:12.542+0000] {processor.py:179} INFO - Processing /home/ubuntu/ec2_customer_chum_venv/lib/python3.10/site-packages/airflow/example_dags/example_time_delta_sensor_async.py took 0.062 seconds
[2023-12-07T17:14:55.261+0000] {processor.py:157} INFO - Started process (PID=6703) to work on /home/ubuntu/ec2_customer_chum_venv/lib/python3.10/site-packages/airflow/example_dags/example_time_delta_sensor_async.py
[2023-12-07T17:14:55.262+0000] {processor.py:829} INFO - Processing file /home/ubuntu/ec2_customer_chum_venv/lib/python3.10/site-packages/airflow/example_dags/example_time_delta_sensor_async.py for tasks to queue
[2023-12-07T17:14:55.263+0000] {logging_mixin.py:154} INFO - [2023-12-07T17:14:55.262+0000] {dagbag.py:536} INFO - Filling up the DagBag from /home/ubuntu/ec2_customer_chum_venv/lib/python3.10/site-packages/airflow/example_dags/example_time_delta_sensor_async.py
[2023-12-07T17:14:55.268+0000] {processor.py:839} INFO - DAG(s) dict_keys(['example_time_delta_sensor_async']) retrieved from /home/ubuntu/ec2_customer_chum_venv/lib/python3.10/site-packages/airflow/example_dags/example_time_delta_sensor_async.py
[2023-12-07T17:14:55.285+0000] {logging_mixin.py:154} INFO - [2023-12-07T17:14:55.285+0000] {dag.py:2941} INFO - Sync 1 DAGs
[2023-12-07T17:14:55.297+0000] {logging_mixin.py:154} INFO - [2023-12-07T17:14:55.297+0000] {dag.py:3722} INFO - Setting next_dagrun for example_time_delta_sensor_async to None, run_after=None
[2023-12-07T17:14:55.320+0000] {processor.py:179} INFO - Processing /home/ubuntu/ec2_customer_chum_venv/lib/python3.10/site-packages/airflow/example_dags/example_time_delta_sensor_async.py took 0.063 seconds
[2023-12-07T17:15:37.736+0000] {processor.py:157} INFO - Started process (PID=6748) to work on /home/ubuntu/ec2_customer_chum_venv/lib/python3.10/site-packages/airflow/example_dags/example_time_delta_sensor_async.py
[2023-12-07T17:15:37.737+0000] {processor.py:829} INFO - Processing file /home/ubuntu/ec2_customer_chum_venv/lib/python3.10/site-packages/airflow/example_dags/example_time_delta_sensor_async.py for tasks to queue
[2023-12-07T17:15:37.738+0000] {logging_mixin.py:154} INFO - [2023-12-07T17:15:37.738+0000] {dagbag.py:536} INFO - Filling up the DagBag from /home/ubuntu/ec2_customer_chum_venv/lib/python3.10/site-packages/airflow/example_dags/example_time_delta_sensor_async.py
[2023-12-07T17:15:37.743+0000] {processor.py:839} INFO - DAG(s) dict_keys(['example_time_delta_sensor_async']) retrieved from /home/ubuntu/ec2_customer_chum_venv/lib/python3.10/site-packages/airflow/example_dags/example_time_delta_sensor_async.py
[2023-12-07T17:15:37.762+0000] {logging_mixin.py:154} INFO - [2023-12-07T17:15:37.761+0000] {dag.py:2941} INFO - Sync 1 DAGs
[2023-12-07T17:15:37.774+0000] {logging_mixin.py:154} INFO - [2023-12-07T17:15:37.773+0000] {dag.py:3722} INFO - Setting next_dagrun for example_time_delta_sensor_async to None, run_after=None
[2023-12-07T17:15:37.796+0000] {processor.py:179} INFO - Processing /home/ubuntu/ec2_customer_chum_venv/lib/python3.10/site-packages/airflow/example_dags/example_time_delta_sensor_async.py took 0.064 seconds
