[2023-12-07T16:49:40.929+0000] {processor.py:157} INFO - Started process (PID=4993) to work on /home/ubuntu/ec2_customer_chum_venv/lib/python3.10/site-packages/airflow/example_dags/example_dynamic_task_mapping_with_no_taskflow_operators.py
[2023-12-07T16:49:40.930+0000] {processor.py:829} INFO - Processing file /home/ubuntu/ec2_customer_chum_venv/lib/python3.10/site-packages/airflow/example_dags/example_dynamic_task_mapping_with_no_taskflow_operators.py for tasks to queue
[2023-12-07T16:49:40.930+0000] {logging_mixin.py:154} INFO - [2023-12-07T16:49:40.930+0000] {dagbag.py:536} INFO - Filling up the DagBag from /home/ubuntu/ec2_customer_chum_venv/lib/python3.10/site-packages/airflow/example_dags/example_dynamic_task_mapping_with_no_taskflow_operators.py
[2023-12-07T16:49:40.938+0000] {processor.py:839} INFO - DAG(s) dict_keys(['example_dynamic_task_mapping_with_no_taskflow_operators']) retrieved from /home/ubuntu/ec2_customer_chum_venv/lib/python3.10/site-packages/airflow/example_dags/example_dynamic_task_mapping_with_no_taskflow_operators.py
[2023-12-07T16:49:41.053+0000] {logging_mixin.py:154} INFO - [2023-12-07T16:49:41.052+0000] {manager.py:499} INFO - Created Permission View: %s
[2023-12-07T16:49:41.066+0000] {logging_mixin.py:154} INFO - [2023-12-07T16:49:41.066+0000] {manager.py:499} INFO - Created Permission View: %s
[2023-12-07T16:49:41.076+0000] {logging_mixin.py:154} INFO - [2023-12-07T16:49:41.076+0000] {manager.py:499} INFO - Created Permission View: %s
[2023-12-07T16:49:41.077+0000] {logging_mixin.py:154} INFO - [2023-12-07T16:49:41.077+0000] {dag.py:2941} INFO - Sync 1 DAGs
[2023-12-07T16:49:41.088+0000] {logging_mixin.py:154} INFO - [2023-12-07T16:49:41.088+0000] {dag.py:2963} INFO - Creating ORM DAG for example_dynamic_task_mapping_with_no_taskflow_operators
[2023-12-07T16:49:41.097+0000] {logging_mixin.py:154} INFO - [2023-12-07T16:49:41.097+0000] {dag.py:3722} INFO - Setting next_dagrun for example_dynamic_task_mapping_with_no_taskflow_operators to 2023-12-06T16:49:41.097131+00:00, run_after=2023-12-07T16:49:41.097131+00:00
[2023-12-07T16:49:41.120+0000] {processor.py:179} INFO - Processing /home/ubuntu/ec2_customer_chum_venv/lib/python3.10/site-packages/airflow/example_dags/example_dynamic_task_mapping_with_no_taskflow_operators.py took 0.195 seconds
[2023-12-07T16:50:28.651+0000] {processor.py:157} INFO - Started process (PID=5039) to work on /home/ubuntu/ec2_customer_chum_venv/lib/python3.10/site-packages/airflow/example_dags/example_dynamic_task_mapping_with_no_taskflow_operators.py
[2023-12-07T16:50:28.652+0000] {processor.py:829} INFO - Processing file /home/ubuntu/ec2_customer_chum_venv/lib/python3.10/site-packages/airflow/example_dags/example_dynamic_task_mapping_with_no_taskflow_operators.py for tasks to queue
[2023-12-07T16:50:28.653+0000] {logging_mixin.py:154} INFO - [2023-12-07T16:50:28.653+0000] {dagbag.py:536} INFO - Filling up the DagBag from /home/ubuntu/ec2_customer_chum_venv/lib/python3.10/site-packages/airflow/example_dags/example_dynamic_task_mapping_with_no_taskflow_operators.py
[2023-12-07T16:50:28.661+0000] {processor.py:839} INFO - DAG(s) dict_keys(['example_dynamic_task_mapping_with_no_taskflow_operators']) retrieved from /home/ubuntu/ec2_customer_chum_venv/lib/python3.10/site-packages/airflow/example_dags/example_dynamic_task_mapping_with_no_taskflow_operators.py
[2023-12-07T16:50:28.677+0000] {logging_mixin.py:154} INFO - [2023-12-07T16:50:28.677+0000] {dag.py:2941} INFO - Sync 1 DAGs
[2023-12-07T16:50:28.698+0000] {logging_mixin.py:154} INFO - [2023-12-07T16:50:28.698+0000] {dag.py:3722} INFO - Setting next_dagrun for example_dynamic_task_mapping_with_no_taskflow_operators to 2023-12-06T16:50:28.697961+00:00, run_after=2023-12-07T16:50:28.697961+00:00
[2023-12-07T16:50:28.723+0000] {processor.py:179} INFO - Processing /home/ubuntu/ec2_customer_chum_venv/lib/python3.10/site-packages/airflow/example_dags/example_dynamic_task_mapping_with_no_taskflow_operators.py took 0.075 seconds
[2023-12-07T16:51:17.824+0000] {processor.py:157} INFO - Started process (PID=5090) to work on /home/ubuntu/ec2_customer_chum_venv/lib/python3.10/site-packages/airflow/example_dags/example_dynamic_task_mapping_with_no_taskflow_operators.py
[2023-12-07T16:51:17.826+0000] {processor.py:829} INFO - Processing file /home/ubuntu/ec2_customer_chum_venv/lib/python3.10/site-packages/airflow/example_dags/example_dynamic_task_mapping_with_no_taskflow_operators.py for tasks to queue
[2023-12-07T16:51:17.827+0000] {logging_mixin.py:154} INFO - [2023-12-07T16:51:17.826+0000] {dagbag.py:536} INFO - Filling up the DagBag from /home/ubuntu/ec2_customer_chum_venv/lib/python3.10/site-packages/airflow/example_dags/example_dynamic_task_mapping_with_no_taskflow_operators.py
[2023-12-07T16:51:17.835+0000] {processor.py:839} INFO - DAG(s) dict_keys(['example_dynamic_task_mapping_with_no_taskflow_operators']) retrieved from /home/ubuntu/ec2_customer_chum_venv/lib/python3.10/site-packages/airflow/example_dags/example_dynamic_task_mapping_with_no_taskflow_operators.py
[2023-12-07T16:51:17.852+0000] {logging_mixin.py:154} INFO - [2023-12-07T16:51:17.851+0000] {dag.py:2941} INFO - Sync 1 DAGs
[2023-12-07T16:51:17.873+0000] {logging_mixin.py:154} INFO - [2023-12-07T16:51:17.872+0000] {dag.py:3722} INFO - Setting next_dagrun for example_dynamic_task_mapping_with_no_taskflow_operators to 2023-12-06T16:51:17.872527+00:00, run_after=2023-12-07T16:51:17.872527+00:00
[2023-12-07T16:51:17.895+0000] {processor.py:179} INFO - Processing /home/ubuntu/ec2_customer_chum_venv/lib/python3.10/site-packages/airflow/example_dags/example_dynamic_task_mapping_with_no_taskflow_operators.py took 0.074 seconds
[2023-12-07T16:52:08.108+0000] {processor.py:157} INFO - Started process (PID=5142) to work on /home/ubuntu/ec2_customer_chum_venv/lib/python3.10/site-packages/airflow/example_dags/example_dynamic_task_mapping_with_no_taskflow_operators.py
[2023-12-07T16:52:08.109+0000] {processor.py:829} INFO - Processing file /home/ubuntu/ec2_customer_chum_venv/lib/python3.10/site-packages/airflow/example_dags/example_dynamic_task_mapping_with_no_taskflow_operators.py for tasks to queue
[2023-12-07T16:52:08.110+0000] {logging_mixin.py:154} INFO - [2023-12-07T16:52:08.110+0000] {dagbag.py:536} INFO - Filling up the DagBag from /home/ubuntu/ec2_customer_chum_venv/lib/python3.10/site-packages/airflow/example_dags/example_dynamic_task_mapping_with_no_taskflow_operators.py
[2023-12-07T16:52:08.117+0000] {processor.py:839} INFO - DAG(s) dict_keys(['example_dynamic_task_mapping_with_no_taskflow_operators']) retrieved from /home/ubuntu/ec2_customer_chum_venv/lib/python3.10/site-packages/airflow/example_dags/example_dynamic_task_mapping_with_no_taskflow_operators.py
[2023-12-07T16:52:08.133+0000] {logging_mixin.py:154} INFO - [2023-12-07T16:52:08.133+0000] {dag.py:2941} INFO - Sync 1 DAGs
[2023-12-07T16:52:08.153+0000] {logging_mixin.py:154} INFO - [2023-12-07T16:52:08.153+0000] {dag.py:3722} INFO - Setting next_dagrun for example_dynamic_task_mapping_with_no_taskflow_operators to 2023-12-06T16:52:08.153049+00:00, run_after=2023-12-07T16:52:08.153049+00:00
[2023-12-07T16:52:08.177+0000] {processor.py:179} INFO - Processing /home/ubuntu/ec2_customer_chum_venv/lib/python3.10/site-packages/airflow/example_dags/example_dynamic_task_mapping_with_no_taskflow_operators.py took 0.073 seconds
[2023-12-07T16:52:56.353+0000] {processor.py:157} INFO - Started process (PID=5192) to work on /home/ubuntu/ec2_customer_chum_venv/lib/python3.10/site-packages/airflow/example_dags/example_dynamic_task_mapping_with_no_taskflow_operators.py
[2023-12-07T16:52:56.354+0000] {processor.py:829} INFO - Processing file /home/ubuntu/ec2_customer_chum_venv/lib/python3.10/site-packages/airflow/example_dags/example_dynamic_task_mapping_with_no_taskflow_operators.py for tasks to queue
[2023-12-07T16:52:56.355+0000] {logging_mixin.py:154} INFO - [2023-12-07T16:52:56.355+0000] {dagbag.py:536} INFO - Filling up the DagBag from /home/ubuntu/ec2_customer_chum_venv/lib/python3.10/site-packages/airflow/example_dags/example_dynamic_task_mapping_with_no_taskflow_operators.py
[2023-12-07T16:52:56.362+0000] {processor.py:839} INFO - DAG(s) dict_keys(['example_dynamic_task_mapping_with_no_taskflow_operators']) retrieved from /home/ubuntu/ec2_customer_chum_venv/lib/python3.10/site-packages/airflow/example_dags/example_dynamic_task_mapping_with_no_taskflow_operators.py
[2023-12-07T16:52:56.379+0000] {logging_mixin.py:154} INFO - [2023-12-07T16:52:56.378+0000] {dag.py:2941} INFO - Sync 1 DAGs
[2023-12-07T16:52:56.400+0000] {logging_mixin.py:154} INFO - [2023-12-07T16:52:56.400+0000] {dag.py:3722} INFO - Setting next_dagrun for example_dynamic_task_mapping_with_no_taskflow_operators to 2023-12-06T16:52:56.400220+00:00, run_after=2023-12-07T16:52:56.400220+00:00
[2023-12-07T16:52:56.423+0000] {processor.py:179} INFO - Processing /home/ubuntu/ec2_customer_chum_venv/lib/python3.10/site-packages/airflow/example_dags/example_dynamic_task_mapping_with_no_taskflow_operators.py took 0.074 seconds
[2023-12-07T16:54:09.090+0000] {processor.py:157} INFO - Started process (PID=5255) to work on /home/ubuntu/ec2_customer_chum_venv/lib/python3.10/site-packages/airflow/example_dags/example_dynamic_task_mapping_with_no_taskflow_operators.py
[2023-12-07T16:54:09.091+0000] {processor.py:829} INFO - Processing file /home/ubuntu/ec2_customer_chum_venv/lib/python3.10/site-packages/airflow/example_dags/example_dynamic_task_mapping_with_no_taskflow_operators.py for tasks to queue
[2023-12-07T16:54:09.092+0000] {logging_mixin.py:154} INFO - [2023-12-07T16:54:09.092+0000] {dagbag.py:536} INFO - Filling up the DagBag from /home/ubuntu/ec2_customer_chum_venv/lib/python3.10/site-packages/airflow/example_dags/example_dynamic_task_mapping_with_no_taskflow_operators.py
[2023-12-07T16:54:09.099+0000] {processor.py:839} INFO - DAG(s) dict_keys(['example_dynamic_task_mapping_with_no_taskflow_operators']) retrieved from /home/ubuntu/ec2_customer_chum_venv/lib/python3.10/site-packages/airflow/example_dags/example_dynamic_task_mapping_with_no_taskflow_operators.py
[2023-12-07T16:54:09.118+0000] {logging_mixin.py:154} INFO - [2023-12-07T16:54:09.117+0000] {dag.py:2941} INFO - Sync 1 DAGs
[2023-12-07T16:54:09.139+0000] {logging_mixin.py:154} INFO - [2023-12-07T16:54:09.138+0000] {dag.py:3722} INFO - Setting next_dagrun for example_dynamic_task_mapping_with_no_taskflow_operators to 2023-12-06T16:54:09.138711+00:00, run_after=2023-12-07T16:54:09.138711+00:00
[2023-12-07T16:54:09.161+0000] {processor.py:179} INFO - Processing /home/ubuntu/ec2_customer_chum_venv/lib/python3.10/site-packages/airflow/example_dags/example_dynamic_task_mapping_with_no_taskflow_operators.py took 0.074 seconds
[2023-12-07T16:54:55.675+0000] {processor.py:157} INFO - Started process (PID=5304) to work on /home/ubuntu/ec2_customer_chum_venv/lib/python3.10/site-packages/airflow/example_dags/example_dynamic_task_mapping_with_no_taskflow_operators.py
[2023-12-07T16:54:55.676+0000] {processor.py:829} INFO - Processing file /home/ubuntu/ec2_customer_chum_venv/lib/python3.10/site-packages/airflow/example_dags/example_dynamic_task_mapping_with_no_taskflow_operators.py for tasks to queue
[2023-12-07T16:54:55.677+0000] {logging_mixin.py:154} INFO - [2023-12-07T16:54:55.677+0000] {dagbag.py:536} INFO - Filling up the DagBag from /home/ubuntu/ec2_customer_chum_venv/lib/python3.10/site-packages/airflow/example_dags/example_dynamic_task_mapping_with_no_taskflow_operators.py
[2023-12-07T16:54:55.685+0000] {processor.py:839} INFO - DAG(s) dict_keys(['example_dynamic_task_mapping_with_no_taskflow_operators']) retrieved from /home/ubuntu/ec2_customer_chum_venv/lib/python3.10/site-packages/airflow/example_dags/example_dynamic_task_mapping_with_no_taskflow_operators.py
[2023-12-07T16:54:55.700+0000] {logging_mixin.py:154} INFO - [2023-12-07T16:54:55.700+0000] {dag.py:2941} INFO - Sync 1 DAGs
[2023-12-07T16:54:55.721+0000] {logging_mixin.py:154} INFO - [2023-12-07T16:54:55.720+0000] {dag.py:3722} INFO - Setting next_dagrun for example_dynamic_task_mapping_with_no_taskflow_operators to 2023-12-06T16:54:55.720683+00:00, run_after=2023-12-07T16:54:55.720683+00:00
[2023-12-07T16:54:55.744+0000] {processor.py:179} INFO - Processing /home/ubuntu/ec2_customer_chum_venv/lib/python3.10/site-packages/airflow/example_dags/example_dynamic_task_mapping_with_no_taskflow_operators.py took 0.072 seconds
[2023-12-07T16:55:40.174+0000] {processor.py:157} INFO - Started process (PID=5352) to work on /home/ubuntu/ec2_customer_chum_venv/lib/python3.10/site-packages/airflow/example_dags/example_dynamic_task_mapping_with_no_taskflow_operators.py
[2023-12-07T16:55:40.176+0000] {processor.py:829} INFO - Processing file /home/ubuntu/ec2_customer_chum_venv/lib/python3.10/site-packages/airflow/example_dags/example_dynamic_task_mapping_with_no_taskflow_operators.py for tasks to queue
[2023-12-07T16:55:40.177+0000] {logging_mixin.py:154} INFO - [2023-12-07T16:55:40.176+0000] {dagbag.py:536} INFO - Filling up the DagBag from /home/ubuntu/ec2_customer_chum_venv/lib/python3.10/site-packages/airflow/example_dags/example_dynamic_task_mapping_with_no_taskflow_operators.py
[2023-12-07T16:55:40.184+0000] {processor.py:839} INFO - DAG(s) dict_keys(['example_dynamic_task_mapping_with_no_taskflow_operators']) retrieved from /home/ubuntu/ec2_customer_chum_venv/lib/python3.10/site-packages/airflow/example_dags/example_dynamic_task_mapping_with_no_taskflow_operators.py
[2023-12-07T16:55:40.201+0000] {logging_mixin.py:154} INFO - [2023-12-07T16:55:40.201+0000] {dag.py:2941} INFO - Sync 1 DAGs
[2023-12-07T16:55:40.222+0000] {logging_mixin.py:154} INFO - [2023-12-07T16:55:40.222+0000] {dag.py:3722} INFO - Setting next_dagrun for example_dynamic_task_mapping_with_no_taskflow_operators to 2023-12-06T16:55:40.222420+00:00, run_after=2023-12-07T16:55:40.222420+00:00
[2023-12-07T16:55:40.244+0000] {processor.py:179} INFO - Processing /home/ubuntu/ec2_customer_chum_venv/lib/python3.10/site-packages/airflow/example_dags/example_dynamic_task_mapping_with_no_taskflow_operators.py took 0.073 seconds
[2023-12-07T16:56:26.003+0000] {processor.py:157} INFO - Started process (PID=5398) to work on /home/ubuntu/ec2_customer_chum_venv/lib/python3.10/site-packages/airflow/example_dags/example_dynamic_task_mapping_with_no_taskflow_operators.py
[2023-12-07T16:56:26.004+0000] {processor.py:829} INFO - Processing file /home/ubuntu/ec2_customer_chum_venv/lib/python3.10/site-packages/airflow/example_dags/example_dynamic_task_mapping_with_no_taskflow_operators.py for tasks to queue
[2023-12-07T16:56:26.005+0000] {logging_mixin.py:154} INFO - [2023-12-07T16:56:26.005+0000] {dagbag.py:536} INFO - Filling up the DagBag from /home/ubuntu/ec2_customer_chum_venv/lib/python3.10/site-packages/airflow/example_dags/example_dynamic_task_mapping_with_no_taskflow_operators.py
[2023-12-07T16:56:26.014+0000] {processor.py:839} INFO - DAG(s) dict_keys(['example_dynamic_task_mapping_with_no_taskflow_operators']) retrieved from /home/ubuntu/ec2_customer_chum_venv/lib/python3.10/site-packages/airflow/example_dags/example_dynamic_task_mapping_with_no_taskflow_operators.py
[2023-12-07T16:56:26.030+0000] {logging_mixin.py:154} INFO - [2023-12-07T16:56:26.030+0000] {dag.py:2941} INFO - Sync 1 DAGs
[2023-12-07T16:56:26.051+0000] {logging_mixin.py:154} INFO - [2023-12-07T16:56:26.050+0000] {dag.py:3722} INFO - Setting next_dagrun for example_dynamic_task_mapping_with_no_taskflow_operators to 2023-12-06T16:56:26.050590+00:00, run_after=2023-12-07T16:56:26.050590+00:00
[2023-12-07T16:56:26.073+0000] {processor.py:179} INFO - Processing /home/ubuntu/ec2_customer_chum_venv/lib/python3.10/site-packages/airflow/example_dags/example_dynamic_task_mapping_with_no_taskflow_operators.py took 0.074 seconds
[2023-12-07T16:57:09.046+0000] {processor.py:157} INFO - Started process (PID=5444) to work on /home/ubuntu/ec2_customer_chum_venv/lib/python3.10/site-packages/airflow/example_dags/example_dynamic_task_mapping_with_no_taskflow_operators.py
[2023-12-07T16:57:09.047+0000] {processor.py:829} INFO - Processing file /home/ubuntu/ec2_customer_chum_venv/lib/python3.10/site-packages/airflow/example_dags/example_dynamic_task_mapping_with_no_taskflow_operators.py for tasks to queue
[2023-12-07T16:57:09.048+0000] {logging_mixin.py:154} INFO - [2023-12-07T16:57:09.048+0000] {dagbag.py:536} INFO - Filling up the DagBag from /home/ubuntu/ec2_customer_chum_venv/lib/python3.10/site-packages/airflow/example_dags/example_dynamic_task_mapping_with_no_taskflow_operators.py
[2023-12-07T16:57:09.056+0000] {processor.py:839} INFO - DAG(s) dict_keys(['example_dynamic_task_mapping_with_no_taskflow_operators']) retrieved from /home/ubuntu/ec2_customer_chum_venv/lib/python3.10/site-packages/airflow/example_dags/example_dynamic_task_mapping_with_no_taskflow_operators.py
[2023-12-07T16:57:09.071+0000] {logging_mixin.py:154} INFO - [2023-12-07T16:57:09.071+0000] {dag.py:2941} INFO - Sync 1 DAGs
[2023-12-07T16:57:09.092+0000] {logging_mixin.py:154} INFO - [2023-12-07T16:57:09.092+0000] {dag.py:3722} INFO - Setting next_dagrun for example_dynamic_task_mapping_with_no_taskflow_operators to 2023-12-06T16:57:09.092030+00:00, run_after=2023-12-07T16:57:09.092030+00:00
[2023-12-07T16:57:09.114+0000] {processor.py:179} INFO - Processing /home/ubuntu/ec2_customer_chum_venv/lib/python3.10/site-packages/airflow/example_dags/example_dynamic_task_mapping_with_no_taskflow_operators.py took 0.072 seconds
[2023-12-07T16:57:52.174+0000] {processor.py:157} INFO - Started process (PID=5490) to work on /home/ubuntu/ec2_customer_chum_venv/lib/python3.10/site-packages/airflow/example_dags/example_dynamic_task_mapping_with_no_taskflow_operators.py
[2023-12-07T16:57:52.176+0000] {processor.py:829} INFO - Processing file /home/ubuntu/ec2_customer_chum_venv/lib/python3.10/site-packages/airflow/example_dags/example_dynamic_task_mapping_with_no_taskflow_operators.py for tasks to queue
[2023-12-07T16:57:52.177+0000] {logging_mixin.py:154} INFO - [2023-12-07T16:57:52.176+0000] {dagbag.py:536} INFO - Filling up the DagBag from /home/ubuntu/ec2_customer_chum_venv/lib/python3.10/site-packages/airflow/example_dags/example_dynamic_task_mapping_with_no_taskflow_operators.py
[2023-12-07T16:57:52.184+0000] {processor.py:839} INFO - DAG(s) dict_keys(['example_dynamic_task_mapping_with_no_taskflow_operators']) retrieved from /home/ubuntu/ec2_customer_chum_venv/lib/python3.10/site-packages/airflow/example_dags/example_dynamic_task_mapping_with_no_taskflow_operators.py
[2023-12-07T16:57:52.200+0000] {logging_mixin.py:154} INFO - [2023-12-07T16:57:52.199+0000] {dag.py:2941} INFO - Sync 1 DAGs
[2023-12-07T16:57:52.220+0000] {logging_mixin.py:154} INFO - [2023-12-07T16:57:52.220+0000] {dag.py:3722} INFO - Setting next_dagrun for example_dynamic_task_mapping_with_no_taskflow_operators to 2023-12-06T16:57:52.220032+00:00, run_after=2023-12-07T16:57:52.220032+00:00
[2023-12-07T16:57:52.242+0000] {processor.py:179} INFO - Processing /home/ubuntu/ec2_customer_chum_venv/lib/python3.10/site-packages/airflow/example_dags/example_dynamic_task_mapping_with_no_taskflow_operators.py took 0.071 seconds
[2023-12-07T16:58:37.723+0000] {processor.py:157} INFO - Started process (PID=5538) to work on /home/ubuntu/ec2_customer_chum_venv/lib/python3.10/site-packages/airflow/example_dags/example_dynamic_task_mapping_with_no_taskflow_operators.py
[2023-12-07T16:58:37.724+0000] {processor.py:829} INFO - Processing file /home/ubuntu/ec2_customer_chum_venv/lib/python3.10/site-packages/airflow/example_dags/example_dynamic_task_mapping_with_no_taskflow_operators.py for tasks to queue
[2023-12-07T16:58:37.725+0000] {logging_mixin.py:154} INFO - [2023-12-07T16:58:37.725+0000] {dagbag.py:536} INFO - Filling up the DagBag from /home/ubuntu/ec2_customer_chum_venv/lib/python3.10/site-packages/airflow/example_dags/example_dynamic_task_mapping_with_no_taskflow_operators.py
[2023-12-07T16:58:37.733+0000] {processor.py:839} INFO - DAG(s) dict_keys(['example_dynamic_task_mapping_with_no_taskflow_operators']) retrieved from /home/ubuntu/ec2_customer_chum_venv/lib/python3.10/site-packages/airflow/example_dags/example_dynamic_task_mapping_with_no_taskflow_operators.py
[2023-12-07T16:58:37.749+0000] {logging_mixin.py:154} INFO - [2023-12-07T16:58:37.749+0000] {dag.py:2941} INFO - Sync 1 DAGs
[2023-12-07T16:58:37.770+0000] {logging_mixin.py:154} INFO - [2023-12-07T16:58:37.770+0000] {dag.py:3722} INFO - Setting next_dagrun for example_dynamic_task_mapping_with_no_taskflow_operators to 2023-12-06T16:58:37.770203+00:00, run_after=2023-12-07T16:58:37.770203+00:00
[2023-12-07T16:58:37.792+0000] {processor.py:179} INFO - Processing /home/ubuntu/ec2_customer_chum_venv/lib/python3.10/site-packages/airflow/example_dags/example_dynamic_task_mapping_with_no_taskflow_operators.py took 0.072 seconds
[2023-12-07T16:59:20.050+0000] {processor.py:157} INFO - Started process (PID=5582) to work on /home/ubuntu/ec2_customer_chum_venv/lib/python3.10/site-packages/airflow/example_dags/example_dynamic_task_mapping_with_no_taskflow_operators.py
[2023-12-07T16:59:20.051+0000] {processor.py:829} INFO - Processing file /home/ubuntu/ec2_customer_chum_venv/lib/python3.10/site-packages/airflow/example_dags/example_dynamic_task_mapping_with_no_taskflow_operators.py for tasks to queue
[2023-12-07T16:59:20.052+0000] {logging_mixin.py:154} INFO - [2023-12-07T16:59:20.052+0000] {dagbag.py:536} INFO - Filling up the DagBag from /home/ubuntu/ec2_customer_chum_venv/lib/python3.10/site-packages/airflow/example_dags/example_dynamic_task_mapping_with_no_taskflow_operators.py
[2023-12-07T16:59:20.060+0000] {processor.py:839} INFO - DAG(s) dict_keys(['example_dynamic_task_mapping_with_no_taskflow_operators']) retrieved from /home/ubuntu/ec2_customer_chum_venv/lib/python3.10/site-packages/airflow/example_dags/example_dynamic_task_mapping_with_no_taskflow_operators.py
[2023-12-07T16:59:20.077+0000] {logging_mixin.py:154} INFO - [2023-12-07T16:59:20.076+0000] {dag.py:2941} INFO - Sync 1 DAGs
[2023-12-07T16:59:20.098+0000] {logging_mixin.py:154} INFO - [2023-12-07T16:59:20.097+0000] {dag.py:3722} INFO - Setting next_dagrun for example_dynamic_task_mapping_with_no_taskflow_operators to 2023-12-06T16:59:20.097608+00:00, run_after=2023-12-07T16:59:20.097608+00:00
[2023-12-07T16:59:20.120+0000] {processor.py:179} INFO - Processing /home/ubuntu/ec2_customer_chum_venv/lib/python3.10/site-packages/airflow/example_dags/example_dynamic_task_mapping_with_no_taskflow_operators.py took 0.073 seconds
[2023-12-07T17:00:04.066+0000] {processor.py:157} INFO - Started process (PID=5628) to work on /home/ubuntu/ec2_customer_chum_venv/lib/python3.10/site-packages/airflow/example_dags/example_dynamic_task_mapping_with_no_taskflow_operators.py
[2023-12-07T17:00:04.068+0000] {processor.py:829} INFO - Processing file /home/ubuntu/ec2_customer_chum_venv/lib/python3.10/site-packages/airflow/example_dags/example_dynamic_task_mapping_with_no_taskflow_operators.py for tasks to queue
[2023-12-07T17:00:04.069+0000] {logging_mixin.py:154} INFO - [2023-12-07T17:00:04.069+0000] {dagbag.py:536} INFO - Filling up the DagBag from /home/ubuntu/ec2_customer_chum_venv/lib/python3.10/site-packages/airflow/example_dags/example_dynamic_task_mapping_with_no_taskflow_operators.py
[2023-12-07T17:00:04.078+0000] {processor.py:839} INFO - DAG(s) dict_keys(['example_dynamic_task_mapping_with_no_taskflow_operators']) retrieved from /home/ubuntu/ec2_customer_chum_venv/lib/python3.10/site-packages/airflow/example_dags/example_dynamic_task_mapping_with_no_taskflow_operators.py
[2023-12-07T17:00:04.100+0000] {logging_mixin.py:154} INFO - [2023-12-07T17:00:04.100+0000] {dag.py:2941} INFO - Sync 1 DAGs
[2023-12-07T17:00:04.127+0000] {logging_mixin.py:154} INFO - [2023-12-07T17:00:04.127+0000] {dag.py:3722} INFO - Setting next_dagrun for example_dynamic_task_mapping_with_no_taskflow_operators to 2023-12-06T17:00:04.126900+00:00, run_after=2023-12-07T17:00:04.126900+00:00
[2023-12-07T17:00:04.157+0000] {processor.py:179} INFO - Processing /home/ubuntu/ec2_customer_chum_venv/lib/python3.10/site-packages/airflow/example_dags/example_dynamic_task_mapping_with_no_taskflow_operators.py took 0.095 seconds
[2023-12-07T17:00:53.495+0000] {processor.py:157} INFO - Started process (PID=5678) to work on /home/ubuntu/ec2_customer_chum_venv/lib/python3.10/site-packages/airflow/example_dags/example_dynamic_task_mapping_with_no_taskflow_operators.py
[2023-12-07T17:00:53.497+0000] {processor.py:829} INFO - Processing file /home/ubuntu/ec2_customer_chum_venv/lib/python3.10/site-packages/airflow/example_dags/example_dynamic_task_mapping_with_no_taskflow_operators.py for tasks to queue
[2023-12-07T17:00:53.498+0000] {logging_mixin.py:154} INFO - [2023-12-07T17:00:53.497+0000] {dagbag.py:536} INFO - Filling up the DagBag from /home/ubuntu/ec2_customer_chum_venv/lib/python3.10/site-packages/airflow/example_dags/example_dynamic_task_mapping_with_no_taskflow_operators.py
[2023-12-07T17:00:53.505+0000] {processor.py:839} INFO - DAG(s) dict_keys(['example_dynamic_task_mapping_with_no_taskflow_operators']) retrieved from /home/ubuntu/ec2_customer_chum_venv/lib/python3.10/site-packages/airflow/example_dags/example_dynamic_task_mapping_with_no_taskflow_operators.py
[2023-12-07T17:00:53.521+0000] {logging_mixin.py:154} INFO - [2023-12-07T17:00:53.521+0000] {dag.py:2941} INFO - Sync 1 DAGs
[2023-12-07T17:00:53.542+0000] {logging_mixin.py:154} INFO - [2023-12-07T17:00:53.542+0000] {dag.py:3722} INFO - Setting next_dagrun for example_dynamic_task_mapping_with_no_taskflow_operators to 2023-12-06T17:00:53.541872+00:00, run_after=2023-12-07T17:00:53.541872+00:00
[2023-12-07T17:00:53.565+0000] {processor.py:179} INFO - Processing /home/ubuntu/ec2_customer_chum_venv/lib/python3.10/site-packages/airflow/example_dags/example_dynamic_task_mapping_with_no_taskflow_operators.py took 0.073 seconds
[2023-12-07T17:01:39.394+0000] {processor.py:157} INFO - Started process (PID=5725) to work on /home/ubuntu/ec2_customer_chum_venv/lib/python3.10/site-packages/airflow/example_dags/example_dynamic_task_mapping_with_no_taskflow_operators.py
[2023-12-07T17:01:39.395+0000] {processor.py:829} INFO - Processing file /home/ubuntu/ec2_customer_chum_venv/lib/python3.10/site-packages/airflow/example_dags/example_dynamic_task_mapping_with_no_taskflow_operators.py for tasks to queue
[2023-12-07T17:01:39.396+0000] {logging_mixin.py:154} INFO - [2023-12-07T17:01:39.396+0000] {dagbag.py:536} INFO - Filling up the DagBag from /home/ubuntu/ec2_customer_chum_venv/lib/python3.10/site-packages/airflow/example_dags/example_dynamic_task_mapping_with_no_taskflow_operators.py
[2023-12-07T17:01:39.404+0000] {processor.py:839} INFO - DAG(s) dict_keys(['example_dynamic_task_mapping_with_no_taskflow_operators']) retrieved from /home/ubuntu/ec2_customer_chum_venv/lib/python3.10/site-packages/airflow/example_dags/example_dynamic_task_mapping_with_no_taskflow_operators.py
[2023-12-07T17:01:39.419+0000] {logging_mixin.py:154} INFO - [2023-12-07T17:01:39.419+0000] {dag.py:2941} INFO - Sync 1 DAGs
[2023-12-07T17:01:39.440+0000] {logging_mixin.py:154} INFO - [2023-12-07T17:01:39.439+0000] {dag.py:3722} INFO - Setting next_dagrun for example_dynamic_task_mapping_with_no_taskflow_operators to 2023-12-06T17:01:39.439560+00:00, run_after=2023-12-07T17:01:39.439560+00:00
[2023-12-07T17:01:39.462+0000] {processor.py:179} INFO - Processing /home/ubuntu/ec2_customer_chum_venv/lib/python3.10/site-packages/airflow/example_dags/example_dynamic_task_mapping_with_no_taskflow_operators.py took 0.071 seconds
[2023-12-07T17:02:27.948+0000] {processor.py:157} INFO - Started process (PID=5773) to work on /home/ubuntu/ec2_customer_chum_venv/lib/python3.10/site-packages/airflow/example_dags/example_dynamic_task_mapping_with_no_taskflow_operators.py
[2023-12-07T17:02:27.950+0000] {processor.py:829} INFO - Processing file /home/ubuntu/ec2_customer_chum_venv/lib/python3.10/site-packages/airflow/example_dags/example_dynamic_task_mapping_with_no_taskflow_operators.py for tasks to queue
[2023-12-07T17:02:27.951+0000] {logging_mixin.py:154} INFO - [2023-12-07T17:02:27.950+0000] {dagbag.py:536} INFO - Filling up the DagBag from /home/ubuntu/ec2_customer_chum_venv/lib/python3.10/site-packages/airflow/example_dags/example_dynamic_task_mapping_with_no_taskflow_operators.py
[2023-12-07T17:02:27.958+0000] {processor.py:839} INFO - DAG(s) dict_keys(['example_dynamic_task_mapping_with_no_taskflow_operators']) retrieved from /home/ubuntu/ec2_customer_chum_venv/lib/python3.10/site-packages/airflow/example_dags/example_dynamic_task_mapping_with_no_taskflow_operators.py
[2023-12-07T17:02:27.975+0000] {logging_mixin.py:154} INFO - [2023-12-07T17:02:27.975+0000] {dag.py:2941} INFO - Sync 1 DAGs
[2023-12-07T17:02:27.996+0000] {logging_mixin.py:154} INFO - [2023-12-07T17:02:27.996+0000] {dag.py:3722} INFO - Setting next_dagrun for example_dynamic_task_mapping_with_no_taskflow_operators to 2023-12-06T17:02:27.995968+00:00, run_after=2023-12-07T17:02:27.995968+00:00
[2023-12-07T17:02:28.022+0000] {processor.py:179} INFO - Processing /home/ubuntu/ec2_customer_chum_venv/lib/python3.10/site-packages/airflow/example_dags/example_dynamic_task_mapping_with_no_taskflow_operators.py took 0.077 seconds
[2023-12-07T17:03:15.387+0000] {processor.py:157} INFO - Started process (PID=5821) to work on /home/ubuntu/ec2_customer_chum_venv/lib/python3.10/site-packages/airflow/example_dags/example_dynamic_task_mapping_with_no_taskflow_operators.py
[2023-12-07T17:03:15.388+0000] {processor.py:829} INFO - Processing file /home/ubuntu/ec2_customer_chum_venv/lib/python3.10/site-packages/airflow/example_dags/example_dynamic_task_mapping_with_no_taskflow_operators.py for tasks to queue
[2023-12-07T17:03:15.389+0000] {logging_mixin.py:154} INFO - [2023-12-07T17:03:15.389+0000] {dagbag.py:536} INFO - Filling up the DagBag from /home/ubuntu/ec2_customer_chum_venv/lib/python3.10/site-packages/airflow/example_dags/example_dynamic_task_mapping_with_no_taskflow_operators.py
[2023-12-07T17:03:15.397+0000] {processor.py:839} INFO - DAG(s) dict_keys(['example_dynamic_task_mapping_with_no_taskflow_operators']) retrieved from /home/ubuntu/ec2_customer_chum_venv/lib/python3.10/site-packages/airflow/example_dags/example_dynamic_task_mapping_with_no_taskflow_operators.py
[2023-12-07T17:03:15.412+0000] {logging_mixin.py:154} INFO - [2023-12-07T17:03:15.412+0000] {dag.py:2941} INFO - Sync 1 DAGs
[2023-12-07T17:03:15.433+0000] {logging_mixin.py:154} INFO - [2023-12-07T17:03:15.432+0000] {dag.py:3722} INFO - Setting next_dagrun for example_dynamic_task_mapping_with_no_taskflow_operators to 2023-12-06T17:03:15.432586+00:00, run_after=2023-12-07T17:03:15.432586+00:00
[2023-12-07T17:03:15.454+0000] {processor.py:179} INFO - Processing /home/ubuntu/ec2_customer_chum_venv/lib/python3.10/site-packages/airflow/example_dags/example_dynamic_task_mapping_with_no_taskflow_operators.py took 0.070 seconds
[2023-12-07T17:03:58.799+0000] {processor.py:157} INFO - Started process (PID=5867) to work on /home/ubuntu/ec2_customer_chum_venv/lib/python3.10/site-packages/airflow/example_dags/example_dynamic_task_mapping_with_no_taskflow_operators.py
[2023-12-07T17:03:58.800+0000] {processor.py:829} INFO - Processing file /home/ubuntu/ec2_customer_chum_venv/lib/python3.10/site-packages/airflow/example_dags/example_dynamic_task_mapping_with_no_taskflow_operators.py for tasks to queue
[2023-12-07T17:03:58.801+0000] {logging_mixin.py:154} INFO - [2023-12-07T17:03:58.801+0000] {dagbag.py:536} INFO - Filling up the DagBag from /home/ubuntu/ec2_customer_chum_venv/lib/python3.10/site-packages/airflow/example_dags/example_dynamic_task_mapping_with_no_taskflow_operators.py
[2023-12-07T17:03:58.809+0000] {processor.py:839} INFO - DAG(s) dict_keys(['example_dynamic_task_mapping_with_no_taskflow_operators']) retrieved from /home/ubuntu/ec2_customer_chum_venv/lib/python3.10/site-packages/airflow/example_dags/example_dynamic_task_mapping_with_no_taskflow_operators.py
[2023-12-07T17:03:58.825+0000] {logging_mixin.py:154} INFO - [2023-12-07T17:03:58.825+0000] {dag.py:2941} INFO - Sync 1 DAGs
[2023-12-07T17:03:58.846+0000] {logging_mixin.py:154} INFO - [2023-12-07T17:03:58.846+0000] {dag.py:3722} INFO - Setting next_dagrun for example_dynamic_task_mapping_with_no_taskflow_operators to 2023-12-06T17:03:58.846014+00:00, run_after=2023-12-07T17:03:58.846014+00:00
[2023-12-07T17:03:58.868+0000] {processor.py:179} INFO - Processing /home/ubuntu/ec2_customer_chum_venv/lib/python3.10/site-packages/airflow/example_dags/example_dynamic_task_mapping_with_no_taskflow_operators.py took 0.072 seconds
[2023-12-07T17:04:46.530+0000] {processor.py:157} INFO - Started process (PID=5918) to work on /home/ubuntu/ec2_customer_chum_venv/lib/python3.10/site-packages/airflow/example_dags/example_dynamic_task_mapping_with_no_taskflow_operators.py
[2023-12-07T17:04:46.531+0000] {processor.py:829} INFO - Processing file /home/ubuntu/ec2_customer_chum_venv/lib/python3.10/site-packages/airflow/example_dags/example_dynamic_task_mapping_with_no_taskflow_operators.py for tasks to queue
[2023-12-07T17:04:46.532+0000] {logging_mixin.py:154} INFO - [2023-12-07T17:04:46.532+0000] {dagbag.py:536} INFO - Filling up the DagBag from /home/ubuntu/ec2_customer_chum_venv/lib/python3.10/site-packages/airflow/example_dags/example_dynamic_task_mapping_with_no_taskflow_operators.py
[2023-12-07T17:04:46.539+0000] {processor.py:839} INFO - DAG(s) dict_keys(['example_dynamic_task_mapping_with_no_taskflow_operators']) retrieved from /home/ubuntu/ec2_customer_chum_venv/lib/python3.10/site-packages/airflow/example_dags/example_dynamic_task_mapping_with_no_taskflow_operators.py
[2023-12-07T17:04:46.555+0000] {logging_mixin.py:154} INFO - [2023-12-07T17:04:46.555+0000] {dag.py:2941} INFO - Sync 1 DAGs
[2023-12-07T17:04:46.576+0000] {logging_mixin.py:154} INFO - [2023-12-07T17:04:46.576+0000] {dag.py:3722} INFO - Setting next_dagrun for example_dynamic_task_mapping_with_no_taskflow_operators to 2023-12-06T17:04:46.575751+00:00, run_after=2023-12-07T17:04:46.575751+00:00
[2023-12-07T17:04:46.598+0000] {processor.py:179} INFO - Processing /home/ubuntu/ec2_customer_chum_venv/lib/python3.10/site-packages/airflow/example_dags/example_dynamic_task_mapping_with_no_taskflow_operators.py took 0.072 seconds
[2023-12-07T17:05:29.870+0000] {processor.py:157} INFO - Started process (PID=5964) to work on /home/ubuntu/ec2_customer_chum_venv/lib/python3.10/site-packages/airflow/example_dags/example_dynamic_task_mapping_with_no_taskflow_operators.py
[2023-12-07T17:05:29.872+0000] {processor.py:829} INFO - Processing file /home/ubuntu/ec2_customer_chum_venv/lib/python3.10/site-packages/airflow/example_dags/example_dynamic_task_mapping_with_no_taskflow_operators.py for tasks to queue
[2023-12-07T17:05:29.873+0000] {logging_mixin.py:154} INFO - [2023-12-07T17:05:29.872+0000] {dagbag.py:536} INFO - Filling up the DagBag from /home/ubuntu/ec2_customer_chum_venv/lib/python3.10/site-packages/airflow/example_dags/example_dynamic_task_mapping_with_no_taskflow_operators.py
[2023-12-07T17:05:29.880+0000] {processor.py:839} INFO - DAG(s) dict_keys(['example_dynamic_task_mapping_with_no_taskflow_operators']) retrieved from /home/ubuntu/ec2_customer_chum_venv/lib/python3.10/site-packages/airflow/example_dags/example_dynamic_task_mapping_with_no_taskflow_operators.py
[2023-12-07T17:05:29.896+0000] {logging_mixin.py:154} INFO - [2023-12-07T17:05:29.896+0000] {dag.py:2941} INFO - Sync 1 DAGs
[2023-12-07T17:05:29.917+0000] {logging_mixin.py:154} INFO - [2023-12-07T17:05:29.917+0000] {dag.py:3722} INFO - Setting next_dagrun for example_dynamic_task_mapping_with_no_taskflow_operators to 2023-12-06T17:05:29.917384+00:00, run_after=2023-12-07T17:05:29.917384+00:00
[2023-12-07T17:05:29.941+0000] {processor.py:179} INFO - Processing /home/ubuntu/ec2_customer_chum_venv/lib/python3.10/site-packages/airflow/example_dags/example_dynamic_task_mapping_with_no_taskflow_operators.py took 0.074 seconds
[2023-12-07T17:06:13.654+0000] {processor.py:157} INFO - Started process (PID=6008) to work on /home/ubuntu/ec2_customer_chum_venv/lib/python3.10/site-packages/airflow/example_dags/example_dynamic_task_mapping_with_no_taskflow_operators.py
[2023-12-07T17:06:13.655+0000] {processor.py:829} INFO - Processing file /home/ubuntu/ec2_customer_chum_venv/lib/python3.10/site-packages/airflow/example_dags/example_dynamic_task_mapping_with_no_taskflow_operators.py for tasks to queue
[2023-12-07T17:06:13.656+0000] {logging_mixin.py:154} INFO - [2023-12-07T17:06:13.656+0000] {dagbag.py:536} INFO - Filling up the DagBag from /home/ubuntu/ec2_customer_chum_venv/lib/python3.10/site-packages/airflow/example_dags/example_dynamic_task_mapping_with_no_taskflow_operators.py
[2023-12-07T17:06:13.664+0000] {processor.py:839} INFO - DAG(s) dict_keys(['example_dynamic_task_mapping_with_no_taskflow_operators']) retrieved from /home/ubuntu/ec2_customer_chum_venv/lib/python3.10/site-packages/airflow/example_dags/example_dynamic_task_mapping_with_no_taskflow_operators.py
[2023-12-07T17:06:13.680+0000] {logging_mixin.py:154} INFO - [2023-12-07T17:06:13.680+0000] {dag.py:2941} INFO - Sync 1 DAGs
[2023-12-07T17:06:13.700+0000] {logging_mixin.py:154} INFO - [2023-12-07T17:06:13.700+0000] {dag.py:3722} INFO - Setting next_dagrun for example_dynamic_task_mapping_with_no_taskflow_operators to 2023-12-06T17:06:13.700193+00:00, run_after=2023-12-07T17:06:13.700193+00:00
[2023-12-07T17:06:13.723+0000] {processor.py:179} INFO - Processing /home/ubuntu/ec2_customer_chum_venv/lib/python3.10/site-packages/airflow/example_dags/example_dynamic_task_mapping_with_no_taskflow_operators.py took 0.072 seconds
[2023-12-07T17:06:57.722+0000] {processor.py:157} INFO - Started process (PID=6053) to work on /home/ubuntu/ec2_customer_chum_venv/lib/python3.10/site-packages/airflow/example_dags/example_dynamic_task_mapping_with_no_taskflow_operators.py
[2023-12-07T17:06:57.724+0000] {processor.py:829} INFO - Processing file /home/ubuntu/ec2_customer_chum_venv/lib/python3.10/site-packages/airflow/example_dags/example_dynamic_task_mapping_with_no_taskflow_operators.py for tasks to queue
[2023-12-07T17:06:57.724+0000] {logging_mixin.py:154} INFO - [2023-12-07T17:06:57.724+0000] {dagbag.py:536} INFO - Filling up the DagBag from /home/ubuntu/ec2_customer_chum_venv/lib/python3.10/site-packages/airflow/example_dags/example_dynamic_task_mapping_with_no_taskflow_operators.py
[2023-12-07T17:06:57.732+0000] {processor.py:839} INFO - DAG(s) dict_keys(['example_dynamic_task_mapping_with_no_taskflow_operators']) retrieved from /home/ubuntu/ec2_customer_chum_venv/lib/python3.10/site-packages/airflow/example_dags/example_dynamic_task_mapping_with_no_taskflow_operators.py
[2023-12-07T17:06:57.749+0000] {logging_mixin.py:154} INFO - [2023-12-07T17:06:57.749+0000] {dag.py:2941} INFO - Sync 1 DAGs
[2023-12-07T17:06:57.770+0000] {logging_mixin.py:154} INFO - [2023-12-07T17:06:57.769+0000] {dag.py:3722} INFO - Setting next_dagrun for example_dynamic_task_mapping_with_no_taskflow_operators to 2023-12-06T17:06:57.769705+00:00, run_after=2023-12-07T17:06:57.769705+00:00
[2023-12-07T17:06:57.791+0000] {processor.py:179} INFO - Processing /home/ubuntu/ec2_customer_chum_venv/lib/python3.10/site-packages/airflow/example_dags/example_dynamic_task_mapping_with_no_taskflow_operators.py took 0.073 seconds
[2023-12-07T17:07:44.673+0000] {processor.py:157} INFO - Started process (PID=6102) to work on /home/ubuntu/ec2_customer_chum_venv/lib/python3.10/site-packages/airflow/example_dags/example_dynamic_task_mapping_with_no_taskflow_operators.py
[2023-12-07T17:07:44.675+0000] {processor.py:829} INFO - Processing file /home/ubuntu/ec2_customer_chum_venv/lib/python3.10/site-packages/airflow/example_dags/example_dynamic_task_mapping_with_no_taskflow_operators.py for tasks to queue
[2023-12-07T17:07:44.675+0000] {logging_mixin.py:154} INFO - [2023-12-07T17:07:44.675+0000] {dagbag.py:536} INFO - Filling up the DagBag from /home/ubuntu/ec2_customer_chum_venv/lib/python3.10/site-packages/airflow/example_dags/example_dynamic_task_mapping_with_no_taskflow_operators.py
[2023-12-07T17:07:44.683+0000] {processor.py:839} INFO - DAG(s) dict_keys(['example_dynamic_task_mapping_with_no_taskflow_operators']) retrieved from /home/ubuntu/ec2_customer_chum_venv/lib/python3.10/site-packages/airflow/example_dags/example_dynamic_task_mapping_with_no_taskflow_operators.py
[2023-12-07T17:07:44.698+0000] {logging_mixin.py:154} INFO - [2023-12-07T17:07:44.698+0000] {dag.py:2941} INFO - Sync 1 DAGs
[2023-12-07T17:07:44.718+0000] {logging_mixin.py:154} INFO - [2023-12-07T17:07:44.718+0000] {dag.py:3722} INFO - Setting next_dagrun for example_dynamic_task_mapping_with_no_taskflow_operators to 2023-12-06T17:07:44.718151+00:00, run_after=2023-12-07T17:07:44.718151+00:00
[2023-12-07T17:07:44.739+0000] {processor.py:179} INFO - Processing /home/ubuntu/ec2_customer_chum_venv/lib/python3.10/site-packages/airflow/example_dags/example_dynamic_task_mapping_with_no_taskflow_operators.py took 0.069 seconds
[2023-12-07T17:08:31.245+0000] {processor.py:157} INFO - Started process (PID=6149) to work on /home/ubuntu/ec2_customer_chum_venv/lib/python3.10/site-packages/airflow/example_dags/example_dynamic_task_mapping_with_no_taskflow_operators.py
[2023-12-07T17:08:31.246+0000] {processor.py:829} INFO - Processing file /home/ubuntu/ec2_customer_chum_venv/lib/python3.10/site-packages/airflow/example_dags/example_dynamic_task_mapping_with_no_taskflow_operators.py for tasks to queue
[2023-12-07T17:08:31.247+0000] {logging_mixin.py:154} INFO - [2023-12-07T17:08:31.247+0000] {dagbag.py:536} INFO - Filling up the DagBag from /home/ubuntu/ec2_customer_chum_venv/lib/python3.10/site-packages/airflow/example_dags/example_dynamic_task_mapping_with_no_taskflow_operators.py
[2023-12-07T17:08:31.255+0000] {processor.py:839} INFO - DAG(s) dict_keys(['example_dynamic_task_mapping_with_no_taskflow_operators']) retrieved from /home/ubuntu/ec2_customer_chum_venv/lib/python3.10/site-packages/airflow/example_dags/example_dynamic_task_mapping_with_no_taskflow_operators.py
[2023-12-07T17:08:31.271+0000] {logging_mixin.py:154} INFO - [2023-12-07T17:08:31.271+0000] {dag.py:2941} INFO - Sync 1 DAGs
[2023-12-07T17:08:31.292+0000] {logging_mixin.py:154} INFO - [2023-12-07T17:08:31.292+0000] {dag.py:3722} INFO - Setting next_dagrun for example_dynamic_task_mapping_with_no_taskflow_operators to 2023-12-06T17:08:31.292458+00:00, run_after=2023-12-07T17:08:31.292458+00:00
[2023-12-07T17:08:31.315+0000] {processor.py:179} INFO - Processing /home/ubuntu/ec2_customer_chum_venv/lib/python3.10/site-packages/airflow/example_dags/example_dynamic_task_mapping_with_no_taskflow_operators.py took 0.074 seconds
[2023-12-07T17:09:17.912+0000] {processor.py:157} INFO - Started process (PID=6197) to work on /home/ubuntu/ec2_customer_chum_venv/lib/python3.10/site-packages/airflow/example_dags/example_dynamic_task_mapping_with_no_taskflow_operators.py
[2023-12-07T17:09:17.914+0000] {processor.py:829} INFO - Processing file /home/ubuntu/ec2_customer_chum_venv/lib/python3.10/site-packages/airflow/example_dags/example_dynamic_task_mapping_with_no_taskflow_operators.py for tasks to queue
[2023-12-07T17:09:17.914+0000] {logging_mixin.py:154} INFO - [2023-12-07T17:09:17.914+0000] {dagbag.py:536} INFO - Filling up the DagBag from /home/ubuntu/ec2_customer_chum_venv/lib/python3.10/site-packages/airflow/example_dags/example_dynamic_task_mapping_with_no_taskflow_operators.py
[2023-12-07T17:09:17.922+0000] {processor.py:839} INFO - DAG(s) dict_keys(['example_dynamic_task_mapping_with_no_taskflow_operators']) retrieved from /home/ubuntu/ec2_customer_chum_venv/lib/python3.10/site-packages/airflow/example_dags/example_dynamic_task_mapping_with_no_taskflow_operators.py
[2023-12-07T17:09:17.938+0000] {logging_mixin.py:154} INFO - [2023-12-07T17:09:17.938+0000] {dag.py:2941} INFO - Sync 1 DAGs
[2023-12-07T17:09:17.959+0000] {logging_mixin.py:154} INFO - [2023-12-07T17:09:17.959+0000] {dag.py:3722} INFO - Setting next_dagrun for example_dynamic_task_mapping_with_no_taskflow_operators to 2023-12-06T17:09:17.958939+00:00, run_after=2023-12-07T17:09:17.958939+00:00
[2023-12-07T17:09:17.981+0000] {processor.py:179} INFO - Processing /home/ubuntu/ec2_customer_chum_venv/lib/python3.10/site-packages/airflow/example_dags/example_dynamic_task_mapping_with_no_taskflow_operators.py took 0.072 seconds
[2023-12-07T17:10:00.919+0000] {processor.py:157} INFO - Started process (PID=6242) to work on /home/ubuntu/ec2_customer_chum_venv/lib/python3.10/site-packages/airflow/example_dags/example_dynamic_task_mapping_with_no_taskflow_operators.py
[2023-12-07T17:10:00.921+0000] {processor.py:829} INFO - Processing file /home/ubuntu/ec2_customer_chum_venv/lib/python3.10/site-packages/airflow/example_dags/example_dynamic_task_mapping_with_no_taskflow_operators.py for tasks to queue
[2023-12-07T17:10:00.922+0000] {logging_mixin.py:154} INFO - [2023-12-07T17:10:00.921+0000] {dagbag.py:536} INFO - Filling up the DagBag from /home/ubuntu/ec2_customer_chum_venv/lib/python3.10/site-packages/airflow/example_dags/example_dynamic_task_mapping_with_no_taskflow_operators.py
[2023-12-07T17:10:00.929+0000] {processor.py:839} INFO - DAG(s) dict_keys(['example_dynamic_task_mapping_with_no_taskflow_operators']) retrieved from /home/ubuntu/ec2_customer_chum_venv/lib/python3.10/site-packages/airflow/example_dags/example_dynamic_task_mapping_with_no_taskflow_operators.py
[2023-12-07T17:10:00.946+0000] {logging_mixin.py:154} INFO - [2023-12-07T17:10:00.945+0000] {dag.py:2941} INFO - Sync 1 DAGs
[2023-12-07T17:10:00.967+0000] {logging_mixin.py:154} INFO - [2023-12-07T17:10:00.966+0000] {dag.py:3722} INFO - Setting next_dagrun for example_dynamic_task_mapping_with_no_taskflow_operators to 2023-12-06T17:10:00.966478+00:00, run_after=2023-12-07T17:10:00.966478+00:00
[2023-12-07T17:10:00.989+0000] {processor.py:179} INFO - Processing /home/ubuntu/ec2_customer_chum_venv/lib/python3.10/site-packages/airflow/example_dags/example_dynamic_task_mapping_with_no_taskflow_operators.py took 0.073 seconds
[2023-12-07T17:10:50.295+0000] {processor.py:157} INFO - Started process (PID=6292) to work on /home/ubuntu/ec2_customer_chum_venv/lib/python3.10/site-packages/airflow/example_dags/example_dynamic_task_mapping_with_no_taskflow_operators.py
[2023-12-07T17:10:50.297+0000] {processor.py:829} INFO - Processing file /home/ubuntu/ec2_customer_chum_venv/lib/python3.10/site-packages/airflow/example_dags/example_dynamic_task_mapping_with_no_taskflow_operators.py for tasks to queue
[2023-12-07T17:10:50.298+0000] {logging_mixin.py:154} INFO - [2023-12-07T17:10:50.298+0000] {dagbag.py:536} INFO - Filling up the DagBag from /home/ubuntu/ec2_customer_chum_venv/lib/python3.10/site-packages/airflow/example_dags/example_dynamic_task_mapping_with_no_taskflow_operators.py
[2023-12-07T17:10:50.306+0000] {processor.py:839} INFO - DAG(s) dict_keys(['example_dynamic_task_mapping_with_no_taskflow_operators']) retrieved from /home/ubuntu/ec2_customer_chum_venv/lib/python3.10/site-packages/airflow/example_dags/example_dynamic_task_mapping_with_no_taskflow_operators.py
[2023-12-07T17:10:50.323+0000] {logging_mixin.py:154} INFO - [2023-12-07T17:10:50.323+0000] {dag.py:2941} INFO - Sync 1 DAGs
[2023-12-07T17:10:50.344+0000] {logging_mixin.py:154} INFO - [2023-12-07T17:10:50.343+0000] {dag.py:3722} INFO - Setting next_dagrun for example_dynamic_task_mapping_with_no_taskflow_operators to 2023-12-06T17:10:50.343524+00:00, run_after=2023-12-07T17:10:50.343524+00:00
[2023-12-07T17:10:50.367+0000] {processor.py:179} INFO - Processing /home/ubuntu/ec2_customer_chum_venv/lib/python3.10/site-packages/airflow/example_dags/example_dynamic_task_mapping_with_no_taskflow_operators.py took 0.075 seconds
[2023-12-07T17:11:34.462+0000] {processor.py:157} INFO - Started process (PID=6339) to work on /home/ubuntu/ec2_customer_chum_venv/lib/python3.10/site-packages/airflow/example_dags/example_dynamic_task_mapping_with_no_taskflow_operators.py
[2023-12-07T17:11:34.464+0000] {processor.py:829} INFO - Processing file /home/ubuntu/ec2_customer_chum_venv/lib/python3.10/site-packages/airflow/example_dags/example_dynamic_task_mapping_with_no_taskflow_operators.py for tasks to queue
[2023-12-07T17:11:34.465+0000] {logging_mixin.py:154} INFO - [2023-12-07T17:11:34.464+0000] {dagbag.py:536} INFO - Filling up the DagBag from /home/ubuntu/ec2_customer_chum_venv/lib/python3.10/site-packages/airflow/example_dags/example_dynamic_task_mapping_with_no_taskflow_operators.py
[2023-12-07T17:11:34.472+0000] {processor.py:839} INFO - DAG(s) dict_keys(['example_dynamic_task_mapping_with_no_taskflow_operators']) retrieved from /home/ubuntu/ec2_customer_chum_venv/lib/python3.10/site-packages/airflow/example_dags/example_dynamic_task_mapping_with_no_taskflow_operators.py
[2023-12-07T17:11:34.488+0000] {logging_mixin.py:154} INFO - [2023-12-07T17:11:34.488+0000] {dag.py:2941} INFO - Sync 1 DAGs
[2023-12-07T17:11:34.509+0000] {logging_mixin.py:154} INFO - [2023-12-07T17:11:34.509+0000] {dag.py:3722} INFO - Setting next_dagrun for example_dynamic_task_mapping_with_no_taskflow_operators to 2023-12-06T17:11:34.508865+00:00, run_after=2023-12-07T17:11:34.508865+00:00
[2023-12-07T17:11:34.532+0000] {processor.py:179} INFO - Processing /home/ubuntu/ec2_customer_chum_venv/lib/python3.10/site-packages/airflow/example_dags/example_dynamic_task_mapping_with_no_taskflow_operators.py took 0.073 seconds
[2023-12-07T17:12:18.551+0000] {processor.py:157} INFO - Started process (PID=6388) to work on /home/ubuntu/ec2_customer_chum_venv/lib/python3.10/site-packages/airflow/example_dags/example_dynamic_task_mapping_with_no_taskflow_operators.py
[2023-12-07T17:12:18.553+0000] {processor.py:829} INFO - Processing file /home/ubuntu/ec2_customer_chum_venv/lib/python3.10/site-packages/airflow/example_dags/example_dynamic_task_mapping_with_no_taskflow_operators.py for tasks to queue
[2023-12-07T17:12:18.553+0000] {logging_mixin.py:154} INFO - [2023-12-07T17:12:18.553+0000] {dagbag.py:536} INFO - Filling up the DagBag from /home/ubuntu/ec2_customer_chum_venv/lib/python3.10/site-packages/airflow/example_dags/example_dynamic_task_mapping_with_no_taskflow_operators.py
[2023-12-07T17:12:18.561+0000] {processor.py:839} INFO - DAG(s) dict_keys(['example_dynamic_task_mapping_with_no_taskflow_operators']) retrieved from /home/ubuntu/ec2_customer_chum_venv/lib/python3.10/site-packages/airflow/example_dags/example_dynamic_task_mapping_with_no_taskflow_operators.py
[2023-12-07T17:12:18.577+0000] {logging_mixin.py:154} INFO - [2023-12-07T17:12:18.576+0000] {dag.py:2941} INFO - Sync 1 DAGs
[2023-12-07T17:12:18.597+0000] {logging_mixin.py:154} INFO - [2023-12-07T17:12:18.596+0000] {dag.py:3722} INFO - Setting next_dagrun for example_dynamic_task_mapping_with_no_taskflow_operators to 2023-12-06T17:12:18.596643+00:00, run_after=2023-12-07T17:12:18.596643+00:00
[2023-12-07T17:12:18.619+0000] {processor.py:179} INFO - Processing /home/ubuntu/ec2_customer_chum_venv/lib/python3.10/site-packages/airflow/example_dags/example_dynamic_task_mapping_with_no_taskflow_operators.py took 0.071 seconds
[2023-12-07T17:13:07.249+0000] {processor.py:157} INFO - Started process (PID=6523) to work on /home/ubuntu/ec2_customer_chum_venv/lib/python3.10/site-packages/airflow/example_dags/example_dynamic_task_mapping_with_no_taskflow_operators.py
[2023-12-07T17:13:07.250+0000] {processor.py:829} INFO - Processing file /home/ubuntu/ec2_customer_chum_venv/lib/python3.10/site-packages/airflow/example_dags/example_dynamic_task_mapping_with_no_taskflow_operators.py for tasks to queue
[2023-12-07T17:13:07.251+0000] {logging_mixin.py:154} INFO - [2023-12-07T17:13:07.250+0000] {dagbag.py:536} INFO - Filling up the DagBag from /home/ubuntu/ec2_customer_chum_venv/lib/python3.10/site-packages/airflow/example_dags/example_dynamic_task_mapping_with_no_taskflow_operators.py
[2023-12-07T17:13:07.258+0000] {processor.py:839} INFO - DAG(s) dict_keys(['example_dynamic_task_mapping_with_no_taskflow_operators']) retrieved from /home/ubuntu/ec2_customer_chum_venv/lib/python3.10/site-packages/airflow/example_dags/example_dynamic_task_mapping_with_no_taskflow_operators.py
[2023-12-07T17:13:07.274+0000] {logging_mixin.py:154} INFO - [2023-12-07T17:13:07.274+0000] {dag.py:2941} INFO - Sync 1 DAGs
[2023-12-07T17:13:07.295+0000] {logging_mixin.py:154} INFO - [2023-12-07T17:13:07.295+0000] {dag.py:3722} INFO - Setting next_dagrun for example_dynamic_task_mapping_with_no_taskflow_operators to 2023-12-06T17:13:07.294846+00:00, run_after=2023-12-07T17:13:07.294846+00:00
[2023-12-07T17:13:07.318+0000] {processor.py:179} INFO - Processing /home/ubuntu/ec2_customer_chum_venv/lib/python3.10/site-packages/airflow/example_dags/example_dynamic_task_mapping_with_no_taskflow_operators.py took 0.072 seconds
[2023-12-07T17:13:49.600+0000] {processor.py:157} INFO - Started process (PID=6570) to work on /home/ubuntu/ec2_customer_chum_venv/lib/python3.10/site-packages/airflow/example_dags/example_dynamic_task_mapping_with_no_taskflow_operators.py
[2023-12-07T17:13:49.602+0000] {processor.py:829} INFO - Processing file /home/ubuntu/ec2_customer_chum_venv/lib/python3.10/site-packages/airflow/example_dags/example_dynamic_task_mapping_with_no_taskflow_operators.py for tasks to queue
[2023-12-07T17:13:49.603+0000] {logging_mixin.py:154} INFO - [2023-12-07T17:13:49.602+0000] {dagbag.py:536} INFO - Filling up the DagBag from /home/ubuntu/ec2_customer_chum_venv/lib/python3.10/site-packages/airflow/example_dags/example_dynamic_task_mapping_with_no_taskflow_operators.py
[2023-12-07T17:13:49.611+0000] {processor.py:839} INFO - DAG(s) dict_keys(['example_dynamic_task_mapping_with_no_taskflow_operators']) retrieved from /home/ubuntu/ec2_customer_chum_venv/lib/python3.10/site-packages/airflow/example_dags/example_dynamic_task_mapping_with_no_taskflow_operators.py
[2023-12-07T17:13:49.628+0000] {logging_mixin.py:154} INFO - [2023-12-07T17:13:49.628+0000] {dag.py:2941} INFO - Sync 1 DAGs
[2023-12-07T17:13:49.651+0000] {logging_mixin.py:154} INFO - [2023-12-07T17:13:49.651+0000] {dag.py:3722} INFO - Setting next_dagrun for example_dynamic_task_mapping_with_no_taskflow_operators to 2023-12-06T17:13:49.651050+00:00, run_after=2023-12-07T17:13:49.651050+00:00
[2023-12-07T17:13:49.674+0000] {processor.py:179} INFO - Processing /home/ubuntu/ec2_customer_chum_venv/lib/python3.10/site-packages/airflow/example_dags/example_dynamic_task_mapping_with_no_taskflow_operators.py took 0.077 seconds
[2023-12-07T17:14:33.611+0000] {processor.py:157} INFO - Started process (PID=6615) to work on /home/ubuntu/ec2_customer_chum_venv/lib/python3.10/site-packages/airflow/example_dags/example_dynamic_task_mapping_with_no_taskflow_operators.py
[2023-12-07T17:14:33.613+0000] {processor.py:829} INFO - Processing file /home/ubuntu/ec2_customer_chum_venv/lib/python3.10/site-packages/airflow/example_dags/example_dynamic_task_mapping_with_no_taskflow_operators.py for tasks to queue
[2023-12-07T17:14:33.614+0000] {logging_mixin.py:154} INFO - [2023-12-07T17:14:33.613+0000] {dagbag.py:536} INFO - Filling up the DagBag from /home/ubuntu/ec2_customer_chum_venv/lib/python3.10/site-packages/airflow/example_dags/example_dynamic_task_mapping_with_no_taskflow_operators.py
[2023-12-07T17:14:33.621+0000] {processor.py:839} INFO - DAG(s) dict_keys(['example_dynamic_task_mapping_with_no_taskflow_operators']) retrieved from /home/ubuntu/ec2_customer_chum_venv/lib/python3.10/site-packages/airflow/example_dags/example_dynamic_task_mapping_with_no_taskflow_operators.py
[2023-12-07T17:14:33.637+0000] {logging_mixin.py:154} INFO - [2023-12-07T17:14:33.637+0000] {dag.py:2941} INFO - Sync 1 DAGs
[2023-12-07T17:14:33.658+0000] {logging_mixin.py:154} INFO - [2023-12-07T17:14:33.658+0000] {dag.py:3722} INFO - Setting next_dagrun for example_dynamic_task_mapping_with_no_taskflow_operators to 2023-12-06T17:14:33.658031+00:00, run_after=2023-12-07T17:14:33.658031+00:00
[2023-12-07T17:14:33.749+0000] {processor.py:179} INFO - Processing /home/ubuntu/ec2_customer_chum_venv/lib/python3.10/site-packages/airflow/example_dags/example_dynamic_task_mapping_with_no_taskflow_operators.py took 0.141 seconds
[2023-12-07T17:15:17.126+0000] {processor.py:157} INFO - Started process (PID=6727) to work on /home/ubuntu/ec2_customer_chum_venv/lib/python3.10/site-packages/airflow/example_dags/example_dynamic_task_mapping_with_no_taskflow_operators.py
[2023-12-07T17:15:17.127+0000] {processor.py:829} INFO - Processing file /home/ubuntu/ec2_customer_chum_venv/lib/python3.10/site-packages/airflow/example_dags/example_dynamic_task_mapping_with_no_taskflow_operators.py for tasks to queue
[2023-12-07T17:15:17.128+0000] {logging_mixin.py:154} INFO - [2023-12-07T17:15:17.128+0000] {dagbag.py:536} INFO - Filling up the DagBag from /home/ubuntu/ec2_customer_chum_venv/lib/python3.10/site-packages/airflow/example_dags/example_dynamic_task_mapping_with_no_taskflow_operators.py
[2023-12-07T17:15:17.136+0000] {processor.py:839} INFO - DAG(s) dict_keys(['example_dynamic_task_mapping_with_no_taskflow_operators']) retrieved from /home/ubuntu/ec2_customer_chum_venv/lib/python3.10/site-packages/airflow/example_dags/example_dynamic_task_mapping_with_no_taskflow_operators.py
[2023-12-07T17:15:17.153+0000] {logging_mixin.py:154} INFO - [2023-12-07T17:15:17.152+0000] {dag.py:2941} INFO - Sync 1 DAGs
[2023-12-07T17:15:17.174+0000] {logging_mixin.py:154} INFO - [2023-12-07T17:15:17.173+0000] {dag.py:3722} INFO - Setting next_dagrun for example_dynamic_task_mapping_with_no_taskflow_operators to 2023-12-06T17:15:17.173667+00:00, run_after=2023-12-07T17:15:17.173667+00:00
[2023-12-07T17:15:17.198+0000] {processor.py:179} INFO - Processing /home/ubuntu/ec2_customer_chum_venv/lib/python3.10/site-packages/airflow/example_dags/example_dynamic_task_mapping_with_no_taskflow_operators.py took 0.076 seconds
