[2023-12-07T16:49:10.018+0000] {processor.py:157} INFO - Started process (PID=4966) to work on /home/ubuntu/ec2_customer_chum_venv/lib/python3.10/site-packages/airflow/example_dags/example_trigger_target_dag.py
[2023-12-07T16:49:10.019+0000] {processor.py:829} INFO - Processing file /home/ubuntu/ec2_customer_chum_venv/lib/python3.10/site-packages/airflow/example_dags/example_trigger_target_dag.py for tasks to queue
[2023-12-07T16:49:10.020+0000] {logging_mixin.py:154} INFO - [2023-12-07T16:49:10.020+0000] {dagbag.py:536} INFO - Filling up the DagBag from /home/ubuntu/ec2_customer_chum_venv/lib/python3.10/site-packages/airflow/example_dags/example_trigger_target_dag.py
[2023-12-07T16:49:10.029+0000] {processor.py:839} INFO - DAG(s) dict_keys(['example_trigger_target_dag']) retrieved from /home/ubuntu/ec2_customer_chum_venv/lib/python3.10/site-packages/airflow/example_dags/example_trigger_target_dag.py
[2023-12-07T16:49:10.149+0000] {logging_mixin.py:154} INFO - [2023-12-07T16:49:10.148+0000] {manager.py:499} INFO - Created Permission View: %s
[2023-12-07T16:49:10.163+0000] {logging_mixin.py:154} INFO - [2023-12-07T16:49:10.163+0000] {manager.py:499} INFO - Created Permission View: %s
[2023-12-07T16:49:10.173+0000] {logging_mixin.py:154} INFO - [2023-12-07T16:49:10.173+0000] {manager.py:499} INFO - Created Permission View: %s
[2023-12-07T16:49:10.173+0000] {logging_mixin.py:154} INFO - [2023-12-07T16:49:10.173+0000] {dag.py:2941} INFO - Sync 1 DAGs
[2023-12-07T16:49:10.184+0000] {logging_mixin.py:154} INFO - [2023-12-07T16:49:10.184+0000] {dag.py:2963} INFO - Creating ORM DAG for example_trigger_target_dag
[2023-12-07T16:49:10.185+0000] {logging_mixin.py:154} INFO - [2023-12-07T16:49:10.185+0000] {dag.py:3722} INFO - Setting next_dagrun for example_trigger_target_dag to None, run_after=None
[2023-12-07T16:49:10.208+0000] {processor.py:179} INFO - Processing /home/ubuntu/ec2_customer_chum_venv/lib/python3.10/site-packages/airflow/example_dags/example_trigger_target_dag.py took 0.193 seconds
[2023-12-07T16:50:01.518+0000] {processor.py:157} INFO - Started process (PID=5013) to work on /home/ubuntu/ec2_customer_chum_venv/lib/python3.10/site-packages/airflow/example_dags/example_trigger_target_dag.py
[2023-12-07T16:50:01.519+0000] {processor.py:829} INFO - Processing file /home/ubuntu/ec2_customer_chum_venv/lib/python3.10/site-packages/airflow/example_dags/example_trigger_target_dag.py for tasks to queue
[2023-12-07T16:50:01.520+0000] {logging_mixin.py:154} INFO - [2023-12-07T16:50:01.520+0000] {dagbag.py:536} INFO - Filling up the DagBag from /home/ubuntu/ec2_customer_chum_venv/lib/python3.10/site-packages/airflow/example_dags/example_trigger_target_dag.py
[2023-12-07T16:50:01.527+0000] {processor.py:839} INFO - DAG(s) dict_keys(['example_trigger_target_dag']) retrieved from /home/ubuntu/ec2_customer_chum_venv/lib/python3.10/site-packages/airflow/example_dags/example_trigger_target_dag.py
[2023-12-07T16:50:01.545+0000] {logging_mixin.py:154} INFO - [2023-12-07T16:50:01.545+0000] {dag.py:2941} INFO - Sync 1 DAGs
[2023-12-07T16:50:01.559+0000] {logging_mixin.py:154} INFO - [2023-12-07T16:50:01.558+0000] {dag.py:3722} INFO - Setting next_dagrun for example_trigger_target_dag to None, run_after=None
[2023-12-07T16:50:01.587+0000] {processor.py:179} INFO - Processing /home/ubuntu/ec2_customer_chum_venv/lib/python3.10/site-packages/airflow/example_dags/example_trigger_target_dag.py took 0.073 seconds
[2023-12-07T16:50:48.577+0000] {processor.py:157} INFO - Started process (PID=5059) to work on /home/ubuntu/ec2_customer_chum_venv/lib/python3.10/site-packages/airflow/example_dags/example_trigger_target_dag.py
[2023-12-07T16:50:48.579+0000] {processor.py:829} INFO - Processing file /home/ubuntu/ec2_customer_chum_venv/lib/python3.10/site-packages/airflow/example_dags/example_trigger_target_dag.py for tasks to queue
[2023-12-07T16:50:48.580+0000] {logging_mixin.py:154} INFO - [2023-12-07T16:50:48.580+0000] {dagbag.py:536} INFO - Filling up the DagBag from /home/ubuntu/ec2_customer_chum_venv/lib/python3.10/site-packages/airflow/example_dags/example_trigger_target_dag.py
[2023-12-07T16:50:48.586+0000] {processor.py:839} INFO - DAG(s) dict_keys(['example_trigger_target_dag']) retrieved from /home/ubuntu/ec2_customer_chum_venv/lib/python3.10/site-packages/airflow/example_dags/example_trigger_target_dag.py
[2023-12-07T16:50:48.603+0000] {logging_mixin.py:154} INFO - [2023-12-07T16:50:48.603+0000] {dag.py:2941} INFO - Sync 1 DAGs
[2023-12-07T16:50:48.615+0000] {logging_mixin.py:154} INFO - [2023-12-07T16:50:48.615+0000] {dag.py:3722} INFO - Setting next_dagrun for example_trigger_target_dag to None, run_after=None
[2023-12-07T16:50:48.639+0000] {processor.py:179} INFO - Processing /home/ubuntu/ec2_customer_chum_venv/lib/python3.10/site-packages/airflow/example_dags/example_trigger_target_dag.py took 0.065 seconds
[2023-12-07T16:51:23.838+0000] {processor.py:157} INFO - Started process (PID=5096) to work on /home/ubuntu/ec2_customer_chum_venv/lib/python3.10/site-packages/airflow/example_dags/example_trigger_target_dag.py
[2023-12-07T16:51:23.839+0000] {processor.py:829} INFO - Processing file /home/ubuntu/ec2_customer_chum_venv/lib/python3.10/site-packages/airflow/example_dags/example_trigger_target_dag.py for tasks to queue
[2023-12-07T16:51:23.840+0000] {logging_mixin.py:154} INFO - [2023-12-07T16:51:23.840+0000] {dagbag.py:536} INFO - Filling up the DagBag from /home/ubuntu/ec2_customer_chum_venv/lib/python3.10/site-packages/airflow/example_dags/example_trigger_target_dag.py
[2023-12-07T16:51:23.847+0000] {processor.py:839} INFO - DAG(s) dict_keys(['example_trigger_target_dag']) retrieved from /home/ubuntu/ec2_customer_chum_venv/lib/python3.10/site-packages/airflow/example_dags/example_trigger_target_dag.py
[2023-12-07T16:51:23.864+0000] {logging_mixin.py:154} INFO - [2023-12-07T16:51:23.864+0000] {dag.py:2941} INFO - Sync 1 DAGs
[2023-12-07T16:51:23.876+0000] {logging_mixin.py:154} INFO - [2023-12-07T16:51:23.876+0000] {dag.py:3722} INFO - Setting next_dagrun for example_trigger_target_dag to None, run_after=None
[2023-12-07T16:51:23.899+0000] {processor.py:179} INFO - Processing /home/ubuntu/ec2_customer_chum_venv/lib/python3.10/site-packages/airflow/example_dags/example_trigger_target_dag.py took 0.065 seconds
[2023-12-07T16:52:13.260+0000] {processor.py:157} INFO - Started process (PID=5148) to work on /home/ubuntu/ec2_customer_chum_venv/lib/python3.10/site-packages/airflow/example_dags/example_trigger_target_dag.py
[2023-12-07T16:52:13.262+0000] {processor.py:829} INFO - Processing file /home/ubuntu/ec2_customer_chum_venv/lib/python3.10/site-packages/airflow/example_dags/example_trigger_target_dag.py for tasks to queue
[2023-12-07T16:52:13.263+0000] {logging_mixin.py:154} INFO - [2023-12-07T16:52:13.262+0000] {dagbag.py:536} INFO - Filling up the DagBag from /home/ubuntu/ec2_customer_chum_venv/lib/python3.10/site-packages/airflow/example_dags/example_trigger_target_dag.py
[2023-12-07T16:52:13.269+0000] {processor.py:839} INFO - DAG(s) dict_keys(['example_trigger_target_dag']) retrieved from /home/ubuntu/ec2_customer_chum_venv/lib/python3.10/site-packages/airflow/example_dags/example_trigger_target_dag.py
[2023-12-07T16:52:13.286+0000] {logging_mixin.py:154} INFO - [2023-12-07T16:52:13.285+0000] {dag.py:2941} INFO - Sync 1 DAGs
[2023-12-07T16:52:13.297+0000] {logging_mixin.py:154} INFO - [2023-12-07T16:52:13.297+0000] {dag.py:3722} INFO - Setting next_dagrun for example_trigger_target_dag to None, run_after=None
[2023-12-07T16:52:13.328+0000] {processor.py:179} INFO - Processing /home/ubuntu/ec2_customer_chum_venv/lib/python3.10/site-packages/airflow/example_dags/example_trigger_target_dag.py took 0.071 seconds
[2023-12-07T16:53:45.716+0000] {processor.py:157} INFO - Started process (PID=5229) to work on /home/ubuntu/ec2_customer_chum_venv/lib/python3.10/site-packages/airflow/example_dags/example_trigger_target_dag.py
[2023-12-07T16:53:45.718+0000] {processor.py:829} INFO - Processing file /home/ubuntu/ec2_customer_chum_venv/lib/python3.10/site-packages/airflow/example_dags/example_trigger_target_dag.py for tasks to queue
[2023-12-07T16:53:45.719+0000] {logging_mixin.py:154} INFO - [2023-12-07T16:53:45.719+0000] {dagbag.py:536} INFO - Filling up the DagBag from /home/ubuntu/ec2_customer_chum_venv/lib/python3.10/site-packages/airflow/example_dags/example_trigger_target_dag.py
[2023-12-07T16:53:45.728+0000] {processor.py:839} INFO - DAG(s) dict_keys(['example_trigger_target_dag']) retrieved from /home/ubuntu/ec2_customer_chum_venv/lib/python3.10/site-packages/airflow/example_dags/example_trigger_target_dag.py
[2023-12-07T16:53:45.736+0000] {logging_mixin.py:154} INFO - [2023-12-07T16:53:45.736+0000] {dag.py:2941} INFO - Sync 1 DAGs
[2023-12-07T16:53:45.749+0000] {logging_mixin.py:154} INFO - [2023-12-07T16:53:45.749+0000] {dag.py:3722} INFO - Setting next_dagrun for example_trigger_target_dag to None, run_after=None
[2023-12-07T16:53:45.772+0000] {processor.py:179} INFO - Processing /home/ubuntu/ec2_customer_chum_venv/lib/python3.10/site-packages/airflow/example_dags/example_trigger_target_dag.py took 0.060 seconds
[2023-12-07T16:54:29.926+0000] {processor.py:157} INFO - Started process (PID=5278) to work on /home/ubuntu/ec2_customer_chum_venv/lib/python3.10/site-packages/airflow/example_dags/example_trigger_target_dag.py
[2023-12-07T16:54:29.928+0000] {processor.py:829} INFO - Processing file /home/ubuntu/ec2_customer_chum_venv/lib/python3.10/site-packages/airflow/example_dags/example_trigger_target_dag.py for tasks to queue
[2023-12-07T16:54:29.928+0000] {logging_mixin.py:154} INFO - [2023-12-07T16:54:29.928+0000] {dagbag.py:536} INFO - Filling up the DagBag from /home/ubuntu/ec2_customer_chum_venv/lib/python3.10/site-packages/airflow/example_dags/example_trigger_target_dag.py
[2023-12-07T16:54:29.935+0000] {processor.py:839} INFO - DAG(s) dict_keys(['example_trigger_target_dag']) retrieved from /home/ubuntu/ec2_customer_chum_venv/lib/python3.10/site-packages/airflow/example_dags/example_trigger_target_dag.py
[2023-12-07T16:54:29.951+0000] {logging_mixin.py:154} INFO - [2023-12-07T16:54:29.951+0000] {dag.py:2941} INFO - Sync 1 DAGs
[2023-12-07T16:54:29.963+0000] {logging_mixin.py:154} INFO - [2023-12-07T16:54:29.963+0000] {dag.py:3722} INFO - Setting next_dagrun for example_trigger_target_dag to None, run_after=None
[2023-12-07T16:54:29.985+0000] {processor.py:179} INFO - Processing /home/ubuntu/ec2_customer_chum_venv/lib/python3.10/site-packages/airflow/example_dags/example_trigger_target_dag.py took 0.062 seconds
[2023-12-07T16:55:15.205+0000] {processor.py:157} INFO - Started process (PID=5325) to work on /home/ubuntu/ec2_customer_chum_venv/lib/python3.10/site-packages/airflow/example_dags/example_trigger_target_dag.py
[2023-12-07T16:55:15.207+0000] {processor.py:829} INFO - Processing file /home/ubuntu/ec2_customer_chum_venv/lib/python3.10/site-packages/airflow/example_dags/example_trigger_target_dag.py for tasks to queue
[2023-12-07T16:55:15.208+0000] {logging_mixin.py:154} INFO - [2023-12-07T16:55:15.207+0000] {dagbag.py:536} INFO - Filling up the DagBag from /home/ubuntu/ec2_customer_chum_venv/lib/python3.10/site-packages/airflow/example_dags/example_trigger_target_dag.py
[2023-12-07T16:55:15.214+0000] {processor.py:839} INFO - DAG(s) dict_keys(['example_trigger_target_dag']) retrieved from /home/ubuntu/ec2_customer_chum_venv/lib/python3.10/site-packages/airflow/example_dags/example_trigger_target_dag.py
[2023-12-07T16:55:15.231+0000] {logging_mixin.py:154} INFO - [2023-12-07T16:55:15.231+0000] {dag.py:2941} INFO - Sync 1 DAGs
[2023-12-07T16:55:15.244+0000] {logging_mixin.py:154} INFO - [2023-12-07T16:55:15.243+0000] {dag.py:3722} INFO - Setting next_dagrun for example_trigger_target_dag to None, run_after=None
[2023-12-07T16:55:15.268+0000] {processor.py:179} INFO - Processing /home/ubuntu/ec2_customer_chum_venv/lib/python3.10/site-packages/airflow/example_dags/example_trigger_target_dag.py took 0.066 seconds
[2023-12-07T16:55:59.417+0000] {processor.py:157} INFO - Started process (PID=5371) to work on /home/ubuntu/ec2_customer_chum_venv/lib/python3.10/site-packages/airflow/example_dags/example_trigger_target_dag.py
[2023-12-07T16:55:59.418+0000] {processor.py:829} INFO - Processing file /home/ubuntu/ec2_customer_chum_venv/lib/python3.10/site-packages/airflow/example_dags/example_trigger_target_dag.py for tasks to queue
[2023-12-07T16:55:59.419+0000] {logging_mixin.py:154} INFO - [2023-12-07T16:55:59.419+0000] {dagbag.py:536} INFO - Filling up the DagBag from /home/ubuntu/ec2_customer_chum_venv/lib/python3.10/site-packages/airflow/example_dags/example_trigger_target_dag.py
[2023-12-07T16:55:59.426+0000] {processor.py:839} INFO - DAG(s) dict_keys(['example_trigger_target_dag']) retrieved from /home/ubuntu/ec2_customer_chum_venv/lib/python3.10/site-packages/airflow/example_dags/example_trigger_target_dag.py
[2023-12-07T16:55:59.442+0000] {logging_mixin.py:154} INFO - [2023-12-07T16:55:59.442+0000] {dag.py:2941} INFO - Sync 1 DAGs
[2023-12-07T16:55:59.454+0000] {logging_mixin.py:154} INFO - [2023-12-07T16:55:59.454+0000] {dag.py:3722} INFO - Setting next_dagrun for example_trigger_target_dag to None, run_after=None
[2023-12-07T16:55:59.478+0000] {processor.py:179} INFO - Processing /home/ubuntu/ec2_customer_chum_venv/lib/python3.10/site-packages/airflow/example_dags/example_trigger_target_dag.py took 0.064 seconds
[2023-12-07T16:56:42.376+0000] {processor.py:157} INFO - Started process (PID=5417) to work on /home/ubuntu/ec2_customer_chum_venv/lib/python3.10/site-packages/airflow/example_dags/example_trigger_target_dag.py
[2023-12-07T16:56:42.378+0000] {processor.py:829} INFO - Processing file /home/ubuntu/ec2_customer_chum_venv/lib/python3.10/site-packages/airflow/example_dags/example_trigger_target_dag.py for tasks to queue
[2023-12-07T16:56:42.378+0000] {logging_mixin.py:154} INFO - [2023-12-07T16:56:42.378+0000] {dagbag.py:536} INFO - Filling up the DagBag from /home/ubuntu/ec2_customer_chum_venv/lib/python3.10/site-packages/airflow/example_dags/example_trigger_target_dag.py
[2023-12-07T16:56:42.385+0000] {processor.py:839} INFO - DAG(s) dict_keys(['example_trigger_target_dag']) retrieved from /home/ubuntu/ec2_customer_chum_venv/lib/python3.10/site-packages/airflow/example_dags/example_trigger_target_dag.py
[2023-12-07T16:56:42.401+0000] {logging_mixin.py:154} INFO - [2023-12-07T16:56:42.401+0000] {dag.py:2941} INFO - Sync 1 DAGs
[2023-12-07T16:56:42.413+0000] {logging_mixin.py:154} INFO - [2023-12-07T16:56:42.413+0000] {dag.py:3722} INFO - Setting next_dagrun for example_trigger_target_dag to None, run_after=None
[2023-12-07T16:56:42.436+0000] {processor.py:179} INFO - Processing /home/ubuntu/ec2_customer_chum_venv/lib/python3.10/site-packages/airflow/example_dags/example_trigger_target_dag.py took 0.064 seconds
[2023-12-07T16:57:25.201+0000] {processor.py:157} INFO - Started process (PID=5460) to work on /home/ubuntu/ec2_customer_chum_venv/lib/python3.10/site-packages/airflow/example_dags/example_trigger_target_dag.py
[2023-12-07T16:57:25.202+0000] {processor.py:829} INFO - Processing file /home/ubuntu/ec2_customer_chum_venv/lib/python3.10/site-packages/airflow/example_dags/example_trigger_target_dag.py for tasks to queue
[2023-12-07T16:57:25.203+0000] {logging_mixin.py:154} INFO - [2023-12-07T16:57:25.203+0000] {dagbag.py:536} INFO - Filling up the DagBag from /home/ubuntu/ec2_customer_chum_venv/lib/python3.10/site-packages/airflow/example_dags/example_trigger_target_dag.py
[2023-12-07T16:57:25.209+0000] {processor.py:839} INFO - DAG(s) dict_keys(['example_trigger_target_dag']) retrieved from /home/ubuntu/ec2_customer_chum_venv/lib/python3.10/site-packages/airflow/example_dags/example_trigger_target_dag.py
[2023-12-07T16:57:25.226+0000] {logging_mixin.py:154} INFO - [2023-12-07T16:57:25.226+0000] {dag.py:2941} INFO - Sync 1 DAGs
[2023-12-07T16:57:25.238+0000] {logging_mixin.py:154} INFO - [2023-12-07T16:57:25.238+0000] {dag.py:3722} INFO - Setting next_dagrun for example_trigger_target_dag to None, run_after=None
[2023-12-07T16:57:25.262+0000] {processor.py:179} INFO - Processing /home/ubuntu/ec2_customer_chum_venv/lib/python3.10/site-packages/airflow/example_dags/example_trigger_target_dag.py took 0.064 seconds
[2023-12-07T16:58:08.883+0000] {processor.py:157} INFO - Started process (PID=5506) to work on /home/ubuntu/ec2_customer_chum_venv/lib/python3.10/site-packages/airflow/example_dags/example_trigger_target_dag.py
[2023-12-07T16:58:08.884+0000] {processor.py:829} INFO - Processing file /home/ubuntu/ec2_customer_chum_venv/lib/python3.10/site-packages/airflow/example_dags/example_trigger_target_dag.py for tasks to queue
[2023-12-07T16:58:08.885+0000] {logging_mixin.py:154} INFO - [2023-12-07T16:58:08.885+0000] {dagbag.py:536} INFO - Filling up the DagBag from /home/ubuntu/ec2_customer_chum_venv/lib/python3.10/site-packages/airflow/example_dags/example_trigger_target_dag.py
[2023-12-07T16:58:08.892+0000] {processor.py:839} INFO - DAG(s) dict_keys(['example_trigger_target_dag']) retrieved from /home/ubuntu/ec2_customer_chum_venv/lib/python3.10/site-packages/airflow/example_dags/example_trigger_target_dag.py
[2023-12-07T16:58:08.910+0000] {logging_mixin.py:154} INFO - [2023-12-07T16:58:08.910+0000] {dag.py:2941} INFO - Sync 1 DAGs
[2023-12-07T16:58:08.923+0000] {logging_mixin.py:154} INFO - [2023-12-07T16:58:08.922+0000] {dag.py:3722} INFO - Setting next_dagrun for example_trigger_target_dag to None, run_after=None
[2023-12-07T16:58:08.947+0000] {processor.py:179} INFO - Processing /home/ubuntu/ec2_customer_chum_venv/lib/python3.10/site-packages/airflow/example_dags/example_trigger_target_dag.py took 0.067 seconds
[2023-12-07T16:58:53.017+0000] {processor.py:157} INFO - Started process (PID=5554) to work on /home/ubuntu/ec2_customer_chum_venv/lib/python3.10/site-packages/airflow/example_dags/example_trigger_target_dag.py
[2023-12-07T16:58:53.018+0000] {processor.py:829} INFO - Processing file /home/ubuntu/ec2_customer_chum_venv/lib/python3.10/site-packages/airflow/example_dags/example_trigger_target_dag.py for tasks to queue
[2023-12-07T16:58:53.019+0000] {logging_mixin.py:154} INFO - [2023-12-07T16:58:53.018+0000] {dagbag.py:536} INFO - Filling up the DagBag from /home/ubuntu/ec2_customer_chum_venv/lib/python3.10/site-packages/airflow/example_dags/example_trigger_target_dag.py
[2023-12-07T16:58:53.025+0000] {processor.py:839} INFO - DAG(s) dict_keys(['example_trigger_target_dag']) retrieved from /home/ubuntu/ec2_customer_chum_venv/lib/python3.10/site-packages/airflow/example_dags/example_trigger_target_dag.py
[2023-12-07T16:58:53.043+0000] {logging_mixin.py:154} INFO - [2023-12-07T16:58:53.043+0000] {dag.py:2941} INFO - Sync 1 DAGs
[2023-12-07T16:58:53.057+0000] {logging_mixin.py:154} INFO - [2023-12-07T16:58:53.057+0000] {dag.py:3722} INFO - Setting next_dagrun for example_trigger_target_dag to None, run_after=None
[2023-12-07T16:58:53.081+0000] {processor.py:179} INFO - Processing /home/ubuntu/ec2_customer_chum_venv/lib/python3.10/site-packages/airflow/example_dags/example_trigger_target_dag.py took 0.067 seconds
[2023-12-07T16:59:35.501+0000] {processor.py:157} INFO - Started process (PID=5597) to work on /home/ubuntu/ec2_customer_chum_venv/lib/python3.10/site-packages/airflow/example_dags/example_trigger_target_dag.py
[2023-12-07T16:59:35.502+0000] {processor.py:829} INFO - Processing file /home/ubuntu/ec2_customer_chum_venv/lib/python3.10/site-packages/airflow/example_dags/example_trigger_target_dag.py for tasks to queue
[2023-12-07T16:59:35.503+0000] {logging_mixin.py:154} INFO - [2023-12-07T16:59:35.503+0000] {dagbag.py:536} INFO - Filling up the DagBag from /home/ubuntu/ec2_customer_chum_venv/lib/python3.10/site-packages/airflow/example_dags/example_trigger_target_dag.py
[2023-12-07T16:59:35.510+0000] {processor.py:839} INFO - DAG(s) dict_keys(['example_trigger_target_dag']) retrieved from /home/ubuntu/ec2_customer_chum_venv/lib/python3.10/site-packages/airflow/example_dags/example_trigger_target_dag.py
[2023-12-07T16:59:35.527+0000] {logging_mixin.py:154} INFO - [2023-12-07T16:59:35.526+0000] {dag.py:2941} INFO - Sync 1 DAGs
[2023-12-07T16:59:35.539+0000] {logging_mixin.py:154} INFO - [2023-12-07T16:59:35.539+0000] {dag.py:3722} INFO - Setting next_dagrun for example_trigger_target_dag to None, run_after=None
[2023-12-07T16:59:35.563+0000] {processor.py:179} INFO - Processing /home/ubuntu/ec2_customer_chum_venv/lib/python3.10/site-packages/airflow/example_dags/example_trigger_target_dag.py took 0.066 seconds
[2023-12-07T17:00:19.056+0000] {processor.py:157} INFO - Started process (PID=5643) to work on /home/ubuntu/ec2_customer_chum_venv/lib/python3.10/site-packages/airflow/example_dags/example_trigger_target_dag.py
[2023-12-07T17:00:19.058+0000] {processor.py:829} INFO - Processing file /home/ubuntu/ec2_customer_chum_venv/lib/python3.10/site-packages/airflow/example_dags/example_trigger_target_dag.py for tasks to queue
[2023-12-07T17:00:19.059+0000] {logging_mixin.py:154} INFO - [2023-12-07T17:00:19.058+0000] {dagbag.py:536} INFO - Filling up the DagBag from /home/ubuntu/ec2_customer_chum_venv/lib/python3.10/site-packages/airflow/example_dags/example_trigger_target_dag.py
[2023-12-07T17:00:19.065+0000] {processor.py:839} INFO - DAG(s) dict_keys(['example_trigger_target_dag']) retrieved from /home/ubuntu/ec2_customer_chum_venv/lib/python3.10/site-packages/airflow/example_dags/example_trigger_target_dag.py
[2023-12-07T17:00:19.081+0000] {logging_mixin.py:154} INFO - [2023-12-07T17:00:19.081+0000] {dag.py:2941} INFO - Sync 1 DAGs
[2023-12-07T17:00:19.093+0000] {logging_mixin.py:154} INFO - [2023-12-07T17:00:19.093+0000] {dag.py:3722} INFO - Setting next_dagrun for example_trigger_target_dag to None, run_after=None
[2023-12-07T17:00:19.114+0000] {processor.py:179} INFO - Processing /home/ubuntu/ec2_customer_chum_venv/lib/python3.10/site-packages/airflow/example_dags/example_trigger_target_dag.py took 0.061 seconds
[2023-12-07T17:01:05.923+0000] {processor.py:157} INFO - Started process (PID=5690) to work on /home/ubuntu/ec2_customer_chum_venv/lib/python3.10/site-packages/airflow/example_dags/example_trigger_target_dag.py
[2023-12-07T17:01:05.925+0000] {processor.py:829} INFO - Processing file /home/ubuntu/ec2_customer_chum_venv/lib/python3.10/site-packages/airflow/example_dags/example_trigger_target_dag.py for tasks to queue
[2023-12-07T17:01:05.926+0000] {logging_mixin.py:154} INFO - [2023-12-07T17:01:05.925+0000] {dagbag.py:536} INFO - Filling up the DagBag from /home/ubuntu/ec2_customer_chum_venv/lib/python3.10/site-packages/airflow/example_dags/example_trigger_target_dag.py
[2023-12-07T17:01:05.932+0000] {processor.py:839} INFO - DAG(s) dict_keys(['example_trigger_target_dag']) retrieved from /home/ubuntu/ec2_customer_chum_venv/lib/python3.10/site-packages/airflow/example_dags/example_trigger_target_dag.py
[2023-12-07T17:01:05.950+0000] {logging_mixin.py:154} INFO - [2023-12-07T17:01:05.949+0000] {dag.py:2941} INFO - Sync 1 DAGs
[2023-12-07T17:01:05.963+0000] {logging_mixin.py:154} INFO - [2023-12-07T17:01:05.962+0000] {dag.py:3722} INFO - Setting next_dagrun for example_trigger_target_dag to None, run_after=None
[2023-12-07T17:01:05.988+0000] {processor.py:179} INFO - Processing /home/ubuntu/ec2_customer_chum_venv/lib/python3.10/site-packages/airflow/example_dags/example_trigger_target_dag.py took 0.068 seconds
[2023-12-07T17:01:50.568+0000] {processor.py:157} INFO - Started process (PID=5736) to work on /home/ubuntu/ec2_customer_chum_venv/lib/python3.10/site-packages/airflow/example_dags/example_trigger_target_dag.py
[2023-12-07T17:01:50.570+0000] {processor.py:829} INFO - Processing file /home/ubuntu/ec2_customer_chum_venv/lib/python3.10/site-packages/airflow/example_dags/example_trigger_target_dag.py for tasks to queue
[2023-12-07T17:01:50.570+0000] {logging_mixin.py:154} INFO - [2023-12-07T17:01:50.570+0000] {dagbag.py:536} INFO - Filling up the DagBag from /home/ubuntu/ec2_customer_chum_venv/lib/python3.10/site-packages/airflow/example_dags/example_trigger_target_dag.py
[2023-12-07T17:01:50.577+0000] {processor.py:839} INFO - DAG(s) dict_keys(['example_trigger_target_dag']) retrieved from /home/ubuntu/ec2_customer_chum_venv/lib/python3.10/site-packages/airflow/example_dags/example_trigger_target_dag.py
[2023-12-07T17:01:50.595+0000] {logging_mixin.py:154} INFO - [2023-12-07T17:01:50.595+0000] {dag.py:2941} INFO - Sync 1 DAGs
[2023-12-07T17:01:50.608+0000] {logging_mixin.py:154} INFO - [2023-12-07T17:01:50.608+0000] {dag.py:3722} INFO - Setting next_dagrun for example_trigger_target_dag to None, run_after=None
[2023-12-07T17:01:50.632+0000] {processor.py:179} INFO - Processing /home/ubuntu/ec2_customer_chum_venv/lib/python3.10/site-packages/airflow/example_dags/example_trigger_target_dag.py took 0.067 seconds
[2023-12-07T17:02:38.362+0000] {processor.py:157} INFO - Started process (PID=5784) to work on /home/ubuntu/ec2_customer_chum_venv/lib/python3.10/site-packages/airflow/example_dags/example_trigger_target_dag.py
[2023-12-07T17:02:38.363+0000] {processor.py:829} INFO - Processing file /home/ubuntu/ec2_customer_chum_venv/lib/python3.10/site-packages/airflow/example_dags/example_trigger_target_dag.py for tasks to queue
[2023-12-07T17:02:38.364+0000] {logging_mixin.py:154} INFO - [2023-12-07T17:02:38.364+0000] {dagbag.py:536} INFO - Filling up the DagBag from /home/ubuntu/ec2_customer_chum_venv/lib/python3.10/site-packages/airflow/example_dags/example_trigger_target_dag.py
[2023-12-07T17:02:38.371+0000] {processor.py:839} INFO - DAG(s) dict_keys(['example_trigger_target_dag']) retrieved from /home/ubuntu/ec2_customer_chum_venv/lib/python3.10/site-packages/airflow/example_dags/example_trigger_target_dag.py
[2023-12-07T17:02:38.388+0000] {logging_mixin.py:154} INFO - [2023-12-07T17:02:38.387+0000] {dag.py:2941} INFO - Sync 1 DAGs
[2023-12-07T17:02:38.401+0000] {logging_mixin.py:154} INFO - [2023-12-07T17:02:38.400+0000] {dag.py:3722} INFO - Setting next_dagrun for example_trigger_target_dag to None, run_after=None
[2023-12-07T17:02:38.424+0000] {processor.py:179} INFO - Processing /home/ubuntu/ec2_customer_chum_venv/lib/python3.10/site-packages/airflow/example_dags/example_trigger_target_dag.py took 0.065 seconds
[2023-12-07T17:03:26.676+0000] {processor.py:157} INFO - Started process (PID=5832) to work on /home/ubuntu/ec2_customer_chum_venv/lib/python3.10/site-packages/airflow/example_dags/example_trigger_target_dag.py
[2023-12-07T17:03:26.677+0000] {processor.py:829} INFO - Processing file /home/ubuntu/ec2_customer_chum_venv/lib/python3.10/site-packages/airflow/example_dags/example_trigger_target_dag.py for tasks to queue
[2023-12-07T17:03:26.678+0000] {logging_mixin.py:154} INFO - [2023-12-07T17:03:26.678+0000] {dagbag.py:536} INFO - Filling up the DagBag from /home/ubuntu/ec2_customer_chum_venv/lib/python3.10/site-packages/airflow/example_dags/example_trigger_target_dag.py
[2023-12-07T17:03:26.684+0000] {processor.py:839} INFO - DAG(s) dict_keys(['example_trigger_target_dag']) retrieved from /home/ubuntu/ec2_customer_chum_venv/lib/python3.10/site-packages/airflow/example_dags/example_trigger_target_dag.py
[2023-12-07T17:03:26.701+0000] {logging_mixin.py:154} INFO - [2023-12-07T17:03:26.701+0000] {dag.py:2941} INFO - Sync 1 DAGs
[2023-12-07T17:03:26.713+0000] {logging_mixin.py:154} INFO - [2023-12-07T17:03:26.713+0000] {dag.py:3722} INFO - Setting next_dagrun for example_trigger_target_dag to None, run_after=None
[2023-12-07T17:03:26.737+0000] {processor.py:179} INFO - Processing /home/ubuntu/ec2_customer_chum_venv/lib/python3.10/site-packages/airflow/example_dags/example_trigger_target_dag.py took 0.064 seconds
[2023-12-07T17:04:09.662+0000] {processor.py:157} INFO - Started process (PID=5877) to work on /home/ubuntu/ec2_customer_chum_venv/lib/python3.10/site-packages/airflow/example_dags/example_trigger_target_dag.py
[2023-12-07T17:04:09.663+0000] {processor.py:829} INFO - Processing file /home/ubuntu/ec2_customer_chum_venv/lib/python3.10/site-packages/airflow/example_dags/example_trigger_target_dag.py for tasks to queue
[2023-12-07T17:04:09.664+0000] {logging_mixin.py:154} INFO - [2023-12-07T17:04:09.664+0000] {dagbag.py:536} INFO - Filling up the DagBag from /home/ubuntu/ec2_customer_chum_venv/lib/python3.10/site-packages/airflow/example_dags/example_trigger_target_dag.py
[2023-12-07T17:04:09.671+0000] {processor.py:839} INFO - DAG(s) dict_keys(['example_trigger_target_dag']) retrieved from /home/ubuntu/ec2_customer_chum_venv/lib/python3.10/site-packages/airflow/example_dags/example_trigger_target_dag.py
[2023-12-07T17:04:09.687+0000] {logging_mixin.py:154} INFO - [2023-12-07T17:04:09.687+0000] {dag.py:2941} INFO - Sync 1 DAGs
[2023-12-07T17:04:09.700+0000] {logging_mixin.py:154} INFO - [2023-12-07T17:04:09.700+0000] {dag.py:3722} INFO - Setting next_dagrun for example_trigger_target_dag to None, run_after=None
[2023-12-07T17:04:09.724+0000] {processor.py:179} INFO - Processing /home/ubuntu/ec2_customer_chum_venv/lib/python3.10/site-packages/airflow/example_dags/example_trigger_target_dag.py took 0.065 seconds
[2023-12-07T17:04:57.818+0000] {processor.py:157} INFO - Started process (PID=5929) to work on /home/ubuntu/ec2_customer_chum_venv/lib/python3.10/site-packages/airflow/example_dags/example_trigger_target_dag.py
[2023-12-07T17:04:57.819+0000] {processor.py:829} INFO - Processing file /home/ubuntu/ec2_customer_chum_venv/lib/python3.10/site-packages/airflow/example_dags/example_trigger_target_dag.py for tasks to queue
[2023-12-07T17:04:57.820+0000] {logging_mixin.py:154} INFO - [2023-12-07T17:04:57.820+0000] {dagbag.py:536} INFO - Filling up the DagBag from /home/ubuntu/ec2_customer_chum_venv/lib/python3.10/site-packages/airflow/example_dags/example_trigger_target_dag.py
[2023-12-07T17:04:57.826+0000] {processor.py:839} INFO - DAG(s) dict_keys(['example_trigger_target_dag']) retrieved from /home/ubuntu/ec2_customer_chum_venv/lib/python3.10/site-packages/airflow/example_dags/example_trigger_target_dag.py
[2023-12-07T17:04:57.843+0000] {logging_mixin.py:154} INFO - [2023-12-07T17:04:57.842+0000] {dag.py:2941} INFO - Sync 1 DAGs
[2023-12-07T17:04:57.854+0000] {logging_mixin.py:154} INFO - [2023-12-07T17:04:57.854+0000] {dag.py:3722} INFO - Setting next_dagrun for example_trigger_target_dag to None, run_after=None
[2023-12-07T17:04:57.877+0000] {processor.py:179} INFO - Processing /home/ubuntu/ec2_customer_chum_venv/lib/python3.10/site-packages/airflow/example_dags/example_trigger_target_dag.py took 0.063 seconds
[2023-12-07T17:05:38.786+0000] {processor.py:157} INFO - Started process (PID=5973) to work on /home/ubuntu/ec2_customer_chum_venv/lib/python3.10/site-packages/airflow/example_dags/example_trigger_target_dag.py
[2023-12-07T17:05:38.788+0000] {processor.py:829} INFO - Processing file /home/ubuntu/ec2_customer_chum_venv/lib/python3.10/site-packages/airflow/example_dags/example_trigger_target_dag.py for tasks to queue
[2023-12-07T17:05:38.789+0000] {logging_mixin.py:154} INFO - [2023-12-07T17:05:38.788+0000] {dagbag.py:536} INFO - Filling up the DagBag from /home/ubuntu/ec2_customer_chum_venv/lib/python3.10/site-packages/airflow/example_dags/example_trigger_target_dag.py
[2023-12-07T17:05:38.795+0000] {processor.py:839} INFO - DAG(s) dict_keys(['example_trigger_target_dag']) retrieved from /home/ubuntu/ec2_customer_chum_venv/lib/python3.10/site-packages/airflow/example_dags/example_trigger_target_dag.py
[2023-12-07T17:05:38.811+0000] {logging_mixin.py:154} INFO - [2023-12-07T17:05:38.811+0000] {dag.py:2941} INFO - Sync 1 DAGs
[2023-12-07T17:05:38.823+0000] {logging_mixin.py:154} INFO - [2023-12-07T17:05:38.823+0000] {dag.py:3722} INFO - Setting next_dagrun for example_trigger_target_dag to None, run_after=None
[2023-12-07T17:05:38.846+0000] {processor.py:179} INFO - Processing /home/ubuntu/ec2_customer_chum_venv/lib/python3.10/site-packages/airflow/example_dags/example_trigger_target_dag.py took 0.063 seconds
[2023-12-07T17:06:22.715+0000] {processor.py:157} INFO - Started process (PID=6019) to work on /home/ubuntu/ec2_customer_chum_venv/lib/python3.10/site-packages/airflow/example_dags/example_trigger_target_dag.py
[2023-12-07T17:06:22.716+0000] {processor.py:829} INFO - Processing file /home/ubuntu/ec2_customer_chum_venv/lib/python3.10/site-packages/airflow/example_dags/example_trigger_target_dag.py for tasks to queue
[2023-12-07T17:06:22.717+0000] {logging_mixin.py:154} INFO - [2023-12-07T17:06:22.717+0000] {dagbag.py:536} INFO - Filling up the DagBag from /home/ubuntu/ec2_customer_chum_venv/lib/python3.10/site-packages/airflow/example_dags/example_trigger_target_dag.py
[2023-12-07T17:06:22.724+0000] {processor.py:839} INFO - DAG(s) dict_keys(['example_trigger_target_dag']) retrieved from /home/ubuntu/ec2_customer_chum_venv/lib/python3.10/site-packages/airflow/example_dags/example_trigger_target_dag.py
[2023-12-07T17:06:22.741+0000] {logging_mixin.py:154} INFO - [2023-12-07T17:06:22.741+0000] {dag.py:2941} INFO - Sync 1 DAGs
[2023-12-07T17:06:22.753+0000] {logging_mixin.py:154} INFO - [2023-12-07T17:06:22.753+0000] {dag.py:3722} INFO - Setting next_dagrun for example_trigger_target_dag to None, run_after=None
[2023-12-07T17:06:22.775+0000] {processor.py:179} INFO - Processing /home/ubuntu/ec2_customer_chum_venv/lib/python3.10/site-packages/airflow/example_dags/example_trigger_target_dag.py took 0.064 seconds
[2023-12-07T17:07:09.580+0000] {processor.py:157} INFO - Started process (PID=6065) to work on /home/ubuntu/ec2_customer_chum_venv/lib/python3.10/site-packages/airflow/example_dags/example_trigger_target_dag.py
[2023-12-07T17:07:09.581+0000] {processor.py:829} INFO - Processing file /home/ubuntu/ec2_customer_chum_venv/lib/python3.10/site-packages/airflow/example_dags/example_trigger_target_dag.py for tasks to queue
[2023-12-07T17:07:09.582+0000] {logging_mixin.py:154} INFO - [2023-12-07T17:07:09.581+0000] {dagbag.py:536} INFO - Filling up the DagBag from /home/ubuntu/ec2_customer_chum_venv/lib/python3.10/site-packages/airflow/example_dags/example_trigger_target_dag.py
[2023-12-07T17:07:09.588+0000] {processor.py:839} INFO - DAG(s) dict_keys(['example_trigger_target_dag']) retrieved from /home/ubuntu/ec2_customer_chum_venv/lib/python3.10/site-packages/airflow/example_dags/example_trigger_target_dag.py
[2023-12-07T17:07:09.605+0000] {logging_mixin.py:154} INFO - [2023-12-07T17:07:09.605+0000] {dag.py:2941} INFO - Sync 1 DAGs
[2023-12-07T17:07:09.618+0000] {logging_mixin.py:154} INFO - [2023-12-07T17:07:09.617+0000] {dag.py:3722} INFO - Setting next_dagrun for example_trigger_target_dag to None, run_after=None
[2023-12-07T17:07:09.639+0000] {processor.py:179} INFO - Processing /home/ubuntu/ec2_customer_chum_venv/lib/python3.10/site-packages/airflow/example_dags/example_trigger_target_dag.py took 0.062 seconds
[2023-12-07T17:07:54.147+0000] {processor.py:157} INFO - Started process (PID=6111) to work on /home/ubuntu/ec2_customer_chum_venv/lib/python3.10/site-packages/airflow/example_dags/example_trigger_target_dag.py
[2023-12-07T17:07:54.148+0000] {processor.py:829} INFO - Processing file /home/ubuntu/ec2_customer_chum_venv/lib/python3.10/site-packages/airflow/example_dags/example_trigger_target_dag.py for tasks to queue
[2023-12-07T17:07:54.149+0000] {logging_mixin.py:154} INFO - [2023-12-07T17:07:54.149+0000] {dagbag.py:536} INFO - Filling up the DagBag from /home/ubuntu/ec2_customer_chum_venv/lib/python3.10/site-packages/airflow/example_dags/example_trigger_target_dag.py
[2023-12-07T17:07:54.155+0000] {processor.py:839} INFO - DAG(s) dict_keys(['example_trigger_target_dag']) retrieved from /home/ubuntu/ec2_customer_chum_venv/lib/python3.10/site-packages/airflow/example_dags/example_trigger_target_dag.py
[2023-12-07T17:07:54.172+0000] {logging_mixin.py:154} INFO - [2023-12-07T17:07:54.172+0000] {dag.py:2941} INFO - Sync 1 DAGs
[2023-12-07T17:07:54.184+0000] {logging_mixin.py:154} INFO - [2023-12-07T17:07:54.183+0000] {dag.py:3722} INFO - Setting next_dagrun for example_trigger_target_dag to None, run_after=None
[2023-12-07T17:07:54.206+0000] {processor.py:179} INFO - Processing /home/ubuntu/ec2_customer_chum_venv/lib/python3.10/site-packages/airflow/example_dags/example_trigger_target_dag.py took 0.063 seconds
[2023-12-07T17:08:39.818+0000] {processor.py:157} INFO - Started process (PID=6158) to work on /home/ubuntu/ec2_customer_chum_venv/lib/python3.10/site-packages/airflow/example_dags/example_trigger_target_dag.py
[2023-12-07T17:08:39.819+0000] {processor.py:829} INFO - Processing file /home/ubuntu/ec2_customer_chum_venv/lib/python3.10/site-packages/airflow/example_dags/example_trigger_target_dag.py for tasks to queue
[2023-12-07T17:08:39.820+0000] {logging_mixin.py:154} INFO - [2023-12-07T17:08:39.820+0000] {dagbag.py:536} INFO - Filling up the DagBag from /home/ubuntu/ec2_customer_chum_venv/lib/python3.10/site-packages/airflow/example_dags/example_trigger_target_dag.py
[2023-12-07T17:08:39.827+0000] {processor.py:839} INFO - DAG(s) dict_keys(['example_trigger_target_dag']) retrieved from /home/ubuntu/ec2_customer_chum_venv/lib/python3.10/site-packages/airflow/example_dags/example_trigger_target_dag.py
[2023-12-07T17:08:39.843+0000] {logging_mixin.py:154} INFO - [2023-12-07T17:08:39.843+0000] {dag.py:2941} INFO - Sync 1 DAGs
[2023-12-07T17:08:39.856+0000] {logging_mixin.py:154} INFO - [2023-12-07T17:08:39.855+0000] {dag.py:3722} INFO - Setting next_dagrun for example_trigger_target_dag to None, run_after=None
[2023-12-07T17:08:39.878+0000] {processor.py:179} INFO - Processing /home/ubuntu/ec2_customer_chum_venv/lib/python3.10/site-packages/airflow/example_dags/example_trigger_target_dag.py took 0.064 seconds
[2023-12-07T17:09:13.783+0000] {processor.py:157} INFO - Started process (PID=6192) to work on /home/ubuntu/ec2_customer_chum_venv/lib/python3.10/site-packages/airflow/example_dags/example_trigger_target_dag.py
[2023-12-07T17:09:13.784+0000] {processor.py:829} INFO - Processing file /home/ubuntu/ec2_customer_chum_venv/lib/python3.10/site-packages/airflow/example_dags/example_trigger_target_dag.py for tasks to queue
[2023-12-07T17:09:13.785+0000] {logging_mixin.py:154} INFO - [2023-12-07T17:09:13.785+0000] {dagbag.py:536} INFO - Filling up the DagBag from /home/ubuntu/ec2_customer_chum_venv/lib/python3.10/site-packages/airflow/example_dags/example_trigger_target_dag.py
[2023-12-07T17:09:13.792+0000] {processor.py:839} INFO - DAG(s) dict_keys(['example_trigger_target_dag']) retrieved from /home/ubuntu/ec2_customer_chum_venv/lib/python3.10/site-packages/airflow/example_dags/example_trigger_target_dag.py
[2023-12-07T17:09:13.808+0000] {logging_mixin.py:154} INFO - [2023-12-07T17:09:13.808+0000] {dag.py:2941} INFO - Sync 1 DAGs
[2023-12-07T17:09:13.820+0000] {logging_mixin.py:154} INFO - [2023-12-07T17:09:13.820+0000] {dag.py:3722} INFO - Setting next_dagrun for example_trigger_target_dag to None, run_after=None
[2023-12-07T17:09:13.843+0000] {processor.py:179} INFO - Processing /home/ubuntu/ec2_customer_chum_venv/lib/python3.10/site-packages/airflow/example_dags/example_trigger_target_dag.py took 0.064 seconds
[2023-12-07T17:09:55.923+0000] {processor.py:157} INFO - Started process (PID=6237) to work on /home/ubuntu/ec2_customer_chum_venv/lib/python3.10/site-packages/airflow/example_dags/example_trigger_target_dag.py
[2023-12-07T17:09:55.925+0000] {processor.py:829} INFO - Processing file /home/ubuntu/ec2_customer_chum_venv/lib/python3.10/site-packages/airflow/example_dags/example_trigger_target_dag.py for tasks to queue
[2023-12-07T17:09:55.926+0000] {logging_mixin.py:154} INFO - [2023-12-07T17:09:55.925+0000] {dagbag.py:536} INFO - Filling up the DagBag from /home/ubuntu/ec2_customer_chum_venv/lib/python3.10/site-packages/airflow/example_dags/example_trigger_target_dag.py
[2023-12-07T17:09:55.933+0000] {processor.py:839} INFO - DAG(s) dict_keys(['example_trigger_target_dag']) retrieved from /home/ubuntu/ec2_customer_chum_venv/lib/python3.10/site-packages/airflow/example_dags/example_trigger_target_dag.py
[2023-12-07T17:09:55.950+0000] {logging_mixin.py:154} INFO - [2023-12-07T17:09:55.949+0000] {dag.py:2941} INFO - Sync 1 DAGs
[2023-12-07T17:09:55.963+0000] {logging_mixin.py:154} INFO - [2023-12-07T17:09:55.962+0000] {dag.py:3722} INFO - Setting next_dagrun for example_trigger_target_dag to None, run_after=None
[2023-12-07T17:09:55.986+0000] {processor.py:179} INFO - Processing /home/ubuntu/ec2_customer_chum_venv/lib/python3.10/site-packages/airflow/example_dags/example_trigger_target_dag.py took 0.066 seconds
[2023-12-07T17:10:42.754+0000] {processor.py:157} INFO - Started process (PID=6284) to work on /home/ubuntu/ec2_customer_chum_venv/lib/python3.10/site-packages/airflow/example_dags/example_trigger_target_dag.py
[2023-12-07T17:10:42.755+0000] {processor.py:829} INFO - Processing file /home/ubuntu/ec2_customer_chum_venv/lib/python3.10/site-packages/airflow/example_dags/example_trigger_target_dag.py for tasks to queue
[2023-12-07T17:10:42.756+0000] {logging_mixin.py:154} INFO - [2023-12-07T17:10:42.756+0000] {dagbag.py:536} INFO - Filling up the DagBag from /home/ubuntu/ec2_customer_chum_venv/lib/python3.10/site-packages/airflow/example_dags/example_trigger_target_dag.py
[2023-12-07T17:10:42.763+0000] {processor.py:839} INFO - DAG(s) dict_keys(['example_trigger_target_dag']) retrieved from /home/ubuntu/ec2_customer_chum_venv/lib/python3.10/site-packages/airflow/example_dags/example_trigger_target_dag.py
[2023-12-07T17:10:42.780+0000] {logging_mixin.py:154} INFO - [2023-12-07T17:10:42.780+0000] {dag.py:2941} INFO - Sync 1 DAGs
[2023-12-07T17:10:42.793+0000] {logging_mixin.py:154} INFO - [2023-12-07T17:10:42.792+0000] {dag.py:3722} INFO - Setting next_dagrun for example_trigger_target_dag to None, run_after=None
[2023-12-07T17:10:42.816+0000] {processor.py:179} INFO - Processing /home/ubuntu/ec2_customer_chum_venv/lib/python3.10/site-packages/airflow/example_dags/example_trigger_target_dag.py took 0.065 seconds
[2023-12-07T17:11:27.593+0000] {processor.py:157} INFO - Started process (PID=6330) to work on /home/ubuntu/ec2_customer_chum_venv/lib/python3.10/site-packages/airflow/example_dags/example_trigger_target_dag.py
[2023-12-07T17:11:27.595+0000] {processor.py:829} INFO - Processing file /home/ubuntu/ec2_customer_chum_venv/lib/python3.10/site-packages/airflow/example_dags/example_trigger_target_dag.py for tasks to queue
[2023-12-07T17:11:27.595+0000] {logging_mixin.py:154} INFO - [2023-12-07T17:11:27.595+0000] {dagbag.py:536} INFO - Filling up the DagBag from /home/ubuntu/ec2_customer_chum_venv/lib/python3.10/site-packages/airflow/example_dags/example_trigger_target_dag.py
[2023-12-07T17:11:27.602+0000] {processor.py:839} INFO - DAG(s) dict_keys(['example_trigger_target_dag']) retrieved from /home/ubuntu/ec2_customer_chum_venv/lib/python3.10/site-packages/airflow/example_dags/example_trigger_target_dag.py
[2023-12-07T17:11:27.618+0000] {logging_mixin.py:154} INFO - [2023-12-07T17:11:27.618+0000] {dag.py:2941} INFO - Sync 1 DAGs
[2023-12-07T17:11:27.630+0000] {logging_mixin.py:154} INFO - [2023-12-07T17:11:27.630+0000] {dag.py:3722} INFO - Setting next_dagrun for example_trigger_target_dag to None, run_after=None
[2023-12-07T17:11:27.654+0000] {processor.py:179} INFO - Processing /home/ubuntu/ec2_customer_chum_venv/lib/python3.10/site-packages/airflow/example_dags/example_trigger_target_dag.py took 0.064 seconds
[2023-12-07T17:12:10.665+0000] {processor.py:157} INFO - Started process (PID=6380) to work on /home/ubuntu/ec2_customer_chum_venv/lib/python3.10/site-packages/airflow/example_dags/example_trigger_target_dag.py
[2023-12-07T17:12:10.667+0000] {processor.py:829} INFO - Processing file /home/ubuntu/ec2_customer_chum_venv/lib/python3.10/site-packages/airflow/example_dags/example_trigger_target_dag.py for tasks to queue
[2023-12-07T17:12:10.667+0000] {logging_mixin.py:154} INFO - [2023-12-07T17:12:10.667+0000] {dagbag.py:536} INFO - Filling up the DagBag from /home/ubuntu/ec2_customer_chum_venv/lib/python3.10/site-packages/airflow/example_dags/example_trigger_target_dag.py
[2023-12-07T17:12:10.674+0000] {processor.py:839} INFO - DAG(s) dict_keys(['example_trigger_target_dag']) retrieved from /home/ubuntu/ec2_customer_chum_venv/lib/python3.10/site-packages/airflow/example_dags/example_trigger_target_dag.py
[2023-12-07T17:12:10.691+0000] {logging_mixin.py:154} INFO - [2023-12-07T17:12:10.690+0000] {dag.py:2941} INFO - Sync 1 DAGs
[2023-12-07T17:12:10.703+0000] {logging_mixin.py:154} INFO - [2023-12-07T17:12:10.702+0000] {dag.py:3722} INFO - Setting next_dagrun for example_trigger_target_dag to None, run_after=None
[2023-12-07T17:12:10.725+0000] {processor.py:179} INFO - Processing /home/ubuntu/ec2_customer_chum_venv/lib/python3.10/site-packages/airflow/example_dags/example_trigger_target_dag.py took 0.063 seconds
[2023-12-07T17:12:59.290+0000] {processor.py:157} INFO - Started process (PID=6430) to work on /home/ubuntu/ec2_customer_chum_venv/lib/python3.10/site-packages/airflow/example_dags/example_trigger_target_dag.py
[2023-12-07T17:12:59.291+0000] {processor.py:829} INFO - Processing file /home/ubuntu/ec2_customer_chum_venv/lib/python3.10/site-packages/airflow/example_dags/example_trigger_target_dag.py for tasks to queue
[2023-12-07T17:12:59.292+0000] {logging_mixin.py:154} INFO - [2023-12-07T17:12:59.292+0000] {dagbag.py:536} INFO - Filling up the DagBag from /home/ubuntu/ec2_customer_chum_venv/lib/python3.10/site-packages/airflow/example_dags/example_trigger_target_dag.py
[2023-12-07T17:12:59.299+0000] {processor.py:839} INFO - DAG(s) dict_keys(['example_trigger_target_dag']) retrieved from /home/ubuntu/ec2_customer_chum_venv/lib/python3.10/site-packages/airflow/example_dags/example_trigger_target_dag.py
[2023-12-07T17:12:59.315+0000] {logging_mixin.py:154} INFO - [2023-12-07T17:12:59.315+0000] {dag.py:2941} INFO - Sync 1 DAGs
[2023-12-07T17:12:59.327+0000] {logging_mixin.py:154} INFO - [2023-12-07T17:12:59.326+0000] {dag.py:3722} INFO - Setting next_dagrun for example_trigger_target_dag to None, run_after=None
[2023-12-07T17:12:59.350+0000] {processor.py:179} INFO - Processing /home/ubuntu/ec2_customer_chum_venv/lib/python3.10/site-packages/airflow/example_dags/example_trigger_target_dag.py took 0.064 seconds
[2023-12-07T17:13:42.213+0000] {processor.py:157} INFO - Started process (PID=6562) to work on /home/ubuntu/ec2_customer_chum_venv/lib/python3.10/site-packages/airflow/example_dags/example_trigger_target_dag.py
[2023-12-07T17:13:42.215+0000] {processor.py:829} INFO - Processing file /home/ubuntu/ec2_customer_chum_venv/lib/python3.10/site-packages/airflow/example_dags/example_trigger_target_dag.py for tasks to queue
[2023-12-07T17:13:42.216+0000] {logging_mixin.py:154} INFO - [2023-12-07T17:13:42.215+0000] {dagbag.py:536} INFO - Filling up the DagBag from /home/ubuntu/ec2_customer_chum_venv/lib/python3.10/site-packages/airflow/example_dags/example_trigger_target_dag.py
[2023-12-07T17:13:42.222+0000] {processor.py:839} INFO - DAG(s) dict_keys(['example_trigger_target_dag']) retrieved from /home/ubuntu/ec2_customer_chum_venv/lib/python3.10/site-packages/airflow/example_dags/example_trigger_target_dag.py
[2023-12-07T17:13:42.240+0000] {logging_mixin.py:154} INFO - [2023-12-07T17:13:42.239+0000] {dag.py:2941} INFO - Sync 1 DAGs
[2023-12-07T17:13:42.252+0000] {logging_mixin.py:154} INFO - [2023-12-07T17:13:42.252+0000] {dag.py:3722} INFO - Setting next_dagrun for example_trigger_target_dag to None, run_after=None
[2023-12-07T17:13:42.275+0000] {processor.py:179} INFO - Processing /home/ubuntu/ec2_customer_chum_venv/lib/python3.10/site-packages/airflow/example_dags/example_trigger_target_dag.py took 0.066 seconds
[2023-12-07T17:14:24.863+0000] {processor.py:157} INFO - Started process (PID=6606) to work on /home/ubuntu/ec2_customer_chum_venv/lib/python3.10/site-packages/airflow/example_dags/example_trigger_target_dag.py
[2023-12-07T17:14:24.864+0000] {processor.py:829} INFO - Processing file /home/ubuntu/ec2_customer_chum_venv/lib/python3.10/site-packages/airflow/example_dags/example_trigger_target_dag.py for tasks to queue
[2023-12-07T17:14:24.865+0000] {logging_mixin.py:154} INFO - [2023-12-07T17:14:24.865+0000] {dagbag.py:536} INFO - Filling up the DagBag from /home/ubuntu/ec2_customer_chum_venv/lib/python3.10/site-packages/airflow/example_dags/example_trigger_target_dag.py
[2023-12-07T17:14:24.872+0000] {processor.py:839} INFO - DAG(s) dict_keys(['example_trigger_target_dag']) retrieved from /home/ubuntu/ec2_customer_chum_venv/lib/python3.10/site-packages/airflow/example_dags/example_trigger_target_dag.py
[2023-12-07T17:14:24.889+0000] {logging_mixin.py:154} INFO - [2023-12-07T17:14:24.889+0000] {dag.py:2941} INFO - Sync 1 DAGs
[2023-12-07T17:14:24.901+0000] {logging_mixin.py:154} INFO - [2023-12-07T17:14:24.901+0000] {dag.py:3722} INFO - Setting next_dagrun for example_trigger_target_dag to None, run_after=None
[2023-12-07T17:14:24.924+0000] {processor.py:179} INFO - Processing /home/ubuntu/ec2_customer_chum_venv/lib/python3.10/site-packages/airflow/example_dags/example_trigger_target_dag.py took 0.064 seconds
[2023-12-07T17:15:09.104+0000] {processor.py:157} INFO - Started process (PID=6718) to work on /home/ubuntu/ec2_customer_chum_venv/lib/python3.10/site-packages/airflow/example_dags/example_trigger_target_dag.py
[2023-12-07T17:15:09.105+0000] {processor.py:829} INFO - Processing file /home/ubuntu/ec2_customer_chum_venv/lib/python3.10/site-packages/airflow/example_dags/example_trigger_target_dag.py for tasks to queue
[2023-12-07T17:15:09.106+0000] {logging_mixin.py:154} INFO - [2023-12-07T17:15:09.106+0000] {dagbag.py:536} INFO - Filling up the DagBag from /home/ubuntu/ec2_customer_chum_venv/lib/python3.10/site-packages/airflow/example_dags/example_trigger_target_dag.py
[2023-12-07T17:15:09.113+0000] {processor.py:839} INFO - DAG(s) dict_keys(['example_trigger_target_dag']) retrieved from /home/ubuntu/ec2_customer_chum_venv/lib/python3.10/site-packages/airflow/example_dags/example_trigger_target_dag.py
[2023-12-07T17:15:09.129+0000] {logging_mixin.py:154} INFO - [2023-12-07T17:15:09.129+0000] {dag.py:2941} INFO - Sync 1 DAGs
[2023-12-07T17:15:09.141+0000] {logging_mixin.py:154} INFO - [2023-12-07T17:15:09.141+0000] {dag.py:3722} INFO - Setting next_dagrun for example_trigger_target_dag to None, run_after=None
[2023-12-07T17:15:09.165+0000] {processor.py:179} INFO - Processing /home/ubuntu/ec2_customer_chum_venv/lib/python3.10/site-packages/airflow/example_dags/example_trigger_target_dag.py took 0.064 seconds
