[2023-12-07T16:49:29.159+0000] {processor.py:157} INFO - Started process (PID=4983) to work on /home/ubuntu/ec2_customer_chum_venv/lib/python3.10/site-packages/airflow/example_dags/example_sensor_decorator.py
[2023-12-07T16:49:29.160+0000] {processor.py:829} INFO - Processing file /home/ubuntu/ec2_customer_chum_venv/lib/python3.10/site-packages/airflow/example_dags/example_sensor_decorator.py for tasks to queue
[2023-12-07T16:49:29.161+0000] {logging_mixin.py:154} INFO - [2023-12-07T16:49:29.161+0000] {dagbag.py:536} INFO - Filling up the DagBag from /home/ubuntu/ec2_customer_chum_venv/lib/python3.10/site-packages/airflow/example_dags/example_sensor_decorator.py
[2023-12-07T16:49:29.167+0000] {processor.py:839} INFO - DAG(s) dict_keys(['example_sensor_decorator']) retrieved from /home/ubuntu/ec2_customer_chum_venv/lib/python3.10/site-packages/airflow/example_dags/example_sensor_decorator.py
[2023-12-07T16:49:29.283+0000] {logging_mixin.py:154} INFO - [2023-12-07T16:49:29.282+0000] {manager.py:499} INFO - Created Permission View: %s
[2023-12-07T16:49:29.331+0000] {logging_mixin.py:154} INFO - [2023-12-07T16:49:29.330+0000] {manager.py:499} INFO - Created Permission View: %s
[2023-12-07T16:49:29.342+0000] {logging_mixin.py:154} INFO - [2023-12-07T16:49:29.341+0000] {manager.py:499} INFO - Created Permission View: %s
[2023-12-07T16:49:29.342+0000] {logging_mixin.py:154} INFO - [2023-12-07T16:49:29.342+0000] {dag.py:2941} INFO - Sync 1 DAGs
[2023-12-07T16:49:29.353+0000] {logging_mixin.py:154} INFO - [2023-12-07T16:49:29.353+0000] {dag.py:2963} INFO - Creating ORM DAG for example_sensor_decorator
[2023-12-07T16:49:29.354+0000] {logging_mixin.py:154} INFO - [2023-12-07T16:49:29.353+0000] {dag.py:3722} INFO - Setting next_dagrun for example_sensor_decorator to None, run_after=None
[2023-12-07T16:49:29.376+0000] {processor.py:179} INFO - Processing /home/ubuntu/ec2_customer_chum_venv/lib/python3.10/site-packages/airflow/example_dags/example_sensor_decorator.py took 0.220 seconds
[2023-12-07T16:50:18.294+0000] {processor.py:157} INFO - Started process (PID=5029) to work on /home/ubuntu/ec2_customer_chum_venv/lib/python3.10/site-packages/airflow/example_dags/example_sensor_decorator.py
[2023-12-07T16:50:18.295+0000] {processor.py:829} INFO - Processing file /home/ubuntu/ec2_customer_chum_venv/lib/python3.10/site-packages/airflow/example_dags/example_sensor_decorator.py for tasks to queue
[2023-12-07T16:50:18.296+0000] {logging_mixin.py:154} INFO - [2023-12-07T16:50:18.295+0000] {dagbag.py:536} INFO - Filling up the DagBag from /home/ubuntu/ec2_customer_chum_venv/lib/python3.10/site-packages/airflow/example_dags/example_sensor_decorator.py
[2023-12-07T16:50:18.303+0000] {processor.py:839} INFO - DAG(s) dict_keys(['example_sensor_decorator']) retrieved from /home/ubuntu/ec2_customer_chum_venv/lib/python3.10/site-packages/airflow/example_dags/example_sensor_decorator.py
[2023-12-07T16:50:18.319+0000] {logging_mixin.py:154} INFO - [2023-12-07T16:50:18.319+0000] {dag.py:2941} INFO - Sync 1 DAGs
[2023-12-07T16:50:18.331+0000] {logging_mixin.py:154} INFO - [2023-12-07T16:50:18.331+0000] {dag.py:3722} INFO - Setting next_dagrun for example_sensor_decorator to None, run_after=None
[2023-12-07T16:50:18.356+0000] {processor.py:179} INFO - Processing /home/ubuntu/ec2_customer_chum_venv/lib/python3.10/site-packages/airflow/example_dags/example_sensor_decorator.py took 0.066 seconds
[2023-12-07T16:51:07.549+0000] {processor.py:157} INFO - Started process (PID=5079) to work on /home/ubuntu/ec2_customer_chum_venv/lib/python3.10/site-packages/airflow/example_dags/example_sensor_decorator.py
[2023-12-07T16:51:07.550+0000] {processor.py:829} INFO - Processing file /home/ubuntu/ec2_customer_chum_venv/lib/python3.10/site-packages/airflow/example_dags/example_sensor_decorator.py for tasks to queue
[2023-12-07T16:51:07.551+0000] {logging_mixin.py:154} INFO - [2023-12-07T16:51:07.551+0000] {dagbag.py:536} INFO - Filling up the DagBag from /home/ubuntu/ec2_customer_chum_venv/lib/python3.10/site-packages/airflow/example_dags/example_sensor_decorator.py
[2023-12-07T16:51:07.558+0000] {processor.py:839} INFO - DAG(s) dict_keys(['example_sensor_decorator']) retrieved from /home/ubuntu/ec2_customer_chum_venv/lib/python3.10/site-packages/airflow/example_dags/example_sensor_decorator.py
[2023-12-07T16:51:07.575+0000] {logging_mixin.py:154} INFO - [2023-12-07T16:51:07.575+0000] {dag.py:2941} INFO - Sync 1 DAGs
[2023-12-07T16:51:07.587+0000] {logging_mixin.py:154} INFO - [2023-12-07T16:51:07.587+0000] {dag.py:3722} INFO - Setting next_dagrun for example_sensor_decorator to None, run_after=None
[2023-12-07T16:51:07.612+0000] {processor.py:179} INFO - Processing /home/ubuntu/ec2_customer_chum_venv/lib/python3.10/site-packages/airflow/example_dags/example_sensor_decorator.py took 0.067 seconds
[2023-12-07T16:51:58.941+0000] {processor.py:157} INFO - Started process (PID=5130) to work on /home/ubuntu/ec2_customer_chum_venv/lib/python3.10/site-packages/airflow/example_dags/example_sensor_decorator.py
[2023-12-07T16:51:58.942+0000] {processor.py:829} INFO - Processing file /home/ubuntu/ec2_customer_chum_venv/lib/python3.10/site-packages/airflow/example_dags/example_sensor_decorator.py for tasks to queue
[2023-12-07T16:51:58.943+0000] {logging_mixin.py:154} INFO - [2023-12-07T16:51:58.942+0000] {dagbag.py:536} INFO - Filling up the DagBag from /home/ubuntu/ec2_customer_chum_venv/lib/python3.10/site-packages/airflow/example_dags/example_sensor_decorator.py
[2023-12-07T16:51:58.950+0000] {processor.py:839} INFO - DAG(s) dict_keys(['example_sensor_decorator']) retrieved from /home/ubuntu/ec2_customer_chum_venv/lib/python3.10/site-packages/airflow/example_dags/example_sensor_decorator.py
[2023-12-07T16:51:58.967+0000] {logging_mixin.py:154} INFO - [2023-12-07T16:51:58.967+0000] {dag.py:2941} INFO - Sync 1 DAGs
[2023-12-07T16:51:58.979+0000] {logging_mixin.py:154} INFO - [2023-12-07T16:51:58.979+0000] {dag.py:3722} INFO - Setting next_dagrun for example_sensor_decorator to None, run_after=None
[2023-12-07T16:51:59.002+0000] {processor.py:179} INFO - Processing /home/ubuntu/ec2_customer_chum_venv/lib/python3.10/site-packages/airflow/example_dags/example_sensor_decorator.py took 0.065 seconds
[2023-12-07T16:52:47.252+0000] {processor.py:157} INFO - Started process (PID=5182) to work on /home/ubuntu/ec2_customer_chum_venv/lib/python3.10/site-packages/airflow/example_dags/example_sensor_decorator.py
[2023-12-07T16:52:47.254+0000] {processor.py:829} INFO - Processing file /home/ubuntu/ec2_customer_chum_venv/lib/python3.10/site-packages/airflow/example_dags/example_sensor_decorator.py for tasks to queue
[2023-12-07T16:52:47.255+0000] {logging_mixin.py:154} INFO - [2023-12-07T16:52:47.254+0000] {dagbag.py:536} INFO - Filling up the DagBag from /home/ubuntu/ec2_customer_chum_venv/lib/python3.10/site-packages/airflow/example_dags/example_sensor_decorator.py
[2023-12-07T16:52:47.261+0000] {processor.py:839} INFO - DAG(s) dict_keys(['example_sensor_decorator']) retrieved from /home/ubuntu/ec2_customer_chum_venv/lib/python3.10/site-packages/airflow/example_dags/example_sensor_decorator.py
[2023-12-07T16:52:47.278+0000] {logging_mixin.py:154} INFO - [2023-12-07T16:52:47.278+0000] {dag.py:2941} INFO - Sync 1 DAGs
[2023-12-07T16:52:47.290+0000] {logging_mixin.py:154} INFO - [2023-12-07T16:52:47.290+0000] {dag.py:3722} INFO - Setting next_dagrun for example_sensor_decorator to None, run_after=None
[2023-12-07T16:52:47.313+0000] {processor.py:179} INFO - Processing /home/ubuntu/ec2_customer_chum_venv/lib/python3.10/site-packages/airflow/example_dags/example_sensor_decorator.py took 0.064 seconds
[2023-12-07T16:53:59.891+0000] {processor.py:157} INFO - Started process (PID=5245) to work on /home/ubuntu/ec2_customer_chum_venv/lib/python3.10/site-packages/airflow/example_dags/example_sensor_decorator.py
[2023-12-07T16:53:59.893+0000] {processor.py:829} INFO - Processing file /home/ubuntu/ec2_customer_chum_venv/lib/python3.10/site-packages/airflow/example_dags/example_sensor_decorator.py for tasks to queue
[2023-12-07T16:53:59.894+0000] {logging_mixin.py:154} INFO - [2023-12-07T16:53:59.893+0000] {dagbag.py:536} INFO - Filling up the DagBag from /home/ubuntu/ec2_customer_chum_venv/lib/python3.10/site-packages/airflow/example_dags/example_sensor_decorator.py
[2023-12-07T16:53:59.900+0000] {processor.py:839} INFO - DAG(s) dict_keys(['example_sensor_decorator']) retrieved from /home/ubuntu/ec2_customer_chum_venv/lib/python3.10/site-packages/airflow/example_dags/example_sensor_decorator.py
[2023-12-07T16:53:59.909+0000] {logging_mixin.py:154} INFO - [2023-12-07T16:53:59.909+0000] {dag.py:2941} INFO - Sync 1 DAGs
[2023-12-07T16:53:59.922+0000] {logging_mixin.py:154} INFO - [2023-12-07T16:53:59.922+0000] {dag.py:3722} INFO - Setting next_dagrun for example_sensor_decorator to None, run_after=None
[2023-12-07T16:53:59.946+0000] {processor.py:179} INFO - Processing /home/ubuntu/ec2_customer_chum_venv/lib/python3.10/site-packages/airflow/example_dags/example_sensor_decorator.py took 0.058 seconds
[2023-12-07T16:54:45.377+0000] {processor.py:157} INFO - Started process (PID=5294) to work on /home/ubuntu/ec2_customer_chum_venv/lib/python3.10/site-packages/airflow/example_dags/example_sensor_decorator.py
[2023-12-07T16:54:45.378+0000] {processor.py:829} INFO - Processing file /home/ubuntu/ec2_customer_chum_venv/lib/python3.10/site-packages/airflow/example_dags/example_sensor_decorator.py for tasks to queue
[2023-12-07T16:54:45.379+0000] {logging_mixin.py:154} INFO - [2023-12-07T16:54:45.378+0000] {dagbag.py:536} INFO - Filling up the DagBag from /home/ubuntu/ec2_customer_chum_venv/lib/python3.10/site-packages/airflow/example_dags/example_sensor_decorator.py
[2023-12-07T16:54:45.386+0000] {processor.py:839} INFO - DAG(s) dict_keys(['example_sensor_decorator']) retrieved from /home/ubuntu/ec2_customer_chum_venv/lib/python3.10/site-packages/airflow/example_dags/example_sensor_decorator.py
[2023-12-07T16:54:45.402+0000] {logging_mixin.py:154} INFO - [2023-12-07T16:54:45.402+0000] {dag.py:2941} INFO - Sync 1 DAGs
[2023-12-07T16:54:45.414+0000] {logging_mixin.py:154} INFO - [2023-12-07T16:54:45.413+0000] {dag.py:3722} INFO - Setting next_dagrun for example_sensor_decorator to None, run_after=None
[2023-12-07T16:54:45.436+0000] {processor.py:179} INFO - Processing /home/ubuntu/ec2_customer_chum_venv/lib/python3.10/site-packages/airflow/example_dags/example_sensor_decorator.py took 0.062 seconds
[2023-12-07T16:55:30.658+0000] {processor.py:157} INFO - Started process (PID=5341) to work on /home/ubuntu/ec2_customer_chum_venv/lib/python3.10/site-packages/airflow/example_dags/example_sensor_decorator.py
[2023-12-07T16:55:30.659+0000] {processor.py:829} INFO - Processing file /home/ubuntu/ec2_customer_chum_venv/lib/python3.10/site-packages/airflow/example_dags/example_sensor_decorator.py for tasks to queue
[2023-12-07T16:55:30.660+0000] {logging_mixin.py:154} INFO - [2023-12-07T16:55:30.660+0000] {dagbag.py:536} INFO - Filling up the DagBag from /home/ubuntu/ec2_customer_chum_venv/lib/python3.10/site-packages/airflow/example_dags/example_sensor_decorator.py
[2023-12-07T16:55:30.667+0000] {processor.py:839} INFO - DAG(s) dict_keys(['example_sensor_decorator']) retrieved from /home/ubuntu/ec2_customer_chum_venv/lib/python3.10/site-packages/airflow/example_dags/example_sensor_decorator.py
[2023-12-07T16:55:30.685+0000] {logging_mixin.py:154} INFO - [2023-12-07T16:55:30.684+0000] {dag.py:2941} INFO - Sync 1 DAGs
[2023-12-07T16:55:30.697+0000] {logging_mixin.py:154} INFO - [2023-12-07T16:55:30.697+0000] {dag.py:3722} INFO - Setting next_dagrun for example_sensor_decorator to None, run_after=None
[2023-12-07T16:55:30.725+0000] {processor.py:179} INFO - Processing /home/ubuntu/ec2_customer_chum_venv/lib/python3.10/site-packages/airflow/example_dags/example_sensor_decorator.py took 0.071 seconds
[2023-12-07T16:56:16.525+0000] {processor.py:157} INFO - Started process (PID=5387) to work on /home/ubuntu/ec2_customer_chum_venv/lib/python3.10/site-packages/airflow/example_dags/example_sensor_decorator.py
[2023-12-07T16:56:16.527+0000] {processor.py:829} INFO - Processing file /home/ubuntu/ec2_customer_chum_venv/lib/python3.10/site-packages/airflow/example_dags/example_sensor_decorator.py for tasks to queue
[2023-12-07T16:56:16.528+0000] {logging_mixin.py:154} INFO - [2023-12-07T16:56:16.527+0000] {dagbag.py:536} INFO - Filling up the DagBag from /home/ubuntu/ec2_customer_chum_venv/lib/python3.10/site-packages/airflow/example_dags/example_sensor_decorator.py
[2023-12-07T16:56:16.535+0000] {processor.py:839} INFO - DAG(s) dict_keys(['example_sensor_decorator']) retrieved from /home/ubuntu/ec2_customer_chum_venv/lib/python3.10/site-packages/airflow/example_dags/example_sensor_decorator.py
[2023-12-07T16:56:16.552+0000] {logging_mixin.py:154} INFO - [2023-12-07T16:56:16.551+0000] {dag.py:2941} INFO - Sync 1 DAGs
[2023-12-07T16:56:16.563+0000] {logging_mixin.py:154} INFO - [2023-12-07T16:56:16.563+0000] {dag.py:3722} INFO - Setting next_dagrun for example_sensor_decorator to None, run_after=None
[2023-12-07T16:56:16.587+0000] {processor.py:179} INFO - Processing /home/ubuntu/ec2_customer_chum_venv/lib/python3.10/site-packages/airflow/example_dags/example_sensor_decorator.py took 0.065 seconds
[2023-12-07T16:56:58.208+0000] {processor.py:157} INFO - Started process (PID=5433) to work on /home/ubuntu/ec2_customer_chum_venv/lib/python3.10/site-packages/airflow/example_dags/example_sensor_decorator.py
[2023-12-07T16:56:58.210+0000] {processor.py:829} INFO - Processing file /home/ubuntu/ec2_customer_chum_venv/lib/python3.10/site-packages/airflow/example_dags/example_sensor_decorator.py for tasks to queue
[2023-12-07T16:56:58.210+0000] {logging_mixin.py:154} INFO - [2023-12-07T16:56:58.210+0000] {dagbag.py:536} INFO - Filling up the DagBag from /home/ubuntu/ec2_customer_chum_venv/lib/python3.10/site-packages/airflow/example_dags/example_sensor_decorator.py
[2023-12-07T16:56:58.217+0000] {processor.py:839} INFO - DAG(s) dict_keys(['example_sensor_decorator']) retrieved from /home/ubuntu/ec2_customer_chum_venv/lib/python3.10/site-packages/airflow/example_dags/example_sensor_decorator.py
[2023-12-07T16:56:58.234+0000] {logging_mixin.py:154} INFO - [2023-12-07T16:56:58.234+0000] {dag.py:2941} INFO - Sync 1 DAGs
[2023-12-07T16:56:58.246+0000] {logging_mixin.py:154} INFO - [2023-12-07T16:56:58.245+0000] {dag.py:3722} INFO - Setting next_dagrun for example_sensor_decorator to None, run_after=None
[2023-12-07T16:56:58.268+0000] {processor.py:179} INFO - Processing /home/ubuntu/ec2_customer_chum_venv/lib/python3.10/site-packages/airflow/example_dags/example_sensor_decorator.py took 0.063 seconds
[2023-12-07T16:57:42.054+0000] {processor.py:157} INFO - Started process (PID=5480) to work on /home/ubuntu/ec2_customer_chum_venv/lib/python3.10/site-packages/airflow/example_dags/example_sensor_decorator.py
[2023-12-07T16:57:42.056+0000] {processor.py:829} INFO - Processing file /home/ubuntu/ec2_customer_chum_venv/lib/python3.10/site-packages/airflow/example_dags/example_sensor_decorator.py for tasks to queue
[2023-12-07T16:57:42.057+0000] {logging_mixin.py:154} INFO - [2023-12-07T16:57:42.056+0000] {dagbag.py:536} INFO - Filling up the DagBag from /home/ubuntu/ec2_customer_chum_venv/lib/python3.10/site-packages/airflow/example_dags/example_sensor_decorator.py
[2023-12-07T16:57:42.064+0000] {processor.py:839} INFO - DAG(s) dict_keys(['example_sensor_decorator']) retrieved from /home/ubuntu/ec2_customer_chum_venv/lib/python3.10/site-packages/airflow/example_dags/example_sensor_decorator.py
[2023-12-07T16:57:42.081+0000] {logging_mixin.py:154} INFO - [2023-12-07T16:57:42.081+0000] {dag.py:2941} INFO - Sync 1 DAGs
[2023-12-07T16:57:42.093+0000] {logging_mixin.py:154} INFO - [2023-12-07T16:57:42.093+0000] {dag.py:3722} INFO - Setting next_dagrun for example_sensor_decorator to None, run_after=None
[2023-12-07T16:57:42.117+0000] {processor.py:179} INFO - Processing /home/ubuntu/ec2_customer_chum_venv/lib/python3.10/site-packages/airflow/example_dags/example_sensor_decorator.py took 0.066 seconds
[2023-12-07T16:58:25.769+0000] {processor.py:157} INFO - Started process (PID=5524) to work on /home/ubuntu/ec2_customer_chum_venv/lib/python3.10/site-packages/airflow/example_dags/example_sensor_decorator.py
[2023-12-07T16:58:25.771+0000] {processor.py:829} INFO - Processing file /home/ubuntu/ec2_customer_chum_venv/lib/python3.10/site-packages/airflow/example_dags/example_sensor_decorator.py for tasks to queue
[2023-12-07T16:58:25.771+0000] {logging_mixin.py:154} INFO - [2023-12-07T16:58:25.771+0000] {dagbag.py:536} INFO - Filling up the DagBag from /home/ubuntu/ec2_customer_chum_venv/lib/python3.10/site-packages/airflow/example_dags/example_sensor_decorator.py
[2023-12-07T16:58:25.778+0000] {processor.py:839} INFO - DAG(s) dict_keys(['example_sensor_decorator']) retrieved from /home/ubuntu/ec2_customer_chum_venv/lib/python3.10/site-packages/airflow/example_dags/example_sensor_decorator.py
[2023-12-07T16:58:25.795+0000] {logging_mixin.py:154} INFO - [2023-12-07T16:58:25.795+0000] {dag.py:2941} INFO - Sync 1 DAGs
[2023-12-07T16:58:25.808+0000] {logging_mixin.py:154} INFO - [2023-12-07T16:58:25.807+0000] {dag.py:3722} INFO - Setting next_dagrun for example_sensor_decorator to None, run_after=None
[2023-12-07T16:58:25.831+0000] {processor.py:179} INFO - Processing /home/ubuntu/ec2_customer_chum_venv/lib/python3.10/site-packages/airflow/example_dags/example_sensor_decorator.py took 0.065 seconds
[2023-12-07T16:59:08.510+0000] {processor.py:157} INFO - Started process (PID=5570) to work on /home/ubuntu/ec2_customer_chum_venv/lib/python3.10/site-packages/airflow/example_dags/example_sensor_decorator.py
[2023-12-07T16:59:08.511+0000] {processor.py:829} INFO - Processing file /home/ubuntu/ec2_customer_chum_venv/lib/python3.10/site-packages/airflow/example_dags/example_sensor_decorator.py for tasks to queue
[2023-12-07T16:59:08.512+0000] {logging_mixin.py:154} INFO - [2023-12-07T16:59:08.512+0000] {dagbag.py:536} INFO - Filling up the DagBag from /home/ubuntu/ec2_customer_chum_venv/lib/python3.10/site-packages/airflow/example_dags/example_sensor_decorator.py
[2023-12-07T16:59:08.519+0000] {processor.py:839} INFO - DAG(s) dict_keys(['example_sensor_decorator']) retrieved from /home/ubuntu/ec2_customer_chum_venv/lib/python3.10/site-packages/airflow/example_dags/example_sensor_decorator.py
[2023-12-07T16:59:08.537+0000] {logging_mixin.py:154} INFO - [2023-12-07T16:59:08.536+0000] {dag.py:2941} INFO - Sync 1 DAGs
[2023-12-07T16:59:08.550+0000] {logging_mixin.py:154} INFO - [2023-12-07T16:59:08.549+0000] {dag.py:3722} INFO - Setting next_dagrun for example_sensor_decorator to None, run_after=None
[2023-12-07T16:59:08.572+0000] {processor.py:179} INFO - Processing /home/ubuntu/ec2_customer_chum_venv/lib/python3.10/site-packages/airflow/example_dags/example_sensor_decorator.py took 0.065 seconds
[2023-12-07T16:59:52.761+0000] {processor.py:157} INFO - Started process (PID=5617) to work on /home/ubuntu/ec2_customer_chum_venv/lib/python3.10/site-packages/airflow/example_dags/example_sensor_decorator.py
[2023-12-07T16:59:52.763+0000] {processor.py:829} INFO - Processing file /home/ubuntu/ec2_customer_chum_venv/lib/python3.10/site-packages/airflow/example_dags/example_sensor_decorator.py for tasks to queue
[2023-12-07T16:59:52.764+0000] {logging_mixin.py:154} INFO - [2023-12-07T16:59:52.763+0000] {dagbag.py:536} INFO - Filling up the DagBag from /home/ubuntu/ec2_customer_chum_venv/lib/python3.10/site-packages/airflow/example_dags/example_sensor_decorator.py
[2023-12-07T16:59:52.771+0000] {processor.py:839} INFO - DAG(s) dict_keys(['example_sensor_decorator']) retrieved from /home/ubuntu/ec2_customer_chum_venv/lib/python3.10/site-packages/airflow/example_dags/example_sensor_decorator.py
[2023-12-07T16:59:52.789+0000] {logging_mixin.py:154} INFO - [2023-12-07T16:59:52.789+0000] {dag.py:2941} INFO - Sync 1 DAGs
[2023-12-07T16:59:52.802+0000] {logging_mixin.py:154} INFO - [2023-12-07T16:59:52.802+0000] {dag.py:3722} INFO - Setting next_dagrun for example_sensor_decorator to None, run_after=None
[2023-12-07T16:59:52.854+0000] {processor.py:179} INFO - Processing /home/ubuntu/ec2_customer_chum_venv/lib/python3.10/site-packages/airflow/example_dags/example_sensor_decorator.py took 0.096 seconds
[2023-12-07T17:00:40.249+0000] {processor.py:157} INFO - Started process (PID=5664) to work on /home/ubuntu/ec2_customer_chum_venv/lib/python3.10/site-packages/airflow/example_dags/example_sensor_decorator.py
[2023-12-07T17:00:40.251+0000] {processor.py:829} INFO - Processing file /home/ubuntu/ec2_customer_chum_venv/lib/python3.10/site-packages/airflow/example_dags/example_sensor_decorator.py for tasks to queue
[2023-12-07T17:00:40.252+0000] {logging_mixin.py:154} INFO - [2023-12-07T17:00:40.251+0000] {dagbag.py:536} INFO - Filling up the DagBag from /home/ubuntu/ec2_customer_chum_venv/lib/python3.10/site-packages/airflow/example_dags/example_sensor_decorator.py
[2023-12-07T17:00:40.259+0000] {processor.py:839} INFO - DAG(s) dict_keys(['example_sensor_decorator']) retrieved from /home/ubuntu/ec2_customer_chum_venv/lib/python3.10/site-packages/airflow/example_dags/example_sensor_decorator.py
[2023-12-07T17:00:40.276+0000] {logging_mixin.py:154} INFO - [2023-12-07T17:00:40.276+0000] {dag.py:2941} INFO - Sync 1 DAGs
[2023-12-07T17:00:40.288+0000] {logging_mixin.py:154} INFO - [2023-12-07T17:00:40.288+0000] {dag.py:3722} INFO - Setting next_dagrun for example_sensor_decorator to None, run_after=None
[2023-12-07T17:00:40.311+0000] {processor.py:179} INFO - Processing /home/ubuntu/ec2_customer_chum_venv/lib/python3.10/site-packages/airflow/example_dags/example_sensor_decorator.py took 0.065 seconds
[2023-12-07T17:01:26.530+0000] {processor.py:157} INFO - Started process (PID=5712) to work on /home/ubuntu/ec2_customer_chum_venv/lib/python3.10/site-packages/airflow/example_dags/example_sensor_decorator.py
[2023-12-07T17:01:26.532+0000] {processor.py:829} INFO - Processing file /home/ubuntu/ec2_customer_chum_venv/lib/python3.10/site-packages/airflow/example_dags/example_sensor_decorator.py for tasks to queue
[2023-12-07T17:01:26.533+0000] {logging_mixin.py:154} INFO - [2023-12-07T17:01:26.533+0000] {dagbag.py:536} INFO - Filling up the DagBag from /home/ubuntu/ec2_customer_chum_venv/lib/python3.10/site-packages/airflow/example_dags/example_sensor_decorator.py
[2023-12-07T17:01:26.540+0000] {processor.py:839} INFO - DAG(s) dict_keys(['example_sensor_decorator']) retrieved from /home/ubuntu/ec2_customer_chum_venv/lib/python3.10/site-packages/airflow/example_dags/example_sensor_decorator.py
[2023-12-07T17:01:26.558+0000] {logging_mixin.py:154} INFO - [2023-12-07T17:01:26.558+0000] {dag.py:2941} INFO - Sync 1 DAGs
[2023-12-07T17:01:26.570+0000] {logging_mixin.py:154} INFO - [2023-12-07T17:01:26.570+0000] {dag.py:3722} INFO - Setting next_dagrun for example_sensor_decorator to None, run_after=None
[2023-12-07T17:01:26.596+0000] {processor.py:179} INFO - Processing /home/ubuntu/ec2_customer_chum_venv/lib/python3.10/site-packages/airflow/example_dags/example_sensor_decorator.py took 0.069 seconds
[2023-12-07T17:02:12.805+0000] {processor.py:157} INFO - Started process (PID=5758) to work on /home/ubuntu/ec2_customer_chum_venv/lib/python3.10/site-packages/airflow/example_dags/example_sensor_decorator.py
[2023-12-07T17:02:12.806+0000] {processor.py:829} INFO - Processing file /home/ubuntu/ec2_customer_chum_venv/lib/python3.10/site-packages/airflow/example_dags/example_sensor_decorator.py for tasks to queue
[2023-12-07T17:02:12.807+0000] {logging_mixin.py:154} INFO - [2023-12-07T17:02:12.807+0000] {dagbag.py:536} INFO - Filling up the DagBag from /home/ubuntu/ec2_customer_chum_venv/lib/python3.10/site-packages/airflow/example_dags/example_sensor_decorator.py
[2023-12-07T17:02:12.814+0000] {processor.py:839} INFO - DAG(s) dict_keys(['example_sensor_decorator']) retrieved from /home/ubuntu/ec2_customer_chum_venv/lib/python3.10/site-packages/airflow/example_dags/example_sensor_decorator.py
[2023-12-07T17:02:12.831+0000] {logging_mixin.py:154} INFO - [2023-12-07T17:02:12.831+0000] {dag.py:2941} INFO - Sync 1 DAGs
[2023-12-07T17:02:12.843+0000] {logging_mixin.py:154} INFO - [2023-12-07T17:02:12.843+0000] {dag.py:3722} INFO - Setting next_dagrun for example_sensor_decorator to None, run_after=None
[2023-12-07T17:02:12.866+0000] {processor.py:179} INFO - Processing /home/ubuntu/ec2_customer_chum_venv/lib/python3.10/site-packages/airflow/example_dags/example_sensor_decorator.py took 0.065 seconds
[2023-12-07T17:03:00.400+0000] {processor.py:157} INFO - Started process (PID=5806) to work on /home/ubuntu/ec2_customer_chum_venv/lib/python3.10/site-packages/airflow/example_dags/example_sensor_decorator.py
[2023-12-07T17:03:00.401+0000] {processor.py:829} INFO - Processing file /home/ubuntu/ec2_customer_chum_venv/lib/python3.10/site-packages/airflow/example_dags/example_sensor_decorator.py for tasks to queue
[2023-12-07T17:03:00.402+0000] {logging_mixin.py:154} INFO - [2023-12-07T17:03:00.402+0000] {dagbag.py:536} INFO - Filling up the DagBag from /home/ubuntu/ec2_customer_chum_venv/lib/python3.10/site-packages/airflow/example_dags/example_sensor_decorator.py
[2023-12-07T17:03:00.409+0000] {processor.py:839} INFO - DAG(s) dict_keys(['example_sensor_decorator']) retrieved from /home/ubuntu/ec2_customer_chum_venv/lib/python3.10/site-packages/airflow/example_dags/example_sensor_decorator.py
[2023-12-07T17:03:00.427+0000] {logging_mixin.py:154} INFO - [2023-12-07T17:03:00.426+0000] {dag.py:2941} INFO - Sync 1 DAGs
[2023-12-07T17:03:00.439+0000] {logging_mixin.py:154} INFO - [2023-12-07T17:03:00.439+0000] {dag.py:3722} INFO - Setting next_dagrun for example_sensor_decorator to None, run_after=None
[2023-12-07T17:03:00.464+0000] {processor.py:179} INFO - Processing /home/ubuntu/ec2_customer_chum_venv/lib/python3.10/site-packages/airflow/example_dags/example_sensor_decorator.py took 0.068 seconds
[2023-12-07T17:03:46.962+0000] {processor.py:157} INFO - Started process (PID=5855) to work on /home/ubuntu/ec2_customer_chum_venv/lib/python3.10/site-packages/airflow/example_dags/example_sensor_decorator.py
[2023-12-07T17:03:46.963+0000] {processor.py:829} INFO - Processing file /home/ubuntu/ec2_customer_chum_venv/lib/python3.10/site-packages/airflow/example_dags/example_sensor_decorator.py for tasks to queue
[2023-12-07T17:03:46.964+0000] {logging_mixin.py:154} INFO - [2023-12-07T17:03:46.963+0000] {dagbag.py:536} INFO - Filling up the DagBag from /home/ubuntu/ec2_customer_chum_venv/lib/python3.10/site-packages/airflow/example_dags/example_sensor_decorator.py
[2023-12-07T17:03:46.971+0000] {processor.py:839} INFO - DAG(s) dict_keys(['example_sensor_decorator']) retrieved from /home/ubuntu/ec2_customer_chum_venv/lib/python3.10/site-packages/airflow/example_dags/example_sensor_decorator.py
[2023-12-07T17:03:46.988+0000] {logging_mixin.py:154} INFO - [2023-12-07T17:03:46.988+0000] {dag.py:2941} INFO - Sync 1 DAGs
[2023-12-07T17:03:47.000+0000] {logging_mixin.py:154} INFO - [2023-12-07T17:03:47.000+0000] {dag.py:3722} INFO - Setting next_dagrun for example_sensor_decorator to None, run_after=None
[2023-12-07T17:03:47.022+0000] {processor.py:179} INFO - Processing /home/ubuntu/ec2_customer_chum_venv/lib/python3.10/site-packages/airflow/example_dags/example_sensor_decorator.py took 0.064 seconds
[2023-12-07T17:04:29.082+0000] {processor.py:157} INFO - Started process (PID=5897) to work on /home/ubuntu/ec2_customer_chum_venv/lib/python3.10/site-packages/airflow/example_dags/example_sensor_decorator.py
[2023-12-07T17:04:29.084+0000] {processor.py:829} INFO - Processing file /home/ubuntu/ec2_customer_chum_venv/lib/python3.10/site-packages/airflow/example_dags/example_sensor_decorator.py for tasks to queue
[2023-12-07T17:04:29.085+0000] {logging_mixin.py:154} INFO - [2023-12-07T17:04:29.084+0000] {dagbag.py:536} INFO - Filling up the DagBag from /home/ubuntu/ec2_customer_chum_venv/lib/python3.10/site-packages/airflow/example_dags/example_sensor_decorator.py
[2023-12-07T17:04:29.091+0000] {processor.py:839} INFO - DAG(s) dict_keys(['example_sensor_decorator']) retrieved from /home/ubuntu/ec2_customer_chum_venv/lib/python3.10/site-packages/airflow/example_dags/example_sensor_decorator.py
[2023-12-07T17:04:29.107+0000] {logging_mixin.py:154} INFO - [2023-12-07T17:04:29.107+0000] {dag.py:2941} INFO - Sync 1 DAGs
[2023-12-07T17:04:29.119+0000] {logging_mixin.py:154} INFO - [2023-12-07T17:04:29.119+0000] {dag.py:3722} INFO - Setting next_dagrun for example_sensor_decorator to None, run_after=None
[2023-12-07T17:04:29.140+0000] {processor.py:179} INFO - Processing /home/ubuntu/ec2_customer_chum_venv/lib/python3.10/site-packages/airflow/example_dags/example_sensor_decorator.py took 0.061 seconds
[2023-12-07T17:05:13.272+0000] {processor.py:157} INFO - Started process (PID=5946) to work on /home/ubuntu/ec2_customer_chum_venv/lib/python3.10/site-packages/airflow/example_dags/example_sensor_decorator.py
[2023-12-07T17:05:13.273+0000] {processor.py:829} INFO - Processing file /home/ubuntu/ec2_customer_chum_venv/lib/python3.10/site-packages/airflow/example_dags/example_sensor_decorator.py for tasks to queue
[2023-12-07T17:05:13.274+0000] {logging_mixin.py:154} INFO - [2023-12-07T17:05:13.274+0000] {dagbag.py:536} INFO - Filling up the DagBag from /home/ubuntu/ec2_customer_chum_venv/lib/python3.10/site-packages/airflow/example_dags/example_sensor_decorator.py
[2023-12-07T17:05:13.281+0000] {processor.py:839} INFO - DAG(s) dict_keys(['example_sensor_decorator']) retrieved from /home/ubuntu/ec2_customer_chum_venv/lib/python3.10/site-packages/airflow/example_dags/example_sensor_decorator.py
[2023-12-07T17:05:13.298+0000] {logging_mixin.py:154} INFO - [2023-12-07T17:05:13.298+0000] {dag.py:2941} INFO - Sync 1 DAGs
[2023-12-07T17:05:13.311+0000] {logging_mixin.py:154} INFO - [2023-12-07T17:05:13.310+0000] {dag.py:3722} INFO - Setting next_dagrun for example_sensor_decorator to None, run_after=None
[2023-12-07T17:05:13.334+0000] {processor.py:179} INFO - Processing /home/ubuntu/ec2_customer_chum_venv/lib/python3.10/site-packages/airflow/example_dags/example_sensor_decorator.py took 0.065 seconds
[2023-12-07T17:05:56.962+0000] {processor.py:157} INFO - Started process (PID=5991) to work on /home/ubuntu/ec2_customer_chum_venv/lib/python3.10/site-packages/airflow/example_dags/example_sensor_decorator.py
[2023-12-07T17:05:56.964+0000] {processor.py:829} INFO - Processing file /home/ubuntu/ec2_customer_chum_venv/lib/python3.10/site-packages/airflow/example_dags/example_sensor_decorator.py for tasks to queue
[2023-12-07T17:05:56.965+0000] {logging_mixin.py:154} INFO - [2023-12-07T17:05:56.964+0000] {dagbag.py:536} INFO - Filling up the DagBag from /home/ubuntu/ec2_customer_chum_venv/lib/python3.10/site-packages/airflow/example_dags/example_sensor_decorator.py
[2023-12-07T17:05:56.972+0000] {processor.py:839} INFO - DAG(s) dict_keys(['example_sensor_decorator']) retrieved from /home/ubuntu/ec2_customer_chum_venv/lib/python3.10/site-packages/airflow/example_dags/example_sensor_decorator.py
[2023-12-07T17:05:56.990+0000] {logging_mixin.py:154} INFO - [2023-12-07T17:05:56.990+0000] {dag.py:2941} INFO - Sync 1 DAGs
[2023-12-07T17:05:57.004+0000] {logging_mixin.py:154} INFO - [2023-12-07T17:05:57.004+0000] {dag.py:3722} INFO - Setting next_dagrun for example_sensor_decorator to None, run_after=None
[2023-12-07T17:05:57.029+0000] {processor.py:179} INFO - Processing /home/ubuntu/ec2_customer_chum_venv/lib/python3.10/site-packages/airflow/example_dags/example_sensor_decorator.py took 0.070 seconds
[2023-12-07T17:06:41.103+0000] {processor.py:157} INFO - Started process (PID=6037) to work on /home/ubuntu/ec2_customer_chum_venv/lib/python3.10/site-packages/airflow/example_dags/example_sensor_decorator.py
[2023-12-07T17:06:41.104+0000] {processor.py:829} INFO - Processing file /home/ubuntu/ec2_customer_chum_venv/lib/python3.10/site-packages/airflow/example_dags/example_sensor_decorator.py for tasks to queue
[2023-12-07T17:06:41.105+0000] {logging_mixin.py:154} INFO - [2023-12-07T17:06:41.105+0000] {dagbag.py:536} INFO - Filling up the DagBag from /home/ubuntu/ec2_customer_chum_venv/lib/python3.10/site-packages/airflow/example_dags/example_sensor_decorator.py
[2023-12-07T17:06:41.112+0000] {processor.py:839} INFO - DAG(s) dict_keys(['example_sensor_decorator']) retrieved from /home/ubuntu/ec2_customer_chum_venv/lib/python3.10/site-packages/airflow/example_dags/example_sensor_decorator.py
[2023-12-07T17:06:41.130+0000] {logging_mixin.py:154} INFO - [2023-12-07T17:06:41.129+0000] {dag.py:2941} INFO - Sync 1 DAGs
[2023-12-07T17:06:41.142+0000] {logging_mixin.py:154} INFO - [2023-12-07T17:06:41.142+0000] {dag.py:3722} INFO - Setting next_dagrun for example_sensor_decorator to None, run_after=None
[2023-12-07T17:06:41.165+0000] {processor.py:179} INFO - Processing /home/ubuntu/ec2_customer_chum_venv/lib/python3.10/site-packages/airflow/example_dags/example_sensor_decorator.py took 0.066 seconds
[2023-12-07T17:07:30.674+0000] {processor.py:157} INFO - Started process (PID=6087) to work on /home/ubuntu/ec2_customer_chum_venv/lib/python3.10/site-packages/airflow/example_dags/example_sensor_decorator.py
[2023-12-07T17:07:30.675+0000] {processor.py:829} INFO - Processing file /home/ubuntu/ec2_customer_chum_venv/lib/python3.10/site-packages/airflow/example_dags/example_sensor_decorator.py for tasks to queue
[2023-12-07T17:07:30.676+0000] {logging_mixin.py:154} INFO - [2023-12-07T17:07:30.676+0000] {dagbag.py:536} INFO - Filling up the DagBag from /home/ubuntu/ec2_customer_chum_venv/lib/python3.10/site-packages/airflow/example_dags/example_sensor_decorator.py
[2023-12-07T17:07:30.683+0000] {processor.py:839} INFO - DAG(s) dict_keys(['example_sensor_decorator']) retrieved from /home/ubuntu/ec2_customer_chum_venv/lib/python3.10/site-packages/airflow/example_dags/example_sensor_decorator.py
[2023-12-07T17:07:30.700+0000] {logging_mixin.py:154} INFO - [2023-12-07T17:07:30.700+0000] {dag.py:2941} INFO - Sync 1 DAGs
[2023-12-07T17:07:30.712+0000] {logging_mixin.py:154} INFO - [2023-12-07T17:07:30.712+0000] {dag.py:3722} INFO - Setting next_dagrun for example_sensor_decorator to None, run_after=None
[2023-12-07T17:07:30.735+0000] {processor.py:179} INFO - Processing /home/ubuntu/ec2_customer_chum_venv/lib/python3.10/site-packages/airflow/example_dags/example_sensor_decorator.py took 0.065 seconds
[2023-12-07T17:08:16.102+0000] {processor.py:157} INFO - Started process (PID=6133) to work on /home/ubuntu/ec2_customer_chum_venv/lib/python3.10/site-packages/airflow/example_dags/example_sensor_decorator.py
[2023-12-07T17:08:16.103+0000] {processor.py:829} INFO - Processing file /home/ubuntu/ec2_customer_chum_venv/lib/python3.10/site-packages/airflow/example_dags/example_sensor_decorator.py for tasks to queue
[2023-12-07T17:08:16.104+0000] {logging_mixin.py:154} INFO - [2023-12-07T17:08:16.104+0000] {dagbag.py:536} INFO - Filling up the DagBag from /home/ubuntu/ec2_customer_chum_venv/lib/python3.10/site-packages/airflow/example_dags/example_sensor_decorator.py
[2023-12-07T17:08:16.111+0000] {processor.py:839} INFO - DAG(s) dict_keys(['example_sensor_decorator']) retrieved from /home/ubuntu/ec2_customer_chum_venv/lib/python3.10/site-packages/airflow/example_dags/example_sensor_decorator.py
[2023-12-07T17:08:16.128+0000] {logging_mixin.py:154} INFO - [2023-12-07T17:08:16.128+0000] {dag.py:2941} INFO - Sync 1 DAGs
[2023-12-07T17:08:16.140+0000] {logging_mixin.py:154} INFO - [2023-12-07T17:08:16.140+0000] {dag.py:3722} INFO - Setting next_dagrun for example_sensor_decorator to None, run_after=None
[2023-12-07T17:08:16.164+0000] {processor.py:179} INFO - Processing /home/ubuntu/ec2_customer_chum_venv/lib/python3.10/site-packages/airflow/example_dags/example_sensor_decorator.py took 0.066 seconds
[2023-12-07T17:09:01.531+0000] {processor.py:157} INFO - Started process (PID=6180) to work on /home/ubuntu/ec2_customer_chum_venv/lib/python3.10/site-packages/airflow/example_dags/example_sensor_decorator.py
[2023-12-07T17:09:01.532+0000] {processor.py:829} INFO - Processing file /home/ubuntu/ec2_customer_chum_venv/lib/python3.10/site-packages/airflow/example_dags/example_sensor_decorator.py for tasks to queue
[2023-12-07T17:09:01.533+0000] {logging_mixin.py:154} INFO - [2023-12-07T17:09:01.533+0000] {dagbag.py:536} INFO - Filling up the DagBag from /home/ubuntu/ec2_customer_chum_venv/lib/python3.10/site-packages/airflow/example_dags/example_sensor_decorator.py
[2023-12-07T17:09:01.540+0000] {processor.py:839} INFO - DAG(s) dict_keys(['example_sensor_decorator']) retrieved from /home/ubuntu/ec2_customer_chum_venv/lib/python3.10/site-packages/airflow/example_dags/example_sensor_decorator.py
[2023-12-07T17:09:01.557+0000] {logging_mixin.py:154} INFO - [2023-12-07T17:09:01.557+0000] {dag.py:2941} INFO - Sync 1 DAGs
[2023-12-07T17:09:01.570+0000] {logging_mixin.py:154} INFO - [2023-12-07T17:09:01.570+0000] {dag.py:3722} INFO - Setting next_dagrun for example_sensor_decorator to None, run_after=None
[2023-12-07T17:09:01.680+0000] {processor.py:179} INFO - Processing /home/ubuntu/ec2_customer_chum_venv/lib/python3.10/site-packages/airflow/example_dags/example_sensor_decorator.py took 0.153 seconds
[2023-12-07T17:09:45.726+0000] {processor.py:157} INFO - Started process (PID=6226) to work on /home/ubuntu/ec2_customer_chum_venv/lib/python3.10/site-packages/airflow/example_dags/example_sensor_decorator.py
[2023-12-07T17:09:45.728+0000] {processor.py:829} INFO - Processing file /home/ubuntu/ec2_customer_chum_venv/lib/python3.10/site-packages/airflow/example_dags/example_sensor_decorator.py for tasks to queue
[2023-12-07T17:09:45.729+0000] {logging_mixin.py:154} INFO - [2023-12-07T17:09:45.728+0000] {dagbag.py:536} INFO - Filling up the DagBag from /home/ubuntu/ec2_customer_chum_venv/lib/python3.10/site-packages/airflow/example_dags/example_sensor_decorator.py
[2023-12-07T17:09:45.735+0000] {processor.py:839} INFO - DAG(s) dict_keys(['example_sensor_decorator']) retrieved from /home/ubuntu/ec2_customer_chum_venv/lib/python3.10/site-packages/airflow/example_dags/example_sensor_decorator.py
[2023-12-07T17:09:45.752+0000] {logging_mixin.py:154} INFO - [2023-12-07T17:09:45.752+0000] {dag.py:2941} INFO - Sync 1 DAGs
[2023-12-07T17:09:45.765+0000] {logging_mixin.py:154} INFO - [2023-12-07T17:09:45.764+0000] {dag.py:3722} INFO - Setting next_dagrun for example_sensor_decorator to None, run_after=None
[2023-12-07T17:09:45.788+0000] {processor.py:179} INFO - Processing /home/ubuntu/ec2_customer_chum_venv/lib/python3.10/site-packages/airflow/example_dags/example_sensor_decorator.py took 0.066 seconds
[2023-12-07T17:10:30.954+0000] {processor.py:157} INFO - Started process (PID=6271) to work on /home/ubuntu/ec2_customer_chum_venv/lib/python3.10/site-packages/airflow/example_dags/example_sensor_decorator.py
[2023-12-07T17:10:30.956+0000] {processor.py:829} INFO - Processing file /home/ubuntu/ec2_customer_chum_venv/lib/python3.10/site-packages/airflow/example_dags/example_sensor_decorator.py for tasks to queue
[2023-12-07T17:10:30.957+0000] {logging_mixin.py:154} INFO - [2023-12-07T17:10:30.956+0000] {dagbag.py:536} INFO - Filling up the DagBag from /home/ubuntu/ec2_customer_chum_venv/lib/python3.10/site-packages/airflow/example_dags/example_sensor_decorator.py
[2023-12-07T17:10:30.964+0000] {processor.py:839} INFO - DAG(s) dict_keys(['example_sensor_decorator']) retrieved from /home/ubuntu/ec2_customer_chum_venv/lib/python3.10/site-packages/airflow/example_dags/example_sensor_decorator.py
[2023-12-07T17:10:30.981+0000] {logging_mixin.py:154} INFO - [2023-12-07T17:10:30.980+0000] {dag.py:2941} INFO - Sync 1 DAGs
[2023-12-07T17:10:30.993+0000] {logging_mixin.py:154} INFO - [2023-12-07T17:10:30.993+0000] {dag.py:3722} INFO - Setting next_dagrun for example_sensor_decorator to None, run_after=None
[2023-12-07T17:10:31.017+0000] {processor.py:179} INFO - Processing /home/ubuntu/ec2_customer_chum_venv/lib/python3.10/site-packages/airflow/example_dags/example_sensor_decorator.py took 0.066 seconds
[2023-12-07T17:11:15.014+0000] {processor.py:157} INFO - Started process (PID=6317) to work on /home/ubuntu/ec2_customer_chum_venv/lib/python3.10/site-packages/airflow/example_dags/example_sensor_decorator.py
[2023-12-07T17:11:15.016+0000] {processor.py:829} INFO - Processing file /home/ubuntu/ec2_customer_chum_venv/lib/python3.10/site-packages/airflow/example_dags/example_sensor_decorator.py for tasks to queue
[2023-12-07T17:11:15.018+0000] {logging_mixin.py:154} INFO - [2023-12-07T17:11:15.017+0000] {dagbag.py:536} INFO - Filling up the DagBag from /home/ubuntu/ec2_customer_chum_venv/lib/python3.10/site-packages/airflow/example_dags/example_sensor_decorator.py
[2023-12-07T17:11:15.031+0000] {processor.py:839} INFO - DAG(s) dict_keys(['example_sensor_decorator']) retrieved from /home/ubuntu/ec2_customer_chum_venv/lib/python3.10/site-packages/airflow/example_dags/example_sensor_decorator.py
[2023-12-07T17:11:15.050+0000] {logging_mixin.py:154} INFO - [2023-12-07T17:11:15.050+0000] {dag.py:2941} INFO - Sync 1 DAGs
[2023-12-07T17:11:15.063+0000] {logging_mixin.py:154} INFO - [2023-12-07T17:11:15.063+0000] {dag.py:3722} INFO - Setting next_dagrun for example_sensor_decorator to None, run_after=None
[2023-12-07T17:11:15.090+0000] {processor.py:179} INFO - Processing /home/ubuntu/ec2_customer_chum_venv/lib/python3.10/site-packages/airflow/example_dags/example_sensor_decorator.py took 0.080 seconds
[2023-12-07T17:12:01.514+0000] {processor.py:157} INFO - Started process (PID=6370) to work on /home/ubuntu/ec2_customer_chum_venv/lib/python3.10/site-packages/airflow/example_dags/example_sensor_decorator.py
[2023-12-07T17:12:01.515+0000] {processor.py:829} INFO - Processing file /home/ubuntu/ec2_customer_chum_venv/lib/python3.10/site-packages/airflow/example_dags/example_sensor_decorator.py for tasks to queue
[2023-12-07T17:12:01.516+0000] {logging_mixin.py:154} INFO - [2023-12-07T17:12:01.516+0000] {dagbag.py:536} INFO - Filling up the DagBag from /home/ubuntu/ec2_customer_chum_venv/lib/python3.10/site-packages/airflow/example_dags/example_sensor_decorator.py
[2023-12-07T17:12:01.523+0000] {processor.py:839} INFO - DAG(s) dict_keys(['example_sensor_decorator']) retrieved from /home/ubuntu/ec2_customer_chum_venv/lib/python3.10/site-packages/airflow/example_dags/example_sensor_decorator.py
[2023-12-07T17:12:01.541+0000] {logging_mixin.py:154} INFO - [2023-12-07T17:12:01.541+0000] {dag.py:2941} INFO - Sync 1 DAGs
[2023-12-07T17:12:01.555+0000] {logging_mixin.py:154} INFO - [2023-12-07T17:12:01.554+0000] {dag.py:3722} INFO - Setting next_dagrun for example_sensor_decorator to None, run_after=None
[2023-12-07T17:12:01.582+0000] {processor.py:179} INFO - Processing /home/ubuntu/ec2_customer_chum_venv/lib/python3.10/site-packages/airflow/example_dags/example_sensor_decorator.py took 0.071 seconds
[2023-12-07T17:12:47.693+0000] {processor.py:157} INFO - Started process (PID=6417) to work on /home/ubuntu/ec2_customer_chum_venv/lib/python3.10/site-packages/airflow/example_dags/example_sensor_decorator.py
[2023-12-07T17:12:47.694+0000] {processor.py:829} INFO - Processing file /home/ubuntu/ec2_customer_chum_venv/lib/python3.10/site-packages/airflow/example_dags/example_sensor_decorator.py for tasks to queue
[2023-12-07T17:12:47.695+0000] {logging_mixin.py:154} INFO - [2023-12-07T17:12:47.695+0000] {dagbag.py:536} INFO - Filling up the DagBag from /home/ubuntu/ec2_customer_chum_venv/lib/python3.10/site-packages/airflow/example_dags/example_sensor_decorator.py
[2023-12-07T17:12:47.702+0000] {processor.py:839} INFO - DAG(s) dict_keys(['example_sensor_decorator']) retrieved from /home/ubuntu/ec2_customer_chum_venv/lib/python3.10/site-packages/airflow/example_dags/example_sensor_decorator.py
[2023-12-07T17:12:47.719+0000] {logging_mixin.py:154} INFO - [2023-12-07T17:12:47.719+0000] {dag.py:2941} INFO - Sync 1 DAGs
[2023-12-07T17:12:47.731+0000] {logging_mixin.py:154} INFO - [2023-12-07T17:12:47.731+0000] {dag.py:3722} INFO - Setting next_dagrun for example_sensor_decorator to None, run_after=None
[2023-12-07T17:12:47.756+0000] {processor.py:179} INFO - Processing /home/ubuntu/ec2_customer_chum_venv/lib/python3.10/site-packages/airflow/example_dags/example_sensor_decorator.py took 0.066 seconds
[2023-12-07T17:13:34.151+0000] {processor.py:157} INFO - Started process (PID=6552) to work on /home/ubuntu/ec2_customer_chum_venv/lib/python3.10/site-packages/airflow/example_dags/example_sensor_decorator.py
[2023-12-07T17:13:34.153+0000] {processor.py:829} INFO - Processing file /home/ubuntu/ec2_customer_chum_venv/lib/python3.10/site-packages/airflow/example_dags/example_sensor_decorator.py for tasks to queue
[2023-12-07T17:13:34.154+0000] {logging_mixin.py:154} INFO - [2023-12-07T17:13:34.153+0000] {dagbag.py:536} INFO - Filling up the DagBag from /home/ubuntu/ec2_customer_chum_venv/lib/python3.10/site-packages/airflow/example_dags/example_sensor_decorator.py
[2023-12-07T17:13:34.161+0000] {processor.py:839} INFO - DAG(s) dict_keys(['example_sensor_decorator']) retrieved from /home/ubuntu/ec2_customer_chum_venv/lib/python3.10/site-packages/airflow/example_dags/example_sensor_decorator.py
[2023-12-07T17:13:34.178+0000] {logging_mixin.py:154} INFO - [2023-12-07T17:13:34.178+0000] {dag.py:2941} INFO - Sync 1 DAGs
[2023-12-07T17:13:34.191+0000] {logging_mixin.py:154} INFO - [2023-12-07T17:13:34.190+0000] {dag.py:3722} INFO - Setting next_dagrun for example_sensor_decorator to None, run_after=None
[2023-12-07T17:13:34.218+0000] {processor.py:179} INFO - Processing /home/ubuntu/ec2_customer_chum_venv/lib/python3.10/site-packages/airflow/example_dags/example_sensor_decorator.py took 0.070 seconds
[2023-12-07T17:14:14.722+0000] {processor.py:157} INFO - Started process (PID=6595) to work on /home/ubuntu/ec2_customer_chum_venv/lib/python3.10/site-packages/airflow/example_dags/example_sensor_decorator.py
[2023-12-07T17:14:14.723+0000] {processor.py:829} INFO - Processing file /home/ubuntu/ec2_customer_chum_venv/lib/python3.10/site-packages/airflow/example_dags/example_sensor_decorator.py for tasks to queue
[2023-12-07T17:14:14.724+0000] {logging_mixin.py:154} INFO - [2023-12-07T17:14:14.723+0000] {dagbag.py:536} INFO - Filling up the DagBag from /home/ubuntu/ec2_customer_chum_venv/lib/python3.10/site-packages/airflow/example_dags/example_sensor_decorator.py
[2023-12-07T17:14:14.731+0000] {processor.py:839} INFO - DAG(s) dict_keys(['example_sensor_decorator']) retrieved from /home/ubuntu/ec2_customer_chum_venv/lib/python3.10/site-packages/airflow/example_dags/example_sensor_decorator.py
[2023-12-07T17:14:14.747+0000] {logging_mixin.py:154} INFO - [2023-12-07T17:14:14.747+0000] {dag.py:2941} INFO - Sync 1 DAGs
[2023-12-07T17:14:14.759+0000] {logging_mixin.py:154} INFO - [2023-12-07T17:14:14.759+0000] {dag.py:3722} INFO - Setting next_dagrun for example_sensor_decorator to None, run_after=None
[2023-12-07T17:14:14.781+0000] {processor.py:179} INFO - Processing /home/ubuntu/ec2_customer_chum_venv/lib/python3.10/site-packages/airflow/example_dags/example_sensor_decorator.py took 0.062 seconds
[2023-12-07T17:14:58.795+0000] {processor.py:157} INFO - Started process (PID=6706) to work on /home/ubuntu/ec2_customer_chum_venv/lib/python3.10/site-packages/airflow/example_dags/example_sensor_decorator.py
[2023-12-07T17:14:58.797+0000] {processor.py:829} INFO - Processing file /home/ubuntu/ec2_customer_chum_venv/lib/python3.10/site-packages/airflow/example_dags/example_sensor_decorator.py for tasks to queue
[2023-12-07T17:14:58.797+0000] {logging_mixin.py:154} INFO - [2023-12-07T17:14:58.797+0000] {dagbag.py:536} INFO - Filling up the DagBag from /home/ubuntu/ec2_customer_chum_venv/lib/python3.10/site-packages/airflow/example_dags/example_sensor_decorator.py
[2023-12-07T17:14:58.804+0000] {processor.py:839} INFO - DAG(s) dict_keys(['example_sensor_decorator']) retrieved from /home/ubuntu/ec2_customer_chum_venv/lib/python3.10/site-packages/airflow/example_dags/example_sensor_decorator.py
[2023-12-07T17:14:58.821+0000] {logging_mixin.py:154} INFO - [2023-12-07T17:14:58.821+0000] {dag.py:2941} INFO - Sync 1 DAGs
[2023-12-07T17:14:58.833+0000] {logging_mixin.py:154} INFO - [2023-12-07T17:14:58.833+0000] {dag.py:3722} INFO - Setting next_dagrun for example_sensor_decorator to None, run_after=None
[2023-12-07T17:14:58.856+0000] {processor.py:179} INFO - Processing /home/ubuntu/ec2_customer_chum_venv/lib/python3.10/site-packages/airflow/example_dags/example_sensor_decorator.py took 0.064 seconds
