[2023-12-07T16:49:22.640+0000] {processor.py:157} INFO - Started process (PID=4978) to work on /home/ubuntu/ec2_customer_chum_venv/lib/python3.10/site-packages/airflow/example_dags/example_short_circuit_decorator.py
[2023-12-07T16:49:22.641+0000] {processor.py:829} INFO - Processing file /home/ubuntu/ec2_customer_chum_venv/lib/python3.10/site-packages/airflow/example_dags/example_short_circuit_decorator.py for tasks to queue
[2023-12-07T16:49:22.642+0000] {logging_mixin.py:154} INFO - [2023-12-07T16:49:22.642+0000] {dagbag.py:536} INFO - Filling up the DagBag from /home/ubuntu/ec2_customer_chum_venv/lib/python3.10/site-packages/airflow/example_dags/example_short_circuit_decorator.py
[2023-12-07T16:49:22.655+0000] {processor.py:839} INFO - DAG(s) dict_keys(['example_short_circuit_decorator']) retrieved from /home/ubuntu/ec2_customer_chum_venv/lib/python3.10/site-packages/airflow/example_dags/example_short_circuit_decorator.py
[2023-12-07T16:49:22.771+0000] {logging_mixin.py:154} INFO - [2023-12-07T16:49:22.771+0000] {manager.py:499} INFO - Created Permission View: %s
[2023-12-07T16:49:22.806+0000] {logging_mixin.py:154} INFO - [2023-12-07T16:49:22.806+0000] {manager.py:499} INFO - Created Permission View: %s
[2023-12-07T16:49:22.817+0000] {logging_mixin.py:154} INFO - [2023-12-07T16:49:22.817+0000] {manager.py:499} INFO - Created Permission View: %s
[2023-12-07T16:49:22.818+0000] {logging_mixin.py:154} INFO - [2023-12-07T16:49:22.817+0000] {dag.py:2941} INFO - Sync 1 DAGs
[2023-12-07T16:49:22.830+0000] {logging_mixin.py:154} INFO - [2023-12-07T16:49:22.830+0000] {dag.py:2963} INFO - Creating ORM DAG for example_short_circuit_decorator
[2023-12-07T16:49:22.840+0000] {logging_mixin.py:154} INFO - [2023-12-07T16:49:22.839+0000] {dag.py:3722} INFO - Setting next_dagrun for example_short_circuit_decorator to 2023-12-06T16:49:22.839598+00:00, run_after=2023-12-07T16:49:22.839598+00:00
[2023-12-07T16:49:22.863+0000] {processor.py:179} INFO - Processing /home/ubuntu/ec2_customer_chum_venv/lib/python3.10/site-packages/airflow/example_dags/example_short_circuit_decorator.py took 0.226 seconds
[2023-12-07T16:50:12.829+0000] {processor.py:157} INFO - Started process (PID=5024) to work on /home/ubuntu/ec2_customer_chum_venv/lib/python3.10/site-packages/airflow/example_dags/example_short_circuit_decorator.py
[2023-12-07T16:50:12.830+0000] {processor.py:829} INFO - Processing file /home/ubuntu/ec2_customer_chum_venv/lib/python3.10/site-packages/airflow/example_dags/example_short_circuit_decorator.py for tasks to queue
[2023-12-07T16:50:12.831+0000] {logging_mixin.py:154} INFO - [2023-12-07T16:50:12.831+0000] {dagbag.py:536} INFO - Filling up the DagBag from /home/ubuntu/ec2_customer_chum_venv/lib/python3.10/site-packages/airflow/example_dags/example_short_circuit_decorator.py
[2023-12-07T16:50:12.842+0000] {processor.py:839} INFO - DAG(s) dict_keys(['example_short_circuit_decorator']) retrieved from /home/ubuntu/ec2_customer_chum_venv/lib/python3.10/site-packages/airflow/example_dags/example_short_circuit_decorator.py
[2023-12-07T16:50:12.862+0000] {logging_mixin.py:154} INFO - [2023-12-07T16:50:12.862+0000] {dag.py:2941} INFO - Sync 1 DAGs
[2023-12-07T16:50:12.883+0000] {logging_mixin.py:154} INFO - [2023-12-07T16:50:12.883+0000] {dag.py:3722} INFO - Setting next_dagrun for example_short_circuit_decorator to 2023-12-06T16:50:12.883258+00:00, run_after=2023-12-07T16:50:12.883258+00:00
[2023-12-07T16:50:12.908+0000] {processor.py:179} INFO - Processing /home/ubuntu/ec2_customer_chum_venv/lib/python3.10/site-packages/airflow/example_dags/example_short_circuit_decorator.py took 0.082 seconds
[2023-12-07T16:50:59.477+0000] {processor.py:157} INFO - Started process (PID=5070) to work on /home/ubuntu/ec2_customer_chum_venv/lib/python3.10/site-packages/airflow/example_dags/example_short_circuit_decorator.py
[2023-12-07T16:50:59.478+0000] {processor.py:829} INFO - Processing file /home/ubuntu/ec2_customer_chum_venv/lib/python3.10/site-packages/airflow/example_dags/example_short_circuit_decorator.py for tasks to queue
[2023-12-07T16:50:59.479+0000] {logging_mixin.py:154} INFO - [2023-12-07T16:50:59.479+0000] {dagbag.py:536} INFO - Filling up the DagBag from /home/ubuntu/ec2_customer_chum_venv/lib/python3.10/site-packages/airflow/example_dags/example_short_circuit_decorator.py
[2023-12-07T16:50:59.490+0000] {processor.py:839} INFO - DAG(s) dict_keys(['example_short_circuit_decorator']) retrieved from /home/ubuntu/ec2_customer_chum_venv/lib/python3.10/site-packages/airflow/example_dags/example_short_circuit_decorator.py
[2023-12-07T16:50:59.510+0000] {logging_mixin.py:154} INFO - [2023-12-07T16:50:59.509+0000] {dag.py:2941} INFO - Sync 1 DAGs
[2023-12-07T16:50:59.531+0000] {logging_mixin.py:154} INFO - [2023-12-07T16:50:59.530+0000] {dag.py:3722} INFO - Setting next_dagrun for example_short_circuit_decorator to 2023-12-06T16:50:59.530527+00:00, run_after=2023-12-07T16:50:59.530527+00:00
[2023-12-07T16:50:59.553+0000] {processor.py:179} INFO - Processing /home/ubuntu/ec2_customer_chum_venv/lib/python3.10/site-packages/airflow/example_dags/example_short_circuit_decorator.py took 0.080 seconds
[2023-12-07T16:51:48.110+0000] {processor.py:157} INFO - Started process (PID=5120) to work on /home/ubuntu/ec2_customer_chum_venv/lib/python3.10/site-packages/airflow/example_dags/example_short_circuit_decorator.py
[2023-12-07T16:51:48.111+0000] {processor.py:829} INFO - Processing file /home/ubuntu/ec2_customer_chum_venv/lib/python3.10/site-packages/airflow/example_dags/example_short_circuit_decorator.py for tasks to queue
[2023-12-07T16:51:48.112+0000] {logging_mixin.py:154} INFO - [2023-12-07T16:51:48.112+0000] {dagbag.py:536} INFO - Filling up the DagBag from /home/ubuntu/ec2_customer_chum_venv/lib/python3.10/site-packages/airflow/example_dags/example_short_circuit_decorator.py
[2023-12-07T16:51:48.122+0000] {processor.py:839} INFO - DAG(s) dict_keys(['example_short_circuit_decorator']) retrieved from /home/ubuntu/ec2_customer_chum_venv/lib/python3.10/site-packages/airflow/example_dags/example_short_circuit_decorator.py
[2023-12-07T16:51:48.142+0000] {logging_mixin.py:154} INFO - [2023-12-07T16:51:48.142+0000] {dag.py:2941} INFO - Sync 1 DAGs
[2023-12-07T16:51:48.163+0000] {logging_mixin.py:154} INFO - [2023-12-07T16:51:48.163+0000] {dag.py:3722} INFO - Setting next_dagrun for example_short_circuit_decorator to 2023-12-06T16:51:48.162824+00:00, run_after=2023-12-07T16:51:48.162824+00:00
[2023-12-07T16:51:48.186+0000] {processor.py:179} INFO - Processing /home/ubuntu/ec2_customer_chum_venv/lib/python3.10/site-packages/airflow/example_dags/example_short_circuit_decorator.py took 0.080 seconds
[2023-12-07T16:52:37.109+0000] {processor.py:157} INFO - Started process (PID=5172) to work on /home/ubuntu/ec2_customer_chum_venv/lib/python3.10/site-packages/airflow/example_dags/example_short_circuit_decorator.py
[2023-12-07T16:52:37.111+0000] {processor.py:829} INFO - Processing file /home/ubuntu/ec2_customer_chum_venv/lib/python3.10/site-packages/airflow/example_dags/example_short_circuit_decorator.py for tasks to queue
[2023-12-07T16:52:37.112+0000] {logging_mixin.py:154} INFO - [2023-12-07T16:52:37.111+0000] {dagbag.py:536} INFO - Filling up the DagBag from /home/ubuntu/ec2_customer_chum_venv/lib/python3.10/site-packages/airflow/example_dags/example_short_circuit_decorator.py
[2023-12-07T16:52:37.122+0000] {processor.py:839} INFO - DAG(s) dict_keys(['example_short_circuit_decorator']) retrieved from /home/ubuntu/ec2_customer_chum_venv/lib/python3.10/site-packages/airflow/example_dags/example_short_circuit_decorator.py
[2023-12-07T16:52:37.142+0000] {logging_mixin.py:154} INFO - [2023-12-07T16:52:37.142+0000] {dag.py:2941} INFO - Sync 1 DAGs
[2023-12-07T16:52:37.164+0000] {logging_mixin.py:154} INFO - [2023-12-07T16:52:37.163+0000] {dag.py:3722} INFO - Setting next_dagrun for example_short_circuit_decorator to 2023-12-06T16:52:37.163563+00:00, run_after=2023-12-07T16:52:37.163563+00:00
[2023-12-07T16:52:37.189+0000] {processor.py:179} INFO - Processing /home/ubuntu/ec2_customer_chum_venv/lib/python3.10/site-packages/airflow/example_dags/example_short_circuit_decorator.py took 0.083 seconds
[2023-12-07T16:53:55.878+0000] {processor.py:157} INFO - Started process (PID=5240) to work on /home/ubuntu/ec2_customer_chum_venv/lib/python3.10/site-packages/airflow/example_dags/example_short_circuit_decorator.py
[2023-12-07T16:53:55.880+0000] {processor.py:829} INFO - Processing file /home/ubuntu/ec2_customer_chum_venv/lib/python3.10/site-packages/airflow/example_dags/example_short_circuit_decorator.py for tasks to queue
[2023-12-07T16:53:55.881+0000] {logging_mixin.py:154} INFO - [2023-12-07T16:53:55.880+0000] {dagbag.py:536} INFO - Filling up the DagBag from /home/ubuntu/ec2_customer_chum_venv/lib/python3.10/site-packages/airflow/example_dags/example_short_circuit_decorator.py
[2023-12-07T16:53:55.893+0000] {processor.py:839} INFO - DAG(s) dict_keys(['example_short_circuit_decorator']) retrieved from /home/ubuntu/ec2_customer_chum_venv/lib/python3.10/site-packages/airflow/example_dags/example_short_circuit_decorator.py
[2023-12-07T16:53:55.902+0000] {logging_mixin.py:154} INFO - [2023-12-07T16:53:55.902+0000] {dag.py:2941} INFO - Sync 1 DAGs
[2023-12-07T16:53:55.924+0000] {logging_mixin.py:154} INFO - [2023-12-07T16:53:55.923+0000] {dag.py:3722} INFO - Setting next_dagrun for example_short_circuit_decorator to 2023-12-06T16:53:55.923477+00:00, run_after=2023-12-07T16:53:55.923477+00:00
[2023-12-07T16:53:55.948+0000] {processor.py:179} INFO - Processing /home/ubuntu/ec2_customer_chum_venv/lib/python3.10/site-packages/airflow/example_dags/example_short_circuit_decorator.py took 0.072 seconds
[2023-12-07T16:54:40.228+0000] {processor.py:157} INFO - Started process (PID=5289) to work on /home/ubuntu/ec2_customer_chum_venv/lib/python3.10/site-packages/airflow/example_dags/example_short_circuit_decorator.py
[2023-12-07T16:54:40.229+0000] {processor.py:829} INFO - Processing file /home/ubuntu/ec2_customer_chum_venv/lib/python3.10/site-packages/airflow/example_dags/example_short_circuit_decorator.py for tasks to queue
[2023-12-07T16:54:40.230+0000] {logging_mixin.py:154} INFO - [2023-12-07T16:54:40.230+0000] {dagbag.py:536} INFO - Filling up the DagBag from /home/ubuntu/ec2_customer_chum_venv/lib/python3.10/site-packages/airflow/example_dags/example_short_circuit_decorator.py
[2023-12-07T16:54:40.240+0000] {processor.py:839} INFO - DAG(s) dict_keys(['example_short_circuit_decorator']) retrieved from /home/ubuntu/ec2_customer_chum_venv/lib/python3.10/site-packages/airflow/example_dags/example_short_circuit_decorator.py
[2023-12-07T16:54:40.260+0000] {logging_mixin.py:154} INFO - [2023-12-07T16:54:40.260+0000] {dag.py:2941} INFO - Sync 1 DAGs
[2023-12-07T16:54:40.281+0000] {logging_mixin.py:154} INFO - [2023-12-07T16:54:40.281+0000] {dag.py:3722} INFO - Setting next_dagrun for example_short_circuit_decorator to 2023-12-06T16:54:40.280995+00:00, run_after=2023-12-07T16:54:40.280995+00:00
[2023-12-07T16:54:40.304+0000] {processor.py:179} INFO - Processing /home/ubuntu/ec2_customer_chum_venv/lib/python3.10/site-packages/airflow/example_dags/example_short_circuit_decorator.py took 0.079 seconds
[2023-12-07T16:55:25.506+0000] {processor.py:157} INFO - Started process (PID=5336) to work on /home/ubuntu/ec2_customer_chum_venv/lib/python3.10/site-packages/airflow/example_dags/example_short_circuit_decorator.py
[2023-12-07T16:55:25.508+0000] {processor.py:829} INFO - Processing file /home/ubuntu/ec2_customer_chum_venv/lib/python3.10/site-packages/airflow/example_dags/example_short_circuit_decorator.py for tasks to queue
[2023-12-07T16:55:25.509+0000] {logging_mixin.py:154} INFO - [2023-12-07T16:55:25.508+0000] {dagbag.py:536} INFO - Filling up the DagBag from /home/ubuntu/ec2_customer_chum_venv/lib/python3.10/site-packages/airflow/example_dags/example_short_circuit_decorator.py
[2023-12-07T16:55:25.519+0000] {processor.py:839} INFO - DAG(s) dict_keys(['example_short_circuit_decorator']) retrieved from /home/ubuntu/ec2_customer_chum_venv/lib/python3.10/site-packages/airflow/example_dags/example_short_circuit_decorator.py
[2023-12-07T16:55:25.539+0000] {logging_mixin.py:154} INFO - [2023-12-07T16:55:25.539+0000] {dag.py:2941} INFO - Sync 1 DAGs
[2023-12-07T16:55:25.560+0000] {logging_mixin.py:154} INFO - [2023-12-07T16:55:25.560+0000] {dag.py:3722} INFO - Setting next_dagrun for example_short_circuit_decorator to 2023-12-06T16:55:25.559839+00:00, run_after=2023-12-07T16:55:25.559839+00:00
[2023-12-07T16:55:25.585+0000] {processor.py:179} INFO - Processing /home/ubuntu/ec2_customer_chum_venv/lib/python3.10/site-packages/airflow/example_dags/example_short_circuit_decorator.py took 0.083 seconds
[2023-12-07T16:56:10.707+0000] {processor.py:157} INFO - Started process (PID=5382) to work on /home/ubuntu/ec2_customer_chum_venv/lib/python3.10/site-packages/airflow/example_dags/example_short_circuit_decorator.py
[2023-12-07T16:56:10.708+0000] {processor.py:829} INFO - Processing file /home/ubuntu/ec2_customer_chum_venv/lib/python3.10/site-packages/airflow/example_dags/example_short_circuit_decorator.py for tasks to queue
[2023-12-07T16:56:10.709+0000] {logging_mixin.py:154} INFO - [2023-12-07T16:56:10.709+0000] {dagbag.py:536} INFO - Filling up the DagBag from /home/ubuntu/ec2_customer_chum_venv/lib/python3.10/site-packages/airflow/example_dags/example_short_circuit_decorator.py
[2023-12-07T16:56:10.720+0000] {processor.py:839} INFO - DAG(s) dict_keys(['example_short_circuit_decorator']) retrieved from /home/ubuntu/ec2_customer_chum_venv/lib/python3.10/site-packages/airflow/example_dags/example_short_circuit_decorator.py
[2023-12-07T16:56:10.740+0000] {logging_mixin.py:154} INFO - [2023-12-07T16:56:10.740+0000] {dag.py:2941} INFO - Sync 1 DAGs
[2023-12-07T16:56:10.762+0000] {logging_mixin.py:154} INFO - [2023-12-07T16:56:10.761+0000] {dag.py:3722} INFO - Setting next_dagrun for example_short_circuit_decorator to 2023-12-06T16:56:10.761400+00:00, run_after=2023-12-07T16:56:10.761400+00:00
[2023-12-07T16:56:10.788+0000] {processor.py:179} INFO - Processing /home/ubuntu/ec2_customer_chum_venv/lib/python3.10/site-packages/airflow/example_dags/example_short_circuit_decorator.py took 0.085 seconds
[2023-12-07T16:56:53.060+0000] {processor.py:157} INFO - Started process (PID=5428) to work on /home/ubuntu/ec2_customer_chum_venv/lib/python3.10/site-packages/airflow/example_dags/example_short_circuit_decorator.py
[2023-12-07T16:56:53.062+0000] {processor.py:829} INFO - Processing file /home/ubuntu/ec2_customer_chum_venv/lib/python3.10/site-packages/airflow/example_dags/example_short_circuit_decorator.py for tasks to queue
[2023-12-07T16:56:53.062+0000] {logging_mixin.py:154} INFO - [2023-12-07T16:56:53.062+0000] {dagbag.py:536} INFO - Filling up the DagBag from /home/ubuntu/ec2_customer_chum_venv/lib/python3.10/site-packages/airflow/example_dags/example_short_circuit_decorator.py
[2023-12-07T16:56:53.073+0000] {processor.py:839} INFO - DAG(s) dict_keys(['example_short_circuit_decorator']) retrieved from /home/ubuntu/ec2_customer_chum_venv/lib/python3.10/site-packages/airflow/example_dags/example_short_circuit_decorator.py
[2023-12-07T16:56:53.093+0000] {logging_mixin.py:154} INFO - [2023-12-07T16:56:53.092+0000] {dag.py:2941} INFO - Sync 1 DAGs
[2023-12-07T16:56:53.113+0000] {logging_mixin.py:154} INFO - [2023-12-07T16:56:53.112+0000] {dag.py:3722} INFO - Setting next_dagrun for example_short_circuit_decorator to 2023-12-06T16:56:53.112595+00:00, run_after=2023-12-07T16:56:53.112595+00:00
[2023-12-07T16:56:53.136+0000] {processor.py:179} INFO - Processing /home/ubuntu/ec2_customer_chum_venv/lib/python3.10/site-packages/airflow/example_dags/example_short_circuit_decorator.py took 0.080 seconds
[2023-12-07T16:57:38.900+0000] {processor.py:157} INFO - Started process (PID=5475) to work on /home/ubuntu/ec2_customer_chum_venv/lib/python3.10/site-packages/airflow/example_dags/example_short_circuit_decorator.py
[2023-12-07T16:57:38.901+0000] {processor.py:829} INFO - Processing file /home/ubuntu/ec2_customer_chum_venv/lib/python3.10/site-packages/airflow/example_dags/example_short_circuit_decorator.py for tasks to queue
[2023-12-07T16:57:38.902+0000] {logging_mixin.py:154} INFO - [2023-12-07T16:57:38.902+0000] {dagbag.py:536} INFO - Filling up the DagBag from /home/ubuntu/ec2_customer_chum_venv/lib/python3.10/site-packages/airflow/example_dags/example_short_circuit_decorator.py
[2023-12-07T16:57:38.913+0000] {processor.py:839} INFO - DAG(s) dict_keys(['example_short_circuit_decorator']) retrieved from /home/ubuntu/ec2_customer_chum_venv/lib/python3.10/site-packages/airflow/example_dags/example_short_circuit_decorator.py
[2023-12-07T16:57:38.933+0000] {logging_mixin.py:154} INFO - [2023-12-07T16:57:38.933+0000] {dag.py:2941} INFO - Sync 1 DAGs
[2023-12-07T16:57:38.953+0000] {logging_mixin.py:154} INFO - [2023-12-07T16:57:38.953+0000] {dag.py:3722} INFO - Setting next_dagrun for example_short_circuit_decorator to 2023-12-06T16:57:38.953027+00:00, run_after=2023-12-07T16:57:38.953027+00:00
[2023-12-07T16:57:38.976+0000] {processor.py:179} INFO - Processing /home/ubuntu/ec2_customer_chum_venv/lib/python3.10/site-packages/airflow/example_dags/example_short_circuit_decorator.py took 0.079 seconds
[2023-12-07T16:58:20.903+0000] {processor.py:157} INFO - Started process (PID=5519) to work on /home/ubuntu/ec2_customer_chum_venv/lib/python3.10/site-packages/airflow/example_dags/example_short_circuit_decorator.py
[2023-12-07T16:58:20.905+0000] {processor.py:829} INFO - Processing file /home/ubuntu/ec2_customer_chum_venv/lib/python3.10/site-packages/airflow/example_dags/example_short_circuit_decorator.py for tasks to queue
[2023-12-07T16:58:20.906+0000] {logging_mixin.py:154} INFO - [2023-12-07T16:58:20.906+0000] {dagbag.py:536} INFO - Filling up the DagBag from /home/ubuntu/ec2_customer_chum_venv/lib/python3.10/site-packages/airflow/example_dags/example_short_circuit_decorator.py
[2023-12-07T16:58:20.917+0000] {processor.py:839} INFO - DAG(s) dict_keys(['example_short_circuit_decorator']) retrieved from /home/ubuntu/ec2_customer_chum_venv/lib/python3.10/site-packages/airflow/example_dags/example_short_circuit_decorator.py
[2023-12-07T16:58:20.938+0000] {logging_mixin.py:154} INFO - [2023-12-07T16:58:20.938+0000] {dag.py:2941} INFO - Sync 1 DAGs
[2023-12-07T16:58:20.959+0000] {logging_mixin.py:154} INFO - [2023-12-07T16:58:20.959+0000] {dag.py:3722} INFO - Setting next_dagrun for example_short_circuit_decorator to 2023-12-06T16:58:20.958967+00:00, run_after=2023-12-07T16:58:20.958967+00:00
[2023-12-07T16:58:20.983+0000] {processor.py:179} INFO - Processing /home/ubuntu/ec2_customer_chum_venv/lib/python3.10/site-packages/airflow/example_dags/example_short_circuit_decorator.py took 0.083 seconds
[2023-12-07T16:59:03.326+0000] {processor.py:157} INFO - Started process (PID=5565) to work on /home/ubuntu/ec2_customer_chum_venv/lib/python3.10/site-packages/airflow/example_dags/example_short_circuit_decorator.py
[2023-12-07T16:59:03.327+0000] {processor.py:829} INFO - Processing file /home/ubuntu/ec2_customer_chum_venv/lib/python3.10/site-packages/airflow/example_dags/example_short_circuit_decorator.py for tasks to queue
[2023-12-07T16:59:03.328+0000] {logging_mixin.py:154} INFO - [2023-12-07T16:59:03.328+0000] {dagbag.py:536} INFO - Filling up the DagBag from /home/ubuntu/ec2_customer_chum_venv/lib/python3.10/site-packages/airflow/example_dags/example_short_circuit_decorator.py
[2023-12-07T16:59:03.339+0000] {processor.py:839} INFO - DAG(s) dict_keys(['example_short_circuit_decorator']) retrieved from /home/ubuntu/ec2_customer_chum_venv/lib/python3.10/site-packages/airflow/example_dags/example_short_circuit_decorator.py
[2023-12-07T16:59:03.359+0000] {logging_mixin.py:154} INFO - [2023-12-07T16:59:03.359+0000] {dag.py:2941} INFO - Sync 1 DAGs
[2023-12-07T16:59:03.381+0000] {logging_mixin.py:154} INFO - [2023-12-07T16:59:03.381+0000] {dag.py:3722} INFO - Setting next_dagrun for example_short_circuit_decorator to 2023-12-06T16:59:03.381207+00:00, run_after=2023-12-07T16:59:03.381207+00:00
[2023-12-07T16:59:03.407+0000] {processor.py:179} INFO - Processing /home/ubuntu/ec2_customer_chum_venv/lib/python3.10/site-packages/airflow/example_dags/example_short_circuit_decorator.py took 0.085 seconds
[2023-12-07T16:59:48.080+0000] {processor.py:157} INFO - Started process (PID=5612) to work on /home/ubuntu/ec2_customer_chum_venv/lib/python3.10/site-packages/airflow/example_dags/example_short_circuit_decorator.py
[2023-12-07T16:59:48.082+0000] {processor.py:829} INFO - Processing file /home/ubuntu/ec2_customer_chum_venv/lib/python3.10/site-packages/airflow/example_dags/example_short_circuit_decorator.py for tasks to queue
[2023-12-07T16:59:48.082+0000] {logging_mixin.py:154} INFO - [2023-12-07T16:59:48.082+0000] {dagbag.py:536} INFO - Filling up the DagBag from /home/ubuntu/ec2_customer_chum_venv/lib/python3.10/site-packages/airflow/example_dags/example_short_circuit_decorator.py
[2023-12-07T16:59:48.093+0000] {processor.py:839} INFO - DAG(s) dict_keys(['example_short_circuit_decorator']) retrieved from /home/ubuntu/ec2_customer_chum_venv/lib/python3.10/site-packages/airflow/example_dags/example_short_circuit_decorator.py
[2023-12-07T16:59:48.113+0000] {logging_mixin.py:154} INFO - [2023-12-07T16:59:48.113+0000] {dag.py:2941} INFO - Sync 1 DAGs
[2023-12-07T16:59:48.134+0000] {logging_mixin.py:154} INFO - [2023-12-07T16:59:48.134+0000] {dag.py:3722} INFO - Setting next_dagrun for example_short_circuit_decorator to 2023-12-06T16:59:48.133864+00:00, run_after=2023-12-07T16:59:48.133864+00:00
[2023-12-07T16:59:48.157+0000] {processor.py:179} INFO - Processing /home/ubuntu/ec2_customer_chum_venv/lib/python3.10/site-packages/airflow/example_dags/example_short_circuit_decorator.py took 0.080 seconds
[2023-12-07T17:00:35.093+0000] {processor.py:157} INFO - Started process (PID=5659) to work on /home/ubuntu/ec2_customer_chum_venv/lib/python3.10/site-packages/airflow/example_dags/example_short_circuit_decorator.py
[2023-12-07T17:00:35.095+0000] {processor.py:829} INFO - Processing file /home/ubuntu/ec2_customer_chum_venv/lib/python3.10/site-packages/airflow/example_dags/example_short_circuit_decorator.py for tasks to queue
[2023-12-07T17:00:35.095+0000] {logging_mixin.py:154} INFO - [2023-12-07T17:00:35.095+0000] {dagbag.py:536} INFO - Filling up the DagBag from /home/ubuntu/ec2_customer_chum_venv/lib/python3.10/site-packages/airflow/example_dags/example_short_circuit_decorator.py
[2023-12-07T17:00:35.106+0000] {processor.py:839} INFO - DAG(s) dict_keys(['example_short_circuit_decorator']) retrieved from /home/ubuntu/ec2_customer_chum_venv/lib/python3.10/site-packages/airflow/example_dags/example_short_circuit_decorator.py
[2023-12-07T17:00:35.126+0000] {logging_mixin.py:154} INFO - [2023-12-07T17:00:35.126+0000] {dag.py:2941} INFO - Sync 1 DAGs
[2023-12-07T17:00:35.148+0000] {logging_mixin.py:154} INFO - [2023-12-07T17:00:35.147+0000] {dag.py:3722} INFO - Setting next_dagrun for example_short_circuit_decorator to 2023-12-06T17:00:35.147515+00:00, run_after=2023-12-07T17:00:35.147515+00:00
[2023-12-07T17:00:35.173+0000] {processor.py:179} INFO - Processing /home/ubuntu/ec2_customer_chum_venv/lib/python3.10/site-packages/airflow/example_dags/example_short_circuit_decorator.py took 0.084 seconds
[2023-12-07T17:01:22.531+0000] {processor.py:157} INFO - Started process (PID=5707) to work on /home/ubuntu/ec2_customer_chum_venv/lib/python3.10/site-packages/airflow/example_dags/example_short_circuit_decorator.py
[2023-12-07T17:01:22.533+0000] {processor.py:829} INFO - Processing file /home/ubuntu/ec2_customer_chum_venv/lib/python3.10/site-packages/airflow/example_dags/example_short_circuit_decorator.py for tasks to queue
[2023-12-07T17:01:22.534+0000] {logging_mixin.py:154} INFO - [2023-12-07T17:01:22.533+0000] {dagbag.py:536} INFO - Filling up the DagBag from /home/ubuntu/ec2_customer_chum_venv/lib/python3.10/site-packages/airflow/example_dags/example_short_circuit_decorator.py
[2023-12-07T17:01:22.544+0000] {processor.py:839} INFO - DAG(s) dict_keys(['example_short_circuit_decorator']) retrieved from /home/ubuntu/ec2_customer_chum_venv/lib/python3.10/site-packages/airflow/example_dags/example_short_circuit_decorator.py
[2023-12-07T17:01:22.565+0000] {logging_mixin.py:154} INFO - [2023-12-07T17:01:22.565+0000] {dag.py:2941} INFO - Sync 1 DAGs
[2023-12-07T17:01:22.587+0000] {logging_mixin.py:154} INFO - [2023-12-07T17:01:22.586+0000] {dag.py:3722} INFO - Setting next_dagrun for example_short_circuit_decorator to 2023-12-06T17:01:22.586622+00:00, run_after=2023-12-07T17:01:22.586622+00:00
[2023-12-07T17:01:22.611+0000] {processor.py:179} INFO - Processing /home/ubuntu/ec2_customer_chum_venv/lib/python3.10/site-packages/airflow/example_dags/example_short_circuit_decorator.py took 0.083 seconds
[2023-12-07T17:02:07.741+0000] {processor.py:157} INFO - Started process (PID=5753) to work on /home/ubuntu/ec2_customer_chum_venv/lib/python3.10/site-packages/airflow/example_dags/example_short_circuit_decorator.py
[2023-12-07T17:02:07.742+0000] {processor.py:829} INFO - Processing file /home/ubuntu/ec2_customer_chum_venv/lib/python3.10/site-packages/airflow/example_dags/example_short_circuit_decorator.py for tasks to queue
[2023-12-07T17:02:07.743+0000] {logging_mixin.py:154} INFO - [2023-12-07T17:02:07.743+0000] {dagbag.py:536} INFO - Filling up the DagBag from /home/ubuntu/ec2_customer_chum_venv/lib/python3.10/site-packages/airflow/example_dags/example_short_circuit_decorator.py
[2023-12-07T17:02:07.754+0000] {processor.py:839} INFO - DAG(s) dict_keys(['example_short_circuit_decorator']) retrieved from /home/ubuntu/ec2_customer_chum_venv/lib/python3.10/site-packages/airflow/example_dags/example_short_circuit_decorator.py
[2023-12-07T17:02:07.774+0000] {logging_mixin.py:154} INFO - [2023-12-07T17:02:07.774+0000] {dag.py:2941} INFO - Sync 1 DAGs
[2023-12-07T17:02:07.795+0000] {logging_mixin.py:154} INFO - [2023-12-07T17:02:07.794+0000] {dag.py:3722} INFO - Setting next_dagrun for example_short_circuit_decorator to 2023-12-06T17:02:07.794731+00:00, run_after=2023-12-07T17:02:07.794731+00:00
[2023-12-07T17:02:07.819+0000] {processor.py:179} INFO - Processing /home/ubuntu/ec2_customer_chum_venv/lib/python3.10/site-packages/airflow/example_dags/example_short_circuit_decorator.py took 0.082 seconds
[2023-12-07T17:02:55.103+0000] {processor.py:157} INFO - Started process (PID=5801) to work on /home/ubuntu/ec2_customer_chum_venv/lib/python3.10/site-packages/airflow/example_dags/example_short_circuit_decorator.py
[2023-12-07T17:02:55.105+0000] {processor.py:829} INFO - Processing file /home/ubuntu/ec2_customer_chum_venv/lib/python3.10/site-packages/airflow/example_dags/example_short_circuit_decorator.py for tasks to queue
[2023-12-07T17:02:55.106+0000] {logging_mixin.py:154} INFO - [2023-12-07T17:02:55.105+0000] {dagbag.py:536} INFO - Filling up the DagBag from /home/ubuntu/ec2_customer_chum_venv/lib/python3.10/site-packages/airflow/example_dags/example_short_circuit_decorator.py
[2023-12-07T17:02:55.116+0000] {processor.py:839} INFO - DAG(s) dict_keys(['example_short_circuit_decorator']) retrieved from /home/ubuntu/ec2_customer_chum_venv/lib/python3.10/site-packages/airflow/example_dags/example_short_circuit_decorator.py
[2023-12-07T17:02:55.136+0000] {logging_mixin.py:154} INFO - [2023-12-07T17:02:55.136+0000] {dag.py:2941} INFO - Sync 1 DAGs
[2023-12-07T17:02:55.156+0000] {logging_mixin.py:154} INFO - [2023-12-07T17:02:55.156+0000] {dag.py:3722} INFO - Setting next_dagrun for example_short_circuit_decorator to 2023-12-06T17:02:55.156010+00:00, run_after=2023-12-07T17:02:55.156010+00:00
[2023-12-07T17:02:55.178+0000] {processor.py:179} INFO - Processing /home/ubuntu/ec2_customer_chum_venv/lib/python3.10/site-packages/airflow/example_dags/example_short_circuit_decorator.py took 0.078 seconds
[2023-12-07T17:03:42.515+0000] {processor.py:157} INFO - Started process (PID=5850) to work on /home/ubuntu/ec2_customer_chum_venv/lib/python3.10/site-packages/airflow/example_dags/example_short_circuit_decorator.py
[2023-12-07T17:03:42.517+0000] {processor.py:829} INFO - Processing file /home/ubuntu/ec2_customer_chum_venv/lib/python3.10/site-packages/airflow/example_dags/example_short_circuit_decorator.py for tasks to queue
[2023-12-07T17:03:42.518+0000] {logging_mixin.py:154} INFO - [2023-12-07T17:03:42.517+0000] {dagbag.py:536} INFO - Filling up the DagBag from /home/ubuntu/ec2_customer_chum_venv/lib/python3.10/site-packages/airflow/example_dags/example_short_circuit_decorator.py
[2023-12-07T17:03:42.528+0000] {processor.py:839} INFO - DAG(s) dict_keys(['example_short_circuit_decorator']) retrieved from /home/ubuntu/ec2_customer_chum_venv/lib/python3.10/site-packages/airflow/example_dags/example_short_circuit_decorator.py
[2023-12-07T17:03:42.548+0000] {logging_mixin.py:154} INFO - [2023-12-07T17:03:42.548+0000] {dag.py:2941} INFO - Sync 1 DAGs
[2023-12-07T17:03:42.569+0000] {logging_mixin.py:154} INFO - [2023-12-07T17:03:42.569+0000] {dag.py:3722} INFO - Setting next_dagrun for example_short_circuit_decorator to 2023-12-06T17:03:42.568868+00:00, run_after=2023-12-07T17:03:42.568868+00:00
[2023-12-07T17:03:42.594+0000] {processor.py:179} INFO - Processing /home/ubuntu/ec2_customer_chum_venv/lib/python3.10/site-packages/airflow/example_dags/example_short_circuit_decorator.py took 0.082 seconds
[2023-12-07T17:04:23.973+0000] {processor.py:157} INFO - Started process (PID=5892) to work on /home/ubuntu/ec2_customer_chum_venv/lib/python3.10/site-packages/airflow/example_dags/example_short_circuit_decorator.py
[2023-12-07T17:04:23.974+0000] {processor.py:829} INFO - Processing file /home/ubuntu/ec2_customer_chum_venv/lib/python3.10/site-packages/airflow/example_dags/example_short_circuit_decorator.py for tasks to queue
[2023-12-07T17:04:23.975+0000] {logging_mixin.py:154} INFO - [2023-12-07T17:04:23.975+0000] {dagbag.py:536} INFO - Filling up the DagBag from /home/ubuntu/ec2_customer_chum_venv/lib/python3.10/site-packages/airflow/example_dags/example_short_circuit_decorator.py
[2023-12-07T17:04:23.985+0000] {processor.py:839} INFO - DAG(s) dict_keys(['example_short_circuit_decorator']) retrieved from /home/ubuntu/ec2_customer_chum_venv/lib/python3.10/site-packages/airflow/example_dags/example_short_circuit_decorator.py
[2023-12-07T17:04:24.005+0000] {logging_mixin.py:154} INFO - [2023-12-07T17:04:24.005+0000] {dag.py:2941} INFO - Sync 1 DAGs
[2023-12-07T17:04:24.027+0000] {logging_mixin.py:154} INFO - [2023-12-07T17:04:24.026+0000] {dag.py:3722} INFO - Setting next_dagrun for example_short_circuit_decorator to 2023-12-06T17:04:24.026682+00:00, run_after=2023-12-07T17:04:24.026682+00:00
[2023-12-07T17:04:24.051+0000] {processor.py:179} INFO - Processing /home/ubuntu/ec2_customer_chum_venv/lib/python3.10/site-packages/airflow/example_dags/example_short_circuit_decorator.py took 0.081 seconds
[2023-12-07T17:05:08.122+0000] {processor.py:157} INFO - Started process (PID=5941) to work on /home/ubuntu/ec2_customer_chum_venv/lib/python3.10/site-packages/airflow/example_dags/example_short_circuit_decorator.py
[2023-12-07T17:05:08.123+0000] {processor.py:829} INFO - Processing file /home/ubuntu/ec2_customer_chum_venv/lib/python3.10/site-packages/airflow/example_dags/example_short_circuit_decorator.py for tasks to queue
[2023-12-07T17:05:08.124+0000] {logging_mixin.py:154} INFO - [2023-12-07T17:05:08.124+0000] {dagbag.py:536} INFO - Filling up the DagBag from /home/ubuntu/ec2_customer_chum_venv/lib/python3.10/site-packages/airflow/example_dags/example_short_circuit_decorator.py
[2023-12-07T17:05:08.135+0000] {processor.py:839} INFO - DAG(s) dict_keys(['example_short_circuit_decorator']) retrieved from /home/ubuntu/ec2_customer_chum_venv/lib/python3.10/site-packages/airflow/example_dags/example_short_circuit_decorator.py
[2023-12-07T17:05:08.154+0000] {logging_mixin.py:154} INFO - [2023-12-07T17:05:08.154+0000] {dag.py:2941} INFO - Sync 1 DAGs
[2023-12-07T17:05:08.175+0000] {logging_mixin.py:154} INFO - [2023-12-07T17:05:08.174+0000] {dag.py:3722} INFO - Setting next_dagrun for example_short_circuit_decorator to 2023-12-06T17:05:08.174606+00:00, run_after=2023-12-07T17:05:08.174606+00:00
[2023-12-07T17:05:08.198+0000] {processor.py:179} INFO - Processing /home/ubuntu/ec2_customer_chum_venv/lib/python3.10/site-packages/airflow/example_dags/example_short_circuit_decorator.py took 0.080 seconds
[2023-12-07T17:05:51.710+0000] {processor.py:157} INFO - Started process (PID=5986) to work on /home/ubuntu/ec2_customer_chum_venv/lib/python3.10/site-packages/airflow/example_dags/example_short_circuit_decorator.py
[2023-12-07T17:05:51.711+0000] {processor.py:829} INFO - Processing file /home/ubuntu/ec2_customer_chum_venv/lib/python3.10/site-packages/airflow/example_dags/example_short_circuit_decorator.py for tasks to queue
[2023-12-07T17:05:51.712+0000] {logging_mixin.py:154} INFO - [2023-12-07T17:05:51.712+0000] {dagbag.py:536} INFO - Filling up the DagBag from /home/ubuntu/ec2_customer_chum_venv/lib/python3.10/site-packages/airflow/example_dags/example_short_circuit_decorator.py
[2023-12-07T17:05:51.723+0000] {processor.py:839} INFO - DAG(s) dict_keys(['example_short_circuit_decorator']) retrieved from /home/ubuntu/ec2_customer_chum_venv/lib/python3.10/site-packages/airflow/example_dags/example_short_circuit_decorator.py
[2023-12-07T17:05:51.743+0000] {logging_mixin.py:154} INFO - [2023-12-07T17:05:51.742+0000] {dag.py:2941} INFO - Sync 1 DAGs
[2023-12-07T17:05:51.763+0000] {logging_mixin.py:154} INFO - [2023-12-07T17:05:51.763+0000] {dag.py:3722} INFO - Setting next_dagrun for example_short_circuit_decorator to 2023-12-06T17:05:51.763208+00:00, run_after=2023-12-07T17:05:51.763208+00:00
[2023-12-07T17:05:51.786+0000] {processor.py:179} INFO - Processing /home/ubuntu/ec2_customer_chum_venv/lib/python3.10/site-packages/airflow/example_dags/example_short_circuit_decorator.py took 0.079 seconds
[2023-12-07T17:06:35.951+0000] {processor.py:157} INFO - Started process (PID=6032) to work on /home/ubuntu/ec2_customer_chum_venv/lib/python3.10/site-packages/airflow/example_dags/example_short_circuit_decorator.py
[2023-12-07T17:06:35.953+0000] {processor.py:829} INFO - Processing file /home/ubuntu/ec2_customer_chum_venv/lib/python3.10/site-packages/airflow/example_dags/example_short_circuit_decorator.py for tasks to queue
[2023-12-07T17:06:35.953+0000] {logging_mixin.py:154} INFO - [2023-12-07T17:06:35.953+0000] {dagbag.py:536} INFO - Filling up the DagBag from /home/ubuntu/ec2_customer_chum_venv/lib/python3.10/site-packages/airflow/example_dags/example_short_circuit_decorator.py
[2023-12-07T17:06:35.964+0000] {processor.py:839} INFO - DAG(s) dict_keys(['example_short_circuit_decorator']) retrieved from /home/ubuntu/ec2_customer_chum_venv/lib/python3.10/site-packages/airflow/example_dags/example_short_circuit_decorator.py
[2023-12-07T17:06:35.984+0000] {logging_mixin.py:154} INFO - [2023-12-07T17:06:35.984+0000] {dag.py:2941} INFO - Sync 1 DAGs
[2023-12-07T17:06:36.005+0000] {logging_mixin.py:154} INFO - [2023-12-07T17:06:36.005+0000] {dag.py:3722} INFO - Setting next_dagrun for example_short_circuit_decorator to 2023-12-06T17:06:36.005164+00:00, run_after=2023-12-07T17:06:36.005164+00:00
[2023-12-07T17:06:36.031+0000] {processor.py:179} INFO - Processing /home/ubuntu/ec2_customer_chum_venv/lib/python3.10/site-packages/airflow/example_dags/example_short_circuit_decorator.py took 0.083 seconds
[2023-12-07T17:07:19.722+0000] {processor.py:157} INFO - Started process (PID=6076) to work on /home/ubuntu/ec2_customer_chum_venv/lib/python3.10/site-packages/airflow/example_dags/example_short_circuit_decorator.py
[2023-12-07T17:07:19.723+0000] {processor.py:829} INFO - Processing file /home/ubuntu/ec2_customer_chum_venv/lib/python3.10/site-packages/airflow/example_dags/example_short_circuit_decorator.py for tasks to queue
[2023-12-07T17:07:19.724+0000] {logging_mixin.py:154} INFO - [2023-12-07T17:07:19.724+0000] {dagbag.py:536} INFO - Filling up the DagBag from /home/ubuntu/ec2_customer_chum_venv/lib/python3.10/site-packages/airflow/example_dags/example_short_circuit_decorator.py
[2023-12-07T17:07:19.735+0000] {processor.py:839} INFO - DAG(s) dict_keys(['example_short_circuit_decorator']) retrieved from /home/ubuntu/ec2_customer_chum_venv/lib/python3.10/site-packages/airflow/example_dags/example_short_circuit_decorator.py
[2023-12-07T17:07:19.754+0000] {logging_mixin.py:154} INFO - [2023-12-07T17:07:19.754+0000] {dag.py:2941} INFO - Sync 1 DAGs
[2023-12-07T17:07:19.775+0000] {logging_mixin.py:154} INFO - [2023-12-07T17:07:19.775+0000] {dag.py:3722} INFO - Setting next_dagrun for example_short_circuit_decorator to 2023-12-06T17:07:19.774941+00:00, run_after=2023-12-07T17:07:19.774941+00:00
[2023-12-07T17:07:19.798+0000] {processor.py:179} INFO - Processing /home/ubuntu/ec2_customer_chum_venv/lib/python3.10/site-packages/airflow/example_dags/example_short_circuit_decorator.py took 0.079 seconds
[2023-12-07T17:08:05.631+0000] {processor.py:157} INFO - Started process (PID=6122) to work on /home/ubuntu/ec2_customer_chum_venv/lib/python3.10/site-packages/airflow/example_dags/example_short_circuit_decorator.py
[2023-12-07T17:08:05.633+0000] {processor.py:829} INFO - Processing file /home/ubuntu/ec2_customer_chum_venv/lib/python3.10/site-packages/airflow/example_dags/example_short_circuit_decorator.py for tasks to queue
[2023-12-07T17:08:05.634+0000] {logging_mixin.py:154} INFO - [2023-12-07T17:08:05.633+0000] {dagbag.py:536} INFO - Filling up the DagBag from /home/ubuntu/ec2_customer_chum_venv/lib/python3.10/site-packages/airflow/example_dags/example_short_circuit_decorator.py
[2023-12-07T17:08:05.644+0000] {processor.py:839} INFO - DAG(s) dict_keys(['example_short_circuit_decorator']) retrieved from /home/ubuntu/ec2_customer_chum_venv/lib/python3.10/site-packages/airflow/example_dags/example_short_circuit_decorator.py
[2023-12-07T17:08:05.664+0000] {logging_mixin.py:154} INFO - [2023-12-07T17:08:05.664+0000] {dag.py:2941} INFO - Sync 1 DAGs
[2023-12-07T17:08:05.684+0000] {logging_mixin.py:154} INFO - [2023-12-07T17:08:05.684+0000] {dag.py:3722} INFO - Setting next_dagrun for example_short_circuit_decorator to 2023-12-06T17:08:05.684244+00:00, run_after=2023-12-07T17:08:05.684244+00:00
[2023-12-07T17:08:05.707+0000] {processor.py:179} INFO - Processing /home/ubuntu/ec2_customer_chum_venv/lib/python3.10/site-packages/airflow/example_dags/example_short_circuit_decorator.py took 0.079 seconds
[2023-12-07T17:08:51.102+0000] {processor.py:157} INFO - Started process (PID=6169) to work on /home/ubuntu/ec2_customer_chum_venv/lib/python3.10/site-packages/airflow/example_dags/example_short_circuit_decorator.py
[2023-12-07T17:08:51.103+0000] {processor.py:829} INFO - Processing file /home/ubuntu/ec2_customer_chum_venv/lib/python3.10/site-packages/airflow/example_dags/example_short_circuit_decorator.py for tasks to queue
[2023-12-07T17:08:51.104+0000] {logging_mixin.py:154} INFO - [2023-12-07T17:08:51.104+0000] {dagbag.py:536} INFO - Filling up the DagBag from /home/ubuntu/ec2_customer_chum_venv/lib/python3.10/site-packages/airflow/example_dags/example_short_circuit_decorator.py
[2023-12-07T17:08:51.115+0000] {processor.py:839} INFO - DAG(s) dict_keys(['example_short_circuit_decorator']) retrieved from /home/ubuntu/ec2_customer_chum_venv/lib/python3.10/site-packages/airflow/example_dags/example_short_circuit_decorator.py
[2023-12-07T17:08:51.135+0000] {logging_mixin.py:154} INFO - [2023-12-07T17:08:51.135+0000] {dag.py:2941} INFO - Sync 1 DAGs
[2023-12-07T17:08:51.156+0000] {logging_mixin.py:154} INFO - [2023-12-07T17:08:51.155+0000] {dag.py:3722} INFO - Setting next_dagrun for example_short_circuit_decorator to 2023-12-06T17:08:51.155717+00:00, run_after=2023-12-07T17:08:51.155717+00:00
[2023-12-07T17:08:51.179+0000] {processor.py:179} INFO - Processing /home/ubuntu/ec2_customer_chum_venv/lib/python3.10/site-packages/airflow/example_dags/example_short_circuit_decorator.py took 0.081 seconds
[2023-12-07T17:09:35.896+0000] {processor.py:157} INFO - Started process (PID=6216) to work on /home/ubuntu/ec2_customer_chum_venv/lib/python3.10/site-packages/airflow/example_dags/example_short_circuit_decorator.py
[2023-12-07T17:09:35.898+0000] {processor.py:829} INFO - Processing file /home/ubuntu/ec2_customer_chum_venv/lib/python3.10/site-packages/airflow/example_dags/example_short_circuit_decorator.py for tasks to queue
[2023-12-07T17:09:35.898+0000] {logging_mixin.py:154} INFO - [2023-12-07T17:09:35.898+0000] {dagbag.py:536} INFO - Filling up the DagBag from /home/ubuntu/ec2_customer_chum_venv/lib/python3.10/site-packages/airflow/example_dags/example_short_circuit_decorator.py
[2023-12-07T17:09:35.909+0000] {processor.py:839} INFO - DAG(s) dict_keys(['example_short_circuit_decorator']) retrieved from /home/ubuntu/ec2_customer_chum_venv/lib/python3.10/site-packages/airflow/example_dags/example_short_circuit_decorator.py
[2023-12-07T17:09:35.929+0000] {logging_mixin.py:154} INFO - [2023-12-07T17:09:35.928+0000] {dag.py:2941} INFO - Sync 1 DAGs
[2023-12-07T17:09:35.949+0000] {logging_mixin.py:154} INFO - [2023-12-07T17:09:35.948+0000] {dag.py:3722} INFO - Setting next_dagrun for example_short_circuit_decorator to 2023-12-06T17:09:35.948724+00:00, run_after=2023-12-07T17:09:35.948724+00:00
[2023-12-07T17:09:35.973+0000] {processor.py:179} INFO - Processing /home/ubuntu/ec2_customer_chum_venv/lib/python3.10/site-packages/airflow/example_dags/example_short_circuit_decorator.py took 0.080 seconds
[2023-12-07T17:10:17.111+0000] {processor.py:157} INFO - Started process (PID=6258) to work on /home/ubuntu/ec2_customer_chum_venv/lib/python3.10/site-packages/airflow/example_dags/example_short_circuit_decorator.py
[2023-12-07T17:10:17.113+0000] {processor.py:829} INFO - Processing file /home/ubuntu/ec2_customer_chum_venv/lib/python3.10/site-packages/airflow/example_dags/example_short_circuit_decorator.py for tasks to queue
[2023-12-07T17:10:17.113+0000] {logging_mixin.py:154} INFO - [2023-12-07T17:10:17.113+0000] {dagbag.py:536} INFO - Filling up the DagBag from /home/ubuntu/ec2_customer_chum_venv/lib/python3.10/site-packages/airflow/example_dags/example_short_circuit_decorator.py
[2023-12-07T17:10:17.124+0000] {processor.py:839} INFO - DAG(s) dict_keys(['example_short_circuit_decorator']) retrieved from /home/ubuntu/ec2_customer_chum_venv/lib/python3.10/site-packages/airflow/example_dags/example_short_circuit_decorator.py
[2023-12-07T17:10:17.145+0000] {logging_mixin.py:154} INFO - [2023-12-07T17:10:17.145+0000] {dag.py:2941} INFO - Sync 1 DAGs
[2023-12-07T17:10:17.166+0000] {logging_mixin.py:154} INFO - [2023-12-07T17:10:17.166+0000] {dag.py:3722} INFO - Setting next_dagrun for example_short_circuit_decorator to 2023-12-06T17:10:17.165995+00:00, run_after=2023-12-07T17:10:17.165995+00:00
[2023-12-07T17:10:17.189+0000] {processor.py:179} INFO - Processing /home/ubuntu/ec2_customer_chum_venv/lib/python3.10/site-packages/airflow/example_dags/example_short_circuit_decorator.py took 0.081 seconds
[2023-12-07T17:11:03.454+0000] {processor.py:157} INFO - Started process (PID=6306) to work on /home/ubuntu/ec2_customer_chum_venv/lib/python3.10/site-packages/airflow/example_dags/example_short_circuit_decorator.py
[2023-12-07T17:11:03.455+0000] {processor.py:829} INFO - Processing file /home/ubuntu/ec2_customer_chum_venv/lib/python3.10/site-packages/airflow/example_dags/example_short_circuit_decorator.py for tasks to queue
[2023-12-07T17:11:03.456+0000] {logging_mixin.py:154} INFO - [2023-12-07T17:11:03.456+0000] {dagbag.py:536} INFO - Filling up the DagBag from /home/ubuntu/ec2_customer_chum_venv/lib/python3.10/site-packages/airflow/example_dags/example_short_circuit_decorator.py
[2023-12-07T17:11:03.466+0000] {processor.py:839} INFO - DAG(s) dict_keys(['example_short_circuit_decorator']) retrieved from /home/ubuntu/ec2_customer_chum_venv/lib/python3.10/site-packages/airflow/example_dags/example_short_circuit_decorator.py
[2023-12-07T17:11:03.486+0000] {logging_mixin.py:154} INFO - [2023-12-07T17:11:03.486+0000] {dag.py:2941} INFO - Sync 1 DAGs
[2023-12-07T17:11:03.506+0000] {logging_mixin.py:154} INFO - [2023-12-07T17:11:03.506+0000] {dag.py:3722} INFO - Setting next_dagrun for example_short_circuit_decorator to 2023-12-06T17:11:03.506145+00:00, run_after=2023-12-07T17:11:03.506145+00:00
[2023-12-07T17:11:03.557+0000] {processor.py:179} INFO - Processing /home/ubuntu/ec2_customer_chum_venv/lib/python3.10/site-packages/airflow/example_dags/example_short_circuit_decorator.py took 0.106 seconds
[2023-12-07T17:11:49.406+0000] {processor.py:157} INFO - Started process (PID=6357) to work on /home/ubuntu/ec2_customer_chum_venv/lib/python3.10/site-packages/airflow/example_dags/example_short_circuit_decorator.py
[2023-12-07T17:11:49.407+0000] {processor.py:829} INFO - Processing file /home/ubuntu/ec2_customer_chum_venv/lib/python3.10/site-packages/airflow/example_dags/example_short_circuit_decorator.py for tasks to queue
[2023-12-07T17:11:49.408+0000] {logging_mixin.py:154} INFO - [2023-12-07T17:11:49.407+0000] {dagbag.py:536} INFO - Filling up the DagBag from /home/ubuntu/ec2_customer_chum_venv/lib/python3.10/site-packages/airflow/example_dags/example_short_circuit_decorator.py
[2023-12-07T17:11:49.418+0000] {processor.py:839} INFO - DAG(s) dict_keys(['example_short_circuit_decorator']) retrieved from /home/ubuntu/ec2_customer_chum_venv/lib/python3.10/site-packages/airflow/example_dags/example_short_circuit_decorator.py
[2023-12-07T17:11:49.438+0000] {logging_mixin.py:154} INFO - [2023-12-07T17:11:49.438+0000] {dag.py:2941} INFO - Sync 1 DAGs
[2023-12-07T17:11:49.458+0000] {logging_mixin.py:154} INFO - [2023-12-07T17:11:49.458+0000] {dag.py:3722} INFO - Setting next_dagrun for example_short_circuit_decorator to 2023-12-06T17:11:49.458280+00:00, run_after=2023-12-07T17:11:49.458280+00:00
[2023-12-07T17:11:49.481+0000] {processor.py:179} INFO - Processing /home/ubuntu/ec2_customer_chum_venv/lib/python3.10/site-packages/airflow/example_dags/example_short_circuit_decorator.py took 0.079 seconds
[2023-12-07T17:12:33.191+0000] {processor.py:157} INFO - Started process (PID=6403) to work on /home/ubuntu/ec2_customer_chum_venv/lib/python3.10/site-packages/airflow/example_dags/example_short_circuit_decorator.py
[2023-12-07T17:12:33.193+0000] {processor.py:829} INFO - Processing file /home/ubuntu/ec2_customer_chum_venv/lib/python3.10/site-packages/airflow/example_dags/example_short_circuit_decorator.py for tasks to queue
[2023-12-07T17:12:33.194+0000] {logging_mixin.py:154} INFO - [2023-12-07T17:12:33.193+0000] {dagbag.py:536} INFO - Filling up the DagBag from /home/ubuntu/ec2_customer_chum_venv/lib/python3.10/site-packages/airflow/example_dags/example_short_circuit_decorator.py
[2023-12-07T17:12:33.204+0000] {processor.py:839} INFO - DAG(s) dict_keys(['example_short_circuit_decorator']) retrieved from /home/ubuntu/ec2_customer_chum_venv/lib/python3.10/site-packages/airflow/example_dags/example_short_circuit_decorator.py
[2023-12-07T17:12:33.224+0000] {logging_mixin.py:154} INFO - [2023-12-07T17:12:33.224+0000] {dag.py:2941} INFO - Sync 1 DAGs
[2023-12-07T17:12:33.244+0000] {logging_mixin.py:154} INFO - [2023-12-07T17:12:33.244+0000] {dag.py:3722} INFO - Setting next_dagrun for example_short_circuit_decorator to 2023-12-06T17:12:33.244128+00:00, run_after=2023-12-07T17:12:33.244128+00:00
[2023-12-07T17:12:33.268+0000] {processor.py:179} INFO - Processing /home/ubuntu/ec2_customer_chum_venv/lib/python3.10/site-packages/airflow/example_dags/example_short_circuit_decorator.py took 0.081 seconds
[2023-12-07T17:13:22.540+0000] {processor.py:157} INFO - Started process (PID=6539) to work on /home/ubuntu/ec2_customer_chum_venv/lib/python3.10/site-packages/airflow/example_dags/example_short_circuit_decorator.py
[2023-12-07T17:13:22.541+0000] {processor.py:829} INFO - Processing file /home/ubuntu/ec2_customer_chum_venv/lib/python3.10/site-packages/airflow/example_dags/example_short_circuit_decorator.py for tasks to queue
[2023-12-07T17:13:22.542+0000] {logging_mixin.py:154} INFO - [2023-12-07T17:13:22.542+0000] {dagbag.py:536} INFO - Filling up the DagBag from /home/ubuntu/ec2_customer_chum_venv/lib/python3.10/site-packages/airflow/example_dags/example_short_circuit_decorator.py
[2023-12-07T17:13:22.552+0000] {processor.py:839} INFO - DAG(s) dict_keys(['example_short_circuit_decorator']) retrieved from /home/ubuntu/ec2_customer_chum_venv/lib/python3.10/site-packages/airflow/example_dags/example_short_circuit_decorator.py
[2023-12-07T17:13:22.572+0000] {logging_mixin.py:154} INFO - [2023-12-07T17:13:22.572+0000] {dag.py:2941} INFO - Sync 1 DAGs
[2023-12-07T17:13:22.592+0000] {logging_mixin.py:154} INFO - [2023-12-07T17:13:22.592+0000] {dag.py:3722} INFO - Setting next_dagrun for example_short_circuit_decorator to 2023-12-06T17:13:22.591958+00:00, run_after=2023-12-07T17:13:22.591958+00:00
[2023-12-07T17:13:22.615+0000] {processor.py:179} INFO - Processing /home/ubuntu/ec2_customer_chum_venv/lib/python3.10/site-packages/airflow/example_dags/example_short_circuit_decorator.py took 0.079 seconds
[2023-12-07T17:14:04.581+0000] {processor.py:157} INFO - Started process (PID=6585) to work on /home/ubuntu/ec2_customer_chum_venv/lib/python3.10/site-packages/airflow/example_dags/example_short_circuit_decorator.py
[2023-12-07T17:14:04.582+0000] {processor.py:829} INFO - Processing file /home/ubuntu/ec2_customer_chum_venv/lib/python3.10/site-packages/airflow/example_dags/example_short_circuit_decorator.py for tasks to queue
[2023-12-07T17:14:04.583+0000] {logging_mixin.py:154} INFO - [2023-12-07T17:14:04.583+0000] {dagbag.py:536} INFO - Filling up the DagBag from /home/ubuntu/ec2_customer_chum_venv/lib/python3.10/site-packages/airflow/example_dags/example_short_circuit_decorator.py
[2023-12-07T17:14:04.593+0000] {processor.py:839} INFO - DAG(s) dict_keys(['example_short_circuit_decorator']) retrieved from /home/ubuntu/ec2_customer_chum_venv/lib/python3.10/site-packages/airflow/example_dags/example_short_circuit_decorator.py
[2023-12-07T17:14:04.613+0000] {logging_mixin.py:154} INFO - [2023-12-07T17:14:04.612+0000] {dag.py:2941} INFO - Sync 1 DAGs
[2023-12-07T17:14:04.633+0000] {logging_mixin.py:154} INFO - [2023-12-07T17:14:04.633+0000] {dag.py:3722} INFO - Setting next_dagrun for example_short_circuit_decorator to 2023-12-06T17:14:04.633247+00:00, run_after=2023-12-07T17:14:04.633247+00:00
[2023-12-07T17:14:04.656+0000] {processor.py:179} INFO - Processing /home/ubuntu/ec2_customer_chum_venv/lib/python3.10/site-packages/airflow/example_dags/example_short_circuit_decorator.py took 0.078 seconds
[2023-12-07T17:14:50.259+0000] {processor.py:157} INFO - Started process (PID=6698) to work on /home/ubuntu/ec2_customer_chum_venv/lib/python3.10/site-packages/airflow/example_dags/example_short_circuit_decorator.py
[2023-12-07T17:14:50.260+0000] {processor.py:829} INFO - Processing file /home/ubuntu/ec2_customer_chum_venv/lib/python3.10/site-packages/airflow/example_dags/example_short_circuit_decorator.py for tasks to queue
[2023-12-07T17:14:50.261+0000] {logging_mixin.py:154} INFO - [2023-12-07T17:14:50.261+0000] {dagbag.py:536} INFO - Filling up the DagBag from /home/ubuntu/ec2_customer_chum_venv/lib/python3.10/site-packages/airflow/example_dags/example_short_circuit_decorator.py
[2023-12-07T17:14:50.272+0000] {processor.py:839} INFO - DAG(s) dict_keys(['example_short_circuit_decorator']) retrieved from /home/ubuntu/ec2_customer_chum_venv/lib/python3.10/site-packages/airflow/example_dags/example_short_circuit_decorator.py
[2023-12-07T17:14:50.291+0000] {logging_mixin.py:154} INFO - [2023-12-07T17:14:50.291+0000] {dag.py:2941} INFO - Sync 1 DAGs
[2023-12-07T17:14:50.311+0000] {logging_mixin.py:154} INFO - [2023-12-07T17:14:50.311+0000] {dag.py:3722} INFO - Setting next_dagrun for example_short_circuit_decorator to 2023-12-06T17:14:50.311449+00:00, run_after=2023-12-07T17:14:50.311449+00:00
[2023-12-07T17:14:50.334+0000] {processor.py:179} INFO - Processing /home/ubuntu/ec2_customer_chum_venv/lib/python3.10/site-packages/airflow/example_dags/example_short_circuit_decorator.py took 0.078 seconds
[2023-12-07T17:15:33.716+0000] {processor.py:157} INFO - Started process (PID=6743) to work on /home/ubuntu/ec2_customer_chum_venv/lib/python3.10/site-packages/airflow/example_dags/example_short_circuit_decorator.py
[2023-12-07T17:15:33.717+0000] {processor.py:829} INFO - Processing file /home/ubuntu/ec2_customer_chum_venv/lib/python3.10/site-packages/airflow/example_dags/example_short_circuit_decorator.py for tasks to queue
[2023-12-07T17:15:33.718+0000] {logging_mixin.py:154} INFO - [2023-12-07T17:15:33.717+0000] {dagbag.py:536} INFO - Filling up the DagBag from /home/ubuntu/ec2_customer_chum_venv/lib/python3.10/site-packages/airflow/example_dags/example_short_circuit_decorator.py
[2023-12-07T17:15:33.728+0000] {processor.py:839} INFO - DAG(s) dict_keys(['example_short_circuit_decorator']) retrieved from /home/ubuntu/ec2_customer_chum_venv/lib/python3.10/site-packages/airflow/example_dags/example_short_circuit_decorator.py
[2023-12-07T17:15:33.749+0000] {logging_mixin.py:154} INFO - [2023-12-07T17:15:33.748+0000] {dag.py:2941} INFO - Sync 1 DAGs
[2023-12-07T17:15:33.769+0000] {logging_mixin.py:154} INFO - [2023-12-07T17:15:33.769+0000] {dag.py:3722} INFO - Setting next_dagrun for example_short_circuit_decorator to 2023-12-06T17:15:33.769294+00:00, run_after=2023-12-07T17:15:33.769294+00:00
[2023-12-07T17:15:33.796+0000] {processor.py:179} INFO - Processing /home/ubuntu/ec2_customer_chum_venv/lib/python3.10/site-packages/airflow/example_dags/example_short_circuit_decorator.py took 0.084 seconds
