[2023-12-07T16:49:34.515+0000] {processor.py:157} INFO - Started process (PID=4988) to work on /home/ubuntu/ec2_customer_chum_venv/lib/python3.10/site-packages/airflow/example_dags/example_nested_branch_dag.py
[2023-12-07T16:49:34.516+0000] {processor.py:829} INFO - Processing file /home/ubuntu/ec2_customer_chum_venv/lib/python3.10/site-packages/airflow/example_dags/example_nested_branch_dag.py for tasks to queue
[2023-12-07T16:49:34.517+0000] {logging_mixin.py:154} INFO - [2023-12-07T16:49:34.517+0000] {dagbag.py:536} INFO - Filling up the DagBag from /home/ubuntu/ec2_customer_chum_venv/lib/python3.10/site-packages/airflow/example_dags/example_nested_branch_dag.py
[2023-12-07T16:49:34.528+0000] {processor.py:839} INFO - DAG(s) dict_keys(['example_nested_branch_dag']) retrieved from /home/ubuntu/ec2_customer_chum_venv/lib/python3.10/site-packages/airflow/example_dags/example_nested_branch_dag.py
[2023-12-07T16:49:34.644+0000] {logging_mixin.py:154} INFO - [2023-12-07T16:49:34.644+0000] {manager.py:499} INFO - Created Permission View: %s
[2023-12-07T16:49:34.660+0000] {logging_mixin.py:154} INFO - [2023-12-07T16:49:34.660+0000] {manager.py:499} INFO - Created Permission View: %s
[2023-12-07T16:49:34.671+0000] {logging_mixin.py:154} INFO - [2023-12-07T16:49:34.671+0000] {manager.py:499} INFO - Created Permission View: %s
[2023-12-07T16:49:34.672+0000] {logging_mixin.py:154} INFO - [2023-12-07T16:49:34.672+0000] {dag.py:2941} INFO - Sync 1 DAGs
[2023-12-07T16:49:34.683+0000] {logging_mixin.py:154} INFO - [2023-12-07T16:49:34.683+0000] {dag.py:2963} INFO - Creating ORM DAG for example_nested_branch_dag
[2023-12-07T16:49:34.694+0000] {logging_mixin.py:154} INFO - [2023-12-07T16:49:34.694+0000] {dag.py:3722} INFO - Setting next_dagrun for example_nested_branch_dag to 2023-12-06T00:00:00+00:00, run_after=2023-12-07T00:00:00+00:00
[2023-12-07T16:49:34.718+0000] {processor.py:179} INFO - Processing /home/ubuntu/ec2_customer_chum_venv/lib/python3.10/site-packages/airflow/example_dags/example_nested_branch_dag.py took 0.206 seconds
[2023-12-07T16:50:22.971+0000] {processor.py:157} INFO - Started process (PID=5034) to work on /home/ubuntu/ec2_customer_chum_venv/lib/python3.10/site-packages/airflow/example_dags/example_nested_branch_dag.py
[2023-12-07T16:50:22.972+0000] {processor.py:829} INFO - Processing file /home/ubuntu/ec2_customer_chum_venv/lib/python3.10/site-packages/airflow/example_dags/example_nested_branch_dag.py for tasks to queue
[2023-12-07T16:50:22.973+0000] {logging_mixin.py:154} INFO - [2023-12-07T16:50:22.973+0000] {dagbag.py:536} INFO - Filling up the DagBag from /home/ubuntu/ec2_customer_chum_venv/lib/python3.10/site-packages/airflow/example_dags/example_nested_branch_dag.py
[2023-12-07T16:50:22.984+0000] {processor.py:839} INFO - DAG(s) dict_keys(['example_nested_branch_dag']) retrieved from /home/ubuntu/ec2_customer_chum_venv/lib/python3.10/site-packages/airflow/example_dags/example_nested_branch_dag.py
[2023-12-07T16:50:23.004+0000] {logging_mixin.py:154} INFO - [2023-12-07T16:50:23.003+0000] {dag.py:2941} INFO - Sync 1 DAGs
[2023-12-07T16:50:23.026+0000] {logging_mixin.py:154} INFO - [2023-12-07T16:50:23.026+0000] {dag.py:3722} INFO - Setting next_dagrun for example_nested_branch_dag to 2023-12-06T00:00:00+00:00, run_after=2023-12-07T00:00:00+00:00
[2023-12-07T16:50:23.053+0000] {processor.py:179} INFO - Processing /home/ubuntu/ec2_customer_chum_venv/lib/python3.10/site-packages/airflow/example_dags/example_nested_branch_dag.py took 0.085 seconds
[2023-12-07T16:51:12.550+0000] {processor.py:157} INFO - Started process (PID=5084) to work on /home/ubuntu/ec2_customer_chum_venv/lib/python3.10/site-packages/airflow/example_dags/example_nested_branch_dag.py
[2023-12-07T16:51:12.552+0000] {processor.py:829} INFO - Processing file /home/ubuntu/ec2_customer_chum_venv/lib/python3.10/site-packages/airflow/example_dags/example_nested_branch_dag.py for tasks to queue
[2023-12-07T16:51:12.553+0000] {logging_mixin.py:154} INFO - [2023-12-07T16:51:12.552+0000] {dagbag.py:536} INFO - Filling up the DagBag from /home/ubuntu/ec2_customer_chum_venv/lib/python3.10/site-packages/airflow/example_dags/example_nested_branch_dag.py
[2023-12-07T16:51:12.564+0000] {processor.py:839} INFO - DAG(s) dict_keys(['example_nested_branch_dag']) retrieved from /home/ubuntu/ec2_customer_chum_venv/lib/python3.10/site-packages/airflow/example_dags/example_nested_branch_dag.py
[2023-12-07T16:51:12.584+0000] {logging_mixin.py:154} INFO - [2023-12-07T16:51:12.584+0000] {dag.py:2941} INFO - Sync 1 DAGs
[2023-12-07T16:51:12.607+0000] {logging_mixin.py:154} INFO - [2023-12-07T16:51:12.607+0000] {dag.py:3722} INFO - Setting next_dagrun for example_nested_branch_dag to 2023-12-06T00:00:00+00:00, run_after=2023-12-07T00:00:00+00:00
[2023-12-07T16:51:12.630+0000] {processor.py:179} INFO - Processing /home/ubuntu/ec2_customer_chum_venv/lib/python3.10/site-packages/airflow/example_dags/example_nested_branch_dag.py took 0.083 seconds
[2023-12-07T16:52:03.253+0000] {processor.py:157} INFO - Started process (PID=5135) to work on /home/ubuntu/ec2_customer_chum_venv/lib/python3.10/site-packages/airflow/example_dags/example_nested_branch_dag.py
[2023-12-07T16:52:03.255+0000] {processor.py:829} INFO - Processing file /home/ubuntu/ec2_customer_chum_venv/lib/python3.10/site-packages/airflow/example_dags/example_nested_branch_dag.py for tasks to queue
[2023-12-07T16:52:03.256+0000] {logging_mixin.py:154} INFO - [2023-12-07T16:52:03.256+0000] {dagbag.py:536} INFO - Filling up the DagBag from /home/ubuntu/ec2_customer_chum_venv/lib/python3.10/site-packages/airflow/example_dags/example_nested_branch_dag.py
[2023-12-07T16:52:03.267+0000] {processor.py:839} INFO - DAG(s) dict_keys(['example_nested_branch_dag']) retrieved from /home/ubuntu/ec2_customer_chum_venv/lib/python3.10/site-packages/airflow/example_dags/example_nested_branch_dag.py
[2023-12-07T16:52:03.287+0000] {logging_mixin.py:154} INFO - [2023-12-07T16:52:03.287+0000] {dag.py:2941} INFO - Sync 1 DAGs
[2023-12-07T16:52:03.310+0000] {logging_mixin.py:154} INFO - [2023-12-07T16:52:03.310+0000] {dag.py:3722} INFO - Setting next_dagrun for example_nested_branch_dag to 2023-12-06T00:00:00+00:00, run_after=2023-12-07T00:00:00+00:00
[2023-12-07T16:52:03.338+0000] {processor.py:179} INFO - Processing /home/ubuntu/ec2_customer_chum_venv/lib/python3.10/site-packages/airflow/example_dags/example_nested_branch_dag.py took 0.088 seconds
[2023-12-07T16:52:51.830+0000] {processor.py:157} INFO - Started process (PID=5187) to work on /home/ubuntu/ec2_customer_chum_venv/lib/python3.10/site-packages/airflow/example_dags/example_nested_branch_dag.py
[2023-12-07T16:52:51.831+0000] {processor.py:829} INFO - Processing file /home/ubuntu/ec2_customer_chum_venv/lib/python3.10/site-packages/airflow/example_dags/example_nested_branch_dag.py for tasks to queue
[2023-12-07T16:52:51.832+0000] {logging_mixin.py:154} INFO - [2023-12-07T16:52:51.832+0000] {dagbag.py:536} INFO - Filling up the DagBag from /home/ubuntu/ec2_customer_chum_venv/lib/python3.10/site-packages/airflow/example_dags/example_nested_branch_dag.py
[2023-12-07T16:52:51.843+0000] {processor.py:839} INFO - DAG(s) dict_keys(['example_nested_branch_dag']) retrieved from /home/ubuntu/ec2_customer_chum_venv/lib/python3.10/site-packages/airflow/example_dags/example_nested_branch_dag.py
[2023-12-07T16:52:51.862+0000] {logging_mixin.py:154} INFO - [2023-12-07T16:52:51.862+0000] {dag.py:2941} INFO - Sync 1 DAGs
[2023-12-07T16:52:51.884+0000] {logging_mixin.py:154} INFO - [2023-12-07T16:52:51.884+0000] {dag.py:3722} INFO - Setting next_dagrun for example_nested_branch_dag to 2023-12-06T00:00:00+00:00, run_after=2023-12-07T00:00:00+00:00
[2023-12-07T16:52:51.905+0000] {processor.py:179} INFO - Processing /home/ubuntu/ec2_customer_chum_venv/lib/python3.10/site-packages/airflow/example_dags/example_nested_branch_dag.py took 0.079 seconds
[2023-12-07T16:54:05.050+0000] {processor.py:157} INFO - Started process (PID=5250) to work on /home/ubuntu/ec2_customer_chum_venv/lib/python3.10/site-packages/airflow/example_dags/example_nested_branch_dag.py
[2023-12-07T16:54:05.053+0000] {processor.py:829} INFO - Processing file /home/ubuntu/ec2_customer_chum_venv/lib/python3.10/site-packages/airflow/example_dags/example_nested_branch_dag.py for tasks to queue
[2023-12-07T16:54:05.054+0000] {logging_mixin.py:154} INFO - [2023-12-07T16:54:05.053+0000] {dagbag.py:536} INFO - Filling up the DagBag from /home/ubuntu/ec2_customer_chum_venv/lib/python3.10/site-packages/airflow/example_dags/example_nested_branch_dag.py
[2023-12-07T16:54:05.065+0000] {processor.py:839} INFO - DAG(s) dict_keys(['example_nested_branch_dag']) retrieved from /home/ubuntu/ec2_customer_chum_venv/lib/python3.10/site-packages/airflow/example_dags/example_nested_branch_dag.py
[2023-12-07T16:54:05.087+0000] {logging_mixin.py:154} INFO - [2023-12-07T16:54:05.087+0000] {dag.py:2941} INFO - Sync 1 DAGs
[2023-12-07T16:54:05.111+0000] {logging_mixin.py:154} INFO - [2023-12-07T16:54:05.111+0000] {dag.py:3722} INFO - Setting next_dagrun for example_nested_branch_dag to 2023-12-06T00:00:00+00:00, run_after=2023-12-07T00:00:00+00:00
[2023-12-07T16:54:05.134+0000] {processor.py:179} INFO - Processing /home/ubuntu/ec2_customer_chum_venv/lib/python3.10/site-packages/airflow/example_dags/example_nested_branch_dag.py took 0.087 seconds
[2023-12-07T16:54:50.526+0000] {processor.py:157} INFO - Started process (PID=5299) to work on /home/ubuntu/ec2_customer_chum_venv/lib/python3.10/site-packages/airflow/example_dags/example_nested_branch_dag.py
[2023-12-07T16:54:50.527+0000] {processor.py:829} INFO - Processing file /home/ubuntu/ec2_customer_chum_venv/lib/python3.10/site-packages/airflow/example_dags/example_nested_branch_dag.py for tasks to queue
[2023-12-07T16:54:50.528+0000] {logging_mixin.py:154} INFO - [2023-12-07T16:54:50.528+0000] {dagbag.py:536} INFO - Filling up the DagBag from /home/ubuntu/ec2_customer_chum_venv/lib/python3.10/site-packages/airflow/example_dags/example_nested_branch_dag.py
[2023-12-07T16:54:50.539+0000] {processor.py:839} INFO - DAG(s) dict_keys(['example_nested_branch_dag']) retrieved from /home/ubuntu/ec2_customer_chum_venv/lib/python3.10/site-packages/airflow/example_dags/example_nested_branch_dag.py
[2023-12-07T16:54:50.557+0000] {logging_mixin.py:154} INFO - [2023-12-07T16:54:50.557+0000] {dag.py:2941} INFO - Sync 1 DAGs
[2023-12-07T16:54:50.579+0000] {logging_mixin.py:154} INFO - [2023-12-07T16:54:50.579+0000] {dag.py:3722} INFO - Setting next_dagrun for example_nested_branch_dag to 2023-12-06T00:00:00+00:00, run_after=2023-12-07T00:00:00+00:00
[2023-12-07T16:54:50.600+0000] {processor.py:179} INFO - Processing /home/ubuntu/ec2_customer_chum_venv/lib/python3.10/site-packages/airflow/example_dags/example_nested_branch_dag.py took 0.077 seconds
[2023-12-07T16:55:35.811+0000] {processor.py:157} INFO - Started process (PID=5346) to work on /home/ubuntu/ec2_customer_chum_venv/lib/python3.10/site-packages/airflow/example_dags/example_nested_branch_dag.py
[2023-12-07T16:55:35.812+0000] {processor.py:829} INFO - Processing file /home/ubuntu/ec2_customer_chum_venv/lib/python3.10/site-packages/airflow/example_dags/example_nested_branch_dag.py for tasks to queue
[2023-12-07T16:55:35.813+0000] {logging_mixin.py:154} INFO - [2023-12-07T16:55:35.813+0000] {dagbag.py:536} INFO - Filling up the DagBag from /home/ubuntu/ec2_customer_chum_venv/lib/python3.10/site-packages/airflow/example_dags/example_nested_branch_dag.py
[2023-12-07T16:55:35.825+0000] {processor.py:839} INFO - DAG(s) dict_keys(['example_nested_branch_dag']) retrieved from /home/ubuntu/ec2_customer_chum_venv/lib/python3.10/site-packages/airflow/example_dags/example_nested_branch_dag.py
[2023-12-07T16:55:35.844+0000] {logging_mixin.py:154} INFO - [2023-12-07T16:55:35.844+0000] {dag.py:2941} INFO - Sync 1 DAGs
[2023-12-07T16:55:35.868+0000] {logging_mixin.py:154} INFO - [2023-12-07T16:55:35.867+0000] {dag.py:3722} INFO - Setting next_dagrun for example_nested_branch_dag to 2023-12-06T00:00:00+00:00, run_after=2023-12-07T00:00:00+00:00
[2023-12-07T16:55:35.894+0000] {processor.py:179} INFO - Processing /home/ubuntu/ec2_customer_chum_venv/lib/python3.10/site-packages/airflow/example_dags/example_nested_branch_dag.py took 0.087 seconds
[2023-12-07T16:56:20.849+0000] {processor.py:157} INFO - Started process (PID=5392) to work on /home/ubuntu/ec2_customer_chum_venv/lib/python3.10/site-packages/airflow/example_dags/example_nested_branch_dag.py
[2023-12-07T16:56:20.851+0000] {processor.py:829} INFO - Processing file /home/ubuntu/ec2_customer_chum_venv/lib/python3.10/site-packages/airflow/example_dags/example_nested_branch_dag.py for tasks to queue
[2023-12-07T16:56:20.852+0000] {logging_mixin.py:154} INFO - [2023-12-07T16:56:20.851+0000] {dagbag.py:536} INFO - Filling up the DagBag from /home/ubuntu/ec2_customer_chum_venv/lib/python3.10/site-packages/airflow/example_dags/example_nested_branch_dag.py
[2023-12-07T16:56:20.863+0000] {processor.py:839} INFO - DAG(s) dict_keys(['example_nested_branch_dag']) retrieved from /home/ubuntu/ec2_customer_chum_venv/lib/python3.10/site-packages/airflow/example_dags/example_nested_branch_dag.py
[2023-12-07T16:56:20.882+0000] {logging_mixin.py:154} INFO - [2023-12-07T16:56:20.882+0000] {dag.py:2941} INFO - Sync 1 DAGs
[2023-12-07T16:56:20.904+0000] {logging_mixin.py:154} INFO - [2023-12-07T16:56:20.904+0000] {dag.py:3722} INFO - Setting next_dagrun for example_nested_branch_dag to 2023-12-06T00:00:00+00:00, run_after=2023-12-07T00:00:00+00:00
[2023-12-07T16:56:20.928+0000] {processor.py:179} INFO - Processing /home/ubuntu/ec2_customer_chum_venv/lib/python3.10/site-packages/airflow/example_dags/example_nested_branch_dag.py took 0.082 seconds
[2023-12-07T16:57:04.535+0000] {processor.py:157} INFO - Started process (PID=5439) to work on /home/ubuntu/ec2_customer_chum_venv/lib/python3.10/site-packages/airflow/example_dags/example_nested_branch_dag.py
[2023-12-07T16:57:04.537+0000] {processor.py:829} INFO - Processing file /home/ubuntu/ec2_customer_chum_venv/lib/python3.10/site-packages/airflow/example_dags/example_nested_branch_dag.py for tasks to queue
[2023-12-07T16:57:04.538+0000] {logging_mixin.py:154} INFO - [2023-12-07T16:57:04.537+0000] {dagbag.py:536} INFO - Filling up the DagBag from /home/ubuntu/ec2_customer_chum_venv/lib/python3.10/site-packages/airflow/example_dags/example_nested_branch_dag.py
[2023-12-07T16:57:04.549+0000] {processor.py:839} INFO - DAG(s) dict_keys(['example_nested_branch_dag']) retrieved from /home/ubuntu/ec2_customer_chum_venv/lib/python3.10/site-packages/airflow/example_dags/example_nested_branch_dag.py
[2023-12-07T16:57:04.568+0000] {logging_mixin.py:154} INFO - [2023-12-07T16:57:04.568+0000] {dag.py:2941} INFO - Sync 1 DAGs
[2023-12-07T16:57:04.591+0000] {logging_mixin.py:154} INFO - [2023-12-07T16:57:04.591+0000] {dag.py:3722} INFO - Setting next_dagrun for example_nested_branch_dag to 2023-12-06T00:00:00+00:00, run_after=2023-12-07T00:00:00+00:00
[2023-12-07T16:57:04.617+0000] {processor.py:179} INFO - Processing /home/ubuntu/ec2_customer_chum_venv/lib/python3.10/site-packages/airflow/example_dags/example_nested_branch_dag.py took 0.085 seconds
[2023-12-07T16:57:46.916+0000] {processor.py:157} INFO - Started process (PID=5485) to work on /home/ubuntu/ec2_customer_chum_venv/lib/python3.10/site-packages/airflow/example_dags/example_nested_branch_dag.py
[2023-12-07T16:57:46.917+0000] {processor.py:829} INFO - Processing file /home/ubuntu/ec2_customer_chum_venv/lib/python3.10/site-packages/airflow/example_dags/example_nested_branch_dag.py for tasks to queue
[2023-12-07T16:57:46.918+0000] {logging_mixin.py:154} INFO - [2023-12-07T16:57:46.917+0000] {dagbag.py:536} INFO - Filling up the DagBag from /home/ubuntu/ec2_customer_chum_venv/lib/python3.10/site-packages/airflow/example_dags/example_nested_branch_dag.py
[2023-12-07T16:57:46.929+0000] {processor.py:839} INFO - DAG(s) dict_keys(['example_nested_branch_dag']) retrieved from /home/ubuntu/ec2_customer_chum_venv/lib/python3.10/site-packages/airflow/example_dags/example_nested_branch_dag.py
[2023-12-07T16:57:46.948+0000] {logging_mixin.py:154} INFO - [2023-12-07T16:57:46.948+0000] {dag.py:2941} INFO - Sync 1 DAGs
[2023-12-07T16:57:46.971+0000] {logging_mixin.py:154} INFO - [2023-12-07T16:57:46.971+0000] {dag.py:3722} INFO - Setting next_dagrun for example_nested_branch_dag to 2023-12-06T00:00:00+00:00, run_after=2023-12-07T00:00:00+00:00
[2023-12-07T16:57:46.994+0000] {processor.py:179} INFO - Processing /home/ubuntu/ec2_customer_chum_venv/lib/python3.10/site-packages/airflow/example_dags/example_nested_branch_dag.py took 0.082 seconds
[2023-12-07T16:58:33.892+0000] {processor.py:157} INFO - Started process (PID=5533) to work on /home/ubuntu/ec2_customer_chum_venv/lib/python3.10/site-packages/airflow/example_dags/example_nested_branch_dag.py
[2023-12-07T16:58:33.893+0000] {processor.py:829} INFO - Processing file /home/ubuntu/ec2_customer_chum_venv/lib/python3.10/site-packages/airflow/example_dags/example_nested_branch_dag.py for tasks to queue
[2023-12-07T16:58:33.894+0000] {logging_mixin.py:154} INFO - [2023-12-07T16:58:33.893+0000] {dagbag.py:536} INFO - Filling up the DagBag from /home/ubuntu/ec2_customer_chum_venv/lib/python3.10/site-packages/airflow/example_dags/example_nested_branch_dag.py
[2023-12-07T16:58:33.905+0000] {processor.py:839} INFO - DAG(s) dict_keys(['example_nested_branch_dag']) retrieved from /home/ubuntu/ec2_customer_chum_venv/lib/python3.10/site-packages/airflow/example_dags/example_nested_branch_dag.py
[2023-12-07T16:58:33.925+0000] {logging_mixin.py:154} INFO - [2023-12-07T16:58:33.924+0000] {dag.py:2941} INFO - Sync 1 DAGs
[2023-12-07T16:58:33.948+0000] {logging_mixin.py:154} INFO - [2023-12-07T16:58:33.947+0000] {dag.py:3722} INFO - Setting next_dagrun for example_nested_branch_dag to 2023-12-06T00:00:00+00:00, run_after=2023-12-07T00:00:00+00:00
[2023-12-07T16:58:33.978+0000] {processor.py:179} INFO - Processing /home/ubuntu/ec2_customer_chum_venv/lib/python3.10/site-packages/airflow/example_dags/example_nested_branch_dag.py took 0.090 seconds
[2023-12-07T16:59:14.798+0000] {processor.py:157} INFO - Started process (PID=5577) to work on /home/ubuntu/ec2_customer_chum_venv/lib/python3.10/site-packages/airflow/example_dags/example_nested_branch_dag.py
[2023-12-07T16:59:14.800+0000] {processor.py:829} INFO - Processing file /home/ubuntu/ec2_customer_chum_venv/lib/python3.10/site-packages/airflow/example_dags/example_nested_branch_dag.py for tasks to queue
[2023-12-07T16:59:14.800+0000] {logging_mixin.py:154} INFO - [2023-12-07T16:59:14.800+0000] {dagbag.py:536} INFO - Filling up the DagBag from /home/ubuntu/ec2_customer_chum_venv/lib/python3.10/site-packages/airflow/example_dags/example_nested_branch_dag.py
[2023-12-07T16:59:14.812+0000] {processor.py:839} INFO - DAG(s) dict_keys(['example_nested_branch_dag']) retrieved from /home/ubuntu/ec2_customer_chum_venv/lib/python3.10/site-packages/airflow/example_dags/example_nested_branch_dag.py
[2023-12-07T16:59:14.831+0000] {logging_mixin.py:154} INFO - [2023-12-07T16:59:14.831+0000] {dag.py:2941} INFO - Sync 1 DAGs
[2023-12-07T16:59:14.853+0000] {logging_mixin.py:154} INFO - [2023-12-07T16:59:14.853+0000] {dag.py:3722} INFO - Setting next_dagrun for example_nested_branch_dag to 2023-12-06T00:00:00+00:00, run_after=2023-12-07T00:00:00+00:00
[2023-12-07T16:59:14.875+0000] {processor.py:179} INFO - Processing /home/ubuntu/ec2_customer_chum_venv/lib/python3.10/site-packages/airflow/example_dags/example_nested_branch_dag.py took 0.081 seconds
[2023-12-07T16:59:58.957+0000] {processor.py:157} INFO - Started process (PID=5623) to work on /home/ubuntu/ec2_customer_chum_venv/lib/python3.10/site-packages/airflow/example_dags/example_nested_branch_dag.py
[2023-12-07T16:59:58.959+0000] {processor.py:829} INFO - Processing file /home/ubuntu/ec2_customer_chum_venv/lib/python3.10/site-packages/airflow/example_dags/example_nested_branch_dag.py for tasks to queue
[2023-12-07T16:59:58.959+0000] {logging_mixin.py:154} INFO - [2023-12-07T16:59:58.959+0000] {dagbag.py:536} INFO - Filling up the DagBag from /home/ubuntu/ec2_customer_chum_venv/lib/python3.10/site-packages/airflow/example_dags/example_nested_branch_dag.py
[2023-12-07T16:59:58.971+0000] {processor.py:839} INFO - DAG(s) dict_keys(['example_nested_branch_dag']) retrieved from /home/ubuntu/ec2_customer_chum_venv/lib/python3.10/site-packages/airflow/example_dags/example_nested_branch_dag.py
[2023-12-07T16:59:58.990+0000] {logging_mixin.py:154} INFO - [2023-12-07T16:59:58.989+0000] {dag.py:2941} INFO - Sync 1 DAGs
[2023-12-07T16:59:59.012+0000] {logging_mixin.py:154} INFO - [2023-12-07T16:59:59.012+0000] {dag.py:3722} INFO - Setting next_dagrun for example_nested_branch_dag to 2023-12-06T00:00:00+00:00, run_after=2023-12-07T00:00:00+00:00
[2023-12-07T16:59:59.034+0000] {processor.py:179} INFO - Processing /home/ubuntu/ec2_customer_chum_venv/lib/python3.10/site-packages/airflow/example_dags/example_nested_branch_dag.py took 0.080 seconds
[2023-12-07T17:00:44.496+0000] {processor.py:157} INFO - Started process (PID=5669) to work on /home/ubuntu/ec2_customer_chum_venv/lib/python3.10/site-packages/airflow/example_dags/example_nested_branch_dag.py
[2023-12-07T17:00:44.497+0000] {processor.py:829} INFO - Processing file /home/ubuntu/ec2_customer_chum_venv/lib/python3.10/site-packages/airflow/example_dags/example_nested_branch_dag.py for tasks to queue
[2023-12-07T17:00:44.498+0000] {logging_mixin.py:154} INFO - [2023-12-07T17:00:44.498+0000] {dagbag.py:536} INFO - Filling up the DagBag from /home/ubuntu/ec2_customer_chum_venv/lib/python3.10/site-packages/airflow/example_dags/example_nested_branch_dag.py
[2023-12-07T17:00:44.510+0000] {processor.py:839} INFO - DAG(s) dict_keys(['example_nested_branch_dag']) retrieved from /home/ubuntu/ec2_customer_chum_venv/lib/python3.10/site-packages/airflow/example_dags/example_nested_branch_dag.py
[2023-12-07T17:00:44.529+0000] {logging_mixin.py:154} INFO - [2023-12-07T17:00:44.528+0000] {dag.py:2941} INFO - Sync 1 DAGs
[2023-12-07T17:00:44.552+0000] {logging_mixin.py:154} INFO - [2023-12-07T17:00:44.551+0000] {dag.py:3722} INFO - Setting next_dagrun for example_nested_branch_dag to 2023-12-06T00:00:00+00:00, run_after=2023-12-07T00:00:00+00:00
[2023-12-07T17:00:44.573+0000] {processor.py:179} INFO - Processing /home/ubuntu/ec2_customer_chum_venv/lib/python3.10/site-packages/airflow/example_dags/example_nested_branch_dag.py took 0.080 seconds
[2023-12-07T17:01:31.681+0000] {processor.py:157} INFO - Started process (PID=5717) to work on /home/ubuntu/ec2_customer_chum_venv/lib/python3.10/site-packages/airflow/example_dags/example_nested_branch_dag.py
[2023-12-07T17:01:31.682+0000] {processor.py:829} INFO - Processing file /home/ubuntu/ec2_customer_chum_venv/lib/python3.10/site-packages/airflow/example_dags/example_nested_branch_dag.py for tasks to queue
[2023-12-07T17:01:31.683+0000] {logging_mixin.py:154} INFO - [2023-12-07T17:01:31.683+0000] {dagbag.py:536} INFO - Filling up the DagBag from /home/ubuntu/ec2_customer_chum_venv/lib/python3.10/site-packages/airflow/example_dags/example_nested_branch_dag.py
[2023-12-07T17:01:31.694+0000] {processor.py:839} INFO - DAG(s) dict_keys(['example_nested_branch_dag']) retrieved from /home/ubuntu/ec2_customer_chum_venv/lib/python3.10/site-packages/airflow/example_dags/example_nested_branch_dag.py
[2023-12-07T17:01:31.713+0000] {logging_mixin.py:154} INFO - [2023-12-07T17:01:31.713+0000] {dag.py:2941} INFO - Sync 1 DAGs
[2023-12-07T17:01:31.736+0000] {logging_mixin.py:154} INFO - [2023-12-07T17:01:31.735+0000] {dag.py:3722} INFO - Setting next_dagrun for example_nested_branch_dag to 2023-12-06T00:00:00+00:00, run_after=2023-12-07T00:00:00+00:00
[2023-12-07T17:01:31.759+0000] {processor.py:179} INFO - Processing /home/ubuntu/ec2_customer_chum_venv/lib/python3.10/site-packages/airflow/example_dags/example_nested_branch_dag.py took 0.081 seconds
[2023-12-07T17:02:17.954+0000] {processor.py:157} INFO - Started process (PID=5763) to work on /home/ubuntu/ec2_customer_chum_venv/lib/python3.10/site-packages/airflow/example_dags/example_nested_branch_dag.py
[2023-12-07T17:02:17.956+0000] {processor.py:829} INFO - Processing file /home/ubuntu/ec2_customer_chum_venv/lib/python3.10/site-packages/airflow/example_dags/example_nested_branch_dag.py for tasks to queue
[2023-12-07T17:02:17.956+0000] {logging_mixin.py:154} INFO - [2023-12-07T17:02:17.956+0000] {dagbag.py:536} INFO - Filling up the DagBag from /home/ubuntu/ec2_customer_chum_venv/lib/python3.10/site-packages/airflow/example_dags/example_nested_branch_dag.py
[2023-12-07T17:02:17.968+0000] {processor.py:839} INFO - DAG(s) dict_keys(['example_nested_branch_dag']) retrieved from /home/ubuntu/ec2_customer_chum_venv/lib/python3.10/site-packages/airflow/example_dags/example_nested_branch_dag.py
[2023-12-07T17:02:17.986+0000] {logging_mixin.py:154} INFO - [2023-12-07T17:02:17.986+0000] {dag.py:2941} INFO - Sync 1 DAGs
[2023-12-07T17:02:18.009+0000] {logging_mixin.py:154} INFO - [2023-12-07T17:02:18.009+0000] {dag.py:3722} INFO - Setting next_dagrun for example_nested_branch_dag to 2023-12-06T00:00:00+00:00, run_after=2023-12-07T00:00:00+00:00
[2023-12-07T17:02:18.033+0000] {processor.py:179} INFO - Processing /home/ubuntu/ec2_customer_chum_venv/lib/python3.10/site-packages/airflow/example_dags/example_nested_branch_dag.py took 0.082 seconds
[2023-12-07T17:03:05.246+0000] {processor.py:157} INFO - Started process (PID=5811) to work on /home/ubuntu/ec2_customer_chum_venv/lib/python3.10/site-packages/airflow/example_dags/example_nested_branch_dag.py
[2023-12-07T17:03:05.247+0000] {processor.py:829} INFO - Processing file /home/ubuntu/ec2_customer_chum_venv/lib/python3.10/site-packages/airflow/example_dags/example_nested_branch_dag.py for tasks to queue
[2023-12-07T17:03:05.248+0000] {logging_mixin.py:154} INFO - [2023-12-07T17:03:05.248+0000] {dagbag.py:536} INFO - Filling up the DagBag from /home/ubuntu/ec2_customer_chum_venv/lib/python3.10/site-packages/airflow/example_dags/example_nested_branch_dag.py
[2023-12-07T17:03:05.259+0000] {processor.py:839} INFO - DAG(s) dict_keys(['example_nested_branch_dag']) retrieved from /home/ubuntu/ec2_customer_chum_venv/lib/python3.10/site-packages/airflow/example_dags/example_nested_branch_dag.py
[2023-12-07T17:03:05.278+0000] {logging_mixin.py:154} INFO - [2023-12-07T17:03:05.278+0000] {dag.py:2941} INFO - Sync 1 DAGs
[2023-12-07T17:03:05.301+0000] {logging_mixin.py:154} INFO - [2023-12-07T17:03:05.300+0000] {dag.py:3722} INFO - Setting next_dagrun for example_nested_branch_dag to 2023-12-06T00:00:00+00:00, run_after=2023-12-07T00:00:00+00:00
[2023-12-07T17:03:05.326+0000] {processor.py:179} INFO - Processing /home/ubuntu/ec2_customer_chum_venv/lib/python3.10/site-packages/airflow/example_dags/example_nested_branch_dag.py took 0.083 seconds
[2023-12-07T17:03:51.929+0000] {processor.py:157} INFO - Started process (PID=5860) to work on /home/ubuntu/ec2_customer_chum_venv/lib/python3.10/site-packages/airflow/example_dags/example_nested_branch_dag.py
[2023-12-07T17:03:51.930+0000] {processor.py:829} INFO - Processing file /home/ubuntu/ec2_customer_chum_venv/lib/python3.10/site-packages/airflow/example_dags/example_nested_branch_dag.py for tasks to queue
[2023-12-07T17:03:51.931+0000] {logging_mixin.py:154} INFO - [2023-12-07T17:03:51.931+0000] {dagbag.py:536} INFO - Filling up the DagBag from /home/ubuntu/ec2_customer_chum_venv/lib/python3.10/site-packages/airflow/example_dags/example_nested_branch_dag.py
[2023-12-07T17:03:51.943+0000] {processor.py:839} INFO - DAG(s) dict_keys(['example_nested_branch_dag']) retrieved from /home/ubuntu/ec2_customer_chum_venv/lib/python3.10/site-packages/airflow/example_dags/example_nested_branch_dag.py
[2023-12-07T17:03:51.962+0000] {logging_mixin.py:154} INFO - [2023-12-07T17:03:51.961+0000] {dag.py:2941} INFO - Sync 1 DAGs
[2023-12-07T17:03:51.985+0000] {logging_mixin.py:154} INFO - [2023-12-07T17:03:51.985+0000] {dag.py:3722} INFO - Setting next_dagrun for example_nested_branch_dag to 2023-12-06T00:00:00+00:00, run_after=2023-12-07T00:00:00+00:00
[2023-12-07T17:03:52.010+0000] {processor.py:179} INFO - Processing /home/ubuntu/ec2_customer_chum_venv/lib/python3.10/site-packages/airflow/example_dags/example_nested_branch_dag.py took 0.085 seconds
[2023-12-07T17:04:42.072+0000] {processor.py:157} INFO - Started process (PID=5912) to work on /home/ubuntu/ec2_customer_chum_venv/lib/python3.10/site-packages/airflow/example_dags/example_nested_branch_dag.py
[2023-12-07T17:04:42.073+0000] {processor.py:829} INFO - Processing file /home/ubuntu/ec2_customer_chum_venv/lib/python3.10/site-packages/airflow/example_dags/example_nested_branch_dag.py for tasks to queue
[2023-12-07T17:04:42.074+0000] {logging_mixin.py:154} INFO - [2023-12-07T17:04:42.074+0000] {dagbag.py:536} INFO - Filling up the DagBag from /home/ubuntu/ec2_customer_chum_venv/lib/python3.10/site-packages/airflow/example_dags/example_nested_branch_dag.py
[2023-12-07T17:04:42.085+0000] {processor.py:839} INFO - DAG(s) dict_keys(['example_nested_branch_dag']) retrieved from /home/ubuntu/ec2_customer_chum_venv/lib/python3.10/site-packages/airflow/example_dags/example_nested_branch_dag.py
[2023-12-07T17:04:42.105+0000] {logging_mixin.py:154} INFO - [2023-12-07T17:04:42.104+0000] {dag.py:2941} INFO - Sync 1 DAGs
[2023-12-07T17:04:42.127+0000] {logging_mixin.py:154} INFO - [2023-12-07T17:04:42.127+0000] {dag.py:3722} INFO - Setting next_dagrun for example_nested_branch_dag to 2023-12-06T00:00:00+00:00, run_after=2023-12-07T00:00:00+00:00
[2023-12-07T17:04:42.150+0000] {processor.py:179} INFO - Processing /home/ubuntu/ec2_customer_chum_venv/lib/python3.10/site-packages/airflow/example_dags/example_nested_branch_dag.py took 0.081 seconds
[2023-12-07T17:05:25.861+0000] {processor.py:157} INFO - Started process (PID=5959) to work on /home/ubuntu/ec2_customer_chum_venv/lib/python3.10/site-packages/airflow/example_dags/example_nested_branch_dag.py
[2023-12-07T17:05:25.863+0000] {processor.py:829} INFO - Processing file /home/ubuntu/ec2_customer_chum_venv/lib/python3.10/site-packages/airflow/example_dags/example_nested_branch_dag.py for tasks to queue
[2023-12-07T17:05:25.864+0000] {logging_mixin.py:154} INFO - [2023-12-07T17:05:25.863+0000] {dagbag.py:536} INFO - Filling up the DagBag from /home/ubuntu/ec2_customer_chum_venv/lib/python3.10/site-packages/airflow/example_dags/example_nested_branch_dag.py
[2023-12-07T17:05:25.875+0000] {processor.py:839} INFO - DAG(s) dict_keys(['example_nested_branch_dag']) retrieved from /home/ubuntu/ec2_customer_chum_venv/lib/python3.10/site-packages/airflow/example_dags/example_nested_branch_dag.py
[2023-12-07T17:05:25.894+0000] {logging_mixin.py:154} INFO - [2023-12-07T17:05:25.894+0000] {dag.py:2941} INFO - Sync 1 DAGs
[2023-12-07T17:05:25.917+0000] {logging_mixin.py:154} INFO - [2023-12-07T17:05:25.917+0000] {dag.py:3722} INFO - Setting next_dagrun for example_nested_branch_dag to 2023-12-06T00:00:00+00:00, run_after=2023-12-07T00:00:00+00:00
[2023-12-07T17:05:25.941+0000] {processor.py:179} INFO - Processing /home/ubuntu/ec2_customer_chum_venv/lib/python3.10/site-packages/airflow/example_dags/example_nested_branch_dag.py took 0.083 seconds
[2023-12-07T17:06:08.822+0000] {processor.py:157} INFO - Started process (PID=6003) to work on /home/ubuntu/ec2_customer_chum_venv/lib/python3.10/site-packages/airflow/example_dags/example_nested_branch_dag.py
[2023-12-07T17:06:08.824+0000] {processor.py:829} INFO - Processing file /home/ubuntu/ec2_customer_chum_venv/lib/python3.10/site-packages/airflow/example_dags/example_nested_branch_dag.py for tasks to queue
[2023-12-07T17:06:08.824+0000] {logging_mixin.py:154} INFO - [2023-12-07T17:06:08.824+0000] {dagbag.py:536} INFO - Filling up the DagBag from /home/ubuntu/ec2_customer_chum_venv/lib/python3.10/site-packages/airflow/example_dags/example_nested_branch_dag.py
[2023-12-07T17:06:08.836+0000] {processor.py:839} INFO - DAG(s) dict_keys(['example_nested_branch_dag']) retrieved from /home/ubuntu/ec2_customer_chum_venv/lib/python3.10/site-packages/airflow/example_dags/example_nested_branch_dag.py
[2023-12-07T17:06:08.855+0000] {logging_mixin.py:154} INFO - [2023-12-07T17:06:08.854+0000] {dag.py:2941} INFO - Sync 1 DAGs
[2023-12-07T17:06:08.877+0000] {logging_mixin.py:154} INFO - [2023-12-07T17:06:08.877+0000] {dag.py:3722} INFO - Setting next_dagrun for example_nested_branch_dag to 2023-12-06T00:00:00+00:00, run_after=2023-12-07T00:00:00+00:00
[2023-12-07T17:06:08.901+0000] {processor.py:179} INFO - Processing /home/ubuntu/ec2_customer_chum_venv/lib/python3.10/site-packages/airflow/example_dags/example_nested_branch_dag.py took 0.082 seconds
[2023-12-07T17:06:52.572+0000] {processor.py:157} INFO - Started process (PID=6048) to work on /home/ubuntu/ec2_customer_chum_venv/lib/python3.10/site-packages/airflow/example_dags/example_nested_branch_dag.py
[2023-12-07T17:06:52.573+0000] {processor.py:829} INFO - Processing file /home/ubuntu/ec2_customer_chum_venv/lib/python3.10/site-packages/airflow/example_dags/example_nested_branch_dag.py for tasks to queue
[2023-12-07T17:06:52.574+0000] {logging_mixin.py:154} INFO - [2023-12-07T17:06:52.574+0000] {dagbag.py:536} INFO - Filling up the DagBag from /home/ubuntu/ec2_customer_chum_venv/lib/python3.10/site-packages/airflow/example_dags/example_nested_branch_dag.py
[2023-12-07T17:06:52.586+0000] {processor.py:839} INFO - DAG(s) dict_keys(['example_nested_branch_dag']) retrieved from /home/ubuntu/ec2_customer_chum_venv/lib/python3.10/site-packages/airflow/example_dags/example_nested_branch_dag.py
[2023-12-07T17:06:52.604+0000] {logging_mixin.py:154} INFO - [2023-12-07T17:06:52.604+0000] {dag.py:2941} INFO - Sync 1 DAGs
[2023-12-07T17:06:52.626+0000] {logging_mixin.py:154} INFO - [2023-12-07T17:06:52.626+0000] {dag.py:3722} INFO - Setting next_dagrun for example_nested_branch_dag to 2023-12-06T00:00:00+00:00, run_after=2023-12-07T00:00:00+00:00
[2023-12-07T17:06:52.649+0000] {processor.py:179} INFO - Processing /home/ubuntu/ec2_customer_chum_venv/lib/python3.10/site-packages/airflow/example_dags/example_nested_branch_dag.py took 0.080 seconds
[2023-12-07T17:07:35.971+0000] {processor.py:157} INFO - Started process (PID=6092) to work on /home/ubuntu/ec2_customer_chum_venv/lib/python3.10/site-packages/airflow/example_dags/example_nested_branch_dag.py
[2023-12-07T17:07:35.972+0000] {processor.py:829} INFO - Processing file /home/ubuntu/ec2_customer_chum_venv/lib/python3.10/site-packages/airflow/example_dags/example_nested_branch_dag.py for tasks to queue
[2023-12-07T17:07:35.973+0000] {logging_mixin.py:154} INFO - [2023-12-07T17:07:35.973+0000] {dagbag.py:536} INFO - Filling up the DagBag from /home/ubuntu/ec2_customer_chum_venv/lib/python3.10/site-packages/airflow/example_dags/example_nested_branch_dag.py
[2023-12-07T17:07:35.984+0000] {processor.py:839} INFO - DAG(s) dict_keys(['example_nested_branch_dag']) retrieved from /home/ubuntu/ec2_customer_chum_venv/lib/python3.10/site-packages/airflow/example_dags/example_nested_branch_dag.py
[2023-12-07T17:07:36.003+0000] {logging_mixin.py:154} INFO - [2023-12-07T17:07:36.003+0000] {dag.py:2941} INFO - Sync 1 DAGs
[2023-12-07T17:07:36.026+0000] {logging_mixin.py:154} INFO - [2023-12-07T17:07:36.026+0000] {dag.py:3722} INFO - Setting next_dagrun for example_nested_branch_dag to 2023-12-06T00:00:00+00:00, run_after=2023-12-07T00:00:00+00:00
[2023-12-07T17:07:36.049+0000] {processor.py:179} INFO - Processing /home/ubuntu/ec2_customer_chum_venv/lib/python3.10/site-packages/airflow/example_dags/example_nested_branch_dag.py took 0.081 seconds
[2023-12-07T17:08:20.576+0000] {processor.py:157} INFO - Started process (PID=6138) to work on /home/ubuntu/ec2_customer_chum_venv/lib/python3.10/site-packages/airflow/example_dags/example_nested_branch_dag.py
[2023-12-07T17:08:20.578+0000] {processor.py:829} INFO - Processing file /home/ubuntu/ec2_customer_chum_venv/lib/python3.10/site-packages/airflow/example_dags/example_nested_branch_dag.py for tasks to queue
[2023-12-07T17:08:20.579+0000] {logging_mixin.py:154} INFO - [2023-12-07T17:08:20.578+0000] {dagbag.py:536} INFO - Filling up the DagBag from /home/ubuntu/ec2_customer_chum_venv/lib/python3.10/site-packages/airflow/example_dags/example_nested_branch_dag.py
[2023-12-07T17:08:20.590+0000] {processor.py:839} INFO - DAG(s) dict_keys(['example_nested_branch_dag']) retrieved from /home/ubuntu/ec2_customer_chum_venv/lib/python3.10/site-packages/airflow/example_dags/example_nested_branch_dag.py
[2023-12-07T17:08:20.609+0000] {logging_mixin.py:154} INFO - [2023-12-07T17:08:20.609+0000] {dag.py:2941} INFO - Sync 1 DAGs
[2023-12-07T17:08:20.632+0000] {logging_mixin.py:154} INFO - [2023-12-07T17:08:20.632+0000] {dag.py:3722} INFO - Setting next_dagrun for example_nested_branch_dag to 2023-12-06T00:00:00+00:00, run_after=2023-12-07T00:00:00+00:00
[2023-12-07T17:08:20.656+0000] {processor.py:179} INFO - Processing /home/ubuntu/ec2_customer_chum_venv/lib/python3.10/site-packages/airflow/example_dags/example_nested_branch_dag.py took 0.083 seconds
[2023-12-07T17:09:07.288+0000] {processor.py:157} INFO - Started process (PID=6185) to work on /home/ubuntu/ec2_customer_chum_venv/lib/python3.10/site-packages/airflow/example_dags/example_nested_branch_dag.py
[2023-12-07T17:09:07.289+0000] {processor.py:829} INFO - Processing file /home/ubuntu/ec2_customer_chum_venv/lib/python3.10/site-packages/airflow/example_dags/example_nested_branch_dag.py for tasks to queue
[2023-12-07T17:09:07.290+0000] {logging_mixin.py:154} INFO - [2023-12-07T17:09:07.290+0000] {dagbag.py:536} INFO - Filling up the DagBag from /home/ubuntu/ec2_customer_chum_venv/lib/python3.10/site-packages/airflow/example_dags/example_nested_branch_dag.py
[2023-12-07T17:09:07.302+0000] {processor.py:839} INFO - DAG(s) dict_keys(['example_nested_branch_dag']) retrieved from /home/ubuntu/ec2_customer_chum_venv/lib/python3.10/site-packages/airflow/example_dags/example_nested_branch_dag.py
[2023-12-07T17:09:07.321+0000] {logging_mixin.py:154} INFO - [2023-12-07T17:09:07.321+0000] {dag.py:2941} INFO - Sync 1 DAGs
[2023-12-07T17:09:07.344+0000] {logging_mixin.py:154} INFO - [2023-12-07T17:09:07.344+0000] {dag.py:3722} INFO - Setting next_dagrun for example_nested_branch_dag to 2023-12-06T00:00:00+00:00, run_after=2023-12-07T00:00:00+00:00
[2023-12-07T17:09:07.370+0000] {processor.py:179} INFO - Processing /home/ubuntu/ec2_customer_chum_venv/lib/python3.10/site-packages/airflow/example_dags/example_nested_branch_dag.py took 0.086 seconds
[2023-12-07T17:09:49.633+0000] {processor.py:157} INFO - Started process (PID=6231) to work on /home/ubuntu/ec2_customer_chum_venv/lib/python3.10/site-packages/airflow/example_dags/example_nested_branch_dag.py
[2023-12-07T17:09:49.634+0000] {processor.py:829} INFO - Processing file /home/ubuntu/ec2_customer_chum_venv/lib/python3.10/site-packages/airflow/example_dags/example_nested_branch_dag.py for tasks to queue
[2023-12-07T17:09:49.635+0000] {logging_mixin.py:154} INFO - [2023-12-07T17:09:49.635+0000] {dagbag.py:536} INFO - Filling up the DagBag from /home/ubuntu/ec2_customer_chum_venv/lib/python3.10/site-packages/airflow/example_dags/example_nested_branch_dag.py
[2023-12-07T17:09:49.647+0000] {processor.py:839} INFO - DAG(s) dict_keys(['example_nested_branch_dag']) retrieved from /home/ubuntu/ec2_customer_chum_venv/lib/python3.10/site-packages/airflow/example_dags/example_nested_branch_dag.py
[2023-12-07T17:09:49.666+0000] {logging_mixin.py:154} INFO - [2023-12-07T17:09:49.666+0000] {dag.py:2941} INFO - Sync 1 DAGs
[2023-12-07T17:09:49.689+0000] {logging_mixin.py:154} INFO - [2023-12-07T17:09:49.689+0000] {dag.py:3722} INFO - Setting next_dagrun for example_nested_branch_dag to 2023-12-06T00:00:00+00:00, run_after=2023-12-07T00:00:00+00:00
[2023-12-07T17:09:49.712+0000] {processor.py:179} INFO - Processing /home/ubuntu/ec2_customer_chum_venv/lib/python3.10/site-packages/airflow/example_dags/example_nested_branch_dag.py took 0.082 seconds
[2023-12-07T17:10:35.883+0000] {processor.py:157} INFO - Started process (PID=6276) to work on /home/ubuntu/ec2_customer_chum_venv/lib/python3.10/site-packages/airflow/example_dags/example_nested_branch_dag.py
[2023-12-07T17:10:35.885+0000] {processor.py:829} INFO - Processing file /home/ubuntu/ec2_customer_chum_venv/lib/python3.10/site-packages/airflow/example_dags/example_nested_branch_dag.py for tasks to queue
[2023-12-07T17:10:35.886+0000] {logging_mixin.py:154} INFO - [2023-12-07T17:10:35.885+0000] {dagbag.py:536} INFO - Filling up the DagBag from /home/ubuntu/ec2_customer_chum_venv/lib/python3.10/site-packages/airflow/example_dags/example_nested_branch_dag.py
[2023-12-07T17:10:35.897+0000] {processor.py:839} INFO - DAG(s) dict_keys(['example_nested_branch_dag']) retrieved from /home/ubuntu/ec2_customer_chum_venv/lib/python3.10/site-packages/airflow/example_dags/example_nested_branch_dag.py
[2023-12-07T17:10:35.916+0000] {logging_mixin.py:154} INFO - [2023-12-07T17:10:35.916+0000] {dag.py:2941} INFO - Sync 1 DAGs
[2023-12-07T17:10:35.938+0000] {logging_mixin.py:154} INFO - [2023-12-07T17:10:35.938+0000] {dag.py:3722} INFO - Setting next_dagrun for example_nested_branch_dag to 2023-12-06T00:00:00+00:00, run_after=2023-12-07T00:00:00+00:00
[2023-12-07T17:10:35.963+0000] {processor.py:179} INFO - Processing /home/ubuntu/ec2_customer_chum_venv/lib/python3.10/site-packages/airflow/example_dags/example_nested_branch_dag.py took 0.083 seconds
[2023-12-07T17:11:20.161+0000] {processor.py:157} INFO - Started process (PID=6322) to work on /home/ubuntu/ec2_customer_chum_venv/lib/python3.10/site-packages/airflow/example_dags/example_nested_branch_dag.py
[2023-12-07T17:11:20.162+0000] {processor.py:829} INFO - Processing file /home/ubuntu/ec2_customer_chum_venv/lib/python3.10/site-packages/airflow/example_dags/example_nested_branch_dag.py for tasks to queue
[2023-12-07T17:11:20.163+0000] {logging_mixin.py:154} INFO - [2023-12-07T17:11:20.163+0000] {dagbag.py:536} INFO - Filling up the DagBag from /home/ubuntu/ec2_customer_chum_venv/lib/python3.10/site-packages/airflow/example_dags/example_nested_branch_dag.py
[2023-12-07T17:11:20.175+0000] {processor.py:839} INFO - DAG(s) dict_keys(['example_nested_branch_dag']) retrieved from /home/ubuntu/ec2_customer_chum_venv/lib/python3.10/site-packages/airflow/example_dags/example_nested_branch_dag.py
[2023-12-07T17:11:20.194+0000] {logging_mixin.py:154} INFO - [2023-12-07T17:11:20.194+0000] {dag.py:2941} INFO - Sync 1 DAGs
[2023-12-07T17:11:20.217+0000] {logging_mixin.py:154} INFO - [2023-12-07T17:11:20.217+0000] {dag.py:3722} INFO - Setting next_dagrun for example_nested_branch_dag to 2023-12-06T00:00:00+00:00, run_after=2023-12-07T00:00:00+00:00
[2023-12-07T17:11:20.241+0000] {processor.py:179} INFO - Processing /home/ubuntu/ec2_customer_chum_venv/lib/python3.10/site-packages/airflow/example_dags/example_nested_branch_dag.py took 0.084 seconds
[2023-12-07T17:12:05.514+0000] {processor.py:157} INFO - Started process (PID=6375) to work on /home/ubuntu/ec2_customer_chum_venv/lib/python3.10/site-packages/airflow/example_dags/example_nested_branch_dag.py
[2023-12-07T17:12:05.515+0000] {processor.py:829} INFO - Processing file /home/ubuntu/ec2_customer_chum_venv/lib/python3.10/site-packages/airflow/example_dags/example_nested_branch_dag.py for tasks to queue
[2023-12-07T17:12:05.516+0000] {logging_mixin.py:154} INFO - [2023-12-07T17:12:05.516+0000] {dagbag.py:536} INFO - Filling up the DagBag from /home/ubuntu/ec2_customer_chum_venv/lib/python3.10/site-packages/airflow/example_dags/example_nested_branch_dag.py
[2023-12-07T17:12:05.527+0000] {processor.py:839} INFO - DAG(s) dict_keys(['example_nested_branch_dag']) retrieved from /home/ubuntu/ec2_customer_chum_venv/lib/python3.10/site-packages/airflow/example_dags/example_nested_branch_dag.py
[2023-12-07T17:12:05.546+0000] {logging_mixin.py:154} INFO - [2023-12-07T17:12:05.546+0000] {dag.py:2941} INFO - Sync 1 DAGs
[2023-12-07T17:12:05.568+0000] {logging_mixin.py:154} INFO - [2023-12-07T17:12:05.568+0000] {dag.py:3722} INFO - Setting next_dagrun for example_nested_branch_dag to 2023-12-06T00:00:00+00:00, run_after=2023-12-07T00:00:00+00:00
[2023-12-07T17:12:05.593+0000] {processor.py:179} INFO - Processing /home/ubuntu/ec2_customer_chum_venv/lib/python3.10/site-packages/airflow/example_dags/example_nested_branch_dag.py took 0.083 seconds
[2023-12-07T17:12:52.997+0000] {processor.py:157} INFO - Started process (PID=6424) to work on /home/ubuntu/ec2_customer_chum_venv/lib/python3.10/site-packages/airflow/example_dags/example_nested_branch_dag.py
[2023-12-07T17:12:52.998+0000] {processor.py:829} INFO - Processing file /home/ubuntu/ec2_customer_chum_venv/lib/python3.10/site-packages/airflow/example_dags/example_nested_branch_dag.py for tasks to queue
[2023-12-07T17:12:52.999+0000] {logging_mixin.py:154} INFO - [2023-12-07T17:12:52.999+0000] {dagbag.py:536} INFO - Filling up the DagBag from /home/ubuntu/ec2_customer_chum_venv/lib/python3.10/site-packages/airflow/example_dags/example_nested_branch_dag.py
[2023-12-07T17:12:53.011+0000] {processor.py:839} INFO - DAG(s) dict_keys(['example_nested_branch_dag']) retrieved from /home/ubuntu/ec2_customer_chum_venv/lib/python3.10/site-packages/airflow/example_dags/example_nested_branch_dag.py
[2023-12-07T17:12:53.030+0000] {logging_mixin.py:154} INFO - [2023-12-07T17:12:53.030+0000] {dag.py:2941} INFO - Sync 1 DAGs
[2023-12-07T17:12:53.052+0000] {logging_mixin.py:154} INFO - [2023-12-07T17:12:53.052+0000] {dag.py:3722} INFO - Setting next_dagrun for example_nested_branch_dag to 2023-12-06T00:00:00+00:00, run_after=2023-12-07T00:00:00+00:00
[2023-12-07T17:12:53.074+0000] {processor.py:179} INFO - Processing /home/ubuntu/ec2_customer_chum_venv/lib/python3.10/site-packages/airflow/example_dags/example_nested_branch_dag.py took 0.080 seconds
[2023-12-07T17:13:38.149+0000] {processor.py:157} INFO - Started process (PID=6558) to work on /home/ubuntu/ec2_customer_chum_venv/lib/python3.10/site-packages/airflow/example_dags/example_nested_branch_dag.py
[2023-12-07T17:13:38.150+0000] {processor.py:829} INFO - Processing file /home/ubuntu/ec2_customer_chum_venv/lib/python3.10/site-packages/airflow/example_dags/example_nested_branch_dag.py for tasks to queue
[2023-12-07T17:13:38.151+0000] {logging_mixin.py:154} INFO - [2023-12-07T17:13:38.151+0000] {dagbag.py:536} INFO - Filling up the DagBag from /home/ubuntu/ec2_customer_chum_venv/lib/python3.10/site-packages/airflow/example_dags/example_nested_branch_dag.py
[2023-12-07T17:13:38.162+0000] {processor.py:839} INFO - DAG(s) dict_keys(['example_nested_branch_dag']) retrieved from /home/ubuntu/ec2_customer_chum_venv/lib/python3.10/site-packages/airflow/example_dags/example_nested_branch_dag.py
[2023-12-07T17:13:38.181+0000] {logging_mixin.py:154} INFO - [2023-12-07T17:13:38.181+0000] {dag.py:2941} INFO - Sync 1 DAGs
[2023-12-07T17:13:38.204+0000] {logging_mixin.py:154} INFO - [2023-12-07T17:13:38.204+0000] {dag.py:3722} INFO - Setting next_dagrun for example_nested_branch_dag to 2023-12-06T00:00:00+00:00, run_after=2023-12-07T00:00:00+00:00
[2023-12-07T17:13:38.228+0000] {processor.py:179} INFO - Processing /home/ubuntu/ec2_customer_chum_venv/lib/python3.10/site-packages/airflow/example_dags/example_nested_branch_dag.py took 0.083 seconds
[2023-12-07T17:14:29.426+0000] {processor.py:157} INFO - Started process (PID=6610) to work on /home/ubuntu/ec2_customer_chum_venv/lib/python3.10/site-packages/airflow/example_dags/example_nested_branch_dag.py
[2023-12-07T17:14:29.427+0000] {processor.py:829} INFO - Processing file /home/ubuntu/ec2_customer_chum_venv/lib/python3.10/site-packages/airflow/example_dags/example_nested_branch_dag.py for tasks to queue
[2023-12-07T17:14:29.428+0000] {logging_mixin.py:154} INFO - [2023-12-07T17:14:29.428+0000] {dagbag.py:536} INFO - Filling up the DagBag from /home/ubuntu/ec2_customer_chum_venv/lib/python3.10/site-packages/airflow/example_dags/example_nested_branch_dag.py
[2023-12-07T17:14:29.439+0000] {processor.py:839} INFO - DAG(s) dict_keys(['example_nested_branch_dag']) retrieved from /home/ubuntu/ec2_customer_chum_venv/lib/python3.10/site-packages/airflow/example_dags/example_nested_branch_dag.py
[2023-12-07T17:14:29.459+0000] {logging_mixin.py:154} INFO - [2023-12-07T17:14:29.458+0000] {dag.py:2941} INFO - Sync 1 DAGs
[2023-12-07T17:14:29.480+0000] {logging_mixin.py:154} INFO - [2023-12-07T17:14:29.480+0000] {dag.py:3722} INFO - Setting next_dagrun for example_nested_branch_dag to 2023-12-06T00:00:00+00:00, run_after=2023-12-07T00:00:00+00:00
[2023-12-07T17:14:29.504+0000] {processor.py:179} INFO - Processing /home/ubuntu/ec2_customer_chum_venv/lib/python3.10/site-packages/airflow/example_dags/example_nested_branch_dag.py took 0.082 seconds
[2023-12-07T17:15:13.117+0000] {processor.py:157} INFO - Started process (PID=6722) to work on /home/ubuntu/ec2_customer_chum_venv/lib/python3.10/site-packages/airflow/example_dags/example_nested_branch_dag.py
[2023-12-07T17:15:13.118+0000] {processor.py:829} INFO - Processing file /home/ubuntu/ec2_customer_chum_venv/lib/python3.10/site-packages/airflow/example_dags/example_nested_branch_dag.py for tasks to queue
[2023-12-07T17:15:13.119+0000] {logging_mixin.py:154} INFO - [2023-12-07T17:15:13.118+0000] {dagbag.py:536} INFO - Filling up the DagBag from /home/ubuntu/ec2_customer_chum_venv/lib/python3.10/site-packages/airflow/example_dags/example_nested_branch_dag.py
[2023-12-07T17:15:13.130+0000] {processor.py:839} INFO - DAG(s) dict_keys(['example_nested_branch_dag']) retrieved from /home/ubuntu/ec2_customer_chum_venv/lib/python3.10/site-packages/airflow/example_dags/example_nested_branch_dag.py
[2023-12-07T17:15:13.149+0000] {logging_mixin.py:154} INFO - [2023-12-07T17:15:13.149+0000] {dag.py:2941} INFO - Sync 1 DAGs
[2023-12-07T17:15:13.171+0000] {logging_mixin.py:154} INFO - [2023-12-07T17:15:13.171+0000] {dag.py:3722} INFO - Setting next_dagrun for example_nested_branch_dag to 2023-12-06T00:00:00+00:00, run_after=2023-12-07T00:00:00+00:00
[2023-12-07T17:15:13.193+0000] {processor.py:179} INFO - Processing /home/ubuntu/ec2_customer_chum_venv/lib/python3.10/site-packages/airflow/example_dags/example_nested_branch_dag.py took 0.080 seconds
