[2023-12-07T16:49:37.097+0000] {processor.py:157} INFO - Started process (PID=4990) to work on /home/ubuntu/ec2_customer_chum_venv/lib/python3.10/site-packages/airflow/example_dags/example_kubernetes_executor.py
[2023-12-07T16:49:37.098+0000] {processor.py:829} INFO - Processing file /home/ubuntu/ec2_customer_chum_venv/lib/python3.10/site-packages/airflow/example_dags/example_kubernetes_executor.py for tasks to queue
[2023-12-07T16:49:37.099+0000] {logging_mixin.py:154} INFO - [2023-12-07T16:49:37.099+0000] {dagbag.py:536} INFO - Filling up the DagBag from /home/ubuntu/ec2_customer_chum_venv/lib/python3.10/site-packages/airflow/example_dags/example_kubernetes_executor.py
[2023-12-07T16:49:37.102+0000] {logging_mixin.py:154} INFO - [2023-12-07T16:49:37.102+0000] {example_kubernetes_executor.py:38} WARNING - The example_kubernetes_executor example DAG requires the kubernetes provider. Please install it with: pip install apache-airflow[cncf.kubernetes]
[2023-12-07T16:49:37.102+0000] {processor.py:841} WARNING - No viable dags retrieved from /home/ubuntu/ec2_customer_chum_venv/lib/python3.10/site-packages/airflow/example_dags/example_kubernetes_executor.py
[2023-12-07T16:49:37.113+0000] {processor.py:179} INFO - Processing /home/ubuntu/ec2_customer_chum_venv/lib/python3.10/site-packages/airflow/example_dags/example_kubernetes_executor.py took 0.019 seconds
[2023-12-07T16:50:25.132+0000] {processor.py:157} INFO - Started process (PID=5036) to work on /home/ubuntu/ec2_customer_chum_venv/lib/python3.10/site-packages/airflow/example_dags/example_kubernetes_executor.py
[2023-12-07T16:50:25.133+0000] {processor.py:829} INFO - Processing file /home/ubuntu/ec2_customer_chum_venv/lib/python3.10/site-packages/airflow/example_dags/example_kubernetes_executor.py for tasks to queue
[2023-12-07T16:50:25.134+0000] {logging_mixin.py:154} INFO - [2023-12-07T16:50:25.134+0000] {dagbag.py:536} INFO - Filling up the DagBag from /home/ubuntu/ec2_customer_chum_venv/lib/python3.10/site-packages/airflow/example_dags/example_kubernetes_executor.py
[2023-12-07T16:50:25.137+0000] {logging_mixin.py:154} INFO - [2023-12-07T16:50:25.137+0000] {example_kubernetes_executor.py:38} WARNING - The example_kubernetes_executor example DAG requires the kubernetes provider. Please install it with: pip install apache-airflow[cncf.kubernetes]
[2023-12-07T16:50:25.138+0000] {processor.py:841} WARNING - No viable dags retrieved from /home/ubuntu/ec2_customer_chum_venv/lib/python3.10/site-packages/airflow/example_dags/example_kubernetes_executor.py
[2023-12-07T16:50:25.148+0000] {processor.py:179} INFO - Processing /home/ubuntu/ec2_customer_chum_venv/lib/python3.10/site-packages/airflow/example_dags/example_kubernetes_executor.py took 0.020 seconds
[2023-12-07T16:51:14.838+0000] {processor.py:157} INFO - Started process (PID=5087) to work on /home/ubuntu/ec2_customer_chum_venv/lib/python3.10/site-packages/airflow/example_dags/example_kubernetes_executor.py
[2023-12-07T16:51:14.839+0000] {processor.py:829} INFO - Processing file /home/ubuntu/ec2_customer_chum_venv/lib/python3.10/site-packages/airflow/example_dags/example_kubernetes_executor.py for tasks to queue
[2023-12-07T16:51:14.840+0000] {logging_mixin.py:154} INFO - [2023-12-07T16:51:14.839+0000] {dagbag.py:536} INFO - Filling up the DagBag from /home/ubuntu/ec2_customer_chum_venv/lib/python3.10/site-packages/airflow/example_dags/example_kubernetes_executor.py
[2023-12-07T16:51:14.843+0000] {logging_mixin.py:154} INFO - [2023-12-07T16:51:14.843+0000] {example_kubernetes_executor.py:38} WARNING - The example_kubernetes_executor example DAG requires the kubernetes provider. Please install it with: pip install apache-airflow[cncf.kubernetes]
[2023-12-07T16:51:14.843+0000] {processor.py:841} WARNING - No viable dags retrieved from /home/ubuntu/ec2_customer_chum_venv/lib/python3.10/site-packages/airflow/example_dags/example_kubernetes_executor.py
[2023-12-07T16:51:14.854+0000] {processor.py:179} INFO - Processing /home/ubuntu/ec2_customer_chum_venv/lib/python3.10/site-packages/airflow/example_dags/example_kubernetes_executor.py took 0.020 seconds
[2023-12-07T16:52:05.541+0000] {processor.py:157} INFO - Started process (PID=5139) to work on /home/ubuntu/ec2_customer_chum_venv/lib/python3.10/site-packages/airflow/example_dags/example_kubernetes_executor.py
[2023-12-07T16:52:05.543+0000] {processor.py:829} INFO - Processing file /home/ubuntu/ec2_customer_chum_venv/lib/python3.10/site-packages/airflow/example_dags/example_kubernetes_executor.py for tasks to queue
[2023-12-07T16:52:05.543+0000] {logging_mixin.py:154} INFO - [2023-12-07T16:52:05.543+0000] {dagbag.py:536} INFO - Filling up the DagBag from /home/ubuntu/ec2_customer_chum_venv/lib/python3.10/site-packages/airflow/example_dags/example_kubernetes_executor.py
[2023-12-07T16:52:05.547+0000] {logging_mixin.py:154} INFO - [2023-12-07T16:52:05.547+0000] {example_kubernetes_executor.py:38} WARNING - The example_kubernetes_executor example DAG requires the kubernetes provider. Please install it with: pip install apache-airflow[cncf.kubernetes]
[2023-12-07T16:52:05.547+0000] {processor.py:841} WARNING - No viable dags retrieved from /home/ubuntu/ec2_customer_chum_venv/lib/python3.10/site-packages/airflow/example_dags/example_kubernetes_executor.py
[2023-12-07T16:52:05.558+0000] {processor.py:179} INFO - Processing /home/ubuntu/ec2_customer_chum_venv/lib/python3.10/site-packages/airflow/example_dags/example_kubernetes_executor.py took 0.020 seconds
[2023-12-07T16:52:53.551+0000] {processor.py:157} INFO - Started process (PID=5189) to work on /home/ubuntu/ec2_customer_chum_venv/lib/python3.10/site-packages/airflow/example_dags/example_kubernetes_executor.py
[2023-12-07T16:52:53.553+0000] {processor.py:829} INFO - Processing file /home/ubuntu/ec2_customer_chum_venv/lib/python3.10/site-packages/airflow/example_dags/example_kubernetes_executor.py for tasks to queue
[2023-12-07T16:52:53.553+0000] {logging_mixin.py:154} INFO - [2023-12-07T16:52:53.553+0000] {dagbag.py:536} INFO - Filling up the DagBag from /home/ubuntu/ec2_customer_chum_venv/lib/python3.10/site-packages/airflow/example_dags/example_kubernetes_executor.py
[2023-12-07T16:52:53.557+0000] {logging_mixin.py:154} INFO - [2023-12-07T16:52:53.557+0000] {example_kubernetes_executor.py:38} WARNING - The example_kubernetes_executor example DAG requires the kubernetes provider. Please install it with: pip install apache-airflow[cncf.kubernetes]
[2023-12-07T16:52:53.557+0000] {processor.py:841} WARNING - No viable dags retrieved from /home/ubuntu/ec2_customer_chum_venv/lib/python3.10/site-packages/airflow/example_dags/example_kubernetes_executor.py
[2023-12-07T16:52:53.567+0000] {processor.py:179} INFO - Processing /home/ubuntu/ec2_customer_chum_venv/lib/python3.10/site-packages/airflow/example_dags/example_kubernetes_executor.py took 0.020 seconds
[2023-12-07T16:54:07.332+0000] {processor.py:157} INFO - Started process (PID=5252) to work on /home/ubuntu/ec2_customer_chum_venv/lib/python3.10/site-packages/airflow/example_dags/example_kubernetes_executor.py
[2023-12-07T16:54:07.334+0000] {processor.py:829} INFO - Processing file /home/ubuntu/ec2_customer_chum_venv/lib/python3.10/site-packages/airflow/example_dags/example_kubernetes_executor.py for tasks to queue
[2023-12-07T16:54:07.335+0000] {logging_mixin.py:154} INFO - [2023-12-07T16:54:07.335+0000] {dagbag.py:536} INFO - Filling up the DagBag from /home/ubuntu/ec2_customer_chum_venv/lib/python3.10/site-packages/airflow/example_dags/example_kubernetes_executor.py
[2023-12-07T16:54:07.338+0000] {logging_mixin.py:154} INFO - [2023-12-07T16:54:07.338+0000] {example_kubernetes_executor.py:38} WARNING - The example_kubernetes_executor example DAG requires the kubernetes provider. Please install it with: pip install apache-airflow[cncf.kubernetes]
[2023-12-07T16:54:07.339+0000] {processor.py:841} WARNING - No viable dags retrieved from /home/ubuntu/ec2_customer_chum_venv/lib/python3.10/site-packages/airflow/example_dags/example_kubernetes_executor.py
[2023-12-07T16:54:07.350+0000] {processor.py:179} INFO - Processing /home/ubuntu/ec2_customer_chum_venv/lib/python3.10/site-packages/airflow/example_dags/example_kubernetes_executor.py took 0.021 seconds
[2023-12-07T16:54:52.762+0000] {processor.py:157} INFO - Started process (PID=5301) to work on /home/ubuntu/ec2_customer_chum_venv/lib/python3.10/site-packages/airflow/example_dags/example_kubernetes_executor.py
[2023-12-07T16:54:52.764+0000] {processor.py:829} INFO - Processing file /home/ubuntu/ec2_customer_chum_venv/lib/python3.10/site-packages/airflow/example_dags/example_kubernetes_executor.py for tasks to queue
[2023-12-07T16:54:52.765+0000] {logging_mixin.py:154} INFO - [2023-12-07T16:54:52.764+0000] {dagbag.py:536} INFO - Filling up the DagBag from /home/ubuntu/ec2_customer_chum_venv/lib/python3.10/site-packages/airflow/example_dags/example_kubernetes_executor.py
[2023-12-07T16:54:52.768+0000] {logging_mixin.py:154} INFO - [2023-12-07T16:54:52.768+0000] {example_kubernetes_executor.py:38} WARNING - The example_kubernetes_executor example DAG requires the kubernetes provider. Please install it with: pip install apache-airflow[cncf.kubernetes]
[2023-12-07T16:54:52.768+0000] {processor.py:841} WARNING - No viable dags retrieved from /home/ubuntu/ec2_customer_chum_venv/lib/python3.10/site-packages/airflow/example_dags/example_kubernetes_executor.py
[2023-12-07T16:54:52.780+0000] {processor.py:179} INFO - Processing /home/ubuntu/ec2_customer_chum_venv/lib/python3.10/site-packages/airflow/example_dags/example_kubernetes_executor.py took 0.021 seconds
[2023-12-07T16:55:37.295+0000] {processor.py:157} INFO - Started process (PID=5348) to work on /home/ubuntu/ec2_customer_chum_venv/lib/python3.10/site-packages/airflow/example_dags/example_kubernetes_executor.py
[2023-12-07T16:55:37.297+0000] {processor.py:829} INFO - Processing file /home/ubuntu/ec2_customer_chum_venv/lib/python3.10/site-packages/airflow/example_dags/example_kubernetes_executor.py for tasks to queue
[2023-12-07T16:55:37.297+0000] {logging_mixin.py:154} INFO - [2023-12-07T16:55:37.297+0000] {dagbag.py:536} INFO - Filling up the DagBag from /home/ubuntu/ec2_customer_chum_venv/lib/python3.10/site-packages/airflow/example_dags/example_kubernetes_executor.py
[2023-12-07T16:55:37.301+0000] {logging_mixin.py:154} INFO - [2023-12-07T16:55:37.301+0000] {example_kubernetes_executor.py:38} WARNING - The example_kubernetes_executor example DAG requires the kubernetes provider. Please install it with: pip install apache-airflow[cncf.kubernetes]
[2023-12-07T16:55:37.301+0000] {processor.py:841} WARNING - No viable dags retrieved from /home/ubuntu/ec2_customer_chum_venv/lib/python3.10/site-packages/airflow/example_dags/example_kubernetes_executor.py
[2023-12-07T16:55:37.312+0000] {processor.py:179} INFO - Processing /home/ubuntu/ec2_customer_chum_venv/lib/python3.10/site-packages/airflow/example_dags/example_kubernetes_executor.py took 0.020 seconds
[2023-12-07T16:56:23.307+0000] {processor.py:157} INFO - Started process (PID=5395) to work on /home/ubuntu/ec2_customer_chum_venv/lib/python3.10/site-packages/airflow/example_dags/example_kubernetes_executor.py
[2023-12-07T16:56:23.309+0000] {processor.py:829} INFO - Processing file /home/ubuntu/ec2_customer_chum_venv/lib/python3.10/site-packages/airflow/example_dags/example_kubernetes_executor.py for tasks to queue
[2023-12-07T16:56:23.310+0000] {logging_mixin.py:154} INFO - [2023-12-07T16:56:23.309+0000] {dagbag.py:536} INFO - Filling up the DagBag from /home/ubuntu/ec2_customer_chum_venv/lib/python3.10/site-packages/airflow/example_dags/example_kubernetes_executor.py
[2023-12-07T16:56:23.313+0000] {logging_mixin.py:154} INFO - [2023-12-07T16:56:23.313+0000] {example_kubernetes_executor.py:38} WARNING - The example_kubernetes_executor example DAG requires the kubernetes provider. Please install it with: pip install apache-airflow[cncf.kubernetes]
[2023-12-07T16:56:23.313+0000] {processor.py:841} WARNING - No viable dags retrieved from /home/ubuntu/ec2_customer_chum_venv/lib/python3.10/site-packages/airflow/example_dags/example_kubernetes_executor.py
[2023-12-07T16:56:23.324+0000] {processor.py:179} INFO - Processing /home/ubuntu/ec2_customer_chum_venv/lib/python3.10/site-packages/airflow/example_dags/example_kubernetes_executor.py took 0.020 seconds
[2023-12-07T16:57:06.818+0000] {processor.py:157} INFO - Started process (PID=5441) to work on /home/ubuntu/ec2_customer_chum_venv/lib/python3.10/site-packages/airflow/example_dags/example_kubernetes_executor.py
[2023-12-07T16:57:06.820+0000] {processor.py:829} INFO - Processing file /home/ubuntu/ec2_customer_chum_venv/lib/python3.10/site-packages/airflow/example_dags/example_kubernetes_executor.py for tasks to queue
[2023-12-07T16:57:06.821+0000] {logging_mixin.py:154} INFO - [2023-12-07T16:57:06.820+0000] {dagbag.py:536} INFO - Filling up the DagBag from /home/ubuntu/ec2_customer_chum_venv/lib/python3.10/site-packages/airflow/example_dags/example_kubernetes_executor.py
[2023-12-07T16:57:06.824+0000] {logging_mixin.py:154} INFO - [2023-12-07T16:57:06.824+0000] {example_kubernetes_executor.py:38} WARNING - The example_kubernetes_executor example DAG requires the kubernetes provider. Please install it with: pip install apache-airflow[cncf.kubernetes]
[2023-12-07T16:57:06.824+0000] {processor.py:841} WARNING - No viable dags retrieved from /home/ubuntu/ec2_customer_chum_venv/lib/python3.10/site-packages/airflow/example_dags/example_kubernetes_executor.py
[2023-12-07T16:57:06.835+0000] {processor.py:179} INFO - Processing /home/ubuntu/ec2_customer_chum_venv/lib/python3.10/site-packages/airflow/example_dags/example_kubernetes_executor.py took 0.020 seconds
[2023-12-07T16:57:49.198+0000] {processor.py:157} INFO - Started process (PID=5487) to work on /home/ubuntu/ec2_customer_chum_venv/lib/python3.10/site-packages/airflow/example_dags/example_kubernetes_executor.py
[2023-12-07T16:57:49.200+0000] {processor.py:829} INFO - Processing file /home/ubuntu/ec2_customer_chum_venv/lib/python3.10/site-packages/airflow/example_dags/example_kubernetes_executor.py for tasks to queue
[2023-12-07T16:57:49.201+0000] {logging_mixin.py:154} INFO - [2023-12-07T16:57:49.200+0000] {dagbag.py:536} INFO - Filling up the DagBag from /home/ubuntu/ec2_customer_chum_venv/lib/python3.10/site-packages/airflow/example_dags/example_kubernetes_executor.py
[2023-12-07T16:57:49.204+0000] {logging_mixin.py:154} INFO - [2023-12-07T16:57:49.204+0000] {example_kubernetes_executor.py:38} WARNING - The example_kubernetes_executor example DAG requires the kubernetes provider. Please install it with: pip install apache-airflow[cncf.kubernetes]
[2023-12-07T16:57:49.204+0000] {processor.py:841} WARNING - No viable dags retrieved from /home/ubuntu/ec2_customer_chum_venv/lib/python3.10/site-packages/airflow/example_dags/example_kubernetes_executor.py
[2023-12-07T16:57:49.215+0000] {processor.py:179} INFO - Processing /home/ubuntu/ec2_customer_chum_venv/lib/python3.10/site-packages/airflow/example_dags/example_kubernetes_executor.py took 0.020 seconds
[2023-12-07T16:58:36.173+0000] {processor.py:157} INFO - Started process (PID=5535) to work on /home/ubuntu/ec2_customer_chum_venv/lib/python3.10/site-packages/airflow/example_dags/example_kubernetes_executor.py
[2023-12-07T16:58:36.174+0000] {processor.py:829} INFO - Processing file /home/ubuntu/ec2_customer_chum_venv/lib/python3.10/site-packages/airflow/example_dags/example_kubernetes_executor.py for tasks to queue
[2023-12-07T16:58:36.175+0000] {logging_mixin.py:154} INFO - [2023-12-07T16:58:36.175+0000] {dagbag.py:536} INFO - Filling up the DagBag from /home/ubuntu/ec2_customer_chum_venv/lib/python3.10/site-packages/airflow/example_dags/example_kubernetes_executor.py
[2023-12-07T16:58:36.178+0000] {logging_mixin.py:154} INFO - [2023-12-07T16:58:36.178+0000] {example_kubernetes_executor.py:38} WARNING - The example_kubernetes_executor example DAG requires the kubernetes provider. Please install it with: pip install apache-airflow[cncf.kubernetes]
[2023-12-07T16:58:36.179+0000] {processor.py:841} WARNING - No viable dags retrieved from /home/ubuntu/ec2_customer_chum_venv/lib/python3.10/site-packages/airflow/example_dags/example_kubernetes_executor.py
[2023-12-07T16:58:36.189+0000] {processor.py:179} INFO - Processing /home/ubuntu/ec2_customer_chum_venv/lib/python3.10/site-packages/airflow/example_dags/example_kubernetes_executor.py took 0.020 seconds
[2023-12-07T16:59:17.079+0000] {processor.py:157} INFO - Started process (PID=5579) to work on /home/ubuntu/ec2_customer_chum_venv/lib/python3.10/site-packages/airflow/example_dags/example_kubernetes_executor.py
[2023-12-07T16:59:17.080+0000] {processor.py:829} INFO - Processing file /home/ubuntu/ec2_customer_chum_venv/lib/python3.10/site-packages/airflow/example_dags/example_kubernetes_executor.py for tasks to queue
[2023-12-07T16:59:17.081+0000] {logging_mixin.py:154} INFO - [2023-12-07T16:59:17.081+0000] {dagbag.py:536} INFO - Filling up the DagBag from /home/ubuntu/ec2_customer_chum_venv/lib/python3.10/site-packages/airflow/example_dags/example_kubernetes_executor.py
[2023-12-07T16:59:17.084+0000] {logging_mixin.py:154} INFO - [2023-12-07T16:59:17.084+0000] {example_kubernetes_executor.py:38} WARNING - The example_kubernetes_executor example DAG requires the kubernetes provider. Please install it with: pip install apache-airflow[cncf.kubernetes]
[2023-12-07T16:59:17.085+0000] {processor.py:841} WARNING - No viable dags retrieved from /home/ubuntu/ec2_customer_chum_venv/lib/python3.10/site-packages/airflow/example_dags/example_kubernetes_executor.py
[2023-12-07T16:59:17.096+0000] {processor.py:179} INFO - Processing /home/ubuntu/ec2_customer_chum_venv/lib/python3.10/site-packages/airflow/example_dags/example_kubernetes_executor.py took 0.020 seconds
[2023-12-07T17:00:01.405+0000] {processor.py:157} INFO - Started process (PID=5625) to work on /home/ubuntu/ec2_customer_chum_venv/lib/python3.10/site-packages/airflow/example_dags/example_kubernetes_executor.py
[2023-12-07T17:00:01.406+0000] {processor.py:829} INFO - Processing file /home/ubuntu/ec2_customer_chum_venv/lib/python3.10/site-packages/airflow/example_dags/example_kubernetes_executor.py for tasks to queue
[2023-12-07T17:00:01.407+0000] {logging_mixin.py:154} INFO - [2023-12-07T17:00:01.407+0000] {dagbag.py:536} INFO - Filling up the DagBag from /home/ubuntu/ec2_customer_chum_venv/lib/python3.10/site-packages/airflow/example_dags/example_kubernetes_executor.py
[2023-12-07T17:00:01.411+0000] {logging_mixin.py:154} INFO - [2023-12-07T17:00:01.411+0000] {example_kubernetes_executor.py:38} WARNING - The example_kubernetes_executor example DAG requires the kubernetes provider. Please install it with: pip install apache-airflow[cncf.kubernetes]
[2023-12-07T17:00:01.411+0000] {processor.py:841} WARNING - No viable dags retrieved from /home/ubuntu/ec2_customer_chum_venv/lib/python3.10/site-packages/airflow/example_dags/example_kubernetes_executor.py
[2023-12-07T17:00:01.423+0000] {processor.py:179} INFO - Processing /home/ubuntu/ec2_customer_chum_venv/lib/python3.10/site-packages/airflow/example_dags/example_kubernetes_executor.py took 0.022 seconds
[2023-12-07T17:00:50.553+0000] {processor.py:157} INFO - Started process (PID=5675) to work on /home/ubuntu/ec2_customer_chum_venv/lib/python3.10/site-packages/airflow/example_dags/example_kubernetes_executor.py
[2023-12-07T17:00:50.554+0000] {processor.py:829} INFO - Processing file /home/ubuntu/ec2_customer_chum_venv/lib/python3.10/site-packages/airflow/example_dags/example_kubernetes_executor.py for tasks to queue
[2023-12-07T17:00:50.555+0000] {logging_mixin.py:154} INFO - [2023-12-07T17:00:50.555+0000] {dagbag.py:536} INFO - Filling up the DagBag from /home/ubuntu/ec2_customer_chum_venv/lib/python3.10/site-packages/airflow/example_dags/example_kubernetes_executor.py
[2023-12-07T17:00:50.559+0000] {logging_mixin.py:154} INFO - [2023-12-07T17:00:50.559+0000] {example_kubernetes_executor.py:38} WARNING - The example_kubernetes_executor example DAG requires the kubernetes provider. Please install it with: pip install apache-airflow[cncf.kubernetes]
[2023-12-07T17:00:50.559+0000] {processor.py:841} WARNING - No viable dags retrieved from /home/ubuntu/ec2_customer_chum_venv/lib/python3.10/site-packages/airflow/example_dags/example_kubernetes_executor.py
[2023-12-07T17:00:50.569+0000] {processor.py:179} INFO - Processing /home/ubuntu/ec2_customer_chum_venv/lib/python3.10/site-packages/airflow/example_dags/example_kubernetes_executor.py took 0.019 seconds
[2023-12-07T17:01:36.832+0000] {processor.py:157} INFO - Started process (PID=5722) to work on /home/ubuntu/ec2_customer_chum_venv/lib/python3.10/site-packages/airflow/example_dags/example_kubernetes_executor.py
[2023-12-07T17:01:36.833+0000] {processor.py:829} INFO - Processing file /home/ubuntu/ec2_customer_chum_venv/lib/python3.10/site-packages/airflow/example_dags/example_kubernetes_executor.py for tasks to queue
[2023-12-07T17:01:36.834+0000] {logging_mixin.py:154} INFO - [2023-12-07T17:01:36.834+0000] {dagbag.py:536} INFO - Filling up the DagBag from /home/ubuntu/ec2_customer_chum_venv/lib/python3.10/site-packages/airflow/example_dags/example_kubernetes_executor.py
[2023-12-07T17:01:36.837+0000] {logging_mixin.py:154} INFO - [2023-12-07T17:01:36.837+0000] {example_kubernetes_executor.py:38} WARNING - The example_kubernetes_executor example DAG requires the kubernetes provider. Please install it with: pip install apache-airflow[cncf.kubernetes]
[2023-12-07T17:01:36.838+0000] {processor.py:841} WARNING - No viable dags retrieved from /home/ubuntu/ec2_customer_chum_venv/lib/python3.10/site-packages/airflow/example_dags/example_kubernetes_executor.py
[2023-12-07T17:01:36.848+0000] {processor.py:179} INFO - Processing /home/ubuntu/ec2_customer_chum_venv/lib/python3.10/site-packages/airflow/example_dags/example_kubernetes_executor.py took 0.020 seconds
[2023-12-07T17:02:24.791+0000] {processor.py:157} INFO - Started process (PID=5770) to work on /home/ubuntu/ec2_customer_chum_venv/lib/python3.10/site-packages/airflow/example_dags/example_kubernetes_executor.py
[2023-12-07T17:02:24.792+0000] {processor.py:829} INFO - Processing file /home/ubuntu/ec2_customer_chum_venv/lib/python3.10/site-packages/airflow/example_dags/example_kubernetes_executor.py for tasks to queue
[2023-12-07T17:02:24.793+0000] {logging_mixin.py:154} INFO - [2023-12-07T17:02:24.793+0000] {dagbag.py:536} INFO - Filling up the DagBag from /home/ubuntu/ec2_customer_chum_venv/lib/python3.10/site-packages/airflow/example_dags/example_kubernetes_executor.py
[2023-12-07T17:02:24.796+0000] {logging_mixin.py:154} INFO - [2023-12-07T17:02:24.796+0000] {example_kubernetes_executor.py:38} WARNING - The example_kubernetes_executor example DAG requires the kubernetes provider. Please install it with: pip install apache-airflow[cncf.kubernetes]
[2023-12-07T17:02:24.797+0000] {processor.py:841} WARNING - No viable dags retrieved from /home/ubuntu/ec2_customer_chum_venv/lib/python3.10/site-packages/airflow/example_dags/example_kubernetes_executor.py
[2023-12-07T17:02:24.807+0000] {processor.py:179} INFO - Processing /home/ubuntu/ec2_customer_chum_venv/lib/python3.10/site-packages/airflow/example_dags/example_kubernetes_executor.py took 0.020 seconds
[2023-12-07T17:03:12.232+0000] {processor.py:157} INFO - Started process (PID=5818) to work on /home/ubuntu/ec2_customer_chum_venv/lib/python3.10/site-packages/airflow/example_dags/example_kubernetes_executor.py
[2023-12-07T17:03:12.234+0000] {processor.py:829} INFO - Processing file /home/ubuntu/ec2_customer_chum_venv/lib/python3.10/site-packages/airflow/example_dags/example_kubernetes_executor.py for tasks to queue
[2023-12-07T17:03:12.235+0000] {logging_mixin.py:154} INFO - [2023-12-07T17:03:12.234+0000] {dagbag.py:536} INFO - Filling up the DagBag from /home/ubuntu/ec2_customer_chum_venv/lib/python3.10/site-packages/airflow/example_dags/example_kubernetes_executor.py
[2023-12-07T17:03:12.238+0000] {logging_mixin.py:154} INFO - [2023-12-07T17:03:12.238+0000] {example_kubernetes_executor.py:38} WARNING - The example_kubernetes_executor example DAG requires the kubernetes provider. Please install it with: pip install apache-airflow[cncf.kubernetes]
[2023-12-07T17:03:12.238+0000] {processor.py:841} WARNING - No viable dags retrieved from /home/ubuntu/ec2_customer_chum_venv/lib/python3.10/site-packages/airflow/example_dags/example_kubernetes_executor.py
[2023-12-07T17:03:12.249+0000] {processor.py:179} INFO - Processing /home/ubuntu/ec2_customer_chum_venv/lib/python3.10/site-packages/airflow/example_dags/example_kubernetes_executor.py took 0.020 seconds
[2023-12-07T17:03:55.929+0000] {processor.py:157} INFO - Started process (PID=5864) to work on /home/ubuntu/ec2_customer_chum_venv/lib/python3.10/site-packages/airflow/example_dags/example_kubernetes_executor.py
[2023-12-07T17:03:55.931+0000] {processor.py:829} INFO - Processing file /home/ubuntu/ec2_customer_chum_venv/lib/python3.10/site-packages/airflow/example_dags/example_kubernetes_executor.py for tasks to queue
[2023-12-07T17:03:55.932+0000] {logging_mixin.py:154} INFO - [2023-12-07T17:03:55.931+0000] {dagbag.py:536} INFO - Filling up the DagBag from /home/ubuntu/ec2_customer_chum_venv/lib/python3.10/site-packages/airflow/example_dags/example_kubernetes_executor.py
[2023-12-07T17:03:55.935+0000] {logging_mixin.py:154} INFO - [2023-12-07T17:03:55.935+0000] {example_kubernetes_executor.py:38} WARNING - The example_kubernetes_executor example DAG requires the kubernetes provider. Please install it with: pip install apache-airflow[cncf.kubernetes]
[2023-12-07T17:03:55.936+0000] {processor.py:841} WARNING - No viable dags retrieved from /home/ubuntu/ec2_customer_chum_venv/lib/python3.10/site-packages/airflow/example_dags/example_kubernetes_executor.py
[2023-12-07T17:03:55.946+0000] {processor.py:179} INFO - Processing /home/ubuntu/ec2_customer_chum_venv/lib/python3.10/site-packages/airflow/example_dags/example_kubernetes_executor.py took 0.020 seconds
[2023-12-07T17:04:43.084+0000] {processor.py:157} INFO - Started process (PID=5914) to work on /home/ubuntu/ec2_customer_chum_venv/lib/python3.10/site-packages/airflow/example_dags/example_kubernetes_executor.py
[2023-12-07T17:04:43.085+0000] {processor.py:829} INFO - Processing file /home/ubuntu/ec2_customer_chum_venv/lib/python3.10/site-packages/airflow/example_dags/example_kubernetes_executor.py for tasks to queue
[2023-12-07T17:04:43.086+0000] {logging_mixin.py:154} INFO - [2023-12-07T17:04:43.086+0000] {dagbag.py:536} INFO - Filling up the DagBag from /home/ubuntu/ec2_customer_chum_venv/lib/python3.10/site-packages/airflow/example_dags/example_kubernetes_executor.py
[2023-12-07T17:04:43.090+0000] {logging_mixin.py:154} INFO - [2023-12-07T17:04:43.089+0000] {example_kubernetes_executor.py:38} WARNING - The example_kubernetes_executor example DAG requires the kubernetes provider. Please install it with: pip install apache-airflow[cncf.kubernetes]
[2023-12-07T17:04:43.090+0000] {processor.py:841} WARNING - No viable dags retrieved from /home/ubuntu/ec2_customer_chum_venv/lib/python3.10/site-packages/airflow/example_dags/example_kubernetes_executor.py
[2023-12-07T17:04:43.101+0000] {processor.py:179} INFO - Processing /home/ubuntu/ec2_customer_chum_venv/lib/python3.10/site-packages/airflow/example_dags/example_kubernetes_executor.py took 0.020 seconds
[2023-12-07T17:05:28.146+0000] {processor.py:157} INFO - Started process (PID=5961) to work on /home/ubuntu/ec2_customer_chum_venv/lib/python3.10/site-packages/airflow/example_dags/example_kubernetes_executor.py
[2023-12-07T17:05:28.148+0000] {processor.py:829} INFO - Processing file /home/ubuntu/ec2_customer_chum_venv/lib/python3.10/site-packages/airflow/example_dags/example_kubernetes_executor.py for tasks to queue
[2023-12-07T17:05:28.148+0000] {logging_mixin.py:154} INFO - [2023-12-07T17:05:28.148+0000] {dagbag.py:536} INFO - Filling up the DagBag from /home/ubuntu/ec2_customer_chum_venv/lib/python3.10/site-packages/airflow/example_dags/example_kubernetes_executor.py
[2023-12-07T17:05:28.152+0000] {logging_mixin.py:154} INFO - [2023-12-07T17:05:28.152+0000] {example_kubernetes_executor.py:38} WARNING - The example_kubernetes_executor example DAG requires the kubernetes provider. Please install it with: pip install apache-airflow[cncf.kubernetes]
[2023-12-07T17:05:28.152+0000] {processor.py:841} WARNING - No viable dags retrieved from /home/ubuntu/ec2_customer_chum_venv/lib/python3.10/site-packages/airflow/example_dags/example_kubernetes_executor.py
[2023-12-07T17:05:28.163+0000] {processor.py:179} INFO - Processing /home/ubuntu/ec2_customer_chum_venv/lib/python3.10/site-packages/airflow/example_dags/example_kubernetes_executor.py took 0.020 seconds
[2023-12-07T17:06:10.123+0000] {processor.py:157} INFO - Started process (PID=6005) to work on /home/ubuntu/ec2_customer_chum_venv/lib/python3.10/site-packages/airflow/example_dags/example_kubernetes_executor.py
[2023-12-07T17:06:10.125+0000] {processor.py:829} INFO - Processing file /home/ubuntu/ec2_customer_chum_venv/lib/python3.10/site-packages/airflow/example_dags/example_kubernetes_executor.py for tasks to queue
[2023-12-07T17:06:10.126+0000] {logging_mixin.py:154} INFO - [2023-12-07T17:06:10.125+0000] {dagbag.py:536} INFO - Filling up the DagBag from /home/ubuntu/ec2_customer_chum_venv/lib/python3.10/site-packages/airflow/example_dags/example_kubernetes_executor.py
[2023-12-07T17:06:10.129+0000] {logging_mixin.py:154} INFO - [2023-12-07T17:06:10.129+0000] {example_kubernetes_executor.py:38} WARNING - The example_kubernetes_executor example DAG requires the kubernetes provider. Please install it with: pip install apache-airflow[cncf.kubernetes]
[2023-12-07T17:06:10.129+0000] {processor.py:841} WARNING - No viable dags retrieved from /home/ubuntu/ec2_customer_chum_venv/lib/python3.10/site-packages/airflow/example_dags/example_kubernetes_executor.py
[2023-12-07T17:06:10.141+0000] {processor.py:179} INFO - Processing /home/ubuntu/ec2_customer_chum_venv/lib/python3.10/site-packages/airflow/example_dags/example_kubernetes_executor.py took 0.021 seconds
[2023-12-07T17:06:54.852+0000] {processor.py:157} INFO - Started process (PID=6050) to work on /home/ubuntu/ec2_customer_chum_venv/lib/python3.10/site-packages/airflow/example_dags/example_kubernetes_executor.py
[2023-12-07T17:06:54.853+0000] {processor.py:829} INFO - Processing file /home/ubuntu/ec2_customer_chum_venv/lib/python3.10/site-packages/airflow/example_dags/example_kubernetes_executor.py for tasks to queue
[2023-12-07T17:06:54.854+0000] {logging_mixin.py:154} INFO - [2023-12-07T17:06:54.854+0000] {dagbag.py:536} INFO - Filling up the DagBag from /home/ubuntu/ec2_customer_chum_venv/lib/python3.10/site-packages/airflow/example_dags/example_kubernetes_executor.py
[2023-12-07T17:06:54.858+0000] {logging_mixin.py:154} INFO - [2023-12-07T17:06:54.857+0000] {example_kubernetes_executor.py:38} WARNING - The example_kubernetes_executor example DAG requires the kubernetes provider. Please install it with: pip install apache-airflow[cncf.kubernetes]
[2023-12-07T17:06:54.858+0000] {processor.py:841} WARNING - No viable dags retrieved from /home/ubuntu/ec2_customer_chum_venv/lib/python3.10/site-packages/airflow/example_dags/example_kubernetes_executor.py
[2023-12-07T17:06:54.869+0000] {processor.py:179} INFO - Processing /home/ubuntu/ec2_customer_chum_venv/lib/python3.10/site-packages/airflow/example_dags/example_kubernetes_executor.py took 0.020 seconds
[2023-12-07T17:07:41.456+0000] {processor.py:157} INFO - Started process (PID=6099) to work on /home/ubuntu/ec2_customer_chum_venv/lib/python3.10/site-packages/airflow/example_dags/example_kubernetes_executor.py
[2023-12-07T17:07:41.458+0000] {processor.py:829} INFO - Processing file /home/ubuntu/ec2_customer_chum_venv/lib/python3.10/site-packages/airflow/example_dags/example_kubernetes_executor.py for tasks to queue
[2023-12-07T17:07:41.458+0000] {logging_mixin.py:154} INFO - [2023-12-07T17:07:41.458+0000] {dagbag.py:536} INFO - Filling up the DagBag from /home/ubuntu/ec2_customer_chum_venv/lib/python3.10/site-packages/airflow/example_dags/example_kubernetes_executor.py
[2023-12-07T17:07:41.462+0000] {logging_mixin.py:154} INFO - [2023-12-07T17:07:41.462+0000] {example_kubernetes_executor.py:38} WARNING - The example_kubernetes_executor example DAG requires the kubernetes provider. Please install it with: pip install apache-airflow[cncf.kubernetes]
[2023-12-07T17:07:41.462+0000] {processor.py:841} WARNING - No viable dags retrieved from /home/ubuntu/ec2_customer_chum_venv/lib/python3.10/site-packages/airflow/example_dags/example_kubernetes_executor.py
[2023-12-07T17:07:41.473+0000] {processor.py:179} INFO - Processing /home/ubuntu/ec2_customer_chum_venv/lib/python3.10/site-packages/airflow/example_dags/example_kubernetes_executor.py took 0.020 seconds
[2023-12-07T17:08:28.991+0000] {processor.py:157} INFO - Started process (PID=6146) to work on /home/ubuntu/ec2_customer_chum_venv/lib/python3.10/site-packages/airflow/example_dags/example_kubernetes_executor.py
[2023-12-07T17:08:28.992+0000] {processor.py:829} INFO - Processing file /home/ubuntu/ec2_customer_chum_venv/lib/python3.10/site-packages/airflow/example_dags/example_kubernetes_executor.py for tasks to queue
[2023-12-07T17:08:28.993+0000] {logging_mixin.py:154} INFO - [2023-12-07T17:08:28.993+0000] {dagbag.py:536} INFO - Filling up the DagBag from /home/ubuntu/ec2_customer_chum_venv/lib/python3.10/site-packages/airflow/example_dags/example_kubernetes_executor.py
[2023-12-07T17:08:28.996+0000] {logging_mixin.py:154} INFO - [2023-12-07T17:08:28.996+0000] {example_kubernetes_executor.py:38} WARNING - The example_kubernetes_executor example DAG requires the kubernetes provider. Please install it with: pip install apache-airflow[cncf.kubernetes]
[2023-12-07T17:08:28.997+0000] {processor.py:841} WARNING - No viable dags retrieved from /home/ubuntu/ec2_customer_chum_venv/lib/python3.10/site-packages/airflow/example_dags/example_kubernetes_executor.py
[2023-12-07T17:08:29.008+0000] {processor.py:179} INFO - Processing /home/ubuntu/ec2_customer_chum_venv/lib/python3.10/site-packages/airflow/example_dags/example_kubernetes_executor.py took 0.021 seconds
[2023-12-07T17:09:15.296+0000] {processor.py:157} INFO - Started process (PID=6194) to work on /home/ubuntu/ec2_customer_chum_venv/lib/python3.10/site-packages/airflow/example_dags/example_kubernetes_executor.py
[2023-12-07T17:09:15.297+0000] {processor.py:829} INFO - Processing file /home/ubuntu/ec2_customer_chum_venv/lib/python3.10/site-packages/airflow/example_dags/example_kubernetes_executor.py for tasks to queue
[2023-12-07T17:09:15.298+0000] {logging_mixin.py:154} INFO - [2023-12-07T17:09:15.298+0000] {dagbag.py:536} INFO - Filling up the DagBag from /home/ubuntu/ec2_customer_chum_venv/lib/python3.10/site-packages/airflow/example_dags/example_kubernetes_executor.py
[2023-12-07T17:09:15.302+0000] {logging_mixin.py:154} INFO - [2023-12-07T17:09:15.302+0000] {example_kubernetes_executor.py:38} WARNING - The example_kubernetes_executor example DAG requires the kubernetes provider. Please install it with: pip install apache-airflow[cncf.kubernetes]
[2023-12-07T17:09:15.302+0000] {processor.py:841} WARNING - No viable dags retrieved from /home/ubuntu/ec2_customer_chum_venv/lib/python3.10/site-packages/airflow/example_dags/example_kubernetes_executor.py
[2023-12-07T17:09:15.313+0000] {processor.py:179} INFO - Processing /home/ubuntu/ec2_customer_chum_venv/lib/python3.10/site-packages/airflow/example_dags/example_kubernetes_executor.py took 0.020 seconds
[2023-12-07T17:09:57.654+0000] {processor.py:157} INFO - Started process (PID=6239) to work on /home/ubuntu/ec2_customer_chum_venv/lib/python3.10/site-packages/airflow/example_dags/example_kubernetes_executor.py
[2023-12-07T17:09:57.656+0000] {processor.py:829} INFO - Processing file /home/ubuntu/ec2_customer_chum_venv/lib/python3.10/site-packages/airflow/example_dags/example_kubernetes_executor.py for tasks to queue
[2023-12-07T17:09:57.657+0000] {logging_mixin.py:154} INFO - [2023-12-07T17:09:57.656+0000] {dagbag.py:536} INFO - Filling up the DagBag from /home/ubuntu/ec2_customer_chum_venv/lib/python3.10/site-packages/airflow/example_dags/example_kubernetes_executor.py
[2023-12-07T17:09:57.660+0000] {logging_mixin.py:154} INFO - [2023-12-07T17:09:57.660+0000] {example_kubernetes_executor.py:38} WARNING - The example_kubernetes_executor example DAG requires the kubernetes provider. Please install it with: pip install apache-airflow[cncf.kubernetes]
[2023-12-07T17:09:57.660+0000] {processor.py:841} WARNING - No viable dags retrieved from /home/ubuntu/ec2_customer_chum_venv/lib/python3.10/site-packages/airflow/example_dags/example_kubernetes_executor.py
[2023-12-07T17:09:57.671+0000] {processor.py:179} INFO - Processing /home/ubuntu/ec2_customer_chum_venv/lib/python3.10/site-packages/airflow/example_dags/example_kubernetes_executor.py took 0.020 seconds
[2023-12-07T17:10:47.589+0000] {processor.py:157} INFO - Started process (PID=6289) to work on /home/ubuntu/ec2_customer_chum_venv/lib/python3.10/site-packages/airflow/example_dags/example_kubernetes_executor.py
[2023-12-07T17:10:47.591+0000] {processor.py:829} INFO - Processing file /home/ubuntu/ec2_customer_chum_venv/lib/python3.10/site-packages/airflow/example_dags/example_kubernetes_executor.py for tasks to queue
[2023-12-07T17:10:47.592+0000] {logging_mixin.py:154} INFO - [2023-12-07T17:10:47.592+0000] {dagbag.py:536} INFO - Filling up the DagBag from /home/ubuntu/ec2_customer_chum_venv/lib/python3.10/site-packages/airflow/example_dags/example_kubernetes_executor.py
[2023-12-07T17:10:47.595+0000] {logging_mixin.py:154} INFO - [2023-12-07T17:10:47.595+0000] {example_kubernetes_executor.py:38} WARNING - The example_kubernetes_executor example DAG requires the kubernetes provider. Please install it with: pip install apache-airflow[cncf.kubernetes]
[2023-12-07T17:10:47.595+0000] {processor.py:841} WARNING - No viable dags retrieved from /home/ubuntu/ec2_customer_chum_venv/lib/python3.10/site-packages/airflow/example_dags/example_kubernetes_executor.py
[2023-12-07T17:10:47.606+0000] {processor.py:179} INFO - Processing /home/ubuntu/ec2_customer_chum_venv/lib/python3.10/site-packages/airflow/example_dags/example_kubernetes_executor.py took 0.020 seconds
[2023-12-07T17:11:31.983+0000] {processor.py:157} INFO - Started process (PID=6336) to work on /home/ubuntu/ec2_customer_chum_venv/lib/python3.10/site-packages/airflow/example_dags/example_kubernetes_executor.py
[2023-12-07T17:11:31.984+0000] {processor.py:829} INFO - Processing file /home/ubuntu/ec2_customer_chum_venv/lib/python3.10/site-packages/airflow/example_dags/example_kubernetes_executor.py for tasks to queue
[2023-12-07T17:11:31.985+0000] {logging_mixin.py:154} INFO - [2023-12-07T17:11:31.985+0000] {dagbag.py:536} INFO - Filling up the DagBag from /home/ubuntu/ec2_customer_chum_venv/lib/python3.10/site-packages/airflow/example_dags/example_kubernetes_executor.py
[2023-12-07T17:11:31.989+0000] {logging_mixin.py:154} INFO - [2023-12-07T17:11:31.988+0000] {example_kubernetes_executor.py:38} WARNING - The example_kubernetes_executor example DAG requires the kubernetes provider. Please install it with: pip install apache-airflow[cncf.kubernetes]
[2023-12-07T17:11:31.989+0000] {processor.py:841} WARNING - No viable dags retrieved from /home/ubuntu/ec2_customer_chum_venv/lib/python3.10/site-packages/airflow/example_dags/example_kubernetes_executor.py
[2023-12-07T17:11:32.000+0000] {processor.py:179} INFO - Processing /home/ubuntu/ec2_customer_chum_venv/lib/python3.10/site-packages/airflow/example_dags/example_kubernetes_executor.py took 0.020 seconds
[2023-12-07T17:12:15.817+0000] {processor.py:157} INFO - Started process (PID=6385) to work on /home/ubuntu/ec2_customer_chum_venv/lib/python3.10/site-packages/airflow/example_dags/example_kubernetes_executor.py
[2023-12-07T17:12:15.818+0000] {processor.py:829} INFO - Processing file /home/ubuntu/ec2_customer_chum_venv/lib/python3.10/site-packages/airflow/example_dags/example_kubernetes_executor.py for tasks to queue
[2023-12-07T17:12:15.819+0000] {logging_mixin.py:154} INFO - [2023-12-07T17:12:15.818+0000] {dagbag.py:536} INFO - Filling up the DagBag from /home/ubuntu/ec2_customer_chum_venv/lib/python3.10/site-packages/airflow/example_dags/example_kubernetes_executor.py
[2023-12-07T17:12:15.822+0000] {logging_mixin.py:154} INFO - [2023-12-07T17:12:15.822+0000] {example_kubernetes_executor.py:38} WARNING - The example_kubernetes_executor example DAG requires the kubernetes provider. Please install it with: pip install apache-airflow[cncf.kubernetes]
[2023-12-07T17:12:15.822+0000] {processor.py:841} WARNING - No viable dags retrieved from /home/ubuntu/ec2_customer_chum_venv/lib/python3.10/site-packages/airflow/example_dags/example_kubernetes_executor.py
[2023-12-07T17:12:15.833+0000] {processor.py:179} INFO - Processing /home/ubuntu/ec2_customer_chum_venv/lib/python3.10/site-packages/airflow/example_dags/example_kubernetes_executor.py took 0.020 seconds
[2023-12-07T17:13:03.725+0000] {processor.py:157} INFO - Started process (PID=6435) to work on /home/ubuntu/ec2_customer_chum_venv/lib/python3.10/site-packages/airflow/example_dags/example_kubernetes_executor.py
[2023-12-07T17:13:03.726+0000] {processor.py:829} INFO - Processing file /home/ubuntu/ec2_customer_chum_venv/lib/python3.10/site-packages/airflow/example_dags/example_kubernetes_executor.py for tasks to queue
[2023-12-07T17:13:03.727+0000] {logging_mixin.py:154} INFO - [2023-12-07T17:13:03.726+0000] {dagbag.py:536} INFO - Filling up the DagBag from /home/ubuntu/ec2_customer_chum_venv/lib/python3.10/site-packages/airflow/example_dags/example_kubernetes_executor.py
[2023-12-07T17:13:03.730+0000] {logging_mixin.py:154} INFO - [2023-12-07T17:13:03.730+0000] {example_kubernetes_executor.py:38} WARNING - The example_kubernetes_executor example DAG requires the kubernetes provider. Please install it with: pip install apache-airflow[cncf.kubernetes]
[2023-12-07T17:13:03.730+0000] {processor.py:841} WARNING - No viable dags retrieved from /home/ubuntu/ec2_customer_chum_venv/lib/python3.10/site-packages/airflow/example_dags/example_kubernetes_executor.py
[2023-12-07T17:13:03.742+0000] {processor.py:179} INFO - Processing /home/ubuntu/ec2_customer_chum_venv/lib/python3.10/site-packages/airflow/example_dags/example_kubernetes_executor.py took 0.020 seconds
[2023-12-07T17:13:47.719+0000] {processor.py:157} INFO - Started process (PID=6567) to work on /home/ubuntu/ec2_customer_chum_venv/lib/python3.10/site-packages/airflow/example_dags/example_kubernetes_executor.py
[2023-12-07T17:13:47.720+0000] {processor.py:829} INFO - Processing file /home/ubuntu/ec2_customer_chum_venv/lib/python3.10/site-packages/airflow/example_dags/example_kubernetes_executor.py for tasks to queue
[2023-12-07T17:13:47.721+0000] {logging_mixin.py:154} INFO - [2023-12-07T17:13:47.721+0000] {dagbag.py:536} INFO - Filling up the DagBag from /home/ubuntu/ec2_customer_chum_venv/lib/python3.10/site-packages/airflow/example_dags/example_kubernetes_executor.py
[2023-12-07T17:13:47.724+0000] {logging_mixin.py:154} INFO - [2023-12-07T17:13:47.724+0000] {example_kubernetes_executor.py:38} WARNING - The example_kubernetes_executor example DAG requires the kubernetes provider. Please install it with: pip install apache-airflow[cncf.kubernetes]
[2023-12-07T17:13:47.725+0000] {processor.py:841} WARNING - No viable dags retrieved from /home/ubuntu/ec2_customer_chum_venv/lib/python3.10/site-packages/airflow/example_dags/example_kubernetes_executor.py
[2023-12-07T17:13:47.735+0000] {processor.py:179} INFO - Processing /home/ubuntu/ec2_customer_chum_venv/lib/python3.10/site-packages/airflow/example_dags/example_kubernetes_executor.py took 0.020 seconds
[2023-12-07T17:14:30.806+0000] {processor.py:157} INFO - Started process (PID=6612) to work on /home/ubuntu/ec2_customer_chum_venv/lib/python3.10/site-packages/airflow/example_dags/example_kubernetes_executor.py
[2023-12-07T17:14:30.808+0000] {processor.py:829} INFO - Processing file /home/ubuntu/ec2_customer_chum_venv/lib/python3.10/site-packages/airflow/example_dags/example_kubernetes_executor.py for tasks to queue
[2023-12-07T17:14:30.809+0000] {logging_mixin.py:154} INFO - [2023-12-07T17:14:30.809+0000] {dagbag.py:536} INFO - Filling up the DagBag from /home/ubuntu/ec2_customer_chum_venv/lib/python3.10/site-packages/airflow/example_dags/example_kubernetes_executor.py
[2023-12-07T17:14:30.812+0000] {logging_mixin.py:154} INFO - [2023-12-07T17:14:30.812+0000] {example_kubernetes_executor.py:38} WARNING - The example_kubernetes_executor example DAG requires the kubernetes provider. Please install it with: pip install apache-airflow[cncf.kubernetes]
[2023-12-07T17:14:30.813+0000] {processor.py:841} WARNING - No viable dags retrieved from /home/ubuntu/ec2_customer_chum_venv/lib/python3.10/site-packages/airflow/example_dags/example_kubernetes_executor.py
[2023-12-07T17:14:30.824+0000] {processor.py:179} INFO - Processing /home/ubuntu/ec2_customer_chum_venv/lib/python3.10/site-packages/airflow/example_dags/example_kubernetes_executor.py took 0.021 seconds
[2023-12-07T17:15:15.400+0000] {processor.py:157} INFO - Started process (PID=6724) to work on /home/ubuntu/ec2_customer_chum_venv/lib/python3.10/site-packages/airflow/example_dags/example_kubernetes_executor.py
[2023-12-07T17:15:15.401+0000] {processor.py:829} INFO - Processing file /home/ubuntu/ec2_customer_chum_venv/lib/python3.10/site-packages/airflow/example_dags/example_kubernetes_executor.py for tasks to queue
[2023-12-07T17:15:15.402+0000] {logging_mixin.py:154} INFO - [2023-12-07T17:15:15.402+0000] {dagbag.py:536} INFO - Filling up the DagBag from /home/ubuntu/ec2_customer_chum_venv/lib/python3.10/site-packages/airflow/example_dags/example_kubernetes_executor.py
[2023-12-07T17:15:15.406+0000] {logging_mixin.py:154} INFO - [2023-12-07T17:15:15.405+0000] {example_kubernetes_executor.py:38} WARNING - The example_kubernetes_executor example DAG requires the kubernetes provider. Please install it with: pip install apache-airflow[cncf.kubernetes]
[2023-12-07T17:15:15.406+0000] {processor.py:841} WARNING - No viable dags retrieved from /home/ubuntu/ec2_customer_chum_venv/lib/python3.10/site-packages/airflow/example_dags/example_kubernetes_executor.py
[2023-12-07T17:15:15.417+0000] {processor.py:179} INFO - Processing /home/ubuntu/ec2_customer_chum_venv/lib/python3.10/site-packages/airflow/example_dags/example_kubernetes_executor.py took 0.020 seconds
