[2023-12-07T16:49:12.036+0000] {processor.py:157} INFO - Started process (PID=4968) to work on /home/ubuntu/ec2_customer_chum_venv/lib/python3.10/site-packages/airflow/example_dags/example_setup_teardown_taskflow.py
[2023-12-07T16:49:12.037+0000] {processor.py:829} INFO - Processing file /home/ubuntu/ec2_customer_chum_venv/lib/python3.10/site-packages/airflow/example_dags/example_setup_teardown_taskflow.py for tasks to queue
[2023-12-07T16:49:12.038+0000] {logging_mixin.py:154} INFO - [2023-12-07T16:49:12.037+0000] {dagbag.py:536} INFO - Filling up the DagBag from /home/ubuntu/ec2_customer_chum_venv/lib/python3.10/site-packages/airflow/example_dags/example_setup_teardown_taskflow.py
[2023-12-07T16:49:12.051+0000] {processor.py:839} INFO - DAG(s) dict_keys(['example_setup_teardown_taskflow']) retrieved from /home/ubuntu/ec2_customer_chum_venv/lib/python3.10/site-packages/airflow/example_dags/example_setup_teardown_taskflow.py
[2023-12-07T16:49:12.169+0000] {logging_mixin.py:154} INFO - [2023-12-07T16:49:12.168+0000] {manager.py:499} INFO - Created Permission View: %s
[2023-12-07T16:49:12.182+0000] {logging_mixin.py:154} INFO - [2023-12-07T16:49:12.182+0000] {manager.py:499} INFO - Created Permission View: %s
[2023-12-07T16:49:12.193+0000] {logging_mixin.py:154} INFO - [2023-12-07T16:49:12.192+0000] {manager.py:499} INFO - Created Permission View: %s
[2023-12-07T16:49:12.193+0000] {logging_mixin.py:154} INFO - [2023-12-07T16:49:12.193+0000] {dag.py:2941} INFO - Sync 1 DAGs
[2023-12-07T16:49:12.207+0000] {logging_mixin.py:154} INFO - [2023-12-07T16:49:12.207+0000] {dag.py:2963} INFO - Creating ORM DAG for example_setup_teardown_taskflow
[2023-12-07T16:49:12.217+0000] {logging_mixin.py:154} INFO - [2023-12-07T16:49:12.216+0000] {dag.py:3722} INFO - Setting next_dagrun for example_setup_teardown_taskflow to 2023-12-06T16:49:12.216737+00:00, run_after=2023-12-07T16:49:12.216737+00:00
[2023-12-07T16:49:12.242+0000] {processor.py:179} INFO - Processing /home/ubuntu/ec2_customer_chum_venv/lib/python3.10/site-packages/airflow/example_dags/example_setup_teardown_taskflow.py took 0.209 seconds
[2023-12-07T16:50:03.374+0000] {processor.py:157} INFO - Started process (PID=5015) to work on /home/ubuntu/ec2_customer_chum_venv/lib/python3.10/site-packages/airflow/example_dags/example_setup_teardown_taskflow.py
[2023-12-07T16:50:03.375+0000] {processor.py:829} INFO - Processing file /home/ubuntu/ec2_customer_chum_venv/lib/python3.10/site-packages/airflow/example_dags/example_setup_teardown_taskflow.py for tasks to queue
[2023-12-07T16:50:03.376+0000] {logging_mixin.py:154} INFO - [2023-12-07T16:50:03.375+0000] {dagbag.py:536} INFO - Filling up the DagBag from /home/ubuntu/ec2_customer_chum_venv/lib/python3.10/site-packages/airflow/example_dags/example_setup_teardown_taskflow.py
[2023-12-07T16:50:03.387+0000] {processor.py:839} INFO - DAG(s) dict_keys(['example_setup_teardown_taskflow']) retrieved from /home/ubuntu/ec2_customer_chum_venv/lib/python3.10/site-packages/airflow/example_dags/example_setup_teardown_taskflow.py
[2023-12-07T16:50:03.406+0000] {logging_mixin.py:154} INFO - [2023-12-07T16:50:03.406+0000] {dag.py:2941} INFO - Sync 1 DAGs
[2023-12-07T16:50:03.429+0000] {logging_mixin.py:154} INFO - [2023-12-07T16:50:03.428+0000] {dag.py:3722} INFO - Setting next_dagrun for example_setup_teardown_taskflow to 2023-12-06T16:50:03.428512+00:00, run_after=2023-12-07T16:50:03.428512+00:00
[2023-12-07T16:50:03.457+0000] {processor.py:179} INFO - Processing /home/ubuntu/ec2_customer_chum_venv/lib/python3.10/site-packages/airflow/example_dags/example_setup_teardown_taskflow.py took 0.087 seconds
[2023-12-07T16:50:50.806+0000] {processor.py:157} INFO - Started process (PID=5061) to work on /home/ubuntu/ec2_customer_chum_venv/lib/python3.10/site-packages/airflow/example_dags/example_setup_teardown_taskflow.py
[2023-12-07T16:50:50.807+0000] {processor.py:829} INFO - Processing file /home/ubuntu/ec2_customer_chum_venv/lib/python3.10/site-packages/airflow/example_dags/example_setup_teardown_taskflow.py for tasks to queue
[2023-12-07T16:50:50.808+0000] {logging_mixin.py:154} INFO - [2023-12-07T16:50:50.808+0000] {dagbag.py:536} INFO - Filling up the DagBag from /home/ubuntu/ec2_customer_chum_venv/lib/python3.10/site-packages/airflow/example_dags/example_setup_teardown_taskflow.py
[2023-12-07T16:50:50.819+0000] {processor.py:839} INFO - DAG(s) dict_keys(['example_setup_teardown_taskflow']) retrieved from /home/ubuntu/ec2_customer_chum_venv/lib/python3.10/site-packages/airflow/example_dags/example_setup_teardown_taskflow.py
[2023-12-07T16:50:50.838+0000] {logging_mixin.py:154} INFO - [2023-12-07T16:50:50.838+0000] {dag.py:2941} INFO - Sync 1 DAGs
[2023-12-07T16:50:50.860+0000] {logging_mixin.py:154} INFO - [2023-12-07T16:50:50.860+0000] {dag.py:3722} INFO - Setting next_dagrun for example_setup_teardown_taskflow to 2023-12-06T16:50:50.860302+00:00, run_after=2023-12-07T16:50:50.860302+00:00
[2023-12-07T16:50:50.884+0000] {processor.py:179} INFO - Processing /home/ubuntu/ec2_customer_chum_venv/lib/python3.10/site-packages/airflow/example_dags/example_setup_teardown_taskflow.py took 0.082 seconds
[2023-12-07T16:51:39.703+0000] {processor.py:157} INFO - Started process (PID=5111) to work on /home/ubuntu/ec2_customer_chum_venv/lib/python3.10/site-packages/airflow/example_dags/example_setup_teardown_taskflow.py
[2023-12-07T16:51:39.704+0000] {processor.py:829} INFO - Processing file /home/ubuntu/ec2_customer_chum_venv/lib/python3.10/site-packages/airflow/example_dags/example_setup_teardown_taskflow.py for tasks to queue
[2023-12-07T16:51:39.705+0000] {logging_mixin.py:154} INFO - [2023-12-07T16:51:39.704+0000] {dagbag.py:536} INFO - Filling up the DagBag from /home/ubuntu/ec2_customer_chum_venv/lib/python3.10/site-packages/airflow/example_dags/example_setup_teardown_taskflow.py
[2023-12-07T16:51:39.716+0000] {processor.py:839} INFO - DAG(s) dict_keys(['example_setup_teardown_taskflow']) retrieved from /home/ubuntu/ec2_customer_chum_venv/lib/python3.10/site-packages/airflow/example_dags/example_setup_teardown_taskflow.py
[2023-12-07T16:51:39.735+0000] {logging_mixin.py:154} INFO - [2023-12-07T16:51:39.734+0000] {dag.py:2941} INFO - Sync 1 DAGs
[2023-12-07T16:51:39.756+0000] {logging_mixin.py:154} INFO - [2023-12-07T16:51:39.755+0000] {dag.py:3722} INFO - Setting next_dagrun for example_setup_teardown_taskflow to 2023-12-06T16:51:39.755656+00:00, run_after=2023-12-07T16:51:39.755656+00:00
[2023-12-07T16:51:39.781+0000] {processor.py:179} INFO - Processing /home/ubuntu/ec2_customer_chum_venv/lib/python3.10/site-packages/airflow/example_dags/example_setup_teardown_taskflow.py took 0.081 seconds
[2023-12-07T16:52:14.541+0000] {processor.py:157} INFO - Started process (PID=5150) to work on /home/ubuntu/ec2_customer_chum_venv/lib/python3.10/site-packages/airflow/example_dags/example_setup_teardown_taskflow.py
[2023-12-07T16:52:14.542+0000] {processor.py:829} INFO - Processing file /home/ubuntu/ec2_customer_chum_venv/lib/python3.10/site-packages/airflow/example_dags/example_setup_teardown_taskflow.py for tasks to queue
[2023-12-07T16:52:14.543+0000] {logging_mixin.py:154} INFO - [2023-12-07T16:52:14.542+0000] {dagbag.py:536} INFO - Filling up the DagBag from /home/ubuntu/ec2_customer_chum_venv/lib/python3.10/site-packages/airflow/example_dags/example_setup_teardown_taskflow.py
[2023-12-07T16:52:14.554+0000] {processor.py:839} INFO - DAG(s) dict_keys(['example_setup_teardown_taskflow']) retrieved from /home/ubuntu/ec2_customer_chum_venv/lib/python3.10/site-packages/airflow/example_dags/example_setup_teardown_taskflow.py
[2023-12-07T16:52:14.572+0000] {logging_mixin.py:154} INFO - [2023-12-07T16:52:14.571+0000] {dag.py:2941} INFO - Sync 1 DAGs
[2023-12-07T16:52:14.592+0000] {logging_mixin.py:154} INFO - [2023-12-07T16:52:14.591+0000] {dag.py:3722} INFO - Setting next_dagrun for example_setup_teardown_taskflow to 2023-12-06T16:52:14.591630+00:00, run_after=2023-12-07T16:52:14.591630+00:00
[2023-12-07T16:52:14.617+0000] {processor.py:179} INFO - Processing /home/ubuntu/ec2_customer_chum_venv/lib/python3.10/site-packages/airflow/example_dags/example_setup_teardown_taskflow.py took 0.080 seconds
[2023-12-07T16:53:47.294+0000] {processor.py:157} INFO - Started process (PID=5231) to work on /home/ubuntu/ec2_customer_chum_venv/lib/python3.10/site-packages/airflow/example_dags/example_setup_teardown_taskflow.py
[2023-12-07T16:53:47.295+0000] {processor.py:829} INFO - Processing file /home/ubuntu/ec2_customer_chum_venv/lib/python3.10/site-packages/airflow/example_dags/example_setup_teardown_taskflow.py for tasks to queue
[2023-12-07T16:53:47.296+0000] {logging_mixin.py:154} INFO - [2023-12-07T16:53:47.296+0000] {dagbag.py:536} INFO - Filling up the DagBag from /home/ubuntu/ec2_customer_chum_venv/lib/python3.10/site-packages/airflow/example_dags/example_setup_teardown_taskflow.py
[2023-12-07T16:53:47.309+0000] {processor.py:839} INFO - DAG(s) dict_keys(['example_setup_teardown_taskflow']) retrieved from /home/ubuntu/ec2_customer_chum_venv/lib/python3.10/site-packages/airflow/example_dags/example_setup_teardown_taskflow.py
[2023-12-07T16:53:47.318+0000] {logging_mixin.py:154} INFO - [2023-12-07T16:53:47.317+0000] {dag.py:2941} INFO - Sync 1 DAGs
[2023-12-07T16:53:47.338+0000] {logging_mixin.py:154} INFO - [2023-12-07T16:53:47.338+0000] {dag.py:3722} INFO - Setting next_dagrun for example_setup_teardown_taskflow to 2023-12-06T16:53:47.338368+00:00, run_after=2023-12-07T16:53:47.338368+00:00
[2023-12-07T16:53:47.361+0000] {processor.py:179} INFO - Processing /home/ubuntu/ec2_customer_chum_venv/lib/python3.10/site-packages/airflow/example_dags/example_setup_teardown_taskflow.py took 0.071 seconds
[2023-12-07T16:54:32.313+0000] {processor.py:157} INFO - Started process (PID=5280) to work on /home/ubuntu/ec2_customer_chum_venv/lib/python3.10/site-packages/airflow/example_dags/example_setup_teardown_taskflow.py
[2023-12-07T16:54:32.315+0000] {processor.py:829} INFO - Processing file /home/ubuntu/ec2_customer_chum_venv/lib/python3.10/site-packages/airflow/example_dags/example_setup_teardown_taskflow.py for tasks to queue
[2023-12-07T16:54:32.316+0000] {logging_mixin.py:154} INFO - [2023-12-07T16:54:32.315+0000] {dagbag.py:536} INFO - Filling up the DagBag from /home/ubuntu/ec2_customer_chum_venv/lib/python3.10/site-packages/airflow/example_dags/example_setup_teardown_taskflow.py
[2023-12-07T16:54:32.327+0000] {processor.py:839} INFO - DAG(s) dict_keys(['example_setup_teardown_taskflow']) retrieved from /home/ubuntu/ec2_customer_chum_venv/lib/python3.10/site-packages/airflow/example_dags/example_setup_teardown_taskflow.py
[2023-12-07T16:54:32.344+0000] {logging_mixin.py:154} INFO - [2023-12-07T16:54:32.344+0000] {dag.py:2941} INFO - Sync 1 DAGs
[2023-12-07T16:54:32.364+0000] {logging_mixin.py:154} INFO - [2023-12-07T16:54:32.364+0000] {dag.py:3722} INFO - Setting next_dagrun for example_setup_teardown_taskflow to 2023-12-06T16:54:32.364397+00:00, run_after=2023-12-07T16:54:32.364397+00:00
[2023-12-07T16:54:32.388+0000] {processor.py:179} INFO - Processing /home/ubuntu/ec2_customer_chum_venv/lib/python3.10/site-packages/airflow/example_dags/example_setup_teardown_taskflow.py took 0.078 seconds
[2023-12-07T16:55:17.499+0000] {processor.py:157} INFO - Started process (PID=5327) to work on /home/ubuntu/ec2_customer_chum_venv/lib/python3.10/site-packages/airflow/example_dags/example_setup_teardown_taskflow.py
[2023-12-07T16:55:17.500+0000] {processor.py:829} INFO - Processing file /home/ubuntu/ec2_customer_chum_venv/lib/python3.10/site-packages/airflow/example_dags/example_setup_teardown_taskflow.py for tasks to queue
[2023-12-07T16:55:17.501+0000] {logging_mixin.py:154} INFO - [2023-12-07T16:55:17.501+0000] {dagbag.py:536} INFO - Filling up the DagBag from /home/ubuntu/ec2_customer_chum_venv/lib/python3.10/site-packages/airflow/example_dags/example_setup_teardown_taskflow.py
[2023-12-07T16:55:17.512+0000] {processor.py:839} INFO - DAG(s) dict_keys(['example_setup_teardown_taskflow']) retrieved from /home/ubuntu/ec2_customer_chum_venv/lib/python3.10/site-packages/airflow/example_dags/example_setup_teardown_taskflow.py
[2023-12-07T16:55:17.530+0000] {logging_mixin.py:154} INFO - [2023-12-07T16:55:17.530+0000] {dag.py:2941} INFO - Sync 1 DAGs
[2023-12-07T16:55:17.552+0000] {logging_mixin.py:154} INFO - [2023-12-07T16:55:17.552+0000] {dag.py:3722} INFO - Setting next_dagrun for example_setup_teardown_taskflow to 2023-12-06T16:55:17.552011+00:00, run_after=2023-12-07T16:55:17.552011+00:00
[2023-12-07T16:55:17.575+0000] {processor.py:179} INFO - Processing /home/ubuntu/ec2_customer_chum_venv/lib/python3.10/site-packages/airflow/example_dags/example_setup_teardown_taskflow.py took 0.080 seconds
[2023-12-07T16:56:01.595+0000] {processor.py:157} INFO - Started process (PID=5373) to work on /home/ubuntu/ec2_customer_chum_venv/lib/python3.10/site-packages/airflow/example_dags/example_setup_teardown_taskflow.py
[2023-12-07T16:56:01.597+0000] {processor.py:829} INFO - Processing file /home/ubuntu/ec2_customer_chum_venv/lib/python3.10/site-packages/airflow/example_dags/example_setup_teardown_taskflow.py for tasks to queue
[2023-12-07T16:56:01.598+0000] {logging_mixin.py:154} INFO - [2023-12-07T16:56:01.597+0000] {dagbag.py:536} INFO - Filling up the DagBag from /home/ubuntu/ec2_customer_chum_venv/lib/python3.10/site-packages/airflow/example_dags/example_setup_teardown_taskflow.py
[2023-12-07T16:56:01.610+0000] {processor.py:839} INFO - DAG(s) dict_keys(['example_setup_teardown_taskflow']) retrieved from /home/ubuntu/ec2_customer_chum_venv/lib/python3.10/site-packages/airflow/example_dags/example_setup_teardown_taskflow.py
[2023-12-07T16:56:01.629+0000] {logging_mixin.py:154} INFO - [2023-12-07T16:56:01.629+0000] {dag.py:2941} INFO - Sync 1 DAGs
[2023-12-07T16:56:01.651+0000] {logging_mixin.py:154} INFO - [2023-12-07T16:56:01.651+0000] {dag.py:3722} INFO - Setting next_dagrun for example_setup_teardown_taskflow to 2023-12-06T16:56:01.651176+00:00, run_after=2023-12-07T16:56:01.651176+00:00
[2023-12-07T16:56:01.676+0000] {processor.py:179} INFO - Processing /home/ubuntu/ec2_customer_chum_venv/lib/python3.10/site-packages/airflow/example_dags/example_setup_teardown_taskflow.py took 0.084 seconds
[2023-12-07T16:56:43.905+0000] {processor.py:157} INFO - Started process (PID=5419) to work on /home/ubuntu/ec2_customer_chum_venv/lib/python3.10/site-packages/airflow/example_dags/example_setup_teardown_taskflow.py
[2023-12-07T16:56:43.907+0000] {processor.py:829} INFO - Processing file /home/ubuntu/ec2_customer_chum_venv/lib/python3.10/site-packages/airflow/example_dags/example_setup_teardown_taskflow.py for tasks to queue
[2023-12-07T16:56:43.907+0000] {logging_mixin.py:154} INFO - [2023-12-07T16:56:43.907+0000] {dagbag.py:536} INFO - Filling up the DagBag from /home/ubuntu/ec2_customer_chum_venv/lib/python3.10/site-packages/airflow/example_dags/example_setup_teardown_taskflow.py
[2023-12-07T16:56:43.918+0000] {processor.py:839} INFO - DAG(s) dict_keys(['example_setup_teardown_taskflow']) retrieved from /home/ubuntu/ec2_customer_chum_venv/lib/python3.10/site-packages/airflow/example_dags/example_setup_teardown_taskflow.py
[2023-12-07T16:56:43.937+0000] {logging_mixin.py:154} INFO - [2023-12-07T16:56:43.936+0000] {dag.py:2941} INFO - Sync 1 DAGs
[2023-12-07T16:56:43.957+0000] {logging_mixin.py:154} INFO - [2023-12-07T16:56:43.957+0000] {dag.py:3722} INFO - Setting next_dagrun for example_setup_teardown_taskflow to 2023-12-06T16:56:43.957041+00:00, run_after=2023-12-07T16:56:43.957041+00:00
[2023-12-07T16:56:43.981+0000] {processor.py:179} INFO - Processing /home/ubuntu/ec2_customer_chum_venv/lib/python3.10/site-packages/airflow/example_dags/example_setup_teardown_taskflow.py took 0.079 seconds
[2023-12-07T16:57:27.481+0000] {processor.py:157} INFO - Started process (PID=5462) to work on /home/ubuntu/ec2_customer_chum_venv/lib/python3.10/site-packages/airflow/example_dags/example_setup_teardown_taskflow.py
[2023-12-07T16:57:27.483+0000] {processor.py:829} INFO - Processing file /home/ubuntu/ec2_customer_chum_venv/lib/python3.10/site-packages/airflow/example_dags/example_setup_teardown_taskflow.py for tasks to queue
[2023-12-07T16:57:27.483+0000] {logging_mixin.py:154} INFO - [2023-12-07T16:57:27.483+0000] {dagbag.py:536} INFO - Filling up the DagBag from /home/ubuntu/ec2_customer_chum_venv/lib/python3.10/site-packages/airflow/example_dags/example_setup_teardown_taskflow.py
[2023-12-07T16:57:27.494+0000] {processor.py:839} INFO - DAG(s) dict_keys(['example_setup_teardown_taskflow']) retrieved from /home/ubuntu/ec2_customer_chum_venv/lib/python3.10/site-packages/airflow/example_dags/example_setup_teardown_taskflow.py
[2023-12-07T16:57:27.512+0000] {logging_mixin.py:154} INFO - [2023-12-07T16:57:27.512+0000] {dag.py:2941} INFO - Sync 1 DAGs
[2023-12-07T16:57:27.532+0000] {logging_mixin.py:154} INFO - [2023-12-07T16:57:27.532+0000] {dag.py:3722} INFO - Setting next_dagrun for example_setup_teardown_taskflow to 2023-12-06T16:57:27.532111+00:00, run_after=2023-12-07T16:57:27.532111+00:00
[2023-12-07T16:57:27.554+0000] {processor.py:179} INFO - Processing /home/ubuntu/ec2_customer_chum_venv/lib/python3.10/site-packages/airflow/example_dags/example_setup_teardown_taskflow.py took 0.076 seconds
[2023-12-07T16:58:10.602+0000] {processor.py:157} INFO - Started process (PID=5508) to work on /home/ubuntu/ec2_customer_chum_venv/lib/python3.10/site-packages/airflow/example_dags/example_setup_teardown_taskflow.py
[2023-12-07T16:58:10.604+0000] {processor.py:829} INFO - Processing file /home/ubuntu/ec2_customer_chum_venv/lib/python3.10/site-packages/airflow/example_dags/example_setup_teardown_taskflow.py for tasks to queue
[2023-12-07T16:58:10.605+0000] {logging_mixin.py:154} INFO - [2023-12-07T16:58:10.604+0000] {dagbag.py:536} INFO - Filling up the DagBag from /home/ubuntu/ec2_customer_chum_venv/lib/python3.10/site-packages/airflow/example_dags/example_setup_teardown_taskflow.py
[2023-12-07T16:58:10.615+0000] {processor.py:839} INFO - DAG(s) dict_keys(['example_setup_teardown_taskflow']) retrieved from /home/ubuntu/ec2_customer_chum_venv/lib/python3.10/site-packages/airflow/example_dags/example_setup_teardown_taskflow.py
[2023-12-07T16:58:10.633+0000] {logging_mixin.py:154} INFO - [2023-12-07T16:58:10.633+0000] {dag.py:2941} INFO - Sync 1 DAGs
[2023-12-07T16:58:10.653+0000] {logging_mixin.py:154} INFO - [2023-12-07T16:58:10.653+0000] {dag.py:3722} INFO - Setting next_dagrun for example_setup_teardown_taskflow to 2023-12-06T16:58:10.653233+00:00, run_after=2023-12-07T16:58:10.653233+00:00
[2023-12-07T16:58:10.676+0000] {processor.py:179} INFO - Processing /home/ubuntu/ec2_customer_chum_venv/lib/python3.10/site-packages/airflow/example_dags/example_setup_teardown_taskflow.py took 0.077 seconds
[2023-12-07T16:58:54.910+0000] {processor.py:157} INFO - Started process (PID=5556) to work on /home/ubuntu/ec2_customer_chum_venv/lib/python3.10/site-packages/airflow/example_dags/example_setup_teardown_taskflow.py
[2023-12-07T16:58:54.911+0000] {processor.py:829} INFO - Processing file /home/ubuntu/ec2_customer_chum_venv/lib/python3.10/site-packages/airflow/example_dags/example_setup_teardown_taskflow.py for tasks to queue
[2023-12-07T16:58:54.912+0000] {logging_mixin.py:154} INFO - [2023-12-07T16:58:54.911+0000] {dagbag.py:536} INFO - Filling up the DagBag from /home/ubuntu/ec2_customer_chum_venv/lib/python3.10/site-packages/airflow/example_dags/example_setup_teardown_taskflow.py
[2023-12-07T16:58:54.923+0000] {processor.py:839} INFO - DAG(s) dict_keys(['example_setup_teardown_taskflow']) retrieved from /home/ubuntu/ec2_customer_chum_venv/lib/python3.10/site-packages/airflow/example_dags/example_setup_teardown_taskflow.py
[2023-12-07T16:58:54.941+0000] {logging_mixin.py:154} INFO - [2023-12-07T16:58:54.940+0000] {dag.py:2941} INFO - Sync 1 DAGs
[2023-12-07T16:58:54.961+0000] {logging_mixin.py:154} INFO - [2023-12-07T16:58:54.961+0000] {dag.py:3722} INFO - Setting next_dagrun for example_setup_teardown_taskflow to 2023-12-06T16:58:54.961462+00:00, run_after=2023-12-07T16:58:54.961462+00:00
[2023-12-07T16:58:54.984+0000] {processor.py:179} INFO - Processing /home/ubuntu/ec2_customer_chum_venv/lib/python3.10/site-packages/airflow/example_dags/example_setup_teardown_taskflow.py took 0.078 seconds
[2023-12-07T16:59:37.581+0000] {processor.py:157} INFO - Started process (PID=5599) to work on /home/ubuntu/ec2_customer_chum_venv/lib/python3.10/site-packages/airflow/example_dags/example_setup_teardown_taskflow.py
[2023-12-07T16:59:37.582+0000] {processor.py:829} INFO - Processing file /home/ubuntu/ec2_customer_chum_venv/lib/python3.10/site-packages/airflow/example_dags/example_setup_teardown_taskflow.py for tasks to queue
[2023-12-07T16:59:37.583+0000] {logging_mixin.py:154} INFO - [2023-12-07T16:59:37.583+0000] {dagbag.py:536} INFO - Filling up the DagBag from /home/ubuntu/ec2_customer_chum_venv/lib/python3.10/site-packages/airflow/example_dags/example_setup_teardown_taskflow.py
[2023-12-07T16:59:37.594+0000] {processor.py:839} INFO - DAG(s) dict_keys(['example_setup_teardown_taskflow']) retrieved from /home/ubuntu/ec2_customer_chum_venv/lib/python3.10/site-packages/airflow/example_dags/example_setup_teardown_taskflow.py
[2023-12-07T16:59:37.612+0000] {logging_mixin.py:154} INFO - [2023-12-07T16:59:37.612+0000] {dag.py:2941} INFO - Sync 1 DAGs
[2023-12-07T16:59:37.633+0000] {logging_mixin.py:154} INFO - [2023-12-07T16:59:37.633+0000] {dag.py:3722} INFO - Setting next_dagrun for example_setup_teardown_taskflow to 2023-12-06T16:59:37.632835+00:00, run_after=2023-12-07T16:59:37.632835+00:00
[2023-12-07T16:59:37.655+0000] {processor.py:179} INFO - Processing /home/ubuntu/ec2_customer_chum_venv/lib/python3.10/site-packages/airflow/example_dags/example_setup_teardown_taskflow.py took 0.077 seconds
[2023-12-07T17:00:20.787+0000] {processor.py:157} INFO - Started process (PID=5645) to work on /home/ubuntu/ec2_customer_chum_venv/lib/python3.10/site-packages/airflow/example_dags/example_setup_teardown_taskflow.py
[2023-12-07T17:00:20.788+0000] {processor.py:829} INFO - Processing file /home/ubuntu/ec2_customer_chum_venv/lib/python3.10/site-packages/airflow/example_dags/example_setup_teardown_taskflow.py for tasks to queue
[2023-12-07T17:00:20.789+0000] {logging_mixin.py:154} INFO - [2023-12-07T17:00:20.789+0000] {dagbag.py:536} INFO - Filling up the DagBag from /home/ubuntu/ec2_customer_chum_venv/lib/python3.10/site-packages/airflow/example_dags/example_setup_teardown_taskflow.py
[2023-12-07T17:00:20.800+0000] {processor.py:839} INFO - DAG(s) dict_keys(['example_setup_teardown_taskflow']) retrieved from /home/ubuntu/ec2_customer_chum_venv/lib/python3.10/site-packages/airflow/example_dags/example_setup_teardown_taskflow.py
[2023-12-07T17:00:20.819+0000] {logging_mixin.py:154} INFO - [2023-12-07T17:00:20.819+0000] {dag.py:2941} INFO - Sync 1 DAGs
[2023-12-07T17:00:20.841+0000] {logging_mixin.py:154} INFO - [2023-12-07T17:00:20.840+0000] {dag.py:3722} INFO - Setting next_dagrun for example_setup_teardown_taskflow to 2023-12-06T17:00:20.840554+00:00, run_after=2023-12-07T17:00:20.840554+00:00
[2023-12-07T17:00:20.867+0000] {processor.py:179} INFO - Processing /home/ubuntu/ec2_customer_chum_venv/lib/python3.10/site-packages/airflow/example_dags/example_setup_teardown_taskflow.py took 0.084 seconds
[2023-12-07T17:01:08.219+0000] {processor.py:157} INFO - Started process (PID=5692) to work on /home/ubuntu/ec2_customer_chum_venv/lib/python3.10/site-packages/airflow/example_dags/example_setup_teardown_taskflow.py
[2023-12-07T17:01:08.220+0000] {processor.py:829} INFO - Processing file /home/ubuntu/ec2_customer_chum_venv/lib/python3.10/site-packages/airflow/example_dags/example_setup_teardown_taskflow.py for tasks to queue
[2023-12-07T17:01:08.221+0000] {logging_mixin.py:154} INFO - [2023-12-07T17:01:08.221+0000] {dagbag.py:536} INFO - Filling up the DagBag from /home/ubuntu/ec2_customer_chum_venv/lib/python3.10/site-packages/airflow/example_dags/example_setup_teardown_taskflow.py
[2023-12-07T17:01:08.232+0000] {processor.py:839} INFO - DAG(s) dict_keys(['example_setup_teardown_taskflow']) retrieved from /home/ubuntu/ec2_customer_chum_venv/lib/python3.10/site-packages/airflow/example_dags/example_setup_teardown_taskflow.py
[2023-12-07T17:01:08.250+0000] {logging_mixin.py:154} INFO - [2023-12-07T17:01:08.250+0000] {dag.py:2941} INFO - Sync 1 DAGs
[2023-12-07T17:01:08.271+0000] {logging_mixin.py:154} INFO - [2023-12-07T17:01:08.271+0000] {dag.py:3722} INFO - Setting next_dagrun for example_setup_teardown_taskflow to 2023-12-06T17:01:08.270858+00:00, run_after=2023-12-07T17:01:08.270858+00:00
[2023-12-07T17:01:08.294+0000] {processor.py:179} INFO - Processing /home/ubuntu/ec2_customer_chum_venv/lib/python3.10/site-packages/airflow/example_dags/example_setup_teardown_taskflow.py took 0.079 seconds
[2023-12-07T17:01:52.287+0000] {processor.py:157} INFO - Started process (PID=5738) to work on /home/ubuntu/ec2_customer_chum_venv/lib/python3.10/site-packages/airflow/example_dags/example_setup_teardown_taskflow.py
[2023-12-07T17:01:52.288+0000] {processor.py:829} INFO - Processing file /home/ubuntu/ec2_customer_chum_venv/lib/python3.10/site-packages/airflow/example_dags/example_setup_teardown_taskflow.py for tasks to queue
[2023-12-07T17:01:52.289+0000] {logging_mixin.py:154} INFO - [2023-12-07T17:01:52.289+0000] {dagbag.py:536} INFO - Filling up the DagBag from /home/ubuntu/ec2_customer_chum_venv/lib/python3.10/site-packages/airflow/example_dags/example_setup_teardown_taskflow.py
[2023-12-07T17:01:52.300+0000] {processor.py:839} INFO - DAG(s) dict_keys(['example_setup_teardown_taskflow']) retrieved from /home/ubuntu/ec2_customer_chum_venv/lib/python3.10/site-packages/airflow/example_dags/example_setup_teardown_taskflow.py
[2023-12-07T17:01:52.319+0000] {logging_mixin.py:154} INFO - [2023-12-07T17:01:52.318+0000] {dag.py:2941} INFO - Sync 1 DAGs
[2023-12-07T17:01:52.339+0000] {logging_mixin.py:154} INFO - [2023-12-07T17:01:52.339+0000] {dag.py:3722} INFO - Setting next_dagrun for example_setup_teardown_taskflow to 2023-12-06T17:01:52.339259+00:00, run_after=2023-12-07T17:01:52.339259+00:00
[2023-12-07T17:01:52.362+0000] {processor.py:179} INFO - Processing /home/ubuntu/ec2_customer_chum_venv/lib/python3.10/site-packages/airflow/example_dags/example_setup_teardown_taskflow.py took 0.078 seconds
[2023-12-07T17:02:39.802+0000] {processor.py:157} INFO - Started process (PID=5786) to work on /home/ubuntu/ec2_customer_chum_venv/lib/python3.10/site-packages/airflow/example_dags/example_setup_teardown_taskflow.py
[2023-12-07T17:02:39.804+0000] {processor.py:829} INFO - Processing file /home/ubuntu/ec2_customer_chum_venv/lib/python3.10/site-packages/airflow/example_dags/example_setup_teardown_taskflow.py for tasks to queue
[2023-12-07T17:02:39.805+0000] {logging_mixin.py:154} INFO - [2023-12-07T17:02:39.804+0000] {dagbag.py:536} INFO - Filling up the DagBag from /home/ubuntu/ec2_customer_chum_venv/lib/python3.10/site-packages/airflow/example_dags/example_setup_teardown_taskflow.py
[2023-12-07T17:02:39.816+0000] {processor.py:839} INFO - DAG(s) dict_keys(['example_setup_teardown_taskflow']) retrieved from /home/ubuntu/ec2_customer_chum_venv/lib/python3.10/site-packages/airflow/example_dags/example_setup_teardown_taskflow.py
[2023-12-07T17:02:39.834+0000] {logging_mixin.py:154} INFO - [2023-12-07T17:02:39.833+0000] {dag.py:2941} INFO - Sync 1 DAGs
[2023-12-07T17:02:39.854+0000] {logging_mixin.py:154} INFO - [2023-12-07T17:02:39.854+0000] {dag.py:3722} INFO - Setting next_dagrun for example_setup_teardown_taskflow to 2023-12-06T17:02:39.854269+00:00, run_after=2023-12-07T17:02:39.854269+00:00
[2023-12-07T17:02:39.878+0000] {processor.py:179} INFO - Processing /home/ubuntu/ec2_customer_chum_venv/lib/python3.10/site-packages/airflow/example_dags/example_setup_teardown_taskflow.py took 0.078 seconds
[2023-12-07T17:03:28.516+0000] {processor.py:157} INFO - Started process (PID=5834) to work on /home/ubuntu/ec2_customer_chum_venv/lib/python3.10/site-packages/airflow/example_dags/example_setup_teardown_taskflow.py
[2023-12-07T17:03:28.517+0000] {processor.py:829} INFO - Processing file /home/ubuntu/ec2_customer_chum_venv/lib/python3.10/site-packages/airflow/example_dags/example_setup_teardown_taskflow.py for tasks to queue
[2023-12-07T17:03:28.518+0000] {logging_mixin.py:154} INFO - [2023-12-07T17:03:28.518+0000] {dagbag.py:536} INFO - Filling up the DagBag from /home/ubuntu/ec2_customer_chum_venv/lib/python3.10/site-packages/airflow/example_dags/example_setup_teardown_taskflow.py
[2023-12-07T17:03:28.529+0000] {processor.py:839} INFO - DAG(s) dict_keys(['example_setup_teardown_taskflow']) retrieved from /home/ubuntu/ec2_customer_chum_venv/lib/python3.10/site-packages/airflow/example_dags/example_setup_teardown_taskflow.py
[2023-12-07T17:03:28.547+0000] {logging_mixin.py:154} INFO - [2023-12-07T17:03:28.546+0000] {dag.py:2941} INFO - Sync 1 DAGs
[2023-12-07T17:03:28.566+0000] {logging_mixin.py:154} INFO - [2023-12-07T17:03:28.566+0000] {dag.py:3722} INFO - Setting next_dagrun for example_setup_teardown_taskflow to 2023-12-06T17:03:28.566499+00:00, run_after=2023-12-07T17:03:28.566499+00:00
[2023-12-07T17:03:28.588+0000] {processor.py:179} INFO - Processing /home/ubuntu/ec2_customer_chum_venv/lib/python3.10/site-packages/airflow/example_dags/example_setup_teardown_taskflow.py took 0.076 seconds
[2023-12-07T17:04:11.381+0000] {processor.py:157} INFO - Started process (PID=5879) to work on /home/ubuntu/ec2_customer_chum_venv/lib/python3.10/site-packages/airflow/example_dags/example_setup_teardown_taskflow.py
[2023-12-07T17:04:11.382+0000] {processor.py:829} INFO - Processing file /home/ubuntu/ec2_customer_chum_venv/lib/python3.10/site-packages/airflow/example_dags/example_setup_teardown_taskflow.py for tasks to queue
[2023-12-07T17:04:11.383+0000] {logging_mixin.py:154} INFO - [2023-12-07T17:04:11.382+0000] {dagbag.py:536} INFO - Filling up the DagBag from /home/ubuntu/ec2_customer_chum_venv/lib/python3.10/site-packages/airflow/example_dags/example_setup_teardown_taskflow.py
[2023-12-07T17:04:11.394+0000] {processor.py:839} INFO - DAG(s) dict_keys(['example_setup_teardown_taskflow']) retrieved from /home/ubuntu/ec2_customer_chum_venv/lib/python3.10/site-packages/airflow/example_dags/example_setup_teardown_taskflow.py
[2023-12-07T17:04:11.412+0000] {logging_mixin.py:154} INFO - [2023-12-07T17:04:11.412+0000] {dag.py:2941} INFO - Sync 1 DAGs
[2023-12-07T17:04:11.432+0000] {logging_mixin.py:154} INFO - [2023-12-07T17:04:11.432+0000] {dag.py:3722} INFO - Setting next_dagrun for example_setup_teardown_taskflow to 2023-12-06T17:04:11.432349+00:00, run_after=2023-12-07T17:04:11.432349+00:00
[2023-12-07T17:04:11.455+0000] {processor.py:179} INFO - Processing /home/ubuntu/ec2_customer_chum_venv/lib/python3.10/site-packages/airflow/example_dags/example_setup_teardown_taskflow.py took 0.078 seconds
[2023-12-07T17:04:59.369+0000] {processor.py:157} INFO - Started process (PID=5931) to work on /home/ubuntu/ec2_customer_chum_venv/lib/python3.10/site-packages/airflow/example_dags/example_setup_teardown_taskflow.py
[2023-12-07T17:04:59.371+0000] {processor.py:829} INFO - Processing file /home/ubuntu/ec2_customer_chum_venv/lib/python3.10/site-packages/airflow/example_dags/example_setup_teardown_taskflow.py for tasks to queue
[2023-12-07T17:04:59.371+0000] {logging_mixin.py:154} INFO - [2023-12-07T17:04:59.371+0000] {dagbag.py:536} INFO - Filling up the DagBag from /home/ubuntu/ec2_customer_chum_venv/lib/python3.10/site-packages/airflow/example_dags/example_setup_teardown_taskflow.py
[2023-12-07T17:04:59.382+0000] {processor.py:839} INFO - DAG(s) dict_keys(['example_setup_teardown_taskflow']) retrieved from /home/ubuntu/ec2_customer_chum_venv/lib/python3.10/site-packages/airflow/example_dags/example_setup_teardown_taskflow.py
[2023-12-07T17:04:59.400+0000] {logging_mixin.py:154} INFO - [2023-12-07T17:04:59.400+0000] {dag.py:2941} INFO - Sync 1 DAGs
[2023-12-07T17:04:59.420+0000] {logging_mixin.py:154} INFO - [2023-12-07T17:04:59.420+0000] {dag.py:3722} INFO - Setting next_dagrun for example_setup_teardown_taskflow to 2023-12-06T17:04:59.420032+00:00, run_after=2023-12-07T17:04:59.420032+00:00
[2023-12-07T17:04:59.443+0000] {processor.py:179} INFO - Processing /home/ubuntu/ec2_customer_chum_venv/lib/python3.10/site-packages/airflow/example_dags/example_setup_teardown_taskflow.py took 0.078 seconds
[2023-12-07T17:05:40.170+0000] {processor.py:157} INFO - Started process (PID=5975) to work on /home/ubuntu/ec2_customer_chum_venv/lib/python3.10/site-packages/airflow/example_dags/example_setup_teardown_taskflow.py
[2023-12-07T17:05:40.171+0000] {processor.py:829} INFO - Processing file /home/ubuntu/ec2_customer_chum_venv/lib/python3.10/site-packages/airflow/example_dags/example_setup_teardown_taskflow.py for tasks to queue
[2023-12-07T17:05:40.172+0000] {logging_mixin.py:154} INFO - [2023-12-07T17:05:40.172+0000] {dagbag.py:536} INFO - Filling up the DagBag from /home/ubuntu/ec2_customer_chum_venv/lib/python3.10/site-packages/airflow/example_dags/example_setup_teardown_taskflow.py
[2023-12-07T17:05:40.183+0000] {processor.py:839} INFO - DAG(s) dict_keys(['example_setup_teardown_taskflow']) retrieved from /home/ubuntu/ec2_customer_chum_venv/lib/python3.10/site-packages/airflow/example_dags/example_setup_teardown_taskflow.py
[2023-12-07T17:05:40.202+0000] {logging_mixin.py:154} INFO - [2023-12-07T17:05:40.201+0000] {dag.py:2941} INFO - Sync 1 DAGs
[2023-12-07T17:05:40.222+0000] {logging_mixin.py:154} INFO - [2023-12-07T17:05:40.222+0000] {dag.py:3722} INFO - Setting next_dagrun for example_setup_teardown_taskflow to 2023-12-06T17:05:40.222439+00:00, run_after=2023-12-07T17:05:40.222439+00:00
[2023-12-07T17:05:40.245+0000] {processor.py:179} INFO - Processing /home/ubuntu/ec2_customer_chum_venv/lib/python3.10/site-packages/airflow/example_dags/example_setup_teardown_taskflow.py took 0.079 seconds
[2023-12-07T17:06:24.996+0000] {processor.py:157} INFO - Started process (PID=6021) to work on /home/ubuntu/ec2_customer_chum_venv/lib/python3.10/site-packages/airflow/example_dags/example_setup_teardown_taskflow.py
[2023-12-07T17:06:24.997+0000] {processor.py:829} INFO - Processing file /home/ubuntu/ec2_customer_chum_venv/lib/python3.10/site-packages/airflow/example_dags/example_setup_teardown_taskflow.py for tasks to queue
[2023-12-07T17:06:24.998+0000] {logging_mixin.py:154} INFO - [2023-12-07T17:06:24.998+0000] {dagbag.py:536} INFO - Filling up the DagBag from /home/ubuntu/ec2_customer_chum_venv/lib/python3.10/site-packages/airflow/example_dags/example_setup_teardown_taskflow.py
[2023-12-07T17:06:25.009+0000] {processor.py:839} INFO - DAG(s) dict_keys(['example_setup_teardown_taskflow']) retrieved from /home/ubuntu/ec2_customer_chum_venv/lib/python3.10/site-packages/airflow/example_dags/example_setup_teardown_taskflow.py
[2023-12-07T17:06:25.028+0000] {logging_mixin.py:154} INFO - [2023-12-07T17:06:25.028+0000] {dag.py:2941} INFO - Sync 1 DAGs
[2023-12-07T17:06:25.049+0000] {logging_mixin.py:154} INFO - [2023-12-07T17:06:25.049+0000] {dag.py:3722} INFO - Setting next_dagrun for example_setup_teardown_taskflow to 2023-12-06T17:06:25.049279+00:00, run_after=2023-12-07T17:06:25.049279+00:00
[2023-12-07T17:06:25.071+0000] {processor.py:179} INFO - Processing /home/ubuntu/ec2_customer_chum_venv/lib/python3.10/site-packages/airflow/example_dags/example_setup_teardown_taskflow.py took 0.079 seconds
[2023-12-07T17:07:11.860+0000] {processor.py:157} INFO - Started process (PID=6067) to work on /home/ubuntu/ec2_customer_chum_venv/lib/python3.10/site-packages/airflow/example_dags/example_setup_teardown_taskflow.py
[2023-12-07T17:07:11.861+0000] {processor.py:829} INFO - Processing file /home/ubuntu/ec2_customer_chum_venv/lib/python3.10/site-packages/airflow/example_dags/example_setup_teardown_taskflow.py for tasks to queue
[2023-12-07T17:07:11.862+0000] {logging_mixin.py:154} INFO - [2023-12-07T17:07:11.862+0000] {dagbag.py:536} INFO - Filling up the DagBag from /home/ubuntu/ec2_customer_chum_venv/lib/python3.10/site-packages/airflow/example_dags/example_setup_teardown_taskflow.py
[2023-12-07T17:07:11.873+0000] {processor.py:839} INFO - DAG(s) dict_keys(['example_setup_teardown_taskflow']) retrieved from /home/ubuntu/ec2_customer_chum_venv/lib/python3.10/site-packages/airflow/example_dags/example_setup_teardown_taskflow.py
[2023-12-07T17:07:11.891+0000] {logging_mixin.py:154} INFO - [2023-12-07T17:07:11.891+0000] {dag.py:2941} INFO - Sync 1 DAGs
[2023-12-07T17:07:11.911+0000] {logging_mixin.py:154} INFO - [2023-12-07T17:07:11.911+0000] {dag.py:3722} INFO - Setting next_dagrun for example_setup_teardown_taskflow to 2023-12-06T17:07:11.911439+00:00, run_after=2023-12-07T17:07:11.911439+00:00
[2023-12-07T17:07:11.934+0000] {processor.py:179} INFO - Processing /home/ubuntu/ec2_customer_chum_venv/lib/python3.10/site-packages/airflow/example_dags/example_setup_teardown_taskflow.py took 0.078 seconds
[2023-12-07T17:07:56.427+0000] {processor.py:157} INFO - Started process (PID=6113) to work on /home/ubuntu/ec2_customer_chum_venv/lib/python3.10/site-packages/airflow/example_dags/example_setup_teardown_taskflow.py
[2023-12-07T17:07:56.428+0000] {processor.py:829} INFO - Processing file /home/ubuntu/ec2_customer_chum_venv/lib/python3.10/site-packages/airflow/example_dags/example_setup_teardown_taskflow.py for tasks to queue
[2023-12-07T17:07:56.429+0000] {logging_mixin.py:154} INFO - [2023-12-07T17:07:56.429+0000] {dagbag.py:536} INFO - Filling up the DagBag from /home/ubuntu/ec2_customer_chum_venv/lib/python3.10/site-packages/airflow/example_dags/example_setup_teardown_taskflow.py
[2023-12-07T17:07:56.441+0000] {processor.py:839} INFO - DAG(s) dict_keys(['example_setup_teardown_taskflow']) retrieved from /home/ubuntu/ec2_customer_chum_venv/lib/python3.10/site-packages/airflow/example_dags/example_setup_teardown_taskflow.py
[2023-12-07T17:07:56.459+0000] {logging_mixin.py:154} INFO - [2023-12-07T17:07:56.459+0000] {dag.py:2941} INFO - Sync 1 DAGs
[2023-12-07T17:07:56.480+0000] {logging_mixin.py:154} INFO - [2023-12-07T17:07:56.479+0000] {dag.py:3722} INFO - Setting next_dagrun for example_setup_teardown_taskflow to 2023-12-06T17:07:56.479509+00:00, run_after=2023-12-07T17:07:56.479509+00:00
[2023-12-07T17:07:56.503+0000] {processor.py:179} INFO - Processing /home/ubuntu/ec2_customer_chum_venv/lib/python3.10/site-packages/airflow/example_dags/example_setup_teardown_taskflow.py took 0.079 seconds
[2023-12-07T17:08:42.102+0000] {processor.py:157} INFO - Started process (PID=6160) to work on /home/ubuntu/ec2_customer_chum_venv/lib/python3.10/site-packages/airflow/example_dags/example_setup_teardown_taskflow.py
[2023-12-07T17:08:42.104+0000] {processor.py:829} INFO - Processing file /home/ubuntu/ec2_customer_chum_venv/lib/python3.10/site-packages/airflow/example_dags/example_setup_teardown_taskflow.py for tasks to queue
[2023-12-07T17:08:42.105+0000] {logging_mixin.py:154} INFO - [2023-12-07T17:08:42.104+0000] {dagbag.py:536} INFO - Filling up the DagBag from /home/ubuntu/ec2_customer_chum_venv/lib/python3.10/site-packages/airflow/example_dags/example_setup_teardown_taskflow.py
[2023-12-07T17:08:42.116+0000] {processor.py:839} INFO - DAG(s) dict_keys(['example_setup_teardown_taskflow']) retrieved from /home/ubuntu/ec2_customer_chum_venv/lib/python3.10/site-packages/airflow/example_dags/example_setup_teardown_taskflow.py
[2023-12-07T17:08:42.135+0000] {logging_mixin.py:154} INFO - [2023-12-07T17:08:42.135+0000] {dag.py:2941} INFO - Sync 1 DAGs
[2023-12-07T17:08:42.156+0000] {logging_mixin.py:154} INFO - [2023-12-07T17:08:42.156+0000] {dag.py:3722} INFO - Setting next_dagrun for example_setup_teardown_taskflow to 2023-12-06T17:08:42.155931+00:00, run_after=2023-12-07T17:08:42.155931+00:00
[2023-12-07T17:08:42.179+0000] {processor.py:179} INFO - Processing /home/ubuntu/ec2_customer_chum_venv/lib/python3.10/site-packages/airflow/example_dags/example_setup_teardown_taskflow.py took 0.080 seconds
[2023-12-07T17:09:27.884+0000] {processor.py:157} INFO - Started process (PID=6207) to work on /home/ubuntu/ec2_customer_chum_venv/lib/python3.10/site-packages/airflow/example_dags/example_setup_teardown_taskflow.py
[2023-12-07T17:09:27.885+0000] {processor.py:829} INFO - Processing file /home/ubuntu/ec2_customer_chum_venv/lib/python3.10/site-packages/airflow/example_dags/example_setup_teardown_taskflow.py for tasks to queue
[2023-12-07T17:09:27.886+0000] {logging_mixin.py:154} INFO - [2023-12-07T17:09:27.886+0000] {dagbag.py:536} INFO - Filling up the DagBag from /home/ubuntu/ec2_customer_chum_venv/lib/python3.10/site-packages/airflow/example_dags/example_setup_teardown_taskflow.py
[2023-12-07T17:09:27.897+0000] {processor.py:839} INFO - DAG(s) dict_keys(['example_setup_teardown_taskflow']) retrieved from /home/ubuntu/ec2_customer_chum_venv/lib/python3.10/site-packages/airflow/example_dags/example_setup_teardown_taskflow.py
[2023-12-07T17:09:27.916+0000] {logging_mixin.py:154} INFO - [2023-12-07T17:09:27.915+0000] {dag.py:2941} INFO - Sync 1 DAGs
[2023-12-07T17:09:27.936+0000] {logging_mixin.py:154} INFO - [2023-12-07T17:09:27.936+0000] {dag.py:3722} INFO - Setting next_dagrun for example_setup_teardown_taskflow to 2023-12-06T17:09:27.935965+00:00, run_after=2023-12-07T17:09:27.935965+00:00
[2023-12-07T17:09:27.959+0000] {processor.py:179} INFO - Processing /home/ubuntu/ec2_customer_chum_venv/lib/python3.10/site-packages/airflow/example_dags/example_setup_teardown_taskflow.py took 0.078 seconds
[2023-12-07T17:10:07.958+0000] {processor.py:157} INFO - Started process (PID=6249) to work on /home/ubuntu/ec2_customer_chum_venv/lib/python3.10/site-packages/airflow/example_dags/example_setup_teardown_taskflow.py
[2023-12-07T17:10:07.960+0000] {processor.py:829} INFO - Processing file /home/ubuntu/ec2_customer_chum_venv/lib/python3.10/site-packages/airflow/example_dags/example_setup_teardown_taskflow.py for tasks to queue
[2023-12-07T17:10:07.961+0000] {logging_mixin.py:154} INFO - [2023-12-07T17:10:07.960+0000] {dagbag.py:536} INFO - Filling up the DagBag from /home/ubuntu/ec2_customer_chum_venv/lib/python3.10/site-packages/airflow/example_dags/example_setup_teardown_taskflow.py
[2023-12-07T17:10:07.972+0000] {processor.py:839} INFO - DAG(s) dict_keys(['example_setup_teardown_taskflow']) retrieved from /home/ubuntu/ec2_customer_chum_venv/lib/python3.10/site-packages/airflow/example_dags/example_setup_teardown_taskflow.py
[2023-12-07T17:10:07.990+0000] {logging_mixin.py:154} INFO - [2023-12-07T17:10:07.990+0000] {dag.py:2941} INFO - Sync 1 DAGs
[2023-12-07T17:10:08.012+0000] {logging_mixin.py:154} INFO - [2023-12-07T17:10:08.012+0000] {dag.py:3722} INFO - Setting next_dagrun for example_setup_teardown_taskflow to 2023-12-06T17:10:08.011974+00:00, run_after=2023-12-07T17:10:08.011974+00:00
[2023-12-07T17:10:08.036+0000] {processor.py:179} INFO - Processing /home/ubuntu/ec2_customer_chum_venv/lib/python3.10/site-packages/airflow/example_dags/example_setup_teardown_taskflow.py took 0.081 seconds
[2023-12-07T17:10:45.055+0000] {processor.py:157} INFO - Started process (PID=6286) to work on /home/ubuntu/ec2_customer_chum_venv/lib/python3.10/site-packages/airflow/example_dags/example_setup_teardown_taskflow.py
[2023-12-07T17:10:45.057+0000] {processor.py:829} INFO - Processing file /home/ubuntu/ec2_customer_chum_venv/lib/python3.10/site-packages/airflow/example_dags/example_setup_teardown_taskflow.py for tasks to queue
[2023-12-07T17:10:45.058+0000] {logging_mixin.py:154} INFO - [2023-12-07T17:10:45.057+0000] {dagbag.py:536} INFO - Filling up the DagBag from /home/ubuntu/ec2_customer_chum_venv/lib/python3.10/site-packages/airflow/example_dags/example_setup_teardown_taskflow.py
[2023-12-07T17:10:45.069+0000] {processor.py:839} INFO - DAG(s) dict_keys(['example_setup_teardown_taskflow']) retrieved from /home/ubuntu/ec2_customer_chum_venv/lib/python3.10/site-packages/airflow/example_dags/example_setup_teardown_taskflow.py
[2023-12-07T17:10:45.088+0000] {logging_mixin.py:154} INFO - [2023-12-07T17:10:45.088+0000] {dag.py:2941} INFO - Sync 1 DAGs
[2023-12-07T17:10:45.111+0000] {logging_mixin.py:154} INFO - [2023-12-07T17:10:45.111+0000] {dag.py:3722} INFO - Setting next_dagrun for example_setup_teardown_taskflow to 2023-12-06T17:10:45.111023+00:00, run_after=2023-12-07T17:10:45.111023+00:00
[2023-12-07T17:10:45.134+0000] {processor.py:179} INFO - Processing /home/ubuntu/ec2_customer_chum_venv/lib/python3.10/site-packages/airflow/example_dags/example_setup_teardown_taskflow.py took 0.082 seconds
[2023-12-07T17:11:29.313+0000] {processor.py:157} INFO - Started process (PID=6333) to work on /home/ubuntu/ec2_customer_chum_venv/lib/python3.10/site-packages/airflow/example_dags/example_setup_teardown_taskflow.py
[2023-12-07T17:11:29.314+0000] {processor.py:829} INFO - Processing file /home/ubuntu/ec2_customer_chum_venv/lib/python3.10/site-packages/airflow/example_dags/example_setup_teardown_taskflow.py for tasks to queue
[2023-12-07T17:11:29.315+0000] {logging_mixin.py:154} INFO - [2023-12-07T17:11:29.315+0000] {dagbag.py:536} INFO - Filling up the DagBag from /home/ubuntu/ec2_customer_chum_venv/lib/python3.10/site-packages/airflow/example_dags/example_setup_teardown_taskflow.py
[2023-12-07T17:11:29.326+0000] {processor.py:839} INFO - DAG(s) dict_keys(['example_setup_teardown_taskflow']) retrieved from /home/ubuntu/ec2_customer_chum_venv/lib/python3.10/site-packages/airflow/example_dags/example_setup_teardown_taskflow.py
[2023-12-07T17:11:29.344+0000] {logging_mixin.py:154} INFO - [2023-12-07T17:11:29.344+0000] {dag.py:2941} INFO - Sync 1 DAGs
[2023-12-07T17:11:29.364+0000] {logging_mixin.py:154} INFO - [2023-12-07T17:11:29.364+0000] {dag.py:3722} INFO - Setting next_dagrun for example_setup_teardown_taskflow to 2023-12-06T17:11:29.364386+00:00, run_after=2023-12-07T17:11:29.364386+00:00
[2023-12-07T17:11:29.386+0000] {processor.py:179} INFO - Processing /home/ubuntu/ec2_customer_chum_venv/lib/python3.10/site-packages/airflow/example_dags/example_setup_teardown_taskflow.py took 0.077 seconds
[2023-12-07T17:12:12.802+0000] {processor.py:157} INFO - Started process (PID=6382) to work on /home/ubuntu/ec2_customer_chum_venv/lib/python3.10/site-packages/airflow/example_dags/example_setup_teardown_taskflow.py
[2023-12-07T17:12:12.804+0000] {processor.py:829} INFO - Processing file /home/ubuntu/ec2_customer_chum_venv/lib/python3.10/site-packages/airflow/example_dags/example_setup_teardown_taskflow.py for tasks to queue
[2023-12-07T17:12:12.805+0000] {logging_mixin.py:154} INFO - [2023-12-07T17:12:12.804+0000] {dagbag.py:536} INFO - Filling up the DagBag from /home/ubuntu/ec2_customer_chum_venv/lib/python3.10/site-packages/airflow/example_dags/example_setup_teardown_taskflow.py
[2023-12-07T17:12:12.816+0000] {processor.py:839} INFO - DAG(s) dict_keys(['example_setup_teardown_taskflow']) retrieved from /home/ubuntu/ec2_customer_chum_venv/lib/python3.10/site-packages/airflow/example_dags/example_setup_teardown_taskflow.py
[2023-12-07T17:12:12.835+0000] {logging_mixin.py:154} INFO - [2023-12-07T17:12:12.834+0000] {dag.py:2941} INFO - Sync 1 DAGs
[2023-12-07T17:12:12.855+0000] {logging_mixin.py:154} INFO - [2023-12-07T17:12:12.855+0000] {dag.py:3722} INFO - Setting next_dagrun for example_setup_teardown_taskflow to 2023-12-06T17:12:12.855032+00:00, run_after=2023-12-07T17:12:12.855032+00:00
[2023-12-07T17:12:12.879+0000] {processor.py:179} INFO - Processing /home/ubuntu/ec2_customer_chum_venv/lib/python3.10/site-packages/airflow/example_dags/example_setup_teardown_taskflow.py took 0.080 seconds
[2023-12-07T17:13:01.569+0000] {processor.py:157} INFO - Started process (PID=6432) to work on /home/ubuntu/ec2_customer_chum_venv/lib/python3.10/site-packages/airflow/example_dags/example_setup_teardown_taskflow.py
[2023-12-07T17:13:01.570+0000] {processor.py:829} INFO - Processing file /home/ubuntu/ec2_customer_chum_venv/lib/python3.10/site-packages/airflow/example_dags/example_setup_teardown_taskflow.py for tasks to queue
[2023-12-07T17:13:01.571+0000] {logging_mixin.py:154} INFO - [2023-12-07T17:13:01.571+0000] {dagbag.py:536} INFO - Filling up the DagBag from /home/ubuntu/ec2_customer_chum_venv/lib/python3.10/site-packages/airflow/example_dags/example_setup_teardown_taskflow.py
[2023-12-07T17:13:01.582+0000] {processor.py:839} INFO - DAG(s) dict_keys(['example_setup_teardown_taskflow']) retrieved from /home/ubuntu/ec2_customer_chum_venv/lib/python3.10/site-packages/airflow/example_dags/example_setup_teardown_taskflow.py
[2023-12-07T17:13:01.601+0000] {logging_mixin.py:154} INFO - [2023-12-07T17:13:01.601+0000] {dag.py:2941} INFO - Sync 1 DAGs
[2023-12-07T17:13:01.623+0000] {logging_mixin.py:154} INFO - [2023-12-07T17:13:01.622+0000] {dag.py:3722} INFO - Setting next_dagrun for example_setup_teardown_taskflow to 2023-12-06T17:13:01.622612+00:00, run_after=2023-12-07T17:13:01.622612+00:00
[2023-12-07T17:13:01.646+0000] {processor.py:179} INFO - Processing /home/ubuntu/ec2_customer_chum_venv/lib/python3.10/site-packages/airflow/example_dags/example_setup_teardown_taskflow.py took 0.081 seconds
[2023-12-07T17:13:44.293+0000] {processor.py:157} INFO - Started process (PID=6564) to work on /home/ubuntu/ec2_customer_chum_venv/lib/python3.10/site-packages/airflow/example_dags/example_setup_teardown_taskflow.py
[2023-12-07T17:13:44.295+0000] {processor.py:829} INFO - Processing file /home/ubuntu/ec2_customer_chum_venv/lib/python3.10/site-packages/airflow/example_dags/example_setup_teardown_taskflow.py for tasks to queue
[2023-12-07T17:13:44.296+0000] {logging_mixin.py:154} INFO - [2023-12-07T17:13:44.295+0000] {dagbag.py:536} INFO - Filling up the DagBag from /home/ubuntu/ec2_customer_chum_venv/lib/python3.10/site-packages/airflow/example_dags/example_setup_teardown_taskflow.py
[2023-12-07T17:13:44.306+0000] {processor.py:839} INFO - DAG(s) dict_keys(['example_setup_teardown_taskflow']) retrieved from /home/ubuntu/ec2_customer_chum_venv/lib/python3.10/site-packages/airflow/example_dags/example_setup_teardown_taskflow.py
[2023-12-07T17:13:44.325+0000] {logging_mixin.py:154} INFO - [2023-12-07T17:13:44.324+0000] {dag.py:2941} INFO - Sync 1 DAGs
[2023-12-07T17:13:44.345+0000] {logging_mixin.py:154} INFO - [2023-12-07T17:13:44.345+0000] {dag.py:3722} INFO - Setting next_dagrun for example_setup_teardown_taskflow to 2023-12-06T17:13:44.345337+00:00, run_after=2023-12-07T17:13:44.345337+00:00
[2023-12-07T17:13:44.369+0000] {processor.py:179} INFO - Processing /home/ubuntu/ec2_customer_chum_venv/lib/python3.10/site-packages/airflow/example_dags/example_setup_teardown_taskflow.py took 0.079 seconds
[2023-12-07T17:14:27.146+0000] {processor.py:157} INFO - Started process (PID=6608) to work on /home/ubuntu/ec2_customer_chum_venv/lib/python3.10/site-packages/airflow/example_dags/example_setup_teardown_taskflow.py
[2023-12-07T17:14:27.148+0000] {processor.py:829} INFO - Processing file /home/ubuntu/ec2_customer_chum_venv/lib/python3.10/site-packages/airflow/example_dags/example_setup_teardown_taskflow.py for tasks to queue
[2023-12-07T17:14:27.149+0000] {logging_mixin.py:154} INFO - [2023-12-07T17:14:27.148+0000] {dagbag.py:536} INFO - Filling up the DagBag from /home/ubuntu/ec2_customer_chum_venv/lib/python3.10/site-packages/airflow/example_dags/example_setup_teardown_taskflow.py
[2023-12-07T17:14:27.160+0000] {processor.py:839} INFO - DAG(s) dict_keys(['example_setup_teardown_taskflow']) retrieved from /home/ubuntu/ec2_customer_chum_venv/lib/python3.10/site-packages/airflow/example_dags/example_setup_teardown_taskflow.py
[2023-12-07T17:14:27.178+0000] {logging_mixin.py:154} INFO - [2023-12-07T17:14:27.178+0000] {dag.py:2941} INFO - Sync 1 DAGs
[2023-12-07T17:14:27.198+0000] {logging_mixin.py:154} INFO - [2023-12-07T17:14:27.198+0000] {dag.py:3722} INFO - Setting next_dagrun for example_setup_teardown_taskflow to 2023-12-06T17:14:27.198378+00:00, run_after=2023-12-07T17:14:27.198378+00:00
[2023-12-07T17:14:27.221+0000] {processor.py:179} INFO - Processing /home/ubuntu/ec2_customer_chum_venv/lib/python3.10/site-packages/airflow/example_dags/example_setup_teardown_taskflow.py took 0.078 seconds
[2023-12-07T17:15:10.823+0000] {processor.py:157} INFO - Started process (PID=6720) to work on /home/ubuntu/ec2_customer_chum_venv/lib/python3.10/site-packages/airflow/example_dags/example_setup_teardown_taskflow.py
[2023-12-07T17:15:10.825+0000] {processor.py:829} INFO - Processing file /home/ubuntu/ec2_customer_chum_venv/lib/python3.10/site-packages/airflow/example_dags/example_setup_teardown_taskflow.py for tasks to queue
[2023-12-07T17:15:10.826+0000] {logging_mixin.py:154} INFO - [2023-12-07T17:15:10.825+0000] {dagbag.py:536} INFO - Filling up the DagBag from /home/ubuntu/ec2_customer_chum_venv/lib/python3.10/site-packages/airflow/example_dags/example_setup_teardown_taskflow.py
[2023-12-07T17:15:10.837+0000] {processor.py:839} INFO - DAG(s) dict_keys(['example_setup_teardown_taskflow']) retrieved from /home/ubuntu/ec2_customer_chum_venv/lib/python3.10/site-packages/airflow/example_dags/example_setup_teardown_taskflow.py
[2023-12-07T17:15:10.855+0000] {logging_mixin.py:154} INFO - [2023-12-07T17:15:10.855+0000] {dag.py:2941} INFO - Sync 1 DAGs
[2023-12-07T17:15:10.877+0000] {logging_mixin.py:154} INFO - [2023-12-07T17:15:10.877+0000] {dag.py:3722} INFO - Setting next_dagrun for example_setup_teardown_taskflow to 2023-12-06T17:15:10.876818+00:00, run_after=2023-12-07T17:15:10.876818+00:00
[2023-12-07T17:15:10.901+0000] {processor.py:179} INFO - Processing /home/ubuntu/ec2_customer_chum_venv/lib/python3.10/site-packages/airflow/example_dags/example_setup_teardown_taskflow.py took 0.081 seconds
