[2023-12-07T16:49:46.761+0000] {processor.py:157} INFO - Started process (PID=4998) to work on /home/ubuntu/ec2_customer_chum_venv/lib/python3.10/site-packages/airflow/example_dags/example_dag_decorator.py
[2023-12-07T16:49:46.762+0000] {processor.py:829} INFO - Processing file /home/ubuntu/ec2_customer_chum_venv/lib/python3.10/site-packages/airflow/example_dags/example_dag_decorator.py for tasks to queue
[2023-12-07T16:49:46.763+0000] {logging_mixin.py:154} INFO - [2023-12-07T16:49:46.763+0000] {dagbag.py:536} INFO - Filling up the DagBag from /home/ubuntu/ec2_customer_chum_venv/lib/python3.10/site-packages/airflow/example_dags/example_dag_decorator.py
[2023-12-07T16:49:46.776+0000] {processor.py:839} INFO - DAG(s) dict_keys(['example_dag_decorator']) retrieved from /home/ubuntu/ec2_customer_chum_venv/lib/python3.10/site-packages/airflow/example_dags/example_dag_decorator.py
[2023-12-07T16:49:46.894+0000] {logging_mixin.py:154} INFO - [2023-12-07T16:49:46.894+0000] {manager.py:499} INFO - Created Permission View: %s
[2023-12-07T16:49:46.909+0000] {logging_mixin.py:154} INFO - [2023-12-07T16:49:46.909+0000] {manager.py:499} INFO - Created Permission View: %s
[2023-12-07T16:49:46.921+0000] {logging_mixin.py:154} INFO - [2023-12-07T16:49:46.920+0000] {manager.py:499} INFO - Created Permission View: %s
[2023-12-07T16:49:46.921+0000] {logging_mixin.py:154} INFO - [2023-12-07T16:49:46.921+0000] {dag.py:2941} INFO - Sync 1 DAGs
[2023-12-07T16:49:46.933+0000] {logging_mixin.py:154} INFO - [2023-12-07T16:49:46.933+0000] {dag.py:2963} INFO - Creating ORM DAG for example_dag_decorator
[2023-12-07T16:49:46.934+0000] {logging_mixin.py:154} INFO - [2023-12-07T16:49:46.933+0000] {dag.py:3722} INFO - Setting next_dagrun for example_dag_decorator to None, run_after=None
[2023-12-07T16:49:46.958+0000] {processor.py:179} INFO - Processing /home/ubuntu/ec2_customer_chum_venv/lib/python3.10/site-packages/airflow/example_dags/example_dag_decorator.py took 0.199 seconds
[2023-12-07T16:50:40.561+0000] {processor.py:157} INFO - Started process (PID=5051) to work on /home/ubuntu/ec2_customer_chum_venv/lib/python3.10/site-packages/airflow/example_dags/example_dag_decorator.py
[2023-12-07T16:50:40.563+0000] {processor.py:829} INFO - Processing file /home/ubuntu/ec2_customer_chum_venv/lib/python3.10/site-packages/airflow/example_dags/example_dag_decorator.py for tasks to queue
[2023-12-07T16:50:40.564+0000] {logging_mixin.py:154} INFO - [2023-12-07T16:50:40.563+0000] {dagbag.py:536} INFO - Filling up the DagBag from /home/ubuntu/ec2_customer_chum_venv/lib/python3.10/site-packages/airflow/example_dags/example_dag_decorator.py
[2023-12-07T16:50:40.576+0000] {processor.py:839} INFO - DAG(s) dict_keys(['example_dag_decorator']) retrieved from /home/ubuntu/ec2_customer_chum_venv/lib/python3.10/site-packages/airflow/example_dags/example_dag_decorator.py
[2023-12-07T16:50:40.678+0000] {logging_mixin.py:154} INFO - [2023-12-07T16:50:40.678+0000] {dag.py:2941} INFO - Sync 1 DAGs
[2023-12-07T16:50:40.691+0000] {logging_mixin.py:154} INFO - [2023-12-07T16:50:40.690+0000] {dag.py:3722} INFO - Setting next_dagrun for example_dag_decorator to None, run_after=None
[2023-12-07T16:50:40.715+0000] {processor.py:179} INFO - Processing /home/ubuntu/ec2_customer_chum_venv/lib/python3.10/site-packages/airflow/example_dags/example_dag_decorator.py took 0.157 seconds
[2023-12-07T16:51:29.397+0000] {processor.py:157} INFO - Started process (PID=5101) to work on /home/ubuntu/ec2_customer_chum_venv/lib/python3.10/site-packages/airflow/example_dags/example_dag_decorator.py
[2023-12-07T16:51:29.398+0000] {processor.py:829} INFO - Processing file /home/ubuntu/ec2_customer_chum_venv/lib/python3.10/site-packages/airflow/example_dags/example_dag_decorator.py for tasks to queue
[2023-12-07T16:51:29.399+0000] {logging_mixin.py:154} INFO - [2023-12-07T16:51:29.399+0000] {dagbag.py:536} INFO - Filling up the DagBag from /home/ubuntu/ec2_customer_chum_venv/lib/python3.10/site-packages/airflow/example_dags/example_dag_decorator.py
[2023-12-07T16:51:29.412+0000] {processor.py:839} INFO - DAG(s) dict_keys(['example_dag_decorator']) retrieved from /home/ubuntu/ec2_customer_chum_venv/lib/python3.10/site-packages/airflow/example_dags/example_dag_decorator.py
[2023-12-07T16:51:29.514+0000] {logging_mixin.py:154} INFO - [2023-12-07T16:51:29.514+0000] {dag.py:2941} INFO - Sync 1 DAGs
[2023-12-07T16:51:29.524+0000] {logging_mixin.py:154} INFO - [2023-12-07T16:51:29.524+0000] {dag.py:3722} INFO - Setting next_dagrun for example_dag_decorator to None, run_after=None
[2023-12-07T16:51:29.549+0000] {processor.py:179} INFO - Processing /home/ubuntu/ec2_customer_chum_venv/lib/python3.10/site-packages/airflow/example_dags/example_dag_decorator.py took 0.155 seconds
[2023-12-07T16:52:18.405+0000] {processor.py:157} INFO - Started process (PID=5154) to work on /home/ubuntu/ec2_customer_chum_venv/lib/python3.10/site-packages/airflow/example_dags/example_dag_decorator.py
[2023-12-07T16:52:18.406+0000] {processor.py:829} INFO - Processing file /home/ubuntu/ec2_customer_chum_venv/lib/python3.10/site-packages/airflow/example_dags/example_dag_decorator.py for tasks to queue
[2023-12-07T16:52:18.407+0000] {logging_mixin.py:154} INFO - [2023-12-07T16:52:18.407+0000] {dagbag.py:536} INFO - Filling up the DagBag from /home/ubuntu/ec2_customer_chum_venv/lib/python3.10/site-packages/airflow/example_dags/example_dag_decorator.py
[2023-12-07T16:52:18.420+0000] {processor.py:839} INFO - DAG(s) dict_keys(['example_dag_decorator']) retrieved from /home/ubuntu/ec2_customer_chum_venv/lib/python3.10/site-packages/airflow/example_dags/example_dag_decorator.py
[2023-12-07T16:52:18.520+0000] {logging_mixin.py:154} INFO - [2023-12-07T16:52:18.520+0000] {dag.py:2941} INFO - Sync 1 DAGs
[2023-12-07T16:52:18.531+0000] {logging_mixin.py:154} INFO - [2023-12-07T16:52:18.531+0000] {dag.py:3722} INFO - Setting next_dagrun for example_dag_decorator to None, run_after=None
[2023-12-07T16:52:18.553+0000] {processor.py:179} INFO - Processing /home/ubuntu/ec2_customer_chum_venv/lib/python3.10/site-packages/airflow/example_dags/example_dag_decorator.py took 0.152 seconds
[2023-12-07T16:54:14.342+0000] {processor.py:157} INFO - Started process (PID=5261) to work on /home/ubuntu/ec2_customer_chum_venv/lib/python3.10/site-packages/airflow/example_dags/example_dag_decorator.py
[2023-12-07T16:54:14.344+0000] {processor.py:829} INFO - Processing file /home/ubuntu/ec2_customer_chum_venv/lib/python3.10/site-packages/airflow/example_dags/example_dag_decorator.py for tasks to queue
[2023-12-07T16:54:14.345+0000] {logging_mixin.py:154} INFO - [2023-12-07T16:54:14.344+0000] {dagbag.py:536} INFO - Filling up the DagBag from /home/ubuntu/ec2_customer_chum_venv/lib/python3.10/site-packages/airflow/example_dags/example_dag_decorator.py
[2023-12-07T16:54:14.358+0000] {processor.py:839} INFO - DAG(s) dict_keys(['example_dag_decorator']) retrieved from /home/ubuntu/ec2_customer_chum_venv/lib/python3.10/site-packages/airflow/example_dags/example_dag_decorator.py
[2023-12-07T16:54:14.463+0000] {logging_mixin.py:154} INFO - [2023-12-07T16:54:14.462+0000] {dag.py:2941} INFO - Sync 1 DAGs
[2023-12-07T16:54:14.473+0000] {logging_mixin.py:154} INFO - [2023-12-07T16:54:14.473+0000] {dag.py:3722} INFO - Setting next_dagrun for example_dag_decorator to None, run_after=None
[2023-12-07T16:54:14.497+0000] {processor.py:179} INFO - Processing /home/ubuntu/ec2_customer_chum_venv/lib/python3.10/site-packages/airflow/example_dags/example_dag_decorator.py took 0.159 seconds
[2023-12-07T16:55:00.700+0000] {processor.py:157} INFO - Started process (PID=5309) to work on /home/ubuntu/ec2_customer_chum_venv/lib/python3.10/site-packages/airflow/example_dags/example_dag_decorator.py
[2023-12-07T16:55:00.702+0000] {processor.py:829} INFO - Processing file /home/ubuntu/ec2_customer_chum_venv/lib/python3.10/site-packages/airflow/example_dags/example_dag_decorator.py for tasks to queue
[2023-12-07T16:55:00.703+0000] {logging_mixin.py:154} INFO - [2023-12-07T16:55:00.702+0000] {dagbag.py:536} INFO - Filling up the DagBag from /home/ubuntu/ec2_customer_chum_venv/lib/python3.10/site-packages/airflow/example_dags/example_dag_decorator.py
[2023-12-07T16:55:00.716+0000] {processor.py:839} INFO - DAG(s) dict_keys(['example_dag_decorator']) retrieved from /home/ubuntu/ec2_customer_chum_venv/lib/python3.10/site-packages/airflow/example_dags/example_dag_decorator.py
[2023-12-07T16:55:00.819+0000] {logging_mixin.py:154} INFO - [2023-12-07T16:55:00.819+0000] {dag.py:2941} INFO - Sync 1 DAGs
[2023-12-07T16:55:00.829+0000] {logging_mixin.py:154} INFO - [2023-12-07T16:55:00.829+0000] {dag.py:3722} INFO - Setting next_dagrun for example_dag_decorator to None, run_after=None
[2023-12-07T16:55:00.854+0000] {processor.py:179} INFO - Processing /home/ubuntu/ec2_customer_chum_venv/lib/python3.10/site-packages/airflow/example_dags/example_dag_decorator.py took 0.157 seconds
[2023-12-07T16:55:45.635+0000] {processor.py:157} INFO - Started process (PID=5357) to work on /home/ubuntu/ec2_customer_chum_venv/lib/python3.10/site-packages/airflow/example_dags/example_dag_decorator.py
[2023-12-07T16:55:45.636+0000] {processor.py:829} INFO - Processing file /home/ubuntu/ec2_customer_chum_venv/lib/python3.10/site-packages/airflow/example_dags/example_dag_decorator.py for tasks to queue
[2023-12-07T16:55:45.637+0000] {logging_mixin.py:154} INFO - [2023-12-07T16:55:45.637+0000] {dagbag.py:536} INFO - Filling up the DagBag from /home/ubuntu/ec2_customer_chum_venv/lib/python3.10/site-packages/airflow/example_dags/example_dag_decorator.py
[2023-12-07T16:55:45.650+0000] {processor.py:839} INFO - DAG(s) dict_keys(['example_dag_decorator']) retrieved from /home/ubuntu/ec2_customer_chum_venv/lib/python3.10/site-packages/airflow/example_dags/example_dag_decorator.py
[2023-12-07T16:55:45.751+0000] {logging_mixin.py:154} INFO - [2023-12-07T16:55:45.750+0000] {dag.py:2941} INFO - Sync 1 DAGs
[2023-12-07T16:55:45.760+0000] {logging_mixin.py:154} INFO - [2023-12-07T16:55:45.760+0000] {dag.py:3722} INFO - Setting next_dagrun for example_dag_decorator to None, run_after=None
[2023-12-07T16:55:45.785+0000] {processor.py:179} INFO - Processing /home/ubuntu/ec2_customer_chum_venv/lib/python3.10/site-packages/airflow/example_dags/example_dag_decorator.py took 0.154 seconds
[2023-12-07T16:56:29.849+0000] {processor.py:157} INFO - Started process (PID=5403) to work on /home/ubuntu/ec2_customer_chum_venv/lib/python3.10/site-packages/airflow/example_dags/example_dag_decorator.py
[2023-12-07T16:56:29.850+0000] {processor.py:829} INFO - Processing file /home/ubuntu/ec2_customer_chum_venv/lib/python3.10/site-packages/airflow/example_dags/example_dag_decorator.py for tasks to queue
[2023-12-07T16:56:29.851+0000] {logging_mixin.py:154} INFO - [2023-12-07T16:56:29.850+0000] {dagbag.py:536} INFO - Filling up the DagBag from /home/ubuntu/ec2_customer_chum_venv/lib/python3.10/site-packages/airflow/example_dags/example_dag_decorator.py
[2023-12-07T16:56:29.864+0000] {processor.py:839} INFO - DAG(s) dict_keys(['example_dag_decorator']) retrieved from /home/ubuntu/ec2_customer_chum_venv/lib/python3.10/site-packages/airflow/example_dags/example_dag_decorator.py
[2023-12-07T16:56:29.964+0000] {logging_mixin.py:154} INFO - [2023-12-07T16:56:29.964+0000] {dag.py:2941} INFO - Sync 1 DAGs
[2023-12-07T16:56:29.974+0000] {logging_mixin.py:154} INFO - [2023-12-07T16:56:29.974+0000] {dag.py:3722} INFO - Setting next_dagrun for example_dag_decorator to None, run_after=None
[2023-12-07T16:56:29.996+0000] {processor.py:179} INFO - Processing /home/ubuntu/ec2_customer_chum_venv/lib/python3.10/site-packages/airflow/example_dags/example_dag_decorator.py took 0.151 seconds
[2023-12-07T16:57:13.683+0000] {processor.py:157} INFO - Started process (PID=5449) to work on /home/ubuntu/ec2_customer_chum_venv/lib/python3.10/site-packages/airflow/example_dags/example_dag_decorator.py
[2023-12-07T16:57:13.685+0000] {processor.py:829} INFO - Processing file /home/ubuntu/ec2_customer_chum_venv/lib/python3.10/site-packages/airflow/example_dags/example_dag_decorator.py for tasks to queue
[2023-12-07T16:57:13.686+0000] {logging_mixin.py:154} INFO - [2023-12-07T16:57:13.685+0000] {dagbag.py:536} INFO - Filling up the DagBag from /home/ubuntu/ec2_customer_chum_venv/lib/python3.10/site-packages/airflow/example_dags/example_dag_decorator.py
[2023-12-07T16:57:13.698+0000] {processor.py:839} INFO - DAG(s) dict_keys(['example_dag_decorator']) retrieved from /home/ubuntu/ec2_customer_chum_venv/lib/python3.10/site-packages/airflow/example_dags/example_dag_decorator.py
[2023-12-07T16:57:13.800+0000] {logging_mixin.py:154} INFO - [2023-12-07T16:57:13.799+0000] {dag.py:2941} INFO - Sync 1 DAGs
[2023-12-07T16:57:13.810+0000] {logging_mixin.py:154} INFO - [2023-12-07T16:57:13.810+0000] {dag.py:3722} INFO - Setting next_dagrun for example_dag_decorator to None, run_after=None
[2023-12-07T16:57:13.833+0000] {processor.py:179} INFO - Processing /home/ubuntu/ec2_customer_chum_venv/lib/python3.10/site-packages/airflow/example_dags/example_dag_decorator.py took 0.153 seconds
[2023-12-07T16:57:57.320+0000] {processor.py:157} INFO - Started process (PID=5495) to work on /home/ubuntu/ec2_customer_chum_venv/lib/python3.10/site-packages/airflow/example_dags/example_dag_decorator.py
[2023-12-07T16:57:57.321+0000] {processor.py:829} INFO - Processing file /home/ubuntu/ec2_customer_chum_venv/lib/python3.10/site-packages/airflow/example_dags/example_dag_decorator.py for tasks to queue
[2023-12-07T16:57:57.322+0000] {logging_mixin.py:154} INFO - [2023-12-07T16:57:57.322+0000] {dagbag.py:536} INFO - Filling up the DagBag from /home/ubuntu/ec2_customer_chum_venv/lib/python3.10/site-packages/airflow/example_dags/example_dag_decorator.py
[2023-12-07T16:57:57.335+0000] {processor.py:839} INFO - DAG(s) dict_keys(['example_dag_decorator']) retrieved from /home/ubuntu/ec2_customer_chum_venv/lib/python3.10/site-packages/airflow/example_dags/example_dag_decorator.py
[2023-12-07T16:57:57.437+0000] {logging_mixin.py:154} INFO - [2023-12-07T16:57:57.437+0000] {dag.py:2941} INFO - Sync 1 DAGs
[2023-12-07T16:57:57.447+0000] {logging_mixin.py:154} INFO - [2023-12-07T16:57:57.447+0000] {dag.py:3722} INFO - Setting next_dagrun for example_dag_decorator to None, run_after=None
[2023-12-07T16:57:57.469+0000] {processor.py:179} INFO - Processing /home/ubuntu/ec2_customer_chum_venv/lib/python3.10/site-packages/airflow/example_dags/example_dag_decorator.py took 0.152 seconds
[2023-12-07T16:58:41.604+0000] {processor.py:157} INFO - Started process (PID=5543) to work on /home/ubuntu/ec2_customer_chum_venv/lib/python3.10/site-packages/airflow/example_dags/example_dag_decorator.py
[2023-12-07T16:58:41.606+0000] {processor.py:829} INFO - Processing file /home/ubuntu/ec2_customer_chum_venv/lib/python3.10/site-packages/airflow/example_dags/example_dag_decorator.py for tasks to queue
[2023-12-07T16:58:41.607+0000] {logging_mixin.py:154} INFO - [2023-12-07T16:58:41.606+0000] {dagbag.py:536} INFO - Filling up the DagBag from /home/ubuntu/ec2_customer_chum_venv/lib/python3.10/site-packages/airflow/example_dags/example_dag_decorator.py
[2023-12-07T16:58:41.619+0000] {processor.py:839} INFO - DAG(s) dict_keys(['example_dag_decorator']) retrieved from /home/ubuntu/ec2_customer_chum_venv/lib/python3.10/site-packages/airflow/example_dags/example_dag_decorator.py
[2023-12-07T16:58:41.720+0000] {logging_mixin.py:154} INFO - [2023-12-07T16:58:41.719+0000] {dag.py:2941} INFO - Sync 1 DAGs
[2023-12-07T16:58:41.731+0000] {logging_mixin.py:154} INFO - [2023-12-07T16:58:41.731+0000] {dag.py:3722} INFO - Setting next_dagrun for example_dag_decorator to None, run_after=None
[2023-12-07T16:58:41.755+0000] {processor.py:179} INFO - Processing /home/ubuntu/ec2_customer_chum_venv/lib/python3.10/site-packages/airflow/example_dags/example_dag_decorator.py took 0.154 seconds
[2023-12-07T16:59:25.194+0000] {processor.py:157} INFO - Started process (PID=5587) to work on /home/ubuntu/ec2_customer_chum_venv/lib/python3.10/site-packages/airflow/example_dags/example_dag_decorator.py
[2023-12-07T16:59:25.196+0000] {processor.py:829} INFO - Processing file /home/ubuntu/ec2_customer_chum_venv/lib/python3.10/site-packages/airflow/example_dags/example_dag_decorator.py for tasks to queue
[2023-12-07T16:59:25.197+0000] {logging_mixin.py:154} INFO - [2023-12-07T16:59:25.197+0000] {dagbag.py:536} INFO - Filling up the DagBag from /home/ubuntu/ec2_customer_chum_venv/lib/python3.10/site-packages/airflow/example_dags/example_dag_decorator.py
[2023-12-07T16:59:25.210+0000] {processor.py:839} INFO - DAG(s) dict_keys(['example_dag_decorator']) retrieved from /home/ubuntu/ec2_customer_chum_venv/lib/python3.10/site-packages/airflow/example_dags/example_dag_decorator.py
[2023-12-07T16:59:25.311+0000] {logging_mixin.py:154} INFO - [2023-12-07T16:59:25.311+0000] {dag.py:2941} INFO - Sync 1 DAGs
[2023-12-07T16:59:25.321+0000] {logging_mixin.py:154} INFO - [2023-12-07T16:59:25.321+0000] {dag.py:3722} INFO - Setting next_dagrun for example_dag_decorator to None, run_after=None
[2023-12-07T16:59:25.343+0000] {processor.py:179} INFO - Processing /home/ubuntu/ec2_customer_chum_venv/lib/python3.10/site-packages/airflow/example_dags/example_dag_decorator.py took 0.153 seconds
[2023-12-07T17:00:09.235+0000] {processor.py:157} INFO - Started process (PID=5633) to work on /home/ubuntu/ec2_customer_chum_venv/lib/python3.10/site-packages/airflow/example_dags/example_dag_decorator.py
[2023-12-07T17:00:09.236+0000] {processor.py:829} INFO - Processing file /home/ubuntu/ec2_customer_chum_venv/lib/python3.10/site-packages/airflow/example_dags/example_dag_decorator.py for tasks to queue
[2023-12-07T17:00:09.237+0000] {logging_mixin.py:154} INFO - [2023-12-07T17:00:09.236+0000] {dagbag.py:536} INFO - Filling up the DagBag from /home/ubuntu/ec2_customer_chum_venv/lib/python3.10/site-packages/airflow/example_dags/example_dag_decorator.py
[2023-12-07T17:00:09.250+0000] {processor.py:839} INFO - DAG(s) dict_keys(['example_dag_decorator']) retrieved from /home/ubuntu/ec2_customer_chum_venv/lib/python3.10/site-packages/airflow/example_dags/example_dag_decorator.py
[2023-12-07T17:00:09.354+0000] {logging_mixin.py:154} INFO - [2023-12-07T17:00:09.354+0000] {dag.py:2941} INFO - Sync 1 DAGs
[2023-12-07T17:00:09.365+0000] {logging_mixin.py:154} INFO - [2023-12-07T17:00:09.365+0000] {dag.py:3722} INFO - Setting next_dagrun for example_dag_decorator to None, run_after=None
[2023-12-07T17:00:09.389+0000] {processor.py:179} INFO - Processing /home/ubuntu/ec2_customer_chum_venv/lib/python3.10/site-packages/airflow/example_dags/example_dag_decorator.py took 0.158 seconds
[2023-12-07T17:00:58.305+0000] {processor.py:157} INFO - Started process (PID=5683) to work on /home/ubuntu/ec2_customer_chum_venv/lib/python3.10/site-packages/airflow/example_dags/example_dag_decorator.py
[2023-12-07T17:00:58.308+0000] {processor.py:829} INFO - Processing file /home/ubuntu/ec2_customer_chum_venv/lib/python3.10/site-packages/airflow/example_dags/example_dag_decorator.py for tasks to queue
[2023-12-07T17:00:58.309+0000] {logging_mixin.py:154} INFO - [2023-12-07T17:00:58.309+0000] {dagbag.py:536} INFO - Filling up the DagBag from /home/ubuntu/ec2_customer_chum_venv/lib/python3.10/site-packages/airflow/example_dags/example_dag_decorator.py
[2023-12-07T17:00:58.323+0000] {processor.py:839} INFO - DAG(s) dict_keys(['example_dag_decorator']) retrieved from /home/ubuntu/ec2_customer_chum_venv/lib/python3.10/site-packages/airflow/example_dags/example_dag_decorator.py
[2023-12-07T17:00:58.433+0000] {logging_mixin.py:154} INFO - [2023-12-07T17:00:58.432+0000] {dag.py:2941} INFO - Sync 1 DAGs
[2023-12-07T17:00:58.444+0000] {logging_mixin.py:154} INFO - [2023-12-07T17:00:58.443+0000] {dag.py:3722} INFO - Setting next_dagrun for example_dag_decorator to None, run_after=None
[2023-12-07T17:00:58.469+0000] {processor.py:179} INFO - Processing /home/ubuntu/ec2_customer_chum_venv/lib/python3.10/site-packages/airflow/example_dags/example_dag_decorator.py took 0.167 seconds
[2023-12-07T17:01:44.115+0000] {processor.py:157} INFO - Started process (PID=5730) to work on /home/ubuntu/ec2_customer_chum_venv/lib/python3.10/site-packages/airflow/example_dags/example_dag_decorator.py
[2023-12-07T17:01:44.116+0000] {processor.py:829} INFO - Processing file /home/ubuntu/ec2_customer_chum_venv/lib/python3.10/site-packages/airflow/example_dags/example_dag_decorator.py for tasks to queue
[2023-12-07T17:01:44.117+0000] {logging_mixin.py:154} INFO - [2023-12-07T17:01:44.117+0000] {dagbag.py:536} INFO - Filling up the DagBag from /home/ubuntu/ec2_customer_chum_venv/lib/python3.10/site-packages/airflow/example_dags/example_dag_decorator.py
[2023-12-07T17:01:44.130+0000] {processor.py:839} INFO - DAG(s) dict_keys(['example_dag_decorator']) retrieved from /home/ubuntu/ec2_customer_chum_venv/lib/python3.10/site-packages/airflow/example_dags/example_dag_decorator.py
[2023-12-07T17:01:44.235+0000] {logging_mixin.py:154} INFO - [2023-12-07T17:01:44.235+0000] {dag.py:2941} INFO - Sync 1 DAGs
[2023-12-07T17:01:44.246+0000] {logging_mixin.py:154} INFO - [2023-12-07T17:01:44.246+0000] {dag.py:3722} INFO - Setting next_dagrun for example_dag_decorator to None, run_after=None
[2023-12-07T17:01:44.269+0000] {processor.py:179} INFO - Processing /home/ubuntu/ec2_customer_chum_venv/lib/python3.10/site-packages/airflow/example_dags/example_dag_decorator.py took 0.158 seconds
[2023-12-07T17:02:32.823+0000] {processor.py:157} INFO - Started process (PID=5778) to work on /home/ubuntu/ec2_customer_chum_venv/lib/python3.10/site-packages/airflow/example_dags/example_dag_decorator.py
[2023-12-07T17:02:32.824+0000] {processor.py:829} INFO - Processing file /home/ubuntu/ec2_customer_chum_venv/lib/python3.10/site-packages/airflow/example_dags/example_dag_decorator.py for tasks to queue
[2023-12-07T17:02:32.825+0000] {logging_mixin.py:154} INFO - [2023-12-07T17:02:32.824+0000] {dagbag.py:536} INFO - Filling up the DagBag from /home/ubuntu/ec2_customer_chum_venv/lib/python3.10/site-packages/airflow/example_dags/example_dag_decorator.py
[2023-12-07T17:02:32.838+0000] {processor.py:839} INFO - DAG(s) dict_keys(['example_dag_decorator']) retrieved from /home/ubuntu/ec2_customer_chum_venv/lib/python3.10/site-packages/airflow/example_dags/example_dag_decorator.py
[2023-12-07T17:02:32.939+0000] {logging_mixin.py:154} INFO - [2023-12-07T17:02:32.939+0000] {dag.py:2941} INFO - Sync 1 DAGs
[2023-12-07T17:02:32.951+0000] {logging_mixin.py:154} INFO - [2023-12-07T17:02:32.951+0000] {dag.py:3722} INFO - Setting next_dagrun for example_dag_decorator to None, run_after=None
[2023-12-07T17:02:32.975+0000] {processor.py:179} INFO - Processing /home/ubuntu/ec2_customer_chum_venv/lib/python3.10/site-packages/airflow/example_dags/example_dag_decorator.py took 0.156 seconds
[2023-12-07T17:03:20.916+0000] {processor.py:157} INFO - Started process (PID=5826) to work on /home/ubuntu/ec2_customer_chum_venv/lib/python3.10/site-packages/airflow/example_dags/example_dag_decorator.py
[2023-12-07T17:03:20.918+0000] {processor.py:829} INFO - Processing file /home/ubuntu/ec2_customer_chum_venv/lib/python3.10/site-packages/airflow/example_dags/example_dag_decorator.py for tasks to queue
[2023-12-07T17:03:20.919+0000] {logging_mixin.py:154} INFO - [2023-12-07T17:03:20.918+0000] {dagbag.py:536} INFO - Filling up the DagBag from /home/ubuntu/ec2_customer_chum_venv/lib/python3.10/site-packages/airflow/example_dags/example_dag_decorator.py
[2023-12-07T17:03:20.932+0000] {processor.py:839} INFO - DAG(s) dict_keys(['example_dag_decorator']) retrieved from /home/ubuntu/ec2_customer_chum_venv/lib/python3.10/site-packages/airflow/example_dags/example_dag_decorator.py
[2023-12-07T17:03:21.036+0000] {logging_mixin.py:154} INFO - [2023-12-07T17:03:21.036+0000] {dag.py:2941} INFO - Sync 1 DAGs
[2023-12-07T17:03:21.047+0000] {logging_mixin.py:154} INFO - [2023-12-07T17:03:21.046+0000] {dag.py:3722} INFO - Setting next_dagrun for example_dag_decorator to None, run_after=None
[2023-12-07T17:03:21.079+0000] {processor.py:179} INFO - Processing /home/ubuntu/ec2_customer_chum_venv/lib/python3.10/site-packages/airflow/example_dags/example_dag_decorator.py took 0.166 seconds
[2023-12-07T17:04:04.613+0000] {processor.py:157} INFO - Started process (PID=5872) to work on /home/ubuntu/ec2_customer_chum_venv/lib/python3.10/site-packages/airflow/example_dags/example_dag_decorator.py
[2023-12-07T17:04:04.615+0000] {processor.py:829} INFO - Processing file /home/ubuntu/ec2_customer_chum_venv/lib/python3.10/site-packages/airflow/example_dags/example_dag_decorator.py for tasks to queue
[2023-12-07T17:04:04.615+0000] {logging_mixin.py:154} INFO - [2023-12-07T17:04:04.615+0000] {dagbag.py:536} INFO - Filling up the DagBag from /home/ubuntu/ec2_customer_chum_venv/lib/python3.10/site-packages/airflow/example_dags/example_dag_decorator.py
[2023-12-07T17:04:04.628+0000] {processor.py:839} INFO - DAG(s) dict_keys(['example_dag_decorator']) retrieved from /home/ubuntu/ec2_customer_chum_venv/lib/python3.10/site-packages/airflow/example_dags/example_dag_decorator.py
[2023-12-07T17:04:04.732+0000] {logging_mixin.py:154} INFO - [2023-12-07T17:04:04.732+0000] {dag.py:2941} INFO - Sync 1 DAGs
[2023-12-07T17:04:04.743+0000] {logging_mixin.py:154} INFO - [2023-12-07T17:04:04.743+0000] {dag.py:3722} INFO - Setting next_dagrun for example_dag_decorator to None, run_after=None
[2023-12-07T17:04:04.767+0000] {processor.py:179} INFO - Processing /home/ubuntu/ec2_customer_chum_venv/lib/python3.10/site-packages/airflow/example_dags/example_dag_decorator.py took 0.157 seconds
[2023-12-07T17:04:52.102+0000] {processor.py:157} INFO - Started process (PID=5923) to work on /home/ubuntu/ec2_customer_chum_venv/lib/python3.10/site-packages/airflow/example_dags/example_dag_decorator.py
[2023-12-07T17:04:52.104+0000] {processor.py:829} INFO - Processing file /home/ubuntu/ec2_customer_chum_venv/lib/python3.10/site-packages/airflow/example_dags/example_dag_decorator.py for tasks to queue
[2023-12-07T17:04:52.105+0000] {logging_mixin.py:154} INFO - [2023-12-07T17:04:52.104+0000] {dagbag.py:536} INFO - Filling up the DagBag from /home/ubuntu/ec2_customer_chum_venv/lib/python3.10/site-packages/airflow/example_dags/example_dag_decorator.py
[2023-12-07T17:04:52.119+0000] {processor.py:839} INFO - DAG(s) dict_keys(['example_dag_decorator']) retrieved from /home/ubuntu/ec2_customer_chum_venv/lib/python3.10/site-packages/airflow/example_dags/example_dag_decorator.py
[2023-12-07T17:04:52.224+0000] {logging_mixin.py:154} INFO - [2023-12-07T17:04:52.224+0000] {dag.py:2941} INFO - Sync 1 DAGs
[2023-12-07T17:04:52.235+0000] {logging_mixin.py:154} INFO - [2023-12-07T17:04:52.235+0000] {dag.py:3722} INFO - Setting next_dagrun for example_dag_decorator to None, run_after=None
[2023-12-07T17:04:52.260+0000] {processor.py:179} INFO - Processing /home/ubuntu/ec2_customer_chum_venv/lib/python3.10/site-packages/airflow/example_dags/example_dag_decorator.py took 0.161 seconds
[2023-12-07T17:05:46.561+0000] {processor.py:157} INFO - Started process (PID=5981) to work on /home/ubuntu/ec2_customer_chum_venv/lib/python3.10/site-packages/airflow/example_dags/example_dag_decorator.py
[2023-12-07T17:05:46.562+0000] {processor.py:829} INFO - Processing file /home/ubuntu/ec2_customer_chum_venv/lib/python3.10/site-packages/airflow/example_dags/example_dag_decorator.py for tasks to queue
[2023-12-07T17:05:46.563+0000] {logging_mixin.py:154} INFO - [2023-12-07T17:05:46.562+0000] {dagbag.py:536} INFO - Filling up the DagBag from /home/ubuntu/ec2_customer_chum_venv/lib/python3.10/site-packages/airflow/example_dags/example_dag_decorator.py
[2023-12-07T17:05:46.576+0000] {processor.py:839} INFO - DAG(s) dict_keys(['example_dag_decorator']) retrieved from /home/ubuntu/ec2_customer_chum_venv/lib/python3.10/site-packages/airflow/example_dags/example_dag_decorator.py
[2023-12-07T17:05:46.680+0000] {logging_mixin.py:154} INFO - [2023-12-07T17:05:46.680+0000] {dag.py:2941} INFO - Sync 1 DAGs
[2023-12-07T17:05:46.690+0000] {logging_mixin.py:154} INFO - [2023-12-07T17:05:46.690+0000] {dag.py:3722} INFO - Setting next_dagrun for example_dag_decorator to None, run_after=None
[2023-12-07T17:05:46.712+0000] {processor.py:179} INFO - Processing /home/ubuntu/ec2_customer_chum_venv/lib/python3.10/site-packages/airflow/example_dags/example_dag_decorator.py took 0.155 seconds
[2023-12-07T17:06:31.952+0000] {processor.py:157} INFO - Started process (PID=6028) to work on /home/ubuntu/ec2_customer_chum_venv/lib/python3.10/site-packages/airflow/example_dags/example_dag_decorator.py
[2023-12-07T17:06:31.954+0000] {processor.py:829} INFO - Processing file /home/ubuntu/ec2_customer_chum_venv/lib/python3.10/site-packages/airflow/example_dags/example_dag_decorator.py for tasks to queue
[2023-12-07T17:06:31.954+0000] {logging_mixin.py:154} INFO - [2023-12-07T17:06:31.954+0000] {dagbag.py:536} INFO - Filling up the DagBag from /home/ubuntu/ec2_customer_chum_venv/lib/python3.10/site-packages/airflow/example_dags/example_dag_decorator.py
[2023-12-07T17:06:31.968+0000] {processor.py:839} INFO - DAG(s) dict_keys(['example_dag_decorator']) retrieved from /home/ubuntu/ec2_customer_chum_venv/lib/python3.10/site-packages/airflow/example_dags/example_dag_decorator.py
[2023-12-07T17:06:32.071+0000] {logging_mixin.py:154} INFO - [2023-12-07T17:06:32.071+0000] {dag.py:2941} INFO - Sync 1 DAGs
[2023-12-07T17:06:32.081+0000] {logging_mixin.py:154} INFO - [2023-12-07T17:06:32.081+0000] {dag.py:3722} INFO - Setting next_dagrun for example_dag_decorator to None, run_after=None
[2023-12-07T17:06:32.109+0000] {processor.py:179} INFO - Processing /home/ubuntu/ec2_customer_chum_venv/lib/python3.10/site-packages/airflow/example_dags/example_dag_decorator.py took 0.160 seconds
[2023-12-07T17:07:20.862+0000] {processor.py:157} INFO - Started process (PID=6077) to work on /home/ubuntu/ec2_customer_chum_venv/lib/python3.10/site-packages/airflow/example_dags/example_dag_decorator.py
[2023-12-07T17:07:20.863+0000] {processor.py:829} INFO - Processing file /home/ubuntu/ec2_customer_chum_venv/lib/python3.10/site-packages/airflow/example_dags/example_dag_decorator.py for tasks to queue
[2023-12-07T17:07:20.864+0000] {logging_mixin.py:154} INFO - [2023-12-07T17:07:20.863+0000] {dagbag.py:536} INFO - Filling up the DagBag from /home/ubuntu/ec2_customer_chum_venv/lib/python3.10/site-packages/airflow/example_dags/example_dag_decorator.py
[2023-12-07T17:07:20.877+0000] {processor.py:839} INFO - DAG(s) dict_keys(['example_dag_decorator']) retrieved from /home/ubuntu/ec2_customer_chum_venv/lib/python3.10/site-packages/airflow/example_dags/example_dag_decorator.py
[2023-12-07T17:07:20.978+0000] {logging_mixin.py:154} INFO - [2023-12-07T17:07:20.978+0000] {dag.py:2941} INFO - Sync 1 DAGs
[2023-12-07T17:07:20.988+0000] {logging_mixin.py:154} INFO - [2023-12-07T17:07:20.988+0000] {dag.py:3722} INFO - Setting next_dagrun for example_dag_decorator to None, run_after=None
[2023-12-07T17:07:21.042+0000] {processor.py:179} INFO - Processing /home/ubuntu/ec2_customer_chum_venv/lib/python3.10/site-packages/airflow/example_dags/example_dag_decorator.py took 0.183 seconds
[2023-12-07T17:08:06.771+0000] {processor.py:157} INFO - Started process (PID=6123) to work on /home/ubuntu/ec2_customer_chum_venv/lib/python3.10/site-packages/airflow/example_dags/example_dag_decorator.py
[2023-12-07T17:08:06.773+0000] {processor.py:829} INFO - Processing file /home/ubuntu/ec2_customer_chum_venv/lib/python3.10/site-packages/airflow/example_dags/example_dag_decorator.py for tasks to queue
[2023-12-07T17:08:06.774+0000] {logging_mixin.py:154} INFO - [2023-12-07T17:08:06.773+0000] {dagbag.py:536} INFO - Filling up the DagBag from /home/ubuntu/ec2_customer_chum_venv/lib/python3.10/site-packages/airflow/example_dags/example_dag_decorator.py
[2023-12-07T17:08:06.787+0000] {processor.py:839} INFO - DAG(s) dict_keys(['example_dag_decorator']) retrieved from /home/ubuntu/ec2_customer_chum_venv/lib/python3.10/site-packages/airflow/example_dags/example_dag_decorator.py
[2023-12-07T17:08:06.887+0000] {logging_mixin.py:154} INFO - [2023-12-07T17:08:06.887+0000] {dag.py:2941} INFO - Sync 1 DAGs
[2023-12-07T17:08:06.897+0000] {logging_mixin.py:154} INFO - [2023-12-07T17:08:06.897+0000] {dag.py:3722} INFO - Setting next_dagrun for example_dag_decorator to None, run_after=None
[2023-12-07T17:08:06.923+0000] {processor.py:179} INFO - Processing /home/ubuntu/ec2_customer_chum_venv/lib/python3.10/site-packages/airflow/example_dags/example_dag_decorator.py took 0.156 seconds
[2023-12-07T17:08:52.242+0000] {processor.py:157} INFO - Started process (PID=6170) to work on /home/ubuntu/ec2_customer_chum_venv/lib/python3.10/site-packages/airflow/example_dags/example_dag_decorator.py
[2023-12-07T17:08:52.243+0000] {processor.py:829} INFO - Processing file /home/ubuntu/ec2_customer_chum_venv/lib/python3.10/site-packages/airflow/example_dags/example_dag_decorator.py for tasks to queue
[2023-12-07T17:08:52.244+0000] {logging_mixin.py:154} INFO - [2023-12-07T17:08:52.244+0000] {dagbag.py:536} INFO - Filling up the DagBag from /home/ubuntu/ec2_customer_chum_venv/lib/python3.10/site-packages/airflow/example_dags/example_dag_decorator.py
[2023-12-07T17:08:52.257+0000] {processor.py:839} INFO - DAG(s) dict_keys(['example_dag_decorator']) retrieved from /home/ubuntu/ec2_customer_chum_venv/lib/python3.10/site-packages/airflow/example_dags/example_dag_decorator.py
[2023-12-07T17:08:52.360+0000] {logging_mixin.py:154} INFO - [2023-12-07T17:08:52.359+0000] {dag.py:2941} INFO - Sync 1 DAGs
[2023-12-07T17:08:52.370+0000] {logging_mixin.py:154} INFO - [2023-12-07T17:08:52.370+0000] {dag.py:3722} INFO - Setting next_dagrun for example_dag_decorator to None, run_after=None
[2023-12-07T17:08:52.392+0000] {processor.py:179} INFO - Processing /home/ubuntu/ec2_customer_chum_venv/lib/python3.10/site-packages/airflow/example_dags/example_dag_decorator.py took 0.154 seconds
[2023-12-07T17:09:37.050+0000] {processor.py:157} INFO - Started process (PID=6217) to work on /home/ubuntu/ec2_customer_chum_venv/lib/python3.10/site-packages/airflow/example_dags/example_dag_decorator.py
[2023-12-07T17:09:37.052+0000] {processor.py:829} INFO - Processing file /home/ubuntu/ec2_customer_chum_venv/lib/python3.10/site-packages/airflow/example_dags/example_dag_decorator.py for tasks to queue
[2023-12-07T17:09:37.053+0000] {logging_mixin.py:154} INFO - [2023-12-07T17:09:37.052+0000] {dagbag.py:536} INFO - Filling up the DagBag from /home/ubuntu/ec2_customer_chum_venv/lib/python3.10/site-packages/airflow/example_dags/example_dag_decorator.py
[2023-12-07T17:09:37.066+0000] {processor.py:839} INFO - DAG(s) dict_keys(['example_dag_decorator']) retrieved from /home/ubuntu/ec2_customer_chum_venv/lib/python3.10/site-packages/airflow/example_dags/example_dag_decorator.py
[2023-12-07T17:09:37.168+0000] {logging_mixin.py:154} INFO - [2023-12-07T17:09:37.168+0000] {dag.py:2941} INFO - Sync 1 DAGs
[2023-12-07T17:09:37.178+0000] {logging_mixin.py:154} INFO - [2023-12-07T17:09:37.178+0000] {dag.py:3722} INFO - Setting next_dagrun for example_dag_decorator to None, run_after=None
[2023-12-07T17:09:37.203+0000] {processor.py:179} INFO - Processing /home/ubuntu/ec2_customer_chum_venv/lib/python3.10/site-packages/airflow/example_dags/example_dag_decorator.py took 0.156 seconds
[2023-12-07T17:10:37.023+0000] {processor.py:157} INFO - Started process (PID=6277) to work on /home/ubuntu/ec2_customer_chum_venv/lib/python3.10/site-packages/airflow/example_dags/example_dag_decorator.py
[2023-12-07T17:10:37.025+0000] {processor.py:829} INFO - Processing file /home/ubuntu/ec2_customer_chum_venv/lib/python3.10/site-packages/airflow/example_dags/example_dag_decorator.py for tasks to queue
[2023-12-07T17:10:37.026+0000] {logging_mixin.py:154} INFO - [2023-12-07T17:10:37.025+0000] {dagbag.py:536} INFO - Filling up the DagBag from /home/ubuntu/ec2_customer_chum_venv/lib/python3.10/site-packages/airflow/example_dags/example_dag_decorator.py
[2023-12-07T17:10:37.039+0000] {processor.py:839} INFO - DAG(s) dict_keys(['example_dag_decorator']) retrieved from /home/ubuntu/ec2_customer_chum_venv/lib/python3.10/site-packages/airflow/example_dags/example_dag_decorator.py
[2023-12-07T17:10:37.143+0000] {logging_mixin.py:154} INFO - [2023-12-07T17:10:37.143+0000] {dag.py:2941} INFO - Sync 1 DAGs
[2023-12-07T17:10:37.154+0000] {logging_mixin.py:154} INFO - [2023-12-07T17:10:37.153+0000] {dag.py:3722} INFO - Setting next_dagrun for example_dag_decorator to None, run_after=None
[2023-12-07T17:10:37.178+0000] {processor.py:179} INFO - Processing /home/ubuntu/ec2_customer_chum_venv/lib/python3.10/site-packages/airflow/example_dags/example_dag_decorator.py took 0.158 seconds
[2023-12-07T17:11:21.300+0000] {processor.py:157} INFO - Started process (PID=6323) to work on /home/ubuntu/ec2_customer_chum_venv/lib/python3.10/site-packages/airflow/example_dags/example_dag_decorator.py
[2023-12-07T17:11:21.302+0000] {processor.py:829} INFO - Processing file /home/ubuntu/ec2_customer_chum_venv/lib/python3.10/site-packages/airflow/example_dags/example_dag_decorator.py for tasks to queue
[2023-12-07T17:11:21.303+0000] {logging_mixin.py:154} INFO - [2023-12-07T17:11:21.303+0000] {dagbag.py:536} INFO - Filling up the DagBag from /home/ubuntu/ec2_customer_chum_venv/lib/python3.10/site-packages/airflow/example_dags/example_dag_decorator.py
[2023-12-07T17:11:21.316+0000] {processor.py:839} INFO - DAG(s) dict_keys(['example_dag_decorator']) retrieved from /home/ubuntu/ec2_customer_chum_venv/lib/python3.10/site-packages/airflow/example_dags/example_dag_decorator.py
[2023-12-07T17:11:21.416+0000] {logging_mixin.py:154} INFO - [2023-12-07T17:11:21.415+0000] {dag.py:2941} INFO - Sync 1 DAGs
[2023-12-07T17:11:21.427+0000] {logging_mixin.py:154} INFO - [2023-12-07T17:11:21.427+0000] {dag.py:3722} INFO - Setting next_dagrun for example_dag_decorator to None, run_after=None
[2023-12-07T17:11:21.451+0000] {processor.py:179} INFO - Processing /home/ubuntu/ec2_customer_chum_venv/lib/python3.10/site-packages/airflow/example_dags/example_dag_decorator.py took 0.154 seconds
[2023-12-07T17:12:06.666+0000] {processor.py:157} INFO - Started process (PID=6376) to work on /home/ubuntu/ec2_customer_chum_venv/lib/python3.10/site-packages/airflow/example_dags/example_dag_decorator.py
[2023-12-07T17:12:06.668+0000] {processor.py:829} INFO - Processing file /home/ubuntu/ec2_customer_chum_venv/lib/python3.10/site-packages/airflow/example_dags/example_dag_decorator.py for tasks to queue
[2023-12-07T17:12:06.669+0000] {logging_mixin.py:154} INFO - [2023-12-07T17:12:06.668+0000] {dagbag.py:536} INFO - Filling up the DagBag from /home/ubuntu/ec2_customer_chum_venv/lib/python3.10/site-packages/airflow/example_dags/example_dag_decorator.py
[2023-12-07T17:12:06.682+0000] {processor.py:839} INFO - DAG(s) dict_keys(['example_dag_decorator']) retrieved from /home/ubuntu/ec2_customer_chum_venv/lib/python3.10/site-packages/airflow/example_dags/example_dag_decorator.py
[2023-12-07T17:12:06.785+0000] {logging_mixin.py:154} INFO - [2023-12-07T17:12:06.784+0000] {dag.py:2941} INFO - Sync 1 DAGs
[2023-12-07T17:12:06.795+0000] {logging_mixin.py:154} INFO - [2023-12-07T17:12:06.795+0000] {dag.py:3722} INFO - Setting next_dagrun for example_dag_decorator to None, run_after=None
[2023-12-07T17:12:06.822+0000] {processor.py:179} INFO - Processing /home/ubuntu/ec2_customer_chum_venv/lib/python3.10/site-packages/airflow/example_dags/example_dag_decorator.py took 0.159 seconds
[2023-12-07T17:12:53.477+0000] {processor.py:157} INFO - Started process (PID=6425) to work on /home/ubuntu/ec2_customer_chum_venv/lib/python3.10/site-packages/airflow/example_dags/example_dag_decorator.py
[2023-12-07T17:12:53.478+0000] {processor.py:829} INFO - Processing file /home/ubuntu/ec2_customer_chum_venv/lib/python3.10/site-packages/airflow/example_dags/example_dag_decorator.py for tasks to queue
[2023-12-07T17:12:53.479+0000] {logging_mixin.py:154} INFO - [2023-12-07T17:12:53.478+0000] {dagbag.py:536} INFO - Filling up the DagBag from /home/ubuntu/ec2_customer_chum_venv/lib/python3.10/site-packages/airflow/example_dags/example_dag_decorator.py
[2023-12-07T17:12:53.492+0000] {processor.py:839} INFO - DAG(s) dict_keys(['example_dag_decorator']) retrieved from /home/ubuntu/ec2_customer_chum_venv/lib/python3.10/site-packages/airflow/example_dags/example_dag_decorator.py
[2023-12-07T17:12:53.592+0000] {logging_mixin.py:154} INFO - [2023-12-07T17:12:53.592+0000] {dag.py:2941} INFO - Sync 1 DAGs
[2023-12-07T17:12:53.602+0000] {logging_mixin.py:154} INFO - [2023-12-07T17:12:53.602+0000] {dag.py:3722} INFO - Setting next_dagrun for example_dag_decorator to None, run_after=None
[2023-12-07T17:12:53.625+0000] {processor.py:179} INFO - Processing /home/ubuntu/ec2_customer_chum_venv/lib/python3.10/site-packages/airflow/example_dags/example_dag_decorator.py took 0.152 seconds
[2023-12-07T17:13:38.776+0000] {processor.py:157} INFO - Started process (PID=6559) to work on /home/ubuntu/ec2_customer_chum_venv/lib/python3.10/site-packages/airflow/example_dags/example_dag_decorator.py
[2023-12-07T17:13:38.777+0000] {processor.py:829} INFO - Processing file /home/ubuntu/ec2_customer_chum_venv/lib/python3.10/site-packages/airflow/example_dags/example_dag_decorator.py for tasks to queue
[2023-12-07T17:13:38.778+0000] {logging_mixin.py:154} INFO - [2023-12-07T17:13:38.777+0000] {dagbag.py:536} INFO - Filling up the DagBag from /home/ubuntu/ec2_customer_chum_venv/lib/python3.10/site-packages/airflow/example_dags/example_dag_decorator.py
[2023-12-07T17:13:38.791+0000] {processor.py:839} INFO - DAG(s) dict_keys(['example_dag_decorator']) retrieved from /home/ubuntu/ec2_customer_chum_venv/lib/python3.10/site-packages/airflow/example_dags/example_dag_decorator.py
[2023-12-07T17:13:38.893+0000] {logging_mixin.py:154} INFO - [2023-12-07T17:13:38.893+0000] {dag.py:2941} INFO - Sync 1 DAGs
[2023-12-07T17:13:38.904+0000] {logging_mixin.py:154} INFO - [2023-12-07T17:13:38.903+0000] {dag.py:3722} INFO - Setting next_dagrun for example_dag_decorator to None, run_after=None
[2023-12-07T17:13:38.931+0000] {processor.py:179} INFO - Processing /home/ubuntu/ec2_customer_chum_venv/lib/python3.10/site-packages/airflow/example_dags/example_dag_decorator.py took 0.159 seconds
[2023-12-07T17:14:37.288+0000] {processor.py:157} INFO - Started process (PID=6619) to work on /home/ubuntu/ec2_customer_chum_venv/lib/python3.10/site-packages/airflow/example_dags/example_dag_decorator.py
[2023-12-07T17:14:37.290+0000] {processor.py:829} INFO - Processing file /home/ubuntu/ec2_customer_chum_venv/lib/python3.10/site-packages/airflow/example_dags/example_dag_decorator.py for tasks to queue
[2023-12-07T17:14:37.290+0000] {logging_mixin.py:154} INFO - [2023-12-07T17:14:37.290+0000] {dagbag.py:536} INFO - Filling up the DagBag from /home/ubuntu/ec2_customer_chum_venv/lib/python3.10/site-packages/airflow/example_dags/example_dag_decorator.py
[2023-12-07T17:14:37.303+0000] {processor.py:839} INFO - DAG(s) dict_keys(['example_dag_decorator']) retrieved from /home/ubuntu/ec2_customer_chum_venv/lib/python3.10/site-packages/airflow/example_dags/example_dag_decorator.py
[2023-12-07T17:14:37.403+0000] {logging_mixin.py:154} INFO - [2023-12-07T17:14:37.403+0000] {dag.py:2941} INFO - Sync 1 DAGs
[2023-12-07T17:14:37.413+0000] {logging_mixin.py:154} INFO - [2023-12-07T17:14:37.413+0000] {dag.py:3722} INFO - Setting next_dagrun for example_dag_decorator to None, run_after=None
[2023-12-07T17:14:37.436+0000] {processor.py:179} INFO - Processing /home/ubuntu/ec2_customer_chum_venv/lib/python3.10/site-packages/airflow/example_dags/example_dag_decorator.py took 0.151 seconds
[2023-12-07T17:15:34.247+0000] {processor.py:157} INFO - Started process (PID=6744) to work on /home/ubuntu/ec2_customer_chum_venv/lib/python3.10/site-packages/airflow/example_dags/example_dag_decorator.py
[2023-12-07T17:15:34.250+0000] {processor.py:829} INFO - Processing file /home/ubuntu/ec2_customer_chum_venv/lib/python3.10/site-packages/airflow/example_dags/example_dag_decorator.py for tasks to queue
[2023-12-07T17:15:34.251+0000] {logging_mixin.py:154} INFO - [2023-12-07T17:15:34.251+0000] {dagbag.py:536} INFO - Filling up the DagBag from /home/ubuntu/ec2_customer_chum_venv/lib/python3.10/site-packages/airflow/example_dags/example_dag_decorator.py
[2023-12-07T17:15:34.264+0000] {processor.py:839} INFO - DAG(s) dict_keys(['example_dag_decorator']) retrieved from /home/ubuntu/ec2_customer_chum_venv/lib/python3.10/site-packages/airflow/example_dags/example_dag_decorator.py
[2023-12-07T17:15:34.367+0000] {logging_mixin.py:154} INFO - [2023-12-07T17:15:34.366+0000] {dag.py:2941} INFO - Sync 1 DAGs
[2023-12-07T17:15:34.377+0000] {logging_mixin.py:154} INFO - [2023-12-07T17:15:34.377+0000] {dag.py:3722} INFO - Setting next_dagrun for example_dag_decorator to None, run_after=None
[2023-12-07T17:15:34.401+0000] {processor.py:179} INFO - Processing /home/ubuntu/ec2_customer_chum_venv/lib/python3.10/site-packages/airflow/example_dags/example_dag_decorator.py took 0.158 seconds
