[2023-12-07T16:49:02.711+0000] {processor.py:157} INFO - Started process (PID=4956) to work on /home/ubuntu/ec2_customer_chum_venv/lib/python3.10/site-packages/airflow/example_dags/tutorial.py
[2023-12-07T16:49:02.712+0000] {processor.py:829} INFO - Processing file /home/ubuntu/ec2_customer_chum_venv/lib/python3.10/site-packages/airflow/example_dags/tutorial.py for tasks to queue
[2023-12-07T16:49:02.712+0000] {logging_mixin.py:154} INFO - [2023-12-07T16:49:02.712+0000] {dagbag.py:536} INFO - Filling up the DagBag from /home/ubuntu/ec2_customer_chum_venv/lib/python3.10/site-packages/airflow/example_dags/tutorial.py
[2023-12-07T16:49:02.722+0000] {processor.py:839} INFO - DAG(s) dict_keys(['tutorial']) retrieved from /home/ubuntu/ec2_customer_chum_venv/lib/python3.10/site-packages/airflow/example_dags/tutorial.py
[2023-12-07T16:49:02.847+0000] {logging_mixin.py:154} INFO - [2023-12-07T16:49:02.847+0000] {manager.py:499} INFO - Created Permission View: %s
[2023-12-07T16:49:02.879+0000] {logging_mixin.py:154} INFO - [2023-12-07T16:49:02.879+0000] {manager.py:499} INFO - Created Permission View: %s
[2023-12-07T16:49:02.891+0000] {logging_mixin.py:154} INFO - [2023-12-07T16:49:02.890+0000] {manager.py:499} INFO - Created Permission View: %s
[2023-12-07T16:49:02.891+0000] {logging_mixin.py:154} INFO - [2023-12-07T16:49:02.891+0000] {dag.py:2941} INFO - Sync 1 DAGs
[2023-12-07T16:49:02.905+0000] {logging_mixin.py:154} INFO - [2023-12-07T16:49:02.905+0000] {dag.py:2963} INFO - Creating ORM DAG for tutorial
[2023-12-07T16:49:02.918+0000] {logging_mixin.py:154} INFO - [2023-12-07T16:49:02.918+0000] {dag.py:3722} INFO - Setting next_dagrun for tutorial to 2023-12-06T16:49:02.917835+00:00, run_after=2023-12-07T16:49:02.917835+00:00
[2023-12-07T16:49:02.957+0000] {processor.py:179} INFO - Processing /home/ubuntu/ec2_customer_chum_venv/lib/python3.10/site-packages/airflow/example_dags/tutorial.py took 0.250 seconds
[2023-12-07T16:49:56.504+0000] {processor.py:157} INFO - Started process (PID=5007) to work on /home/ubuntu/ec2_customer_chum_venv/lib/python3.10/site-packages/airflow/example_dags/tutorial.py
[2023-12-07T16:49:56.505+0000] {processor.py:829} INFO - Processing file /home/ubuntu/ec2_customer_chum_venv/lib/python3.10/site-packages/airflow/example_dags/tutorial.py for tasks to queue
[2023-12-07T16:49:56.506+0000] {logging_mixin.py:154} INFO - [2023-12-07T16:49:56.506+0000] {dagbag.py:536} INFO - Filling up the DagBag from /home/ubuntu/ec2_customer_chum_venv/lib/python3.10/site-packages/airflow/example_dags/tutorial.py
[2023-12-07T16:49:56.514+0000] {processor.py:839} INFO - DAG(s) dict_keys(['tutorial']) retrieved from /home/ubuntu/ec2_customer_chum_venv/lib/python3.10/site-packages/airflow/example_dags/tutorial.py
[2023-12-07T16:49:56.531+0000] {logging_mixin.py:154} INFO - [2023-12-07T16:49:56.531+0000] {dag.py:2941} INFO - Sync 1 DAGs
[2023-12-07T16:49:56.552+0000] {logging_mixin.py:154} INFO - [2023-12-07T16:49:56.551+0000] {dag.py:3722} INFO - Setting next_dagrun for tutorial to 2023-12-06T16:49:56.551524+00:00, run_after=2023-12-07T16:49:56.551524+00:00
[2023-12-07T16:49:56.575+0000] {processor.py:179} INFO - Processing /home/ubuntu/ec2_customer_chum_venv/lib/python3.10/site-packages/airflow/example_dags/tutorial.py took 0.074 seconds
[2023-12-07T16:50:31.971+0000] {processor.py:157} INFO - Started process (PID=5043) to work on /home/ubuntu/ec2_customer_chum_venv/lib/python3.10/site-packages/airflow/example_dags/tutorial.py
[2023-12-07T16:50:31.973+0000] {processor.py:829} INFO - Processing file /home/ubuntu/ec2_customer_chum_venv/lib/python3.10/site-packages/airflow/example_dags/tutorial.py for tasks to queue
[2023-12-07T16:50:31.974+0000] {logging_mixin.py:154} INFO - [2023-12-07T16:50:31.974+0000] {dagbag.py:536} INFO - Filling up the DagBag from /home/ubuntu/ec2_customer_chum_venv/lib/python3.10/site-packages/airflow/example_dags/tutorial.py
[2023-12-07T16:50:31.982+0000] {processor.py:839} INFO - DAG(s) dict_keys(['tutorial']) retrieved from /home/ubuntu/ec2_customer_chum_venv/lib/python3.10/site-packages/airflow/example_dags/tutorial.py
[2023-12-07T16:50:31.999+0000] {logging_mixin.py:154} INFO - [2023-12-07T16:50:31.999+0000] {dag.py:2941} INFO - Sync 1 DAGs
[2023-12-07T16:50:32.021+0000] {logging_mixin.py:154} INFO - [2023-12-07T16:50:32.020+0000] {dag.py:3722} INFO - Setting next_dagrun for tutorial to 2023-12-06T16:50:32.020702+00:00, run_after=2023-12-07T16:50:32.020702+00:00
[2023-12-07T16:50:32.052+0000] {processor.py:179} INFO - Processing /home/ubuntu/ec2_customer_chum_venv/lib/python3.10/site-packages/airflow/example_dags/tutorial.py took 0.085 seconds
[2023-12-07T16:51:05.257+0000] {processor.py:157} INFO - Started process (PID=5077) to work on /home/ubuntu/ec2_customer_chum_venv/lib/python3.10/site-packages/airflow/example_dags/tutorial.py
[2023-12-07T16:51:05.258+0000] {processor.py:829} INFO - Processing file /home/ubuntu/ec2_customer_chum_venv/lib/python3.10/site-packages/airflow/example_dags/tutorial.py for tasks to queue
[2023-12-07T16:51:05.259+0000] {logging_mixin.py:154} INFO - [2023-12-07T16:51:05.258+0000] {dagbag.py:536} INFO - Filling up the DagBag from /home/ubuntu/ec2_customer_chum_venv/lib/python3.10/site-packages/airflow/example_dags/tutorial.py
[2023-12-07T16:51:05.266+0000] {processor.py:839} INFO - DAG(s) dict_keys(['tutorial']) retrieved from /home/ubuntu/ec2_customer_chum_venv/lib/python3.10/site-packages/airflow/example_dags/tutorial.py
[2023-12-07T16:51:05.283+0000] {logging_mixin.py:154} INFO - [2023-12-07T16:51:05.282+0000] {dag.py:2941} INFO - Sync 1 DAGs
[2023-12-07T16:51:05.304+0000] {logging_mixin.py:154} INFO - [2023-12-07T16:51:05.303+0000] {dag.py:3722} INFO - Setting next_dagrun for tutorial to 2023-12-06T16:51:05.303639+00:00, run_after=2023-12-07T16:51:05.303639+00:00
[2023-12-07T16:51:05.326+0000] {processor.py:179} INFO - Processing /home/ubuntu/ec2_customer_chum_venv/lib/python3.10/site-packages/airflow/example_dags/tutorial.py took 0.072 seconds
[2023-12-07T16:51:38.563+0000] {processor.py:157} INFO - Started process (PID=5110) to work on /home/ubuntu/ec2_customer_chum_venv/lib/python3.10/site-packages/airflow/example_dags/tutorial.py
[2023-12-07T16:51:38.566+0000] {processor.py:829} INFO - Processing file /home/ubuntu/ec2_customer_chum_venv/lib/python3.10/site-packages/airflow/example_dags/tutorial.py for tasks to queue
[2023-12-07T16:51:38.567+0000] {logging_mixin.py:154} INFO - [2023-12-07T16:51:38.567+0000] {dagbag.py:536} INFO - Filling up the DagBag from /home/ubuntu/ec2_customer_chum_venv/lib/python3.10/site-packages/airflow/example_dags/tutorial.py
[2023-12-07T16:51:38.574+0000] {processor.py:839} INFO - DAG(s) dict_keys(['tutorial']) retrieved from /home/ubuntu/ec2_customer_chum_venv/lib/python3.10/site-packages/airflow/example_dags/tutorial.py
[2023-12-07T16:51:38.592+0000] {logging_mixin.py:154} INFO - [2023-12-07T16:51:38.591+0000] {dag.py:2941} INFO - Sync 1 DAGs
[2023-12-07T16:51:38.613+0000] {logging_mixin.py:154} INFO - [2023-12-07T16:51:38.612+0000] {dag.py:3722} INFO - Setting next_dagrun for tutorial to 2023-12-06T16:51:38.612485+00:00, run_after=2023-12-07T16:51:38.612485+00:00
[2023-12-07T16:51:38.635+0000] {processor.py:179} INFO - Processing /home/ubuntu/ec2_customer_chum_venv/lib/python3.10/site-packages/airflow/example_dags/tutorial.py took 0.076 seconds
[2023-12-07T16:52:12.107+0000] {processor.py:157} INFO - Started process (PID=5146) to work on /home/ubuntu/ec2_customer_chum_venv/lib/python3.10/site-packages/airflow/example_dags/tutorial.py
[2023-12-07T16:52:12.109+0000] {processor.py:829} INFO - Processing file /home/ubuntu/ec2_customer_chum_venv/lib/python3.10/site-packages/airflow/example_dags/tutorial.py for tasks to queue
[2023-12-07T16:52:12.110+0000] {logging_mixin.py:154} INFO - [2023-12-07T16:52:12.109+0000] {dagbag.py:536} INFO - Filling up the DagBag from /home/ubuntu/ec2_customer_chum_venv/lib/python3.10/site-packages/airflow/example_dags/tutorial.py
[2023-12-07T16:52:12.117+0000] {processor.py:839} INFO - DAG(s) dict_keys(['tutorial']) retrieved from /home/ubuntu/ec2_customer_chum_venv/lib/python3.10/site-packages/airflow/example_dags/tutorial.py
[2023-12-07T16:52:12.134+0000] {logging_mixin.py:154} INFO - [2023-12-07T16:52:12.133+0000] {dag.py:2941} INFO - Sync 1 DAGs
[2023-12-07T16:52:12.154+0000] {logging_mixin.py:154} INFO - [2023-12-07T16:52:12.154+0000] {dag.py:3722} INFO - Setting next_dagrun for tutorial to 2023-12-06T16:52:12.153945+00:00, run_after=2023-12-07T16:52:12.153945+00:00
[2023-12-07T16:52:12.178+0000] {processor.py:179} INFO - Processing /home/ubuntu/ec2_customer_chum_venv/lib/python3.10/site-packages/airflow/example_dags/tutorial.py took 0.074 seconds
[2023-12-07T16:52:43.829+0000] {processor.py:157} INFO - Started process (PID=5179) to work on /home/ubuntu/ec2_customer_chum_venv/lib/python3.10/site-packages/airflow/example_dags/tutorial.py
[2023-12-07T16:52:43.831+0000] {processor.py:829} INFO - Processing file /home/ubuntu/ec2_customer_chum_venv/lib/python3.10/site-packages/airflow/example_dags/tutorial.py for tasks to queue
[2023-12-07T16:52:43.832+0000] {logging_mixin.py:154} INFO - [2023-12-07T16:52:43.832+0000] {dagbag.py:536} INFO - Filling up the DagBag from /home/ubuntu/ec2_customer_chum_venv/lib/python3.10/site-packages/airflow/example_dags/tutorial.py
[2023-12-07T16:52:43.840+0000] {processor.py:839} INFO - DAG(s) dict_keys(['tutorial']) retrieved from /home/ubuntu/ec2_customer_chum_venv/lib/python3.10/site-packages/airflow/example_dags/tutorial.py
[2023-12-07T16:52:43.857+0000] {logging_mixin.py:154} INFO - [2023-12-07T16:52:43.857+0000] {dag.py:2941} INFO - Sync 1 DAGs
[2023-12-07T16:52:43.878+0000] {logging_mixin.py:154} INFO - [2023-12-07T16:52:43.877+0000] {dag.py:3722} INFO - Setting next_dagrun for tutorial to 2023-12-06T16:52:43.877602+00:00, run_after=2023-12-07T16:52:43.877602+00:00
[2023-12-07T16:52:43.901+0000] {processor.py:179} INFO - Processing /home/ubuntu/ec2_customer_chum_venv/lib/python3.10/site-packages/airflow/example_dags/tutorial.py took 0.075 seconds
[2023-12-07T16:53:39.735+0000] {processor.py:157} INFO - Started process (PID=5219) to work on /home/ubuntu/ec2_customer_chum_venv/lib/python3.10/site-packages/airflow/example_dags/tutorial.py
[2023-12-07T16:53:39.736+0000] {processor.py:829} INFO - Processing file /home/ubuntu/ec2_customer_chum_venv/lib/python3.10/site-packages/airflow/example_dags/tutorial.py for tasks to queue
[2023-12-07T16:53:39.737+0000] {logging_mixin.py:154} INFO - [2023-12-07T16:53:39.737+0000] {dagbag.py:536} INFO - Filling up the DagBag from /home/ubuntu/ec2_customer_chum_venv/lib/python3.10/site-packages/airflow/example_dags/tutorial.py
[2023-12-07T16:53:39.746+0000] {processor.py:839} INFO - DAG(s) dict_keys(['tutorial']) retrieved from /home/ubuntu/ec2_customer_chum_venv/lib/python3.10/site-packages/airflow/example_dags/tutorial.py
[2023-12-07T16:53:39.755+0000] {logging_mixin.py:154} INFO - [2023-12-07T16:53:39.755+0000] {dag.py:2941} INFO - Sync 1 DAGs
[2023-12-07T16:53:39.776+0000] {logging_mixin.py:154} INFO - [2023-12-07T16:53:39.775+0000] {dag.py:3722} INFO - Setting next_dagrun for tutorial to 2023-12-06T16:53:39.775636+00:00, run_after=2023-12-07T16:53:39.775636+00:00
[2023-12-07T16:53:39.797+0000] {processor.py:179} INFO - Processing /home/ubuntu/ec2_customer_chum_venv/lib/python3.10/site-packages/airflow/example_dags/tutorial.py took 0.066 seconds
[2023-12-07T16:54:23.591+0000] {processor.py:157} INFO - Started process (PID=5271) to work on /home/ubuntu/ec2_customer_chum_venv/lib/python3.10/site-packages/airflow/example_dags/tutorial.py
[2023-12-07T16:54:23.593+0000] {processor.py:829} INFO - Processing file /home/ubuntu/ec2_customer_chum_venv/lib/python3.10/site-packages/airflow/example_dags/tutorial.py for tasks to queue
[2023-12-07T16:54:23.594+0000] {logging_mixin.py:154} INFO - [2023-12-07T16:54:23.593+0000] {dagbag.py:536} INFO - Filling up the DagBag from /home/ubuntu/ec2_customer_chum_venv/lib/python3.10/site-packages/airflow/example_dags/tutorial.py
[2023-12-07T16:54:23.602+0000] {processor.py:839} INFO - DAG(s) dict_keys(['tutorial']) retrieved from /home/ubuntu/ec2_customer_chum_venv/lib/python3.10/site-packages/airflow/example_dags/tutorial.py
[2023-12-07T16:54:23.619+0000] {logging_mixin.py:154} INFO - [2023-12-07T16:54:23.619+0000] {dag.py:2941} INFO - Sync 1 DAGs
[2023-12-07T16:54:23.639+0000] {logging_mixin.py:154} INFO - [2023-12-07T16:54:23.639+0000] {dag.py:3722} INFO - Setting next_dagrun for tutorial to 2023-12-06T16:54:23.639421+00:00, run_after=2023-12-07T16:54:23.639421+00:00
[2023-12-07T16:54:23.663+0000] {processor.py:179} INFO - Processing /home/ubuntu/ec2_customer_chum_venv/lib/python3.10/site-packages/airflow/example_dags/tutorial.py took 0.074 seconds
[2023-12-07T16:55:09.696+0000] {processor.py:157} INFO - Started process (PID=5318) to work on /home/ubuntu/ec2_customer_chum_venv/lib/python3.10/site-packages/airflow/example_dags/tutorial.py
[2023-12-07T16:55:09.698+0000] {processor.py:829} INFO - Processing file /home/ubuntu/ec2_customer_chum_venv/lib/python3.10/site-packages/airflow/example_dags/tutorial.py for tasks to queue
[2023-12-07T16:55:09.699+0000] {logging_mixin.py:154} INFO - [2023-12-07T16:55:09.698+0000] {dagbag.py:536} INFO - Filling up the DagBag from /home/ubuntu/ec2_customer_chum_venv/lib/python3.10/site-packages/airflow/example_dags/tutorial.py
[2023-12-07T16:55:09.706+0000] {processor.py:839} INFO - DAG(s) dict_keys(['tutorial']) retrieved from /home/ubuntu/ec2_customer_chum_venv/lib/python3.10/site-packages/airflow/example_dags/tutorial.py
[2023-12-07T16:55:09.723+0000] {logging_mixin.py:154} INFO - [2023-12-07T16:55:09.723+0000] {dag.py:2941} INFO - Sync 1 DAGs
[2023-12-07T16:55:09.745+0000] {logging_mixin.py:154} INFO - [2023-12-07T16:55:09.744+0000] {dag.py:3722} INFO - Setting next_dagrun for tutorial to 2023-12-06T16:55:09.744518+00:00, run_after=2023-12-07T16:55:09.744518+00:00
[2023-12-07T16:55:09.768+0000] {processor.py:179} INFO - Processing /home/ubuntu/ec2_customer_chum_venv/lib/python3.10/site-packages/airflow/example_dags/tutorial.py took 0.075 seconds
[2023-12-07T16:55:53.336+0000] {processor.py:157} INFO - Started process (PID=5365) to work on /home/ubuntu/ec2_customer_chum_venv/lib/python3.10/site-packages/airflow/example_dags/tutorial.py
[2023-12-07T16:55:53.337+0000] {processor.py:829} INFO - Processing file /home/ubuntu/ec2_customer_chum_venv/lib/python3.10/site-packages/airflow/example_dags/tutorial.py for tasks to queue
[2023-12-07T16:55:53.338+0000] {logging_mixin.py:154} INFO - [2023-12-07T16:55:53.338+0000] {dagbag.py:536} INFO - Filling up the DagBag from /home/ubuntu/ec2_customer_chum_venv/lib/python3.10/site-packages/airflow/example_dags/tutorial.py
[2023-12-07T16:55:53.345+0000] {processor.py:839} INFO - DAG(s) dict_keys(['tutorial']) retrieved from /home/ubuntu/ec2_customer_chum_venv/lib/python3.10/site-packages/airflow/example_dags/tutorial.py
[2023-12-07T16:55:53.362+0000] {logging_mixin.py:154} INFO - [2023-12-07T16:55:53.362+0000] {dag.py:2941} INFO - Sync 1 DAGs
[2023-12-07T16:55:53.383+0000] {logging_mixin.py:154} INFO - [2023-12-07T16:55:53.383+0000] {dag.py:3722} INFO - Setting next_dagrun for tutorial to 2023-12-06T16:55:53.383141+00:00, run_after=2023-12-07T16:55:53.383141+00:00
[2023-12-07T16:55:53.408+0000] {processor.py:179} INFO - Processing /home/ubuntu/ec2_customer_chum_venv/lib/python3.10/site-packages/airflow/example_dags/tutorial.py took 0.076 seconds
[2023-12-07T16:56:37.441+0000] {processor.py:157} INFO - Started process (PID=5411) to work on /home/ubuntu/ec2_customer_chum_venv/lib/python3.10/site-packages/airflow/example_dags/tutorial.py
[2023-12-07T16:56:37.442+0000] {processor.py:829} INFO - Processing file /home/ubuntu/ec2_customer_chum_venv/lib/python3.10/site-packages/airflow/example_dags/tutorial.py for tasks to queue
[2023-12-07T16:56:37.443+0000] {logging_mixin.py:154} INFO - [2023-12-07T16:56:37.443+0000] {dagbag.py:536} INFO - Filling up the DagBag from /home/ubuntu/ec2_customer_chum_venv/lib/python3.10/site-packages/airflow/example_dags/tutorial.py
[2023-12-07T16:56:37.450+0000] {processor.py:839} INFO - DAG(s) dict_keys(['tutorial']) retrieved from /home/ubuntu/ec2_customer_chum_venv/lib/python3.10/site-packages/airflow/example_dags/tutorial.py
[2023-12-07T16:56:37.467+0000] {logging_mixin.py:154} INFO - [2023-12-07T16:56:37.467+0000] {dag.py:2941} INFO - Sync 1 DAGs
[2023-12-07T16:56:37.487+0000] {logging_mixin.py:154} INFO - [2023-12-07T16:56:37.487+0000] {dag.py:3722} INFO - Setting next_dagrun for tutorial to 2023-12-06T16:56:37.487079+00:00, run_after=2023-12-07T16:56:37.487079+00:00
[2023-12-07T16:56:37.511+0000] {processor.py:179} INFO - Processing /home/ubuntu/ec2_customer_chum_venv/lib/python3.10/site-packages/airflow/example_dags/tutorial.py took 0.074 seconds
[2023-12-07T16:57:18.933+0000] {processor.py:157} INFO - Started process (PID=5454) to work on /home/ubuntu/ec2_customer_chum_venv/lib/python3.10/site-packages/airflow/example_dags/tutorial.py
[2023-12-07T16:57:18.935+0000] {processor.py:829} INFO - Processing file /home/ubuntu/ec2_customer_chum_venv/lib/python3.10/site-packages/airflow/example_dags/tutorial.py for tasks to queue
[2023-12-07T16:57:18.936+0000] {logging_mixin.py:154} INFO - [2023-12-07T16:57:18.935+0000] {dagbag.py:536} INFO - Filling up the DagBag from /home/ubuntu/ec2_customer_chum_venv/lib/python3.10/site-packages/airflow/example_dags/tutorial.py
[2023-12-07T16:57:18.943+0000] {processor.py:839} INFO - DAG(s) dict_keys(['tutorial']) retrieved from /home/ubuntu/ec2_customer_chum_venv/lib/python3.10/site-packages/airflow/example_dags/tutorial.py
[2023-12-07T16:57:18.959+0000] {logging_mixin.py:154} INFO - [2023-12-07T16:57:18.959+0000] {dag.py:2941} INFO - Sync 1 DAGs
[2023-12-07T16:57:18.980+0000] {logging_mixin.py:154} INFO - [2023-12-07T16:57:18.979+0000] {dag.py:3722} INFO - Setting next_dagrun for tutorial to 2023-12-06T16:57:18.979626+00:00, run_after=2023-12-07T16:57:18.979626+00:00
[2023-12-07T16:57:19.002+0000] {processor.py:179} INFO - Processing /home/ubuntu/ec2_customer_chum_venv/lib/python3.10/site-packages/airflow/example_dags/tutorial.py took 0.072 seconds
[2023-12-07T16:58:02.319+0000] {processor.py:157} INFO - Started process (PID=5500) to work on /home/ubuntu/ec2_customer_chum_venv/lib/python3.10/site-packages/airflow/example_dags/tutorial.py
[2023-12-07T16:58:02.321+0000] {processor.py:829} INFO - Processing file /home/ubuntu/ec2_customer_chum_venv/lib/python3.10/site-packages/airflow/example_dags/tutorial.py for tasks to queue
[2023-12-07T16:58:02.321+0000] {logging_mixin.py:154} INFO - [2023-12-07T16:58:02.321+0000] {dagbag.py:536} INFO - Filling up the DagBag from /home/ubuntu/ec2_customer_chum_venv/lib/python3.10/site-packages/airflow/example_dags/tutorial.py
[2023-12-07T16:58:02.329+0000] {processor.py:839} INFO - DAG(s) dict_keys(['tutorial']) retrieved from /home/ubuntu/ec2_customer_chum_venv/lib/python3.10/site-packages/airflow/example_dags/tutorial.py
[2023-12-07T16:58:02.347+0000] {logging_mixin.py:154} INFO - [2023-12-07T16:58:02.347+0000] {dag.py:2941} INFO - Sync 1 DAGs
[2023-12-07T16:58:02.369+0000] {logging_mixin.py:154} INFO - [2023-12-07T16:58:02.369+0000] {dag.py:3722} INFO - Setting next_dagrun for tutorial to 2023-12-06T16:58:02.368830+00:00, run_after=2023-12-07T16:58:02.368830+00:00
[2023-12-07T16:58:02.394+0000] {processor.py:179} INFO - Processing /home/ubuntu/ec2_customer_chum_venv/lib/python3.10/site-packages/airflow/example_dags/tutorial.py took 0.078 seconds
[2023-12-07T16:58:46.858+0000] {processor.py:157} INFO - Started process (PID=5548) to work on /home/ubuntu/ec2_customer_chum_venv/lib/python3.10/site-packages/airflow/example_dags/tutorial.py
[2023-12-07T16:58:46.859+0000] {processor.py:829} INFO - Processing file /home/ubuntu/ec2_customer_chum_venv/lib/python3.10/site-packages/airflow/example_dags/tutorial.py for tasks to queue
[2023-12-07T16:58:46.860+0000] {logging_mixin.py:154} INFO - [2023-12-07T16:58:46.860+0000] {dagbag.py:536} INFO - Filling up the DagBag from /home/ubuntu/ec2_customer_chum_venv/lib/python3.10/site-packages/airflow/example_dags/tutorial.py
[2023-12-07T16:58:46.868+0000] {processor.py:839} INFO - DAG(s) dict_keys(['tutorial']) retrieved from /home/ubuntu/ec2_customer_chum_venv/lib/python3.10/site-packages/airflow/example_dags/tutorial.py
[2023-12-07T16:58:46.884+0000] {logging_mixin.py:154} INFO - [2023-12-07T16:58:46.884+0000] {dag.py:2941} INFO - Sync 1 DAGs
[2023-12-07T16:58:46.907+0000] {logging_mixin.py:154} INFO - [2023-12-07T16:58:46.906+0000] {dag.py:3722} INFO - Setting next_dagrun for tutorial to 2023-12-06T16:58:46.906456+00:00, run_after=2023-12-07T16:58:46.906456+00:00
[2023-12-07T16:58:46.930+0000] {processor.py:179} INFO - Processing /home/ubuntu/ec2_customer_chum_venv/lib/python3.10/site-packages/airflow/example_dags/tutorial.py took 0.075 seconds
[2023-12-07T16:59:29.209+0000] {processor.py:157} INFO - Started process (PID=5591) to work on /home/ubuntu/ec2_customer_chum_venv/lib/python3.10/site-packages/airflow/example_dags/tutorial.py
[2023-12-07T16:59:29.211+0000] {processor.py:829} INFO - Processing file /home/ubuntu/ec2_customer_chum_venv/lib/python3.10/site-packages/airflow/example_dags/tutorial.py for tasks to queue
[2023-12-07T16:59:29.212+0000] {logging_mixin.py:154} INFO - [2023-12-07T16:59:29.211+0000] {dagbag.py:536} INFO - Filling up the DagBag from /home/ubuntu/ec2_customer_chum_venv/lib/python3.10/site-packages/airflow/example_dags/tutorial.py
[2023-12-07T16:59:29.219+0000] {processor.py:839} INFO - DAG(s) dict_keys(['tutorial']) retrieved from /home/ubuntu/ec2_customer_chum_venv/lib/python3.10/site-packages/airflow/example_dags/tutorial.py
[2023-12-07T16:59:29.236+0000] {logging_mixin.py:154} INFO - [2023-12-07T16:59:29.236+0000] {dag.py:2941} INFO - Sync 1 DAGs
[2023-12-07T16:59:29.256+0000] {logging_mixin.py:154} INFO - [2023-12-07T16:59:29.256+0000] {dag.py:3722} INFO - Setting next_dagrun for tutorial to 2023-12-06T16:59:29.255923+00:00, run_after=2023-12-07T16:59:29.255923+00:00
[2023-12-07T16:59:29.279+0000] {processor.py:179} INFO - Processing /home/ubuntu/ec2_customer_chum_venv/lib/python3.10/site-packages/airflow/example_dags/tutorial.py took 0.072 seconds
[2023-12-07T17:00:13.060+0000] {processor.py:157} INFO - Started process (PID=5637) to work on /home/ubuntu/ec2_customer_chum_venv/lib/python3.10/site-packages/airflow/example_dags/tutorial.py
[2023-12-07T17:00:13.061+0000] {processor.py:829} INFO - Processing file /home/ubuntu/ec2_customer_chum_venv/lib/python3.10/site-packages/airflow/example_dags/tutorial.py for tasks to queue
[2023-12-07T17:00:13.062+0000] {logging_mixin.py:154} INFO - [2023-12-07T17:00:13.061+0000] {dagbag.py:536} INFO - Filling up the DagBag from /home/ubuntu/ec2_customer_chum_venv/lib/python3.10/site-packages/airflow/example_dags/tutorial.py
[2023-12-07T17:00:13.069+0000] {processor.py:839} INFO - DAG(s) dict_keys(['tutorial']) retrieved from /home/ubuntu/ec2_customer_chum_venv/lib/python3.10/site-packages/airflow/example_dags/tutorial.py
[2023-12-07T17:00:13.086+0000] {logging_mixin.py:154} INFO - [2023-12-07T17:00:13.085+0000] {dag.py:2941} INFO - Sync 1 DAGs
[2023-12-07T17:00:13.106+0000] {logging_mixin.py:154} INFO - [2023-12-07T17:00:13.106+0000] {dag.py:3722} INFO - Setting next_dagrun for tutorial to 2023-12-06T17:00:13.106080+00:00, run_after=2023-12-07T17:00:13.106080+00:00
[2023-12-07T17:00:13.130+0000] {processor.py:179} INFO - Processing /home/ubuntu/ec2_customer_chum_venv/lib/python3.10/site-packages/airflow/example_dags/tutorial.py took 0.074 seconds
[2023-12-07T17:00:46.553+0000] {processor.py:157} INFO - Started process (PID=5671) to work on /home/ubuntu/ec2_customer_chum_venv/lib/python3.10/site-packages/airflow/example_dags/tutorial.py
[2023-12-07T17:00:46.554+0000] {processor.py:829} INFO - Processing file /home/ubuntu/ec2_customer_chum_venv/lib/python3.10/site-packages/airflow/example_dags/tutorial.py for tasks to queue
[2023-12-07T17:00:46.555+0000] {logging_mixin.py:154} INFO - [2023-12-07T17:00:46.555+0000] {dagbag.py:536} INFO - Filling up the DagBag from /home/ubuntu/ec2_customer_chum_venv/lib/python3.10/site-packages/airflow/example_dags/tutorial.py
[2023-12-07T17:00:46.562+0000] {processor.py:839} INFO - DAG(s) dict_keys(['tutorial']) retrieved from /home/ubuntu/ec2_customer_chum_venv/lib/python3.10/site-packages/airflow/example_dags/tutorial.py
[2023-12-07T17:00:46.579+0000] {logging_mixin.py:154} INFO - [2023-12-07T17:00:46.579+0000] {dag.py:2941} INFO - Sync 1 DAGs
[2023-12-07T17:00:46.601+0000] {logging_mixin.py:154} INFO - [2023-12-07T17:00:46.601+0000] {dag.py:3722} INFO - Setting next_dagrun for tutorial to 2023-12-06T17:00:46.601063+00:00, run_after=2023-12-07T17:00:46.601063+00:00
[2023-12-07T17:00:46.623+0000] {processor.py:179} INFO - Processing /home/ubuntu/ec2_customer_chum_venv/lib/python3.10/site-packages/airflow/example_dags/tutorial.py took 0.074 seconds
[2023-12-07T17:01:18.518+0000] {processor.py:157} INFO - Started process (PID=5703) to work on /home/ubuntu/ec2_customer_chum_venv/lib/python3.10/site-packages/airflow/example_dags/tutorial.py
[2023-12-07T17:01:18.519+0000] {processor.py:829} INFO - Processing file /home/ubuntu/ec2_customer_chum_venv/lib/python3.10/site-packages/airflow/example_dags/tutorial.py for tasks to queue
[2023-12-07T17:01:18.520+0000] {logging_mixin.py:154} INFO - [2023-12-07T17:01:18.520+0000] {dagbag.py:536} INFO - Filling up the DagBag from /home/ubuntu/ec2_customer_chum_venv/lib/python3.10/site-packages/airflow/example_dags/tutorial.py
[2023-12-07T17:01:18.527+0000] {processor.py:839} INFO - DAG(s) dict_keys(['tutorial']) retrieved from /home/ubuntu/ec2_customer_chum_venv/lib/python3.10/site-packages/airflow/example_dags/tutorial.py
[2023-12-07T17:01:18.545+0000] {logging_mixin.py:154} INFO - [2023-12-07T17:01:18.545+0000] {dag.py:2941} INFO - Sync 1 DAGs
[2023-12-07T17:01:18.566+0000] {logging_mixin.py:154} INFO - [2023-12-07T17:01:18.566+0000] {dag.py:3722} INFO - Setting next_dagrun for tutorial to 2023-12-06T17:01:18.566402+00:00, run_after=2023-12-07T17:01:18.566402+00:00
[2023-12-07T17:01:18.590+0000] {processor.py:179} INFO - Processing /home/ubuntu/ec2_customer_chum_venv/lib/python3.10/site-packages/airflow/example_dags/tutorial.py took 0.075 seconds
[2023-12-07T17:02:03.741+0000] {processor.py:157} INFO - Started process (PID=5749) to work on /home/ubuntu/ec2_customer_chum_venv/lib/python3.10/site-packages/airflow/example_dags/tutorial.py
[2023-12-07T17:02:03.743+0000] {processor.py:829} INFO - Processing file /home/ubuntu/ec2_customer_chum_venv/lib/python3.10/site-packages/airflow/example_dags/tutorial.py for tasks to queue
[2023-12-07T17:02:03.744+0000] {logging_mixin.py:154} INFO - [2023-12-07T17:02:03.744+0000] {dagbag.py:536} INFO - Filling up the DagBag from /home/ubuntu/ec2_customer_chum_venv/lib/python3.10/site-packages/airflow/example_dags/tutorial.py
[2023-12-07T17:02:03.751+0000] {processor.py:839} INFO - DAG(s) dict_keys(['tutorial']) retrieved from /home/ubuntu/ec2_customer_chum_venv/lib/python3.10/site-packages/airflow/example_dags/tutorial.py
[2023-12-07T17:02:03.768+0000] {logging_mixin.py:154} INFO - [2023-12-07T17:02:03.768+0000] {dag.py:2941} INFO - Sync 1 DAGs
[2023-12-07T17:02:03.789+0000] {logging_mixin.py:154} INFO - [2023-12-07T17:02:03.789+0000] {dag.py:3722} INFO - Setting next_dagrun for tutorial to 2023-12-06T17:02:03.788904+00:00, run_after=2023-12-07T17:02:03.788904+00:00
[2023-12-07T17:02:03.815+0000] {processor.py:179} INFO - Processing /home/ubuntu/ec2_customer_chum_venv/lib/python3.10/site-packages/airflow/example_dags/tutorial.py took 0.078 seconds
[2023-12-07T17:02:36.075+0000] {processor.py:157} INFO - Started process (PID=5782) to work on /home/ubuntu/ec2_customer_chum_venv/lib/python3.10/site-packages/airflow/example_dags/tutorial.py
[2023-12-07T17:02:36.076+0000] {processor.py:829} INFO - Processing file /home/ubuntu/ec2_customer_chum_venv/lib/python3.10/site-packages/airflow/example_dags/tutorial.py for tasks to queue
[2023-12-07T17:02:36.077+0000] {logging_mixin.py:154} INFO - [2023-12-07T17:02:36.076+0000] {dagbag.py:536} INFO - Filling up the DagBag from /home/ubuntu/ec2_customer_chum_venv/lib/python3.10/site-packages/airflow/example_dags/tutorial.py
[2023-12-07T17:02:36.084+0000] {processor.py:839} INFO - DAG(s) dict_keys(['tutorial']) retrieved from /home/ubuntu/ec2_customer_chum_venv/lib/python3.10/site-packages/airflow/example_dags/tutorial.py
[2023-12-07T17:02:36.100+0000] {logging_mixin.py:154} INFO - [2023-12-07T17:02:36.100+0000] {dag.py:2941} INFO - Sync 1 DAGs
[2023-12-07T17:02:36.121+0000] {logging_mixin.py:154} INFO - [2023-12-07T17:02:36.121+0000] {dag.py:3722} INFO - Setting next_dagrun for tutorial to 2023-12-06T17:02:36.121283+00:00, run_after=2023-12-07T17:02:36.121283+00:00
[2023-12-07T17:02:36.144+0000] {processor.py:179} INFO - Processing /home/ubuntu/ec2_customer_chum_venv/lib/python3.10/site-packages/airflow/example_dags/tutorial.py took 0.073 seconds
[2023-12-07T17:03:07.528+0000] {processor.py:157} INFO - Started process (PID=5813) to work on /home/ubuntu/ec2_customer_chum_venv/lib/python3.10/site-packages/airflow/example_dags/tutorial.py
[2023-12-07T17:03:07.529+0000] {processor.py:829} INFO - Processing file /home/ubuntu/ec2_customer_chum_venv/lib/python3.10/site-packages/airflow/example_dags/tutorial.py for tasks to queue
[2023-12-07T17:03:07.530+0000] {logging_mixin.py:154} INFO - [2023-12-07T17:03:07.530+0000] {dagbag.py:536} INFO - Filling up the DagBag from /home/ubuntu/ec2_customer_chum_venv/lib/python3.10/site-packages/airflow/example_dags/tutorial.py
[2023-12-07T17:03:07.538+0000] {processor.py:839} INFO - DAG(s) dict_keys(['tutorial']) retrieved from /home/ubuntu/ec2_customer_chum_venv/lib/python3.10/site-packages/airflow/example_dags/tutorial.py
[2023-12-07T17:03:07.555+0000] {logging_mixin.py:154} INFO - [2023-12-07T17:03:07.555+0000] {dag.py:2941} INFO - Sync 1 DAGs
[2023-12-07T17:03:07.576+0000] {logging_mixin.py:154} INFO - [2023-12-07T17:03:07.576+0000] {dag.py:3722} INFO - Setting next_dagrun for tutorial to 2023-12-06T17:03:07.575960+00:00, run_after=2023-12-07T17:03:07.575960+00:00
[2023-12-07T17:03:07.599+0000] {processor.py:179} INFO - Processing /home/ubuntu/ec2_customer_chum_venv/lib/python3.10/site-packages/airflow/example_dags/tutorial.py took 0.074 seconds
[2023-12-07T17:03:40.370+0000] {processor.py:157} INFO - Started process (PID=5848) to work on /home/ubuntu/ec2_customer_chum_venv/lib/python3.10/site-packages/airflow/example_dags/tutorial.py
[2023-12-07T17:03:40.371+0000] {processor.py:829} INFO - Processing file /home/ubuntu/ec2_customer_chum_venv/lib/python3.10/site-packages/airflow/example_dags/tutorial.py for tasks to queue
[2023-12-07T17:03:40.372+0000] {logging_mixin.py:154} INFO - [2023-12-07T17:03:40.371+0000] {dagbag.py:536} INFO - Filling up the DagBag from /home/ubuntu/ec2_customer_chum_venv/lib/python3.10/site-packages/airflow/example_dags/tutorial.py
[2023-12-07T17:03:40.379+0000] {processor.py:839} INFO - DAG(s) dict_keys(['tutorial']) retrieved from /home/ubuntu/ec2_customer_chum_venv/lib/python3.10/site-packages/airflow/example_dags/tutorial.py
[2023-12-07T17:03:40.396+0000] {logging_mixin.py:154} INFO - [2023-12-07T17:03:40.395+0000] {dag.py:2941} INFO - Sync 1 DAGs
[2023-12-07T17:03:40.416+0000] {logging_mixin.py:154} INFO - [2023-12-07T17:03:40.415+0000] {dag.py:3722} INFO - Setting next_dagrun for tutorial to 2023-12-06T17:03:40.415682+00:00, run_after=2023-12-07T17:03:40.415682+00:00
[2023-12-07T17:03:40.440+0000] {processor.py:179} INFO - Processing /home/ubuntu/ec2_customer_chum_venv/lib/python3.10/site-packages/airflow/example_dags/tutorial.py took 0.074 seconds
[2023-12-07T17:04:21.683+0000] {processor.py:157} INFO - Started process (PID=5890) to work on /home/ubuntu/ec2_customer_chum_venv/lib/python3.10/site-packages/airflow/example_dags/tutorial.py
[2023-12-07T17:04:21.684+0000] {processor.py:829} INFO - Processing file /home/ubuntu/ec2_customer_chum_venv/lib/python3.10/site-packages/airflow/example_dags/tutorial.py for tasks to queue
[2023-12-07T17:04:21.685+0000] {logging_mixin.py:154} INFO - [2023-12-07T17:04:21.684+0000] {dagbag.py:536} INFO - Filling up the DagBag from /home/ubuntu/ec2_customer_chum_venv/lib/python3.10/site-packages/airflow/example_dags/tutorial.py
[2023-12-07T17:04:21.692+0000] {processor.py:839} INFO - DAG(s) dict_keys(['tutorial']) retrieved from /home/ubuntu/ec2_customer_chum_venv/lib/python3.10/site-packages/airflow/example_dags/tutorial.py
[2023-12-07T17:04:21.708+0000] {logging_mixin.py:154} INFO - [2023-12-07T17:04:21.708+0000] {dag.py:2941} INFO - Sync 1 DAGs
[2023-12-07T17:04:21.728+0000] {logging_mixin.py:154} INFO - [2023-12-07T17:04:21.728+0000] {dag.py:3722} INFO - Setting next_dagrun for tutorial to 2023-12-06T17:04:21.728160+00:00, run_after=2023-12-07T17:04:21.728160+00:00
[2023-12-07T17:04:21.750+0000] {processor.py:179} INFO - Processing /home/ubuntu/ec2_customer_chum_venv/lib/python3.10/site-packages/airflow/example_dags/tutorial.py took 0.071 seconds
[2023-12-07T17:04:55.076+0000] {processor.py:157} INFO - Started process (PID=5926) to work on /home/ubuntu/ec2_customer_chum_venv/lib/python3.10/site-packages/airflow/example_dags/tutorial.py
[2023-12-07T17:04:55.076+0000] {processor.py:829} INFO - Processing file /home/ubuntu/ec2_customer_chum_venv/lib/python3.10/site-packages/airflow/example_dags/tutorial.py for tasks to queue
[2023-12-07T17:04:55.077+0000] {logging_mixin.py:154} INFO - [2023-12-07T17:04:55.077+0000] {dagbag.py:536} INFO - Filling up the DagBag from /home/ubuntu/ec2_customer_chum_venv/lib/python3.10/site-packages/airflow/example_dags/tutorial.py
[2023-12-07T17:04:55.084+0000] {processor.py:839} INFO - DAG(s) dict_keys(['tutorial']) retrieved from /home/ubuntu/ec2_customer_chum_venv/lib/python3.10/site-packages/airflow/example_dags/tutorial.py
[2023-12-07T17:04:55.102+0000] {logging_mixin.py:154} INFO - [2023-12-07T17:04:55.101+0000] {dag.py:2941} INFO - Sync 1 DAGs
[2023-12-07T17:04:55.122+0000] {logging_mixin.py:154} INFO - [2023-12-07T17:04:55.122+0000] {dag.py:3722} INFO - Setting next_dagrun for tutorial to 2023-12-06T17:04:55.121928+00:00, run_after=2023-12-07T17:04:55.121928+00:00
[2023-12-07T17:04:55.144+0000] {processor.py:179} INFO - Processing /home/ubuntu/ec2_customer_chum_venv/lib/python3.10/site-packages/airflow/example_dags/tutorial.py took 0.072 seconds
[2023-12-07T17:05:36.169+0000] {processor.py:157} INFO - Started process (PID=5970) to work on /home/ubuntu/ec2_customer_chum_venv/lib/python3.10/site-packages/airflow/example_dags/tutorial.py
[2023-12-07T17:05:36.170+0000] {processor.py:829} INFO - Processing file /home/ubuntu/ec2_customer_chum_venv/lib/python3.10/site-packages/airflow/example_dags/tutorial.py for tasks to queue
[2023-12-07T17:05:36.171+0000] {logging_mixin.py:154} INFO - [2023-12-07T17:05:36.171+0000] {dagbag.py:536} INFO - Filling up the DagBag from /home/ubuntu/ec2_customer_chum_venv/lib/python3.10/site-packages/airflow/example_dags/tutorial.py
[2023-12-07T17:05:36.178+0000] {processor.py:839} INFO - DAG(s) dict_keys(['tutorial']) retrieved from /home/ubuntu/ec2_customer_chum_venv/lib/python3.10/site-packages/airflow/example_dags/tutorial.py
[2023-12-07T17:05:36.195+0000] {logging_mixin.py:154} INFO - [2023-12-07T17:05:36.195+0000] {dag.py:2941} INFO - Sync 1 DAGs
[2023-12-07T17:05:36.216+0000] {logging_mixin.py:154} INFO - [2023-12-07T17:05:36.215+0000] {dag.py:3722} INFO - Setting next_dagrun for tutorial to 2023-12-06T17:05:36.215646+00:00, run_after=2023-12-07T17:05:36.215646+00:00
[2023-12-07T17:05:36.238+0000] {processor.py:179} INFO - Processing /home/ubuntu/ec2_customer_chum_venv/lib/python3.10/site-packages/airflow/example_dags/tutorial.py took 0.073 seconds
[2023-12-07T17:06:20.103+0000] {processor.py:157} INFO - Started process (PID=6016) to work on /home/ubuntu/ec2_customer_chum_venv/lib/python3.10/site-packages/airflow/example_dags/tutorial.py
[2023-12-07T17:06:20.104+0000] {processor.py:829} INFO - Processing file /home/ubuntu/ec2_customer_chum_venv/lib/python3.10/site-packages/airflow/example_dags/tutorial.py for tasks to queue
[2023-12-07T17:06:20.105+0000] {logging_mixin.py:154} INFO - [2023-12-07T17:06:20.105+0000] {dagbag.py:536} INFO - Filling up the DagBag from /home/ubuntu/ec2_customer_chum_venv/lib/python3.10/site-packages/airflow/example_dags/tutorial.py
[2023-12-07T17:06:20.112+0000] {processor.py:839} INFO - DAG(s) dict_keys(['tutorial']) retrieved from /home/ubuntu/ec2_customer_chum_venv/lib/python3.10/site-packages/airflow/example_dags/tutorial.py
[2023-12-07T17:06:20.129+0000] {logging_mixin.py:154} INFO - [2023-12-07T17:06:20.129+0000] {dag.py:2941} INFO - Sync 1 DAGs
[2023-12-07T17:06:20.149+0000] {logging_mixin.py:154} INFO - [2023-12-07T17:06:20.149+0000] {dag.py:3722} INFO - Setting next_dagrun for tutorial to 2023-12-06T17:06:20.149101+00:00, run_after=2023-12-07T17:06:20.149101+00:00
[2023-12-07T17:06:20.174+0000] {processor.py:179} INFO - Processing /home/ubuntu/ec2_customer_chum_venv/lib/python3.10/site-packages/airflow/example_dags/tutorial.py took 0.074 seconds
[2023-12-07T17:07:06.782+0000] {processor.py:157} INFO - Started process (PID=6062) to work on /home/ubuntu/ec2_customer_chum_venv/lib/python3.10/site-packages/airflow/example_dags/tutorial.py
[2023-12-07T17:07:06.783+0000] {processor.py:829} INFO - Processing file /home/ubuntu/ec2_customer_chum_venv/lib/python3.10/site-packages/airflow/example_dags/tutorial.py for tasks to queue
[2023-12-07T17:07:06.784+0000] {logging_mixin.py:154} INFO - [2023-12-07T17:07:06.784+0000] {dagbag.py:536} INFO - Filling up the DagBag from /home/ubuntu/ec2_customer_chum_venv/lib/python3.10/site-packages/airflow/example_dags/tutorial.py
[2023-12-07T17:07:06.792+0000] {processor.py:839} INFO - DAG(s) dict_keys(['tutorial']) retrieved from /home/ubuntu/ec2_customer_chum_venv/lib/python3.10/site-packages/airflow/example_dags/tutorial.py
[2023-12-07T17:07:06.808+0000] {logging_mixin.py:154} INFO - [2023-12-07T17:07:06.808+0000] {dag.py:2941} INFO - Sync 1 DAGs
[2023-12-07T17:07:06.829+0000] {logging_mixin.py:154} INFO - [2023-12-07T17:07:06.829+0000] {dag.py:3722} INFO - Setting next_dagrun for tutorial to 2023-12-06T17:07:06.829389+00:00, run_after=2023-12-07T17:07:06.829389+00:00
[2023-12-07T17:07:06.854+0000] {processor.py:179} INFO - Processing /home/ubuntu/ec2_customer_chum_venv/lib/python3.10/site-packages/airflow/example_dags/tutorial.py took 0.075 seconds
[2023-12-07T17:07:38.965+0000] {processor.py:157} INFO - Started process (PID=6096) to work on /home/ubuntu/ec2_customer_chum_venv/lib/python3.10/site-packages/airflow/example_dags/tutorial.py
[2023-12-07T17:07:38.966+0000] {processor.py:829} INFO - Processing file /home/ubuntu/ec2_customer_chum_venv/lib/python3.10/site-packages/airflow/example_dags/tutorial.py for tasks to queue
[2023-12-07T17:07:38.967+0000] {logging_mixin.py:154} INFO - [2023-12-07T17:07:38.966+0000] {dagbag.py:536} INFO - Filling up the DagBag from /home/ubuntu/ec2_customer_chum_venv/lib/python3.10/site-packages/airflow/example_dags/tutorial.py
[2023-12-07T17:07:38.974+0000] {processor.py:839} INFO - DAG(s) dict_keys(['tutorial']) retrieved from /home/ubuntu/ec2_customer_chum_venv/lib/python3.10/site-packages/airflow/example_dags/tutorial.py
[2023-12-07T17:07:38.990+0000] {logging_mixin.py:154} INFO - [2023-12-07T17:07:38.990+0000] {dag.py:2941} INFO - Sync 1 DAGs
[2023-12-07T17:07:39.011+0000] {logging_mixin.py:154} INFO - [2023-12-07T17:07:39.010+0000] {dag.py:3722} INFO - Setting next_dagrun for tutorial to 2023-12-06T17:07:39.010477+00:00, run_after=2023-12-07T17:07:39.010477+00:00
[2023-12-07T17:07:39.033+0000] {processor.py:179} INFO - Processing /home/ubuntu/ec2_customer_chum_venv/lib/python3.10/site-packages/airflow/example_dags/tutorial.py took 0.071 seconds
[2023-12-07T17:08:24.990+0000] {processor.py:157} INFO - Started process (PID=6142) to work on /home/ubuntu/ec2_customer_chum_venv/lib/python3.10/site-packages/airflow/example_dags/tutorial.py
[2023-12-07T17:08:24.992+0000] {processor.py:829} INFO - Processing file /home/ubuntu/ec2_customer_chum_venv/lib/python3.10/site-packages/airflow/example_dags/tutorial.py for tasks to queue
[2023-12-07T17:08:24.993+0000] {logging_mixin.py:154} INFO - [2023-12-07T17:08:24.992+0000] {dagbag.py:536} INFO - Filling up the DagBag from /home/ubuntu/ec2_customer_chum_venv/lib/python3.10/site-packages/airflow/example_dags/tutorial.py
[2023-12-07T17:08:25.000+0000] {processor.py:839} INFO - DAG(s) dict_keys(['tutorial']) retrieved from /home/ubuntu/ec2_customer_chum_venv/lib/python3.10/site-packages/airflow/example_dags/tutorial.py
[2023-12-07T17:08:25.018+0000] {logging_mixin.py:154} INFO - [2023-12-07T17:08:25.017+0000] {dag.py:2941} INFO - Sync 1 DAGs
[2023-12-07T17:08:25.040+0000] {logging_mixin.py:154} INFO - [2023-12-07T17:08:25.039+0000] {dag.py:3722} INFO - Setting next_dagrun for tutorial to 2023-12-06T17:08:25.039504+00:00, run_after=2023-12-07T17:08:25.039504+00:00
[2023-12-07T17:08:25.062+0000] {processor.py:179} INFO - Processing /home/ubuntu/ec2_customer_chum_venv/lib/python3.10/site-packages/airflow/example_dags/tutorial.py took 0.075 seconds
[2023-12-07T17:09:10.356+0000] {processor.py:157} INFO - Started process (PID=6189) to work on /home/ubuntu/ec2_customer_chum_venv/lib/python3.10/site-packages/airflow/example_dags/tutorial.py
[2023-12-07T17:09:10.357+0000] {processor.py:829} INFO - Processing file /home/ubuntu/ec2_customer_chum_venv/lib/python3.10/site-packages/airflow/example_dags/tutorial.py for tasks to queue
[2023-12-07T17:09:10.358+0000] {logging_mixin.py:154} INFO - [2023-12-07T17:09:10.357+0000] {dagbag.py:536} INFO - Filling up the DagBag from /home/ubuntu/ec2_customer_chum_venv/lib/python3.10/site-packages/airflow/example_dags/tutorial.py
[2023-12-07T17:09:10.365+0000] {processor.py:839} INFO - DAG(s) dict_keys(['tutorial']) retrieved from /home/ubuntu/ec2_customer_chum_venv/lib/python3.10/site-packages/airflow/example_dags/tutorial.py
[2023-12-07T17:09:10.382+0000] {logging_mixin.py:154} INFO - [2023-12-07T17:09:10.381+0000] {dag.py:2941} INFO - Sync 1 DAGs
[2023-12-07T17:09:10.402+0000] {logging_mixin.py:154} INFO - [2023-12-07T17:09:10.402+0000] {dag.py:3722} INFO - Setting next_dagrun for tutorial to 2023-12-06T17:09:10.402011+00:00, run_after=2023-12-07T17:09:10.402011+00:00
[2023-12-07T17:09:10.448+0000] {processor.py:179} INFO - Processing /home/ubuntu/ec2_customer_chum_venv/lib/python3.10/site-packages/airflow/example_dags/tutorial.py took 0.095 seconds
[2023-12-07T17:09:52.503+0000] {processor.py:157} INFO - Started process (PID=6234) to work on /home/ubuntu/ec2_customer_chum_venv/lib/python3.10/site-packages/airflow/example_dags/tutorial.py
[2023-12-07T17:09:52.504+0000] {processor.py:829} INFO - Processing file /home/ubuntu/ec2_customer_chum_venv/lib/python3.10/site-packages/airflow/example_dags/tutorial.py for tasks to queue
[2023-12-07T17:09:52.505+0000] {logging_mixin.py:154} INFO - [2023-12-07T17:09:52.505+0000] {dagbag.py:536} INFO - Filling up the DagBag from /home/ubuntu/ec2_customer_chum_venv/lib/python3.10/site-packages/airflow/example_dags/tutorial.py
[2023-12-07T17:09:52.513+0000] {processor.py:839} INFO - DAG(s) dict_keys(['tutorial']) retrieved from /home/ubuntu/ec2_customer_chum_venv/lib/python3.10/site-packages/airflow/example_dags/tutorial.py
[2023-12-07T17:09:52.531+0000] {logging_mixin.py:154} INFO - [2023-12-07T17:09:52.531+0000] {dag.py:2941} INFO - Sync 1 DAGs
[2023-12-07T17:09:52.554+0000] {logging_mixin.py:154} INFO - [2023-12-07T17:09:52.553+0000] {dag.py:3722} INFO - Setting next_dagrun for tutorial to 2023-12-06T17:09:52.553645+00:00, run_after=2023-12-07T17:09:52.553645+00:00
[2023-12-07T17:09:52.577+0000] {processor.py:179} INFO - Processing /home/ubuntu/ec2_customer_chum_venv/lib/python3.10/site-packages/airflow/example_dags/tutorial.py took 0.077 seconds
[2023-12-07T17:10:40.731+0000] {processor.py:157} INFO - Started process (PID=6281) to work on /home/ubuntu/ec2_customer_chum_venv/lib/python3.10/site-packages/airflow/example_dags/tutorial.py
[2023-12-07T17:10:40.733+0000] {processor.py:829} INFO - Processing file /home/ubuntu/ec2_customer_chum_venv/lib/python3.10/site-packages/airflow/example_dags/tutorial.py for tasks to queue
[2023-12-07T17:10:40.734+0000] {logging_mixin.py:154} INFO - [2023-12-07T17:10:40.734+0000] {dagbag.py:536} INFO - Filling up the DagBag from /home/ubuntu/ec2_customer_chum_venv/lib/python3.10/site-packages/airflow/example_dags/tutorial.py
[2023-12-07T17:10:40.741+0000] {processor.py:839} INFO - DAG(s) dict_keys(['tutorial']) retrieved from /home/ubuntu/ec2_customer_chum_venv/lib/python3.10/site-packages/airflow/example_dags/tutorial.py
[2023-12-07T17:10:40.758+0000] {logging_mixin.py:154} INFO - [2023-12-07T17:10:40.758+0000] {dag.py:2941} INFO - Sync 1 DAGs
[2023-12-07T17:10:40.778+0000] {logging_mixin.py:154} INFO - [2023-12-07T17:10:40.778+0000] {dag.py:3722} INFO - Setting next_dagrun for tutorial to 2023-12-06T17:10:40.778095+00:00, run_after=2023-12-07T17:10:40.778095+00:00
[2023-12-07T17:10:40.803+0000] {processor.py:179} INFO - Processing /home/ubuntu/ec2_customer_chum_venv/lib/python3.10/site-packages/airflow/example_dags/tutorial.py took 0.075 seconds
[2023-12-07T17:11:24.162+0000] {processor.py:157} INFO - Started process (PID=6326) to work on /home/ubuntu/ec2_customer_chum_venv/lib/python3.10/site-packages/airflow/example_dags/tutorial.py
[2023-12-07T17:11:24.163+0000] {processor.py:829} INFO - Processing file /home/ubuntu/ec2_customer_chum_venv/lib/python3.10/site-packages/airflow/example_dags/tutorial.py for tasks to queue
[2023-12-07T17:11:24.164+0000] {logging_mixin.py:154} INFO - [2023-12-07T17:11:24.163+0000] {dagbag.py:536} INFO - Filling up the DagBag from /home/ubuntu/ec2_customer_chum_venv/lib/python3.10/site-packages/airflow/example_dags/tutorial.py
[2023-12-07T17:11:24.171+0000] {processor.py:839} INFO - DAG(s) dict_keys(['tutorial']) retrieved from /home/ubuntu/ec2_customer_chum_venv/lib/python3.10/site-packages/airflow/example_dags/tutorial.py
[2023-12-07T17:11:24.188+0000] {logging_mixin.py:154} INFO - [2023-12-07T17:11:24.188+0000] {dag.py:2941} INFO - Sync 1 DAGs
[2023-12-07T17:11:24.209+0000] {logging_mixin.py:154} INFO - [2023-12-07T17:11:24.209+0000] {dag.py:3722} INFO - Setting next_dagrun for tutorial to 2023-12-06T17:11:24.209372+00:00, run_after=2023-12-07T17:11:24.209372+00:00
[2023-12-07T17:11:24.233+0000] {processor.py:179} INFO - Processing /home/ubuntu/ec2_customer_chum_venv/lib/python3.10/site-packages/airflow/example_dags/tutorial.py took 0.074 seconds
[2023-12-07T17:11:54.958+0000] {processor.py:157} INFO - Started process (PID=6364) to work on /home/ubuntu/ec2_customer_chum_venv/lib/python3.10/site-packages/airflow/example_dags/tutorial.py
[2023-12-07T17:11:54.958+0000] {processor.py:829} INFO - Processing file /home/ubuntu/ec2_customer_chum_venv/lib/python3.10/site-packages/airflow/example_dags/tutorial.py for tasks to queue
[2023-12-07T17:11:54.959+0000] {logging_mixin.py:154} INFO - [2023-12-07T17:11:54.959+0000] {dagbag.py:536} INFO - Filling up the DagBag from /home/ubuntu/ec2_customer_chum_venv/lib/python3.10/site-packages/airflow/example_dags/tutorial.py
[2023-12-07T17:11:54.966+0000] {processor.py:839} INFO - DAG(s) dict_keys(['tutorial']) retrieved from /home/ubuntu/ec2_customer_chum_venv/lib/python3.10/site-packages/airflow/example_dags/tutorial.py
[2023-12-07T17:11:54.983+0000] {logging_mixin.py:154} INFO - [2023-12-07T17:11:54.983+0000] {dag.py:2941} INFO - Sync 1 DAGs
[2023-12-07T17:11:55.003+0000] {logging_mixin.py:154} INFO - [2023-12-07T17:11:55.003+0000] {dag.py:3722} INFO - Setting next_dagrun for tutorial to 2023-12-06T17:11:55.002985+00:00, run_after=2023-12-07T17:11:55.002985+00:00
[2023-12-07T17:11:55.028+0000] {processor.py:179} INFO - Processing /home/ubuntu/ec2_customer_chum_venv/lib/python3.10/site-packages/airflow/example_dags/tutorial.py took 0.074 seconds
[2023-12-07T17:12:40.908+0000] {processor.py:157} INFO - Started process (PID=6410) to work on /home/ubuntu/ec2_customer_chum_venv/lib/python3.10/site-packages/airflow/example_dags/tutorial.py
[2023-12-07T17:12:40.912+0000] {processor.py:829} INFO - Processing file /home/ubuntu/ec2_customer_chum_venv/lib/python3.10/site-packages/airflow/example_dags/tutorial.py for tasks to queue
[2023-12-07T17:12:40.913+0000] {logging_mixin.py:154} INFO - [2023-12-07T17:12:40.913+0000] {dagbag.py:536} INFO - Filling up the DagBag from /home/ubuntu/ec2_customer_chum_venv/lib/python3.10/site-packages/airflow/example_dags/tutorial.py
[2023-12-07T17:12:40.920+0000] {processor.py:839} INFO - DAG(s) dict_keys(['tutorial']) retrieved from /home/ubuntu/ec2_customer_chum_venv/lib/python3.10/site-packages/airflow/example_dags/tutorial.py
[2023-12-07T17:12:40.937+0000] {logging_mixin.py:154} INFO - [2023-12-07T17:12:40.937+0000] {dag.py:2941} INFO - Sync 1 DAGs
[2023-12-07T17:12:40.959+0000] {logging_mixin.py:154} INFO - [2023-12-07T17:12:40.958+0000] {dag.py:3722} INFO - Setting next_dagrun for tutorial to 2023-12-06T17:12:40.958612+00:00, run_after=2023-12-07T17:12:40.958612+00:00
[2023-12-07T17:12:40.985+0000] {processor.py:179} INFO - Processing /home/ubuntu/ec2_customer_chum_venv/lib/python3.10/site-packages/airflow/example_dags/tutorial.py took 0.081 seconds
[2023-12-07T17:13:13.550+0000] {processor.py:157} INFO - Started process (PID=6529) to work on /home/ubuntu/ec2_customer_chum_venv/lib/python3.10/site-packages/airflow/example_dags/tutorial.py
[2023-12-07T17:13:13.552+0000] {processor.py:829} INFO - Processing file /home/ubuntu/ec2_customer_chum_venv/lib/python3.10/site-packages/airflow/example_dags/tutorial.py for tasks to queue
[2023-12-07T17:13:13.553+0000] {logging_mixin.py:154} INFO - [2023-12-07T17:13:13.552+0000] {dagbag.py:536} INFO - Filling up the DagBag from /home/ubuntu/ec2_customer_chum_venv/lib/python3.10/site-packages/airflow/example_dags/tutorial.py
[2023-12-07T17:13:13.560+0000] {processor.py:839} INFO - DAG(s) dict_keys(['tutorial']) retrieved from /home/ubuntu/ec2_customer_chum_venv/lib/python3.10/site-packages/airflow/example_dags/tutorial.py
[2023-12-07T17:13:13.576+0000] {logging_mixin.py:154} INFO - [2023-12-07T17:13:13.576+0000] {dag.py:2941} INFO - Sync 1 DAGs
[2023-12-07T17:13:13.596+0000] {logging_mixin.py:154} INFO - [2023-12-07T17:13:13.596+0000] {dag.py:3722} INFO - Setting next_dagrun for tutorial to 2023-12-06T17:13:13.596158+00:00, run_after=2023-12-07T17:13:13.596158+00:00
[2023-12-07T17:13:13.620+0000] {processor.py:179} INFO - Processing /home/ubuntu/ec2_customer_chum_venv/lib/python3.10/site-packages/airflow/example_dags/tutorial.py took 0.073 seconds
[2023-12-07T17:13:54.435+0000] {processor.py:157} INFO - Started process (PID=6575) to work on /home/ubuntu/ec2_customer_chum_venv/lib/python3.10/site-packages/airflow/example_dags/tutorial.py
[2023-12-07T17:13:54.436+0000] {processor.py:829} INFO - Processing file /home/ubuntu/ec2_customer_chum_venv/lib/python3.10/site-packages/airflow/example_dags/tutorial.py for tasks to queue
[2023-12-07T17:13:54.437+0000] {logging_mixin.py:154} INFO - [2023-12-07T17:13:54.436+0000] {dagbag.py:536} INFO - Filling up the DagBag from /home/ubuntu/ec2_customer_chum_venv/lib/python3.10/site-packages/airflow/example_dags/tutorial.py
[2023-12-07T17:13:54.444+0000] {processor.py:839} INFO - DAG(s) dict_keys(['tutorial']) retrieved from /home/ubuntu/ec2_customer_chum_venv/lib/python3.10/site-packages/airflow/example_dags/tutorial.py
[2023-12-07T17:13:54.460+0000] {logging_mixin.py:154} INFO - [2023-12-07T17:13:54.460+0000] {dag.py:2941} INFO - Sync 1 DAGs
[2023-12-07T17:13:54.481+0000] {logging_mixin.py:154} INFO - [2023-12-07T17:13:54.481+0000] {dag.py:3722} INFO - Setting next_dagrun for tutorial to 2023-12-06T17:13:54.480768+00:00, run_after=2023-12-07T17:13:54.480768+00:00
[2023-12-07T17:13:54.503+0000] {processor.py:179} INFO - Processing /home/ubuntu/ec2_customer_chum_venv/lib/python3.10/site-packages/airflow/example_dags/tutorial.py took 0.071 seconds
[2023-12-07T17:14:39.955+0000] {processor.py:157} INFO - Started process (PID=6622) to work on /home/ubuntu/ec2_customer_chum_venv/lib/python3.10/site-packages/airflow/example_dags/tutorial.py
[2023-12-07T17:14:39.957+0000] {processor.py:829} INFO - Processing file /home/ubuntu/ec2_customer_chum_venv/lib/python3.10/site-packages/airflow/example_dags/tutorial.py for tasks to queue
[2023-12-07T17:14:39.957+0000] {logging_mixin.py:154} INFO - [2023-12-07T17:14:39.957+0000] {dagbag.py:536} INFO - Filling up the DagBag from /home/ubuntu/ec2_customer_chum_venv/lib/python3.10/site-packages/airflow/example_dags/tutorial.py
[2023-12-07T17:14:39.965+0000] {processor.py:839} INFO - DAG(s) dict_keys(['tutorial']) retrieved from /home/ubuntu/ec2_customer_chum_venv/lib/python3.10/site-packages/airflow/example_dags/tutorial.py
[2023-12-07T17:14:39.981+0000] {logging_mixin.py:154} INFO - [2023-12-07T17:14:39.981+0000] {dag.py:2941} INFO - Sync 1 DAGs
[2023-12-07T17:14:40.002+0000] {logging_mixin.py:154} INFO - [2023-12-07T17:14:40.002+0000] {dag.py:3722} INFO - Setting next_dagrun for tutorial to 2023-12-06T17:14:40.001785+00:00, run_after=2023-12-07T17:14:40.001785+00:00
[2023-12-07T17:14:40.028+0000] {processor.py:179} INFO - Processing /home/ubuntu/ec2_customer_chum_venv/lib/python3.10/site-packages/airflow/example_dags/tutorial.py took 0.077 seconds
[2023-12-07T17:15:22.277+0000] {processor.py:157} INFO - Started process (PID=6732) to work on /home/ubuntu/ec2_customer_chum_venv/lib/python3.10/site-packages/airflow/example_dags/tutorial.py
[2023-12-07T17:15:22.278+0000] {processor.py:829} INFO - Processing file /home/ubuntu/ec2_customer_chum_venv/lib/python3.10/site-packages/airflow/example_dags/tutorial.py for tasks to queue
[2023-12-07T17:15:22.279+0000] {logging_mixin.py:154} INFO - [2023-12-07T17:15:22.279+0000] {dagbag.py:536} INFO - Filling up the DagBag from /home/ubuntu/ec2_customer_chum_venv/lib/python3.10/site-packages/airflow/example_dags/tutorial.py
[2023-12-07T17:15:22.286+0000] {processor.py:839} INFO - DAG(s) dict_keys(['tutorial']) retrieved from /home/ubuntu/ec2_customer_chum_venv/lib/python3.10/site-packages/airflow/example_dags/tutorial.py
[2023-12-07T17:15:22.304+0000] {logging_mixin.py:154} INFO - [2023-12-07T17:15:22.303+0000] {dag.py:2941} INFO - Sync 1 DAGs
[2023-12-07T17:15:22.325+0000] {logging_mixin.py:154} INFO - [2023-12-07T17:15:22.324+0000] {dag.py:3722} INFO - Setting next_dagrun for tutorial to 2023-12-06T17:15:22.324559+00:00, run_after=2023-12-07T17:15:22.324559+00:00
[2023-12-07T17:15:22.349+0000] {processor.py:179} INFO - Processing /home/ubuntu/ec2_customer_chum_venv/lib/python3.10/site-packages/airflow/example_dags/tutorial.py took 0.076 seconds
