[2023-12-07T16:49:04.071+0000] {processor.py:157} INFO - Started process (PID=4957) to work on /home/ubuntu/ec2_customer_chum_venv/lib/python3.10/site-packages/airflow/example_dags/tutorial_dag.py
[2023-12-07T16:49:04.072+0000] {processor.py:829} INFO - Processing file /home/ubuntu/ec2_customer_chum_venv/lib/python3.10/site-packages/airflow/example_dags/tutorial_dag.py for tasks to queue
[2023-12-07T16:49:04.073+0000] {logging_mixin.py:154} INFO - [2023-12-07T16:49:04.072+0000] {dagbag.py:536} INFO - Filling up the DagBag from /home/ubuntu/ec2_customer_chum_venv/lib/python3.10/site-packages/airflow/example_dags/tutorial_dag.py
[2023-12-07T16:49:04.082+0000] {processor.py:839} INFO - DAG(s) dict_keys(['tutorial_dag']) retrieved from /home/ubuntu/ec2_customer_chum_venv/lib/python3.10/site-packages/airflow/example_dags/tutorial_dag.py
[2023-12-07T16:49:04.204+0000] {logging_mixin.py:154} INFO - [2023-12-07T16:49:04.203+0000] {manager.py:499} INFO - Created Permission View: %s
[2023-12-07T16:49:04.219+0000] {logging_mixin.py:154} INFO - [2023-12-07T16:49:04.218+0000] {manager.py:499} INFO - Created Permission View: %s
[2023-12-07T16:49:04.232+0000] {logging_mixin.py:154} INFO - [2023-12-07T16:49:04.231+0000] {manager.py:499} INFO - Created Permission View: %s
[2023-12-07T16:49:04.232+0000] {logging_mixin.py:154} INFO - [2023-12-07T16:49:04.232+0000] {dag.py:2941} INFO - Sync 1 DAGs
[2023-12-07T16:49:04.244+0000] {logging_mixin.py:154} INFO - [2023-12-07T16:49:04.244+0000] {dag.py:2963} INFO - Creating ORM DAG for tutorial_dag
[2023-12-07T16:49:04.244+0000] {logging_mixin.py:154} INFO - [2023-12-07T16:49:04.244+0000] {dag.py:3722} INFO - Setting next_dagrun for tutorial_dag to None, run_after=None
[2023-12-07T16:49:04.281+0000] {processor.py:179} INFO - Processing /home/ubuntu/ec2_customer_chum_venv/lib/python3.10/site-packages/airflow/example_dags/tutorial_dag.py took 0.213 seconds
[2023-12-07T16:49:57.643+0000] {processor.py:157} INFO - Started process (PID=5008) to work on /home/ubuntu/ec2_customer_chum_venv/lib/python3.10/site-packages/airflow/example_dags/tutorial_dag.py
[2023-12-07T16:49:57.645+0000] {processor.py:829} INFO - Processing file /home/ubuntu/ec2_customer_chum_venv/lib/python3.10/site-packages/airflow/example_dags/tutorial_dag.py for tasks to queue
[2023-12-07T16:49:57.646+0000] {logging_mixin.py:154} INFO - [2023-12-07T16:49:57.645+0000] {dagbag.py:536} INFO - Filling up the DagBag from /home/ubuntu/ec2_customer_chum_venv/lib/python3.10/site-packages/airflow/example_dags/tutorial_dag.py
[2023-12-07T16:49:57.652+0000] {processor.py:839} INFO - DAG(s) dict_keys(['tutorial_dag']) retrieved from /home/ubuntu/ec2_customer_chum_venv/lib/python3.10/site-packages/airflow/example_dags/tutorial_dag.py
[2023-12-07T16:49:57.669+0000] {logging_mixin.py:154} INFO - [2023-12-07T16:49:57.669+0000] {dag.py:2941} INFO - Sync 1 DAGs
[2023-12-07T16:49:57.681+0000] {logging_mixin.py:154} INFO - [2023-12-07T16:49:57.680+0000] {dag.py:3722} INFO - Setting next_dagrun for tutorial_dag to None, run_after=None
[2023-12-07T16:49:57.702+0000] {processor.py:179} INFO - Processing /home/ubuntu/ec2_customer_chum_venv/lib/python3.10/site-packages/airflow/example_dags/tutorial_dag.py took 0.062 seconds
[2023-12-07T16:50:33.117+0000] {processor.py:157} INFO - Started process (PID=5044) to work on /home/ubuntu/ec2_customer_chum_venv/lib/python3.10/site-packages/airflow/example_dags/tutorial_dag.py
[2023-12-07T16:50:33.120+0000] {processor.py:829} INFO - Processing file /home/ubuntu/ec2_customer_chum_venv/lib/python3.10/site-packages/airflow/example_dags/tutorial_dag.py for tasks to queue
[2023-12-07T16:50:33.120+0000] {logging_mixin.py:154} INFO - [2023-12-07T16:50:33.120+0000] {dagbag.py:536} INFO - Filling up the DagBag from /home/ubuntu/ec2_customer_chum_venv/lib/python3.10/site-packages/airflow/example_dags/tutorial_dag.py
[2023-12-07T16:50:33.127+0000] {processor.py:839} INFO - DAG(s) dict_keys(['tutorial_dag']) retrieved from /home/ubuntu/ec2_customer_chum_venv/lib/python3.10/site-packages/airflow/example_dags/tutorial_dag.py
[2023-12-07T16:50:33.143+0000] {logging_mixin.py:154} INFO - [2023-12-07T16:50:33.143+0000] {dag.py:2941} INFO - Sync 1 DAGs
[2023-12-07T16:50:33.155+0000] {logging_mixin.py:154} INFO - [2023-12-07T16:50:33.155+0000] {dag.py:3722} INFO - Setting next_dagrun for tutorial_dag to None, run_after=None
[2023-12-07T16:50:33.182+0000] {processor.py:179} INFO - Processing /home/ubuntu/ec2_customer_chum_venv/lib/python3.10/site-packages/airflow/example_dags/tutorial_dag.py took 0.068 seconds
[2023-12-07T16:51:06.409+0000] {processor.py:157} INFO - Started process (PID=5078) to work on /home/ubuntu/ec2_customer_chum_venv/lib/python3.10/site-packages/airflow/example_dags/tutorial_dag.py
[2023-12-07T16:51:06.411+0000] {processor.py:829} INFO - Processing file /home/ubuntu/ec2_customer_chum_venv/lib/python3.10/site-packages/airflow/example_dags/tutorial_dag.py for tasks to queue
[2023-12-07T16:51:06.412+0000] {logging_mixin.py:154} INFO - [2023-12-07T16:51:06.411+0000] {dagbag.py:536} INFO - Filling up the DagBag from /home/ubuntu/ec2_customer_chum_venv/lib/python3.10/site-packages/airflow/example_dags/tutorial_dag.py
[2023-12-07T16:51:06.417+0000] {processor.py:839} INFO - DAG(s) dict_keys(['tutorial_dag']) retrieved from /home/ubuntu/ec2_customer_chum_venv/lib/python3.10/site-packages/airflow/example_dags/tutorial_dag.py
[2023-12-07T16:51:06.435+0000] {logging_mixin.py:154} INFO - [2023-12-07T16:51:06.435+0000] {dag.py:2941} INFO - Sync 1 DAGs
[2023-12-07T16:51:06.447+0000] {logging_mixin.py:154} INFO - [2023-12-07T16:51:06.447+0000] {dag.py:3722} INFO - Setting next_dagrun for tutorial_dag to None, run_after=None
[2023-12-07T16:51:06.473+0000] {processor.py:179} INFO - Processing /home/ubuntu/ec2_customer_chum_venv/lib/python3.10/site-packages/airflow/example_dags/tutorial_dag.py took 0.068 seconds
[2023-12-07T16:51:53.229+0000] {processor.py:157} INFO - Started process (PID=5125) to work on /home/ubuntu/ec2_customer_chum_venv/lib/python3.10/site-packages/airflow/example_dags/tutorial_dag.py
[2023-12-07T16:51:53.231+0000] {processor.py:829} INFO - Processing file /home/ubuntu/ec2_customer_chum_venv/lib/python3.10/site-packages/airflow/example_dags/tutorial_dag.py for tasks to queue
[2023-12-07T16:51:53.231+0000] {logging_mixin.py:154} INFO - [2023-12-07T16:51:53.231+0000] {dagbag.py:536} INFO - Filling up the DagBag from /home/ubuntu/ec2_customer_chum_venv/lib/python3.10/site-packages/airflow/example_dags/tutorial_dag.py
[2023-12-07T16:51:53.237+0000] {processor.py:839} INFO - DAG(s) dict_keys(['tutorial_dag']) retrieved from /home/ubuntu/ec2_customer_chum_venv/lib/python3.10/site-packages/airflow/example_dags/tutorial_dag.py
[2023-12-07T16:51:53.254+0000] {logging_mixin.py:154} INFO - [2023-12-07T16:51:53.254+0000] {dag.py:2941} INFO - Sync 1 DAGs
[2023-12-07T16:51:53.266+0000] {logging_mixin.py:154} INFO - [2023-12-07T16:51:53.266+0000] {dag.py:3722} INFO - Setting next_dagrun for tutorial_dag to None, run_after=None
[2023-12-07T16:51:53.290+0000] {processor.py:179} INFO - Processing /home/ubuntu/ec2_customer_chum_venv/lib/python3.10/site-packages/airflow/example_dags/tutorial_dag.py took 0.064 seconds
[2023-12-07T16:52:25.822+0000] {processor.py:157} INFO - Started process (PID=5161) to work on /home/ubuntu/ec2_customer_chum_venv/lib/python3.10/site-packages/airflow/example_dags/tutorial_dag.py
[2023-12-07T16:52:25.823+0000] {processor.py:829} INFO - Processing file /home/ubuntu/ec2_customer_chum_venv/lib/python3.10/site-packages/airflow/example_dags/tutorial_dag.py for tasks to queue
[2023-12-07T16:52:25.824+0000] {logging_mixin.py:154} INFO - [2023-12-07T16:52:25.824+0000] {dagbag.py:536} INFO - Filling up the DagBag from /home/ubuntu/ec2_customer_chum_venv/lib/python3.10/site-packages/airflow/example_dags/tutorial_dag.py
[2023-12-07T16:52:25.830+0000] {processor.py:839} INFO - DAG(s) dict_keys(['tutorial_dag']) retrieved from /home/ubuntu/ec2_customer_chum_venv/lib/python3.10/site-packages/airflow/example_dags/tutorial_dag.py
[2023-12-07T16:52:25.848+0000] {logging_mixin.py:154} INFO - [2023-12-07T16:52:25.847+0000] {dag.py:2941} INFO - Sync 1 DAGs
[2023-12-07T16:52:25.861+0000] {logging_mixin.py:154} INFO - [2023-12-07T16:52:25.861+0000] {dag.py:3722} INFO - Setting next_dagrun for tutorial_dag to None, run_after=None
[2023-12-07T16:52:25.886+0000] {processor.py:179} INFO - Processing /home/ubuntu/ec2_customer_chum_venv/lib/python3.10/site-packages/airflow/example_dags/tutorial_dag.py took 0.067 seconds
[2023-12-07T16:52:58.632+0000] {processor.py:157} INFO - Started process (PID=5194) to work on /home/ubuntu/ec2_customer_chum_venv/lib/python3.10/site-packages/airflow/example_dags/tutorial_dag.py
[2023-12-07T16:52:58.635+0000] {processor.py:829} INFO - Processing file /home/ubuntu/ec2_customer_chum_venv/lib/python3.10/site-packages/airflow/example_dags/tutorial_dag.py for tasks to queue
[2023-12-07T16:52:58.636+0000] {logging_mixin.py:154} INFO - [2023-12-07T16:52:58.636+0000] {dagbag.py:536} INFO - Filling up the DagBag from /home/ubuntu/ec2_customer_chum_venv/lib/python3.10/site-packages/airflow/example_dags/tutorial_dag.py
[2023-12-07T16:52:58.642+0000] {processor.py:839} INFO - DAG(s) dict_keys(['tutorial_dag']) retrieved from /home/ubuntu/ec2_customer_chum_venv/lib/python3.10/site-packages/airflow/example_dags/tutorial_dag.py
[2023-12-07T16:52:58.659+0000] {logging_mixin.py:154} INFO - [2023-12-07T16:52:58.659+0000] {dag.py:2941} INFO - Sync 1 DAGs
[2023-12-07T16:52:58.671+0000] {logging_mixin.py:154} INFO - [2023-12-07T16:52:58.671+0000] {dag.py:3722} INFO - Setting next_dagrun for tutorial_dag to None, run_after=None
[2023-12-07T16:52:58.699+0000] {processor.py:179} INFO - Processing /home/ubuntu/ec2_customer_chum_venv/lib/python3.10/site-packages/airflow/example_dags/tutorial_dag.py took 0.070 seconds
[2023-12-07T16:53:40.874+0000] {processor.py:157} INFO - Started process (PID=5222) to work on /home/ubuntu/ec2_customer_chum_venv/lib/python3.10/site-packages/airflow/example_dags/tutorial_dag.py
[2023-12-07T16:53:40.875+0000] {processor.py:829} INFO - Processing file /home/ubuntu/ec2_customer_chum_venv/lib/python3.10/site-packages/airflow/example_dags/tutorial_dag.py for tasks to queue
[2023-12-07T16:53:40.876+0000] {logging_mixin.py:154} INFO - [2023-12-07T16:53:40.876+0000] {dagbag.py:536} INFO - Filling up the DagBag from /home/ubuntu/ec2_customer_chum_venv/lib/python3.10/site-packages/airflow/example_dags/tutorial_dag.py
[2023-12-07T16:53:40.885+0000] {processor.py:839} INFO - DAG(s) dict_keys(['tutorial_dag']) retrieved from /home/ubuntu/ec2_customer_chum_venv/lib/python3.10/site-packages/airflow/example_dags/tutorial_dag.py
[2023-12-07T16:53:40.897+0000] {logging_mixin.py:154} INFO - [2023-12-07T16:53:40.896+0000] {dag.py:2941} INFO - Sync 1 DAGs
[2023-12-07T16:53:40.911+0000] {logging_mixin.py:154} INFO - [2023-12-07T16:53:40.910+0000] {dag.py:3722} INFO - Setting next_dagrun for tutorial_dag to None, run_after=None
[2023-12-07T16:53:40.935+0000] {processor.py:179} INFO - Processing /home/ubuntu/ec2_customer_chum_venv/lib/python3.10/site-packages/airflow/example_dags/tutorial_dag.py took 0.064 seconds
[2023-12-07T16:54:24.776+0000] {processor.py:157} INFO - Started process (PID=5273) to work on /home/ubuntu/ec2_customer_chum_venv/lib/python3.10/site-packages/airflow/example_dags/tutorial_dag.py
[2023-12-07T16:54:24.778+0000] {processor.py:829} INFO - Processing file /home/ubuntu/ec2_customer_chum_venv/lib/python3.10/site-packages/airflow/example_dags/tutorial_dag.py for tasks to queue
[2023-12-07T16:54:24.778+0000] {logging_mixin.py:154} INFO - [2023-12-07T16:54:24.778+0000] {dagbag.py:536} INFO - Filling up the DagBag from /home/ubuntu/ec2_customer_chum_venv/lib/python3.10/site-packages/airflow/example_dags/tutorial_dag.py
[2023-12-07T16:54:24.785+0000] {processor.py:839} INFO - DAG(s) dict_keys(['tutorial_dag']) retrieved from /home/ubuntu/ec2_customer_chum_venv/lib/python3.10/site-packages/airflow/example_dags/tutorial_dag.py
[2023-12-07T16:54:24.802+0000] {logging_mixin.py:154} INFO - [2023-12-07T16:54:24.802+0000] {dag.py:2941} INFO - Sync 1 DAGs
[2023-12-07T16:54:24.814+0000] {logging_mixin.py:154} INFO - [2023-12-07T16:54:24.814+0000] {dag.py:3722} INFO - Setting next_dagrun for tutorial_dag to None, run_after=None
[2023-12-07T16:54:24.837+0000] {processor.py:179} INFO - Processing /home/ubuntu/ec2_customer_chum_venv/lib/python3.10/site-packages/airflow/example_dags/tutorial_dag.py took 0.064 seconds
[2023-12-07T16:55:09.952+0000] {processor.py:157} INFO - Started process (PID=5319) to work on /home/ubuntu/ec2_customer_chum_venv/lib/python3.10/site-packages/airflow/example_dags/tutorial_dag.py
[2023-12-07T16:55:09.953+0000] {processor.py:829} INFO - Processing file /home/ubuntu/ec2_customer_chum_venv/lib/python3.10/site-packages/airflow/example_dags/tutorial_dag.py for tasks to queue
[2023-12-07T16:55:09.954+0000] {logging_mixin.py:154} INFO - [2023-12-07T16:55:09.954+0000] {dagbag.py:536} INFO - Filling up the DagBag from /home/ubuntu/ec2_customer_chum_venv/lib/python3.10/site-packages/airflow/example_dags/tutorial_dag.py
[2023-12-07T16:55:09.960+0000] {processor.py:839} INFO - DAG(s) dict_keys(['tutorial_dag']) retrieved from /home/ubuntu/ec2_customer_chum_venv/lib/python3.10/site-packages/airflow/example_dags/tutorial_dag.py
[2023-12-07T16:55:09.978+0000] {logging_mixin.py:154} INFO - [2023-12-07T16:55:09.978+0000] {dag.py:2941} INFO - Sync 1 DAGs
[2023-12-07T16:55:09.990+0000] {logging_mixin.py:154} INFO - [2023-12-07T16:55:09.990+0000] {dag.py:3722} INFO - Setting next_dagrun for tutorial_dag to None, run_after=None
[2023-12-07T16:55:10.056+0000] {processor.py:179} INFO - Processing /home/ubuntu/ec2_customer_chum_venv/lib/python3.10/site-packages/airflow/example_dags/tutorial_dag.py took 0.108 seconds
[2023-12-07T16:55:54.479+0000] {processor.py:157} INFO - Started process (PID=5366) to work on /home/ubuntu/ec2_customer_chum_venv/lib/python3.10/site-packages/airflow/example_dags/tutorial_dag.py
[2023-12-07T16:55:54.481+0000] {processor.py:829} INFO - Processing file /home/ubuntu/ec2_customer_chum_venv/lib/python3.10/site-packages/airflow/example_dags/tutorial_dag.py for tasks to queue
[2023-12-07T16:55:54.481+0000] {logging_mixin.py:154} INFO - [2023-12-07T16:55:54.481+0000] {dagbag.py:536} INFO - Filling up the DagBag from /home/ubuntu/ec2_customer_chum_venv/lib/python3.10/site-packages/airflow/example_dags/tutorial_dag.py
[2023-12-07T16:55:54.487+0000] {processor.py:839} INFO - DAG(s) dict_keys(['tutorial_dag']) retrieved from /home/ubuntu/ec2_customer_chum_venv/lib/python3.10/site-packages/airflow/example_dags/tutorial_dag.py
[2023-12-07T16:55:54.504+0000] {logging_mixin.py:154} INFO - [2023-12-07T16:55:54.504+0000] {dag.py:2941} INFO - Sync 1 DAGs
[2023-12-07T16:55:54.516+0000] {logging_mixin.py:154} INFO - [2023-12-07T16:55:54.516+0000] {dag.py:3722} INFO - Setting next_dagrun for tutorial_dag to None, run_after=None
[2023-12-07T16:55:54.539+0000] {processor.py:179} INFO - Processing /home/ubuntu/ec2_customer_chum_venv/lib/python3.10/site-packages/airflow/example_dags/tutorial_dag.py took 0.063 seconds
[2023-12-07T16:56:37.605+0000] {processor.py:157} INFO - Started process (PID=5412) to work on /home/ubuntu/ec2_customer_chum_venv/lib/python3.10/site-packages/airflow/example_dags/tutorial_dag.py
[2023-12-07T16:56:37.606+0000] {processor.py:829} INFO - Processing file /home/ubuntu/ec2_customer_chum_venv/lib/python3.10/site-packages/airflow/example_dags/tutorial_dag.py for tasks to queue
[2023-12-07T16:56:37.607+0000] {logging_mixin.py:154} INFO - [2023-12-07T16:56:37.607+0000] {dagbag.py:536} INFO - Filling up the DagBag from /home/ubuntu/ec2_customer_chum_venv/lib/python3.10/site-packages/airflow/example_dags/tutorial_dag.py
[2023-12-07T16:56:37.612+0000] {processor.py:839} INFO - DAG(s) dict_keys(['tutorial_dag']) retrieved from /home/ubuntu/ec2_customer_chum_venv/lib/python3.10/site-packages/airflow/example_dags/tutorial_dag.py
[2023-12-07T16:56:37.630+0000] {logging_mixin.py:154} INFO - [2023-12-07T16:56:37.629+0000] {dag.py:2941} INFO - Sync 1 DAGs
[2023-12-07T16:56:37.642+0000] {logging_mixin.py:154} INFO - [2023-12-07T16:56:37.642+0000] {dag.py:3722} INFO - Setting next_dagrun for tutorial_dag to None, run_after=None
[2023-12-07T16:56:37.665+0000] {processor.py:179} INFO - Processing /home/ubuntu/ec2_customer_chum_venv/lib/python3.10/site-packages/airflow/example_dags/tutorial_dag.py took 0.063 seconds
[2023-12-07T16:57:20.083+0000] {processor.py:157} INFO - Started process (PID=5455) to work on /home/ubuntu/ec2_customer_chum_venv/lib/python3.10/site-packages/airflow/example_dags/tutorial_dag.py
[2023-12-07T16:57:20.084+0000] {processor.py:829} INFO - Processing file /home/ubuntu/ec2_customer_chum_venv/lib/python3.10/site-packages/airflow/example_dags/tutorial_dag.py for tasks to queue
[2023-12-07T16:57:20.085+0000] {logging_mixin.py:154} INFO - [2023-12-07T16:57:20.084+0000] {dagbag.py:536} INFO - Filling up the DagBag from /home/ubuntu/ec2_customer_chum_venv/lib/python3.10/site-packages/airflow/example_dags/tutorial_dag.py
[2023-12-07T16:57:20.091+0000] {processor.py:839} INFO - DAG(s) dict_keys(['tutorial_dag']) retrieved from /home/ubuntu/ec2_customer_chum_venv/lib/python3.10/site-packages/airflow/example_dags/tutorial_dag.py
[2023-12-07T16:57:20.108+0000] {logging_mixin.py:154} INFO - [2023-12-07T16:57:20.108+0000] {dag.py:2941} INFO - Sync 1 DAGs
[2023-12-07T16:57:20.120+0000] {logging_mixin.py:154} INFO - [2023-12-07T16:57:20.120+0000] {dag.py:3722} INFO - Setting next_dagrun for tutorial_dag to None, run_after=None
[2023-12-07T16:57:20.142+0000] {processor.py:179} INFO - Processing /home/ubuntu/ec2_customer_chum_venv/lib/python3.10/site-packages/airflow/example_dags/tutorial_dag.py took 0.063 seconds
[2023-12-07T16:58:03.461+0000] {processor.py:157} INFO - Started process (PID=5501) to work on /home/ubuntu/ec2_customer_chum_venv/lib/python3.10/site-packages/airflow/example_dags/tutorial_dag.py
[2023-12-07T16:58:03.463+0000] {processor.py:829} INFO - Processing file /home/ubuntu/ec2_customer_chum_venv/lib/python3.10/site-packages/airflow/example_dags/tutorial_dag.py for tasks to queue
[2023-12-07T16:58:03.464+0000] {logging_mixin.py:154} INFO - [2023-12-07T16:58:03.463+0000] {dagbag.py:536} INFO - Filling up the DagBag from /home/ubuntu/ec2_customer_chum_venv/lib/python3.10/site-packages/airflow/example_dags/tutorial_dag.py
[2023-12-07T16:58:03.470+0000] {processor.py:839} INFO - DAG(s) dict_keys(['tutorial_dag']) retrieved from /home/ubuntu/ec2_customer_chum_venv/lib/python3.10/site-packages/airflow/example_dags/tutorial_dag.py
[2023-12-07T16:58:03.487+0000] {logging_mixin.py:154} INFO - [2023-12-07T16:58:03.487+0000] {dag.py:2941} INFO - Sync 1 DAGs
[2023-12-07T16:58:03.499+0000] {logging_mixin.py:154} INFO - [2023-12-07T16:58:03.499+0000] {dag.py:3722} INFO - Setting next_dagrun for tutorial_dag to None, run_after=None
[2023-12-07T16:58:03.523+0000] {processor.py:179} INFO - Processing /home/ubuntu/ec2_customer_chum_venv/lib/python3.10/site-packages/airflow/example_dags/tutorial_dag.py took 0.065 seconds
[2023-12-07T16:58:48.011+0000] {processor.py:157} INFO - Started process (PID=5549) to work on /home/ubuntu/ec2_customer_chum_venv/lib/python3.10/site-packages/airflow/example_dags/tutorial_dag.py
[2023-12-07T16:58:48.012+0000] {processor.py:829} INFO - Processing file /home/ubuntu/ec2_customer_chum_venv/lib/python3.10/site-packages/airflow/example_dags/tutorial_dag.py for tasks to queue
[2023-12-07T16:58:48.013+0000] {logging_mixin.py:154} INFO - [2023-12-07T16:58:48.013+0000] {dagbag.py:536} INFO - Filling up the DagBag from /home/ubuntu/ec2_customer_chum_venv/lib/python3.10/site-packages/airflow/example_dags/tutorial_dag.py
[2023-12-07T16:58:48.019+0000] {processor.py:839} INFO - DAG(s) dict_keys(['tutorial_dag']) retrieved from /home/ubuntu/ec2_customer_chum_venv/lib/python3.10/site-packages/airflow/example_dags/tutorial_dag.py
[2023-12-07T16:58:48.036+0000] {logging_mixin.py:154} INFO - [2023-12-07T16:58:48.035+0000] {dag.py:2941} INFO - Sync 1 DAGs
[2023-12-07T16:58:48.048+0000] {logging_mixin.py:154} INFO - [2023-12-07T16:58:48.048+0000] {dag.py:3722} INFO - Setting next_dagrun for tutorial_dag to None, run_after=None
[2023-12-07T16:58:48.071+0000] {processor.py:179} INFO - Processing /home/ubuntu/ec2_customer_chum_venv/lib/python3.10/site-packages/airflow/example_dags/tutorial_dag.py took 0.064 seconds
[2023-12-07T16:59:30.350+0000] {processor.py:157} INFO - Started process (PID=5592) to work on /home/ubuntu/ec2_customer_chum_venv/lib/python3.10/site-packages/airflow/example_dags/tutorial_dag.py
[2023-12-07T16:59:30.351+0000] {processor.py:829} INFO - Processing file /home/ubuntu/ec2_customer_chum_venv/lib/python3.10/site-packages/airflow/example_dags/tutorial_dag.py for tasks to queue
[2023-12-07T16:59:30.352+0000] {logging_mixin.py:154} INFO - [2023-12-07T16:59:30.352+0000] {dagbag.py:536} INFO - Filling up the DagBag from /home/ubuntu/ec2_customer_chum_venv/lib/python3.10/site-packages/airflow/example_dags/tutorial_dag.py
[2023-12-07T16:59:30.358+0000] {processor.py:839} INFO - DAG(s) dict_keys(['tutorial_dag']) retrieved from /home/ubuntu/ec2_customer_chum_venv/lib/python3.10/site-packages/airflow/example_dags/tutorial_dag.py
[2023-12-07T16:59:30.375+0000] {logging_mixin.py:154} INFO - [2023-12-07T16:59:30.375+0000] {dag.py:2941} INFO - Sync 1 DAGs
[2023-12-07T16:59:30.387+0000] {logging_mixin.py:154} INFO - [2023-12-07T16:59:30.387+0000] {dag.py:3722} INFO - Setting next_dagrun for tutorial_dag to None, run_after=None
[2023-12-07T16:59:30.410+0000] {processor.py:179} INFO - Processing /home/ubuntu/ec2_customer_chum_venv/lib/python3.10/site-packages/airflow/example_dags/tutorial_dag.py took 0.063 seconds
[2023-12-07T17:00:14.202+0000] {processor.py:157} INFO - Started process (PID=5638) to work on /home/ubuntu/ec2_customer_chum_venv/lib/python3.10/site-packages/airflow/example_dags/tutorial_dag.py
[2023-12-07T17:00:14.204+0000] {processor.py:829} INFO - Processing file /home/ubuntu/ec2_customer_chum_venv/lib/python3.10/site-packages/airflow/example_dags/tutorial_dag.py for tasks to queue
[2023-12-07T17:00:14.205+0000] {logging_mixin.py:154} INFO - [2023-12-07T17:00:14.204+0000] {dagbag.py:536} INFO - Filling up the DagBag from /home/ubuntu/ec2_customer_chum_venv/lib/python3.10/site-packages/airflow/example_dags/tutorial_dag.py
[2023-12-07T17:00:14.210+0000] {processor.py:839} INFO - DAG(s) dict_keys(['tutorial_dag']) retrieved from /home/ubuntu/ec2_customer_chum_venv/lib/python3.10/site-packages/airflow/example_dags/tutorial_dag.py
[2023-12-07T17:00:14.229+0000] {logging_mixin.py:154} INFO - [2023-12-07T17:00:14.228+0000] {dag.py:2941} INFO - Sync 1 DAGs
[2023-12-07T17:00:14.241+0000] {logging_mixin.py:154} INFO - [2023-12-07T17:00:14.241+0000] {dag.py:3722} INFO - Setting next_dagrun for tutorial_dag to None, run_after=None
[2023-12-07T17:00:14.264+0000] {processor.py:179} INFO - Processing /home/ubuntu/ec2_customer_chum_venv/lib/python3.10/site-packages/airflow/example_dags/tutorial_dag.py took 0.065 seconds
[2023-12-07T17:00:47.692+0000] {processor.py:157} INFO - Started process (PID=5672) to work on /home/ubuntu/ec2_customer_chum_venv/lib/python3.10/site-packages/airflow/example_dags/tutorial_dag.py
[2023-12-07T17:00:47.693+0000] {processor.py:829} INFO - Processing file /home/ubuntu/ec2_customer_chum_venv/lib/python3.10/site-packages/airflow/example_dags/tutorial_dag.py for tasks to queue
[2023-12-07T17:00:47.694+0000] {logging_mixin.py:154} INFO - [2023-12-07T17:00:47.694+0000] {dagbag.py:536} INFO - Filling up the DagBag from /home/ubuntu/ec2_customer_chum_venv/lib/python3.10/site-packages/airflow/example_dags/tutorial_dag.py
[2023-12-07T17:00:47.700+0000] {processor.py:839} INFO - DAG(s) dict_keys(['tutorial_dag']) retrieved from /home/ubuntu/ec2_customer_chum_venv/lib/python3.10/site-packages/airflow/example_dags/tutorial_dag.py
[2023-12-07T17:00:47.718+0000] {logging_mixin.py:154} INFO - [2023-12-07T17:00:47.717+0000] {dag.py:2941} INFO - Sync 1 DAGs
[2023-12-07T17:00:47.730+0000] {logging_mixin.py:154} INFO - [2023-12-07T17:00:47.729+0000] {dag.py:3722} INFO - Setting next_dagrun for tutorial_dag to None, run_after=None
[2023-12-07T17:00:47.753+0000] {processor.py:179} INFO - Processing /home/ubuntu/ec2_customer_chum_venv/lib/python3.10/site-packages/airflow/example_dags/tutorial_dag.py took 0.063 seconds
[2023-12-07T17:01:33.972+0000] {processor.py:157} INFO - Started process (PID=5719) to work on /home/ubuntu/ec2_customer_chum_venv/lib/python3.10/site-packages/airflow/example_dags/tutorial_dag.py
[2023-12-07T17:01:33.974+0000] {processor.py:829} INFO - Processing file /home/ubuntu/ec2_customer_chum_venv/lib/python3.10/site-packages/airflow/example_dags/tutorial_dag.py for tasks to queue
[2023-12-07T17:01:33.975+0000] {logging_mixin.py:154} INFO - [2023-12-07T17:01:33.974+0000] {dagbag.py:536} INFO - Filling up the DagBag from /home/ubuntu/ec2_customer_chum_venv/lib/python3.10/site-packages/airflow/example_dags/tutorial_dag.py
[2023-12-07T17:01:33.981+0000] {processor.py:839} INFO - DAG(s) dict_keys(['tutorial_dag']) retrieved from /home/ubuntu/ec2_customer_chum_venv/lib/python3.10/site-packages/airflow/example_dags/tutorial_dag.py
[2023-12-07T17:01:33.999+0000] {logging_mixin.py:154} INFO - [2023-12-07T17:01:33.999+0000] {dag.py:2941} INFO - Sync 1 DAGs
[2023-12-07T17:01:34.013+0000] {logging_mixin.py:154} INFO - [2023-12-07T17:01:34.013+0000] {dag.py:3722} INFO - Setting next_dagrun for tutorial_dag to None, run_after=None
[2023-12-07T17:01:34.037+0000] {processor.py:179} INFO - Processing /home/ubuntu/ec2_customer_chum_venv/lib/python3.10/site-packages/airflow/example_dags/tutorial_dag.py took 0.068 seconds
[2023-12-07T17:02:20.246+0000] {processor.py:157} INFO - Started process (PID=5765) to work on /home/ubuntu/ec2_customer_chum_venv/lib/python3.10/site-packages/airflow/example_dags/tutorial_dag.py
[2023-12-07T17:02:20.247+0000] {processor.py:829} INFO - Processing file /home/ubuntu/ec2_customer_chum_venv/lib/python3.10/site-packages/airflow/example_dags/tutorial_dag.py for tasks to queue
[2023-12-07T17:02:20.248+0000] {logging_mixin.py:154} INFO - [2023-12-07T17:02:20.247+0000] {dagbag.py:536} INFO - Filling up the DagBag from /home/ubuntu/ec2_customer_chum_venv/lib/python3.10/site-packages/airflow/example_dags/tutorial_dag.py
[2023-12-07T17:02:20.254+0000] {processor.py:839} INFO - DAG(s) dict_keys(['tutorial_dag']) retrieved from /home/ubuntu/ec2_customer_chum_venv/lib/python3.10/site-packages/airflow/example_dags/tutorial_dag.py
[2023-12-07T17:02:20.271+0000] {logging_mixin.py:154} INFO - [2023-12-07T17:02:20.271+0000] {dag.py:2941} INFO - Sync 1 DAGs
[2023-12-07T17:02:20.283+0000] {logging_mixin.py:154} INFO - [2023-12-07T17:02:20.283+0000] {dag.py:3722} INFO - Setting next_dagrun for tutorial_dag to None, run_after=None
[2023-12-07T17:02:20.305+0000] {processor.py:179} INFO - Processing /home/ubuntu/ec2_customer_chum_venv/lib/python3.10/site-packages/airflow/example_dags/tutorial_dag.py took 0.063 seconds
[2023-12-07T17:02:52.381+0000] {processor.py:157} INFO - Started process (PID=5798) to work on /home/ubuntu/ec2_customer_chum_venv/lib/python3.10/site-packages/airflow/example_dags/tutorial_dag.py
[2023-12-07T17:02:52.382+0000] {processor.py:829} INFO - Processing file /home/ubuntu/ec2_customer_chum_venv/lib/python3.10/site-packages/airflow/example_dags/tutorial_dag.py for tasks to queue
[2023-12-07T17:02:52.383+0000] {logging_mixin.py:154} INFO - [2023-12-07T17:02:52.383+0000] {dagbag.py:536} INFO - Filling up the DagBag from /home/ubuntu/ec2_customer_chum_venv/lib/python3.10/site-packages/airflow/example_dags/tutorial_dag.py
[2023-12-07T17:02:52.389+0000] {processor.py:839} INFO - DAG(s) dict_keys(['tutorial_dag']) retrieved from /home/ubuntu/ec2_customer_chum_venv/lib/python3.10/site-packages/airflow/example_dags/tutorial_dag.py
[2023-12-07T17:02:52.406+0000] {logging_mixin.py:154} INFO - [2023-12-07T17:02:52.406+0000] {dag.py:2941} INFO - Sync 1 DAGs
[2023-12-07T17:02:52.419+0000] {logging_mixin.py:154} INFO - [2023-12-07T17:02:52.418+0000] {dag.py:3722} INFO - Setting next_dagrun for tutorial_dag to None, run_after=None
[2023-12-07T17:02:52.443+0000] {processor.py:179} INFO - Processing /home/ubuntu/ec2_customer_chum_venv/lib/python3.10/site-packages/airflow/example_dags/tutorial_dag.py took 0.065 seconds
[2023-12-07T17:03:24.916+0000] {processor.py:157} INFO - Started process (PID=5830) to work on /home/ubuntu/ec2_customer_chum_venv/lib/python3.10/site-packages/airflow/example_dags/tutorial_dag.py
[2023-12-07T17:03:24.917+0000] {processor.py:829} INFO - Processing file /home/ubuntu/ec2_customer_chum_venv/lib/python3.10/site-packages/airflow/example_dags/tutorial_dag.py for tasks to queue
[2023-12-07T17:03:24.918+0000] {logging_mixin.py:154} INFO - [2023-12-07T17:03:24.918+0000] {dagbag.py:536} INFO - Filling up the DagBag from /home/ubuntu/ec2_customer_chum_venv/lib/python3.10/site-packages/airflow/example_dags/tutorial_dag.py
[2023-12-07T17:03:24.924+0000] {processor.py:839} INFO - DAG(s) dict_keys(['tutorial_dag']) retrieved from /home/ubuntu/ec2_customer_chum_venv/lib/python3.10/site-packages/airflow/example_dags/tutorial_dag.py
[2023-12-07T17:03:24.941+0000] {logging_mixin.py:154} INFO - [2023-12-07T17:03:24.941+0000] {dag.py:2941} INFO - Sync 1 DAGs
[2023-12-07T17:03:24.953+0000] {logging_mixin.py:154} INFO - [2023-12-07T17:03:24.953+0000] {dag.py:3722} INFO - Setting next_dagrun for tutorial_dag to None, run_after=None
[2023-12-07T17:03:24.977+0000] {processor.py:179} INFO - Processing /home/ubuntu/ec2_customer_chum_venv/lib/python3.10/site-packages/airflow/example_dags/tutorial_dag.py took 0.064 seconds
[2023-12-07T17:04:07.382+0000] {processor.py:157} INFO - Started process (PID=5875) to work on /home/ubuntu/ec2_customer_chum_venv/lib/python3.10/site-packages/airflow/example_dags/tutorial_dag.py
[2023-12-07T17:04:07.383+0000] {processor.py:829} INFO - Processing file /home/ubuntu/ec2_customer_chum_venv/lib/python3.10/site-packages/airflow/example_dags/tutorial_dag.py for tasks to queue
[2023-12-07T17:04:07.384+0000] {logging_mixin.py:154} INFO - [2023-12-07T17:04:07.383+0000] {dagbag.py:536} INFO - Filling up the DagBag from /home/ubuntu/ec2_customer_chum_venv/lib/python3.10/site-packages/airflow/example_dags/tutorial_dag.py
[2023-12-07T17:04:07.390+0000] {processor.py:839} INFO - DAG(s) dict_keys(['tutorial_dag']) retrieved from /home/ubuntu/ec2_customer_chum_venv/lib/python3.10/site-packages/airflow/example_dags/tutorial_dag.py
[2023-12-07T17:04:07.408+0000] {logging_mixin.py:154} INFO - [2023-12-07T17:04:07.408+0000] {dag.py:2941} INFO - Sync 1 DAGs
[2023-12-07T17:04:07.422+0000] {logging_mixin.py:154} INFO - [2023-12-07T17:04:07.421+0000] {dag.py:3722} INFO - Setting next_dagrun for tutorial_dag to None, run_after=None
[2023-12-07T17:04:07.445+0000] {processor.py:179} INFO - Processing /home/ubuntu/ec2_customer_chum_venv/lib/python3.10/site-packages/airflow/example_dags/tutorial_dag.py took 0.067 seconds
[2023-12-07T17:04:38.645+0000] {processor.py:157} INFO - Started process (PID=5909) to work on /home/ubuntu/ec2_customer_chum_venv/lib/python3.10/site-packages/airflow/example_dags/tutorial_dag.py
[2023-12-07T17:04:38.646+0000] {processor.py:829} INFO - Processing file /home/ubuntu/ec2_customer_chum_venv/lib/python3.10/site-packages/airflow/example_dags/tutorial_dag.py for tasks to queue
[2023-12-07T17:04:38.647+0000] {logging_mixin.py:154} INFO - [2023-12-07T17:04:38.646+0000] {dagbag.py:536} INFO - Filling up the DagBag from /home/ubuntu/ec2_customer_chum_venv/lib/python3.10/site-packages/airflow/example_dags/tutorial_dag.py
[2023-12-07T17:04:38.652+0000] {processor.py:839} INFO - DAG(s) dict_keys(['tutorial_dag']) retrieved from /home/ubuntu/ec2_customer_chum_venv/lib/python3.10/site-packages/airflow/example_dags/tutorial_dag.py
[2023-12-07T17:04:38.670+0000] {logging_mixin.py:154} INFO - [2023-12-07T17:04:38.669+0000] {dag.py:2941} INFO - Sync 1 DAGs
[2023-12-07T17:04:38.681+0000] {logging_mixin.py:154} INFO - [2023-12-07T17:04:38.681+0000] {dag.py:3722} INFO - Setting next_dagrun for tutorial_dag to None, run_after=None
[2023-12-07T17:04:38.704+0000] {processor.py:179} INFO - Processing /home/ubuntu/ec2_customer_chum_venv/lib/python3.10/site-packages/airflow/example_dags/tutorial_dag.py took 0.062 seconds
[2023-12-07T17:05:22.996+0000] {processor.py:157} INFO - Started process (PID=5956) to work on /home/ubuntu/ec2_customer_chum_venv/lib/python3.10/site-packages/airflow/example_dags/tutorial_dag.py
[2023-12-07T17:05:22.997+0000] {processor.py:829} INFO - Processing file /home/ubuntu/ec2_customer_chum_venv/lib/python3.10/site-packages/airflow/example_dags/tutorial_dag.py for tasks to queue
[2023-12-07T17:05:22.998+0000] {logging_mixin.py:154} INFO - [2023-12-07T17:05:22.998+0000] {dagbag.py:536} INFO - Filling up the DagBag from /home/ubuntu/ec2_customer_chum_venv/lib/python3.10/site-packages/airflow/example_dags/tutorial_dag.py
[2023-12-07T17:05:23.004+0000] {processor.py:839} INFO - DAG(s) dict_keys(['tutorial_dag']) retrieved from /home/ubuntu/ec2_customer_chum_venv/lib/python3.10/site-packages/airflow/example_dags/tutorial_dag.py
[2023-12-07T17:05:23.022+0000] {logging_mixin.py:154} INFO - [2023-12-07T17:05:23.022+0000] {dag.py:2941} INFO - Sync 1 DAGs
[2023-12-07T17:05:23.034+0000] {logging_mixin.py:154} INFO - [2023-12-07T17:05:23.034+0000] {dag.py:3722} INFO - Setting next_dagrun for tutorial_dag to None, run_after=None
[2023-12-07T17:05:23.057+0000] {processor.py:179} INFO - Processing /home/ubuntu/ec2_customer_chum_venv/lib/python3.10/site-packages/airflow/example_dags/tutorial_dag.py took 0.065 seconds
[2023-12-07T17:06:06.123+0000] {processor.py:157} INFO - Started process (PID=6000) to work on /home/ubuntu/ec2_customer_chum_venv/lib/python3.10/site-packages/airflow/example_dags/tutorial_dag.py
[2023-12-07T17:06:06.124+0000] {processor.py:829} INFO - Processing file /home/ubuntu/ec2_customer_chum_venv/lib/python3.10/site-packages/airflow/example_dags/tutorial_dag.py for tasks to queue
[2023-12-07T17:06:06.125+0000] {logging_mixin.py:154} INFO - [2023-12-07T17:06:06.124+0000] {dagbag.py:536} INFO - Filling up the DagBag from /home/ubuntu/ec2_customer_chum_venv/lib/python3.10/site-packages/airflow/example_dags/tutorial_dag.py
[2023-12-07T17:06:06.131+0000] {processor.py:839} INFO - DAG(s) dict_keys(['tutorial_dag']) retrieved from /home/ubuntu/ec2_customer_chum_venv/lib/python3.10/site-packages/airflow/example_dags/tutorial_dag.py
[2023-12-07T17:06:06.148+0000] {logging_mixin.py:154} INFO - [2023-12-07T17:06:06.148+0000] {dag.py:2941} INFO - Sync 1 DAGs
[2023-12-07T17:06:06.161+0000] {logging_mixin.py:154} INFO - [2023-12-07T17:06:06.161+0000] {dag.py:3722} INFO - Setting next_dagrun for tutorial_dag to None, run_after=None
[2023-12-07T17:06:06.184+0000] {processor.py:179} INFO - Processing /home/ubuntu/ec2_customer_chum_venv/lib/python3.10/site-packages/airflow/example_dags/tutorial_dag.py took 0.065 seconds
[2023-12-07T17:06:49.296+0000] {processor.py:157} INFO - Started process (PID=6045) to work on /home/ubuntu/ec2_customer_chum_venv/lib/python3.10/site-packages/airflow/example_dags/tutorial_dag.py
[2023-12-07T17:06:49.298+0000] {processor.py:829} INFO - Processing file /home/ubuntu/ec2_customer_chum_venv/lib/python3.10/site-packages/airflow/example_dags/tutorial_dag.py for tasks to queue
[2023-12-07T17:06:49.299+0000] {logging_mixin.py:154} INFO - [2023-12-07T17:06:49.298+0000] {dagbag.py:536} INFO - Filling up the DagBag from /home/ubuntu/ec2_customer_chum_venv/lib/python3.10/site-packages/airflow/example_dags/tutorial_dag.py
[2023-12-07T17:06:49.304+0000] {processor.py:839} INFO - DAG(s) dict_keys(['tutorial_dag']) retrieved from /home/ubuntu/ec2_customer_chum_venv/lib/python3.10/site-packages/airflow/example_dags/tutorial_dag.py
[2023-12-07T17:06:49.322+0000] {logging_mixin.py:154} INFO - [2023-12-07T17:06:49.322+0000] {dag.py:2941} INFO - Sync 1 DAGs
[2023-12-07T17:06:49.334+0000] {logging_mixin.py:154} INFO - [2023-12-07T17:06:49.334+0000] {dag.py:3722} INFO - Setting next_dagrun for tutorial_dag to None, run_after=None
[2023-12-07T17:06:49.357+0000] {processor.py:179} INFO - Processing /home/ubuntu/ec2_customer_chum_venv/lib/python3.10/site-packages/airflow/example_dags/tutorial_dag.py took 0.064 seconds
[2023-12-07T17:07:24.495+0000] {processor.py:157} INFO - Started process (PID=6080) to work on /home/ubuntu/ec2_customer_chum_venv/lib/python3.10/site-packages/airflow/example_dags/tutorial_dag.py
[2023-12-07T17:07:24.496+0000] {processor.py:829} INFO - Processing file /home/ubuntu/ec2_customer_chum_venv/lib/python3.10/site-packages/airflow/example_dags/tutorial_dag.py for tasks to queue
[2023-12-07T17:07:24.497+0000] {logging_mixin.py:154} INFO - [2023-12-07T17:07:24.497+0000] {dagbag.py:536} INFO - Filling up the DagBag from /home/ubuntu/ec2_customer_chum_venv/lib/python3.10/site-packages/airflow/example_dags/tutorial_dag.py
[2023-12-07T17:07:24.503+0000] {processor.py:839} INFO - DAG(s) dict_keys(['tutorial_dag']) retrieved from /home/ubuntu/ec2_customer_chum_venv/lib/python3.10/site-packages/airflow/example_dags/tutorial_dag.py
[2023-12-07T17:07:24.520+0000] {logging_mixin.py:154} INFO - [2023-12-07T17:07:24.520+0000] {dag.py:2941} INFO - Sync 1 DAGs
[2023-12-07T17:07:24.532+0000] {logging_mixin.py:154} INFO - [2023-12-07T17:07:24.532+0000] {dag.py:3722} INFO - Setting next_dagrun for tutorial_dag to None, run_after=None
[2023-12-07T17:07:24.554+0000] {processor.py:179} INFO - Processing /home/ubuntu/ec2_customer_chum_venv/lib/python3.10/site-packages/airflow/example_dags/tutorial_dag.py took 0.062 seconds
[2023-12-07T17:08:09.288+0000] {processor.py:157} INFO - Started process (PID=6126) to work on /home/ubuntu/ec2_customer_chum_venv/lib/python3.10/site-packages/airflow/example_dags/tutorial_dag.py
[2023-12-07T17:08:09.290+0000] {processor.py:829} INFO - Processing file /home/ubuntu/ec2_customer_chum_venv/lib/python3.10/site-packages/airflow/example_dags/tutorial_dag.py for tasks to queue
[2023-12-07T17:08:09.291+0000] {logging_mixin.py:154} INFO - [2023-12-07T17:08:09.290+0000] {dagbag.py:536} INFO - Filling up the DagBag from /home/ubuntu/ec2_customer_chum_venv/lib/python3.10/site-packages/airflow/example_dags/tutorial_dag.py
[2023-12-07T17:08:09.297+0000] {processor.py:839} INFO - DAG(s) dict_keys(['tutorial_dag']) retrieved from /home/ubuntu/ec2_customer_chum_venv/lib/python3.10/site-packages/airflow/example_dags/tutorial_dag.py
[2023-12-07T17:08:09.315+0000] {logging_mixin.py:154} INFO - [2023-12-07T17:08:09.314+0000] {dag.py:2941} INFO - Sync 1 DAGs
[2023-12-07T17:08:09.327+0000] {logging_mixin.py:154} INFO - [2023-12-07T17:08:09.327+0000] {dag.py:3722} INFO - Setting next_dagrun for tutorial_dag to None, run_after=None
[2023-12-07T17:08:09.351+0000] {processor.py:179} INFO - Processing /home/ubuntu/ec2_customer_chum_venv/lib/python3.10/site-packages/airflow/example_dags/tutorial_dag.py took 0.066 seconds
[2023-12-07T17:08:55.843+0000] {processor.py:157} INFO - Started process (PID=6173) to work on /home/ubuntu/ec2_customer_chum_venv/lib/python3.10/site-packages/airflow/example_dags/tutorial_dag.py
[2023-12-07T17:08:55.845+0000] {processor.py:829} INFO - Processing file /home/ubuntu/ec2_customer_chum_venv/lib/python3.10/site-packages/airflow/example_dags/tutorial_dag.py for tasks to queue
[2023-12-07T17:08:55.846+0000] {logging_mixin.py:154} INFO - [2023-12-07T17:08:55.845+0000] {dagbag.py:536} INFO - Filling up the DagBag from /home/ubuntu/ec2_customer_chum_venv/lib/python3.10/site-packages/airflow/example_dags/tutorial_dag.py
[2023-12-07T17:08:55.851+0000] {processor.py:839} INFO - DAG(s) dict_keys(['tutorial_dag']) retrieved from /home/ubuntu/ec2_customer_chum_venv/lib/python3.10/site-packages/airflow/example_dags/tutorial_dag.py
[2023-12-07T17:08:55.870+0000] {logging_mixin.py:154} INFO - [2023-12-07T17:08:55.870+0000] {dag.py:2941} INFO - Sync 1 DAGs
[2023-12-07T17:08:55.883+0000] {logging_mixin.py:154} INFO - [2023-12-07T17:08:55.883+0000] {dag.py:3722} INFO - Setting next_dagrun for tutorial_dag to None, run_after=None
[2023-12-07T17:08:55.906+0000] {processor.py:179} INFO - Processing /home/ubuntu/ec2_customer_chum_venv/lib/python3.10/site-packages/airflow/example_dags/tutorial_dag.py took 0.066 seconds
[2023-12-07T17:09:39.445+0000] {processor.py:157} INFO - Started process (PID=6219) to work on /home/ubuntu/ec2_customer_chum_venv/lib/python3.10/site-packages/airflow/example_dags/tutorial_dag.py
[2023-12-07T17:09:39.447+0000] {processor.py:829} INFO - Processing file /home/ubuntu/ec2_customer_chum_venv/lib/python3.10/site-packages/airflow/example_dags/tutorial_dag.py for tasks to queue
[2023-12-07T17:09:39.448+0000] {logging_mixin.py:154} INFO - [2023-12-07T17:09:39.447+0000] {dagbag.py:536} INFO - Filling up the DagBag from /home/ubuntu/ec2_customer_chum_venv/lib/python3.10/site-packages/airflow/example_dags/tutorial_dag.py
[2023-12-07T17:09:39.453+0000] {processor.py:839} INFO - DAG(s) dict_keys(['tutorial_dag']) retrieved from /home/ubuntu/ec2_customer_chum_venv/lib/python3.10/site-packages/airflow/example_dags/tutorial_dag.py
[2023-12-07T17:09:39.470+0000] {logging_mixin.py:154} INFO - [2023-12-07T17:09:39.470+0000] {dag.py:2941} INFO - Sync 1 DAGs
[2023-12-07T17:09:39.482+0000] {logging_mixin.py:154} INFO - [2023-12-07T17:09:39.482+0000] {dag.py:3722} INFO - Setting next_dagrun for tutorial_dag to None, run_after=None
[2023-12-07T17:09:39.504+0000] {processor.py:179} INFO - Processing /home/ubuntu/ec2_customer_chum_venv/lib/python3.10/site-packages/airflow/example_dags/tutorial_dag.py took 0.062 seconds
[2023-12-07T17:10:23.423+0000] {processor.py:157} INFO - Started process (PID=6264) to work on /home/ubuntu/ec2_customer_chum_venv/lib/python3.10/site-packages/airflow/example_dags/tutorial_dag.py
[2023-12-07T17:10:23.424+0000] {processor.py:829} INFO - Processing file /home/ubuntu/ec2_customer_chum_venv/lib/python3.10/site-packages/airflow/example_dags/tutorial_dag.py for tasks to queue
[2023-12-07T17:10:23.425+0000] {logging_mixin.py:154} INFO - [2023-12-07T17:10:23.424+0000] {dagbag.py:536} INFO - Filling up the DagBag from /home/ubuntu/ec2_customer_chum_venv/lib/python3.10/site-packages/airflow/example_dags/tutorial_dag.py
[2023-12-07T17:10:23.430+0000] {processor.py:839} INFO - DAG(s) dict_keys(['tutorial_dag']) retrieved from /home/ubuntu/ec2_customer_chum_venv/lib/python3.10/site-packages/airflow/example_dags/tutorial_dag.py
[2023-12-07T17:10:23.448+0000] {logging_mixin.py:154} INFO - [2023-12-07T17:10:23.448+0000] {dag.py:2941} INFO - Sync 1 DAGs
[2023-12-07T17:10:23.461+0000] {logging_mixin.py:154} INFO - [2023-12-07T17:10:23.461+0000] {dag.py:3722} INFO - Setting next_dagrun for tutorial_dag to None, run_after=None
[2023-12-07T17:10:23.486+0000] {processor.py:179} INFO - Processing /home/ubuntu/ec2_customer_chum_venv/lib/python3.10/site-packages/airflow/example_dags/tutorial_dag.py took 0.066 seconds
[2023-12-07T17:10:55.445+0000] {processor.py:157} INFO - Started process (PID=6298) to work on /home/ubuntu/ec2_customer_chum_venv/lib/python3.10/site-packages/airflow/example_dags/tutorial_dag.py
[2023-12-07T17:10:55.446+0000] {processor.py:829} INFO - Processing file /home/ubuntu/ec2_customer_chum_venv/lib/python3.10/site-packages/airflow/example_dags/tutorial_dag.py for tasks to queue
[2023-12-07T17:10:55.447+0000] {logging_mixin.py:154} INFO - [2023-12-07T17:10:55.447+0000] {dagbag.py:536} INFO - Filling up the DagBag from /home/ubuntu/ec2_customer_chum_venv/lib/python3.10/site-packages/airflow/example_dags/tutorial_dag.py
[2023-12-07T17:10:55.453+0000] {processor.py:839} INFO - DAG(s) dict_keys(['tutorial_dag']) retrieved from /home/ubuntu/ec2_customer_chum_venv/lib/python3.10/site-packages/airflow/example_dags/tutorial_dag.py
[2023-12-07T17:10:55.471+0000] {logging_mixin.py:154} INFO - [2023-12-07T17:10:55.471+0000] {dag.py:2941} INFO - Sync 1 DAGs
[2023-12-07T17:10:55.484+0000] {logging_mixin.py:154} INFO - [2023-12-07T17:10:55.484+0000] {dag.py:3722} INFO - Setting next_dagrun for tutorial_dag to None, run_after=None
[2023-12-07T17:10:55.509+0000] {processor.py:179} INFO - Processing /home/ubuntu/ec2_customer_chum_venv/lib/python3.10/site-packages/airflow/example_dags/tutorial_dag.py took 0.067 seconds
[2023-12-07T17:11:40.768+0000] {processor.py:157} INFO - Started process (PID=6348) to work on /home/ubuntu/ec2_customer_chum_venv/lib/python3.10/site-packages/airflow/example_dags/tutorial_dag.py
[2023-12-07T17:11:40.770+0000] {processor.py:829} INFO - Processing file /home/ubuntu/ec2_customer_chum_venv/lib/python3.10/site-packages/airflow/example_dags/tutorial_dag.py for tasks to queue
[2023-12-07T17:11:40.770+0000] {logging_mixin.py:154} INFO - [2023-12-07T17:11:40.770+0000] {dagbag.py:536} INFO - Filling up the DagBag from /home/ubuntu/ec2_customer_chum_venv/lib/python3.10/site-packages/airflow/example_dags/tutorial_dag.py
[2023-12-07T17:11:40.776+0000] {processor.py:839} INFO - DAG(s) dict_keys(['tutorial_dag']) retrieved from /home/ubuntu/ec2_customer_chum_venv/lib/python3.10/site-packages/airflow/example_dags/tutorial_dag.py
[2023-12-07T17:11:40.793+0000] {logging_mixin.py:154} INFO - [2023-12-07T17:11:40.793+0000] {dag.py:2941} INFO - Sync 1 DAGs
[2023-12-07T17:11:40.805+0000] {logging_mixin.py:154} INFO - [2023-12-07T17:11:40.805+0000] {dag.py:3722} INFO - Setting next_dagrun for tutorial_dag to None, run_after=None
[2023-12-07T17:11:40.829+0000] {processor.py:179} INFO - Processing /home/ubuntu/ec2_customer_chum_venv/lib/python3.10/site-packages/airflow/example_dags/tutorial_dag.py took 0.064 seconds
[2023-12-07T17:12:25.331+0000] {processor.py:157} INFO - Started process (PID=6394) to work on /home/ubuntu/ec2_customer_chum_venv/lib/python3.10/site-packages/airflow/example_dags/tutorial_dag.py
[2023-12-07T17:12:25.334+0000] {processor.py:829} INFO - Processing file /home/ubuntu/ec2_customer_chum_venv/lib/python3.10/site-packages/airflow/example_dags/tutorial_dag.py for tasks to queue
[2023-12-07T17:12:25.335+0000] {logging_mixin.py:154} INFO - [2023-12-07T17:12:25.334+0000] {dagbag.py:536} INFO - Filling up the DagBag from /home/ubuntu/ec2_customer_chum_venv/lib/python3.10/site-packages/airflow/example_dags/tutorial_dag.py
[2023-12-07T17:12:25.340+0000] {processor.py:839} INFO - DAG(s) dict_keys(['tutorial_dag']) retrieved from /home/ubuntu/ec2_customer_chum_venv/lib/python3.10/site-packages/airflow/example_dags/tutorial_dag.py
[2023-12-07T17:12:25.358+0000] {logging_mixin.py:154} INFO - [2023-12-07T17:12:25.357+0000] {dag.py:2941} INFO - Sync 1 DAGs
[2023-12-07T17:12:25.370+0000] {logging_mixin.py:154} INFO - [2023-12-07T17:12:25.370+0000] {dag.py:3722} INFO - Setting next_dagrun for tutorial_dag to None, run_after=None
[2023-12-07T17:12:25.394+0000] {processor.py:179} INFO - Processing /home/ubuntu/ec2_customer_chum_venv/lib/python3.10/site-packages/airflow/example_dags/tutorial_dag.py took 0.066 seconds
[2023-12-07T17:12:56.998+0000] {processor.py:157} INFO - Started process (PID=6428) to work on /home/ubuntu/ec2_customer_chum_venv/lib/python3.10/site-packages/airflow/example_dags/tutorial_dag.py
[2023-12-07T17:12:56.999+0000] {processor.py:829} INFO - Processing file /home/ubuntu/ec2_customer_chum_venv/lib/python3.10/site-packages/airflow/example_dags/tutorial_dag.py for tasks to queue
[2023-12-07T17:12:57.000+0000] {logging_mixin.py:154} INFO - [2023-12-07T17:12:57.000+0000] {dagbag.py:536} INFO - Filling up the DagBag from /home/ubuntu/ec2_customer_chum_venv/lib/python3.10/site-packages/airflow/example_dags/tutorial_dag.py
[2023-12-07T17:12:57.006+0000] {processor.py:839} INFO - DAG(s) dict_keys(['tutorial_dag']) retrieved from /home/ubuntu/ec2_customer_chum_venv/lib/python3.10/site-packages/airflow/example_dags/tutorial_dag.py
[2023-12-07T17:12:57.024+0000] {logging_mixin.py:154} INFO - [2023-12-07T17:12:57.023+0000] {dag.py:2941} INFO - Sync 1 DAGs
[2023-12-07T17:12:57.036+0000] {logging_mixin.py:154} INFO - [2023-12-07T17:12:57.036+0000] {dag.py:3722} INFO - Setting next_dagrun for tutorial_dag to None, run_after=None
[2023-12-07T17:12:57.059+0000] {processor.py:179} INFO - Processing /home/ubuntu/ec2_customer_chum_venv/lib/python3.10/site-packages/airflow/example_dags/tutorial_dag.py took 0.064 seconds
[2023-12-07T17:13:27.850+0000] {processor.py:157} INFO - Started process (PID=6546) to work on /home/ubuntu/ec2_customer_chum_venv/lib/python3.10/site-packages/airflow/example_dags/tutorial_dag.py
[2023-12-07T17:13:27.851+0000] {processor.py:829} INFO - Processing file /home/ubuntu/ec2_customer_chum_venv/lib/python3.10/site-packages/airflow/example_dags/tutorial_dag.py for tasks to queue
[2023-12-07T17:13:27.852+0000] {logging_mixin.py:154} INFO - [2023-12-07T17:13:27.852+0000] {dagbag.py:536} INFO - Filling up the DagBag from /home/ubuntu/ec2_customer_chum_venv/lib/python3.10/site-packages/airflow/example_dags/tutorial_dag.py
[2023-12-07T17:13:27.858+0000] {processor.py:839} INFO - DAG(s) dict_keys(['tutorial_dag']) retrieved from /home/ubuntu/ec2_customer_chum_venv/lib/python3.10/site-packages/airflow/example_dags/tutorial_dag.py
[2023-12-07T17:13:27.876+0000] {logging_mixin.py:154} INFO - [2023-12-07T17:13:27.875+0000] {dag.py:2941} INFO - Sync 1 DAGs
[2023-12-07T17:13:27.888+0000] {logging_mixin.py:154} INFO - [2023-12-07T17:13:27.888+0000] {dag.py:3722} INFO - Setting next_dagrun for tutorial_dag to None, run_after=None
[2023-12-07T17:13:27.911+0000] {processor.py:179} INFO - Processing /home/ubuntu/ec2_customer_chum_venv/lib/python3.10/site-packages/airflow/example_dags/tutorial_dag.py took 0.064 seconds
[2023-12-07T17:14:09.052+0000] {processor.py:157} INFO - Started process (PID=6589) to work on /home/ubuntu/ec2_customer_chum_venv/lib/python3.10/site-packages/airflow/example_dags/tutorial_dag.py
[2023-12-07T17:14:09.053+0000] {processor.py:829} INFO - Processing file /home/ubuntu/ec2_customer_chum_venv/lib/python3.10/site-packages/airflow/example_dags/tutorial_dag.py for tasks to queue
[2023-12-07T17:14:09.054+0000] {logging_mixin.py:154} INFO - [2023-12-07T17:14:09.054+0000] {dagbag.py:536} INFO - Filling up the DagBag from /home/ubuntu/ec2_customer_chum_venv/lib/python3.10/site-packages/airflow/example_dags/tutorial_dag.py
[2023-12-07T17:14:09.060+0000] {processor.py:839} INFO - DAG(s) dict_keys(['tutorial_dag']) retrieved from /home/ubuntu/ec2_customer_chum_venv/lib/python3.10/site-packages/airflow/example_dags/tutorial_dag.py
[2023-12-07T17:14:09.077+0000] {logging_mixin.py:154} INFO - [2023-12-07T17:14:09.077+0000] {dag.py:2941} INFO - Sync 1 DAGs
[2023-12-07T17:14:09.090+0000] {logging_mixin.py:154} INFO - [2023-12-07T17:14:09.090+0000] {dag.py:3722} INFO - Setting next_dagrun for tutorial_dag to None, run_after=None
[2023-12-07T17:14:09.112+0000] {processor.py:179} INFO - Processing /home/ubuntu/ec2_customer_chum_venv/lib/python3.10/site-packages/airflow/example_dags/tutorial_dag.py took 0.064 seconds
[2023-12-07T17:14:41.114+0000] {processor.py:157} INFO - Started process (PID=6623) to work on /home/ubuntu/ec2_customer_chum_venv/lib/python3.10/site-packages/airflow/example_dags/tutorial_dag.py
[2023-12-07T17:14:41.115+0000] {processor.py:829} INFO - Processing file /home/ubuntu/ec2_customer_chum_venv/lib/python3.10/site-packages/airflow/example_dags/tutorial_dag.py for tasks to queue
[2023-12-07T17:14:41.116+0000] {logging_mixin.py:154} INFO - [2023-12-07T17:14:41.116+0000] {dagbag.py:536} INFO - Filling up the DagBag from /home/ubuntu/ec2_customer_chum_venv/lib/python3.10/site-packages/airflow/example_dags/tutorial_dag.py
[2023-12-07T17:14:41.122+0000] {processor.py:839} INFO - DAG(s) dict_keys(['tutorial_dag']) retrieved from /home/ubuntu/ec2_customer_chum_venv/lib/python3.10/site-packages/airflow/example_dags/tutorial_dag.py
[2023-12-07T17:14:41.139+0000] {logging_mixin.py:154} INFO - [2023-12-07T17:14:41.139+0000] {dag.py:2941} INFO - Sync 1 DAGs
[2023-12-07T17:14:41.151+0000] {logging_mixin.py:154} INFO - [2023-12-07T17:14:41.151+0000] {dag.py:3722} INFO - Setting next_dagrun for tutorial_dag to None, run_after=None
[2023-12-07T17:14:41.174+0000] {processor.py:179} INFO - Processing /home/ubuntu/ec2_customer_chum_venv/lib/python3.10/site-packages/airflow/example_dags/tutorial_dag.py took 0.064 seconds
[2023-12-07T17:15:23.417+0000] {processor.py:157} INFO - Started process (PID=6733) to work on /home/ubuntu/ec2_customer_chum_venv/lib/python3.10/site-packages/airflow/example_dags/tutorial_dag.py
[2023-12-07T17:15:23.418+0000] {processor.py:829} INFO - Processing file /home/ubuntu/ec2_customer_chum_venv/lib/python3.10/site-packages/airflow/example_dags/tutorial_dag.py for tasks to queue
[2023-12-07T17:15:23.419+0000] {logging_mixin.py:154} INFO - [2023-12-07T17:15:23.418+0000] {dagbag.py:536} INFO - Filling up the DagBag from /home/ubuntu/ec2_customer_chum_venv/lib/python3.10/site-packages/airflow/example_dags/tutorial_dag.py
[2023-12-07T17:15:23.425+0000] {processor.py:839} INFO - DAG(s) dict_keys(['tutorial_dag']) retrieved from /home/ubuntu/ec2_customer_chum_venv/lib/python3.10/site-packages/airflow/example_dags/tutorial_dag.py
[2023-12-07T17:15:23.441+0000] {logging_mixin.py:154} INFO - [2023-12-07T17:15:23.441+0000] {dag.py:2941} INFO - Sync 1 DAGs
[2023-12-07T17:15:23.453+0000] {logging_mixin.py:154} INFO - [2023-12-07T17:15:23.453+0000] {dag.py:3722} INFO - Setting next_dagrun for tutorial_dag to None, run_after=None
[2023-12-07T17:15:23.475+0000] {processor.py:179} INFO - Processing /home/ubuntu/ec2_customer_chum_venv/lib/python3.10/site-packages/airflow/example_dags/tutorial_dag.py took 0.062 seconds
