[2023-12-07T16:49:05.022+0000] {processor.py:157} INFO - Started process (PID=4958) to work on /home/ubuntu/ec2_customer_chum_venv/lib/python3.10/site-packages/airflow/example_dags/subdags/subdag.py
[2023-12-07T16:49:05.024+0000] {processor.py:829} INFO - Processing file /home/ubuntu/ec2_customer_chum_venv/lib/python3.10/site-packages/airflow/example_dags/subdags/subdag.py for tasks to queue
[2023-12-07T16:49:05.025+0000] {logging_mixin.py:154} INFO - [2023-12-07T16:49:05.025+0000] {dagbag.py:536} INFO - Filling up the DagBag from /home/ubuntu/ec2_customer_chum_venv/lib/python3.10/site-packages/airflow/example_dags/subdags/subdag.py
[2023-12-07T16:49:05.028+0000] {processor.py:841} WARNING - No viable dags retrieved from /home/ubuntu/ec2_customer_chum_venv/lib/python3.10/site-packages/airflow/example_dags/subdags/subdag.py
[2023-12-07T16:49:05.135+0000] {processor.py:179} INFO - Processing /home/ubuntu/ec2_customer_chum_venv/lib/python3.10/site-packages/airflow/example_dags/subdags/subdag.py took 0.117 seconds
[2023-12-07T16:49:58.224+0000] {processor.py:157} INFO - Started process (PID=5009) to work on /home/ubuntu/ec2_customer_chum_venv/lib/python3.10/site-packages/airflow/example_dags/subdags/subdag.py
[2023-12-07T16:49:58.225+0000] {processor.py:829} INFO - Processing file /home/ubuntu/ec2_customer_chum_venv/lib/python3.10/site-packages/airflow/example_dags/subdags/subdag.py for tasks to queue
[2023-12-07T16:49:58.226+0000] {logging_mixin.py:154} INFO - [2023-12-07T16:49:58.226+0000] {dagbag.py:536} INFO - Filling up the DagBag from /home/ubuntu/ec2_customer_chum_venv/lib/python3.10/site-packages/airflow/example_dags/subdags/subdag.py
[2023-12-07T16:49:58.228+0000] {processor.py:841} WARNING - No viable dags retrieved from /home/ubuntu/ec2_customer_chum_venv/lib/python3.10/site-packages/airflow/example_dags/subdags/subdag.py
[2023-12-07T16:49:58.244+0000] {processor.py:179} INFO - Processing /home/ubuntu/ec2_customer_chum_venv/lib/python3.10/site-packages/airflow/example_dags/subdags/subdag.py took 0.024 seconds
[2023-12-07T16:50:34.256+0000] {processor.py:157} INFO - Started process (PID=5045) to work on /home/ubuntu/ec2_customer_chum_venv/lib/python3.10/site-packages/airflow/example_dags/subdags/subdag.py
[2023-12-07T16:50:34.259+0000] {processor.py:829} INFO - Processing file /home/ubuntu/ec2_customer_chum_venv/lib/python3.10/site-packages/airflow/example_dags/subdags/subdag.py for tasks to queue
[2023-12-07T16:50:34.260+0000] {logging_mixin.py:154} INFO - [2023-12-07T16:50:34.259+0000] {dagbag.py:536} INFO - Filling up the DagBag from /home/ubuntu/ec2_customer_chum_venv/lib/python3.10/site-packages/airflow/example_dags/subdags/subdag.py
[2023-12-07T16:50:34.262+0000] {processor.py:841} WARNING - No viable dags retrieved from /home/ubuntu/ec2_customer_chum_venv/lib/python3.10/site-packages/airflow/example_dags/subdags/subdag.py
[2023-12-07T16:50:34.273+0000] {processor.py:179} INFO - Processing /home/ubuntu/ec2_customer_chum_venv/lib/python3.10/site-packages/airflow/example_dags/subdags/subdag.py took 0.020 seconds
[2023-12-07T16:51:20.104+0000] {processor.py:157} INFO - Started process (PID=5092) to work on /home/ubuntu/ec2_customer_chum_venv/lib/python3.10/site-packages/airflow/example_dags/subdags/subdag.py
[2023-12-07T16:51:20.106+0000] {processor.py:829} INFO - Processing file /home/ubuntu/ec2_customer_chum_venv/lib/python3.10/site-packages/airflow/example_dags/subdags/subdag.py for tasks to queue
[2023-12-07T16:51:20.107+0000] {logging_mixin.py:154} INFO - [2023-12-07T16:51:20.106+0000] {dagbag.py:536} INFO - Filling up the DagBag from /home/ubuntu/ec2_customer_chum_venv/lib/python3.10/site-packages/airflow/example_dags/subdags/subdag.py
[2023-12-07T16:51:20.109+0000] {processor.py:841} WARNING - No viable dags retrieved from /home/ubuntu/ec2_customer_chum_venv/lib/python3.10/site-packages/airflow/example_dags/subdags/subdag.py
[2023-12-07T16:51:20.120+0000] {processor.py:179} INFO - Processing /home/ubuntu/ec2_customer_chum_venv/lib/python3.10/site-packages/airflow/example_dags/subdags/subdag.py took 0.019 seconds
[2023-12-07T16:51:54.371+0000] {processor.py:157} INFO - Started process (PID=5126) to work on /home/ubuntu/ec2_customer_chum_venv/lib/python3.10/site-packages/airflow/example_dags/subdags/subdag.py
[2023-12-07T16:51:54.372+0000] {processor.py:829} INFO - Processing file /home/ubuntu/ec2_customer_chum_venv/lib/python3.10/site-packages/airflow/example_dags/subdags/subdag.py for tasks to queue
[2023-12-07T16:51:54.373+0000] {logging_mixin.py:154} INFO - [2023-12-07T16:51:54.373+0000] {dagbag.py:536} INFO - Filling up the DagBag from /home/ubuntu/ec2_customer_chum_venv/lib/python3.10/site-packages/airflow/example_dags/subdags/subdag.py
[2023-12-07T16:51:54.376+0000] {processor.py:841} WARNING - No viable dags retrieved from /home/ubuntu/ec2_customer_chum_venv/lib/python3.10/site-packages/airflow/example_dags/subdags/subdag.py
[2023-12-07T16:51:54.386+0000] {processor.py:179} INFO - Processing /home/ubuntu/ec2_customer_chum_venv/lib/python3.10/site-packages/airflow/example_dags/subdags/subdag.py took 0.019 seconds
[2023-12-07T16:52:26.963+0000] {processor.py:157} INFO - Started process (PID=5162) to work on /home/ubuntu/ec2_customer_chum_venv/lib/python3.10/site-packages/airflow/example_dags/subdags/subdag.py
[2023-12-07T16:52:26.964+0000] {processor.py:829} INFO - Processing file /home/ubuntu/ec2_customer_chum_venv/lib/python3.10/site-packages/airflow/example_dags/subdags/subdag.py for tasks to queue
[2023-12-07T16:52:26.965+0000] {logging_mixin.py:154} INFO - [2023-12-07T16:52:26.965+0000] {dagbag.py:536} INFO - Filling up the DagBag from /home/ubuntu/ec2_customer_chum_venv/lib/python3.10/site-packages/airflow/example_dags/subdags/subdag.py
[2023-12-07T16:52:26.967+0000] {processor.py:841} WARNING - No viable dags retrieved from /home/ubuntu/ec2_customer_chum_venv/lib/python3.10/site-packages/airflow/example_dags/subdags/subdag.py
[2023-12-07T16:52:26.979+0000] {processor.py:179} INFO - Processing /home/ubuntu/ec2_customer_chum_venv/lib/python3.10/site-packages/airflow/example_dags/subdags/subdag.py took 0.019 seconds
[2023-12-07T16:52:59.785+0000] {processor.py:157} INFO - Started process (PID=5195) to work on /home/ubuntu/ec2_customer_chum_venv/lib/python3.10/site-packages/airflow/example_dags/subdags/subdag.py
[2023-12-07T16:52:59.789+0000] {processor.py:829} INFO - Processing file /home/ubuntu/ec2_customer_chum_venv/lib/python3.10/site-packages/airflow/example_dags/subdags/subdag.py for tasks to queue
[2023-12-07T16:52:59.790+0000] {logging_mixin.py:154} INFO - [2023-12-07T16:52:59.790+0000] {dagbag.py:536} INFO - Filling up the DagBag from /home/ubuntu/ec2_customer_chum_venv/lib/python3.10/site-packages/airflow/example_dags/subdags/subdag.py
[2023-12-07T16:52:59.792+0000] {processor.py:841} WARNING - No viable dags retrieved from /home/ubuntu/ec2_customer_chum_venv/lib/python3.10/site-packages/airflow/example_dags/subdags/subdag.py
[2023-12-07T16:52:59.803+0000] {processor.py:179} INFO - Processing /home/ubuntu/ec2_customer_chum_venv/lib/python3.10/site-packages/airflow/example_dags/subdags/subdag.py took 0.021 seconds
[2023-12-07T16:53:42.016+0000] {processor.py:157} INFO - Started process (PID=5225) to work on /home/ubuntu/ec2_customer_chum_venv/lib/python3.10/site-packages/airflow/example_dags/subdags/subdag.py
[2023-12-07T16:53:42.017+0000] {processor.py:829} INFO - Processing file /home/ubuntu/ec2_customer_chum_venv/lib/python3.10/site-packages/airflow/example_dags/subdags/subdag.py for tasks to queue
[2023-12-07T16:53:42.018+0000] {logging_mixin.py:154} INFO - [2023-12-07T16:53:42.018+0000] {dagbag.py:536} INFO - Filling up the DagBag from /home/ubuntu/ec2_customer_chum_venv/lib/python3.10/site-packages/airflow/example_dags/subdags/subdag.py
[2023-12-07T16:53:42.021+0000] {processor.py:841} WARNING - No viable dags retrieved from /home/ubuntu/ec2_customer_chum_venv/lib/python3.10/site-packages/airflow/example_dags/subdags/subdag.py
[2023-12-07T16:53:42.032+0000] {processor.py:179} INFO - Processing /home/ubuntu/ec2_customer_chum_venv/lib/python3.10/site-packages/airflow/example_dags/subdags/subdag.py took 0.019 seconds
[2023-12-07T16:54:25.917+0000] {processor.py:157} INFO - Started process (PID=5274) to work on /home/ubuntu/ec2_customer_chum_venv/lib/python3.10/site-packages/airflow/example_dags/subdags/subdag.py
[2023-12-07T16:54:25.919+0000] {processor.py:829} INFO - Processing file /home/ubuntu/ec2_customer_chum_venv/lib/python3.10/site-packages/airflow/example_dags/subdags/subdag.py for tasks to queue
[2023-12-07T16:54:25.919+0000] {logging_mixin.py:154} INFO - [2023-12-07T16:54:25.919+0000] {dagbag.py:536} INFO - Filling up the DagBag from /home/ubuntu/ec2_customer_chum_venv/lib/python3.10/site-packages/airflow/example_dags/subdags/subdag.py
[2023-12-07T16:54:25.922+0000] {processor.py:841} WARNING - No viable dags retrieved from /home/ubuntu/ec2_customer_chum_venv/lib/python3.10/site-packages/airflow/example_dags/subdags/subdag.py
[2023-12-07T16:54:25.934+0000] {processor.py:179} INFO - Processing /home/ubuntu/ec2_customer_chum_venv/lib/python3.10/site-packages/airflow/example_dags/subdags/subdag.py took 0.020 seconds
[2023-12-07T16:55:11.206+0000] {processor.py:157} INFO - Started process (PID=5320) to work on /home/ubuntu/ec2_customer_chum_venv/lib/python3.10/site-packages/airflow/example_dags/subdags/subdag.py
[2023-12-07T16:55:11.207+0000] {processor.py:829} INFO - Processing file /home/ubuntu/ec2_customer_chum_venv/lib/python3.10/site-packages/airflow/example_dags/subdags/subdag.py for tasks to queue
[2023-12-07T16:55:11.208+0000] {logging_mixin.py:154} INFO - [2023-12-07T16:55:11.208+0000] {dagbag.py:536} INFO - Filling up the DagBag from /home/ubuntu/ec2_customer_chum_venv/lib/python3.10/site-packages/airflow/example_dags/subdags/subdag.py
[2023-12-07T16:55:11.210+0000] {processor.py:841} WARNING - No viable dags retrieved from /home/ubuntu/ec2_customer_chum_venv/lib/python3.10/site-packages/airflow/example_dags/subdags/subdag.py
[2023-12-07T16:55:11.222+0000] {processor.py:179} INFO - Processing /home/ubuntu/ec2_customer_chum_venv/lib/python3.10/site-packages/airflow/example_dags/subdags/subdag.py took 0.020 seconds
[2023-12-07T16:55:55.619+0000] {processor.py:157} INFO - Started process (PID=5367) to work on /home/ubuntu/ec2_customer_chum_venv/lib/python3.10/site-packages/airflow/example_dags/subdags/subdag.py
[2023-12-07T16:55:55.621+0000] {processor.py:829} INFO - Processing file /home/ubuntu/ec2_customer_chum_venv/lib/python3.10/site-packages/airflow/example_dags/subdags/subdag.py for tasks to queue
[2023-12-07T16:55:55.622+0000] {logging_mixin.py:154} INFO - [2023-12-07T16:55:55.622+0000] {dagbag.py:536} INFO - Filling up the DagBag from /home/ubuntu/ec2_customer_chum_venv/lib/python3.10/site-packages/airflow/example_dags/subdags/subdag.py
[2023-12-07T16:55:55.624+0000] {processor.py:841} WARNING - No viable dags retrieved from /home/ubuntu/ec2_customer_chum_venv/lib/python3.10/site-packages/airflow/example_dags/subdags/subdag.py
[2023-12-07T16:55:55.636+0000] {processor.py:179} INFO - Processing /home/ubuntu/ec2_customer_chum_venv/lib/python3.10/site-packages/airflow/example_dags/subdags/subdag.py took 0.020 seconds
[2023-12-07T16:56:38.760+0000] {processor.py:157} INFO - Started process (PID=5413) to work on /home/ubuntu/ec2_customer_chum_venv/lib/python3.10/site-packages/airflow/example_dags/subdags/subdag.py
[2023-12-07T16:56:38.761+0000] {processor.py:829} INFO - Processing file /home/ubuntu/ec2_customer_chum_venv/lib/python3.10/site-packages/airflow/example_dags/subdags/subdag.py for tasks to queue
[2023-12-07T16:56:38.762+0000] {logging_mixin.py:154} INFO - [2023-12-07T16:56:38.761+0000] {dagbag.py:536} INFO - Filling up the DagBag from /home/ubuntu/ec2_customer_chum_venv/lib/python3.10/site-packages/airflow/example_dags/subdags/subdag.py
[2023-12-07T16:56:38.764+0000] {processor.py:841} WARNING - No viable dags retrieved from /home/ubuntu/ec2_customer_chum_venv/lib/python3.10/site-packages/airflow/example_dags/subdags/subdag.py
[2023-12-07T16:56:38.775+0000] {processor.py:179} INFO - Processing /home/ubuntu/ec2_customer_chum_venv/lib/python3.10/site-packages/airflow/example_dags/subdags/subdag.py took 0.019 seconds
[2023-12-07T16:57:20.627+0000] {processor.py:157} INFO - Started process (PID=5456) to work on /home/ubuntu/ec2_customer_chum_venv/lib/python3.10/site-packages/airflow/example_dags/subdags/subdag.py
[2023-12-07T16:57:20.628+0000] {processor.py:829} INFO - Processing file /home/ubuntu/ec2_customer_chum_venv/lib/python3.10/site-packages/airflow/example_dags/subdags/subdag.py for tasks to queue
[2023-12-07T16:57:20.629+0000] {logging_mixin.py:154} INFO - [2023-12-07T16:57:20.628+0000] {dagbag.py:536} INFO - Filling up the DagBag from /home/ubuntu/ec2_customer_chum_venv/lib/python3.10/site-packages/airflow/example_dags/subdags/subdag.py
[2023-12-07T16:57:20.631+0000] {processor.py:841} WARNING - No viable dags retrieved from /home/ubuntu/ec2_customer_chum_venv/lib/python3.10/site-packages/airflow/example_dags/subdags/subdag.py
[2023-12-07T16:57:20.642+0000] {processor.py:179} INFO - Processing /home/ubuntu/ec2_customer_chum_venv/lib/python3.10/site-packages/airflow/example_dags/subdags/subdag.py took 0.019 seconds
[2023-12-07T16:58:04.600+0000] {processor.py:157} INFO - Started process (PID=5502) to work on /home/ubuntu/ec2_customer_chum_venv/lib/python3.10/site-packages/airflow/example_dags/subdags/subdag.py
[2023-12-07T16:58:04.602+0000] {processor.py:829} INFO - Processing file /home/ubuntu/ec2_customer_chum_venv/lib/python3.10/site-packages/airflow/example_dags/subdags/subdag.py for tasks to queue
[2023-12-07T16:58:04.603+0000] {logging_mixin.py:154} INFO - [2023-12-07T16:58:04.602+0000] {dagbag.py:536} INFO - Filling up the DagBag from /home/ubuntu/ec2_customer_chum_venv/lib/python3.10/site-packages/airflow/example_dags/subdags/subdag.py
[2023-12-07T16:58:04.605+0000] {processor.py:841} WARNING - No viable dags retrieved from /home/ubuntu/ec2_customer_chum_venv/lib/python3.10/site-packages/airflow/example_dags/subdags/subdag.py
[2023-12-07T16:58:04.616+0000] {processor.py:179} INFO - Processing /home/ubuntu/ec2_customer_chum_venv/lib/python3.10/site-packages/airflow/example_dags/subdags/subdag.py took 0.019 seconds
[2023-12-07T16:58:49.150+0000] {processor.py:157} INFO - Started process (PID=5550) to work on /home/ubuntu/ec2_customer_chum_venv/lib/python3.10/site-packages/airflow/example_dags/subdags/subdag.py
[2023-12-07T16:58:49.151+0000] {processor.py:829} INFO - Processing file /home/ubuntu/ec2_customer_chum_venv/lib/python3.10/site-packages/airflow/example_dags/subdags/subdag.py for tasks to queue
[2023-12-07T16:58:49.152+0000] {logging_mixin.py:154} INFO - [2023-12-07T16:58:49.152+0000] {dagbag.py:536} INFO - Filling up the DagBag from /home/ubuntu/ec2_customer_chum_venv/lib/python3.10/site-packages/airflow/example_dags/subdags/subdag.py
[2023-12-07T16:58:49.154+0000] {processor.py:841} WARNING - No viable dags retrieved from /home/ubuntu/ec2_customer_chum_venv/lib/python3.10/site-packages/airflow/example_dags/subdags/subdag.py
[2023-12-07T16:58:49.166+0000] {processor.py:179} INFO - Processing /home/ubuntu/ec2_customer_chum_venv/lib/python3.10/site-packages/airflow/example_dags/subdags/subdag.py took 0.019 seconds
[2023-12-07T16:59:31.489+0000] {processor.py:157} INFO - Started process (PID=5593) to work on /home/ubuntu/ec2_customer_chum_venv/lib/python3.10/site-packages/airflow/example_dags/subdags/subdag.py
[2023-12-07T16:59:31.491+0000] {processor.py:829} INFO - Processing file /home/ubuntu/ec2_customer_chum_venv/lib/python3.10/site-packages/airflow/example_dags/subdags/subdag.py for tasks to queue
[2023-12-07T16:59:31.492+0000] {logging_mixin.py:154} INFO - [2023-12-07T16:59:31.492+0000] {dagbag.py:536} INFO - Filling up the DagBag from /home/ubuntu/ec2_customer_chum_venv/lib/python3.10/site-packages/airflow/example_dags/subdags/subdag.py
[2023-12-07T16:59:31.494+0000] {processor.py:841} WARNING - No viable dags retrieved from /home/ubuntu/ec2_customer_chum_venv/lib/python3.10/site-packages/airflow/example_dags/subdags/subdag.py
[2023-12-07T16:59:31.506+0000] {processor.py:179} INFO - Processing /home/ubuntu/ec2_customer_chum_venv/lib/python3.10/site-packages/airflow/example_dags/subdags/subdag.py took 0.020 seconds
[2023-12-07T17:00:14.485+0000] {processor.py:157} INFO - Started process (PID=5639) to work on /home/ubuntu/ec2_customer_chum_venv/lib/python3.10/site-packages/airflow/example_dags/subdags/subdag.py
[2023-12-07T17:00:14.487+0000] {processor.py:829} INFO - Processing file /home/ubuntu/ec2_customer_chum_venv/lib/python3.10/site-packages/airflow/example_dags/subdags/subdag.py for tasks to queue
[2023-12-07T17:00:14.487+0000] {logging_mixin.py:154} INFO - [2023-12-07T17:00:14.487+0000] {dagbag.py:536} INFO - Filling up the DagBag from /home/ubuntu/ec2_customer_chum_venv/lib/python3.10/site-packages/airflow/example_dags/subdags/subdag.py
[2023-12-07T17:00:14.490+0000] {processor.py:841} WARNING - No viable dags retrieved from /home/ubuntu/ec2_customer_chum_venv/lib/python3.10/site-packages/airflow/example_dags/subdags/subdag.py
[2023-12-07T17:00:14.501+0000] {processor.py:179} INFO - Processing /home/ubuntu/ec2_customer_chum_venv/lib/python3.10/site-packages/airflow/example_dags/subdags/subdag.py took 0.019 seconds
[2023-12-07T17:00:48.832+0000] {processor.py:157} INFO - Started process (PID=5673) to work on /home/ubuntu/ec2_customer_chum_venv/lib/python3.10/site-packages/airflow/example_dags/subdags/subdag.py
[2023-12-07T17:00:48.833+0000] {processor.py:829} INFO - Processing file /home/ubuntu/ec2_customer_chum_venv/lib/python3.10/site-packages/airflow/example_dags/subdags/subdag.py for tasks to queue
[2023-12-07T17:00:48.833+0000] {logging_mixin.py:154} INFO - [2023-12-07T17:00:48.833+0000] {dagbag.py:536} INFO - Filling up the DagBag from /home/ubuntu/ec2_customer_chum_venv/lib/python3.10/site-packages/airflow/example_dags/subdags/subdag.py
[2023-12-07T17:00:48.836+0000] {processor.py:841} WARNING - No viable dags retrieved from /home/ubuntu/ec2_customer_chum_venv/lib/python3.10/site-packages/airflow/example_dags/subdags/subdag.py
[2023-12-07T17:00:48.856+0000] {processor.py:179} INFO - Processing /home/ubuntu/ec2_customer_chum_venv/lib/python3.10/site-packages/airflow/example_dags/subdags/subdag.py took 0.028 seconds
[2023-12-07T17:01:35.114+0000] {processor.py:157} INFO - Started process (PID=5720) to work on /home/ubuntu/ec2_customer_chum_venv/lib/python3.10/site-packages/airflow/example_dags/subdags/subdag.py
[2023-12-07T17:01:35.115+0000] {processor.py:829} INFO - Processing file /home/ubuntu/ec2_customer_chum_venv/lib/python3.10/site-packages/airflow/example_dags/subdags/subdag.py for tasks to queue
[2023-12-07T17:01:35.116+0000] {logging_mixin.py:154} INFO - [2023-12-07T17:01:35.116+0000] {dagbag.py:536} INFO - Filling up the DagBag from /home/ubuntu/ec2_customer_chum_venv/lib/python3.10/site-packages/airflow/example_dags/subdags/subdag.py
[2023-12-07T17:01:35.118+0000] {processor.py:841} WARNING - No viable dags retrieved from /home/ubuntu/ec2_customer_chum_venv/lib/python3.10/site-packages/airflow/example_dags/subdags/subdag.py
[2023-12-07T17:01:35.130+0000] {processor.py:179} INFO - Processing /home/ubuntu/ec2_customer_chum_venv/lib/python3.10/site-packages/airflow/example_dags/subdags/subdag.py took 0.019 seconds
[2023-12-07T17:02:21.385+0000] {processor.py:157} INFO - Started process (PID=5766) to work on /home/ubuntu/ec2_customer_chum_venv/lib/python3.10/site-packages/airflow/example_dags/subdags/subdag.py
[2023-12-07T17:02:21.386+0000] {processor.py:829} INFO - Processing file /home/ubuntu/ec2_customer_chum_venv/lib/python3.10/site-packages/airflow/example_dags/subdags/subdag.py for tasks to queue
[2023-12-07T17:02:21.387+0000] {logging_mixin.py:154} INFO - [2023-12-07T17:02:21.386+0000] {dagbag.py:536} INFO - Filling up the DagBag from /home/ubuntu/ec2_customer_chum_venv/lib/python3.10/site-packages/airflow/example_dags/subdags/subdag.py
[2023-12-07T17:02:21.389+0000] {processor.py:841} WARNING - No viable dags retrieved from /home/ubuntu/ec2_customer_chum_venv/lib/python3.10/site-packages/airflow/example_dags/subdags/subdag.py
[2023-12-07T17:02:21.400+0000] {processor.py:179} INFO - Processing /home/ubuntu/ec2_customer_chum_venv/lib/python3.10/site-packages/airflow/example_dags/subdags/subdag.py took 0.019 seconds
[2023-12-07T17:03:08.667+0000] {processor.py:157} INFO - Started process (PID=5814) to work on /home/ubuntu/ec2_customer_chum_venv/lib/python3.10/site-packages/airflow/example_dags/subdags/subdag.py
[2023-12-07T17:03:08.669+0000] {processor.py:829} INFO - Processing file /home/ubuntu/ec2_customer_chum_venv/lib/python3.10/site-packages/airflow/example_dags/subdags/subdag.py for tasks to queue
[2023-12-07T17:03:08.670+0000] {logging_mixin.py:154} INFO - [2023-12-07T17:03:08.669+0000] {dagbag.py:536} INFO - Filling up the DagBag from /home/ubuntu/ec2_customer_chum_venv/lib/python3.10/site-packages/airflow/example_dags/subdags/subdag.py
[2023-12-07T17:03:08.672+0000] {processor.py:841} WARNING - No viable dags retrieved from /home/ubuntu/ec2_customer_chum_venv/lib/python3.10/site-packages/airflow/example_dags/subdags/subdag.py
[2023-12-07T17:03:08.683+0000] {processor.py:179} INFO - Processing /home/ubuntu/ec2_customer_chum_venv/lib/python3.10/site-packages/airflow/example_dags/subdags/subdag.py took 0.019 seconds
[2023-12-07T17:03:41.527+0000] {processor.py:157} INFO - Started process (PID=5849) to work on /home/ubuntu/ec2_customer_chum_venv/lib/python3.10/site-packages/airflow/example_dags/subdags/subdag.py
[2023-12-07T17:03:41.528+0000] {processor.py:829} INFO - Processing file /home/ubuntu/ec2_customer_chum_venv/lib/python3.10/site-packages/airflow/example_dags/subdags/subdag.py for tasks to queue
[2023-12-07T17:03:41.529+0000] {logging_mixin.py:154} INFO - [2023-12-07T17:03:41.528+0000] {dagbag.py:536} INFO - Filling up the DagBag from /home/ubuntu/ec2_customer_chum_venv/lib/python3.10/site-packages/airflow/example_dags/subdags/subdag.py
[2023-12-07T17:03:41.531+0000] {processor.py:841} WARNING - No viable dags retrieved from /home/ubuntu/ec2_customer_chum_venv/lib/python3.10/site-packages/airflow/example_dags/subdags/subdag.py
[2023-12-07T17:03:41.543+0000] {processor.py:179} INFO - Processing /home/ubuntu/ec2_customer_chum_venv/lib/python3.10/site-packages/airflow/example_dags/subdags/subdag.py took 0.019 seconds
[2023-12-07T17:04:22.833+0000] {processor.py:157} INFO - Started process (PID=5891) to work on /home/ubuntu/ec2_customer_chum_venv/lib/python3.10/site-packages/airflow/example_dags/subdags/subdag.py
[2023-12-07T17:04:22.834+0000] {processor.py:829} INFO - Processing file /home/ubuntu/ec2_customer_chum_venv/lib/python3.10/site-packages/airflow/example_dags/subdags/subdag.py for tasks to queue
[2023-12-07T17:04:22.835+0000] {logging_mixin.py:154} INFO - [2023-12-07T17:04:22.835+0000] {dagbag.py:536} INFO - Filling up the DagBag from /home/ubuntu/ec2_customer_chum_venv/lib/python3.10/site-packages/airflow/example_dags/subdags/subdag.py
[2023-12-07T17:04:22.837+0000] {processor.py:841} WARNING - No viable dags retrieved from /home/ubuntu/ec2_customer_chum_venv/lib/python3.10/site-packages/airflow/example_dags/subdags/subdag.py
[2023-12-07T17:04:22.849+0000] {processor.py:179} INFO - Processing /home/ubuntu/ec2_customer_chum_venv/lib/python3.10/site-packages/airflow/example_dags/subdags/subdag.py took 0.020 seconds
[2023-12-07T17:04:56.215+0000] {processor.py:157} INFO - Started process (PID=5927) to work on /home/ubuntu/ec2_customer_chum_venv/lib/python3.10/site-packages/airflow/example_dags/subdags/subdag.py
[2023-12-07T17:04:56.216+0000] {processor.py:829} INFO - Processing file /home/ubuntu/ec2_customer_chum_venv/lib/python3.10/site-packages/airflow/example_dags/subdags/subdag.py for tasks to queue
[2023-12-07T17:04:56.217+0000] {logging_mixin.py:154} INFO - [2023-12-07T17:04:56.216+0000] {dagbag.py:536} INFO - Filling up the DagBag from /home/ubuntu/ec2_customer_chum_venv/lib/python3.10/site-packages/airflow/example_dags/subdags/subdag.py
[2023-12-07T17:04:56.219+0000] {processor.py:841} WARNING - No viable dags retrieved from /home/ubuntu/ec2_customer_chum_venv/lib/python3.10/site-packages/airflow/example_dags/subdags/subdag.py
[2023-12-07T17:04:56.230+0000] {processor.py:179} INFO - Processing /home/ubuntu/ec2_customer_chum_venv/lib/python3.10/site-packages/airflow/example_dags/subdags/subdag.py took 0.018 seconds
[2023-12-07T17:05:37.144+0000] {processor.py:157} INFO - Started process (PID=5971) to work on /home/ubuntu/ec2_customer_chum_venv/lib/python3.10/site-packages/airflow/example_dags/subdags/subdag.py
[2023-12-07T17:05:37.148+0000] {processor.py:829} INFO - Processing file /home/ubuntu/ec2_customer_chum_venv/lib/python3.10/site-packages/airflow/example_dags/subdags/subdag.py for tasks to queue
[2023-12-07T17:05:37.148+0000] {logging_mixin.py:154} INFO - [2023-12-07T17:05:37.148+0000] {dagbag.py:536} INFO - Filling up the DagBag from /home/ubuntu/ec2_customer_chum_venv/lib/python3.10/site-packages/airflow/example_dags/subdags/subdag.py
[2023-12-07T17:05:37.151+0000] {processor.py:841} WARNING - No viable dags retrieved from /home/ubuntu/ec2_customer_chum_venv/lib/python3.10/site-packages/airflow/example_dags/subdags/subdag.py
[2023-12-07T17:05:37.163+0000] {processor.py:179} INFO - Processing /home/ubuntu/ec2_customer_chum_venv/lib/python3.10/site-packages/airflow/example_dags/subdags/subdag.py took 0.021 seconds
[2023-12-07T17:06:20.423+0000] {processor.py:157} INFO - Started process (PID=6017) to work on /home/ubuntu/ec2_customer_chum_venv/lib/python3.10/site-packages/airflow/example_dags/subdags/subdag.py
[2023-12-07T17:06:20.425+0000] {processor.py:829} INFO - Processing file /home/ubuntu/ec2_customer_chum_venv/lib/python3.10/site-packages/airflow/example_dags/subdags/subdag.py for tasks to queue
[2023-12-07T17:06:20.425+0000] {logging_mixin.py:154} INFO - [2023-12-07T17:06:20.425+0000] {dagbag.py:536} INFO - Filling up the DagBag from /home/ubuntu/ec2_customer_chum_venv/lib/python3.10/site-packages/airflow/example_dags/subdags/subdag.py
[2023-12-07T17:06:20.428+0000] {processor.py:841} WARNING - No viable dags retrieved from /home/ubuntu/ec2_customer_chum_venv/lib/python3.10/site-packages/airflow/example_dags/subdags/subdag.py
[2023-12-07T17:06:20.439+0000] {processor.py:179} INFO - Processing /home/ubuntu/ec2_customer_chum_venv/lib/python3.10/site-packages/airflow/example_dags/subdags/subdag.py took 0.019 seconds
[2023-12-07T17:07:07.934+0000] {processor.py:157} INFO - Started process (PID=6063) to work on /home/ubuntu/ec2_customer_chum_venv/lib/python3.10/site-packages/airflow/example_dags/subdags/subdag.py
[2023-12-07T17:07:07.935+0000] {processor.py:829} INFO - Processing file /home/ubuntu/ec2_customer_chum_venv/lib/python3.10/site-packages/airflow/example_dags/subdags/subdag.py for tasks to queue
[2023-12-07T17:07:07.936+0000] {logging_mixin.py:154} INFO - [2023-12-07T17:07:07.936+0000] {dagbag.py:536} INFO - Filling up the DagBag from /home/ubuntu/ec2_customer_chum_venv/lib/python3.10/site-packages/airflow/example_dags/subdags/subdag.py
[2023-12-07T17:07:07.938+0000] {processor.py:841} WARNING - No viable dags retrieved from /home/ubuntu/ec2_customer_chum_venv/lib/python3.10/site-packages/airflow/example_dags/subdags/subdag.py
[2023-12-07T17:07:07.950+0000] {processor.py:179} INFO - Processing /home/ubuntu/ec2_customer_chum_venv/lib/python3.10/site-packages/airflow/example_dags/subdags/subdag.py took 0.019 seconds
[2023-12-07T17:07:39.171+0000] {processor.py:157} INFO - Started process (PID=6097) to work on /home/ubuntu/ec2_customer_chum_venv/lib/python3.10/site-packages/airflow/example_dags/subdags/subdag.py
[2023-12-07T17:07:39.172+0000] {processor.py:829} INFO - Processing file /home/ubuntu/ec2_customer_chum_venv/lib/python3.10/site-packages/airflow/example_dags/subdags/subdag.py for tasks to queue
[2023-12-07T17:07:39.173+0000] {logging_mixin.py:154} INFO - [2023-12-07T17:07:39.173+0000] {dagbag.py:536} INFO - Filling up the DagBag from /home/ubuntu/ec2_customer_chum_venv/lib/python3.10/site-packages/airflow/example_dags/subdags/subdag.py
[2023-12-07T17:07:39.175+0000] {processor.py:841} WARNING - No viable dags retrieved from /home/ubuntu/ec2_customer_chum_venv/lib/python3.10/site-packages/airflow/example_dags/subdags/subdag.py
[2023-12-07T17:07:39.186+0000] {processor.py:179} INFO - Processing /home/ubuntu/ec2_customer_chum_venv/lib/python3.10/site-packages/airflow/example_dags/subdags/subdag.py took 0.018 seconds
[2023-12-07T17:08:26.130+0000] {processor.py:157} INFO - Started process (PID=6143) to work on /home/ubuntu/ec2_customer_chum_venv/lib/python3.10/site-packages/airflow/example_dags/subdags/subdag.py
[2023-12-07T17:08:26.132+0000] {processor.py:829} INFO - Processing file /home/ubuntu/ec2_customer_chum_venv/lib/python3.10/site-packages/airflow/example_dags/subdags/subdag.py for tasks to queue
[2023-12-07T17:08:26.133+0000] {logging_mixin.py:154} INFO - [2023-12-07T17:08:26.132+0000] {dagbag.py:536} INFO - Filling up the DagBag from /home/ubuntu/ec2_customer_chum_venv/lib/python3.10/site-packages/airflow/example_dags/subdags/subdag.py
[2023-12-07T17:08:26.135+0000] {processor.py:841} WARNING - No viable dags retrieved from /home/ubuntu/ec2_customer_chum_venv/lib/python3.10/site-packages/airflow/example_dags/subdags/subdag.py
[2023-12-07T17:08:26.146+0000] {processor.py:179} INFO - Processing /home/ubuntu/ec2_customer_chum_venv/lib/python3.10/site-packages/airflow/example_dags/subdags/subdag.py took 0.020 seconds
[2023-12-07T17:09:11.502+0000] {processor.py:157} INFO - Started process (PID=6190) to work on /home/ubuntu/ec2_customer_chum_venv/lib/python3.10/site-packages/airflow/example_dags/subdags/subdag.py
[2023-12-07T17:09:11.503+0000] {processor.py:829} INFO - Processing file /home/ubuntu/ec2_customer_chum_venv/lib/python3.10/site-packages/airflow/example_dags/subdags/subdag.py for tasks to queue
[2023-12-07T17:09:11.504+0000] {logging_mixin.py:154} INFO - [2023-12-07T17:09:11.503+0000] {dagbag.py:536} INFO - Filling up the DagBag from /home/ubuntu/ec2_customer_chum_venv/lib/python3.10/site-packages/airflow/example_dags/subdags/subdag.py
[2023-12-07T17:09:11.506+0000] {processor.py:841} WARNING - No viable dags retrieved from /home/ubuntu/ec2_customer_chum_venv/lib/python3.10/site-packages/airflow/example_dags/subdags/subdag.py
[2023-12-07T17:09:11.517+0000] {processor.py:179} INFO - Processing /home/ubuntu/ec2_customer_chum_venv/lib/python3.10/site-packages/airflow/example_dags/subdags/subdag.py took 0.019 seconds
[2023-12-07T17:09:53.643+0000] {processor.py:157} INFO - Started process (PID=6235) to work on /home/ubuntu/ec2_customer_chum_venv/lib/python3.10/site-packages/airflow/example_dags/subdags/subdag.py
[2023-12-07T17:09:53.645+0000] {processor.py:829} INFO - Processing file /home/ubuntu/ec2_customer_chum_venv/lib/python3.10/site-packages/airflow/example_dags/subdags/subdag.py for tasks to queue
[2023-12-07T17:09:53.646+0000] {logging_mixin.py:154} INFO - [2023-12-07T17:09:53.645+0000] {dagbag.py:536} INFO - Filling up the DagBag from /home/ubuntu/ec2_customer_chum_venv/lib/python3.10/site-packages/airflow/example_dags/subdags/subdag.py
[2023-12-07T17:09:53.648+0000] {processor.py:841} WARNING - No viable dags retrieved from /home/ubuntu/ec2_customer_chum_venv/lib/python3.10/site-packages/airflow/example_dags/subdags/subdag.py
[2023-12-07T17:09:53.659+0000] {processor.py:179} INFO - Processing /home/ubuntu/ec2_customer_chum_venv/lib/python3.10/site-packages/airflow/example_dags/subdags/subdag.py took 0.019 seconds
[2023-12-07T17:10:41.450+0000] {processor.py:157} INFO - Started process (PID=6282) to work on /home/ubuntu/ec2_customer_chum_venv/lib/python3.10/site-packages/airflow/example_dags/subdags/subdag.py
[2023-12-07T17:10:41.453+0000] {processor.py:829} INFO - Processing file /home/ubuntu/ec2_customer_chum_venv/lib/python3.10/site-packages/airflow/example_dags/subdags/subdag.py for tasks to queue
[2023-12-07T17:10:41.454+0000] {logging_mixin.py:154} INFO - [2023-12-07T17:10:41.453+0000] {dagbag.py:536} INFO - Filling up the DagBag from /home/ubuntu/ec2_customer_chum_venv/lib/python3.10/site-packages/airflow/example_dags/subdags/subdag.py
[2023-12-07T17:10:41.456+0000] {processor.py:841} WARNING - No viable dags retrieved from /home/ubuntu/ec2_customer_chum_venv/lib/python3.10/site-packages/airflow/example_dags/subdags/subdag.py
[2023-12-07T17:10:41.468+0000] {processor.py:179} INFO - Processing /home/ubuntu/ec2_customer_chum_venv/lib/python3.10/site-packages/airflow/example_dags/subdags/subdag.py took 0.021 seconds
[2023-12-07T17:11:25.313+0000] {processor.py:157} INFO - Started process (PID=6327) to work on /home/ubuntu/ec2_customer_chum_venv/lib/python3.10/site-packages/airflow/example_dags/subdags/subdag.py
[2023-12-07T17:11:25.315+0000] {processor.py:829} INFO - Processing file /home/ubuntu/ec2_customer_chum_venv/lib/python3.10/site-packages/airflow/example_dags/subdags/subdag.py for tasks to queue
[2023-12-07T17:11:25.316+0000] {logging_mixin.py:154} INFO - [2023-12-07T17:11:25.315+0000] {dagbag.py:536} INFO - Filling up the DagBag from /home/ubuntu/ec2_customer_chum_venv/lib/python3.10/site-packages/airflow/example_dags/subdags/subdag.py
[2023-12-07T17:11:25.318+0000] {processor.py:841} WARNING - No viable dags retrieved from /home/ubuntu/ec2_customer_chum_venv/lib/python3.10/site-packages/airflow/example_dags/subdags/subdag.py
[2023-12-07T17:11:25.329+0000] {processor.py:179} INFO - Processing /home/ubuntu/ec2_customer_chum_venv/lib/python3.10/site-packages/airflow/example_dags/subdags/subdag.py took 0.019 seconds
[2023-12-07T17:12:09.048+0000] {processor.py:157} INFO - Started process (PID=6378) to work on /home/ubuntu/ec2_customer_chum_venv/lib/python3.10/site-packages/airflow/example_dags/subdags/subdag.py
[2023-12-07T17:12:09.050+0000] {processor.py:829} INFO - Processing file /home/ubuntu/ec2_customer_chum_venv/lib/python3.10/site-packages/airflow/example_dags/subdags/subdag.py for tasks to queue
[2023-12-07T17:12:09.051+0000] {logging_mixin.py:154} INFO - [2023-12-07T17:12:09.050+0000] {dagbag.py:536} INFO - Filling up the DagBag from /home/ubuntu/ec2_customer_chum_venv/lib/python3.10/site-packages/airflow/example_dags/subdags/subdag.py
[2023-12-07T17:12:09.053+0000] {processor.py:841} WARNING - No viable dags retrieved from /home/ubuntu/ec2_customer_chum_venv/lib/python3.10/site-packages/airflow/example_dags/subdags/subdag.py
[2023-12-07T17:12:09.064+0000] {processor.py:179} INFO - Processing /home/ubuntu/ec2_customer_chum_venv/lib/python3.10/site-packages/airflow/example_dags/subdags/subdag.py took 0.019 seconds
[2023-12-07T17:12:41.484+0000] {processor.py:157} INFO - Started process (PID=6411) to work on /home/ubuntu/ec2_customer_chum_venv/lib/python3.10/site-packages/airflow/example_dags/subdags/subdag.py
[2023-12-07T17:12:41.485+0000] {processor.py:829} INFO - Processing file /home/ubuntu/ec2_customer_chum_venv/lib/python3.10/site-packages/airflow/example_dags/subdags/subdag.py for tasks to queue
[2023-12-07T17:12:41.486+0000] {logging_mixin.py:154} INFO - [2023-12-07T17:12:41.486+0000] {dagbag.py:536} INFO - Filling up the DagBag from /home/ubuntu/ec2_customer_chum_venv/lib/python3.10/site-packages/airflow/example_dags/subdags/subdag.py
[2023-12-07T17:12:41.488+0000] {processor.py:841} WARNING - No viable dags retrieved from /home/ubuntu/ec2_customer_chum_venv/lib/python3.10/site-packages/airflow/example_dags/subdags/subdag.py
[2023-12-07T17:12:41.499+0000] {processor.py:179} INFO - Processing /home/ubuntu/ec2_customer_chum_venv/lib/python3.10/site-packages/airflow/example_dags/subdags/subdag.py took 0.019 seconds
[2023-12-07T17:13:13.867+0000] {processor.py:157} INFO - Started process (PID=6530) to work on /home/ubuntu/ec2_customer_chum_venv/lib/python3.10/site-packages/airflow/example_dags/subdags/subdag.py
[2023-12-07T17:13:13.868+0000] {processor.py:829} INFO - Processing file /home/ubuntu/ec2_customer_chum_venv/lib/python3.10/site-packages/airflow/example_dags/subdags/subdag.py for tasks to queue
[2023-12-07T17:13:13.869+0000] {logging_mixin.py:154} INFO - [2023-12-07T17:13:13.869+0000] {dagbag.py:536} INFO - Filling up the DagBag from /home/ubuntu/ec2_customer_chum_venv/lib/python3.10/site-packages/airflow/example_dags/subdags/subdag.py
[2023-12-07T17:13:13.871+0000] {processor.py:841} WARNING - No viable dags retrieved from /home/ubuntu/ec2_customer_chum_venv/lib/python3.10/site-packages/airflow/example_dags/subdags/subdag.py
[2023-12-07T17:13:13.882+0000] {processor.py:179} INFO - Processing /home/ubuntu/ec2_customer_chum_venv/lib/python3.10/site-packages/airflow/example_dags/subdags/subdag.py took 0.019 seconds
[2023-12-07T17:13:55.581+0000] {processor.py:157} INFO - Started process (PID=6576) to work on /home/ubuntu/ec2_customer_chum_venv/lib/python3.10/site-packages/airflow/example_dags/subdags/subdag.py
[2023-12-07T17:13:55.582+0000] {processor.py:829} INFO - Processing file /home/ubuntu/ec2_customer_chum_venv/lib/python3.10/site-packages/airflow/example_dags/subdags/subdag.py for tasks to queue
[2023-12-07T17:13:55.583+0000] {logging_mixin.py:154} INFO - [2023-12-07T17:13:55.583+0000] {dagbag.py:536} INFO - Filling up the DagBag from /home/ubuntu/ec2_customer_chum_venv/lib/python3.10/site-packages/airflow/example_dags/subdags/subdag.py
[2023-12-07T17:13:55.585+0000] {processor.py:841} WARNING - No viable dags retrieved from /home/ubuntu/ec2_customer_chum_venv/lib/python3.10/site-packages/airflow/example_dags/subdags/subdag.py
[2023-12-07T17:13:55.596+0000] {processor.py:179} INFO - Processing /home/ubuntu/ec2_customer_chum_venv/lib/python3.10/site-packages/airflow/example_dags/subdags/subdag.py took 0.019 seconds
[2023-12-07T17:14:42.253+0000] {processor.py:157} INFO - Started process (PID=6624) to work on /home/ubuntu/ec2_customer_chum_venv/lib/python3.10/site-packages/airflow/example_dags/subdags/subdag.py
[2023-12-07T17:14:42.255+0000] {processor.py:829} INFO - Processing file /home/ubuntu/ec2_customer_chum_venv/lib/python3.10/site-packages/airflow/example_dags/subdags/subdag.py for tasks to queue
[2023-12-07T17:14:42.255+0000] {logging_mixin.py:154} INFO - [2023-12-07T17:14:42.255+0000] {dagbag.py:536} INFO - Filling up the DagBag from /home/ubuntu/ec2_customer_chum_venv/lib/python3.10/site-packages/airflow/example_dags/subdags/subdag.py
[2023-12-07T17:14:42.258+0000] {processor.py:841} WARNING - No viable dags retrieved from /home/ubuntu/ec2_customer_chum_venv/lib/python3.10/site-packages/airflow/example_dags/subdags/subdag.py
[2023-12-07T17:14:42.269+0000] {processor.py:179} INFO - Processing /home/ubuntu/ec2_customer_chum_venv/lib/python3.10/site-packages/airflow/example_dags/subdags/subdag.py took 0.019 seconds
[2023-12-07T17:15:24.555+0000] {processor.py:157} INFO - Started process (PID=6734) to work on /home/ubuntu/ec2_customer_chum_venv/lib/python3.10/site-packages/airflow/example_dags/subdags/subdag.py
[2023-12-07T17:15:24.557+0000] {processor.py:829} INFO - Processing file /home/ubuntu/ec2_customer_chum_venv/lib/python3.10/site-packages/airflow/example_dags/subdags/subdag.py for tasks to queue
[2023-12-07T17:15:24.558+0000] {logging_mixin.py:154} INFO - [2023-12-07T17:15:24.557+0000] {dagbag.py:536} INFO - Filling up the DagBag from /home/ubuntu/ec2_customer_chum_venv/lib/python3.10/site-packages/airflow/example_dags/subdags/subdag.py
[2023-12-07T17:15:24.560+0000] {processor.py:841} WARNING - No viable dags retrieved from /home/ubuntu/ec2_customer_chum_venv/lib/python3.10/site-packages/airflow/example_dags/subdags/subdag.py
[2023-12-07T17:15:24.571+0000] {processor.py:179} INFO - Processing /home/ubuntu/ec2_customer_chum_venv/lib/python3.10/site-packages/airflow/example_dags/subdags/subdag.py took 0.019 seconds
