[2023-12-07T16:49:08.966+0000] {processor.py:157} INFO - Started process (PID=4965) to work on /home/ubuntu/ec2_customer_chum_venv/lib/python3.10/site-packages/airflow/example_dags/plugins/event_listener.py
[2023-12-07T16:49:08.967+0000] {processor.py:829} INFO - Processing file /home/ubuntu/ec2_customer_chum_venv/lib/python3.10/site-packages/airflow/example_dags/plugins/event_listener.py for tasks to queue
[2023-12-07T16:49:08.967+0000] {logging_mixin.py:154} INFO - [2023-12-07T16:49:08.967+0000] {dagbag.py:536} INFO - Filling up the DagBag from /home/ubuntu/ec2_customer_chum_venv/lib/python3.10/site-packages/airflow/example_dags/plugins/event_listener.py
[2023-12-07T16:49:08.970+0000] {processor.py:841} WARNING - No viable dags retrieved from /home/ubuntu/ec2_customer_chum_venv/lib/python3.10/site-packages/airflow/example_dags/plugins/event_listener.py
[2023-12-07T16:49:08.981+0000] {processor.py:179} INFO - Processing /home/ubuntu/ec2_customer_chum_venv/lib/python3.10/site-packages/airflow/example_dags/plugins/event_listener.py took 0.018 seconds
[2023-12-07T16:50:00.763+0000] {processor.py:157} INFO - Started process (PID=5012) to work on /home/ubuntu/ec2_customer_chum_venv/lib/python3.10/site-packages/airflow/example_dags/plugins/event_listener.py
[2023-12-07T16:50:00.765+0000] {processor.py:829} INFO - Processing file /home/ubuntu/ec2_customer_chum_venv/lib/python3.10/site-packages/airflow/example_dags/plugins/event_listener.py for tasks to queue
[2023-12-07T16:50:00.766+0000] {logging_mixin.py:154} INFO - [2023-12-07T16:50:00.765+0000] {dagbag.py:536} INFO - Filling up the DagBag from /home/ubuntu/ec2_customer_chum_venv/lib/python3.10/site-packages/airflow/example_dags/plugins/event_listener.py
[2023-12-07T16:50:00.768+0000] {processor.py:841} WARNING - No viable dags retrieved from /home/ubuntu/ec2_customer_chum_venv/lib/python3.10/site-packages/airflow/example_dags/plugins/event_listener.py
[2023-12-07T16:50:00.779+0000] {processor.py:179} INFO - Processing /home/ubuntu/ec2_customer_chum_venv/lib/python3.10/site-packages/airflow/example_dags/plugins/event_listener.py took 0.019 seconds
[2023-12-07T16:50:47.438+0000] {processor.py:157} INFO - Started process (PID=5058) to work on /home/ubuntu/ec2_customer_chum_venv/lib/python3.10/site-packages/airflow/example_dags/plugins/event_listener.py
[2023-12-07T16:50:47.439+0000] {processor.py:829} INFO - Processing file /home/ubuntu/ec2_customer_chum_venv/lib/python3.10/site-packages/airflow/example_dags/plugins/event_listener.py for tasks to queue
[2023-12-07T16:50:47.440+0000] {logging_mixin.py:154} INFO - [2023-12-07T16:50:47.440+0000] {dagbag.py:536} INFO - Filling up the DagBag from /home/ubuntu/ec2_customer_chum_venv/lib/python3.10/site-packages/airflow/example_dags/plugins/event_listener.py
[2023-12-07T16:50:47.443+0000] {processor.py:841} WARNING - No viable dags retrieved from /home/ubuntu/ec2_customer_chum_venv/lib/python3.10/site-packages/airflow/example_dags/plugins/event_listener.py
[2023-12-07T16:50:47.453+0000] {processor.py:179} INFO - Processing /home/ubuntu/ec2_customer_chum_venv/lib/python3.10/site-packages/airflow/example_dags/plugins/event_listener.py took 0.019 seconds
[2023-12-07T16:51:22.694+0000] {processor.py:157} INFO - Started process (PID=5095) to work on /home/ubuntu/ec2_customer_chum_venv/lib/python3.10/site-packages/airflow/example_dags/plugins/event_listener.py
[2023-12-07T16:51:22.696+0000] {processor.py:829} INFO - Processing file /home/ubuntu/ec2_customer_chum_venv/lib/python3.10/site-packages/airflow/example_dags/plugins/event_listener.py for tasks to queue
[2023-12-07T16:51:22.696+0000] {logging_mixin.py:154} INFO - [2023-12-07T16:51:22.696+0000] {dagbag.py:536} INFO - Filling up the DagBag from /home/ubuntu/ec2_customer_chum_venv/lib/python3.10/site-packages/airflow/example_dags/plugins/event_listener.py
[2023-12-07T16:51:22.699+0000] {processor.py:841} WARNING - No viable dags retrieved from /home/ubuntu/ec2_customer_chum_venv/lib/python3.10/site-packages/airflow/example_dags/plugins/event_listener.py
[2023-12-07T16:51:22.710+0000] {processor.py:179} INFO - Processing /home/ubuntu/ec2_customer_chum_venv/lib/python3.10/site-packages/airflow/example_dags/plugins/event_listener.py took 0.019 seconds
[2023-12-07T16:51:57.801+0000] {processor.py:157} INFO - Started process (PID=5129) to work on /home/ubuntu/ec2_customer_chum_venv/lib/python3.10/site-packages/airflow/example_dags/plugins/event_listener.py
[2023-12-07T16:51:57.802+0000] {processor.py:829} INFO - Processing file /home/ubuntu/ec2_customer_chum_venv/lib/python3.10/site-packages/airflow/example_dags/plugins/event_listener.py for tasks to queue
[2023-12-07T16:51:57.803+0000] {logging_mixin.py:154} INFO - [2023-12-07T16:51:57.803+0000] {dagbag.py:536} INFO - Filling up the DagBag from /home/ubuntu/ec2_customer_chum_venv/lib/python3.10/site-packages/airflow/example_dags/plugins/event_listener.py
[2023-12-07T16:51:57.806+0000] {processor.py:841} WARNING - No viable dags retrieved from /home/ubuntu/ec2_customer_chum_venv/lib/python3.10/site-packages/airflow/example_dags/plugins/event_listener.py
[2023-12-07T16:51:57.817+0000] {processor.py:179} INFO - Processing /home/ubuntu/ec2_customer_chum_venv/lib/python3.10/site-packages/airflow/example_dags/plugins/event_listener.py took 0.019 seconds
[2023-12-07T16:52:46.113+0000] {processor.py:157} INFO - Started process (PID=5181) to work on /home/ubuntu/ec2_customer_chum_venv/lib/python3.10/site-packages/airflow/example_dags/plugins/event_listener.py
[2023-12-07T16:52:46.114+0000] {processor.py:829} INFO - Processing file /home/ubuntu/ec2_customer_chum_venv/lib/python3.10/site-packages/airflow/example_dags/plugins/event_listener.py for tasks to queue
[2023-12-07T16:52:46.115+0000] {logging_mixin.py:154} INFO - [2023-12-07T16:52:46.115+0000] {dagbag.py:536} INFO - Filling up the DagBag from /home/ubuntu/ec2_customer_chum_venv/lib/python3.10/site-packages/airflow/example_dags/plugins/event_listener.py
[2023-12-07T16:52:46.118+0000] {processor.py:841} WARNING - No viable dags retrieved from /home/ubuntu/ec2_customer_chum_venv/lib/python3.10/site-packages/airflow/example_dags/plugins/event_listener.py
[2023-12-07T16:52:46.128+0000] {processor.py:179} INFO - Processing /home/ubuntu/ec2_customer_chum_venv/lib/python3.10/site-packages/airflow/example_dags/plugins/event_listener.py took 0.019 seconds
[2023-12-07T16:53:44.577+0000] {processor.py:157} INFO - Started process (PID=5228) to work on /home/ubuntu/ec2_customer_chum_venv/lib/python3.10/site-packages/airflow/example_dags/plugins/event_listener.py
[2023-12-07T16:53:44.578+0000] {processor.py:829} INFO - Processing file /home/ubuntu/ec2_customer_chum_venv/lib/python3.10/site-packages/airflow/example_dags/plugins/event_listener.py for tasks to queue
[2023-12-07T16:53:44.579+0000] {logging_mixin.py:154} INFO - [2023-12-07T16:53:44.579+0000] {dagbag.py:536} INFO - Filling up the DagBag from /home/ubuntu/ec2_customer_chum_venv/lib/python3.10/site-packages/airflow/example_dags/plugins/event_listener.py
[2023-12-07T16:53:44.582+0000] {processor.py:841} WARNING - No viable dags retrieved from /home/ubuntu/ec2_customer_chum_venv/lib/python3.10/site-packages/airflow/example_dags/plugins/event_listener.py
[2023-12-07T16:53:44.592+0000] {processor.py:179} INFO - Processing /home/ubuntu/ec2_customer_chum_venv/lib/python3.10/site-packages/airflow/example_dags/plugins/event_listener.py took 0.019 seconds
[2023-12-07T16:54:28.776+0000] {processor.py:157} INFO - Started process (PID=5277) to work on /home/ubuntu/ec2_customer_chum_venv/lib/python3.10/site-packages/airflow/example_dags/plugins/event_listener.py
[2023-12-07T16:54:28.778+0000] {processor.py:829} INFO - Processing file /home/ubuntu/ec2_customer_chum_venv/lib/python3.10/site-packages/airflow/example_dags/plugins/event_listener.py for tasks to queue
[2023-12-07T16:54:28.778+0000] {logging_mixin.py:154} INFO - [2023-12-07T16:54:28.778+0000] {dagbag.py:536} INFO - Filling up the DagBag from /home/ubuntu/ec2_customer_chum_venv/lib/python3.10/site-packages/airflow/example_dags/plugins/event_listener.py
[2023-12-07T16:54:28.781+0000] {processor.py:841} WARNING - No viable dags retrieved from /home/ubuntu/ec2_customer_chum_venv/lib/python3.10/site-packages/airflow/example_dags/plugins/event_listener.py
[2023-12-07T16:54:28.791+0000] {processor.py:179} INFO - Processing /home/ubuntu/ec2_customer_chum_venv/lib/python3.10/site-packages/airflow/example_dags/plugins/event_listener.py took 0.019 seconds
[2023-12-07T16:55:14.625+0000] {processor.py:157} INFO - Started process (PID=5324) to work on /home/ubuntu/ec2_customer_chum_venv/lib/python3.10/site-packages/airflow/example_dags/plugins/event_listener.py
[2023-12-07T16:55:14.627+0000] {processor.py:829} INFO - Processing file /home/ubuntu/ec2_customer_chum_venv/lib/python3.10/site-packages/airflow/example_dags/plugins/event_listener.py for tasks to queue
[2023-12-07T16:55:14.628+0000] {logging_mixin.py:154} INFO - [2023-12-07T16:55:14.628+0000] {dagbag.py:536} INFO - Filling up the DagBag from /home/ubuntu/ec2_customer_chum_venv/lib/python3.10/site-packages/airflow/example_dags/plugins/event_listener.py
[2023-12-07T16:55:14.631+0000] {processor.py:841} WARNING - No viable dags retrieved from /home/ubuntu/ec2_customer_chum_venv/lib/python3.10/site-packages/airflow/example_dags/plugins/event_listener.py
[2023-12-07T16:55:14.642+0000] {processor.py:179} INFO - Processing /home/ubuntu/ec2_customer_chum_venv/lib/python3.10/site-packages/airflow/example_dags/plugins/event_listener.py took 0.020 seconds
[2023-12-07T16:55:58.736+0000] {processor.py:157} INFO - Started process (PID=5370) to work on /home/ubuntu/ec2_customer_chum_venv/lib/python3.10/site-packages/airflow/example_dags/plugins/event_listener.py
[2023-12-07T16:55:58.737+0000] {processor.py:829} INFO - Processing file /home/ubuntu/ec2_customer_chum_venv/lib/python3.10/site-packages/airflow/example_dags/plugins/event_listener.py for tasks to queue
[2023-12-07T16:55:58.738+0000] {logging_mixin.py:154} INFO - [2023-12-07T16:55:58.738+0000] {dagbag.py:536} INFO - Filling up the DagBag from /home/ubuntu/ec2_customer_chum_venv/lib/python3.10/site-packages/airflow/example_dags/plugins/event_listener.py
[2023-12-07T16:55:58.740+0000] {processor.py:841} WARNING - No viable dags retrieved from /home/ubuntu/ec2_customer_chum_venv/lib/python3.10/site-packages/airflow/example_dags/plugins/event_listener.py
[2023-12-07T16:55:58.751+0000] {processor.py:179} INFO - Processing /home/ubuntu/ec2_customer_chum_venv/lib/python3.10/site-packages/airflow/example_dags/plugins/event_listener.py took 0.019 seconds
[2023-12-07T16:56:41.237+0000] {processor.py:157} INFO - Started process (PID=5416) to work on /home/ubuntu/ec2_customer_chum_venv/lib/python3.10/site-packages/airflow/example_dags/plugins/event_listener.py
[2023-12-07T16:56:41.238+0000] {processor.py:829} INFO - Processing file /home/ubuntu/ec2_customer_chum_venv/lib/python3.10/site-packages/airflow/example_dags/plugins/event_listener.py for tasks to queue
[2023-12-07T16:56:41.239+0000] {logging_mixin.py:154} INFO - [2023-12-07T16:56:41.239+0000] {dagbag.py:536} INFO - Filling up the DagBag from /home/ubuntu/ec2_customer_chum_venv/lib/python3.10/site-packages/airflow/example_dags/plugins/event_listener.py
[2023-12-07T16:56:41.242+0000] {processor.py:841} WARNING - No viable dags retrieved from /home/ubuntu/ec2_customer_chum_venv/lib/python3.10/site-packages/airflow/example_dags/plugins/event_listener.py
[2023-12-07T16:56:41.252+0000] {processor.py:179} INFO - Processing /home/ubuntu/ec2_customer_chum_venv/lib/python3.10/site-packages/airflow/example_dags/plugins/event_listener.py took 0.019 seconds
[2023-12-07T16:57:24.048+0000] {processor.py:157} INFO - Started process (PID=5459) to work on /home/ubuntu/ec2_customer_chum_venv/lib/python3.10/site-packages/airflow/example_dags/plugins/event_listener.py
[2023-12-07T16:57:24.050+0000] {processor.py:829} INFO - Processing file /home/ubuntu/ec2_customer_chum_venv/lib/python3.10/site-packages/airflow/example_dags/plugins/event_listener.py for tasks to queue
[2023-12-07T16:57:24.051+0000] {logging_mixin.py:154} INFO - [2023-12-07T16:57:24.050+0000] {dagbag.py:536} INFO - Filling up the DagBag from /home/ubuntu/ec2_customer_chum_venv/lib/python3.10/site-packages/airflow/example_dags/plugins/event_listener.py
[2023-12-07T16:57:24.053+0000] {processor.py:841} WARNING - No viable dags retrieved from /home/ubuntu/ec2_customer_chum_venv/lib/python3.10/site-packages/airflow/example_dags/plugins/event_listener.py
[2023-12-07T16:57:24.064+0000] {processor.py:179} INFO - Processing /home/ubuntu/ec2_customer_chum_venv/lib/python3.10/site-packages/airflow/example_dags/plugins/event_listener.py took 0.019 seconds
[2023-12-07T16:58:07.743+0000] {processor.py:157} INFO - Started process (PID=5505) to work on /home/ubuntu/ec2_customer_chum_venv/lib/python3.10/site-packages/airflow/example_dags/plugins/event_listener.py
[2023-12-07T16:58:07.744+0000] {processor.py:829} INFO - Processing file /home/ubuntu/ec2_customer_chum_venv/lib/python3.10/site-packages/airflow/example_dags/plugins/event_listener.py for tasks to queue
[2023-12-07T16:58:07.745+0000] {logging_mixin.py:154} INFO - [2023-12-07T16:58:07.745+0000] {dagbag.py:536} INFO - Filling up the DagBag from /home/ubuntu/ec2_customer_chum_venv/lib/python3.10/site-packages/airflow/example_dags/plugins/event_listener.py
[2023-12-07T16:58:07.748+0000] {processor.py:841} WARNING - No viable dags retrieved from /home/ubuntu/ec2_customer_chum_venv/lib/python3.10/site-packages/airflow/example_dags/plugins/event_listener.py
[2023-12-07T16:58:07.758+0000] {processor.py:179} INFO - Processing /home/ubuntu/ec2_customer_chum_venv/lib/python3.10/site-packages/airflow/example_dags/plugins/event_listener.py took 0.019 seconds
[2023-12-07T16:58:51.861+0000] {processor.py:157} INFO - Started process (PID=5553) to work on /home/ubuntu/ec2_customer_chum_venv/lib/python3.10/site-packages/airflow/example_dags/plugins/event_listener.py
[2023-12-07T16:58:51.862+0000] {processor.py:829} INFO - Processing file /home/ubuntu/ec2_customer_chum_venv/lib/python3.10/site-packages/airflow/example_dags/plugins/event_listener.py for tasks to queue
[2023-12-07T16:58:51.863+0000] {logging_mixin.py:154} INFO - [2023-12-07T16:58:51.863+0000] {dagbag.py:536} INFO - Filling up the DagBag from /home/ubuntu/ec2_customer_chum_venv/lib/python3.10/site-packages/airflow/example_dags/plugins/event_listener.py
[2023-12-07T16:58:51.866+0000] {processor.py:841} WARNING - No viable dags retrieved from /home/ubuntu/ec2_customer_chum_venv/lib/python3.10/site-packages/airflow/example_dags/plugins/event_listener.py
[2023-12-07T16:58:51.877+0000] {processor.py:179} INFO - Processing /home/ubuntu/ec2_customer_chum_venv/lib/python3.10/site-packages/airflow/example_dags/plugins/event_listener.py took 0.019 seconds
[2023-12-07T16:59:34.361+0000] {processor.py:157} INFO - Started process (PID=5596) to work on /home/ubuntu/ec2_customer_chum_venv/lib/python3.10/site-packages/airflow/example_dags/plugins/event_listener.py
[2023-12-07T16:59:34.362+0000] {processor.py:829} INFO - Processing file /home/ubuntu/ec2_customer_chum_venv/lib/python3.10/site-packages/airflow/example_dags/plugins/event_listener.py for tasks to queue
[2023-12-07T16:59:34.363+0000] {logging_mixin.py:154} INFO - [2023-12-07T16:59:34.363+0000] {dagbag.py:536} INFO - Filling up the DagBag from /home/ubuntu/ec2_customer_chum_venv/lib/python3.10/site-packages/airflow/example_dags/plugins/event_listener.py
[2023-12-07T16:59:34.366+0000] {processor.py:841} WARNING - No viable dags retrieved from /home/ubuntu/ec2_customer_chum_venv/lib/python3.10/site-packages/airflow/example_dags/plugins/event_listener.py
[2023-12-07T16:59:34.376+0000] {processor.py:179} INFO - Processing /home/ubuntu/ec2_customer_chum_venv/lib/python3.10/site-packages/airflow/example_dags/plugins/event_listener.py took 0.019 seconds
[2023-12-07T17:00:17.917+0000] {processor.py:157} INFO - Started process (PID=5642) to work on /home/ubuntu/ec2_customer_chum_venv/lib/python3.10/site-packages/airflow/example_dags/plugins/event_listener.py
[2023-12-07T17:00:17.918+0000] {processor.py:829} INFO - Processing file /home/ubuntu/ec2_customer_chum_venv/lib/python3.10/site-packages/airflow/example_dags/plugins/event_listener.py for tasks to queue
[2023-12-07T17:00:17.919+0000] {logging_mixin.py:154} INFO - [2023-12-07T17:00:17.919+0000] {dagbag.py:536} INFO - Filling up the DagBag from /home/ubuntu/ec2_customer_chum_venv/lib/python3.10/site-packages/airflow/example_dags/plugins/event_listener.py
[2023-12-07T17:00:17.922+0000] {processor.py:841} WARNING - No viable dags retrieved from /home/ubuntu/ec2_customer_chum_venv/lib/python3.10/site-packages/airflow/example_dags/plugins/event_listener.py
[2023-12-07T17:00:17.933+0000] {processor.py:179} INFO - Processing /home/ubuntu/ec2_customer_chum_venv/lib/python3.10/site-packages/airflow/example_dags/plugins/event_listener.py took 0.020 seconds
[2023-12-07T17:01:04.783+0000] {processor.py:157} INFO - Started process (PID=5689) to work on /home/ubuntu/ec2_customer_chum_venv/lib/python3.10/site-packages/airflow/example_dags/plugins/event_listener.py
[2023-12-07T17:01:04.785+0000] {processor.py:829} INFO - Processing file /home/ubuntu/ec2_customer_chum_venv/lib/python3.10/site-packages/airflow/example_dags/plugins/event_listener.py for tasks to queue
[2023-12-07T17:01:04.786+0000] {logging_mixin.py:154} INFO - [2023-12-07T17:01:04.786+0000] {dagbag.py:536} INFO - Filling up the DagBag from /home/ubuntu/ec2_customer_chum_venv/lib/python3.10/site-packages/airflow/example_dags/plugins/event_listener.py
[2023-12-07T17:01:04.789+0000] {processor.py:841} WARNING - No viable dags retrieved from /home/ubuntu/ec2_customer_chum_venv/lib/python3.10/site-packages/airflow/example_dags/plugins/event_listener.py
[2023-12-07T17:01:04.800+0000] {processor.py:179} INFO - Processing /home/ubuntu/ec2_customer_chum_venv/lib/python3.10/site-packages/airflow/example_dags/plugins/event_listener.py took 0.021 seconds
[2023-12-07T17:01:49.428+0000] {processor.py:157} INFO - Started process (PID=5735) to work on /home/ubuntu/ec2_customer_chum_venv/lib/python3.10/site-packages/airflow/example_dags/plugins/event_listener.py
[2023-12-07T17:01:49.430+0000] {processor.py:829} INFO - Processing file /home/ubuntu/ec2_customer_chum_venv/lib/python3.10/site-packages/airflow/example_dags/plugins/event_listener.py for tasks to queue
[2023-12-07T17:01:49.430+0000] {logging_mixin.py:154} INFO - [2023-12-07T17:01:49.430+0000] {dagbag.py:536} INFO - Filling up the DagBag from /home/ubuntu/ec2_customer_chum_venv/lib/python3.10/site-packages/airflow/example_dags/plugins/event_listener.py
[2023-12-07T17:01:49.433+0000] {processor.py:841} WARNING - No viable dags retrieved from /home/ubuntu/ec2_customer_chum_venv/lib/python3.10/site-packages/airflow/example_dags/plugins/event_listener.py
[2023-12-07T17:01:49.444+0000] {processor.py:179} INFO - Processing /home/ubuntu/ec2_customer_chum_venv/lib/python3.10/site-packages/airflow/example_dags/plugins/event_listener.py took 0.019 seconds
[2023-12-07T17:02:37.216+0000] {processor.py:157} INFO - Started process (PID=5783) to work on /home/ubuntu/ec2_customer_chum_venv/lib/python3.10/site-packages/airflow/example_dags/plugins/event_listener.py
[2023-12-07T17:02:37.217+0000] {processor.py:829} INFO - Processing file /home/ubuntu/ec2_customer_chum_venv/lib/python3.10/site-packages/airflow/example_dags/plugins/event_listener.py for tasks to queue
[2023-12-07T17:02:37.218+0000] {logging_mixin.py:154} INFO - [2023-12-07T17:02:37.218+0000] {dagbag.py:536} INFO - Filling up the DagBag from /home/ubuntu/ec2_customer_chum_venv/lib/python3.10/site-packages/airflow/example_dags/plugins/event_listener.py
[2023-12-07T17:02:37.221+0000] {processor.py:841} WARNING - No viable dags retrieved from /home/ubuntu/ec2_customer_chum_venv/lib/python3.10/site-packages/airflow/example_dags/plugins/event_listener.py
[2023-12-07T17:02:37.231+0000] {processor.py:179} INFO - Processing /home/ubuntu/ec2_customer_chum_venv/lib/python3.10/site-packages/airflow/example_dags/plugins/event_listener.py took 0.019 seconds
[2023-12-07T17:03:25.534+0000] {processor.py:157} INFO - Started process (PID=5831) to work on /home/ubuntu/ec2_customer_chum_venv/lib/python3.10/site-packages/airflow/example_dags/plugins/event_listener.py
[2023-12-07T17:03:25.535+0000] {processor.py:829} INFO - Processing file /home/ubuntu/ec2_customer_chum_venv/lib/python3.10/site-packages/airflow/example_dags/plugins/event_listener.py for tasks to queue
[2023-12-07T17:03:25.536+0000] {logging_mixin.py:154} INFO - [2023-12-07T17:03:25.536+0000] {dagbag.py:536} INFO - Filling up the DagBag from /home/ubuntu/ec2_customer_chum_venv/lib/python3.10/site-packages/airflow/example_dags/plugins/event_listener.py
[2023-12-07T17:03:25.539+0000] {processor.py:841} WARNING - No viable dags retrieved from /home/ubuntu/ec2_customer_chum_venv/lib/python3.10/site-packages/airflow/example_dags/plugins/event_listener.py
[2023-12-07T17:03:25.550+0000] {processor.py:179} INFO - Processing /home/ubuntu/ec2_customer_chum_venv/lib/python3.10/site-packages/airflow/example_dags/plugins/event_listener.py took 0.019 seconds
[2023-12-07T17:04:08.522+0000] {processor.py:157} INFO - Started process (PID=5876) to work on /home/ubuntu/ec2_customer_chum_venv/lib/python3.10/site-packages/airflow/example_dags/plugins/event_listener.py
[2023-12-07T17:04:08.525+0000] {processor.py:829} INFO - Processing file /home/ubuntu/ec2_customer_chum_venv/lib/python3.10/site-packages/airflow/example_dags/plugins/event_listener.py for tasks to queue
[2023-12-07T17:04:08.526+0000] {logging_mixin.py:154} INFO - [2023-12-07T17:04:08.525+0000] {dagbag.py:536} INFO - Filling up the DagBag from /home/ubuntu/ec2_customer_chum_venv/lib/python3.10/site-packages/airflow/example_dags/plugins/event_listener.py
[2023-12-07T17:04:08.528+0000] {processor.py:841} WARNING - No viable dags retrieved from /home/ubuntu/ec2_customer_chum_venv/lib/python3.10/site-packages/airflow/example_dags/plugins/event_listener.py
[2023-12-07T17:04:08.539+0000] {processor.py:179} INFO - Processing /home/ubuntu/ec2_customer_chum_venv/lib/python3.10/site-packages/airflow/example_dags/plugins/event_listener.py took 0.020 seconds
[2023-12-07T17:04:56.676+0000] {processor.py:157} INFO - Started process (PID=5928) to work on /home/ubuntu/ec2_customer_chum_venv/lib/python3.10/site-packages/airflow/example_dags/plugins/event_listener.py
[2023-12-07T17:04:56.677+0000] {processor.py:829} INFO - Processing file /home/ubuntu/ec2_customer_chum_venv/lib/python3.10/site-packages/airflow/example_dags/plugins/event_listener.py for tasks to queue
[2023-12-07T17:04:56.678+0000] {logging_mixin.py:154} INFO - [2023-12-07T17:04:56.678+0000] {dagbag.py:536} INFO - Filling up the DagBag from /home/ubuntu/ec2_customer_chum_venv/lib/python3.10/site-packages/airflow/example_dags/plugins/event_listener.py
[2023-12-07T17:04:56.681+0000] {processor.py:841} WARNING - No viable dags retrieved from /home/ubuntu/ec2_customer_chum_venv/lib/python3.10/site-packages/airflow/example_dags/plugins/event_listener.py
[2023-12-07T17:04:56.691+0000] {processor.py:179} INFO - Processing /home/ubuntu/ec2_customer_chum_venv/lib/python3.10/site-packages/airflow/example_dags/plugins/event_listener.py took 0.019 seconds
[2023-12-07T17:05:38.208+0000] {processor.py:157} INFO - Started process (PID=5972) to work on /home/ubuntu/ec2_customer_chum_venv/lib/python3.10/site-packages/airflow/example_dags/plugins/event_listener.py
[2023-12-07T17:05:38.209+0000] {processor.py:829} INFO - Processing file /home/ubuntu/ec2_customer_chum_venv/lib/python3.10/site-packages/airflow/example_dags/plugins/event_listener.py for tasks to queue
[2023-12-07T17:05:38.210+0000] {logging_mixin.py:154} INFO - [2023-12-07T17:05:38.210+0000] {dagbag.py:536} INFO - Filling up the DagBag from /home/ubuntu/ec2_customer_chum_venv/lib/python3.10/site-packages/airflow/example_dags/plugins/event_listener.py
[2023-12-07T17:05:38.213+0000] {processor.py:841} WARNING - No viable dags retrieved from /home/ubuntu/ec2_customer_chum_venv/lib/python3.10/site-packages/airflow/example_dags/plugins/event_listener.py
[2023-12-07T17:05:38.224+0000] {processor.py:179} INFO - Processing /home/ubuntu/ec2_customer_chum_venv/lib/python3.10/site-packages/airflow/example_dags/plugins/event_listener.py took 0.019 seconds
[2023-12-07T17:06:21.575+0000] {processor.py:157} INFO - Started process (PID=6018) to work on /home/ubuntu/ec2_customer_chum_venv/lib/python3.10/site-packages/airflow/example_dags/plugins/event_listener.py
[2023-12-07T17:06:21.577+0000] {processor.py:829} INFO - Processing file /home/ubuntu/ec2_customer_chum_venv/lib/python3.10/site-packages/airflow/example_dags/plugins/event_listener.py for tasks to queue
[2023-12-07T17:06:21.578+0000] {logging_mixin.py:154} INFO - [2023-12-07T17:06:21.577+0000] {dagbag.py:536} INFO - Filling up the DagBag from /home/ubuntu/ec2_customer_chum_venv/lib/python3.10/site-packages/airflow/example_dags/plugins/event_listener.py
[2023-12-07T17:06:21.580+0000] {processor.py:841} WARNING - No viable dags retrieved from /home/ubuntu/ec2_customer_chum_venv/lib/python3.10/site-packages/airflow/example_dags/plugins/event_listener.py
[2023-12-07T17:06:21.591+0000] {processor.py:179} INFO - Processing /home/ubuntu/ec2_customer_chum_venv/lib/python3.10/site-packages/airflow/example_dags/plugins/event_listener.py took 0.020 seconds
[2023-12-07T17:07:08.437+0000] {processor.py:157} INFO - Started process (PID=6064) to work on /home/ubuntu/ec2_customer_chum_venv/lib/python3.10/site-packages/airflow/example_dags/plugins/event_listener.py
[2023-12-07T17:07:08.439+0000] {processor.py:829} INFO - Processing file /home/ubuntu/ec2_customer_chum_venv/lib/python3.10/site-packages/airflow/example_dags/plugins/event_listener.py for tasks to queue
[2023-12-07T17:07:08.439+0000] {logging_mixin.py:154} INFO - [2023-12-07T17:07:08.439+0000] {dagbag.py:536} INFO - Filling up the DagBag from /home/ubuntu/ec2_customer_chum_venv/lib/python3.10/site-packages/airflow/example_dags/plugins/event_listener.py
[2023-12-07T17:07:08.442+0000] {processor.py:841} WARNING - No viable dags retrieved from /home/ubuntu/ec2_customer_chum_venv/lib/python3.10/site-packages/airflow/example_dags/plugins/event_listener.py
[2023-12-07T17:07:08.453+0000] {processor.py:179} INFO - Processing /home/ubuntu/ec2_customer_chum_venv/lib/python3.10/site-packages/airflow/example_dags/plugins/event_listener.py took 0.019 seconds
[2023-12-07T17:07:52.998+0000] {processor.py:157} INFO - Started process (PID=6110) to work on /home/ubuntu/ec2_customer_chum_venv/lib/python3.10/site-packages/airflow/example_dags/plugins/event_listener.py
[2023-12-07T17:07:52.999+0000] {processor.py:829} INFO - Processing file /home/ubuntu/ec2_customer_chum_venv/lib/python3.10/site-packages/airflow/example_dags/plugins/event_listener.py for tasks to queue
[2023-12-07T17:07:53.000+0000] {logging_mixin.py:154} INFO - [2023-12-07T17:07:52.999+0000] {dagbag.py:536} INFO - Filling up the DagBag from /home/ubuntu/ec2_customer_chum_venv/lib/python3.10/site-packages/airflow/example_dags/plugins/event_listener.py
[2023-12-07T17:07:53.003+0000] {processor.py:841} WARNING - No viable dags retrieved from /home/ubuntu/ec2_customer_chum_venv/lib/python3.10/site-packages/airflow/example_dags/plugins/event_listener.py
[2023-12-07T17:07:53.014+0000] {processor.py:179} INFO - Processing /home/ubuntu/ec2_customer_chum_venv/lib/python3.10/site-packages/airflow/example_dags/plugins/event_listener.py took 0.019 seconds
[2023-12-07T17:08:27.270+0000] {processor.py:157} INFO - Started process (PID=6144) to work on /home/ubuntu/ec2_customer_chum_venv/lib/python3.10/site-packages/airflow/example_dags/plugins/event_listener.py
[2023-12-07T17:08:27.271+0000] {processor.py:829} INFO - Processing file /home/ubuntu/ec2_customer_chum_venv/lib/python3.10/site-packages/airflow/example_dags/plugins/event_listener.py for tasks to queue
[2023-12-07T17:08:27.272+0000] {logging_mixin.py:154} INFO - [2023-12-07T17:08:27.272+0000] {dagbag.py:536} INFO - Filling up the DagBag from /home/ubuntu/ec2_customer_chum_venv/lib/python3.10/site-packages/airflow/example_dags/plugins/event_listener.py
[2023-12-07T17:08:27.275+0000] {processor.py:841} WARNING - No viable dags retrieved from /home/ubuntu/ec2_customer_chum_venv/lib/python3.10/site-packages/airflow/example_dags/plugins/event_listener.py
[2023-12-07T17:08:27.285+0000] {processor.py:179} INFO - Processing /home/ubuntu/ec2_customer_chum_venv/lib/python3.10/site-packages/airflow/example_dags/plugins/event_listener.py took 0.019 seconds
[2023-12-07T17:09:12.643+0000] {processor.py:157} INFO - Started process (PID=6191) to work on /home/ubuntu/ec2_customer_chum_venv/lib/python3.10/site-packages/airflow/example_dags/plugins/event_listener.py
[2023-12-07T17:09:12.644+0000] {processor.py:829} INFO - Processing file /home/ubuntu/ec2_customer_chum_venv/lib/python3.10/site-packages/airflow/example_dags/plugins/event_listener.py for tasks to queue
[2023-12-07T17:09:12.645+0000] {logging_mixin.py:154} INFO - [2023-12-07T17:09:12.644+0000] {dagbag.py:536} INFO - Filling up the DagBag from /home/ubuntu/ec2_customer_chum_venv/lib/python3.10/site-packages/airflow/example_dags/plugins/event_listener.py
[2023-12-07T17:09:12.647+0000] {processor.py:841} WARNING - No viable dags retrieved from /home/ubuntu/ec2_customer_chum_venv/lib/python3.10/site-packages/airflow/example_dags/plugins/event_listener.py
[2023-12-07T17:09:12.658+0000] {processor.py:179} INFO - Processing /home/ubuntu/ec2_customer_chum_venv/lib/python3.10/site-packages/airflow/example_dags/plugins/event_listener.py took 0.019 seconds
[2023-12-07T17:09:54.784+0000] {processor.py:157} INFO - Started process (PID=6236) to work on /home/ubuntu/ec2_customer_chum_venv/lib/python3.10/site-packages/airflow/example_dags/plugins/event_listener.py
[2023-12-07T17:09:54.786+0000] {processor.py:829} INFO - Processing file /home/ubuntu/ec2_customer_chum_venv/lib/python3.10/site-packages/airflow/example_dags/plugins/event_listener.py for tasks to queue
[2023-12-07T17:09:54.787+0000] {logging_mixin.py:154} INFO - [2023-12-07T17:09:54.786+0000] {dagbag.py:536} INFO - Filling up the DagBag from /home/ubuntu/ec2_customer_chum_venv/lib/python3.10/site-packages/airflow/example_dags/plugins/event_listener.py
[2023-12-07T17:09:54.789+0000] {processor.py:841} WARNING - No viable dags retrieved from /home/ubuntu/ec2_customer_chum_venv/lib/python3.10/site-packages/airflow/example_dags/plugins/event_listener.py
[2023-12-07T17:09:54.800+0000] {processor.py:179} INFO - Processing /home/ubuntu/ec2_customer_chum_venv/lib/python3.10/site-packages/airflow/example_dags/plugins/event_listener.py took 0.020 seconds
[2023-12-07T17:10:42.594+0000] {processor.py:157} INFO - Started process (PID=6283) to work on /home/ubuntu/ec2_customer_chum_venv/lib/python3.10/site-packages/airflow/example_dags/plugins/event_listener.py
[2023-12-07T17:10:42.595+0000] {processor.py:829} INFO - Processing file /home/ubuntu/ec2_customer_chum_venv/lib/python3.10/site-packages/airflow/example_dags/plugins/event_listener.py for tasks to queue
[2023-12-07T17:10:42.596+0000] {logging_mixin.py:154} INFO - [2023-12-07T17:10:42.596+0000] {dagbag.py:536} INFO - Filling up the DagBag from /home/ubuntu/ec2_customer_chum_venv/lib/python3.10/site-packages/airflow/example_dags/plugins/event_listener.py
[2023-12-07T17:10:42.599+0000] {processor.py:841} WARNING - No viable dags retrieved from /home/ubuntu/ec2_customer_chum_venv/lib/python3.10/site-packages/airflow/example_dags/plugins/event_listener.py
[2023-12-07T17:10:42.609+0000] {processor.py:179} INFO - Processing /home/ubuntu/ec2_customer_chum_venv/lib/python3.10/site-packages/airflow/example_dags/plugins/event_listener.py took 0.019 seconds
[2023-12-07T17:11:26.454+0000] {processor.py:157} INFO - Started process (PID=6328) to work on /home/ubuntu/ec2_customer_chum_venv/lib/python3.10/site-packages/airflow/example_dags/plugins/event_listener.py
[2023-12-07T17:11:26.455+0000] {processor.py:829} INFO - Processing file /home/ubuntu/ec2_customer_chum_venv/lib/python3.10/site-packages/airflow/example_dags/plugins/event_listener.py for tasks to queue
[2023-12-07T17:11:26.456+0000] {logging_mixin.py:154} INFO - [2023-12-07T17:11:26.456+0000] {dagbag.py:536} INFO - Filling up the DagBag from /home/ubuntu/ec2_customer_chum_venv/lib/python3.10/site-packages/airflow/example_dags/plugins/event_listener.py
[2023-12-07T17:11:26.459+0000] {processor.py:841} WARNING - No viable dags retrieved from /home/ubuntu/ec2_customer_chum_venv/lib/python3.10/site-packages/airflow/example_dags/plugins/event_listener.py
[2023-12-07T17:11:26.470+0000] {processor.py:179} INFO - Processing /home/ubuntu/ec2_customer_chum_venv/lib/python3.10/site-packages/airflow/example_dags/plugins/event_listener.py took 0.020 seconds
[2023-12-07T17:12:10.188+0000] {processor.py:157} INFO - Started process (PID=6379) to work on /home/ubuntu/ec2_customer_chum_venv/lib/python3.10/site-packages/airflow/example_dags/plugins/event_listener.py
[2023-12-07T17:12:10.189+0000] {processor.py:829} INFO - Processing file /home/ubuntu/ec2_customer_chum_venv/lib/python3.10/site-packages/airflow/example_dags/plugins/event_listener.py for tasks to queue
[2023-12-07T17:12:10.190+0000] {logging_mixin.py:154} INFO - [2023-12-07T17:12:10.190+0000] {dagbag.py:536} INFO - Filling up the DagBag from /home/ubuntu/ec2_customer_chum_venv/lib/python3.10/site-packages/airflow/example_dags/plugins/event_listener.py
[2023-12-07T17:12:10.193+0000] {processor.py:841} WARNING - No viable dags retrieved from /home/ubuntu/ec2_customer_chum_venv/lib/python3.10/site-packages/airflow/example_dags/plugins/event_listener.py
[2023-12-07T17:12:10.204+0000] {processor.py:179} INFO - Processing /home/ubuntu/ec2_customer_chum_venv/lib/python3.10/site-packages/airflow/example_dags/plugins/event_listener.py took 0.020 seconds
[2023-12-07T17:12:58.150+0000] {processor.py:157} INFO - Started process (PID=6429) to work on /home/ubuntu/ec2_customer_chum_venv/lib/python3.10/site-packages/airflow/example_dags/plugins/event_listener.py
[2023-12-07T17:12:58.152+0000] {processor.py:829} INFO - Processing file /home/ubuntu/ec2_customer_chum_venv/lib/python3.10/site-packages/airflow/example_dags/plugins/event_listener.py for tasks to queue
[2023-12-07T17:12:58.153+0000] {logging_mixin.py:154} INFO - [2023-12-07T17:12:58.153+0000] {dagbag.py:536} INFO - Filling up the DagBag from /home/ubuntu/ec2_customer_chum_venv/lib/python3.10/site-packages/airflow/example_dags/plugins/event_listener.py
[2023-12-07T17:12:58.156+0000] {processor.py:841} WARNING - No viable dags retrieved from /home/ubuntu/ec2_customer_chum_venv/lib/python3.10/site-packages/airflow/example_dags/plugins/event_listener.py
[2023-12-07T17:12:58.167+0000] {processor.py:179} INFO - Processing /home/ubuntu/ec2_customer_chum_venv/lib/python3.10/site-packages/airflow/example_dags/plugins/event_listener.py took 0.020 seconds
[2023-12-07T17:13:41.073+0000] {processor.py:157} INFO - Started process (PID=6561) to work on /home/ubuntu/ec2_customer_chum_venv/lib/python3.10/site-packages/airflow/example_dags/plugins/event_listener.py
[2023-12-07T17:13:41.075+0000] {processor.py:829} INFO - Processing file /home/ubuntu/ec2_customer_chum_venv/lib/python3.10/site-packages/airflow/example_dags/plugins/event_listener.py for tasks to queue
[2023-12-07T17:13:41.075+0000] {logging_mixin.py:154} INFO - [2023-12-07T17:13:41.075+0000] {dagbag.py:536} INFO - Filling up the DagBag from /home/ubuntu/ec2_customer_chum_venv/lib/python3.10/site-packages/airflow/example_dags/plugins/event_listener.py
[2023-12-07T17:13:41.078+0000] {processor.py:841} WARNING - No viable dags retrieved from /home/ubuntu/ec2_customer_chum_venv/lib/python3.10/site-packages/airflow/example_dags/plugins/event_listener.py
[2023-12-07T17:13:41.089+0000] {processor.py:179} INFO - Processing /home/ubuntu/ec2_customer_chum_venv/lib/python3.10/site-packages/airflow/example_dags/plugins/event_listener.py took 0.019 seconds
[2023-12-07T17:14:24.502+0000] {processor.py:157} INFO - Started process (PID=6605) to work on /home/ubuntu/ec2_customer_chum_venv/lib/python3.10/site-packages/airflow/example_dags/plugins/event_listener.py
[2023-12-07T17:14:24.503+0000] {processor.py:829} INFO - Processing file /home/ubuntu/ec2_customer_chum_venv/lib/python3.10/site-packages/airflow/example_dags/plugins/event_listener.py for tasks to queue
[2023-12-07T17:14:24.504+0000] {logging_mixin.py:154} INFO - [2023-12-07T17:14:24.504+0000] {dagbag.py:536} INFO - Filling up the DagBag from /home/ubuntu/ec2_customer_chum_venv/lib/python3.10/site-packages/airflow/example_dags/plugins/event_listener.py
[2023-12-07T17:14:24.507+0000] {processor.py:841} WARNING - No viable dags retrieved from /home/ubuntu/ec2_customer_chum_venv/lib/python3.10/site-packages/airflow/example_dags/plugins/event_listener.py
[2023-12-07T17:14:24.518+0000] {processor.py:179} INFO - Processing /home/ubuntu/ec2_customer_chum_venv/lib/python3.10/site-packages/airflow/example_dags/plugins/event_listener.py took 0.019 seconds
[2023-12-07T17:15:07.965+0000] {processor.py:157} INFO - Started process (PID=6717) to work on /home/ubuntu/ec2_customer_chum_venv/lib/python3.10/site-packages/airflow/example_dags/plugins/event_listener.py
[2023-12-07T17:15:07.966+0000] {processor.py:829} INFO - Processing file /home/ubuntu/ec2_customer_chum_venv/lib/python3.10/site-packages/airflow/example_dags/plugins/event_listener.py for tasks to queue
[2023-12-07T17:15:07.967+0000] {logging_mixin.py:154} INFO - [2023-12-07T17:15:07.967+0000] {dagbag.py:536} INFO - Filling up the DagBag from /home/ubuntu/ec2_customer_chum_venv/lib/python3.10/site-packages/airflow/example_dags/plugins/event_listener.py
[2023-12-07T17:15:07.970+0000] {processor.py:841} WARNING - No viable dags retrieved from /home/ubuntu/ec2_customer_chum_venv/lib/python3.10/site-packages/airflow/example_dags/plugins/event_listener.py
[2023-12-07T17:15:07.980+0000] {processor.py:179} INFO - Processing /home/ubuntu/ec2_customer_chum_venv/lib/python3.10/site-packages/airflow/example_dags/plugins/event_listener.py took 0.019 seconds
