[2023-12-07T16:49:06.684+0000] {processor.py:157} INFO - Started process (PID=4963) to work on /home/ubuntu/ec2_customer_chum_venv/lib/python3.10/site-packages/airflow/example_dags/plugins/listener_plugin.py
[2023-12-07T16:49:06.685+0000] {processor.py:829} INFO - Processing file /home/ubuntu/ec2_customer_chum_venv/lib/python3.10/site-packages/airflow/example_dags/plugins/listener_plugin.py for tasks to queue
[2023-12-07T16:49:06.686+0000] {logging_mixin.py:154} INFO - [2023-12-07T16:49:06.685+0000] {dagbag.py:536} INFO - Filling up the DagBag from /home/ubuntu/ec2_customer_chum_venv/lib/python3.10/site-packages/airflow/example_dags/plugins/listener_plugin.py
[2023-12-07T16:49:06.689+0000] {processor.py:841} WARNING - No viable dags retrieved from /home/ubuntu/ec2_customer_chum_venv/lib/python3.10/site-packages/airflow/example_dags/plugins/listener_plugin.py
[2023-12-07T16:49:06.700+0000] {processor.py:179} INFO - Processing /home/ubuntu/ec2_customer_chum_venv/lib/python3.10/site-packages/airflow/example_dags/plugins/listener_plugin.py took 0.019 seconds
[2023-12-07T16:49:59.373+0000] {processor.py:157} INFO - Started process (PID=5010) to work on /home/ubuntu/ec2_customer_chum_venv/lib/python3.10/site-packages/airflow/example_dags/plugins/listener_plugin.py
[2023-12-07T16:49:59.374+0000] {processor.py:829} INFO - Processing file /home/ubuntu/ec2_customer_chum_venv/lib/python3.10/site-packages/airflow/example_dags/plugins/listener_plugin.py for tasks to queue
[2023-12-07T16:49:59.375+0000] {logging_mixin.py:154} INFO - [2023-12-07T16:49:59.375+0000] {dagbag.py:536} INFO - Filling up the DagBag from /home/ubuntu/ec2_customer_chum_venv/lib/python3.10/site-packages/airflow/example_dags/plugins/listener_plugin.py
[2023-12-07T16:49:59.378+0000] {processor.py:841} WARNING - No viable dags retrieved from /home/ubuntu/ec2_customer_chum_venv/lib/python3.10/site-packages/airflow/example_dags/plugins/listener_plugin.py
[2023-12-07T16:49:59.390+0000] {processor.py:179} INFO - Processing /home/ubuntu/ec2_customer_chum_venv/lib/python3.10/site-packages/airflow/example_dags/plugins/listener_plugin.py took 0.020 seconds
[2023-12-07T16:50:35.412+0000] {processor.py:157} INFO - Started process (PID=5046) to work on /home/ubuntu/ec2_customer_chum_venv/lib/python3.10/site-packages/airflow/example_dags/plugins/listener_plugin.py
[2023-12-07T16:50:35.413+0000] {processor.py:829} INFO - Processing file /home/ubuntu/ec2_customer_chum_venv/lib/python3.10/site-packages/airflow/example_dags/plugins/listener_plugin.py for tasks to queue
[2023-12-07T16:50:35.414+0000] {logging_mixin.py:154} INFO - [2023-12-07T16:50:35.414+0000] {dagbag.py:536} INFO - Filling up the DagBag from /home/ubuntu/ec2_customer_chum_venv/lib/python3.10/site-packages/airflow/example_dags/plugins/listener_plugin.py
[2023-12-07T16:50:35.417+0000] {processor.py:841} WARNING - No viable dags retrieved from /home/ubuntu/ec2_customer_chum_venv/lib/python3.10/site-packages/airflow/example_dags/plugins/listener_plugin.py
[2023-12-07T16:50:35.428+0000] {processor.py:179} INFO - Processing /home/ubuntu/ec2_customer_chum_venv/lib/python3.10/site-packages/airflow/example_dags/plugins/listener_plugin.py took 0.020 seconds
[2023-12-07T16:51:20.810+0000] {processor.py:157} INFO - Started process (PID=5093) to work on /home/ubuntu/ec2_customer_chum_venv/lib/python3.10/site-packages/airflow/example_dags/plugins/listener_plugin.py
[2023-12-07T16:51:20.812+0000] {processor.py:829} INFO - Processing file /home/ubuntu/ec2_customer_chum_venv/lib/python3.10/site-packages/airflow/example_dags/plugins/listener_plugin.py for tasks to queue
[2023-12-07T16:51:20.813+0000] {logging_mixin.py:154} INFO - [2023-12-07T16:51:20.812+0000] {dagbag.py:536} INFO - Filling up the DagBag from /home/ubuntu/ec2_customer_chum_venv/lib/python3.10/site-packages/airflow/example_dags/plugins/listener_plugin.py
[2023-12-07T16:51:20.816+0000] {processor.py:841} WARNING - No viable dags retrieved from /home/ubuntu/ec2_customer_chum_venv/lib/python3.10/site-packages/airflow/example_dags/plugins/listener_plugin.py
[2023-12-07T16:51:20.828+0000] {processor.py:179} INFO - Processing /home/ubuntu/ec2_customer_chum_venv/lib/python3.10/site-packages/airflow/example_dags/plugins/listener_plugin.py took 0.021 seconds
[2023-12-07T16:51:55.511+0000] {processor.py:157} INFO - Started process (PID=5127) to work on /home/ubuntu/ec2_customer_chum_venv/lib/python3.10/site-packages/airflow/example_dags/plugins/listener_plugin.py
[2023-12-07T16:51:55.512+0000] {processor.py:829} INFO - Processing file /home/ubuntu/ec2_customer_chum_venv/lib/python3.10/site-packages/airflow/example_dags/plugins/listener_plugin.py for tasks to queue
[2023-12-07T16:51:55.513+0000] {logging_mixin.py:154} INFO - [2023-12-07T16:51:55.513+0000] {dagbag.py:536} INFO - Filling up the DagBag from /home/ubuntu/ec2_customer_chum_venv/lib/python3.10/site-packages/airflow/example_dags/plugins/listener_plugin.py
[2023-12-07T16:51:55.516+0000] {processor.py:841} WARNING - No viable dags retrieved from /home/ubuntu/ec2_customer_chum_venv/lib/python3.10/site-packages/airflow/example_dags/plugins/listener_plugin.py
[2023-12-07T16:51:55.527+0000] {processor.py:179} INFO - Processing /home/ubuntu/ec2_customer_chum_venv/lib/python3.10/site-packages/airflow/example_dags/plugins/listener_plugin.py took 0.020 seconds
[2023-12-07T16:52:27.695+0000] {processor.py:157} INFO - Started process (PID=5163) to work on /home/ubuntu/ec2_customer_chum_venv/lib/python3.10/site-packages/airflow/example_dags/plugins/listener_plugin.py
[2023-12-07T16:52:27.696+0000] {processor.py:829} INFO - Processing file /home/ubuntu/ec2_customer_chum_venv/lib/python3.10/site-packages/airflow/example_dags/plugins/listener_plugin.py for tasks to queue
[2023-12-07T16:52:27.697+0000] {logging_mixin.py:154} INFO - [2023-12-07T16:52:27.697+0000] {dagbag.py:536} INFO - Filling up the DagBag from /home/ubuntu/ec2_customer_chum_venv/lib/python3.10/site-packages/airflow/example_dags/plugins/listener_plugin.py
[2023-12-07T16:52:27.700+0000] {processor.py:841} WARNING - No viable dags retrieved from /home/ubuntu/ec2_customer_chum_venv/lib/python3.10/site-packages/airflow/example_dags/plugins/listener_plugin.py
[2023-12-07T16:52:27.711+0000] {processor.py:179} INFO - Processing /home/ubuntu/ec2_customer_chum_venv/lib/python3.10/site-packages/airflow/example_dags/plugins/listener_plugin.py took 0.019 seconds
[2023-12-07T16:53:00.266+0000] {processor.py:157} INFO - Started process (PID=5196) to work on /home/ubuntu/ec2_customer_chum_venv/lib/python3.10/site-packages/airflow/example_dags/plugins/listener_plugin.py
[2023-12-07T16:53:00.267+0000] {processor.py:829} INFO - Processing file /home/ubuntu/ec2_customer_chum_venv/lib/python3.10/site-packages/airflow/example_dags/plugins/listener_plugin.py for tasks to queue
[2023-12-07T16:53:00.268+0000] {logging_mixin.py:154} INFO - [2023-12-07T16:53:00.268+0000] {dagbag.py:536} INFO - Filling up the DagBag from /home/ubuntu/ec2_customer_chum_venv/lib/python3.10/site-packages/airflow/example_dags/plugins/listener_plugin.py
[2023-12-07T16:53:00.271+0000] {processor.py:841} WARNING - No viable dags retrieved from /home/ubuntu/ec2_customer_chum_venv/lib/python3.10/site-packages/airflow/example_dags/plugins/listener_plugin.py
[2023-12-07T16:53:00.284+0000] {processor.py:179} INFO - Processing /home/ubuntu/ec2_customer_chum_venv/lib/python3.10/site-packages/airflow/example_dags/plugins/listener_plugin.py took 0.022 seconds
[2023-12-07T16:53:42.293+0000] {processor.py:157} INFO - Started process (PID=5226) to work on /home/ubuntu/ec2_customer_chum_venv/lib/python3.10/site-packages/airflow/example_dags/plugins/listener_plugin.py
[2023-12-07T16:53:42.295+0000] {processor.py:829} INFO - Processing file /home/ubuntu/ec2_customer_chum_venv/lib/python3.10/site-packages/airflow/example_dags/plugins/listener_plugin.py for tasks to queue
[2023-12-07T16:53:42.296+0000] {logging_mixin.py:154} INFO - [2023-12-07T16:53:42.295+0000] {dagbag.py:536} INFO - Filling up the DagBag from /home/ubuntu/ec2_customer_chum_venv/lib/python3.10/site-packages/airflow/example_dags/plugins/listener_plugin.py
[2023-12-07T16:53:42.299+0000] {processor.py:841} WARNING - No viable dags retrieved from /home/ubuntu/ec2_customer_chum_venv/lib/python3.10/site-packages/airflow/example_dags/plugins/listener_plugin.py
[2023-12-07T16:53:42.310+0000] {processor.py:179} INFO - Processing /home/ubuntu/ec2_customer_chum_venv/lib/python3.10/site-packages/airflow/example_dags/plugins/listener_plugin.py took 0.020 seconds
[2023-12-07T16:54:27.058+0000] {processor.py:157} INFO - Started process (PID=5275) to work on /home/ubuntu/ec2_customer_chum_venv/lib/python3.10/site-packages/airflow/example_dags/plugins/listener_plugin.py
[2023-12-07T16:54:27.059+0000] {processor.py:829} INFO - Processing file /home/ubuntu/ec2_customer_chum_venv/lib/python3.10/site-packages/airflow/example_dags/plugins/listener_plugin.py for tasks to queue
[2023-12-07T16:54:27.060+0000] {logging_mixin.py:154} INFO - [2023-12-07T16:54:27.060+0000] {dagbag.py:536} INFO - Filling up the DagBag from /home/ubuntu/ec2_customer_chum_venv/lib/python3.10/site-packages/airflow/example_dags/plugins/listener_plugin.py
[2023-12-07T16:54:27.063+0000] {processor.py:841} WARNING - No viable dags retrieved from /home/ubuntu/ec2_customer_chum_venv/lib/python3.10/site-packages/airflow/example_dags/plugins/listener_plugin.py
[2023-12-07T16:54:27.075+0000] {processor.py:179} INFO - Processing /home/ubuntu/ec2_customer_chum_venv/lib/python3.10/site-packages/airflow/example_dags/plugins/listener_plugin.py took 0.021 seconds
[2023-12-07T16:55:12.345+0000] {processor.py:157} INFO - Started process (PID=5322) to work on /home/ubuntu/ec2_customer_chum_venv/lib/python3.10/site-packages/airflow/example_dags/plugins/listener_plugin.py
[2023-12-07T16:55:12.346+0000] {processor.py:829} INFO - Processing file /home/ubuntu/ec2_customer_chum_venv/lib/python3.10/site-packages/airflow/example_dags/plugins/listener_plugin.py for tasks to queue
[2023-12-07T16:55:12.347+0000] {logging_mixin.py:154} INFO - [2023-12-07T16:55:12.346+0000] {dagbag.py:536} INFO - Filling up the DagBag from /home/ubuntu/ec2_customer_chum_venv/lib/python3.10/site-packages/airflow/example_dags/plugins/listener_plugin.py
[2023-12-07T16:55:12.350+0000] {processor.py:841} WARNING - No viable dags retrieved from /home/ubuntu/ec2_customer_chum_venv/lib/python3.10/site-packages/airflow/example_dags/plugins/listener_plugin.py
[2023-12-07T16:55:12.361+0000] {processor.py:179} INFO - Processing /home/ubuntu/ec2_customer_chum_venv/lib/python3.10/site-packages/airflow/example_dags/plugins/listener_plugin.py took 0.020 seconds
[2023-12-07T16:55:56.445+0000] {processor.py:157} INFO - Started process (PID=5368) to work on /home/ubuntu/ec2_customer_chum_venv/lib/python3.10/site-packages/airflow/example_dags/plugins/listener_plugin.py
[2023-12-07T16:55:56.447+0000] {processor.py:829} INFO - Processing file /home/ubuntu/ec2_customer_chum_venv/lib/python3.10/site-packages/airflow/example_dags/plugins/listener_plugin.py for tasks to queue
[2023-12-07T16:55:56.448+0000] {logging_mixin.py:154} INFO - [2023-12-07T16:55:56.447+0000] {dagbag.py:536} INFO - Filling up the DagBag from /home/ubuntu/ec2_customer_chum_venv/lib/python3.10/site-packages/airflow/example_dags/plugins/listener_plugin.py
[2023-12-07T16:55:56.451+0000] {processor.py:841} WARNING - No viable dags retrieved from /home/ubuntu/ec2_customer_chum_venv/lib/python3.10/site-packages/airflow/example_dags/plugins/listener_plugin.py
[2023-12-07T16:55:56.462+0000] {processor.py:179} INFO - Processing /home/ubuntu/ec2_customer_chum_venv/lib/python3.10/site-packages/airflow/example_dags/plugins/listener_plugin.py took 0.020 seconds
[2023-12-07T16:56:39.901+0000] {processor.py:157} INFO - Started process (PID=5414) to work on /home/ubuntu/ec2_customer_chum_venv/lib/python3.10/site-packages/airflow/example_dags/plugins/listener_plugin.py
[2023-12-07T16:56:39.902+0000] {processor.py:829} INFO - Processing file /home/ubuntu/ec2_customer_chum_venv/lib/python3.10/site-packages/airflow/example_dags/plugins/listener_plugin.py for tasks to queue
[2023-12-07T16:56:39.903+0000] {logging_mixin.py:154} INFO - [2023-12-07T16:56:39.903+0000] {dagbag.py:536} INFO - Filling up the DagBag from /home/ubuntu/ec2_customer_chum_venv/lib/python3.10/site-packages/airflow/example_dags/plugins/listener_plugin.py
[2023-12-07T16:56:39.906+0000] {processor.py:841} WARNING - No viable dags retrieved from /home/ubuntu/ec2_customer_chum_venv/lib/python3.10/site-packages/airflow/example_dags/plugins/listener_plugin.py
[2023-12-07T16:56:39.917+0000] {processor.py:179} INFO - Processing /home/ubuntu/ec2_customer_chum_venv/lib/python3.10/site-packages/airflow/example_dags/plugins/listener_plugin.py took 0.019 seconds
[2023-12-07T16:57:21.768+0000] {processor.py:157} INFO - Started process (PID=5457) to work on /home/ubuntu/ec2_customer_chum_venv/lib/python3.10/site-packages/airflow/example_dags/plugins/listener_plugin.py
[2023-12-07T16:57:21.770+0000] {processor.py:829} INFO - Processing file /home/ubuntu/ec2_customer_chum_venv/lib/python3.10/site-packages/airflow/example_dags/plugins/listener_plugin.py for tasks to queue
[2023-12-07T16:57:21.770+0000] {logging_mixin.py:154} INFO - [2023-12-07T16:57:21.770+0000] {dagbag.py:536} INFO - Filling up the DagBag from /home/ubuntu/ec2_customer_chum_venv/lib/python3.10/site-packages/airflow/example_dags/plugins/listener_plugin.py
[2023-12-07T16:57:21.773+0000] {processor.py:841} WARNING - No viable dags retrieved from /home/ubuntu/ec2_customer_chum_venv/lib/python3.10/site-packages/airflow/example_dags/plugins/listener_plugin.py
[2023-12-07T16:57:21.785+0000] {processor.py:179} INFO - Processing /home/ubuntu/ec2_customer_chum_venv/lib/python3.10/site-packages/airflow/example_dags/plugins/listener_plugin.py took 0.020 seconds
[2023-12-07T16:58:05.451+0000] {processor.py:157} INFO - Started process (PID=5503) to work on /home/ubuntu/ec2_customer_chum_venv/lib/python3.10/site-packages/airflow/example_dags/plugins/listener_plugin.py
[2023-12-07T16:58:05.452+0000] {processor.py:829} INFO - Processing file /home/ubuntu/ec2_customer_chum_venv/lib/python3.10/site-packages/airflow/example_dags/plugins/listener_plugin.py for tasks to queue
[2023-12-07T16:58:05.453+0000] {logging_mixin.py:154} INFO - [2023-12-07T16:58:05.453+0000] {dagbag.py:536} INFO - Filling up the DagBag from /home/ubuntu/ec2_customer_chum_venv/lib/python3.10/site-packages/airflow/example_dags/plugins/listener_plugin.py
[2023-12-07T16:58:05.456+0000] {processor.py:841} WARNING - No viable dags retrieved from /home/ubuntu/ec2_customer_chum_venv/lib/python3.10/site-packages/airflow/example_dags/plugins/listener_plugin.py
[2023-12-07T16:58:05.468+0000] {processor.py:179} INFO - Processing /home/ubuntu/ec2_customer_chum_venv/lib/python3.10/site-packages/airflow/example_dags/plugins/listener_plugin.py took 0.020 seconds
[2023-12-07T16:58:50.290+0000] {processor.py:157} INFO - Started process (PID=5551) to work on /home/ubuntu/ec2_customer_chum_venv/lib/python3.10/site-packages/airflow/example_dags/plugins/listener_plugin.py
[2023-12-07T16:58:50.291+0000] {processor.py:829} INFO - Processing file /home/ubuntu/ec2_customer_chum_venv/lib/python3.10/site-packages/airflow/example_dags/plugins/listener_plugin.py for tasks to queue
[2023-12-07T16:58:50.292+0000] {logging_mixin.py:154} INFO - [2023-12-07T16:58:50.292+0000] {dagbag.py:536} INFO - Filling up the DagBag from /home/ubuntu/ec2_customer_chum_venv/lib/python3.10/site-packages/airflow/example_dags/plugins/listener_plugin.py
[2023-12-07T16:58:50.295+0000] {processor.py:841} WARNING - No viable dags retrieved from /home/ubuntu/ec2_customer_chum_venv/lib/python3.10/site-packages/airflow/example_dags/plugins/listener_plugin.py
[2023-12-07T16:58:50.307+0000] {processor.py:179} INFO - Processing /home/ubuntu/ec2_customer_chum_venv/lib/python3.10/site-packages/airflow/example_dags/plugins/listener_plugin.py took 0.020 seconds
[2023-12-07T16:59:32.472+0000] {processor.py:157} INFO - Started process (PID=5594) to work on /home/ubuntu/ec2_customer_chum_venv/lib/python3.10/site-packages/airflow/example_dags/plugins/listener_plugin.py
[2023-12-07T16:59:32.474+0000] {processor.py:829} INFO - Processing file /home/ubuntu/ec2_customer_chum_venv/lib/python3.10/site-packages/airflow/example_dags/plugins/listener_plugin.py for tasks to queue
[2023-12-07T16:59:32.475+0000] {logging_mixin.py:154} INFO - [2023-12-07T16:59:32.475+0000] {dagbag.py:536} INFO - Filling up the DagBag from /home/ubuntu/ec2_customer_chum_venv/lib/python3.10/site-packages/airflow/example_dags/plugins/listener_plugin.py
[2023-12-07T16:59:32.478+0000] {processor.py:841} WARNING - No viable dags retrieved from /home/ubuntu/ec2_customer_chum_venv/lib/python3.10/site-packages/airflow/example_dags/plugins/listener_plugin.py
[2023-12-07T16:59:32.489+0000] {processor.py:179} INFO - Processing /home/ubuntu/ec2_customer_chum_venv/lib/python3.10/site-packages/airflow/example_dags/plugins/listener_plugin.py took 0.020 seconds
[2023-12-07T17:00:15.635+0000] {processor.py:157} INFO - Started process (PID=5640) to work on /home/ubuntu/ec2_customer_chum_venv/lib/python3.10/site-packages/airflow/example_dags/plugins/listener_plugin.py
[2023-12-07T17:00:15.637+0000] {processor.py:829} INFO - Processing file /home/ubuntu/ec2_customer_chum_venv/lib/python3.10/site-packages/airflow/example_dags/plugins/listener_plugin.py for tasks to queue
[2023-12-07T17:00:15.638+0000] {logging_mixin.py:154} INFO - [2023-12-07T17:00:15.637+0000] {dagbag.py:536} INFO - Filling up the DagBag from /home/ubuntu/ec2_customer_chum_venv/lib/python3.10/site-packages/airflow/example_dags/plugins/listener_plugin.py
[2023-12-07T17:00:15.641+0000] {processor.py:841} WARNING - No viable dags retrieved from /home/ubuntu/ec2_customer_chum_venv/lib/python3.10/site-packages/airflow/example_dags/plugins/listener_plugin.py
[2023-12-07T17:00:15.652+0000] {processor.py:179} INFO - Processing /home/ubuntu/ec2_customer_chum_venv/lib/python3.10/site-packages/airflow/example_dags/plugins/listener_plugin.py took 0.020 seconds
[2023-12-07T17:01:03.131+0000] {processor.py:157} INFO - Started process (PID=5687) to work on /home/ubuntu/ec2_customer_chum_venv/lib/python3.10/site-packages/airflow/example_dags/plugins/listener_plugin.py
[2023-12-07T17:01:03.134+0000] {processor.py:829} INFO - Processing file /home/ubuntu/ec2_customer_chum_venv/lib/python3.10/site-packages/airflow/example_dags/plugins/listener_plugin.py for tasks to queue
[2023-12-07T17:01:03.137+0000] {logging_mixin.py:154} INFO - [2023-12-07T17:01:03.136+0000] {dagbag.py:536} INFO - Filling up the DagBag from /home/ubuntu/ec2_customer_chum_venv/lib/python3.10/site-packages/airflow/example_dags/plugins/listener_plugin.py
[2023-12-07T17:01:03.141+0000] {processor.py:841} WARNING - No viable dags retrieved from /home/ubuntu/ec2_customer_chum_venv/lib/python3.10/site-packages/airflow/example_dags/plugins/listener_plugin.py
[2023-12-07T17:01:03.154+0000] {processor.py:179} INFO - Processing /home/ubuntu/ec2_customer_chum_venv/lib/python3.10/site-packages/airflow/example_dags/plugins/listener_plugin.py took 0.027 seconds
[2023-12-07T17:01:47.136+0000] {processor.py:157} INFO - Started process (PID=5733) to work on /home/ubuntu/ec2_customer_chum_venv/lib/python3.10/site-packages/airflow/example_dags/plugins/listener_plugin.py
[2023-12-07T17:01:47.138+0000] {processor.py:829} INFO - Processing file /home/ubuntu/ec2_customer_chum_venv/lib/python3.10/site-packages/airflow/example_dags/plugins/listener_plugin.py for tasks to queue
[2023-12-07T17:01:47.139+0000] {logging_mixin.py:154} INFO - [2023-12-07T17:01:47.138+0000] {dagbag.py:536} INFO - Filling up the DagBag from /home/ubuntu/ec2_customer_chum_venv/lib/python3.10/site-packages/airflow/example_dags/plugins/listener_plugin.py
[2023-12-07T17:01:47.142+0000] {processor.py:841} WARNING - No viable dags retrieved from /home/ubuntu/ec2_customer_chum_venv/lib/python3.10/site-packages/airflow/example_dags/plugins/listener_plugin.py
[2023-12-07T17:01:47.152+0000] {processor.py:179} INFO - Processing /home/ubuntu/ec2_customer_chum_venv/lib/python3.10/site-packages/airflow/example_dags/plugins/listener_plugin.py took 0.019 seconds
[2023-12-07T17:02:22.524+0000] {processor.py:157} INFO - Started process (PID=5767) to work on /home/ubuntu/ec2_customer_chum_venv/lib/python3.10/site-packages/airflow/example_dags/plugins/listener_plugin.py
[2023-12-07T17:02:22.525+0000] {processor.py:829} INFO - Processing file /home/ubuntu/ec2_customer_chum_venv/lib/python3.10/site-packages/airflow/example_dags/plugins/listener_plugin.py for tasks to queue
[2023-12-07T17:02:22.526+0000] {logging_mixin.py:154} INFO - [2023-12-07T17:02:22.526+0000] {dagbag.py:536} INFO - Filling up the DagBag from /home/ubuntu/ec2_customer_chum_venv/lib/python3.10/site-packages/airflow/example_dags/plugins/listener_plugin.py
[2023-12-07T17:02:22.529+0000] {processor.py:841} WARNING - No viable dags retrieved from /home/ubuntu/ec2_customer_chum_venv/lib/python3.10/site-packages/airflow/example_dags/plugins/listener_plugin.py
[2023-12-07T17:02:22.540+0000] {processor.py:179} INFO - Processing /home/ubuntu/ec2_customer_chum_venv/lib/python3.10/site-packages/airflow/example_dags/plugins/listener_plugin.py took 0.020 seconds
[2023-12-07T17:03:09.553+0000] {processor.py:157} INFO - Started process (PID=5815) to work on /home/ubuntu/ec2_customer_chum_venv/lib/python3.10/site-packages/airflow/example_dags/plugins/listener_plugin.py
[2023-12-07T17:03:09.554+0000] {processor.py:829} INFO - Processing file /home/ubuntu/ec2_customer_chum_venv/lib/python3.10/site-packages/airflow/example_dags/plugins/listener_plugin.py for tasks to queue
[2023-12-07T17:03:09.555+0000] {logging_mixin.py:154} INFO - [2023-12-07T17:03:09.554+0000] {dagbag.py:536} INFO - Filling up the DagBag from /home/ubuntu/ec2_customer_chum_venv/lib/python3.10/site-packages/airflow/example_dags/plugins/listener_plugin.py
[2023-12-07T17:03:09.558+0000] {processor.py:841} WARNING - No viable dags retrieved from /home/ubuntu/ec2_customer_chum_venv/lib/python3.10/site-packages/airflow/example_dags/plugins/listener_plugin.py
[2023-12-07T17:03:09.569+0000] {processor.py:179} INFO - Processing /home/ubuntu/ec2_customer_chum_venv/lib/python3.10/site-packages/airflow/example_dags/plugins/listener_plugin.py took 0.020 seconds
[2023-12-07T17:03:53.069+0000] {processor.py:157} INFO - Started process (PID=5861) to work on /home/ubuntu/ec2_customer_chum_venv/lib/python3.10/site-packages/airflow/example_dags/plugins/listener_plugin.py
[2023-12-07T17:03:53.070+0000] {processor.py:829} INFO - Processing file /home/ubuntu/ec2_customer_chum_venv/lib/python3.10/site-packages/airflow/example_dags/plugins/listener_plugin.py for tasks to queue
[2023-12-07T17:03:53.071+0000] {logging_mixin.py:154} INFO - [2023-12-07T17:03:53.071+0000] {dagbag.py:536} INFO - Filling up the DagBag from /home/ubuntu/ec2_customer_chum_venv/lib/python3.10/site-packages/airflow/example_dags/plugins/listener_plugin.py
[2023-12-07T17:03:53.074+0000] {processor.py:841} WARNING - No viable dags retrieved from /home/ubuntu/ec2_customer_chum_venv/lib/python3.10/site-packages/airflow/example_dags/plugins/listener_plugin.py
[2023-12-07T17:03:53.086+0000] {processor.py:179} INFO - Processing /home/ubuntu/ec2_customer_chum_venv/lib/python3.10/site-packages/airflow/example_dags/plugins/listener_plugin.py took 0.021 seconds
[2023-12-07T17:04:39.789+0000] {processor.py:157} INFO - Started process (PID=5910) to work on /home/ubuntu/ec2_customer_chum_venv/lib/python3.10/site-packages/airflow/example_dags/plugins/listener_plugin.py
[2023-12-07T17:04:39.790+0000] {processor.py:829} INFO - Processing file /home/ubuntu/ec2_customer_chum_venv/lib/python3.10/site-packages/airflow/example_dags/plugins/listener_plugin.py for tasks to queue
[2023-12-07T17:04:39.791+0000] {logging_mixin.py:154} INFO - [2023-12-07T17:04:39.790+0000] {dagbag.py:536} INFO - Filling up the DagBag from /home/ubuntu/ec2_customer_chum_venv/lib/python3.10/site-packages/airflow/example_dags/plugins/listener_plugin.py
[2023-12-07T17:04:39.794+0000] {processor.py:841} WARNING - No viable dags retrieved from /home/ubuntu/ec2_customer_chum_venv/lib/python3.10/site-packages/airflow/example_dags/plugins/listener_plugin.py
[2023-12-07T17:04:39.805+0000] {processor.py:179} INFO - Processing /home/ubuntu/ec2_customer_chum_venv/lib/python3.10/site-packages/airflow/example_dags/plugins/listener_plugin.py took 0.020 seconds
[2023-12-07T17:05:23.571+0000] {processor.py:157} INFO - Started process (PID=5957) to work on /home/ubuntu/ec2_customer_chum_venv/lib/python3.10/site-packages/airflow/example_dags/plugins/listener_plugin.py
[2023-12-07T17:05:23.572+0000] {processor.py:829} INFO - Processing file /home/ubuntu/ec2_customer_chum_venv/lib/python3.10/site-packages/airflow/example_dags/plugins/listener_plugin.py for tasks to queue
[2023-12-07T17:05:23.573+0000] {logging_mixin.py:154} INFO - [2023-12-07T17:05:23.573+0000] {dagbag.py:536} INFO - Filling up the DagBag from /home/ubuntu/ec2_customer_chum_venv/lib/python3.10/site-packages/airflow/example_dags/plugins/listener_plugin.py
[2023-12-07T17:05:23.576+0000] {processor.py:841} WARNING - No viable dags retrieved from /home/ubuntu/ec2_customer_chum_venv/lib/python3.10/site-packages/airflow/example_dags/plugins/listener_plugin.py
[2023-12-07T17:05:23.587+0000] {processor.py:179} INFO - Processing /home/ubuntu/ec2_customer_chum_venv/lib/python3.10/site-packages/airflow/example_dags/plugins/listener_plugin.py took 0.020 seconds
[2023-12-07T17:06:07.264+0000] {processor.py:157} INFO - Started process (PID=6001) to work on /home/ubuntu/ec2_customer_chum_venv/lib/python3.10/site-packages/airflow/example_dags/plugins/listener_plugin.py
[2023-12-07T17:06:07.266+0000] {processor.py:829} INFO - Processing file /home/ubuntu/ec2_customer_chum_venv/lib/python3.10/site-packages/airflow/example_dags/plugins/listener_plugin.py for tasks to queue
[2023-12-07T17:06:07.267+0000] {logging_mixin.py:154} INFO - [2023-12-07T17:06:07.266+0000] {dagbag.py:536} INFO - Filling up the DagBag from /home/ubuntu/ec2_customer_chum_venv/lib/python3.10/site-packages/airflow/example_dags/plugins/listener_plugin.py
[2023-12-07T17:06:07.270+0000] {processor.py:841} WARNING - No viable dags retrieved from /home/ubuntu/ec2_customer_chum_venv/lib/python3.10/site-packages/airflow/example_dags/plugins/listener_plugin.py
[2023-12-07T17:06:07.281+0000] {processor.py:179} INFO - Processing /home/ubuntu/ec2_customer_chum_venv/lib/python3.10/site-packages/airflow/example_dags/plugins/listener_plugin.py took 0.020 seconds
[2023-12-07T17:06:50.435+0000] {processor.py:157} INFO - Started process (PID=6046) to work on /home/ubuntu/ec2_customer_chum_venv/lib/python3.10/site-packages/airflow/example_dags/plugins/listener_plugin.py
[2023-12-07T17:06:50.437+0000] {processor.py:829} INFO - Processing file /home/ubuntu/ec2_customer_chum_venv/lib/python3.10/site-packages/airflow/example_dags/plugins/listener_plugin.py for tasks to queue
[2023-12-07T17:06:50.438+0000] {logging_mixin.py:154} INFO - [2023-12-07T17:06:50.437+0000] {dagbag.py:536} INFO - Filling up the DagBag from /home/ubuntu/ec2_customer_chum_venv/lib/python3.10/site-packages/airflow/example_dags/plugins/listener_plugin.py
[2023-12-07T17:06:50.441+0000] {processor.py:841} WARNING - No viable dags retrieved from /home/ubuntu/ec2_customer_chum_venv/lib/python3.10/site-packages/airflow/example_dags/plugins/listener_plugin.py
[2023-12-07T17:06:50.451+0000] {processor.py:179} INFO - Processing /home/ubuntu/ec2_customer_chum_venv/lib/python3.10/site-packages/airflow/example_dags/plugins/listener_plugin.py took 0.020 seconds
[2023-12-07T17:07:25.635+0000] {processor.py:157} INFO - Started process (PID=6081) to work on /home/ubuntu/ec2_customer_chum_venv/lib/python3.10/site-packages/airflow/example_dags/plugins/listener_plugin.py
[2023-12-07T17:07:25.636+0000] {processor.py:829} INFO - Processing file /home/ubuntu/ec2_customer_chum_venv/lib/python3.10/site-packages/airflow/example_dags/plugins/listener_plugin.py for tasks to queue
[2023-12-07T17:07:25.637+0000] {logging_mixin.py:154} INFO - [2023-12-07T17:07:25.637+0000] {dagbag.py:536} INFO - Filling up the DagBag from /home/ubuntu/ec2_customer_chum_venv/lib/python3.10/site-packages/airflow/example_dags/plugins/listener_plugin.py
[2023-12-07T17:07:25.640+0000] {processor.py:841} WARNING - No viable dags retrieved from /home/ubuntu/ec2_customer_chum_venv/lib/python3.10/site-packages/airflow/example_dags/plugins/listener_plugin.py
[2023-12-07T17:07:25.651+0000] {processor.py:179} INFO - Processing /home/ubuntu/ec2_customer_chum_venv/lib/python3.10/site-packages/airflow/example_dags/plugins/listener_plugin.py took 0.019 seconds
[2023-12-07T17:08:10.431+0000] {processor.py:157} INFO - Started process (PID=6127) to work on /home/ubuntu/ec2_customer_chum_venv/lib/python3.10/site-packages/airflow/example_dags/plugins/listener_plugin.py
[2023-12-07T17:08:10.432+0000] {processor.py:829} INFO - Processing file /home/ubuntu/ec2_customer_chum_venv/lib/python3.10/site-packages/airflow/example_dags/plugins/listener_plugin.py for tasks to queue
[2023-12-07T17:08:10.433+0000] {logging_mixin.py:154} INFO - [2023-12-07T17:08:10.433+0000] {dagbag.py:536} INFO - Filling up the DagBag from /home/ubuntu/ec2_customer_chum_venv/lib/python3.10/site-packages/airflow/example_dags/plugins/listener_plugin.py
[2023-12-07T17:08:10.436+0000] {processor.py:841} WARNING - No viable dags retrieved from /home/ubuntu/ec2_customer_chum_venv/lib/python3.10/site-packages/airflow/example_dags/plugins/listener_plugin.py
[2023-12-07T17:08:10.447+0000] {processor.py:179} INFO - Processing /home/ubuntu/ec2_customer_chum_venv/lib/python3.10/site-packages/airflow/example_dags/plugins/listener_plugin.py took 0.020 seconds
[2023-12-07T17:08:56.983+0000] {processor.py:157} INFO - Started process (PID=6174) to work on /home/ubuntu/ec2_customer_chum_venv/lib/python3.10/site-packages/airflow/example_dags/plugins/listener_plugin.py
[2023-12-07T17:08:56.985+0000] {processor.py:829} INFO - Processing file /home/ubuntu/ec2_customer_chum_venv/lib/python3.10/site-packages/airflow/example_dags/plugins/listener_plugin.py for tasks to queue
[2023-12-07T17:08:56.985+0000] {logging_mixin.py:154} INFO - [2023-12-07T17:08:56.985+0000] {dagbag.py:536} INFO - Filling up the DagBag from /home/ubuntu/ec2_customer_chum_venv/lib/python3.10/site-packages/airflow/example_dags/plugins/listener_plugin.py
[2023-12-07T17:08:56.989+0000] {processor.py:841} WARNING - No viable dags retrieved from /home/ubuntu/ec2_customer_chum_venv/lib/python3.10/site-packages/airflow/example_dags/plugins/listener_plugin.py
[2023-12-07T17:08:57.000+0000] {processor.py:179} INFO - Processing /home/ubuntu/ec2_customer_chum_venv/lib/python3.10/site-packages/airflow/example_dags/plugins/listener_plugin.py took 0.020 seconds
[2023-12-07T17:09:40.588+0000] {processor.py:157} INFO - Started process (PID=6220) to work on /home/ubuntu/ec2_customer_chum_venv/lib/python3.10/site-packages/airflow/example_dags/plugins/listener_plugin.py
[2023-12-07T17:09:40.590+0000] {processor.py:829} INFO - Processing file /home/ubuntu/ec2_customer_chum_venv/lib/python3.10/site-packages/airflow/example_dags/plugins/listener_plugin.py for tasks to queue
[2023-12-07T17:09:40.591+0000] {logging_mixin.py:154} INFO - [2023-12-07T17:09:40.590+0000] {dagbag.py:536} INFO - Filling up the DagBag from /home/ubuntu/ec2_customer_chum_venv/lib/python3.10/site-packages/airflow/example_dags/plugins/listener_plugin.py
[2023-12-07T17:09:40.594+0000] {processor.py:841} WARNING - No viable dags retrieved from /home/ubuntu/ec2_customer_chum_venv/lib/python3.10/site-packages/airflow/example_dags/plugins/listener_plugin.py
[2023-12-07T17:09:40.605+0000] {processor.py:179} INFO - Processing /home/ubuntu/ec2_customer_chum_venv/lib/python3.10/site-packages/airflow/example_dags/plugins/listener_plugin.py took 0.020 seconds
[2023-12-07T17:10:24.562+0000] {processor.py:157} INFO - Started process (PID=6265) to work on /home/ubuntu/ec2_customer_chum_venv/lib/python3.10/site-packages/airflow/example_dags/plugins/listener_plugin.py
[2023-12-07T17:10:24.563+0000] {processor.py:829} INFO - Processing file /home/ubuntu/ec2_customer_chum_venv/lib/python3.10/site-packages/airflow/example_dags/plugins/listener_plugin.py for tasks to queue
[2023-12-07T17:10:24.564+0000] {logging_mixin.py:154} INFO - [2023-12-07T17:10:24.563+0000] {dagbag.py:536} INFO - Filling up the DagBag from /home/ubuntu/ec2_customer_chum_venv/lib/python3.10/site-packages/airflow/example_dags/plugins/listener_plugin.py
[2023-12-07T17:10:24.567+0000] {processor.py:841} WARNING - No viable dags retrieved from /home/ubuntu/ec2_customer_chum_venv/lib/python3.10/site-packages/airflow/example_dags/plugins/listener_plugin.py
[2023-12-07T17:10:24.578+0000] {processor.py:179} INFO - Processing /home/ubuntu/ec2_customer_chum_venv/lib/python3.10/site-packages/airflow/example_dags/plugins/listener_plugin.py took 0.020 seconds
[2023-12-07T17:11:08.704+0000] {processor.py:157} INFO - Started process (PID=6311) to work on /home/ubuntu/ec2_customer_chum_venv/lib/python3.10/site-packages/airflow/example_dags/plugins/listener_plugin.py
[2023-12-07T17:11:08.705+0000] {processor.py:829} INFO - Processing file /home/ubuntu/ec2_customer_chum_venv/lib/python3.10/site-packages/airflow/example_dags/plugins/listener_plugin.py for tasks to queue
[2023-12-07T17:11:08.706+0000] {logging_mixin.py:154} INFO - [2023-12-07T17:11:08.706+0000] {dagbag.py:536} INFO - Filling up the DagBag from /home/ubuntu/ec2_customer_chum_venv/lib/python3.10/site-packages/airflow/example_dags/plugins/listener_plugin.py
[2023-12-07T17:11:08.709+0000] {processor.py:841} WARNING - No viable dags retrieved from /home/ubuntu/ec2_customer_chum_venv/lib/python3.10/site-packages/airflow/example_dags/plugins/listener_plugin.py
[2023-12-07T17:11:08.720+0000] {processor.py:179} INFO - Processing /home/ubuntu/ec2_customer_chum_venv/lib/python3.10/site-packages/airflow/example_dags/plugins/listener_plugin.py took 0.020 seconds
[2023-12-07T17:11:41.909+0000] {processor.py:157} INFO - Started process (PID=6349) to work on /home/ubuntu/ec2_customer_chum_venv/lib/python3.10/site-packages/airflow/example_dags/plugins/listener_plugin.py
[2023-12-07T17:11:41.910+0000] {processor.py:829} INFO - Processing file /home/ubuntu/ec2_customer_chum_venv/lib/python3.10/site-packages/airflow/example_dags/plugins/listener_plugin.py for tasks to queue
[2023-12-07T17:11:41.911+0000] {logging_mixin.py:154} INFO - [2023-12-07T17:11:41.911+0000] {dagbag.py:536} INFO - Filling up the DagBag from /home/ubuntu/ec2_customer_chum_venv/lib/python3.10/site-packages/airflow/example_dags/plugins/listener_plugin.py
[2023-12-07T17:11:41.914+0000] {processor.py:841} WARNING - No viable dags retrieved from /home/ubuntu/ec2_customer_chum_venv/lib/python3.10/site-packages/airflow/example_dags/plugins/listener_plugin.py
[2023-12-07T17:11:41.925+0000] {processor.py:179} INFO - Processing /home/ubuntu/ec2_customer_chum_venv/lib/python3.10/site-packages/airflow/example_dags/plugins/listener_plugin.py took 0.019 seconds
[2023-12-07T17:12:25.981+0000] {processor.py:157} INFO - Started process (PID=6395) to work on /home/ubuntu/ec2_customer_chum_venv/lib/python3.10/site-packages/airflow/example_dags/plugins/listener_plugin.py
[2023-12-07T17:12:25.983+0000] {processor.py:829} INFO - Processing file /home/ubuntu/ec2_customer_chum_venv/lib/python3.10/site-packages/airflow/example_dags/plugins/listener_plugin.py for tasks to queue
[2023-12-07T17:12:25.984+0000] {logging_mixin.py:154} INFO - [2023-12-07T17:12:25.983+0000] {dagbag.py:536} INFO - Filling up the DagBag from /home/ubuntu/ec2_customer_chum_venv/lib/python3.10/site-packages/airflow/example_dags/plugins/listener_plugin.py
[2023-12-07T17:12:25.987+0000] {processor.py:841} WARNING - No viable dags retrieved from /home/ubuntu/ec2_customer_chum_venv/lib/python3.10/site-packages/airflow/example_dags/plugins/listener_plugin.py
[2023-12-07T17:12:25.998+0000] {processor.py:179} INFO - Processing /home/ubuntu/ec2_customer_chum_venv/lib/python3.10/site-packages/airflow/example_dags/plugins/listener_plugin.py took 0.020 seconds
[2023-12-07T17:13:15.012+0000] {processor.py:157} INFO - Started process (PID=6531) to work on /home/ubuntu/ec2_customer_chum_venv/lib/python3.10/site-packages/airflow/example_dags/plugins/listener_plugin.py
[2023-12-07T17:13:15.013+0000] {processor.py:829} INFO - Processing file /home/ubuntu/ec2_customer_chum_venv/lib/python3.10/site-packages/airflow/example_dags/plugins/listener_plugin.py for tasks to queue
[2023-12-07T17:13:15.014+0000] {logging_mixin.py:154} INFO - [2023-12-07T17:13:15.014+0000] {dagbag.py:536} INFO - Filling up the DagBag from /home/ubuntu/ec2_customer_chum_venv/lib/python3.10/site-packages/airflow/example_dags/plugins/listener_plugin.py
[2023-12-07T17:13:15.017+0000] {processor.py:841} WARNING - No viable dags retrieved from /home/ubuntu/ec2_customer_chum_venv/lib/python3.10/site-packages/airflow/example_dags/plugins/listener_plugin.py
[2023-12-07T17:13:15.030+0000] {processor.py:179} INFO - Processing /home/ubuntu/ec2_customer_chum_venv/lib/python3.10/site-packages/airflow/example_dags/plugins/listener_plugin.py took 0.022 seconds
[2023-12-07T17:13:56.720+0000] {processor.py:157} INFO - Started process (PID=6577) to work on /home/ubuntu/ec2_customer_chum_venv/lib/python3.10/site-packages/airflow/example_dags/plugins/listener_plugin.py
[2023-12-07T17:13:56.722+0000] {processor.py:829} INFO - Processing file /home/ubuntu/ec2_customer_chum_venv/lib/python3.10/site-packages/airflow/example_dags/plugins/listener_plugin.py for tasks to queue
[2023-12-07T17:13:56.723+0000] {logging_mixin.py:154} INFO - [2023-12-07T17:13:56.722+0000] {dagbag.py:536} INFO - Filling up the DagBag from /home/ubuntu/ec2_customer_chum_venv/lib/python3.10/site-packages/airflow/example_dags/plugins/listener_plugin.py
[2023-12-07T17:13:56.726+0000] {processor.py:841} WARNING - No viable dags retrieved from /home/ubuntu/ec2_customer_chum_venv/lib/python3.10/site-packages/airflow/example_dags/plugins/listener_plugin.py
[2023-12-07T17:13:56.737+0000] {processor.py:179} INFO - Processing /home/ubuntu/ec2_customer_chum_venv/lib/python3.10/site-packages/airflow/example_dags/plugins/listener_plugin.py took 0.020 seconds
[2023-12-07T17:14:43.392+0000] {processor.py:157} INFO - Started process (PID=6625) to work on /home/ubuntu/ec2_customer_chum_venv/lib/python3.10/site-packages/airflow/example_dags/plugins/listener_plugin.py
[2023-12-07T17:14:43.394+0000] {processor.py:829} INFO - Processing file /home/ubuntu/ec2_customer_chum_venv/lib/python3.10/site-packages/airflow/example_dags/plugins/listener_plugin.py for tasks to queue
[2023-12-07T17:14:43.395+0000] {logging_mixin.py:154} INFO - [2023-12-07T17:14:43.394+0000] {dagbag.py:536} INFO - Filling up the DagBag from /home/ubuntu/ec2_customer_chum_venv/lib/python3.10/site-packages/airflow/example_dags/plugins/listener_plugin.py
[2023-12-07T17:14:43.398+0000] {processor.py:841} WARNING - No viable dags retrieved from /home/ubuntu/ec2_customer_chum_venv/lib/python3.10/site-packages/airflow/example_dags/plugins/listener_plugin.py
[2023-12-07T17:14:43.409+0000] {processor.py:179} INFO - Processing /home/ubuntu/ec2_customer_chum_venv/lib/python3.10/site-packages/airflow/example_dags/plugins/listener_plugin.py took 0.020 seconds
[2023-12-07T17:15:25.694+0000] {processor.py:157} INFO - Started process (PID=6735) to work on /home/ubuntu/ec2_customer_chum_venv/lib/python3.10/site-packages/airflow/example_dags/plugins/listener_plugin.py
[2023-12-07T17:15:25.695+0000] {processor.py:829} INFO - Processing file /home/ubuntu/ec2_customer_chum_venv/lib/python3.10/site-packages/airflow/example_dags/plugins/listener_plugin.py for tasks to queue
[2023-12-07T17:15:25.696+0000] {logging_mixin.py:154} INFO - [2023-12-07T17:15:25.696+0000] {dagbag.py:536} INFO - Filling up the DagBag from /home/ubuntu/ec2_customer_chum_venv/lib/python3.10/site-packages/airflow/example_dags/plugins/listener_plugin.py
[2023-12-07T17:15:25.699+0000] {processor.py:841} WARNING - No viable dags retrieved from /home/ubuntu/ec2_customer_chum_venv/lib/python3.10/site-packages/airflow/example_dags/plugins/listener_plugin.py
[2023-12-07T17:15:25.710+0000] {processor.py:179} INFO - Processing /home/ubuntu/ec2_customer_chum_venv/lib/python3.10/site-packages/airflow/example_dags/plugins/listener_plugin.py took 0.020 seconds
