[2023-12-07T16:49:07.825+0000] {processor.py:157} INFO - Started process (PID=4964) to work on /home/ubuntu/ec2_customer_chum_venv/lib/python3.10/site-packages/airflow/example_dags/plugins/workday.py
[2023-12-07T16:49:07.826+0000] {processor.py:829} INFO - Processing file /home/ubuntu/ec2_customer_chum_venv/lib/python3.10/site-packages/airflow/example_dags/plugins/workday.py for tasks to queue
[2023-12-07T16:49:07.827+0000] {logging_mixin.py:154} INFO - [2023-12-07T16:49:07.827+0000] {dagbag.py:536} INFO - Filling up the DagBag from /home/ubuntu/ec2_customer_chum_venv/lib/python3.10/site-packages/airflow/example_dags/plugins/workday.py
[2023-12-07T16:49:07.830+0000] {logging_mixin.py:154} INFO - [2023-12-07T16:49:07.830+0000] {workday.py:36} WARNING - Could not import pandas. Holidays will not be considered.
[2023-12-07T16:49:07.830+0000] {processor.py:841} WARNING - No viable dags retrieved from /home/ubuntu/ec2_customer_chum_venv/lib/python3.10/site-packages/airflow/example_dags/plugins/workday.py
[2023-12-07T16:49:07.841+0000] {processor.py:179} INFO - Processing /home/ubuntu/ec2_customer_chum_venv/lib/python3.10/site-packages/airflow/example_dags/plugins/workday.py took 0.019 seconds
[2023-12-07T16:50:00.035+0000] {processor.py:157} INFO - Started process (PID=5011) to work on /home/ubuntu/ec2_customer_chum_venv/lib/python3.10/site-packages/airflow/example_dags/plugins/workday.py
[2023-12-07T16:50:00.040+0000] {processor.py:829} INFO - Processing file /home/ubuntu/ec2_customer_chum_venv/lib/python3.10/site-packages/airflow/example_dags/plugins/workday.py for tasks to queue
[2023-12-07T16:50:00.045+0000] {logging_mixin.py:154} INFO - [2023-12-07T16:50:00.044+0000] {dagbag.py:536} INFO - Filling up the DagBag from /home/ubuntu/ec2_customer_chum_venv/lib/python3.10/site-packages/airflow/example_dags/plugins/workday.py
[2023-12-07T16:50:00.059+0000] {logging_mixin.py:154} INFO - [2023-12-07T16:50:00.059+0000] {workday.py:36} WARNING - Could not import pandas. Holidays will not be considered.
[2023-12-07T16:50:00.060+0000] {processor.py:841} WARNING - No viable dags retrieved from /home/ubuntu/ec2_customer_chum_venv/lib/python3.10/site-packages/airflow/example_dags/plugins/workday.py
[2023-12-07T16:50:00.084+0000] {processor.py:179} INFO - Processing /home/ubuntu/ec2_customer_chum_venv/lib/python3.10/site-packages/airflow/example_dags/plugins/workday.py took 0.063 seconds
[2023-12-07T16:50:36.552+0000] {processor.py:157} INFO - Started process (PID=5047) to work on /home/ubuntu/ec2_customer_chum_venv/lib/python3.10/site-packages/airflow/example_dags/plugins/workday.py
[2023-12-07T16:50:36.554+0000] {processor.py:829} INFO - Processing file /home/ubuntu/ec2_customer_chum_venv/lib/python3.10/site-packages/airflow/example_dags/plugins/workday.py for tasks to queue
[2023-12-07T16:50:36.555+0000] {logging_mixin.py:154} INFO - [2023-12-07T16:50:36.554+0000] {dagbag.py:536} INFO - Filling up the DagBag from /home/ubuntu/ec2_customer_chum_venv/lib/python3.10/site-packages/airflow/example_dags/plugins/workday.py
[2023-12-07T16:50:36.557+0000] {logging_mixin.py:154} INFO - [2023-12-07T16:50:36.557+0000] {workday.py:36} WARNING - Could not import pandas. Holidays will not be considered.
[2023-12-07T16:50:36.558+0000] {processor.py:841} WARNING - No viable dags retrieved from /home/ubuntu/ec2_customer_chum_venv/lib/python3.10/site-packages/airflow/example_dags/plugins/workday.py
[2023-12-07T16:50:36.568+0000] {processor.py:179} INFO - Processing /home/ubuntu/ec2_customer_chum_venv/lib/python3.10/site-packages/airflow/example_dags/plugins/workday.py took 0.020 seconds
[2023-12-07T16:51:21.962+0000] {processor.py:157} INFO - Started process (PID=5094) to work on /home/ubuntu/ec2_customer_chum_venv/lib/python3.10/site-packages/airflow/example_dags/plugins/workday.py
[2023-12-07T16:51:21.964+0000] {processor.py:829} INFO - Processing file /home/ubuntu/ec2_customer_chum_venv/lib/python3.10/site-packages/airflow/example_dags/plugins/workday.py for tasks to queue
[2023-12-07T16:51:21.965+0000] {logging_mixin.py:154} INFO - [2023-12-07T16:51:21.964+0000] {dagbag.py:536} INFO - Filling up the DagBag from /home/ubuntu/ec2_customer_chum_venv/lib/python3.10/site-packages/airflow/example_dags/plugins/workday.py
[2023-12-07T16:51:21.968+0000] {logging_mixin.py:154} INFO - [2023-12-07T16:51:21.968+0000] {workday.py:36} WARNING - Could not import pandas. Holidays will not be considered.
[2023-12-07T16:51:21.968+0000] {processor.py:841} WARNING - No viable dags retrieved from /home/ubuntu/ec2_customer_chum_venv/lib/python3.10/site-packages/airflow/example_dags/plugins/workday.py
[2023-12-07T16:51:21.980+0000] {processor.py:179} INFO - Processing /home/ubuntu/ec2_customer_chum_venv/lib/python3.10/site-packages/airflow/example_dags/plugins/workday.py took 0.021 seconds
[2023-12-07T16:51:56.650+0000] {processor.py:157} INFO - Started process (PID=5128) to work on /home/ubuntu/ec2_customer_chum_venv/lib/python3.10/site-packages/airflow/example_dags/plugins/workday.py
[2023-12-07T16:51:56.651+0000] {processor.py:829} INFO - Processing file /home/ubuntu/ec2_customer_chum_venv/lib/python3.10/site-packages/airflow/example_dags/plugins/workday.py for tasks to queue
[2023-12-07T16:51:56.652+0000] {logging_mixin.py:154} INFO - [2023-12-07T16:51:56.652+0000] {dagbag.py:536} INFO - Filling up the DagBag from /home/ubuntu/ec2_customer_chum_venv/lib/python3.10/site-packages/airflow/example_dags/plugins/workday.py
[2023-12-07T16:51:56.655+0000] {logging_mixin.py:154} INFO - [2023-12-07T16:51:56.655+0000] {workday.py:36} WARNING - Could not import pandas. Holidays will not be considered.
[2023-12-07T16:51:56.655+0000] {processor.py:841} WARNING - No viable dags retrieved from /home/ubuntu/ec2_customer_chum_venv/lib/python3.10/site-packages/airflow/example_dags/plugins/workday.py
[2023-12-07T16:51:56.666+0000] {processor.py:179} INFO - Processing /home/ubuntu/ec2_customer_chum_venv/lib/python3.10/site-packages/airflow/example_dags/plugins/workday.py took 0.019 seconds
[2023-12-07T16:52:44.972+0000] {processor.py:157} INFO - Started process (PID=5180) to work on /home/ubuntu/ec2_customer_chum_venv/lib/python3.10/site-packages/airflow/example_dags/plugins/workday.py
[2023-12-07T16:52:44.973+0000] {processor.py:829} INFO - Processing file /home/ubuntu/ec2_customer_chum_venv/lib/python3.10/site-packages/airflow/example_dags/plugins/workday.py for tasks to queue
[2023-12-07T16:52:44.974+0000] {logging_mixin.py:154} INFO - [2023-12-07T16:52:44.974+0000] {dagbag.py:536} INFO - Filling up the DagBag from /home/ubuntu/ec2_customer_chum_venv/lib/python3.10/site-packages/airflow/example_dags/plugins/workday.py
[2023-12-07T16:52:44.977+0000] {logging_mixin.py:154} INFO - [2023-12-07T16:52:44.977+0000] {workday.py:36} WARNING - Could not import pandas. Holidays will not be considered.
[2023-12-07T16:52:44.978+0000] {processor.py:841} WARNING - No viable dags retrieved from /home/ubuntu/ec2_customer_chum_venv/lib/python3.10/site-packages/airflow/example_dags/plugins/workday.py
[2023-12-07T16:52:44.988+0000] {processor.py:179} INFO - Processing /home/ubuntu/ec2_customer_chum_venv/lib/python3.10/site-packages/airflow/example_dags/plugins/workday.py took 0.020 seconds
[2023-12-07T16:53:43.437+0000] {processor.py:157} INFO - Started process (PID=5227) to work on /home/ubuntu/ec2_customer_chum_venv/lib/python3.10/site-packages/airflow/example_dags/plugins/workday.py
[2023-12-07T16:53:43.438+0000] {processor.py:829} INFO - Processing file /home/ubuntu/ec2_customer_chum_venv/lib/python3.10/site-packages/airflow/example_dags/plugins/workday.py for tasks to queue
[2023-12-07T16:53:43.439+0000] {logging_mixin.py:154} INFO - [2023-12-07T16:53:43.439+0000] {dagbag.py:536} INFO - Filling up the DagBag from /home/ubuntu/ec2_customer_chum_venv/lib/python3.10/site-packages/airflow/example_dags/plugins/workday.py
[2023-12-07T16:53:43.442+0000] {logging_mixin.py:154} INFO - [2023-12-07T16:53:43.442+0000] {workday.py:36} WARNING - Could not import pandas. Holidays will not be considered.
[2023-12-07T16:53:43.443+0000] {processor.py:841} WARNING - No viable dags retrieved from /home/ubuntu/ec2_customer_chum_venv/lib/python3.10/site-packages/airflow/example_dags/plugins/workday.py
[2023-12-07T16:53:43.454+0000] {processor.py:179} INFO - Processing /home/ubuntu/ec2_customer_chum_venv/lib/python3.10/site-packages/airflow/example_dags/plugins/workday.py took 0.020 seconds
[2023-12-07T16:54:27.980+0000] {processor.py:157} INFO - Started process (PID=5276) to work on /home/ubuntu/ec2_customer_chum_venv/lib/python3.10/site-packages/airflow/example_dags/plugins/workday.py
[2023-12-07T16:54:27.981+0000] {processor.py:829} INFO - Processing file /home/ubuntu/ec2_customer_chum_venv/lib/python3.10/site-packages/airflow/example_dags/plugins/workday.py for tasks to queue
[2023-12-07T16:54:27.982+0000] {logging_mixin.py:154} INFO - [2023-12-07T16:54:27.982+0000] {dagbag.py:536} INFO - Filling up the DagBag from /home/ubuntu/ec2_customer_chum_venv/lib/python3.10/site-packages/airflow/example_dags/plugins/workday.py
[2023-12-07T16:54:27.985+0000] {logging_mixin.py:154} INFO - [2023-12-07T16:54:27.985+0000] {workday.py:36} WARNING - Could not import pandas. Holidays will not be considered.
[2023-12-07T16:54:27.986+0000] {processor.py:841} WARNING - No viable dags retrieved from /home/ubuntu/ec2_customer_chum_venv/lib/python3.10/site-packages/airflow/example_dags/plugins/workday.py
[2023-12-07T16:54:27.996+0000] {processor.py:179} INFO - Processing /home/ubuntu/ec2_customer_chum_venv/lib/python3.10/site-packages/airflow/example_dags/plugins/workday.py took 0.019 seconds
[2023-12-07T16:55:13.486+0000] {processor.py:157} INFO - Started process (PID=5323) to work on /home/ubuntu/ec2_customer_chum_venv/lib/python3.10/site-packages/airflow/example_dags/plugins/workday.py
[2023-12-07T16:55:13.487+0000] {processor.py:829} INFO - Processing file /home/ubuntu/ec2_customer_chum_venv/lib/python3.10/site-packages/airflow/example_dags/plugins/workday.py for tasks to queue
[2023-12-07T16:55:13.488+0000] {logging_mixin.py:154} INFO - [2023-12-07T16:55:13.487+0000] {dagbag.py:536} INFO - Filling up the DagBag from /home/ubuntu/ec2_customer_chum_venv/lib/python3.10/site-packages/airflow/example_dags/plugins/workday.py
[2023-12-07T16:55:13.491+0000] {logging_mixin.py:154} INFO - [2023-12-07T16:55:13.491+0000] {workday.py:36} WARNING - Could not import pandas. Holidays will not be considered.
[2023-12-07T16:55:13.491+0000] {processor.py:841} WARNING - No viable dags retrieved from /home/ubuntu/ec2_customer_chum_venv/lib/python3.10/site-packages/airflow/example_dags/plugins/workday.py
[2023-12-07T16:55:13.502+0000] {processor.py:179} INFO - Processing /home/ubuntu/ec2_customer_chum_venv/lib/python3.10/site-packages/airflow/example_dags/plugins/workday.py took 0.020 seconds
[2023-12-07T16:55:57.595+0000] {processor.py:157} INFO - Started process (PID=5369) to work on /home/ubuntu/ec2_customer_chum_venv/lib/python3.10/site-packages/airflow/example_dags/plugins/workday.py
[2023-12-07T16:55:57.597+0000] {processor.py:829} INFO - Processing file /home/ubuntu/ec2_customer_chum_venv/lib/python3.10/site-packages/airflow/example_dags/plugins/workday.py for tasks to queue
[2023-12-07T16:55:57.598+0000] {logging_mixin.py:154} INFO - [2023-12-07T16:55:57.597+0000] {dagbag.py:536} INFO - Filling up the DagBag from /home/ubuntu/ec2_customer_chum_venv/lib/python3.10/site-packages/airflow/example_dags/plugins/workday.py
[2023-12-07T16:55:57.601+0000] {logging_mixin.py:154} INFO - [2023-12-07T16:55:57.600+0000] {workday.py:36} WARNING - Could not import pandas. Holidays will not be considered.
[2023-12-07T16:55:57.601+0000] {processor.py:841} WARNING - No viable dags retrieved from /home/ubuntu/ec2_customer_chum_venv/lib/python3.10/site-packages/airflow/example_dags/plugins/workday.py
[2023-12-07T16:55:57.611+0000] {processor.py:179} INFO - Processing /home/ubuntu/ec2_customer_chum_venv/lib/python3.10/site-packages/airflow/example_dags/plugins/workday.py took 0.019 seconds
[2023-12-07T16:56:40.093+0000] {processor.py:157} INFO - Started process (PID=5415) to work on /home/ubuntu/ec2_customer_chum_venv/lib/python3.10/site-packages/airflow/example_dags/plugins/workday.py
[2023-12-07T16:56:40.094+0000] {processor.py:829} INFO - Processing file /home/ubuntu/ec2_customer_chum_venv/lib/python3.10/site-packages/airflow/example_dags/plugins/workday.py for tasks to queue
[2023-12-07T16:56:40.095+0000] {logging_mixin.py:154} INFO - [2023-12-07T16:56:40.095+0000] {dagbag.py:536} INFO - Filling up the DagBag from /home/ubuntu/ec2_customer_chum_venv/lib/python3.10/site-packages/airflow/example_dags/plugins/workday.py
[2023-12-07T16:56:40.099+0000] {logging_mixin.py:154} INFO - [2023-12-07T16:56:40.098+0000] {workday.py:36} WARNING - Could not import pandas. Holidays will not be considered.
[2023-12-07T16:56:40.099+0000] {processor.py:841} WARNING - No viable dags retrieved from /home/ubuntu/ec2_customer_chum_venv/lib/python3.10/site-packages/airflow/example_dags/plugins/workday.py
[2023-12-07T16:56:40.110+0000] {processor.py:179} INFO - Processing /home/ubuntu/ec2_customer_chum_venv/lib/python3.10/site-packages/airflow/example_dags/plugins/workday.py took 0.020 seconds
[2023-12-07T16:57:22.908+0000] {processor.py:157} INFO - Started process (PID=5458) to work on /home/ubuntu/ec2_customer_chum_venv/lib/python3.10/site-packages/airflow/example_dags/plugins/workday.py
[2023-12-07T16:57:22.909+0000] {processor.py:829} INFO - Processing file /home/ubuntu/ec2_customer_chum_venv/lib/python3.10/site-packages/airflow/example_dags/plugins/workday.py for tasks to queue
[2023-12-07T16:57:22.910+0000] {logging_mixin.py:154} INFO - [2023-12-07T16:57:22.910+0000] {dagbag.py:536} INFO - Filling up the DagBag from /home/ubuntu/ec2_customer_chum_venv/lib/python3.10/site-packages/airflow/example_dags/plugins/workday.py
[2023-12-07T16:57:22.913+0000] {logging_mixin.py:154} INFO - [2023-12-07T16:57:22.913+0000] {workday.py:36} WARNING - Could not import pandas. Holidays will not be considered.
[2023-12-07T16:57:22.914+0000] {processor.py:841} WARNING - No viable dags retrieved from /home/ubuntu/ec2_customer_chum_venv/lib/python3.10/site-packages/airflow/example_dags/plugins/workday.py
[2023-12-07T16:57:22.924+0000] {processor.py:179} INFO - Processing /home/ubuntu/ec2_customer_chum_venv/lib/python3.10/site-packages/airflow/example_dags/plugins/workday.py took 0.020 seconds
[2023-12-07T16:58:06.603+0000] {processor.py:157} INFO - Started process (PID=5504) to work on /home/ubuntu/ec2_customer_chum_venv/lib/python3.10/site-packages/airflow/example_dags/plugins/workday.py
[2023-12-07T16:58:06.604+0000] {processor.py:829} INFO - Processing file /home/ubuntu/ec2_customer_chum_venv/lib/python3.10/site-packages/airflow/example_dags/plugins/workday.py for tasks to queue
[2023-12-07T16:58:06.605+0000] {logging_mixin.py:154} INFO - [2023-12-07T16:58:06.604+0000] {dagbag.py:536} INFO - Filling up the DagBag from /home/ubuntu/ec2_customer_chum_venv/lib/python3.10/site-packages/airflow/example_dags/plugins/workday.py
[2023-12-07T16:58:06.608+0000] {logging_mixin.py:154} INFO - [2023-12-07T16:58:06.608+0000] {workday.py:36} WARNING - Could not import pandas. Holidays will not be considered.
[2023-12-07T16:58:06.608+0000] {processor.py:841} WARNING - No viable dags retrieved from /home/ubuntu/ec2_customer_chum_venv/lib/python3.10/site-packages/airflow/example_dags/plugins/workday.py
[2023-12-07T16:58:06.619+0000] {processor.py:179} INFO - Processing /home/ubuntu/ec2_customer_chum_venv/lib/python3.10/site-packages/airflow/example_dags/plugins/workday.py took 0.020 seconds
[2023-12-07T16:58:51.431+0000] {processor.py:157} INFO - Started process (PID=5552) to work on /home/ubuntu/ec2_customer_chum_venv/lib/python3.10/site-packages/airflow/example_dags/plugins/workday.py
[2023-12-07T16:58:51.433+0000] {processor.py:829} INFO - Processing file /home/ubuntu/ec2_customer_chum_venv/lib/python3.10/site-packages/airflow/example_dags/plugins/workday.py for tasks to queue
[2023-12-07T16:58:51.433+0000] {logging_mixin.py:154} INFO - [2023-12-07T16:58:51.433+0000] {dagbag.py:536} INFO - Filling up the DagBag from /home/ubuntu/ec2_customer_chum_venv/lib/python3.10/site-packages/airflow/example_dags/plugins/workday.py
[2023-12-07T16:58:51.436+0000] {logging_mixin.py:154} INFO - [2023-12-07T16:58:51.436+0000] {workday.py:36} WARNING - Could not import pandas. Holidays will not be considered.
[2023-12-07T16:58:51.437+0000] {processor.py:841} WARNING - No viable dags retrieved from /home/ubuntu/ec2_customer_chum_venv/lib/python3.10/site-packages/airflow/example_dags/plugins/workday.py
[2023-12-07T16:58:51.448+0000] {processor.py:179} INFO - Processing /home/ubuntu/ec2_customer_chum_venv/lib/python3.10/site-packages/airflow/example_dags/plugins/workday.py took 0.020 seconds
[2023-12-07T16:59:33.210+0000] {processor.py:157} INFO - Started process (PID=5595) to work on /home/ubuntu/ec2_customer_chum_venv/lib/python3.10/site-packages/airflow/example_dags/plugins/workday.py
[2023-12-07T16:59:33.211+0000] {processor.py:829} INFO - Processing file /home/ubuntu/ec2_customer_chum_venv/lib/python3.10/site-packages/airflow/example_dags/plugins/workday.py for tasks to queue
[2023-12-07T16:59:33.212+0000] {logging_mixin.py:154} INFO - [2023-12-07T16:59:33.212+0000] {dagbag.py:536} INFO - Filling up the DagBag from /home/ubuntu/ec2_customer_chum_venv/lib/python3.10/site-packages/airflow/example_dags/plugins/workday.py
[2023-12-07T16:59:33.215+0000] {logging_mixin.py:154} INFO - [2023-12-07T16:59:33.215+0000] {workday.py:36} WARNING - Could not import pandas. Holidays will not be considered.
[2023-12-07T16:59:33.216+0000] {processor.py:841} WARNING - No viable dags retrieved from /home/ubuntu/ec2_customer_chum_venv/lib/python3.10/site-packages/airflow/example_dags/plugins/workday.py
[2023-12-07T16:59:33.226+0000] {processor.py:179} INFO - Processing /home/ubuntu/ec2_customer_chum_venv/lib/python3.10/site-packages/airflow/example_dags/plugins/workday.py took 0.020 seconds
[2023-12-07T17:00:16.776+0000] {processor.py:157} INFO - Started process (PID=5641) to work on /home/ubuntu/ec2_customer_chum_venv/lib/python3.10/site-packages/airflow/example_dags/plugins/workday.py
[2023-12-07T17:00:16.777+0000] {processor.py:829} INFO - Processing file /home/ubuntu/ec2_customer_chum_venv/lib/python3.10/site-packages/airflow/example_dags/plugins/workday.py for tasks to queue
[2023-12-07T17:00:16.778+0000] {logging_mixin.py:154} INFO - [2023-12-07T17:00:16.778+0000] {dagbag.py:536} INFO - Filling up the DagBag from /home/ubuntu/ec2_customer_chum_venv/lib/python3.10/site-packages/airflow/example_dags/plugins/workday.py
[2023-12-07T17:00:16.781+0000] {logging_mixin.py:154} INFO - [2023-12-07T17:00:16.781+0000] {workday.py:36} WARNING - Could not import pandas. Holidays will not be considered.
[2023-12-07T17:00:16.781+0000] {processor.py:841} WARNING - No viable dags retrieved from /home/ubuntu/ec2_customer_chum_venv/lib/python3.10/site-packages/airflow/example_dags/plugins/workday.py
[2023-12-07T17:00:16.792+0000] {processor.py:179} INFO - Processing /home/ubuntu/ec2_customer_chum_venv/lib/python3.10/site-packages/airflow/example_dags/plugins/workday.py took 0.019 seconds
[2023-12-07T17:01:03.638+0000] {processor.py:157} INFO - Started process (PID=5688) to work on /home/ubuntu/ec2_customer_chum_venv/lib/python3.10/site-packages/airflow/example_dags/plugins/workday.py
[2023-12-07T17:01:03.640+0000] {processor.py:829} INFO - Processing file /home/ubuntu/ec2_customer_chum_venv/lib/python3.10/site-packages/airflow/example_dags/plugins/workday.py for tasks to queue
[2023-12-07T17:01:03.641+0000] {logging_mixin.py:154} INFO - [2023-12-07T17:01:03.641+0000] {dagbag.py:536} INFO - Filling up the DagBag from /home/ubuntu/ec2_customer_chum_venv/lib/python3.10/site-packages/airflow/example_dags/plugins/workday.py
[2023-12-07T17:01:03.644+0000] {logging_mixin.py:154} INFO - [2023-12-07T17:01:03.644+0000] {workday.py:36} WARNING - Could not import pandas. Holidays will not be considered.
[2023-12-07T17:01:03.645+0000] {processor.py:841} WARNING - No viable dags retrieved from /home/ubuntu/ec2_customer_chum_venv/lib/python3.10/site-packages/airflow/example_dags/plugins/workday.py
[2023-12-07T17:01:03.656+0000] {processor.py:179} INFO - Processing /home/ubuntu/ec2_customer_chum_venv/lib/python3.10/site-packages/airflow/example_dags/plugins/workday.py took 0.021 seconds
[2023-12-07T17:01:48.288+0000] {processor.py:157} INFO - Started process (PID=5734) to work on /home/ubuntu/ec2_customer_chum_venv/lib/python3.10/site-packages/airflow/example_dags/plugins/workday.py
[2023-12-07T17:01:48.289+0000] {processor.py:829} INFO - Processing file /home/ubuntu/ec2_customer_chum_venv/lib/python3.10/site-packages/airflow/example_dags/plugins/workday.py for tasks to queue
[2023-12-07T17:01:48.290+0000] {logging_mixin.py:154} INFO - [2023-12-07T17:01:48.290+0000] {dagbag.py:536} INFO - Filling up the DagBag from /home/ubuntu/ec2_customer_chum_venv/lib/python3.10/site-packages/airflow/example_dags/plugins/workday.py
[2023-12-07T17:01:48.293+0000] {logging_mixin.py:154} INFO - [2023-12-07T17:01:48.293+0000] {workday.py:36} WARNING - Could not import pandas. Holidays will not be considered.
[2023-12-07T17:01:48.294+0000] {processor.py:841} WARNING - No viable dags retrieved from /home/ubuntu/ec2_customer_chum_venv/lib/python3.10/site-packages/airflow/example_dags/plugins/workday.py
[2023-12-07T17:01:48.304+0000] {processor.py:179} INFO - Processing /home/ubuntu/ec2_customer_chum_venv/lib/python3.10/site-packages/airflow/example_dags/plugins/workday.py took 0.020 seconds
[2023-12-07T17:02:23.104+0000] {processor.py:157} INFO - Started process (PID=5768) to work on /home/ubuntu/ec2_customer_chum_venv/lib/python3.10/site-packages/airflow/example_dags/plugins/workday.py
[2023-12-07T17:02:23.106+0000] {processor.py:829} INFO - Processing file /home/ubuntu/ec2_customer_chum_venv/lib/python3.10/site-packages/airflow/example_dags/plugins/workday.py for tasks to queue
[2023-12-07T17:02:23.107+0000] {logging_mixin.py:154} INFO - [2023-12-07T17:02:23.106+0000] {dagbag.py:536} INFO - Filling up the DagBag from /home/ubuntu/ec2_customer_chum_venv/lib/python3.10/site-packages/airflow/example_dags/plugins/workday.py
[2023-12-07T17:02:23.110+0000] {logging_mixin.py:154} INFO - [2023-12-07T17:02:23.110+0000] {workday.py:36} WARNING - Could not import pandas. Holidays will not be considered.
[2023-12-07T17:02:23.110+0000] {processor.py:841} WARNING - No viable dags retrieved from /home/ubuntu/ec2_customer_chum_venv/lib/python3.10/site-packages/airflow/example_dags/plugins/workday.py
[2023-12-07T17:02:23.121+0000] {processor.py:179} INFO - Processing /home/ubuntu/ec2_customer_chum_venv/lib/python3.10/site-packages/airflow/example_dags/plugins/workday.py took 0.020 seconds
[2023-12-07T17:03:10.705+0000] {processor.py:157} INFO - Started process (PID=5816) to work on /home/ubuntu/ec2_customer_chum_venv/lib/python3.10/site-packages/airflow/example_dags/plugins/workday.py
[2023-12-07T17:03:10.707+0000] {processor.py:829} INFO - Processing file /home/ubuntu/ec2_customer_chum_venv/lib/python3.10/site-packages/airflow/example_dags/plugins/workday.py for tasks to queue
[2023-12-07T17:03:10.708+0000] {logging_mixin.py:154} INFO - [2023-12-07T17:03:10.708+0000] {dagbag.py:536} INFO - Filling up the DagBag from /home/ubuntu/ec2_customer_chum_venv/lib/python3.10/site-packages/airflow/example_dags/plugins/workday.py
[2023-12-07T17:03:10.711+0000] {logging_mixin.py:154} INFO - [2023-12-07T17:03:10.711+0000] {workday.py:36} WARNING - Could not import pandas. Holidays will not be considered.
[2023-12-07T17:03:10.711+0000] {processor.py:841} WARNING - No viable dags retrieved from /home/ubuntu/ec2_customer_chum_venv/lib/python3.10/site-packages/airflow/example_dags/plugins/workday.py
[2023-12-07T17:03:10.722+0000] {processor.py:179} INFO - Processing /home/ubuntu/ec2_customer_chum_venv/lib/python3.10/site-packages/airflow/example_dags/plugins/workday.py took 0.020 seconds
[2023-12-07T17:03:54.209+0000] {processor.py:157} INFO - Started process (PID=5862) to work on /home/ubuntu/ec2_customer_chum_venv/lib/python3.10/site-packages/airflow/example_dags/plugins/workday.py
[2023-12-07T17:03:54.211+0000] {processor.py:829} INFO - Processing file /home/ubuntu/ec2_customer_chum_venv/lib/python3.10/site-packages/airflow/example_dags/plugins/workday.py for tasks to queue
[2023-12-07T17:03:54.212+0000] {logging_mixin.py:154} INFO - [2023-12-07T17:03:54.211+0000] {dagbag.py:536} INFO - Filling up the DagBag from /home/ubuntu/ec2_customer_chum_venv/lib/python3.10/site-packages/airflow/example_dags/plugins/workday.py
[2023-12-07T17:03:54.215+0000] {logging_mixin.py:154} INFO - [2023-12-07T17:03:54.215+0000] {workday.py:36} WARNING - Could not import pandas. Holidays will not be considered.
[2023-12-07T17:03:54.215+0000] {processor.py:841} WARNING - No viable dags retrieved from /home/ubuntu/ec2_customer_chum_venv/lib/python3.10/site-packages/airflow/example_dags/plugins/workday.py
[2023-12-07T17:03:54.226+0000] {processor.py:179} INFO - Processing /home/ubuntu/ec2_customer_chum_venv/lib/python3.10/site-packages/airflow/example_dags/plugins/workday.py took 0.020 seconds
[2023-12-07T17:04:40.930+0000] {processor.py:157} INFO - Started process (PID=5911) to work on /home/ubuntu/ec2_customer_chum_venv/lib/python3.10/site-packages/airflow/example_dags/plugins/workday.py
[2023-12-07T17:04:40.931+0000] {processor.py:829} INFO - Processing file /home/ubuntu/ec2_customer_chum_venv/lib/python3.10/site-packages/airflow/example_dags/plugins/workday.py for tasks to queue
[2023-12-07T17:04:40.932+0000] {logging_mixin.py:154} INFO - [2023-12-07T17:04:40.932+0000] {dagbag.py:536} INFO - Filling up the DagBag from /home/ubuntu/ec2_customer_chum_venv/lib/python3.10/site-packages/airflow/example_dags/plugins/workday.py
[2023-12-07T17:04:40.935+0000] {logging_mixin.py:154} INFO - [2023-12-07T17:04:40.935+0000] {workday.py:36} WARNING - Could not import pandas. Holidays will not be considered.
[2023-12-07T17:04:40.936+0000] {processor.py:841} WARNING - No viable dags retrieved from /home/ubuntu/ec2_customer_chum_venv/lib/python3.10/site-packages/airflow/example_dags/plugins/workday.py
[2023-12-07T17:04:40.947+0000] {processor.py:179} INFO - Processing /home/ubuntu/ec2_customer_chum_venv/lib/python3.10/site-packages/airflow/example_dags/plugins/workday.py took 0.020 seconds
[2023-12-07T17:05:24.721+0000] {processor.py:157} INFO - Started process (PID=5958) to work on /home/ubuntu/ec2_customer_chum_venv/lib/python3.10/site-packages/airflow/example_dags/plugins/workday.py
[2023-12-07T17:05:24.722+0000] {processor.py:829} INFO - Processing file /home/ubuntu/ec2_customer_chum_venv/lib/python3.10/site-packages/airflow/example_dags/plugins/workday.py for tasks to queue
[2023-12-07T17:05:24.723+0000] {logging_mixin.py:154} INFO - [2023-12-07T17:05:24.723+0000] {dagbag.py:536} INFO - Filling up the DagBag from /home/ubuntu/ec2_customer_chum_venv/lib/python3.10/site-packages/airflow/example_dags/plugins/workday.py
[2023-12-07T17:05:24.726+0000] {logging_mixin.py:154} INFO - [2023-12-07T17:05:24.726+0000] {workday.py:36} WARNING - Could not import pandas. Holidays will not be considered.
[2023-12-07T17:05:24.726+0000] {processor.py:841} WARNING - No viable dags retrieved from /home/ubuntu/ec2_customer_chum_venv/lib/python3.10/site-packages/airflow/example_dags/plugins/workday.py
[2023-12-07T17:05:24.737+0000] {processor.py:179} INFO - Processing /home/ubuntu/ec2_customer_chum_venv/lib/python3.10/site-packages/airflow/example_dags/plugins/workday.py took 0.020 seconds
[2023-12-07T17:06:07.680+0000] {processor.py:157} INFO - Started process (PID=6002) to work on /home/ubuntu/ec2_customer_chum_venv/lib/python3.10/site-packages/airflow/example_dags/plugins/workday.py
[2023-12-07T17:06:07.682+0000] {processor.py:829} INFO - Processing file /home/ubuntu/ec2_customer_chum_venv/lib/python3.10/site-packages/airflow/example_dags/plugins/workday.py for tasks to queue
[2023-12-07T17:06:07.682+0000] {logging_mixin.py:154} INFO - [2023-12-07T17:06:07.682+0000] {dagbag.py:536} INFO - Filling up the DagBag from /home/ubuntu/ec2_customer_chum_venv/lib/python3.10/site-packages/airflow/example_dags/plugins/workday.py
[2023-12-07T17:06:07.685+0000] {logging_mixin.py:154} INFO - [2023-12-07T17:06:07.685+0000] {workday.py:36} WARNING - Could not import pandas. Holidays will not be considered.
[2023-12-07T17:06:07.686+0000] {processor.py:841} WARNING - No viable dags retrieved from /home/ubuntu/ec2_customer_chum_venv/lib/python3.10/site-packages/airflow/example_dags/plugins/workday.py
[2023-12-07T17:06:07.696+0000] {processor.py:179} INFO - Processing /home/ubuntu/ec2_customer_chum_venv/lib/python3.10/site-packages/airflow/example_dags/plugins/workday.py took 0.019 seconds
[2023-12-07T17:06:51.423+0000] {processor.py:157} INFO - Started process (PID=6047) to work on /home/ubuntu/ec2_customer_chum_venv/lib/python3.10/site-packages/airflow/example_dags/plugins/workday.py
[2023-12-07T17:06:51.424+0000] {processor.py:829} INFO - Processing file /home/ubuntu/ec2_customer_chum_venv/lib/python3.10/site-packages/airflow/example_dags/plugins/workday.py for tasks to queue
[2023-12-07T17:06:51.425+0000] {logging_mixin.py:154} INFO - [2023-12-07T17:06:51.425+0000] {dagbag.py:536} INFO - Filling up the DagBag from /home/ubuntu/ec2_customer_chum_venv/lib/python3.10/site-packages/airflow/example_dags/plugins/workday.py
[2023-12-07T17:06:51.428+0000] {logging_mixin.py:154} INFO - [2023-12-07T17:06:51.428+0000] {workday.py:36} WARNING - Could not import pandas. Holidays will not be considered.
[2023-12-07T17:06:51.429+0000] {processor.py:841} WARNING - No viable dags retrieved from /home/ubuntu/ec2_customer_chum_venv/lib/python3.10/site-packages/airflow/example_dags/plugins/workday.py
[2023-12-07T17:06:51.439+0000] {processor.py:179} INFO - Processing /home/ubuntu/ec2_customer_chum_venv/lib/python3.10/site-packages/airflow/example_dags/plugins/workday.py took 0.020 seconds
[2023-12-07T17:07:26.775+0000] {processor.py:157} INFO - Started process (PID=6082) to work on /home/ubuntu/ec2_customer_chum_venv/lib/python3.10/site-packages/airflow/example_dags/plugins/workday.py
[2023-12-07T17:07:26.777+0000] {processor.py:829} INFO - Processing file /home/ubuntu/ec2_customer_chum_venv/lib/python3.10/site-packages/airflow/example_dags/plugins/workday.py for tasks to queue
[2023-12-07T17:07:26.778+0000] {logging_mixin.py:154} INFO - [2023-12-07T17:07:26.777+0000] {dagbag.py:536} INFO - Filling up the DagBag from /home/ubuntu/ec2_customer_chum_venv/lib/python3.10/site-packages/airflow/example_dags/plugins/workday.py
[2023-12-07T17:07:26.781+0000] {logging_mixin.py:154} INFO - [2023-12-07T17:07:26.781+0000] {workday.py:36} WARNING - Could not import pandas. Holidays will not be considered.
[2023-12-07T17:07:26.781+0000] {processor.py:841} WARNING - No viable dags retrieved from /home/ubuntu/ec2_customer_chum_venv/lib/python3.10/site-packages/airflow/example_dags/plugins/workday.py
[2023-12-07T17:07:26.792+0000] {processor.py:179} INFO - Processing /home/ubuntu/ec2_customer_chum_venv/lib/python3.10/site-packages/airflow/example_dags/plugins/workday.py took 0.021 seconds
[2023-12-07T17:08:11.571+0000] {processor.py:157} INFO - Started process (PID=6128) to work on /home/ubuntu/ec2_customer_chum_venv/lib/python3.10/site-packages/airflow/example_dags/plugins/workday.py
[2023-12-07T17:08:11.572+0000] {processor.py:829} INFO - Processing file /home/ubuntu/ec2_customer_chum_venv/lib/python3.10/site-packages/airflow/example_dags/plugins/workday.py for tasks to queue
[2023-12-07T17:08:11.573+0000] {logging_mixin.py:154} INFO - [2023-12-07T17:08:11.573+0000] {dagbag.py:536} INFO - Filling up the DagBag from /home/ubuntu/ec2_customer_chum_venv/lib/python3.10/site-packages/airflow/example_dags/plugins/workday.py
[2023-12-07T17:08:11.576+0000] {logging_mixin.py:154} INFO - [2023-12-07T17:08:11.576+0000] {workday.py:36} WARNING - Could not import pandas. Holidays will not be considered.
[2023-12-07T17:08:11.577+0000] {processor.py:841} WARNING - No viable dags retrieved from /home/ubuntu/ec2_customer_chum_venv/lib/python3.10/site-packages/airflow/example_dags/plugins/workday.py
[2023-12-07T17:08:11.587+0000] {processor.py:179} INFO - Processing /home/ubuntu/ec2_customer_chum_venv/lib/python3.10/site-packages/airflow/example_dags/plugins/workday.py took 0.020 seconds
[2023-12-07T17:08:58.124+0000] {processor.py:157} INFO - Started process (PID=6175) to work on /home/ubuntu/ec2_customer_chum_venv/lib/python3.10/site-packages/airflow/example_dags/plugins/workday.py
[2023-12-07T17:08:58.125+0000] {processor.py:829} INFO - Processing file /home/ubuntu/ec2_customer_chum_venv/lib/python3.10/site-packages/airflow/example_dags/plugins/workday.py for tasks to queue
[2023-12-07T17:08:58.126+0000] {logging_mixin.py:154} INFO - [2023-12-07T17:08:58.126+0000] {dagbag.py:536} INFO - Filling up the DagBag from /home/ubuntu/ec2_customer_chum_venv/lib/python3.10/site-packages/airflow/example_dags/plugins/workday.py
[2023-12-07T17:08:58.129+0000] {logging_mixin.py:154} INFO - [2023-12-07T17:08:58.129+0000] {workday.py:36} WARNING - Could not import pandas. Holidays will not be considered.
[2023-12-07T17:08:58.129+0000] {processor.py:841} WARNING - No viable dags retrieved from /home/ubuntu/ec2_customer_chum_venv/lib/python3.10/site-packages/airflow/example_dags/plugins/workday.py
[2023-12-07T17:08:58.140+0000] {processor.py:179} INFO - Processing /home/ubuntu/ec2_customer_chum_venv/lib/python3.10/site-packages/airflow/example_dags/plugins/workday.py took 0.020 seconds
[2023-12-07T17:09:40.738+0000] {processor.py:157} INFO - Started process (PID=6221) to work on /home/ubuntu/ec2_customer_chum_venv/lib/python3.10/site-packages/airflow/example_dags/plugins/workday.py
[2023-12-07T17:09:40.739+0000] {processor.py:829} INFO - Processing file /home/ubuntu/ec2_customer_chum_venv/lib/python3.10/site-packages/airflow/example_dags/plugins/workday.py for tasks to queue
[2023-12-07T17:09:40.740+0000] {logging_mixin.py:154} INFO - [2023-12-07T17:09:40.740+0000] {dagbag.py:536} INFO - Filling up the DagBag from /home/ubuntu/ec2_customer_chum_venv/lib/python3.10/site-packages/airflow/example_dags/plugins/workday.py
[2023-12-07T17:09:40.743+0000] {logging_mixin.py:154} INFO - [2023-12-07T17:09:40.743+0000] {workday.py:36} WARNING - Could not import pandas. Holidays will not be considered.
[2023-12-07T17:09:40.744+0000] {processor.py:841} WARNING - No viable dags retrieved from /home/ubuntu/ec2_customer_chum_venv/lib/python3.10/site-packages/airflow/example_dags/plugins/workday.py
[2023-12-07T17:09:40.755+0000] {processor.py:179} INFO - Processing /home/ubuntu/ec2_customer_chum_venv/lib/python3.10/site-packages/airflow/example_dags/plugins/workday.py took 0.020 seconds
[2023-12-07T17:10:25.702+0000] {processor.py:157} INFO - Started process (PID=6266) to work on /home/ubuntu/ec2_customer_chum_venv/lib/python3.10/site-packages/airflow/example_dags/plugins/workday.py
[2023-12-07T17:10:25.704+0000] {processor.py:829} INFO - Processing file /home/ubuntu/ec2_customer_chum_venv/lib/python3.10/site-packages/airflow/example_dags/plugins/workday.py for tasks to queue
[2023-12-07T17:10:25.704+0000] {logging_mixin.py:154} INFO - [2023-12-07T17:10:25.704+0000] {dagbag.py:536} INFO - Filling up the DagBag from /home/ubuntu/ec2_customer_chum_venv/lib/python3.10/site-packages/airflow/example_dags/plugins/workday.py
[2023-12-07T17:10:25.708+0000] {logging_mixin.py:154} INFO - [2023-12-07T17:10:25.707+0000] {workday.py:36} WARNING - Could not import pandas. Holidays will not be considered.
[2023-12-07T17:10:25.708+0000] {processor.py:841} WARNING - No viable dags retrieved from /home/ubuntu/ec2_customer_chum_venv/lib/python3.10/site-packages/airflow/example_dags/plugins/workday.py
[2023-12-07T17:10:25.719+0000] {processor.py:179} INFO - Processing /home/ubuntu/ec2_customer_chum_venv/lib/python3.10/site-packages/airflow/example_dags/plugins/workday.py took 0.020 seconds
[2023-12-07T17:11:09.857+0000] {processor.py:157} INFO - Started process (PID=6312) to work on /home/ubuntu/ec2_customer_chum_venv/lib/python3.10/site-packages/airflow/example_dags/plugins/workday.py
[2023-12-07T17:11:09.859+0000] {processor.py:829} INFO - Processing file /home/ubuntu/ec2_customer_chum_venv/lib/python3.10/site-packages/airflow/example_dags/plugins/workday.py for tasks to queue
[2023-12-07T17:11:09.860+0000] {logging_mixin.py:154} INFO - [2023-12-07T17:11:09.859+0000] {dagbag.py:536} INFO - Filling up the DagBag from /home/ubuntu/ec2_customer_chum_venv/lib/python3.10/site-packages/airflow/example_dags/plugins/workday.py
[2023-12-07T17:11:09.863+0000] {logging_mixin.py:154} INFO - [2023-12-07T17:11:09.863+0000] {workday.py:36} WARNING - Could not import pandas. Holidays will not be considered.
[2023-12-07T17:11:09.863+0000] {processor.py:841} WARNING - No viable dags retrieved from /home/ubuntu/ec2_customer_chum_venv/lib/python3.10/site-packages/airflow/example_dags/plugins/workday.py
[2023-12-07T17:11:09.875+0000] {processor.py:179} INFO - Processing /home/ubuntu/ec2_customer_chum_venv/lib/python3.10/site-packages/airflow/example_dags/plugins/workday.py took 0.021 seconds
[2023-12-07T17:11:56.108+0000] {processor.py:157} INFO - Started process (PID=6365) to work on /home/ubuntu/ec2_customer_chum_venv/lib/python3.10/site-packages/airflow/example_dags/plugins/workday.py
[2023-12-07T17:11:56.109+0000] {processor.py:829} INFO - Processing file /home/ubuntu/ec2_customer_chum_venv/lib/python3.10/site-packages/airflow/example_dags/plugins/workday.py for tasks to queue
[2023-12-07T17:11:56.110+0000] {logging_mixin.py:154} INFO - [2023-12-07T17:11:56.110+0000] {dagbag.py:536} INFO - Filling up the DagBag from /home/ubuntu/ec2_customer_chum_venv/lib/python3.10/site-packages/airflow/example_dags/plugins/workday.py
[2023-12-07T17:11:56.113+0000] {logging_mixin.py:154} INFO - [2023-12-07T17:11:56.113+0000] {workday.py:36} WARNING - Could not import pandas. Holidays will not be considered.
[2023-12-07T17:11:56.114+0000] {processor.py:841} WARNING - No viable dags retrieved from /home/ubuntu/ec2_customer_chum_venv/lib/python3.10/site-packages/airflow/example_dags/plugins/workday.py
[2023-12-07T17:11:56.125+0000] {processor.py:179} INFO - Processing /home/ubuntu/ec2_customer_chum_venv/lib/python3.10/site-packages/airflow/example_dags/plugins/workday.py took 0.021 seconds
[2023-12-07T17:12:42.637+0000] {processor.py:157} INFO - Started process (PID=6412) to work on /home/ubuntu/ec2_customer_chum_venv/lib/python3.10/site-packages/airflow/example_dags/plugins/workday.py
[2023-12-07T17:12:42.639+0000] {processor.py:829} INFO - Processing file /home/ubuntu/ec2_customer_chum_venv/lib/python3.10/site-packages/airflow/example_dags/plugins/workday.py for tasks to queue
[2023-12-07T17:12:42.639+0000] {logging_mixin.py:154} INFO - [2023-12-07T17:12:42.639+0000] {dagbag.py:536} INFO - Filling up the DagBag from /home/ubuntu/ec2_customer_chum_venv/lib/python3.10/site-packages/airflow/example_dags/plugins/workday.py
[2023-12-07T17:12:42.642+0000] {logging_mixin.py:154} INFO - [2023-12-07T17:12:42.642+0000] {workday.py:36} WARNING - Could not import pandas. Holidays will not be considered.
[2023-12-07T17:12:42.643+0000] {processor.py:841} WARNING - No viable dags retrieved from /home/ubuntu/ec2_customer_chum_venv/lib/python3.10/site-packages/airflow/example_dags/plugins/workday.py
[2023-12-07T17:12:42.654+0000] {processor.py:179} INFO - Processing /home/ubuntu/ec2_customer_chum_venv/lib/python3.10/site-packages/airflow/example_dags/plugins/workday.py took 0.020 seconds
[2023-12-07T17:13:29.000+0000] {processor.py:157} INFO - Started process (PID=6547) to work on /home/ubuntu/ec2_customer_chum_venv/lib/python3.10/site-packages/airflow/example_dags/plugins/workday.py
[2023-12-07T17:13:29.001+0000] {processor.py:829} INFO - Processing file /home/ubuntu/ec2_customer_chum_venv/lib/python3.10/site-packages/airflow/example_dags/plugins/workday.py for tasks to queue
[2023-12-07T17:13:29.002+0000] {logging_mixin.py:154} INFO - [2023-12-07T17:13:29.002+0000] {dagbag.py:536} INFO - Filling up the DagBag from /home/ubuntu/ec2_customer_chum_venv/lib/python3.10/site-packages/airflow/example_dags/plugins/workday.py
[2023-12-07T17:13:29.005+0000] {logging_mixin.py:154} INFO - [2023-12-07T17:13:29.005+0000] {workday.py:36} WARNING - Could not import pandas. Holidays will not be considered.
[2023-12-07T17:13:29.006+0000] {processor.py:841} WARNING - No viable dags retrieved from /home/ubuntu/ec2_customer_chum_venv/lib/python3.10/site-packages/airflow/example_dags/plugins/workday.py
[2023-12-07T17:13:29.017+0000] {processor.py:179} INFO - Processing /home/ubuntu/ec2_customer_chum_venv/lib/python3.10/site-packages/airflow/example_dags/plugins/workday.py took 0.020 seconds
[2023-12-07T17:14:10.203+0000] {processor.py:157} INFO - Started process (PID=6590) to work on /home/ubuntu/ec2_customer_chum_venv/lib/python3.10/site-packages/airflow/example_dags/plugins/workday.py
[2023-12-07T17:14:10.205+0000] {processor.py:829} INFO - Processing file /home/ubuntu/ec2_customer_chum_venv/lib/python3.10/site-packages/airflow/example_dags/plugins/workday.py for tasks to queue
[2023-12-07T17:14:10.206+0000] {logging_mixin.py:154} INFO - [2023-12-07T17:14:10.205+0000] {dagbag.py:536} INFO - Filling up the DagBag from /home/ubuntu/ec2_customer_chum_venv/lib/python3.10/site-packages/airflow/example_dags/plugins/workday.py
[2023-12-07T17:14:10.209+0000] {logging_mixin.py:154} INFO - [2023-12-07T17:14:10.209+0000] {workday.py:36} WARNING - Could not import pandas. Holidays will not be considered.
[2023-12-07T17:14:10.209+0000] {processor.py:841} WARNING - No viable dags retrieved from /home/ubuntu/ec2_customer_chum_venv/lib/python3.10/site-packages/airflow/example_dags/plugins/workday.py
[2023-12-07T17:14:10.221+0000] {processor.py:179} INFO - Processing /home/ubuntu/ec2_customer_chum_venv/lib/python3.10/site-packages/airflow/example_dags/plugins/workday.py took 0.021 seconds
[2023-12-07T17:14:53.796+0000] {processor.py:157} INFO - Started process (PID=6701) to work on /home/ubuntu/ec2_customer_chum_venv/lib/python3.10/site-packages/airflow/example_dags/plugins/workday.py
[2023-12-07T17:14:53.797+0000] {processor.py:829} INFO - Processing file /home/ubuntu/ec2_customer_chum_venv/lib/python3.10/site-packages/airflow/example_dags/plugins/workday.py for tasks to queue
[2023-12-07T17:14:53.798+0000] {logging_mixin.py:154} INFO - [2023-12-07T17:14:53.797+0000] {dagbag.py:536} INFO - Filling up the DagBag from /home/ubuntu/ec2_customer_chum_venv/lib/python3.10/site-packages/airflow/example_dags/plugins/workday.py
[2023-12-07T17:14:53.801+0000] {logging_mixin.py:154} INFO - [2023-12-07T17:14:53.801+0000] {workday.py:36} WARNING - Could not import pandas. Holidays will not be considered.
[2023-12-07T17:14:53.801+0000] {processor.py:841} WARNING - No viable dags retrieved from /home/ubuntu/ec2_customer_chum_venv/lib/python3.10/site-packages/airflow/example_dags/plugins/workday.py
[2023-12-07T17:14:53.812+0000] {processor.py:179} INFO - Processing /home/ubuntu/ec2_customer_chum_venv/lib/python3.10/site-packages/airflow/example_dags/plugins/workday.py took 0.019 seconds
[2023-12-07T17:15:35.841+0000] {processor.py:157} INFO - Started process (PID=6746) to work on /home/ubuntu/ec2_customer_chum_venv/lib/python3.10/site-packages/airflow/example_dags/plugins/workday.py
[2023-12-07T17:15:35.843+0000] {processor.py:829} INFO - Processing file /home/ubuntu/ec2_customer_chum_venv/lib/python3.10/site-packages/airflow/example_dags/plugins/workday.py for tasks to queue
[2023-12-07T17:15:35.843+0000] {logging_mixin.py:154} INFO - [2023-12-07T17:15:35.843+0000] {dagbag.py:536} INFO - Filling up the DagBag from /home/ubuntu/ec2_customer_chum_venv/lib/python3.10/site-packages/airflow/example_dags/plugins/workday.py
[2023-12-07T17:15:35.847+0000] {logging_mixin.py:154} INFO - [2023-12-07T17:15:35.846+0000] {workday.py:36} WARNING - Could not import pandas. Holidays will not be considered.
[2023-12-07T17:15:35.847+0000] {processor.py:841} WARNING - No viable dags retrieved from /home/ubuntu/ec2_customer_chum_venv/lib/python3.10/site-packages/airflow/example_dags/plugins/workday.py
[2023-12-07T17:15:35.858+0000] {processor.py:179} INFO - Processing /home/ubuntu/ec2_customer_chum_venv/lib/python3.10/site-packages/airflow/example_dags/plugins/workday.py took 0.020 seconds
